====================================================================================================
Training started at: 2026-03-15 01:59:28
Result directory: results/fl_svhn/feddenoise/pm-dir_a-0.5_nm-uni_nr-0.3
Result txt file : results/fl_svhn/feddenoise/pm-dir_a-0.5_nm-uni_nr-0.3/feddenoise_fl_svhn_20260315-015928.txt
Result log file : results/fl_svhn/feddenoise/pm-dir_a-0.5_nm-uni_nr-0.3/feddenoise_fl_svhn_20260315-015928.log
----------------------------------------------------------------------------------------------------
Model: feddenoise
Dataset: fl_svhn
Structure: homogeneity
Participants: 100
Online ratio: 0.1
Communication epochs: 100
Local epoch: 10
Local batch size: 64
Local lr: 0.01
Partition mode: dirichlet
Dirichlet alpha: 0.5
Noise mode: uniform
Noise rate: 0.3
Noise type: symmetric
Noise max: 0.3
Denoise score alpha: 0.5
Drop rate: 0.15
Denoise strategy: random
FedProx mu: 0.01
FedRDN std: 0.01
FedCDA history size: NA
FedGLoSS beta: 0.01
Averaging: weight
Seed: 0
====================================================================================================
[Round 001/100] Acc=19.590 | Pure=70.072 | RoundTime=52.68s | TotalTime=52.68s | Method=feddenoise
[Round 002/100] Acc=53.480 | Pure=70.082 | RoundTime=50.68s | TotalTime=103.36s | Method=feddenoise
[Round 003/100] Acc=70.010 | Pure=70.173 | RoundTime=52.62s | TotalTime=155.98s | Method=feddenoise
[Round 004/100] Acc=78.530 | Pure=70.132 | RoundTime=51.08s | TotalTime=207.06s | Method=feddenoise
[Round 005/100] Acc=79.170 | Pure=70.110 | RoundTime=50.72s | TotalTime=257.78s | Method=feddenoise
[Round 006/100] Acc=81.590 | Pure=70.063 | RoundTime=51.49s | TotalTime=309.27s | Method=feddenoise
[Round 007/100] Acc=77.830 | Pure=70.107 | RoundTime=52.20s | TotalTime=361.46s | Method=feddenoise
[Round 008/100] Acc=72.010 | Pure=70.161 | RoundTime=50.05s | TotalTime=411.51s | Method=feddenoise
[Round 009/100] Acc=78.530 | Pure=70.093 | RoundTime=50.03s | TotalTime=461.54s | Method=feddenoise
[Round 010/100] Acc=72.770 | Pure=70.141 | RoundTime=54.95s | TotalTime=516.49s | Method=feddenoise
[Round 011/100] Acc=77.890 | Pure=79.752 | RoundTime=74.36s | TotalTime=590.85s | Method=feddenoise
[Round 012/100] Acc=80.320 | Pure=79.139 | RoundTime=74.41s | TotalTime=665.26s | Method=feddenoise
[Round 013/100] Acc=80.270 | Pure=79.014 | RoundTime=73.28s | TotalTime=738.54s | Method=feddenoise
[Round 014/100] Acc=79.690 | Pure=79.050 | RoundTime=73.47s | TotalTime=812.00s | Method=feddenoise
[Round 015/100] Acc=76.290 | Pure=78.639 | RoundTime=76.37s | TotalTime=888.37s | Method=feddenoise
[Round 016/100] Acc=81.100 | Pure=79.554 | RoundTime=74.93s | TotalTime=963.30s | Method=feddenoise
[Round 017/100] Acc=78.980 | Pure=78.966 | RoundTime=75.35s | TotalTime=1038.65s | Method=feddenoise
[Round 018/100] Acc=81.140 | Pure=78.600 | RoundTime=75.28s | TotalTime=1113.93s | Method=feddenoise
[Round 019/100] Acc=80.210 | Pure=79.028 | RoundTime=76.26s | TotalTime=1190.18s | Method=feddenoise
[Round 020/100] Acc=79.830 | Pure=79.538 | RoundTime=74.65s | TotalTime=1264.84s | Method=feddenoise
[Round 021/100] Acc=79.440 | Pure=79.407 | RoundTime=76.22s | TotalTime=1341.06s | Method=feddenoise
[Round 022/100] Acc=80.420 | Pure=78.667 | RoundTime=75.23s | TotalTime=1416.29s | Method=feddenoise
[Round 023/100] Acc=79.240 | Pure=79.048 | RoundTime=75.12s | TotalTime=1491.40s | Method=feddenoise
[Round 024/100] Acc=79.240 | Pure=79.764 | RoundTime=75.30s | TotalTime=1566.71s | Method=feddenoise
[Round 025/100] Acc=80.520 | Pure=79.575 | RoundTime=75.18s | TotalTime=1641.89s | Method=feddenoise
[Round 026/100] Acc=81.400 | Pure=79.138 | RoundTime=75.72s | TotalTime=1717.60s | Method=feddenoise
[Round 027/100] Acc=78.710 | Pure=80.125 | RoundTime=74.39s | TotalTime=1791.99s | Method=feddenoise
[Round 028/100] Acc=82.460 | Pure=79.517 | RoundTime=76.23s | TotalTime=1868.22s | Method=feddenoise
[Round 029/100] Acc=81.130 | Pure=79.267 | RoundTime=74.50s | TotalTime=1942.72s | Method=feddenoise
[Round 030/100] Acc=80.820 | Pure=79.984 | RoundTime=74.59s | TotalTime=2017.31s | Method=feddenoise
[Round 031/100] Acc=79.360 | Pure=80.554 | RoundTime=75.75s | TotalTime=2093.06s | Method=feddenoise
[Round 032/100] Acc=82.790 | Pure=80.171 | RoundTime=77.15s | TotalTime=2170.22s | Method=feddenoise
[Round 033/100] Acc=80.170 | Pure=79.923 | RoundTime=74.44s | TotalTime=2244.66s | Method=feddenoise
[Round 034/100] Acc=83.270 | Pure=80.112 | RoundTime=76.54s | TotalTime=2321.20s | Method=feddenoise
[Round 035/100] Acc=80.950 | Pure=79.869 | RoundTime=74.37s | TotalTime=2395.57s | Method=feddenoise
[Round 036/100] Acc=82.620 | Pure=80.251 | RoundTime=75.84s | TotalTime=2471.41s | Method=feddenoise
[Round 037/100] Acc=75.960 | Pure=80.763 | RoundTime=77.68s | TotalTime=2549.08s | Method=feddenoise
[Round 038/100] Acc=80.520 | Pure=79.870 | RoundTime=74.89s | TotalTime=2623.97s | Method=feddenoise
[Round 039/100] Acc=81.980 | Pure=80.390 | RoundTime=75.01s | TotalTime=2698.98s | Method=feddenoise
[Round 040/100] Acc=80.530 | Pure=80.249 | RoundTime=77.19s | TotalTime=2776.17s | Method=feddenoise
[Round 041/100] Acc=78.230 | Pure=80.646 | RoundTime=76.20s | TotalTime=2852.37s | Method=feddenoise
[Round 042/100] Acc=80.700 | Pure=80.553 | RoundTime=77.22s | TotalTime=2929.59s | Method=feddenoise
[Round 043/100] Acc=81.480 | Pure=80.769 | RoundTime=75.84s | TotalTime=3005.43s | Method=feddenoise
[Round 044/100] Acc=81.030 | Pure=80.512 | RoundTime=74.27s | TotalTime=3079.70s | Method=feddenoise
[Round 045/100] Acc=79.170 | Pure=80.799 | RoundTime=75.04s | TotalTime=3154.74s | Method=feddenoise
[Round 046/100] Acc=81.150 | Pure=80.604 | RoundTime=74.35s | TotalTime=3229.09s | Method=feddenoise
[Round 047/100] Acc=77.450 | Pure=80.804 | RoundTime=76.43s | TotalTime=3305.52s | Method=feddenoise
[Round 048/100] Acc=81.530 | Pure=80.575 | RoundTime=76.00s | TotalTime=3381.52s | Method=feddenoise
[Round 049/100] Acc=82.440 | Pure=80.581 | RoundTime=74.60s | TotalTime=3456.13s | Method=feddenoise
[Round 050/100] Acc=79.520 | Pure=80.821 | RoundTime=76.27s | TotalTime=3532.40s | Method=feddenoise
[Round 051/100] Acc=81.360 | Pure=79.495 | RoundTime=74.02s | TotalTime=3606.42s | Method=feddenoise
[Round 052/100] Acc=81.160 | Pure=80.457 | RoundTime=75.53s | TotalTime=3681.95s | Method=feddenoise
[Round 053/100] Acc=81.920 | Pure=80.302 | RoundTime=74.65s | TotalTime=3756.60s | Method=feddenoise
[Round 054/100] Acc=82.620 | Pure=79.129 | RoundTime=74.87s | TotalTime=3831.46s | Method=feddenoise
[Round 055/100] Acc=81.650 | Pure=79.792 | RoundTime=75.76s | TotalTime=3907.22s | Method=feddenoise
[Round 056/100] Acc=82.700 | Pure=80.083 | RoundTime=76.04s | TotalTime=3983.26s | Method=feddenoise
[Round 057/100] Acc=81.430 | Pure=79.995 | RoundTime=75.51s | TotalTime=4058.77s | Method=feddenoise
[Round 058/100] Acc=80.940 | Pure=79.612 | RoundTime=73.46s | TotalTime=4132.23s | Method=feddenoise
[Round 059/100] Acc=78.700 | Pure=80.530 | RoundTime=77.01s | TotalTime=4209.25s | Method=feddenoise
[Round 060/100] Acc=81.440 | Pure=79.732 | RoundTime=75.44s | TotalTime=4284.69s | Method=feddenoise
[Round 061/100] Acc=80.650 | Pure=80.024 | RoundTime=76.17s | TotalTime=4360.86s | Method=feddenoise
[Round 062/100] Acc=81.380 | Pure=79.939 | RoundTime=76.63s | TotalTime=4437.48s | Method=feddenoise
[Round 063/100] Acc=79.210 | Pure=80.302 | RoundTime=75.54s | TotalTime=4513.03s | Method=feddenoise
[Round 064/100] Acc=82.800 | Pure=80.136 | RoundTime=75.16s | TotalTime=4588.19s | Method=feddenoise
[Round 065/100] Acc=81.780 | Pure=80.609 | RoundTime=74.87s | TotalTime=4663.06s | Method=feddenoise
[Round 066/100] Acc=78.670 | Pure=79.970 | RoundTime=74.23s | TotalTime=4737.29s | Method=feddenoise
[Round 067/100] Acc=80.160 | Pure=80.330 | RoundTime=74.93s | TotalTime=4812.22s | Method=feddenoise
[Round 068/100] Acc=80.690 | Pure=80.668 | RoundTime=74.48s | TotalTime=4886.70s | Method=feddenoise
[Round 069/100] Acc=81.430 | Pure=80.237 | RoundTime=77.05s | TotalTime=4963.75s | Method=feddenoise
[Round 070/100] Acc=81.080 | Pure=80.519 | RoundTime=75.68s | TotalTime=5039.42s | Method=feddenoise
[Round 071/100] Acc=79.540 | Pure=79.837 | RoundTime=74.84s | TotalTime=5114.27s | Method=feddenoise
[Round 072/100] Acc=81.330 | Pure=80.284 | RoundTime=75.65s | TotalTime=5189.92s | Method=feddenoise
[Round 073/100] Acc=81.160 | Pure=79.734 | RoundTime=76.45s | TotalTime=5266.37s | Method=feddenoise
[Round 074/100] Acc=79.920 | Pure=79.893 | RoundTime=74.08s | TotalTime=5340.44s | Method=feddenoise
[Round 075/100] Acc=78.800 | Pure=79.689 | RoundTime=75.66s | TotalTime=5416.10s | Method=feddenoise
[Round 076/100] Acc=81.970 | Pure=79.928 | RoundTime=74.91s | TotalTime=5491.01s | Method=feddenoise
[Round 077/100] Acc=81.480 | Pure=79.742 | RoundTime=73.87s | TotalTime=5564.89s | Method=feddenoise
[Round 078/100] Acc=81.600 | Pure=80.142 | RoundTime=73.00s | TotalTime=5637.89s | Method=feddenoise
[Round 079/100] Acc=81.420 | Pure=80.108 | RoundTime=76.32s | TotalTime=5714.21s | Method=feddenoise
[Round 080/100] Acc=82.730 | Pure=80.116 | RoundTime=75.41s | TotalTime=5789.62s | Method=feddenoise
[Round 081/100] Acc=81.780 | Pure=80.272 | RoundTime=75.10s | TotalTime=5864.72s | Method=feddenoise
[Round 082/100] Acc=80.170 | Pure=80.352 | RoundTime=75.78s | TotalTime=5940.50s | Method=feddenoise
[Round 083/100] Acc=81.950 | Pure=80.205 | RoundTime=76.07s | TotalTime=6016.57s | Method=feddenoise
[Round 084/100] Acc=80.840 | Pure=80.326 | RoundTime=76.13s | TotalTime=6092.70s | Method=feddenoise
[Round 085/100] Acc=77.830 | Pure=80.430 | RoundTime=74.03s | TotalTime=6166.73s | Method=feddenoise
[Round 086/100] Acc=81.480 | Pure=80.221 | RoundTime=76.17s | TotalTime=6242.90s | Method=feddenoise
[Round 087/100] Acc=81.350 | Pure=79.954 | RoundTime=73.81s | TotalTime=6316.71s | Method=feddenoise
[Round 088/100] Acc=80.070 | Pure=80.289 | RoundTime=66.97s | TotalTime=6383.68s | Method=feddenoise
[Round 089/100] Acc=81.720 | Pure=80.187 | RoundTime=52.68s | TotalTime=6436.36s | Method=feddenoise
[Round 090/100] Acc=78.940 | Pure=80.480 | RoundTime=56.00s | TotalTime=6492.36s | Method=feddenoise
[Round 091/100] Acc=79.190 | Pure=79.000 | RoundTime=52.20s | TotalTime=6544.56s | Method=feddenoise
[Round 092/100] Acc=80.590 | Pure=79.073 | RoundTime=55.26s | TotalTime=6599.83s | Method=feddenoise
[Round 093/100] Acc=79.630 | Pure=79.352 | RoundTime=52.75s | TotalTime=6652.58s | Method=feddenoise
[Round 094/100] Acc=81.330 | Pure=78.309 | RoundTime=53.45s | TotalTime=6706.03s | Method=feddenoise
[Round 095/100] Acc=79.670 | Pure=79.627 | RoundTime=52.41s | TotalTime=6758.44s | Method=feddenoise
[Round 096/100] Acc=81.310 | Pure=79.177 | RoundTime=50.84s | TotalTime=6809.28s | Method=feddenoise
[Round 097/100] Acc=81.580 | Pure=78.645 | RoundTime=54.57s | TotalTime=6863.85s | Method=feddenoise
[Round 098/100] Acc=80.100 | Pure=79.433 | RoundTime=52.23s | TotalTime=6916.07s | Method=feddenoise
[Round 099/100] Acc=82.160 | Pure=78.425 | RoundTime=53.09s | TotalTime=6969.16s | Method=feddenoise
[Round 100/100] Acc=80.310 | Pure=79.451 | RoundTime=55.61s | TotalTime=7024.77s | Method=feddenoise
====================================================================================================
Training finished at: 2026-03-15 03:56:33
Total elapsed time: 7024.77s
Final Acc: 80.310
Best Acc : 83.270
Final Pure: 79.451
Best Pure : 80.821
====================================================================================================
