====================================================================================================
Training started at: 2026-03-30 23:36:12
Result directory: results/fl_cifar10/fedcda/pm-dir_a-0.3_nm-uni_nr-0.4_nt-symmetric_st-least_sim_dr-0.15
Result txt file : results/fl_cifar10/fedcda/pm-dir_a-0.3_nm-uni_nr-0.4_nt-symmetric_st-least_sim_dr-0.15/fedcda_fl_cifar10_20260330-233612-699091_pid4035361.txt
Result log file : results/fl_cifar10/fedcda/pm-dir_a-0.3_nm-uni_nr-0.4_nt-symmetric_st-least_sim_dr-0.15/fedcda_fl_cifar10_20260330-233612-699091_pid4035361.log
----------------------------------------------------------------------------------------------------
Model: fedcda
Dataset: fl_cifar10
Structure: homogeneity
Participants: 100
Online ratio: 0.1
Communication epochs: 100
Local epoch: 10
Local batch size: 60
Local lr: 0.01
Partition mode: dirichlet
Dirichlet alpha: 0.3
Noise mode: uniform
Noise rate: 0.4
Noise type: symmetric
Noise max: 0.3
Denoise score alpha: 0.5
Drop rate: 0.15
Denoise strategy: least_sim
FedProx mu: 0.01
FedRDN std: 0.01
FedCDA history size: NA
FedGLoSS beta: 0.01
Averaging: weight
Seed: 0
====================================================================================================
[Round 001/100] Acc=10.000 | RoundTime=25.32s | TotalTime=25.32s | Method=fedcda
[Round 002/100] Acc=18.110 | RoundTime=25.77s | TotalTime=51.10s | Method=fedcda
[Round 003/100] Acc=11.480 | RoundTime=24.45s | TotalTime=75.55s | Method=fedcda
[Round 004/100] Acc=20.390 | RoundTime=25.50s | TotalTime=101.04s | Method=fedcda
[Round 005/100] Acc=14.570 | RoundTime=25.32s | TotalTime=126.36s | Method=fedcda
[Round 006/100] Acc=23.270 | RoundTime=25.88s | TotalTime=152.25s | Method=fedcda
[Round 007/100] Acc=25.630 | RoundTime=25.34s | TotalTime=177.58s | Method=fedcda
[Round 008/100] Acc=28.410 | RoundTime=25.25s | TotalTime=202.83s | Method=fedcda
[Round 009/100] Acc=18.700 | RoundTime=26.34s | TotalTime=229.17s | Method=fedcda
[Round 010/100] Acc=25.580 | RoundTime=25.88s | TotalTime=255.05s | Method=fedcda
[Round 011/100] Acc=12.240 | RoundTime=27.73s | TotalTime=282.78s | Method=fedcda
