====================================================================================================
Training started at: 2026-03-30 16:13:00
Result directory: results/fl_cifar10/fedcda/pm-dir_a-0.3_nm-uni_nr-0.1_nt-symmetric_st-least_sim_dr-0.25
Result txt file : results/fl_cifar10/fedcda/pm-dir_a-0.3_nm-uni_nr-0.1_nt-symmetric_st-least_sim_dr-0.25/fedcda_fl_cifar10_20260330-161300-528905_pid488330.txt
Result log file : results/fl_cifar10/fedcda/pm-dir_a-0.3_nm-uni_nr-0.1_nt-symmetric_st-least_sim_dr-0.25/fedcda_fl_cifar10_20260330-161300-528905_pid488330.log
----------------------------------------------------------------------------------------------------
Model: fedcda
Dataset: fl_cifar10
Structure: homogeneity
Participants: 100
Online ratio: 0.1
Communication epochs: 100
Local epoch: 10
Local batch size: 64
Local lr: 0.01
Partition mode: dirichlet
Dirichlet alpha: 0.3
Noise mode: uniform
Noise rate: 0.1
Noise type: symmetric
Noise max: 0.3
Denoise score alpha: 0.5
Drop rate: 0.25
Denoise strategy: least_sim
FedProx mu: 0.01
FedRDN std: 0.01
FedCDA history size: NA
FedGLoSS beta: 0.01
Averaging: weight
Seed: 0
====================================================================================================
[Round 001/100] Acc=10.000 | RoundTime=24.99s | TotalTime=24.99s | Method=fedcda
[Round 002/100] Acc=13.680 | RoundTime=25.03s | TotalTime=50.02s | Method=fedcda
[Round 003/100] Acc=28.990 | RoundTime=24.50s | TotalTime=74.52s | Method=fedcda
[Round 004/100] Acc=30.980 | RoundTime=24.73s | TotalTime=99.25s | Method=fedcda
[Round 005/100] Acc=28.780 | RoundTime=25.35s | TotalTime=124.61s | Method=fedcda
[Round 006/100] Acc=28.690 | RoundTime=25.07s | TotalTime=149.68s | Method=fedcda
[Round 007/100] Acc=33.890 | RoundTime=25.33s | TotalTime=175.01s | Method=fedcda
[Round 008/100] Acc=33.370 | RoundTime=25.06s | TotalTime=200.07s | Method=fedcda
[Round 009/100] Acc=30.600 | RoundTime=24.11s | TotalTime=224.18s | Method=fedcda
[Round 010/100] Acc=43.300 | RoundTime=24.97s | TotalTime=249.15s | Method=fedcda
[Round 011/100] Acc=38.720 | RoundTime=27.39s | TotalTime=276.53s | Method=fedcda
[Round 012/100] Acc=51.570 | RoundTime=24.54s | TotalTime=301.07s | Method=fedcda
