====================================================================================================
Training started at: 2026-03-30 15:38:50
Result directory: results/fl_cifar10/fedcda/pm-dir_a-0.3_nm-uni_nr-0.1_nt-symmetric_st-least_sim_dr-0.45
Result txt file : results/fl_cifar10/fedcda/pm-dir_a-0.3_nm-uni_nr-0.1_nt-symmetric_st-least_sim_dr-0.45/fedcda_fl_cifar10_20260330-153850-251363_pid205625.txt
Result log file : results/fl_cifar10/fedcda/pm-dir_a-0.3_nm-uni_nr-0.1_nt-symmetric_st-least_sim_dr-0.45/fedcda_fl_cifar10_20260330-153850-251363_pid205625.log
----------------------------------------------------------------------------------------------------
Model: fedcda
Dataset: fl_cifar10
Structure: homogeneity
Participants: 100
Online ratio: 0.1
Communication epochs: 100
Local epoch: 10
Local batch size: 48
Local lr: 0.01
Partition mode: dirichlet
Dirichlet alpha: 0.3
Noise mode: uniform
Noise rate: 0.1
Noise type: symmetric
Noise max: 0.3
Denoise score alpha: 0.5
Drop rate: 0.45
Denoise strategy: least_sim
FedProx mu: 0.01
FedRDN std: 0.01
FedCDA history size: NA
FedGLoSS beta: 0.01
Averaging: weight
Seed: 0
====================================================================================================
[Round 001/100] Acc=13.490 | RoundTime=24.62s | TotalTime=24.62s | Method=fedcda
[Round 002/100] Acc=17.540 | RoundTime=24.28s | TotalTime=48.90s | Method=fedcda
[Round 003/100] Acc=26.390 | RoundTime=24.74s | TotalTime=73.64s | Method=fedcda
[Round 004/100] Acc=26.630 | RoundTime=23.85s | TotalTime=97.49s | Method=fedcda
[Round 005/100] Acc=41.950 | RoundTime=24.76s | TotalTime=122.25s | Method=fedcda
[Round 006/100] Acc=34.130 | RoundTime=24.46s | TotalTime=146.72s | Method=fedcda
[Round 007/100] Acc=36.250 | RoundTime=24.04s | TotalTime=170.75s | Method=fedcda
[Round 008/100] Acc=44.130 | RoundTime=25.39s | TotalTime=196.14s | Method=fedcda
[Round 009/100] Acc=38.080 | RoundTime=25.30s | TotalTime=221.44s | Method=fedcda
[Round 010/100] Acc=37.460 | RoundTime=24.95s | TotalTime=246.39s | Method=fedcda
[Round 011/100] Acc=39.210 | RoundTime=27.18s | TotalTime=273.57s | Method=fedcda
[Round 012/100] Acc=37.300 | RoundTime=25.16s | TotalTime=298.73s | Method=fedcda
[Round 013/100] Acc=29.240 | RoundTime=24.57s | TotalTime=323.29s | Method=fedcda
[Round 014/100] Acc=49.810 | RoundTime=22.11s | TotalTime=345.40s | Method=fedcda
[Round 015/100] Acc=45.550 | RoundTime=21.11s | TotalTime=366.51s | Method=fedcda
[Round 016/100] Acc=49.780 | RoundTime=20.97s | TotalTime=387.48s | Method=fedcda
[Round 017/100] Acc=49.460 | RoundTime=20.79s | TotalTime=408.27s | Method=fedcda
[Round 018/100] Acc=56.020 | RoundTime=20.72s | TotalTime=428.99s | Method=fedcda
[Round 019/100] Acc=29.860 | RoundTime=20.79s | TotalTime=449.79s | Method=fedcda
[Round 020/100] Acc=48.840 | RoundTime=21.01s | TotalTime=470.79s | Method=fedcda
[Round 021/100] Acc=47.350 | RoundTime=20.99s | TotalTime=491.79s | Method=fedcda
[Round 022/100] Acc=41.950 | RoundTime=20.68s | TotalTime=512.46s | Method=fedcda
[Round 023/100] Acc=56.560 | RoundTime=20.84s | TotalTime=533.30s | Method=fedcda
[Round 024/100] Acc=48.480 | RoundTime=23.32s | TotalTime=556.62s | Method=fedcda
[Round 025/100] Acc=48.790 | RoundTime=20.73s | TotalTime=577.35s | Method=fedcda
[Round 026/100] Acc=34.630 | RoundTime=21.10s | TotalTime=598.45s | Method=fedcda
[Round 027/100] Acc=48.430 | RoundTime=20.95s | TotalTime=619.40s | Method=fedcda
[Round 028/100] Acc=29.590 | RoundTime=20.60s | TotalTime=639.99s | Method=fedcda
[Round 029/100] Acc=50.360 | RoundTime=20.82s | TotalTime=660.81s | Method=fedcda
[Round 030/100] Acc=53.470 | RoundTime=21.22s | TotalTime=682.03s | Method=fedcda
[Round 031/100] Acc=52.360 | RoundTime=20.85s | TotalTime=702.89s | Method=fedcda
[Round 032/100] Acc=43.060 | RoundTime=21.10s | TotalTime=723.99s | Method=fedcda
[Round 033/100] Acc=53.090 | RoundTime=21.09s | TotalTime=745.07s | Method=fedcda
[Round 034/100] Acc=41.470 | RoundTime=20.75s | TotalTime=765.82s | Method=fedcda
[Round 035/100] Acc=54.220 | RoundTime=21.05s | TotalTime=786.88s | Method=fedcda
[Round 036/100] Acc=56.870 | RoundTime=20.96s | TotalTime=807.84s | Method=fedcda
[Round 037/100] Acc=61.410 | RoundTime=21.17s | TotalTime=829.01s | Method=fedcda
[Round 038/100] Acc=49.320 | RoundTime=22.47s | TotalTime=851.48s | Method=fedcda
[Round 039/100] Acc=50.310 | RoundTime=21.05s | TotalTime=872.54s | Method=fedcda
[Round 040/100] Acc=37.730 | RoundTime=21.31s | TotalTime=893.85s | Method=fedcda
[Round 041/100] Acc=59.200 | RoundTime=21.17s | TotalTime=915.02s | Method=fedcda
[Round 042/100] Acc=52.100 | RoundTime=20.96s | TotalTime=935.98s | Method=fedcda
[Round 043/100] Acc=40.190 | RoundTime=21.25s | TotalTime=957.24s | Method=fedcda
[Round 044/100] Acc=46.320 | RoundTime=20.91s | TotalTime=978.14s | Method=fedcda
[Round 045/100] Acc=44.040 | RoundTime=20.77s | TotalTime=998.91s | Method=fedcda
[Round 046/100] Acc=58.820 | RoundTime=20.80s | TotalTime=1019.71s | Method=fedcda
[Round 047/100] Acc=42.390 | RoundTime=20.78s | TotalTime=1040.49s | Method=fedcda
[Round 048/100] Acc=60.360 | RoundTime=21.25s | TotalTime=1061.74s | Method=fedcda
[Round 049/100] Acc=55.640 | RoundTime=20.99s | TotalTime=1082.73s | Method=fedcda
[Round 050/100] Acc=62.510 | RoundTime=21.41s | TotalTime=1104.14s | Method=fedcda
[Round 051/100] Acc=63.400 | RoundTime=32.31s | TotalTime=1136.45s | Method=fedcda
[Round 052/100] Acc=63.810 | RoundTime=31.61s | TotalTime=1168.06s | Method=fedcda
[Round 053/100] Acc=64.200 | RoundTime=31.54s | TotalTime=1199.60s | Method=fedcda
[Round 054/100] Acc=64.400 | RoundTime=32.09s | TotalTime=1231.69s | Method=fedcda
[Round 055/100] Acc=65.040 | RoundTime=32.03s | TotalTime=1263.72s | Method=fedcda
[Round 056/100] Acc=64.670 | RoundTime=32.96s | TotalTime=1296.68s | Method=fedcda
[Round 057/100] Acc=64.990 | RoundTime=32.17s | TotalTime=1328.85s | Method=fedcda
[Round 058/100] Acc=62.280 | RoundTime=33.02s | TotalTime=1361.87s | Method=fedcda
[Round 059/100] Acc=61.840 | RoundTime=32.49s | TotalTime=1394.36s | Method=fedcda
[Round 060/100] Acc=61.940 | RoundTime=32.20s | TotalTime=1426.56s | Method=fedcda
[Round 061/100] Acc=61.790 | RoundTime=32.47s | TotalTime=1459.03s | Method=fedcda
[Round 062/100] Acc=61.680 | RoundTime=32.70s | TotalTime=1491.73s | Method=fedcda
[Round 063/100] Acc=61.430 | RoundTime=33.14s | TotalTime=1524.87s | Method=fedcda
[Round 064/100] Acc=62.320 | RoundTime=38.58s | TotalTime=1563.45s | Method=fedcda
[Round 065/100] Acc=62.190 | RoundTime=33.49s | TotalTime=1596.94s | Method=fedcda
[Round 066/100] Acc=62.540 | RoundTime=34.09s | TotalTime=1631.03s | Method=fedcda
[Round 067/100] Acc=62.640 | RoundTime=34.37s | TotalTime=1665.40s | Method=fedcda
[Round 068/100] Acc=62.240 | RoundTime=33.69s | TotalTime=1699.09s | Method=fedcda
[Round 069/100] Acc=62.250 | RoundTime=33.72s | TotalTime=1732.81s | Method=fedcda
[Round 070/100] Acc=62.090 | RoundTime=33.91s | TotalTime=1766.72s | Method=fedcda
[Round 071/100] Acc=62.120 | RoundTime=34.00s | TotalTime=1800.72s | Method=fedcda
[Round 072/100] Acc=62.110 | RoundTime=33.67s | TotalTime=1834.39s | Method=fedcda
[Round 073/100] Acc=61.930 | RoundTime=33.96s | TotalTime=1868.35s | Method=fedcda
[Round 074/100] Acc=61.660 | RoundTime=32.82s | TotalTime=1901.17s | Method=fedcda
[Round 075/100] Acc=61.950 | RoundTime=32.14s | TotalTime=1933.30s | Method=fedcda
[Round 076/100] Acc=62.050 | RoundTime=31.70s | TotalTime=1965.01s | Method=fedcda
[Round 077/100] Acc=62.140 | RoundTime=32.73s | TotalTime=1997.74s | Method=fedcda
[Round 078/100] Acc=62.290 | RoundTime=32.76s | TotalTime=2030.50s | Method=fedcda
[Round 079/100] Acc=62.280 | RoundTime=32.76s | TotalTime=2063.25s | Method=fedcda
[Round 080/100] Acc=62.010 | RoundTime=33.83s | TotalTime=2097.08s | Method=fedcda
[Round 081/100] Acc=62.340 | RoundTime=34.31s | TotalTime=2131.39s | Method=fedcda
[Round 082/100] Acc=65.210 | RoundTime=34.32s | TotalTime=2165.72s | Method=fedcda
[Round 083/100] Acc=65.190 | RoundTime=34.10s | TotalTime=2199.82s | Method=fedcda
[Round 084/100] Acc=65.410 | RoundTime=33.94s | TotalTime=2233.76s | Method=fedcda
[Round 085/100] Acc=62.040 | RoundTime=33.99s | TotalTime=2267.75s | Method=fedcda
[Round 086/100] Acc=62.090 | RoundTime=34.01s | TotalTime=2301.76s | Method=fedcda
[Round 087/100] Acc=62.080 | RoundTime=36.40s | TotalTime=2338.16s | Method=fedcda
[Round 088/100] Acc=67.480 | RoundTime=34.20s | TotalTime=2372.36s | Method=fedcda
[Round 089/100] Acc=67.460 | RoundTime=33.88s | TotalTime=2406.24s | Method=fedcda
[Round 090/100] Acc=67.610 | RoundTime=34.21s | TotalTime=2440.45s | Method=fedcda
[Round 091/100] Acc=67.550 | RoundTime=33.77s | TotalTime=2474.23s | Method=fedcda
[Round 092/100] Acc=67.480 | RoundTime=33.68s | TotalTime=2507.91s | Method=fedcda
[Round 093/100] Acc=67.420 | RoundTime=33.89s | TotalTime=2541.80s | Method=fedcda
[Round 094/100] Acc=67.550 | RoundTime=33.82s | TotalTime=2575.62s | Method=fedcda
[Round 095/100] Acc=67.520 | RoundTime=33.44s | TotalTime=2609.06s | Method=fedcda
[Round 096/100] Acc=67.650 | RoundTime=33.69s | TotalTime=2642.74s | Method=fedcda
[Round 097/100] Acc=67.770 | RoundTime=33.81s | TotalTime=2676.55s | Method=fedcda
[Round 098/100] Acc=67.690 | RoundTime=32.99s | TotalTime=2709.54s | Method=fedcda
[Round 099/100] Acc=67.820 | RoundTime=34.37s | TotalTime=2743.92s | Method=fedcda
[Round 100/100] Acc=67.890 | RoundTime=33.86s | TotalTime=2777.77s | Method=fedcda
====================================================================================================
Training finished at: 2026-03-30 16:25:08
Total elapsed time: 2777.77s
Final Acc: 67.890
Best Acc : 67.890
====================================================================================================
