====================================================================================================
Training started at: 2026-03-31 19:23:38
Result directory: results/fl_cifar10/fedcda/pm-dir_a-0.8_nm-uni_nr-0.1_nt-symmetric_st-least_sim_dr-0.35
Result txt file : results/fl_cifar10/fedcda/pm-dir_a-0.8_nm-uni_nr-0.1_nt-symmetric_st-least_sim_dr-0.35/fedcda_fl_cifar10_20260331-192338-086780_pid873520.txt
Result log file : results/fl_cifar10/fedcda/pm-dir_a-0.8_nm-uni_nr-0.1_nt-symmetric_st-least_sim_dr-0.35/fedcda_fl_cifar10_20260331-192338-086780_pid873520.log
----------------------------------------------------------------------------------------------------
Model: fedcda
Dataset: fl_cifar10
Structure: homogeneity
Participants: 100
Online ratio: 0.1
Communication epochs: 100
Local epoch: 10
Local batch size: 40
Local lr: 0.01
Partition mode: dirichlet
Dirichlet alpha: 0.8
Noise mode: uniform
Noise rate: 0.1
Noise type: symmetric
Noise max: 0.3
Denoise score alpha: 0.5
Drop rate: 0.35
Denoise strategy: least_sim
FedProx mu: 0.01
FedRDN std: 0.01
FedCDA history size: NA
FedGLoSS beta: 0.01
Averaging: weight
Seed: 0
====================================================================================================
[Round 001/100] Acc=13.040 | RoundTime=25.98s | TotalTime=25.98s | Method=fedcda
[Round 002/100] Acc=10.000 | RoundTime=25.88s | TotalTime=51.86s | Method=fedcda
[Round 003/100] Acc=26.500 | RoundTime=25.30s | TotalTime=77.16s | Method=fedcda
[Round 004/100] Acc=30.410 | RoundTime=25.77s | TotalTime=102.93s | Method=fedcda
[Round 005/100] Acc=46.560 | RoundTime=26.12s | TotalTime=129.06s | Method=fedcda
[Round 006/100] Acc=31.400 | RoundTime=26.28s | TotalTime=155.34s | Method=fedcda
[Round 007/100] Acc=50.650 | RoundTime=25.97s | TotalTime=181.31s | Method=fedcda
[Round 008/100] Acc=37.790 | RoundTime=25.75s | TotalTime=207.07s | Method=fedcda
[Round 009/100] Acc=42.310 | RoundTime=24.91s | TotalTime=231.98s | Method=fedcda
[Round 010/100] Acc=56.270 | RoundTime=25.84s | TotalTime=257.82s | Method=fedcda
[Round 011/100] Acc=57.820 | RoundTime=26.90s | TotalTime=284.72s | Method=fedcda
[Round 012/100] Acc=54.370 | RoundTime=26.14s | TotalTime=310.86s | Method=fedcda
