====================================================================================================
Training started at: 2026-03-31 21:51:41
Result directory: results/fl_cifar10/fedcda/pm-dir_a-0.5_nm-uni_nr-0.5_nt-symmetric_st-least_sim_dr-0.25
Result txt file : results/fl_cifar10/fedcda/pm-dir_a-0.5_nm-uni_nr-0.5_nt-symmetric_st-least_sim_dr-0.25/fedcda_fl_cifar10_20260331-215141-513717_pid2032494.txt
Result log file : results/fl_cifar10/fedcda/pm-dir_a-0.5_nm-uni_nr-0.5_nt-symmetric_st-least_sim_dr-0.25/fedcda_fl_cifar10_20260331-215141-513717_pid2032494.log
----------------------------------------------------------------------------------------------------
Model: fedcda
Dataset: fl_cifar10
Structure: homogeneity
Participants: 100
Online ratio: 0.1
Communication epochs: 100
Local epoch: 10
Local batch size: 60
Local lr: 0.01
Partition mode: dirichlet
Dirichlet alpha: 0.5
Noise mode: uniform
Noise rate: 0.5
Noise type: symmetric
Noise max: 0.3
Denoise score alpha: 0.5
Drop rate: 0.25
Denoise strategy: least_sim
FedProx mu: 0.01
FedRDN std: 0.01
FedCDA history size: NA
FedGLoSS beta: 0.01
Averaging: weight
Seed: 0
====================================================================================================
[Round 001/100] Acc=13.870 | RoundTime=26.09s | TotalTime=26.09s | Method=fedcda
[Round 002/100] Acc=10.000 | RoundTime=25.34s | TotalTime=51.43s | Method=fedcda
[Round 003/100] Acc=13.760 | RoundTime=25.54s | TotalTime=76.98s | Method=fedcda
[Round 004/100] Acc=27.770 | RoundTime=25.94s | TotalTime=102.92s | Method=fedcda
[Round 005/100] Acc=32.540 | RoundTime=25.32s | TotalTime=128.24s | Method=fedcda
[Round 006/100] Acc=25.830 | RoundTime=25.23s | TotalTime=153.47s | Method=fedcda
[Round 007/100] Acc=17.970 | RoundTime=25.94s | TotalTime=179.42s | Method=fedcda
[Round 008/100] Acc=27.510 | RoundTime=24.99s | TotalTime=204.40s | Method=fedcda
[Round 009/100] Acc=30.810 | RoundTime=25.36s | TotalTime=229.76s | Method=fedcda
[Round 010/100] Acc=30.260 | RoundTime=25.38s | TotalTime=255.15s | Method=fedcda
[Round 011/100] Acc=31.110 | RoundTime=26.75s | TotalTime=281.90s | Method=fedcda
[Round 012/100] Acc=26.890 | RoundTime=24.41s | TotalTime=306.30s | Method=fedcda
