====================================================================================================
Training started at: 2026-03-27 05:23:37
Result directory: results/fl_svhn/feddenoise/pm-dir_a-0.3_nm-uni_nr-0.1_nt-symmetric_st-least_sim_dr-0.15
Result txt file : results/fl_svhn/feddenoise/pm-dir_a-0.3_nm-uni_nr-0.1_nt-symmetric_st-least_sim_dr-0.15/feddenoise_fl_svhn_20260327-052337-233259_pid4169293.txt
Result log file : results/fl_svhn/feddenoise/pm-dir_a-0.3_nm-uni_nr-0.1_nt-symmetric_st-least_sim_dr-0.15/feddenoise_fl_svhn_20260327-052337-233259_pid4169293.log
----------------------------------------------------------------------------------------------------
Model: feddenoise
Dataset: fl_svhn
Structure: homogeneity
Participants: 100
Online ratio: 0.1
Communication epochs: 100
Local epoch: 10
Local batch size: 64
Local lr: 0.01
Partition mode: dirichlet
Dirichlet alpha: 0.3
Noise mode: uniform
Noise rate: 0.1
Noise type: symmetric
Noise max: 0.3
Denoise score alpha: 0.5
Drop rate: 0.15
Denoise strategy: least_sim
FedProx mu: 0.01
FedRDN std: 0.01
FedCDA history size: NA
FedGLoSS beta: 0.01
Averaging: weight
Seed: 0
====================================================================================================
[Round 001/100] Acc=10.360 | Pure=90.069 | RoundTime=63.81s | TotalTime=63.81s | Method=feddenoise
