====================================================================================================
Training started at: 2026-04-01 17:53:39
Result directory: results/fl_cifar100/feddenoise_v2/pm-dir_a-0.8_nm-uni_nr-0.3_nt-symmetric_st-least_sim_dr-0.4
Result txt file : results/fl_cifar100/feddenoise_v2/pm-dir_a-0.8_nm-uni_nr-0.3_nt-symmetric_st-least_sim_dr-0.4/feddenoise_v2_fl_cifar100_20260401-175339-588296_pid1117973.txt
Result log file : results/fl_cifar100/feddenoise_v2/pm-dir_a-0.8_nm-uni_nr-0.3_nt-symmetric_st-least_sim_dr-0.4/feddenoise_v2_fl_cifar100_20260401-175339-588296_pid1117973.log
----------------------------------------------------------------------------------------------------
Model: feddenoise_v2
Dataset: fl_cifar100
Structure: homogeneity
Participants: 100
Online ratio: 0.1
Communication epochs: 100
Local epoch: 10
Local batch size: 32
Local lr: 0.1
Partition mode: dirichlet
Dirichlet alpha: 0.8
Noise mode: uniform
Noise rate: 0.3
Noise type: symmetric
Noise max: 0.3
Denoise score alpha: 0.5
Drop rate: 0.4
Denoise strategy: least_sim
FedProx mu: 0.01
FedRDN std: 0.01
FedCDA history size: NA
FedGLoSS beta: 0.01
Averaging: weight
Seed: 0
====================================================================================================
[Round 001/100] Acc=1.000 | Pure=69.975 | RoundTime=37.70s | TotalTime=37.70s | Method=feddenoise_v2
[Round 002/100] Acc=1.190 | Pure=69.982 | RoundTime=37.29s | TotalTime=74.99s | Method=feddenoise_v2
[Round 003/100] Acc=4.130 | Pure=69.985 | RoundTime=38.42s | TotalTime=113.41s | Method=feddenoise_v2
[Round 004/100] Acc=7.380 | Pure=69.978 | RoundTime=37.37s | TotalTime=150.78s | Method=feddenoise_v2
[Round 005/100] Acc=10.010 | Pure=69.951 | RoundTime=37.72s | TotalTime=188.50s | Method=feddenoise_v2
[Round 006/100] Acc=11.740 | Pure=69.984 | RoundTime=37.63s | TotalTime=226.13s | Method=feddenoise_v2
[Round 007/100] Acc=13.700 | Pure=69.960 | RoundTime=37.75s | TotalTime=263.89s | Method=feddenoise_v2
[Round 008/100] Acc=14.800 | Pure=70.032 | RoundTime=37.53s | TotalTime=301.41s | Method=feddenoise_v2
[Round 009/100] Acc=15.640 | Pure=70.015 | RoundTime=37.92s | TotalTime=339.33s | Method=feddenoise_v2
[Round 010/100] Acc=16.090 | Pure=69.988 | RoundTime=38.48s | TotalTime=377.81s | Method=feddenoise_v2
[Round 011/100] Acc=15.620 | Pure=83.456 | RoundTime=66.04s | TotalTime=443.85s | Method=feddenoise_v2
[Round 012/100] Acc=17.950 | Pure=84.552 | RoundTime=64.90s | TotalTime=508.75s | Method=feddenoise_v2
[Round 013/100] Acc=18.720 | Pure=83.884 | RoundTime=66.18s | TotalTime=574.93s | Method=feddenoise_v2
[Round 014/100] Acc=19.700 | Pure=84.946 | RoundTime=64.53s | TotalTime=639.46s | Method=feddenoise_v2
[Round 015/100] Acc=20.490 | Pure=83.874 | RoundTime=66.23s | TotalTime=705.69s | Method=feddenoise_v2
[Round 016/100] Acc=21.550 | Pure=84.712 | RoundTime=66.42s | TotalTime=772.12s | Method=feddenoise_v2
[Round 017/100] Acc=21.490 | Pure=84.498 | RoundTime=64.76s | TotalTime=836.88s | Method=feddenoise_v2
[Round 018/100] Acc=21.460 | Pure=84.505 | RoundTime=66.82s | TotalTime=903.71s | Method=feddenoise_v2
[Round 019/100] Acc=21.420 | Pure=83.886 | RoundTime=65.13s | TotalTime=968.84s | Method=feddenoise_v2
[Round 020/100] Acc=22.350 | Pure=83.652 | RoundTime=65.49s | TotalTime=1034.33s | Method=feddenoise_v2
[Round 021/100] Acc=23.000 | Pure=86.327 | RoundTime=58.76s | TotalTime=1093.09s | Method=feddenoise_v2
[Round 022/100] Acc=22.320 | Pure=86.819 | RoundTime=57.94s | TotalTime=1151.03s | Method=feddenoise_v2
[Round 023/100] Acc=23.550 | Pure=86.676 | RoundTime=56.34s | TotalTime=1207.37s | Method=feddenoise_v2
[Round 024/100] Acc=23.420 | Pure=86.699 | RoundTime=59.34s | TotalTime=1266.72s | Method=feddenoise_v2
[Round 025/100] Acc=24.210 | Pure=86.389 | RoundTime=57.69s | TotalTime=1324.41s | Method=feddenoise_v2
[Round 026/100] Acc=24.060 | Pure=87.203 | RoundTime=57.63s | TotalTime=1382.04s | Method=feddenoise_v2
[Round 027/100] Acc=24.550 | Pure=86.460 | RoundTime=56.39s | TotalTime=1438.43s | Method=feddenoise_v2
[Round 028/100] Acc=24.990 | Pure=86.250 | RoundTime=57.95s | TotalTime=1496.38s | Method=feddenoise_v2
[Round 029/100] Acc=25.490 | Pure=87.150 | RoundTime=58.09s | TotalTime=1554.47s | Method=feddenoise_v2
[Round 030/100] Acc=25.480 | Pure=86.156 | RoundTime=57.21s | TotalTime=1611.68s | Method=feddenoise_v2
[Round 031/100] Acc=25.550 | Pure=86.923 | RoundTime=50.57s | TotalTime=1662.25s | Method=feddenoise_v2
[Round 032/100] Acc=26.290 | Pure=86.359 | RoundTime=49.54s | TotalTime=1711.79s | Method=feddenoise_v2
[Round 033/100] Acc=27.510 | Pure=86.745 | RoundTime=48.72s | TotalTime=1760.51s | Method=feddenoise_v2
[Round 034/100] Acc=26.600 | Pure=86.145 | RoundTime=51.44s | TotalTime=1811.96s | Method=feddenoise_v2
[Round 035/100] Acc=27.550 | Pure=86.551 | RoundTime=48.57s | TotalTime=1860.52s | Method=feddenoise_v2
[Round 036/100] Acc=27.770 | Pure=86.584 | RoundTime=49.77s | TotalTime=1910.30s | Method=feddenoise_v2
[Round 037/100] Acc=27.660 | Pure=86.531 | RoundTime=48.38s | TotalTime=1958.68s | Method=feddenoise_v2
[Round 038/100] Acc=27.740 | Pure=86.470 | RoundTime=49.09s | TotalTime=2007.76s | Method=feddenoise_v2
[Round 039/100] Acc=27.910 | Pure=86.733 | RoundTime=47.97s | TotalTime=2055.74s | Method=feddenoise_v2
[Round 040/100] Acc=28.800 | Pure=86.796 | RoundTime=49.04s | TotalTime=2104.77s | Method=feddenoise_v2
[Round 041/100] Acc=28.220 | Pure=86.400 | RoundTime=42.78s | TotalTime=2147.55s | Method=feddenoise_v2
[Round 042/100] Acc=29.150 | Pure=84.983 | RoundTime=42.43s | TotalTime=2189.98s | Method=feddenoise_v2
[Round 043/100] Acc=27.920 | Pure=85.594 | RoundTime=42.74s | TotalTime=2232.73s | Method=feddenoise_v2
[Round 044/100] Acc=28.480 | Pure=86.466 | RoundTime=42.90s | TotalTime=2275.62s | Method=feddenoise_v2
[Round 045/100] Acc=29.260 | Pure=85.404 | RoundTime=42.71s | TotalTime=2318.33s | Method=feddenoise_v2
[Round 046/100] Acc=29.780 | Pure=85.349 | RoundTime=42.82s | TotalTime=2361.15s | Method=feddenoise_v2
[Round 047/100] Acc=28.950 | Pure=86.139 | RoundTime=43.15s | TotalTime=2404.30s | Method=feddenoise_v2
[Round 048/100] Acc=28.930 | Pure=85.132 | RoundTime=42.62s | TotalTime=2446.92s | Method=feddenoise_v2
[Round 049/100] Acc=29.380 | Pure=85.812 | RoundTime=42.92s | TotalTime=2489.84s | Method=feddenoise_v2
[Round 050/100] Acc=29.450 | Pure=85.041 | RoundTime=42.93s | TotalTime=2532.77s | Method=feddenoise_v2
[Round 051/100] Acc=30.020 | Pure=86.166 | RoundTime=43.35s | TotalTime=2576.11s | Method=feddenoise_v2
[Round 052/100] Acc=30.120 | Pure=85.699 | RoundTime=42.81s | TotalTime=2618.92s | Method=feddenoise_v2
[Round 053/100] Acc=30.370 | Pure=85.213 | RoundTime=42.95s | TotalTime=2661.87s | Method=feddenoise_v2
[Round 054/100] Acc=30.200 | Pure=85.735 | RoundTime=42.20s | TotalTime=2704.07s | Method=feddenoise_v2
[Round 055/100] Acc=29.980 | Pure=85.820 | RoundTime=42.87s | TotalTime=2746.95s | Method=feddenoise_v2
[Round 056/100] Acc=30.420 | Pure=85.565 | RoundTime=43.44s | TotalTime=2790.39s | Method=feddenoise_v2
[Round 057/100] Acc=30.880 | Pure=85.643 | RoundTime=43.15s | TotalTime=2833.53s | Method=feddenoise_v2
[Round 058/100] Acc=30.820 | Pure=85.834 | RoundTime=42.26s | TotalTime=2875.80s | Method=feddenoise_v2
[Round 059/100] Acc=31.150 | Pure=86.103 | RoundTime=41.86s | TotalTime=2917.66s | Method=feddenoise_v2
[Round 060/100] Acc=30.540 | Pure=85.548 | RoundTime=43.18s | TotalTime=2960.84s | Method=feddenoise_v2
[Round 061/100] Acc=31.200 | Pure=86.375 | RoundTime=42.71s | TotalTime=3003.55s | Method=feddenoise_v2
[Round 062/100] Acc=31.850 | Pure=86.179 | RoundTime=42.57s | TotalTime=3046.12s | Method=feddenoise_v2
[Round 063/100] Acc=31.250 | Pure=86.053 | RoundTime=42.97s | TotalTime=3089.09s | Method=feddenoise_v2
[Round 064/100] Acc=31.440 | Pure=86.951 | RoundTime=42.25s | TotalTime=3131.34s | Method=feddenoise_v2
[Round 065/100] Acc=31.630 | Pure=86.721 | RoundTime=42.97s | TotalTime=3174.30s | Method=feddenoise_v2
[Round 066/100] Acc=32.140 | Pure=86.257 | RoundTime=43.41s | TotalTime=3217.72s | Method=feddenoise_v2
[Round 067/100] Acc=31.830 | Pure=86.848 | RoundTime=42.94s | TotalTime=3260.66s | Method=feddenoise_v2
[Round 068/100] Acc=31.800 | Pure=85.537 | RoundTime=42.97s | TotalTime=3303.63s | Method=feddenoise_v2
[Round 069/100] Acc=31.880 | Pure=86.890 | RoundTime=43.51s | TotalTime=3347.14s | Method=feddenoise_v2
[Round 070/100] Acc=31.920 | Pure=86.555 | RoundTime=43.06s | TotalTime=3390.20s | Method=feddenoise_v2
[Round 071/100] Acc=32.780 | Pure=86.607 | RoundTime=43.23s | TotalTime=3433.43s | Method=feddenoise_v2
[Round 072/100] Acc=33.040 | Pure=85.717 | RoundTime=42.96s | TotalTime=3476.39s | Method=feddenoise_v2
[Round 073/100] Acc=33.070 | Pure=86.471 | RoundTime=42.06s | TotalTime=3518.46s | Method=feddenoise_v2
[Round 074/100] Acc=32.760 | Pure=85.883 | RoundTime=42.87s | TotalTime=3561.33s | Method=feddenoise_v2
[Round 075/100] Acc=33.160 | Pure=86.708 | RoundTime=42.70s | TotalTime=3604.03s | Method=feddenoise_v2
[Round 076/100] Acc=32.770 | Pure=86.593 | RoundTime=43.13s | TotalTime=3647.16s | Method=feddenoise_v2
[Round 077/100] Acc=33.450 | Pure=86.475 | RoundTime=43.56s | TotalTime=3690.72s | Method=feddenoise_v2
[Round 078/100] Acc=33.050 | Pure=85.976 | RoundTime=42.69s | TotalTime=3733.42s | Method=feddenoise_v2
[Round 079/100] Acc=32.800 | Pure=86.691 | RoundTime=43.01s | TotalTime=3776.42s | Method=feddenoise_v2
[Round 080/100] Acc=33.600 | Pure=85.897 | RoundTime=42.80s | TotalTime=3819.22s | Method=feddenoise_v2
[Round 081/100] Acc=32.780 | Pure=86.092 | RoundTime=42.84s | TotalTime=3862.06s | Method=feddenoise_v2
[Round 082/100] Acc=33.550 | Pure=86.834 | RoundTime=42.76s | TotalTime=3904.82s | Method=feddenoise_v2
[Round 083/100] Acc=33.220 | Pure=86.812 | RoundTime=42.27s | TotalTime=3947.09s | Method=feddenoise_v2
[Round 084/100] Acc=33.780 | Pure=86.382 | RoundTime=43.72s | TotalTime=3990.81s | Method=feddenoise_v2
[Round 085/100] Acc=34.070 | Pure=87.032 | RoundTime=42.85s | TotalTime=4033.65s | Method=feddenoise_v2
[Round 086/100] Acc=34.640 | Pure=86.537 | RoundTime=41.93s | TotalTime=4075.58s | Method=feddenoise_v2
[Round 087/100] Acc=33.970 | Pure=86.455 | RoundTime=42.58s | TotalTime=4118.16s | Method=feddenoise_v2
[Round 088/100] Acc=33.530 | Pure=86.750 | RoundTime=42.62s | TotalTime=4160.77s | Method=feddenoise_v2
[Round 089/100] Acc=34.530 | Pure=86.816 | RoundTime=43.13s | TotalTime=4203.91s | Method=feddenoise_v2
[Round 090/100] Acc=33.490 | Pure=86.842 | RoundTime=43.15s | TotalTime=4247.05s | Method=feddenoise_v2
[Round 091/100] Acc=33.580 | Pure=87.197 | RoundTime=42.83s | TotalTime=4289.89s | Method=feddenoise_v2
[Round 092/100] Acc=34.080 | Pure=87.154 | RoundTime=42.78s | TotalTime=4332.67s | Method=feddenoise_v2
[Round 093/100] Acc=33.970 | Pure=86.817 | RoundTime=43.28s | TotalTime=4375.95s | Method=feddenoise_v2
[Round 094/100] Acc=33.700 | Pure=87.069 | RoundTime=42.33s | TotalTime=4418.28s | Method=feddenoise_v2
[Round 095/100] Acc=34.480 | Pure=87.536 | RoundTime=42.44s | TotalTime=4460.72s | Method=feddenoise_v2
[Round 096/100] Acc=34.410 | Pure=87.280 | RoundTime=42.79s | TotalTime=4503.51s | Method=feddenoise_v2
[Round 097/100] Acc=34.760 | Pure=86.438 | RoundTime=42.01s | TotalTime=4545.52s | Method=feddenoise_v2
[Round 098/100] Acc=34.970 | Pure=87.604 | RoundTime=42.62s | TotalTime=4588.14s | Method=feddenoise_v2
[Round 099/100] Acc=34.170 | Pure=87.267 | RoundTime=43.27s | TotalTime=4631.41s | Method=feddenoise_v2
[Round 100/100] Acc=34.370 | Pure=87.354 | RoundTime=42.90s | TotalTime=4674.31s | Method=feddenoise_v2
====================================================================================================
Training finished at: 2026-04-01 19:11:34
Total elapsed time: 4674.31s
Final Acc: 34.370
Best Acc : 34.970
Final Pure: 87.354
Best Pure : 87.604
====================================================================================================
