====================================================================================================
Training started at: 2026-03-30 20:59:09
Result directory: results/fl_cifar10/fedcda/pm-dir_a-0.3_nm-uni_nr-0.3_nt-symmetric_st-least_sim_dr-0.1
Result txt file : results/fl_cifar10/fedcda/pm-dir_a-0.3_nm-uni_nr-0.3_nt-symmetric_st-least_sim_dr-0.1/fedcda_fl_cifar10_20260330-205909-848520_pid2816205.txt
Result log file : results/fl_cifar10/fedcda/pm-dir_a-0.3_nm-uni_nr-0.3_nt-symmetric_st-least_sim_dr-0.1/fedcda_fl_cifar10_20260330-205909-848520_pid2816205.log
----------------------------------------------------------------------------------------------------
Model: fedcda
Dataset: fl_cifar10
Structure: homogeneity
Participants: 100
Online ratio: 0.1
Communication epochs: 100
Local epoch: 10
Local batch size: 64
Local lr: 0.01
Partition mode: dirichlet
Dirichlet alpha: 0.3
Noise mode: uniform
Noise rate: 0.3
Noise type: symmetric
Noise max: 0.3
Denoise score alpha: 0.5
Drop rate: 0.1
Denoise strategy: least_sim
FedProx mu: 0.01
FedRDN std: 0.01
FedCDA history size: NA
FedGLoSS beta: 0.01
Averaging: weight
Seed: 0
====================================================================================================
[Round 001/100] Acc=15.380 | RoundTime=24.24s | TotalTime=24.24s | Method=fedcda
[Round 002/100] Acc=16.670 | RoundTime=23.67s | TotalTime=47.91s | Method=fedcda
[Round 003/100] Acc=20.620 | RoundTime=23.41s | TotalTime=71.32s | Method=fedcda
[Round 004/100] Acc=15.860 | RoundTime=23.95s | TotalTime=95.27s | Method=fedcda
[Round 005/100] Acc=24.780 | RoundTime=23.61s | TotalTime=118.88s | Method=fedcda
[Round 006/100] Acc=32.560 | RoundTime=24.59s | TotalTime=143.47s | Method=fedcda
[Round 007/100] Acc=26.840 | RoundTime=24.02s | TotalTime=167.49s | Method=fedcda
[Round 008/100] Acc=26.090 | RoundTime=24.23s | TotalTime=191.72s | Method=fedcda
[Round 009/100] Acc=33.400 | RoundTime=24.00s | TotalTime=215.71s | Method=fedcda
[Round 010/100] Acc=28.460 | RoundTime=24.30s | TotalTime=240.01s | Method=fedcda
[Round 011/100] Acc=19.420 | RoundTime=24.56s | TotalTime=264.57s | Method=fedcda
[Round 012/100] Acc=24.540 | RoundTime=24.34s | TotalTime=288.91s | Method=fedcda
