====================================================================================================
Training started at: 2026-03-30 22:06:12
Result directory: results/fl_cifar10/fedcda/pm-dir_a-0.3_nm-uni_nr-0.3_nt-symmetric_st-least_sim_dr-0.1
Result txt file : results/fl_cifar10/fedcda/pm-dir_a-0.3_nm-uni_nr-0.3_nt-symmetric_st-least_sim_dr-0.1/fedcda_fl_cifar10_20260330-220612-456070_pid3345023.txt
Result log file : results/fl_cifar10/fedcda/pm-dir_a-0.3_nm-uni_nr-0.3_nt-symmetric_st-least_sim_dr-0.1/fedcda_fl_cifar10_20260330-220612-456070_pid3345023.log
----------------------------------------------------------------------------------------------------
Model: fedcda
Dataset: fl_cifar10
Structure: homogeneity
Participants: 100
Online ratio: 0.1
Communication epochs: 100
Local epoch: 10
Local batch size: 32
Local lr: 0.01
Partition mode: dirichlet
Dirichlet alpha: 0.3
Noise mode: uniform
Noise rate: 0.3
Noise type: symmetric
Noise max: 0.3
Denoise score alpha: 0.5
Drop rate: 0.1
Denoise strategy: least_sim
FedProx mu: 0.01
FedRDN std: 0.01
FedCDA history size: NA
FedGLoSS beta: 0.01
Averaging: weight
Seed: 0
====================================================================================================
[Round 001/100] Acc=10.000 | RoundTime=28.02s | TotalTime=28.02s | Method=fedcda
[Round 002/100] Acc=10.010 | RoundTime=27.27s | TotalTime=55.28s | Method=fedcda
[Round 003/100] Acc=27.920 | RoundTime=26.91s | TotalTime=82.20s | Method=fedcda
[Round 004/100] Acc=28.550 | RoundTime=27.41s | TotalTime=109.61s | Method=fedcda
[Round 005/100] Acc=30.080 | RoundTime=27.32s | TotalTime=136.93s | Method=fedcda
[Round 006/100] Acc=28.310 | RoundTime=26.94s | TotalTime=163.86s | Method=fedcda
[Round 007/100] Acc=30.550 | RoundTime=27.22s | TotalTime=191.08s | Method=fedcda
[Round 008/100] Acc=25.780 | RoundTime=27.10s | TotalTime=218.18s | Method=fedcda
[Round 009/100] Acc=33.980 | RoundTime=27.82s | TotalTime=246.00s | Method=fedcda
[Round 010/100] Acc=33.250 | RoundTime=28.07s | TotalTime=274.07s | Method=fedcda
[Round 011/100] Acc=35.660 | RoundTime=27.18s | TotalTime=301.25s | Method=fedcda
[Round 012/100] Acc=17.840 | RoundTime=27.02s | TotalTime=328.27s | Method=fedcda
