====================================================================================================
Training started at: 2026-04-01 11:19:12
Result directory: results/fl_mnist/feddenoise_v2/pm-dir_a-0.3_nm-uni_nr-0.3_nt-symmetric_st-least_sim_dr-0.35
Result txt file : results/fl_mnist/feddenoise_v2/pm-dir_a-0.3_nm-uni_nr-0.3_nt-symmetric_st-least_sim_dr-0.35/feddenoise_v2_fl_mnist_20260401-111912-906494_pid1829594.txt
Result log file : results/fl_mnist/feddenoise_v2/pm-dir_a-0.3_nm-uni_nr-0.3_nt-symmetric_st-least_sim_dr-0.35/feddenoise_v2_fl_mnist_20260401-111912-906494_pid1829594.log
----------------------------------------------------------------------------------------------------
Model: feddenoise_v2
Dataset: fl_mnist
Structure: homogeneity
Participants: 100
Online ratio: 0.1
Communication epochs: 100
Local epoch: 10
Local batch size: 32
Local lr: 0.01
Partition mode: dirichlet
Dirichlet alpha: 0.3
Noise mode: uniform
Noise rate: 0.3
Noise type: symmetric
Noise max: 0.3
Denoise score alpha: 0.5
Drop rate: 0.35
Denoise strategy: least_sim
FedProx mu: 0.01
FedRDN std: 0.01
FedCDA history size: NA
FedGLoSS beta: 0.01
Averaging: weight
Seed: 0
====================================================================================================
[Round 001/100] Acc=11.350 | Pure=69.996 | RoundTime=41.81s | TotalTime=41.81s | Method=feddenoise_v2
[Round 002/100] Acc=30.230 | Pure=69.989 | RoundTime=41.26s | TotalTime=83.06s | Method=feddenoise_v2
[Round 003/100] Acc=92.120 | Pure=69.994 | RoundTime=41.37s | TotalTime=124.44s | Method=feddenoise_v2
[Round 004/100] Acc=84.220 | Pure=70.019 | RoundTime=39.98s | TotalTime=164.42s | Method=feddenoise_v2
[Round 005/100] Acc=92.960 | Pure=70.013 | RoundTime=40.77s | TotalTime=205.19s | Method=feddenoise_v2
[Round 006/100] Acc=84.060 | Pure=70.018 | RoundTime=40.46s | TotalTime=245.65s | Method=feddenoise_v2
[Round 007/100] Acc=92.500 | Pure=69.999 | RoundTime=41.99s | TotalTime=287.63s | Method=feddenoise_v2
[Round 008/100] Acc=92.290 | Pure=69.997 | RoundTime=40.00s | TotalTime=327.63s | Method=feddenoise_v2
[Round 009/100] Acc=91.090 | Pure=70.001 | RoundTime=41.13s | TotalTime=368.76s | Method=feddenoise_v2
[Round 010/100] Acc=89.680 | Pure=69.979 | RoundTime=41.00s | TotalTime=409.75s | Method=feddenoise_v2
[Round 011/100] Acc=94.470 | Pure=94.011 | RoundTime=78.37s | TotalTime=488.13s | Method=feddenoise_v2
[Round 012/100] Acc=94.400 | Pure=93.648 | RoundTime=78.83s | TotalTime=566.95s | Method=feddenoise_v2
[Round 013/100] Acc=95.430 | Pure=94.481 | RoundTime=79.10s | TotalTime=646.05s | Method=feddenoise_v2
[Round 014/100] Acc=96.160 | Pure=93.252 | RoundTime=77.67s | TotalTime=723.72s | Method=feddenoise_v2
[Round 015/100] Acc=97.160 | Pure=90.354 | RoundTime=78.15s | TotalTime=801.88s | Method=feddenoise_v2
[Round 016/100] Acc=95.340 | Pure=95.336 | RoundTime=80.36s | TotalTime=882.23s | Method=feddenoise_v2
[Round 017/100] Acc=96.670 | Pure=91.141 | RoundTime=79.58s | TotalTime=961.82s | Method=feddenoise_v2
[Round 018/100] Acc=96.750 | Pure=93.246 | RoundTime=80.42s | TotalTime=1042.24s | Method=feddenoise_v2
[Round 019/100] Acc=94.440 | Pure=95.725 | RoundTime=79.29s | TotalTime=1121.53s | Method=feddenoise_v2
[Round 020/100] Acc=94.360 | Pure=96.344 | RoundTime=79.95s | TotalTime=1201.49s | Method=feddenoise_v2
[Round 021/100] Acc=97.250 | Pure=97.043 | RoundTime=70.77s | TotalTime=1272.26s | Method=feddenoise_v2
[Round 022/100] Acc=97.520 | Pure=96.882 | RoundTime=69.06s | TotalTime=1341.32s | Method=feddenoise_v2
[Round 023/100] Acc=96.660 | Pure=97.092 | RoundTime=70.42s | TotalTime=1411.74s | Method=feddenoise_v2
[Round 024/100] Acc=97.940 | Pure=97.118 | RoundTime=71.49s | TotalTime=1483.23s | Method=feddenoise_v2
[Round 025/100] Acc=97.870 | Pure=97.102 | RoundTime=71.41s | TotalTime=1554.64s | Method=feddenoise_v2
[Round 026/100] Acc=98.100 | Pure=96.059 | RoundTime=70.89s | TotalTime=1625.53s | Method=feddenoise_v2
[Round 027/100] Acc=98.200 | Pure=96.426 | RoundTime=71.18s | TotalTime=1696.71s | Method=feddenoise_v2
[Round 028/100] Acc=97.910 | Pure=96.392 | RoundTime=71.03s | TotalTime=1767.74s | Method=feddenoise_v2
[Round 029/100] Acc=97.480 | Pure=96.935 | RoundTime=69.41s | TotalTime=1837.15s | Method=feddenoise_v2
[Round 030/100] Acc=96.680 | Pure=97.577 | RoundTime=71.01s | TotalTime=1908.16s | Method=feddenoise_v2
[Round 031/100] Acc=97.140 | Pure=97.308 | RoundTime=61.39s | TotalTime=1969.55s | Method=feddenoise_v2
[Round 032/100] Acc=98.260 | Pure=97.246 | RoundTime=59.70s | TotalTime=2029.25s | Method=feddenoise_v2
[Round 033/100] Acc=98.060 | Pure=97.240 | RoundTime=62.11s | TotalTime=2091.36s | Method=feddenoise_v2
[Round 034/100] Acc=98.020 | Pure=97.497 | RoundTime=61.98s | TotalTime=2153.34s | Method=feddenoise_v2
[Round 035/100] Acc=98.180 | Pure=97.349 | RoundTime=60.71s | TotalTime=2214.05s | Method=feddenoise_v2
[Round 036/100] Acc=98.180 | Pure=97.043 | RoundTime=61.75s | TotalTime=2275.81s | Method=feddenoise_v2
[Round 037/100] Acc=98.090 | Pure=97.154 | RoundTime=61.56s | TotalTime=2337.36s | Method=feddenoise_v2
[Round 038/100] Acc=98.280 | Pure=97.284 | RoundTime=60.36s | TotalTime=2397.72s | Method=feddenoise_v2
[Round 039/100] Acc=98.000 | Pure=97.533 | RoundTime=60.01s | TotalTime=2457.73s | Method=feddenoise_v2
[Round 040/100] Acc=97.820 | Pure=97.469 | RoundTime=60.89s | TotalTime=2518.62s | Method=feddenoise_v2
[Round 041/100] Acc=98.060 | Pure=96.709 | RoundTime=50.73s | TotalTime=2569.35s | Method=feddenoise_v2
[Round 042/100] Acc=98.020 | Pure=96.904 | RoundTime=50.29s | TotalTime=2619.65s | Method=feddenoise_v2
[Round 043/100] Acc=97.380 | Pure=97.249 | RoundTime=50.27s | TotalTime=2669.91s | Method=feddenoise_v2
[Round 044/100] Acc=97.650 | Pure=97.538 | RoundTime=50.83s | TotalTime=2720.74s | Method=feddenoise_v2
[Round 045/100] Acc=97.680 | Pure=97.270 | RoundTime=49.78s | TotalTime=2770.52s | Method=feddenoise_v2
[Round 046/100] Acc=98.090 | Pure=97.163 | RoundTime=49.56s | TotalTime=2820.09s | Method=feddenoise_v2
[Round 047/100] Acc=98.030 | Pure=97.319 | RoundTime=50.23s | TotalTime=2870.31s | Method=feddenoise_v2
[Round 048/100] Acc=98.130 | Pure=96.967 | RoundTime=50.38s | TotalTime=2920.69s | Method=feddenoise_v2
[Round 049/100] Acc=97.890 | Pure=97.013 | RoundTime=51.30s | TotalTime=2971.99s | Method=feddenoise_v2
[Round 050/100] Acc=97.980 | Pure=97.000 | RoundTime=51.21s | TotalTime=3023.20s | Method=feddenoise_v2
[Round 051/100] Acc=98.030 | Pure=97.386 | RoundTime=51.40s | TotalTime=3074.59s | Method=feddenoise_v2
[Round 052/100] Acc=98.270 | Pure=97.588 | RoundTime=51.33s | TotalTime=3125.92s | Method=feddenoise_v2
[Round 053/100] Acc=98.530 | Pure=97.547 | RoundTime=51.74s | TotalTime=3177.66s | Method=feddenoise_v2
[Round 054/100] Acc=98.290 | Pure=97.506 | RoundTime=52.16s | TotalTime=3229.82s | Method=feddenoise_v2
[Round 055/100] Acc=98.340 | Pure=97.461 | RoundTime=50.68s | TotalTime=3280.50s | Method=feddenoise_v2
[Round 056/100] Acc=98.150 | Pure=97.611 | RoundTime=51.01s | TotalTime=3331.51s | Method=feddenoise_v2
[Round 057/100] Acc=98.290 | Pure=97.219 | RoundTime=51.00s | TotalTime=3382.51s | Method=feddenoise_v2
[Round 058/100] Acc=97.920 | Pure=97.694 | RoundTime=50.56s | TotalTime=3433.07s | Method=feddenoise_v2
[Round 059/100] Acc=98.020 | Pure=97.438 | RoundTime=50.74s | TotalTime=3483.81s | Method=feddenoise_v2
[Round 060/100] Acc=97.880 | Pure=97.621 | RoundTime=50.37s | TotalTime=3534.18s | Method=feddenoise_v2
[Round 061/100] Acc=97.730 | Pure=97.507 | RoundTime=49.67s | TotalTime=3583.85s | Method=feddenoise_v2
[Round 062/100] Acc=97.720 | Pure=97.202 | RoundTime=48.76s | TotalTime=3632.61s | Method=feddenoise_v2
[Round 063/100] Acc=97.680 | Pure=96.995 | RoundTime=49.98s | TotalTime=3682.59s | Method=feddenoise_v2
[Round 064/100] Acc=97.760 | Pure=97.323 | RoundTime=49.45s | TotalTime=3732.04s | Method=feddenoise_v2
[Round 065/100] Acc=98.010 | Pure=96.611 | RoundTime=48.42s | TotalTime=3780.47s | Method=feddenoise_v2
[Round 066/100] Acc=98.130 | Pure=96.456 | RoundTime=49.61s | TotalTime=3830.08s | Method=feddenoise_v2
[Round 067/100] Acc=97.930 | Pure=97.092 | RoundTime=49.54s | TotalTime=3879.62s | Method=feddenoise_v2
[Round 068/100] Acc=97.960 | Pure=96.667 | RoundTime=49.91s | TotalTime=3929.54s | Method=feddenoise_v2
[Round 069/100] Acc=98.150 | Pure=96.664 | RoundTime=49.90s | TotalTime=3979.44s | Method=feddenoise_v2
[Round 070/100] Acc=97.900 | Pure=97.597 | RoundTime=49.37s | TotalTime=4028.81s | Method=feddenoise_v2
[Round 071/100] Acc=98.350 | Pure=96.589 | RoundTime=50.00s | TotalTime=4078.80s | Method=feddenoise_v2
[Round 072/100] Acc=98.250 | Pure=96.988 | RoundTime=50.55s | TotalTime=4129.35s | Method=feddenoise_v2
[Round 073/100] Acc=98.210 | Pure=96.846 | RoundTime=50.01s | TotalTime=4179.36s | Method=feddenoise_v2
[Round 074/100] Acc=98.330 | Pure=96.881 | RoundTime=50.50s | TotalTime=4229.86s | Method=feddenoise_v2
[Round 075/100] Acc=98.320 | Pure=97.101 | RoundTime=50.63s | TotalTime=4280.50s | Method=feddenoise_v2
[Round 076/100] Acc=98.190 | Pure=97.193 | RoundTime=50.40s | TotalTime=4330.89s | Method=feddenoise_v2
[Round 077/100] Acc=98.270 | Pure=97.403 | RoundTime=50.12s | TotalTime=4381.02s | Method=feddenoise_v2
[Round 078/100] Acc=98.380 | Pure=97.016 | RoundTime=51.12s | TotalTime=4432.14s | Method=feddenoise_v2
[Round 079/100] Acc=98.500 | Pure=97.418 | RoundTime=51.26s | TotalTime=4483.40s | Method=feddenoise_v2
[Round 080/100] Acc=98.160 | Pure=97.297 | RoundTime=51.31s | TotalTime=4534.72s | Method=feddenoise_v2
[Round 081/100] Acc=97.660 | Pure=97.379 | RoundTime=50.22s | TotalTime=4584.94s | Method=feddenoise_v2
[Round 082/100] Acc=98.040 | Pure=96.729 | RoundTime=50.15s | TotalTime=4635.09s | Method=feddenoise_v2
[Round 083/100] Acc=98.030 | Pure=96.669 | RoundTime=50.28s | TotalTime=4685.38s | Method=feddenoise_v2
[Round 084/100] Acc=98.440 | Pure=96.869 | RoundTime=50.81s | TotalTime=4736.19s | Method=feddenoise_v2
[Round 085/100] Acc=98.010 | Pure=96.997 | RoundTime=49.73s | TotalTime=4785.92s | Method=feddenoise_v2
[Round 086/100] Acc=97.590 | Pure=97.349 | RoundTime=50.07s | TotalTime=4835.98s | Method=feddenoise_v2
[Round 087/100] Acc=97.900 | Pure=96.889 | RoundTime=50.75s | TotalTime=4886.73s | Method=feddenoise_v2
[Round 088/100] Acc=97.550 | Pure=97.081 | RoundTime=50.65s | TotalTime=4937.38s | Method=feddenoise_v2
[Round 089/100] Acc=97.270 | Pure=97.369 | RoundTime=50.57s | TotalTime=4987.96s | Method=feddenoise_v2
[Round 090/100] Acc=97.680 | Pure=96.950 | RoundTime=51.53s | TotalTime=5039.49s | Method=feddenoise_v2
[Round 091/100] Acc=97.700 | Pure=96.878 | RoundTime=49.45s | TotalTime=5088.94s | Method=feddenoise_v2
[Round 092/100] Acc=97.810 | Pure=97.291 | RoundTime=50.66s | TotalTime=5139.61s | Method=feddenoise_v2
[Round 093/100] Acc=98.350 | Pure=96.993 | RoundTime=50.57s | TotalTime=5190.17s | Method=feddenoise_v2
[Round 094/100] Acc=98.040 | Pure=97.276 | RoundTime=50.72s | TotalTime=5240.90s | Method=feddenoise_v2
[Round 095/100] Acc=98.190 | Pure=97.223 | RoundTime=50.13s | TotalTime=5291.02s | Method=feddenoise_v2
[Round 096/100] Acc=98.050 | Pure=97.083 | RoundTime=50.89s | TotalTime=5341.91s | Method=feddenoise_v2
[Round 097/100] Acc=98.320 | Pure=97.064 | RoundTime=50.59s | TotalTime=5392.50s | Method=feddenoise_v2
[Round 098/100] Acc=98.010 | Pure=96.843 | RoundTime=51.27s | TotalTime=5443.77s | Method=feddenoise_v2
[Round 099/100] Acc=98.120 | Pure=96.896 | RoundTime=51.48s | TotalTime=5495.25s | Method=feddenoise_v2
[Round 100/100] Acc=98.130 | Pure=97.248 | RoundTime=47.18s | TotalTime=5542.44s | Method=feddenoise_v2
====================================================================================================
Training finished at: 2026-04-01 12:51:35
Total elapsed time: 5542.44s
Final Acc: 98.130
Best Acc : 98.530
Final Pure: 97.248
Best Pure : 97.694
====================================================================================================
