====================================================================================================
Training started at: 2026-03-30 14:39:45
Result directory: results/fl_cifar10/fedcda/pm-dir_a-0.1_nm-uni_nr-0.5_nt-symmetric_st-least_sim_dr-0.55
Result txt file : results/fl_cifar10/fedcda/pm-dir_a-0.1_nm-uni_nr-0.5_nt-symmetric_st-least_sim_dr-0.55/fedcda_fl_cifar10_20260330-143945-341677_pid3905241.txt
Result log file : results/fl_cifar10/fedcda/pm-dir_a-0.1_nm-uni_nr-0.5_nt-symmetric_st-least_sim_dr-0.55/fedcda_fl_cifar10_20260330-143945-341677_pid3905241.log
----------------------------------------------------------------------------------------------------
Model: fedcda
Dataset: fl_cifar10
Structure: homogeneity
Participants: 100
Online ratio: 0.1
Communication epochs: 100
Local epoch: 10
Local batch size: 40
Local lr: 0.01
Partition mode: dirichlet
Dirichlet alpha: 0.1
Noise mode: uniform
Noise rate: 0.5
Noise type: symmetric
Noise max: 0.3
Denoise score alpha: 0.5
Drop rate: 0.55
Denoise strategy: least_sim
FedProx mu: 0.01
FedRDN std: 0.01
FedCDA history size: NA
FedGLoSS beta: 0.01
Averaging: weight
Seed: 0
====================================================================================================
[Round 001/100] Acc=10.000 | RoundTime=26.49s | TotalTime=26.49s | Method=fedcda
[Round 002/100] Acc=11.310 | RoundTime=26.61s | TotalTime=53.10s | Method=fedcda
[Round 003/100] Acc=13.610 | RoundTime=26.31s | TotalTime=79.41s | Method=fedcda
[Round 004/100] Acc=13.300 | RoundTime=25.99s | TotalTime=105.39s | Method=fedcda
[Round 005/100] Acc=10.240 | RoundTime=25.37s | TotalTime=130.77s | Method=fedcda
[Round 006/100] Acc=21.820 | RoundTime=25.61s | TotalTime=156.38s | Method=fedcda
[Round 007/100] Acc=24.690 | RoundTime=26.34s | TotalTime=182.72s | Method=fedcda
[Round 008/100] Acc=20.230 | RoundTime=26.61s | TotalTime=209.34s | Method=fedcda
[Round 009/100] Acc=14.710 | RoundTime=25.50s | TotalTime=234.83s | Method=fedcda
[Round 010/100] Acc=17.200 | RoundTime=25.68s | TotalTime=260.52s | Method=fedcda
[Round 011/100] Acc=11.680 | RoundTime=27.57s | TotalTime=288.09s | Method=fedcda
[Round 012/100] Acc=13.590 | RoundTime=25.47s | TotalTime=313.56s | Method=fedcda
