nohup: 忽略输入
[Info] Total jobs: 16
[Info] GPU: 3
[Info] Max parallel jobs: 4
[Info] Logs: /root/workspace/test/kiwi/DenoiseFL/baseline_logs_le5_last1
[Launch] fedcda_fl_cifar10_alpha0.1
[Log] /root/workspace/test/kiwi/DenoiseFL/baseline_logs_le5_last1/fedcda_fl_cifar10_alpha0.1.log
[Launch] fedcda_fl_cifar10_alpha0.3
[Log] /root/workspace/test/kiwi/DenoiseFL/baseline_logs_le5_last1/fedcda_fl_cifar10_alpha0.3.log
[Launch] fedcda_fl_cifar10_alpha0.5
[Log] /root/workspace/test/kiwi/DenoiseFL/baseline_logs_le5_last1/fedcda_fl_cifar10_alpha0.5.log
[Launch] fedcda_fl_cifar10_alpha0.8
[Log] /root/workspace/test/kiwi/DenoiseFL/baseline_logs_le5_last1/fedcda_fl_cifar10_alpha0.8.log
[Launch] fedcda_fl_cifar100_alpha0.1
[Log] /root/workspace/test/kiwi/DenoiseFL/baseline_logs_le5_last1/fedcda_fl_cifar100_alpha0.1.log
[Launch] fedcda_fl_cifar100_alpha0.3
[Log] /root/workspace/test/kiwi/DenoiseFL/baseline_logs_le5_last1/fedcda_fl_cifar100_alpha0.3.log
[Launch] fedcda_fl_cifar100_alpha0.5
[Log] /root/workspace/test/kiwi/DenoiseFL/baseline_logs_le5_last1/fedcda_fl_cifar100_alpha0.5.log
[Launch] fedcda_fl_cifar100_alpha0.8
[Log] /root/workspace/test/kiwi/DenoiseFL/baseline_logs_le5_last1/fedcda_fl_cifar100_alpha0.8.log
[Launch] fedcda_fl_mnist_alpha0.1
[Log] /root/workspace/test/kiwi/DenoiseFL/baseline_logs_le5_last1/fedcda_fl_mnist_alpha0.1.log
[Launch] fedcda_fl_mnist_alpha0.3
[Log] /root/workspace/test/kiwi/DenoiseFL/baseline_logs_le5_last1/fedcda_fl_mnist_alpha0.3.log
[Launch] fedcda_fl_mnist_alpha0.5
[Log] /root/workspace/test/kiwi/DenoiseFL/baseline_logs_le5_last1/fedcda_fl_mnist_alpha0.5.log
[Launch] fedcda_fl_mnist_alpha0.8
[Log] /root/workspace/test/kiwi/DenoiseFL/baseline_logs_le5_last1/fedcda_fl_mnist_alpha0.8.log
