fedgloss_100_fl_cifar10_pm-dirichlet_alpha-0.8_nm-uniform_nr-0.3_0.1_100_10
/miniforge/lib/python3.12/site-packages/torchvision/datasets/cifar.py:83: VisibleDeprecationWarning: dtype(): align should be passed as Python or NumPy boolean but got `align=0`. Did you mean to pass a tuple to create a subarray type? (Deprecated NumPy 2.4)
  entry = pickle.load(f, encoding="latin1")
mean: 500.0
std: 0.0
Data statistics: {0: {0: 83, 1: 54, 2: 84, 3: 60, 4: 30, 5: 38, 6: 68, 7: 45, 8: 13, 9: 25}, 1: {0: 22, 1: 29, 2: 46, 3: 32, 4: 71, 5: 38, 6: 43, 7: 25, 8: 73, 9: 121}, 2: {0: 21, 1: 142, 2: 53, 3: 82, 4: 116, 5: 24, 6: 14, 7: 11, 8: 21, 9: 16}, 3: {0: 36, 1: 24, 2: 104, 3: 11, 4: 37, 5: 29, 6: 63, 7: 26, 8: 87, 9: 83}, 4: {0: 59, 1: 16, 2: 44, 3: 41, 4: 65, 5: 38, 6: 48, 7: 38, 8: 59, 9: 92}, 5: {0: 79, 1: 17, 2: 48, 3: 20, 4: 23, 5: 34, 6: 106, 7: 80, 8: 27, 9: 66}, 6: {0: 18, 1: 59, 2: 30, 3: 22, 4: 22, 5: 24, 6: 50, 7: 33, 8: 153, 9: 89}, 7: {0: 34, 1: 43, 2: 22, 3: 37, 4: 22, 5: 29, 6: 24, 7: 24, 8: 37, 9: 228}, 8: {0: 53, 1: 20, 2: 23, 3: 18, 4: 81, 5: 33, 6: 29, 7: 74, 8: 154, 9: 15}, 9: {0: 65, 1: 24, 2: 33, 3: 16, 4: 66, 5: 40, 6: 27, 7: 92, 8: 54, 9: 83}, 10: {0: 11, 1: 56, 2: 39, 3: 58, 4: 24, 5: 27, 6: 101, 7: 53, 8: 85, 9: 46}, 11: {0: 79, 1: 36, 2: 23, 3: 49, 4: 26, 5: 20, 6: 25, 7: 29, 8: 46, 9: 167}, 12: {0: 55, 1: 21, 2: 65, 3: 24, 4: 19, 5: 45, 6: 102, 7: 41, 8: 49, 9: 79}, 13: {0: 49, 1: 80, 2: 59, 3: 61, 4: 48, 5: 53, 6: 89, 7: 18, 8: 19, 9: 24}, 14: {0: 51, 1: 59, 2: 67, 3: 38, 4: 26, 5: 10, 6: 39, 7: 150, 8: 43, 9: 17}, 15: {0: 83, 1: 35, 2: 31, 3: 71, 4: 73, 5: 14, 6: 18, 7: 12, 8: 136, 9: 27}, 16: {0: 36, 1: 79, 2: 26, 3: 100, 4: 46, 5: 104, 6: 44, 7: 34, 8: 12, 9: 19}, 17: {0: 26, 1: 55, 2: 16, 3: 18, 4: 37, 5: 12, 6: 50, 7: 21, 8: 165, 9: 100}, 18: {0: 18, 1: 79, 2: 60, 3: 33, 4: 23, 5: 138, 6: 18, 7: 21, 8: 25, 9: 85}, 19: {0: 27, 1: 9, 2: 41, 3: 43, 4: 84, 5: 41, 6: 35, 7: 97, 8: 98, 9: 25}, 20: {0: 25, 1: 18, 2: 20, 3: 98, 4: 55, 5: 55, 6: 52, 7: 137, 8: 24, 9: 16}, 21: {0: 15, 1: 14, 2: 93, 3: 108, 4: 46, 5: 23, 6: 77, 7: 19, 8: 86, 9: 19}, 22: {0: 16, 1: 40, 2: 69, 3: 51, 4: 44, 5: 30, 6: 48, 7: 58, 8: 126, 9: 18}, 23: {0: 30, 1: 40, 2: 30, 3: 34, 4: 24, 5: 34, 6: 18, 7: 188, 8: 51, 9: 51}, 24: {0: 42, 1: 198, 2: 18, 3: 65, 4: 48, 5: 59, 6: 21, 7: 16, 8: 20, 9: 13}, 25: {0: 12, 1: 42, 2: 32, 3: 76, 4: 31, 5: 45, 6: 33, 7: 67, 8: 52, 9: 110}, 26: {0: 31, 1: 34, 2: 82, 3: 24, 4: 56, 5: 54, 6: 41, 7: 15, 8: 23, 9: 140}, 27: {0: 52, 1: 15, 2: 19, 3: 105, 4: 39, 5: 103, 6: 34, 7: 32, 8: 23, 9: 78}, 28: {0: 83, 1: 37, 2: 22, 3: 16, 4: 44, 5: 24, 6: 27, 7: 87, 8: 150, 9: 10}, 29: {0: 62, 1: 82, 2: 45, 3: 55, 4: 22, 5: 37, 6: 69, 7: 93, 8: 18, 9: 17}, 30: {0: 75, 1: 98, 2: 12, 3: 41, 4: 19, 5: 27, 6: 29, 7: 82, 8: 105, 9: 12}, 31: {0: 37, 1: 55, 2: 102, 3: 83, 4: 59, 5: 26, 6: 36, 7: 21, 8: 64, 9: 17}, 32: {0: 18, 1: 15, 2: 61, 3: 58, 4: 20, 5: 22, 6: 201, 7: 52, 8: 28, 9: 25}, 33: {0: 46, 1: 37, 2: 125, 3: 47, 4: 73, 5: 46, 6: 43, 7: 57, 8: 12, 9: 14}, 34: {0: 27, 1: 35, 2: 27, 3: 31, 4: 28, 5: 28, 6: 79, 7: 115, 8: 103, 9: 27}, 35: {0: 135, 1: 34, 2: 31, 3: 19, 4: 69, 5: 24, 6: 71, 7: 85, 8: 14, 9: 18}, 36: {0: 105, 1: 18, 2: 34, 3: 31, 4: 25, 5: 25, 6: 45, 7: 65, 8: 134, 9: 18}, 37: {0: 28, 1: 24, 2: 19, 3: 25, 4: 24, 5: 142, 6: 17, 7: 33, 8: 28, 9: 160}, 38: {0: 136, 1: 37, 2: 48, 3: 14, 4: 30, 5: 35, 6: 18, 7: 47, 8: 84, 9: 51}, 39: {0: 86, 1: 72, 2: 68, 3: 25, 4: 34, 5: 25, 6: 31, 7: 21, 8: 120, 9: 18}, 40: {0: 181, 1: 38, 2: 16, 3: 154, 4: 24, 5: 17, 6: 18, 7: 17, 8: 20, 9: 15}, 41: {0: 113, 1: 90, 2: 63, 3: 17, 4: 21, 5: 53, 6: 69, 7: 43, 8: 16, 9: 15}, 42: {0: 29, 1: 98, 2: 90, 3: 37, 4: 45, 5: 30, 6: 88, 7: 53, 8: 15, 9: 15}, 43: {0: 40, 1: 26, 2: 68, 3: 15, 4: 33, 5: 30, 6: 23, 7: 44, 8: 203, 9: 18}, 44: {0: 66, 1: 17, 2: 27, 3: 30, 4: 115, 5: 174, 6: 23, 7: 17, 8: 15, 9: 16}, 45: {0: 40, 1: 41, 2: 21, 3: 20, 4: 82, 5: 36, 6: 13, 7: 104, 8: 39, 9: 104}, 46: {0: 31, 1: 62, 2: 12, 3: 30, 4: 79, 5: 28, 6: 25, 7: 39, 8: 141, 9: 53}, 47: {0: 31, 1: 10, 2: 22, 3: 34, 4: 61, 5: 92, 6: 23, 7: 78, 8: 18, 9: 131}, 48: {0: 24, 1: 46, 2: 57, 3: 23, 4: 171, 5: 58, 6: 69, 7: 22, 8: 18, 9: 12}, 49: {0: 22, 1: 27, 2: 58, 3: 49, 4: 27, 5: 31, 6: 152, 7: 20, 8: 95, 9: 19}, 50: {0: 26, 1: 83, 2: 22, 3: 98, 4: 22, 5: 18, 6: 40, 7: 49, 8: 125, 9: 17}, 51: {0: 21, 1: 161, 2: 55, 3: 49, 4: 54, 5: 91, 6: 15, 7: 18, 8: 19, 9: 17}, 52: {0: 38, 1: 44, 2: 41, 3: 20, 4: 184, 5: 75, 6: 47, 7: 18, 8: 20, 9: 13}, 53: {0: 23, 1: 49, 2: 70, 3: 83, 4: 78, 5: 46, 6: 36, 7: 64, 8: 28, 9: 23}, 54: {0: 87, 1: 53, 2: 106, 3: 47, 4: 26, 5: 114, 6: 17, 7: 19, 8: 12, 9: 19}, 55: {0: 48, 1: 40, 2: 22, 3: 47, 4: 93, 5: 81, 6: 114, 7: 21, 8: 21, 9: 13}, 56: {0: 81, 1: 129, 2: 41, 3: 66, 4: 99, 5: 14, 6: 14, 7: 17, 8: 22, 9: 17}, 57: {0: 25, 1: 63, 2: 47, 3: 31, 4: 23, 5: 66, 6: 16, 7: 29, 8: 50, 9: 150}, 58: {0: 21, 1: 55, 2: 30, 3: 190, 4: 29, 5: 58, 6: 34, 7: 48, 8: 13, 9: 22}, 59: {0: 20, 1: 52, 2: 44, 3: 23, 4: 51, 5: 71, 6: 44, 7: 58, 8: 80, 9: 57}, 60: {0: 290, 1: 74, 2: 14, 3: 19, 4: 19, 5: 15, 6: 16, 7: 13, 8: 20, 9: 20}, 61: {0: 34, 1: 32, 2: 22, 3: 22, 4: 72, 5: 103, 6: 161, 7: 18, 8: 20, 9: 16}, 62: {0: 50, 1: 22, 2: 54, 3: 79, 4: 28, 5: 104, 6: 43, 7: 85, 8: 17, 9: 18}, 63: {0: 25, 1: 19, 2: 81, 3: 93, 4: 31, 5: 128, 6: 71, 7: 21, 8: 20, 9: 11}, 64: {0: 25, 1: 34, 2: 34, 3: 15, 4: 24, 5: 29, 6: 186, 7: 93, 8: 22, 9: 38}, 65: {0: 66, 1: 67, 2: 71, 3: 68, 4: 145, 5: 17, 6: 15, 7: 19, 8: 15, 9: 17}, 66: {0: 59, 1: 20, 2: 46, 3: 15, 4: 19, 5: 30, 6: 57, 7: 34, 8: 66, 9: 154}, 67: {0: 29, 1: 25, 2: 21, 3: 33, 4: 30, 5: 198, 6: 12, 7: 59, 8: 52, 9: 41}, 68: {0: 38, 1: 35, 2: 55, 3: 42, 4: 39, 5: 28, 6: 55, 7: 38, 8: 60, 9: 110}, 69: {0: 140, 1: 19, 2: 94, 3: 44, 4: 49, 5: 42, 6: 20, 7: 55, 8: 23, 9: 14}, 70: {0: 51, 1: 15, 2: 67, 3: 47, 4: 80, 5: 116, 6: 15, 7: 47, 8: 50, 9: 12}, 71: {0: 16, 1: 37, 2: 92, 3: 23, 4: 149, 5: 45, 6: 52, 7: 33, 8: 37, 9: 16}, 72: {0: 18, 1: 22, 2: 43, 3: 174, 4: 23, 5: 40, 6: 65, 7: 80, 8: 15, 9: 20}, 73: {0: 61, 1: 30, 2: 181, 3: 67, 4: 34, 5: 28, 6: 56, 7: 13, 8: 16, 9: 14}, 74: {0: 34, 1: 68, 2: 100, 3: 95, 4: 54, 5: 52, 6: 52, 7: 11, 8: 16, 9: 18}, 75: {0: 27, 1: 28, 2: 21, 3: 48, 4: 132, 5: 26, 6: 57, 7: 123, 8: 27, 9: 11}, 76: {0: 84, 1: 82, 2: 68, 3: 93, 4: 16, 5: 36, 6: 26, 7: 52, 8: 18, 9: 25}, 77: {0: 20, 1: 46, 2: 28, 3: 27, 4: 19, 5: 22, 6: 67, 7: 26, 8: 231, 9: 14}, 78: {0: 32, 1: 99, 2: 84, 3: 131, 4: 20, 5: 51, 6: 16, 7: 22, 8: 22, 9: 23}, 79: {0: 68, 1: 26, 2: 25, 3: 35, 4: 38, 5: 37, 6: 72, 7: 172, 8: 14, 9: 13}, 80: {0: 39, 1: 53, 2: 58, 3: 20, 4: 81, 5: 21, 6: 26, 7: 164, 8: 24, 9: 14}, 81: {0: 17, 1: 25, 2: 42, 3: 37, 4: 70, 5: 51, 6: 14, 7: 129, 8: 99, 9: 16}, 82: {0: 92, 1: 40, 2: 42, 3: 15, 4: 101, 5: 82, 6: 85, 7: 11, 8: 13, 9: 19}, 83: {0: 110, 1: 96, 2: 62, 3: 60, 4: 29, 5: 78, 6: 21, 7: 13, 8: 14, 9: 17}, 84: {0: 19, 1: 21, 2: 31, 3: 16, 4: 50, 5: 114, 6: 42, 7: 47, 8: 51, 9: 109}, 85: {0: 15, 1: 20, 2: 148, 3: 128, 4: 94, 5: 32, 6: 16, 7: 17, 8: 16, 9: 14}, 86: {0: 40, 1: 83, 2: 173, 3: 104, 4: 18, 5: 19, 6: 18, 7: 17, 8: 14, 9: 14}, 87: {0: 41, 1: 76, 2: 61, 3: 16, 4: 17, 5: 34, 6: 61, 7: 84, 8: 62, 9: 48}, 88: {0: 19, 1: 20, 2: 41, 3: 42, 4: 45, 5: 37, 6: 71, 7: 19, 8: 41, 9: 165}, 89: {0: 92, 1: 20, 2: 48, 3: 83, 4: 20, 5: 22, 6: 38, 7: 20, 8: 61, 9: 96}, 90: {0: 27, 1: 30, 2: 30, 3: 36, 4: 132, 5: 28, 6: 152, 7: 39, 8: 11, 9: 15}, 91: {0: 77, 1: 117, 2: 42, 3: 73, 4: 18, 5: 111, 6: 11, 7: 16, 8: 21, 9: 14}, 92: {0: 32, 1: 15, 2: 51, 3: 59, 4: 71, 5: 31, 6: 76, 7: 86, 8: 26, 9: 53}, 93: {0: 31, 1: 39, 2: 27, 3: 27, 4: 40, 5: 30, 6: 25, 7: 21, 8: 67, 9: 193}, 94: {0: 28, 1: 150, 2: 52, 3: 15, 4: 56, 5: 51, 6: 100, 7: 18, 8: 15, 9: 15}, 95: {0: 83, 1: 113, 2: 18, 3: 26, 4: 48, 5: 70, 6: 93, 7: 12, 8: 15, 9: 22}, 96: {0: 43, 1: 21, 2: 12, 3: 18, 4: 47, 5: 74, 6: 23, 7: 39, 8: 33, 9: 190}, 97: {0: 26, 1: 50, 2: 23, 3: 151, 4: 21, 5: 17, 6: 55, 7: 75, 8: 60, 9: 22}, 98: {0: 43, 1: 51, 2: 18, 3: 45, 4: 22, 5: 47, 6: 25, 7: 34, 8: 30, 9: 185}, 99: {0: 22, 1: 33, 2: 33, 3: 42, 4: 23, 5: 66, 6: 51, 7: 48, 8: 23, 9: 159}}
====================================================================================================
Training started at: 2026-03-14 11:30:24
Result directory: results/fl_cifar10/fedgloss/pm-dir_a-0.8_nm-uni_nr-0.3
Result txt file : results/fl_cifar10/fedgloss/pm-dir_a-0.8_nm-uni_nr-0.3/fedgloss_fl_cifar10_20260314-113024.txt
Result log file : results/fl_cifar10/fedgloss/pm-dir_a-0.8_nm-uni_nr-0.3/fedgloss_fl_cifar10_20260314-113024.log
----------------------------------------------------------------------------------------------------
Model: fedgloss
Dataset: fl_cifar10
Structure: homogeneity
Participants: 100
Online ratio: 0.1
Communication epochs: 100
Local epoch: 10
Local batch size: 64
Local lr: 0.01
Partition mode: dirichlet
Dirichlet alpha: 0.8
Noise mode: uniform
Noise rate: 0.3
Noise type: symmetric
Noise max: 0.3
Denoise score alpha: 0.5
Drop rate: 0.15
Denoise strategy: least_sim
FedProx mu: 0.01
FedRDN std: 0.01
FedCDA history size: NA
FedGLoSS beta: 0.01
Averaging: weight
Seed: 0
====================================================================================================
[Round 001/100] Acc=10.000 | RoundTime=56.51s | TotalTime=56.51s | Method=fedgloss
[Round 002/100] Acc=25.780 | RoundTime=54.68s | TotalTime=111.19s | Method=fedgloss
[Round 003/100] Acc=38.250 | RoundTime=55.23s | TotalTime=166.42s | Method=fedgloss
[Round 004/100] Acc=44.210 | RoundTime=55.00s | TotalTime=221.41s | Method=fedgloss
[Round 005/100] Acc=37.110 | RoundTime=55.74s | TotalTime=277.16s | Method=fedgloss
[Round 006/100] Acc=45.240 | RoundTime=56.48s | TotalTime=333.64s | Method=fedgloss
[Round 007/100] Acc=43.790 | RoundTime=54.40s | TotalTime=388.05s | Method=fedgloss
[Round 008/100] Acc=48.340 | RoundTime=54.30s | TotalTime=442.34s | Method=fedgloss
[Round 009/100] Acc=46.020 | RoundTime=55.66s | TotalTime=498.01s | Method=fedgloss
[Round 010/100] Acc=51.200 | RoundTime=57.37s | TotalTime=555.38s | Method=fedgloss
[Round 011/100] Acc=50.720 | RoundTime=55.95s | TotalTime=611.32s | Method=fedgloss
[Round 012/100] Acc=49.980 | RoundTime=56.05s | TotalTime=667.37s | Method=fedgloss
[Round 013/100] Acc=42.790 | RoundTime=55.03s | TotalTime=722.40s | Method=fedgloss
[Round 014/100] Acc=47.970 | RoundTime=56.21s | TotalTime=778.62s | Method=fedgloss
[Round 015/100] Acc=52.580 | RoundTime=57.09s | TotalTime=835.70s | Method=fedgloss
[Round 016/100] Acc=46.340 | RoundTime=55.80s | TotalTime=891.51s | Method=fedgloss
[Round 017/100] Acc=52.800 | RoundTime=56.01s | TotalTime=947.52s | Method=fedgloss
[Round 018/100] Acc=50.750 | RoundTime=55.55s | TotalTime=1003.07s | Method=fedgloss
[Round 019/100] Acc=52.340 | RoundTime=55.38s | TotalTime=1058.45s | Method=fedgloss
[Round 020/100] Acc=45.170 | RoundTime=56.23s | TotalTime=1114.69s | Method=fedgloss
[Round 021/100] Acc=51.780 | RoundTime=55.67s | TotalTime=1170.36s | Method=fedgloss
[Round 022/100] Acc=53.780 | RoundTime=55.18s | TotalTime=1225.54s | Method=fedgloss
[Round 023/100] Acc=47.260 | RoundTime=56.16s | TotalTime=1281.70s | Method=fedgloss
[Round 024/100] Acc=49.390 | RoundTime=55.72s | TotalTime=1337.41s | Method=fedgloss
[Round 025/100] Acc=49.470 | RoundTime=56.34s | TotalTime=1393.76s | Method=fedgloss
[Round 026/100] Acc=50.190 | RoundTime=55.43s | TotalTime=1449.19s | Method=fedgloss
[Round 027/100] Acc=52.300 | RoundTime=56.52s | TotalTime=1505.70s | Method=fedgloss
[Round 028/100] Acc=49.170 | RoundTime=56.06s | TotalTime=1561.77s | Method=fedgloss
[Round 029/100] Acc=50.240 | RoundTime=56.03s | TotalTime=1617.80s | Method=fedgloss
[Round 030/100] Acc=53.020 | RoundTime=56.95s | TotalTime=1674.75s | Method=fedgloss
[Round 031/100] Acc=50.560 | RoundTime=56.46s | TotalTime=1731.21s | Method=fedgloss
[Round 032/100] Acc=52.580 | RoundTime=56.33s | TotalTime=1787.53s | Method=fedgloss
[Round 033/100] Acc=45.520 | RoundTime=56.32s | TotalTime=1843.86s | Method=fedgloss
[Round 034/100] Acc=53.330 | RoundTime=55.54s | TotalTime=1899.40s | Method=fedgloss
[Round 035/100] Acc=49.620 | RoundTime=56.79s | TotalTime=1956.19s | Method=fedgloss
[Round 036/100] Acc=53.660 | RoundTime=55.69s | TotalTime=2011.88s | Method=fedgloss
[Round 037/100] Acc=48.910 | RoundTime=56.17s | TotalTime=2068.05s | Method=fedgloss
[Round 038/100] Acc=52.180 | RoundTime=55.32s | TotalTime=2123.37s | Method=fedgloss
[Round 039/100] Acc=48.260 | RoundTime=57.35s | TotalTime=2180.73s | Method=fedgloss
[Round 040/100] Acc=51.880 | RoundTime=55.81s | TotalTime=2236.54s | Method=fedgloss
[Round 041/100] Acc=52.090 | RoundTime=55.19s | TotalTime=2291.73s | Method=fedgloss
[Round 042/100] Acc=50.130 | RoundTime=56.53s | TotalTime=2348.26s | Method=fedgloss
[Round 043/100] Acc=53.630 | RoundTime=56.57s | TotalTime=2404.83s | Method=fedgloss
[Round 044/100] Acc=48.390 | RoundTime=56.46s | TotalTime=2461.29s | Method=fedgloss
[Round 045/100] Acc=49.670 | RoundTime=57.32s | TotalTime=2518.61s | Method=fedgloss
[Round 046/100] Acc=47.970 | RoundTime=55.22s | TotalTime=2573.83s | Method=fedgloss
[Round 047/100] Acc=51.150 | RoundTime=55.07s | TotalTime=2628.90s | Method=fedgloss
[Round 048/100] Acc=51.850 | RoundTime=56.10s | TotalTime=2685.00s | Method=fedgloss
[Round 049/100] Acc=53.580 | RoundTime=55.22s | TotalTime=2740.22s | Method=fedgloss
[Round 050/100] Acc=53.330 | RoundTime=56.26s | TotalTime=2796.49s | Method=fedgloss
[Round 051/100] Acc=50.000 | RoundTime=56.01s | TotalTime=2852.50s | Method=fedgloss
[Round 052/100] Acc=53.990 | RoundTime=55.39s | TotalTime=2907.89s | Method=fedgloss
[Round 053/100] Acc=49.880 | RoundTime=55.36s | TotalTime=2963.26s | Method=fedgloss
[Round 054/100] Acc=50.310 | RoundTime=56.08s | TotalTime=3019.34s | Method=fedgloss
[Round 055/100] Acc=53.750 | RoundTime=55.98s | TotalTime=3075.33s | Method=fedgloss
[Round 056/100] Acc=52.320 | RoundTime=55.51s | TotalTime=3130.84s | Method=fedgloss
[Round 057/100] Acc=52.400 | RoundTime=55.91s | TotalTime=3186.74s | Method=fedgloss
[Round 058/100] Acc=53.330 | RoundTime=55.75s | TotalTime=3242.49s | Method=fedgloss
[Round 059/100] Acc=51.600 | RoundTime=55.83s | TotalTime=3298.32s | Method=fedgloss
[Round 060/100] Acc=54.660 | RoundTime=56.63s | TotalTime=3354.96s | Method=fedgloss
[Round 061/100] Acc=52.650 | RoundTime=55.79s | TotalTime=3410.75s | Method=fedgloss
[Round 062/100] Acc=54.320 | RoundTime=56.22s | TotalTime=3466.97s | Method=fedgloss
[Round 063/100] Acc=52.290 | RoundTime=55.66s | TotalTime=3522.63s | Method=fedgloss
[Round 064/100] Acc=52.780 | RoundTime=55.64s | TotalTime=3578.27s | Method=fedgloss
[Round 065/100] Acc=50.820 | RoundTime=56.52s | TotalTime=3634.80s | Method=fedgloss
[Round 066/100] Acc=52.070 | RoundTime=55.94s | TotalTime=3690.73s | Method=fedgloss
[Round 067/100] Acc=52.610 | RoundTime=56.13s | TotalTime=3746.86s | Method=fedgloss
[Round 068/100] Acc=52.950 | RoundTime=55.33s | TotalTime=3802.19s | Method=fedgloss
[Round 069/100] Acc=47.040 | RoundTime=56.21s | TotalTime=3858.40s | Method=fedgloss
[Round 070/100] Acc=49.250 | RoundTime=56.28s | TotalTime=3914.69s | Method=fedgloss
[Round 071/100] Acc=51.190 | RoundTime=56.37s | TotalTime=3971.05s | Method=fedgloss
[Round 072/100] Acc=52.810 | RoundTime=55.42s | TotalTime=4026.48s | Method=fedgloss
[Round 073/100] Acc=49.940 | RoundTime=55.63s | TotalTime=4082.11s | Method=fedgloss
[Round 074/100] Acc=49.350 | RoundTime=56.09s | TotalTime=4138.20s | Method=fedgloss
[Round 075/100] Acc=52.190 | RoundTime=56.95s | TotalTime=4195.15s | Method=fedgloss
[Round 076/100] Acc=50.840 | RoundTime=56.19s | TotalTime=4251.34s | Method=fedgloss
[Round 077/100] Acc=50.350 | RoundTime=55.69s | TotalTime=4307.03s | Method=fedgloss
[Round 078/100] Acc=51.810 | RoundTime=54.82s | TotalTime=4361.85s | Method=fedgloss
[Round 079/100] Acc=52.960 | RoundTime=55.08s | TotalTime=4416.93s | Method=fedgloss
[Round 080/100] Acc=53.310 | RoundTime=55.56s | TotalTime=4472.49s | Method=fedgloss
[Round 081/100] Acc=53.780 | RoundTime=55.11s | TotalTime=4527.60s | Method=fedgloss
[Round 082/100] Acc=51.620 | RoundTime=55.03s | TotalTime=4582.63s | Method=fedgloss
[Round 083/100] Acc=52.620 | RoundTime=54.68s | TotalTime=4637.31s | Method=fedgloss
[Round 084/100] Acc=52.760 | RoundTime=54.99s | TotalTime=4692.30s | Method=fedgloss
[Round 085/100] Acc=51.190 | RoundTime=55.69s | TotalTime=4747.99s | Method=fedgloss
[Round 086/100] Acc=50.490 | RoundTime=55.61s | TotalTime=4803.60s | Method=fedgloss
[Round 087/100] Acc=53.140 | RoundTime=54.93s | TotalTime=4858.52s | Method=fedgloss
[Round 088/100] Acc=51.210 | RoundTime=55.03s | TotalTime=4913.55s | Method=fedgloss
[Round 089/100] Acc=51.420 | RoundTime=55.08s | TotalTime=4968.64s | Method=fedgloss
[Round 090/100] Acc=50.690 | RoundTime=55.57s | TotalTime=5024.21s | Method=fedgloss
[Round 091/100] Acc=50.780 | RoundTime=55.15s | TotalTime=5079.36s | Method=fedgloss
[Round 092/100] Acc=52.580 | RoundTime=54.65s | TotalTime=5134.01s | Method=fedgloss
[Round 093/100] Acc=52.170 | RoundTime=54.53s | TotalTime=5188.54s | Method=fedgloss
[Round 094/100] Acc=53.060 | RoundTime=54.25s | TotalTime=5242.79s | Method=fedgloss
[Round 095/100] Acc=51.280 | RoundTime=54.96s | TotalTime=5297.75s | Method=fedgloss
[Round 096/100] Acc=53.880 | RoundTime=55.60s | TotalTime=5353.35s | Method=fedgloss
[Round 097/100] Acc=51.550 | RoundTime=55.83s | TotalTime=5409.19s | Method=fedgloss
[Round 098/100] Acc=54.040 | RoundTime=55.23s | TotalTime=5464.41s | Method=fedgloss
[Round 099/100] Acc=51.360 | RoundTime=54.46s | TotalTime=5518.87s | Method=fedgloss
[Round 100/100] Acc=52.260 | RoundTime=55.20s | TotalTime=5574.08s | Method=fedgloss
====================================================================================================
Training finished at: 2026-03-14 13:03:18
Total elapsed time: 5574.08s
Final Acc: 52.260
Best Acc : 54.660
====================================================================================================
