fedgloss_100_fl_mnist_pm-dirichlet_alpha-0.3_nm-uniform_nr-0.3_0.1_100_10
mean: 600.0
std: 0.0
Data statistics: {0: {0: 41, 1: 28, 2: 24, 3: 14, 4: 23, 5: 21, 6: 42, 7: 30, 8: 46, 9: 331}, 1: {0: 54, 1: 46, 2: 17, 3: 19, 4: 21, 5: 21, 6: 203, 7: 20, 8: 46, 9: 153}, 2: {0: 52, 1: 160, 2: 29, 3: 28, 4: 40, 5: 96, 6: 32, 7: 124, 8: 14, 9: 25}, 3: {0: 21, 1: 14, 2: 70, 3: 203, 4: 28, 5: 26, 6: 83, 7: 28, 8: 112, 9: 15}, 4: {0: 25, 1: 19, 2: 19, 3: 24, 4: 22, 5: 33, 6: 213, 7: 21, 8: 206, 9: 18}, 5: {0: 20, 1: 32, 2: 64, 3: 21, 4: 164, 5: 149, 6: 43, 7: 63, 8: 24, 9: 20}, 6: {0: 73, 1: 44, 2: 16, 3: 37, 4: 27, 5: 32, 6: 24, 7: 25, 8: 135, 9: 187}, 7: {0: 39, 1: 64, 2: 70, 3: 15, 4: 21, 5: 43, 6: 24, 7: 18, 8: 23, 9: 283}, 8: {0: 37, 1: 33, 2: 23, 3: 18, 4: 18, 5: 22, 6: 13, 7: 23, 8: 55, 9: 358}, 9: {0: 56, 1: 44, 2: 180, 3: 36, 4: 23, 5: 100, 6: 23, 7: 87, 8: 35, 9: 16}, 10: {0: 188, 1: 96, 2: 38, 3: 20, 4: 36, 5: 48, 6: 122, 7: 16, 8: 18, 9: 18}, 11: {0: 22, 1: 21, 2: 22, 3: 34, 4: 21, 5: 29, 6: 397, 7: 19, 8: 20, 9: 15}, 12: {0: 29, 1: 202, 2: 181, 3: 28, 4: 66, 5: 28, 6: 13, 7: 22, 8: 14, 9: 17}, 13: {0: 17, 1: 28, 2: 18, 3: 19, 4: 31, 5: 16, 6: 39, 7: 230, 8: 29, 9: 173}, 14: {0: 18, 1: 27, 2: 23, 3: 71, 4: 72, 5: 80, 6: 51, 7: 21, 8: 215, 9: 22}, 15: {0: 23, 1: 27, 2: 15, 3: 115, 4: 47, 5: 297, 6: 15, 7: 19, 8: 16, 9: 26}, 16: {0: 31, 1: 49, 2: 23, 3: 30, 4: 11, 5: 25, 6: 34, 7: 220, 8: 162, 9: 15}, 17: {0: 28, 1: 30, 2: 25, 3: 14, 4: 149, 5: 22, 6: 21, 7: 19, 8: 262, 9: 30}, 18: {0: 18, 1: 17, 2: 222, 3: 222, 4: 27, 5: 21, 6: 16, 7: 11, 8: 22, 9: 24}, 19: {0: 37, 1: 68, 2: 30, 3: 45, 4: 21, 5: 35, 6: 105, 7: 69, 8: 18, 9: 172}, 20: {0: 124, 1: 42, 2: 31, 3: 16, 4: 19, 5: 40, 6: 199, 7: 42, 8: 66, 9: 21}, 21: {0: 22, 1: 76, 2: 24, 3: 40, 4: 161, 5: 16, 6: 56, 7: 20, 8: 16, 9: 169}, 22: {0: 23, 1: 27, 2: 27, 3: 224, 4: 19, 5: 18, 6: 97, 7: 55, 8: 89, 9: 21}, 23: {0: 223, 1: 31, 2: 215, 3: 12, 4: 16, 5: 16, 6: 23, 7: 18, 8: 25, 9: 21}, 24: {0: 57, 1: 163, 2: 20, 3: 50, 4: 62, 5: 152, 6: 38, 7: 22, 8: 17, 9: 19}, 25: {0: 20, 1: 34, 2: 100, 3: 22, 4: 90, 5: 28, 6: 102, 7: 20, 8: 165, 9: 19}, 26: {0: 158, 1: 66, 2: 36, 3: 114, 4: 25, 5: 117, 6: 25, 7: 18, 8: 18, 9: 23}, 27: {0: 23, 1: 48, 2: 124, 3: 16, 4: 36, 5: 19, 6: 18, 7: 41, 8: 112, 9: 163}, 28: {0: 306, 1: 38, 2: 29, 3: 18, 4: 107, 5: 24, 6: 18, 7: 18, 8: 22, 9: 20}, 29: {0: 28, 1: 21, 2: 40, 3: 18, 4: 277, 5: 145, 6: 16, 7: 20, 8: 21, 9: 14}, 30: {0: 37, 1: 17, 2: 90, 3: 175, 4: 51, 5: 45, 6: 56, 7: 52, 8: 24, 9: 53}, 31: {0: 22, 1: 17, 2: 16, 3: 38, 4: 23, 5: 226, 6: 23, 7: 44, 8: 48, 9: 143}, 32: {0: 45, 1: 20, 2: 21, 3: 27, 4: 26, 5: 27, 6: 93, 7: 140, 8: 183, 9: 18}, 33: {0: 167, 1: 106, 2: 151, 3: 26, 4: 18, 5: 49, 6: 30, 7: 17, 8: 18, 9: 18}, 34: {0: 19, 1: 132, 2: 19, 3: 112, 4: 70, 5: 118, 6: 56, 7: 40, 8: 13, 9: 21}, 35: {0: 27, 1: 145, 2: 17, 3: 50, 4: 18, 5: 179, 6: 39, 7: 15, 8: 83, 9: 27}, 36: {0: 39, 1: 126, 2: 17, 3: 18, 4: 268, 5: 52, 6: 20, 7: 19, 8: 18, 9: 23}, 37: {0: 22, 1: 25, 2: 18, 3: 266, 4: 33, 5: 133, 6: 23, 7: 42, 8: 19, 9: 19}, 38: {0: 82, 1: 19, 2: 81, 3: 25, 4: 15, 5: 135, 6: 28, 7: 57, 8: 33, 9: 125}, 39: {0: 86, 1: 86, 2: 71, 3: 76, 4: 39, 5: 18, 6: 159, 7: 19, 8: 23, 9: 23}, 40: {0: 25, 1: 24, 2: 27, 3: 23, 4: 128, 5: 16, 6: 20, 7: 245, 8: 22, 9: 70}, 41: {0: 50, 1: 23, 2: 19, 3: 387, 4: 24, 5: 24, 6: 16, 7: 22, 8: 16, 9: 19}, 42: {0: 27, 1: 230, 2: 60, 3: 18, 4: 15, 5: 39, 6: 31, 7: 23, 8: 138, 9: 19}, 43: {0: 54, 1: 45, 2: 47, 3: 36, 4: 28, 5: 21, 6: 250, 7: 15, 8: 87, 9: 17}, 44: {0: 22, 1: 143, 2: 20, 3: 217, 4: 33, 5: 85, 6: 23, 7: 13, 8: 17, 9: 27}, 45: {0: 210, 1: 23, 2: 18, 3: 26, 4: 150, 5: 50, 6: 31, 7: 59, 8: 12, 9: 21}, 46: {0: 315, 1: 124, 2: 17, 3: 22, 4: 26, 5: 18, 6: 17, 7: 16, 8: 27, 9: 18}, 47: {0: 55, 1: 25, 2: 21, 3: 63, 4: 75, 5: 84, 6: 24, 7: 18, 8: 19, 9: 216}, 48: {0: 22, 1: 16, 2: 76, 3: 172, 4: 119, 5: 16, 6: 113, 7: 13, 8: 24, 9: 29}, 49: {0: 27, 1: 28, 2: 18, 3: 41, 4: 52, 5: 66, 6: 310, 7: 13, 8: 23, 9: 22}, 50: {0: 22, 1: 18, 2: 100, 3: 17, 4: 30, 5: 28, 6: 86, 7: 52, 8: 38, 9: 209}, 51: {0: 67, 1: 18, 2: 92, 3: 37, 4: 185, 5: 72, 6: 33, 7: 20, 8: 64, 9: 12}, 52: {0: 233, 1: 21, 2: 205, 3: 24, 4: 27, 5: 16, 6: 22, 7: 15, 8: 22, 9: 15}, 53: {0: 16, 1: 31, 2: 142, 3: 19, 4: 209, 5: 47, 6: 63, 7: 17, 8: 29, 9: 27}, 54: {0: 24, 1: 132, 2: 21, 3: 33, 4: 14, 5: 21, 6: 13, 7: 245, 8: 38, 9: 59}, 55: {0: 20, 1: 49, 2: 33, 3: 28, 4: 34, 5: 31, 6: 23, 7: 78, 8: 281, 9: 23}, 56: {0: 42, 1: 32, 2: 25, 3: 17, 4: 39, 5: 18, 6: 14, 7: 22, 8: 368, 9: 23}, 57: {0: 29, 1: 22, 2: 183, 3: 37, 4: 46, 5: 77, 6: 24, 7: 34, 8: 127, 9: 21}, 58: {0: 157, 1: 118, 2: 23, 3: 23, 4: 44, 5: 62, 6: 112, 7: 16, 8: 18, 9: 27}, 59: {0: 241, 1: 93, 2: 93, 3: 53, 4: 18, 5: 19, 6: 20, 7: 19, 8: 22, 9: 22}, 60: {0: 18, 1: 201, 2: 26, 3: 17, 4: 17, 5: 21, 6: 79, 7: 45, 8: 157, 9: 19}, 61: {0: 12, 1: 32, 2: 45, 3: 42, 4: 38, 5: 144, 6: 22, 7: 26, 8: 117, 9: 122}, 62: {0: 21, 1: 241, 2: 20, 3: 179, 4: 46, 5: 16, 6: 20, 7: 20, 8: 17, 9: 20}, 63: {0: 135, 1: 306, 2: 22, 3: 11, 4: 17, 5: 21, 6: 24, 7: 27, 8: 17, 9: 20}, 64: {0: 19, 1: 43, 2: 79, 3: 42, 4: 87, 5: 89, 6: 60, 7: 34, 8: 129, 9: 18}, 65: {0: 31, 1: 39, 2: 27, 3: 160, 4: 20, 5: 22, 6: 30, 7: 15, 8: 18, 9: 238}, 66: {0: 20, 1: 23, 2: 55, 3: 33, 4: 21, 5: 24, 6: 91, 7: 295, 8: 21, 9: 17}, 67: {0: 31, 1: 32, 2: 55, 3: 364, 4: 15, 5: 20, 6: 19, 7: 19, 8: 21, 9: 24}, 68: {0: 14, 1: 27, 2: 46, 3: 126, 4: 18, 5: 110, 6: 21, 7: 47, 8: 154, 9: 37}, 69: {0: 40, 1: 19, 2: 27, 3: 16, 4: 27, 5: 35, 6: 88, 7: 67, 8: 57, 9: 224}, 70: {0: 45, 1: 19, 2: 20, 3: 15, 4: 183, 5: 19, 6: 28, 7: 231, 8: 17, 9: 23}, 71: {0: 20, 1: 23, 2: 17, 3: 25, 4: 109, 5: 73, 6: 17, 7: 275, 8: 20, 9: 21}, 72: {0: 51, 1: 20, 2: 138, 3: 34, 4: 36, 5: 111, 6: 22, 7: 146, 8: 18, 9: 24}, 73: {0: 22, 1: 81, 2: 53, 3: 78, 4: 12, 5: 110, 6: 136, 7: 65, 8: 19, 9: 24}, 74: {0: 71, 1: 266, 2: 120, 3: 17, 4: 29, 5: 15, 6: 21, 7: 18, 8: 23, 9: 20}, 75: {0: 62, 1: 20, 2: 379, 3: 27, 4: 21, 5: 23, 6: 13, 7: 17, 8: 19, 9: 19}, 76: {0: 43, 1: 19, 2: 19, 3: 65, 4: 92, 5: 88, 6: 78, 7: 28, 8: 148, 9: 20}, 77: {0: 19, 1: 25, 2: 22, 3: 97, 4: 23, 5: 20, 6: 329, 7: 19, 8: 25, 9: 21}, 78: {0: 81, 1: 53, 2: 152, 3: 24, 4: 19, 5: 189, 6: 17, 7: 21, 8: 17, 9: 27}, 79: {0: 158, 1: 53, 2: 23, 3: 254, 4: 16, 5: 28, 6: 14, 7: 17, 8: 17, 9: 20}, 80: {0: 110, 1: 27, 2: 38, 3: 25, 4: 46, 5: 24, 6: 30, 7: 233, 8: 25, 9: 42}, 81: {0: 20, 1: 216, 2: 11, 3: 21, 4: 49, 5: 100, 6: 21, 7: 127, 8: 25, 9: 10}, 82: {0: 37, 1: 35, 2: 21, 3: 63, 4: 31, 5: 16, 6: 23, 7: 331, 8: 17, 9: 26}, 83: {0: 26, 1: 219, 2: 22, 3: 22, 4: 21, 5: 50, 6: 92, 7: 100, 8: 34, 9: 14}, 84: {0: 20, 1: 22, 2: 41, 3: 31, 4: 20, 5: 23, 6: 77, 7: 244, 8: 98, 9: 24}, 85: {0: 20, 1: 30, 2: 28, 3: 23, 4: 28, 5: 15, 6: 29, 7: 25, 8: 25, 9: 377}, 86: {0: 74, 1: 132, 2: 35, 3: 62, 4: 11, 5: 200, 6: 18, 7: 26, 8: 21, 9: 21}, 87: {0: 65, 1: 92, 2: 69, 3: 16, 4: 29, 5: 129, 6: 28, 7: 123, 8: 31, 9: 18}, 88: {0: 35, 1: 22, 2: 17, 3: 26, 4: 19, 5: 17, 6: 12, 7: 186, 8: 62, 9: 204}, 89: {0: 18, 1: 16, 2: 20, 3: 27, 4: 284, 5: 43, 6: 26, 7: 116, 8: 26, 9: 24}, 90: {0: 20, 1: 31, 2: 41, 3: 23, 4: 138, 5: 30, 6: 40, 7: 33, 8: 21, 9: 223}, 91: {0: 65, 1: 35, 2: 25, 3: 25, 4: 359, 5: 23, 6: 23, 7: 16, 8: 14, 9: 15}, 92: {0: 50, 1: 77, 2: 78, 3: 33, 4: 47, 5: 42, 6: 140, 7: 23, 8: 97, 9: 13}, 93: {0: 76, 1: 94, 2: 73, 3: 12, 4: 78, 5: 18, 6: 23, 7: 27, 8: 77, 9: 122}, 94: {0: 20, 1: 17, 2: 31, 3: 29, 4: 15, 5: 28, 6: 94, 7: 88, 8: 258, 9: 20}, 95: {0: 28, 1: 66, 2: 40, 3: 19, 4: 239, 5: 27, 6: 71, 7: 26, 8: 57, 9: 27}, 96: {0: 260, 1: 176, 2: 17, 3: 23, 4: 16, 5: 25, 6: 19, 7: 15, 8: 22, 9: 27}, 97: {0: 92, 1: 31, 2: 26, 3: 76, 4: 43, 5: 17, 6: 82, 7: 199, 8: 16, 9: 18}, 98: {0: 31, 1: 42, 2: 20, 3: 258, 4: 28, 5: 90, 6: 72, 7: 19, 8: 17, 9: 23}, 99: {0: 31, 1: 27, 2: 380, 3: 44, 4: 21, 5: 22, 6: 21, 7: 17, 8: 18, 9: 19}}
====================================================================================================
Training started at: 2026-03-14 11:30:22
Result directory: results/fl_mnist/fedgloss/pm-dir_a-0.3_nm-uni_nr-0.3
Result txt file : results/fl_mnist/fedgloss/pm-dir_a-0.3_nm-uni_nr-0.3/fedgloss_fl_mnist_20260314-113022.txt
Result log file : results/fl_mnist/fedgloss/pm-dir_a-0.3_nm-uni_nr-0.3/fedgloss_fl_mnist_20260314-113022.log
----------------------------------------------------------------------------------------------------
Model: fedgloss
Dataset: fl_mnist
Structure: homogeneity
Participants: 100
Online ratio: 0.1
Communication epochs: 100
Local epoch: 10
Local batch size: 64
Local lr: 0.01
Partition mode: dirichlet
Dirichlet alpha: 0.3
Noise mode: uniform
Noise rate: 0.3
Noise type: symmetric
Noise max: 0.3
Denoise score alpha: 0.5
Drop rate: 0.15
Denoise strategy: least_sim
FedProx mu: 0.01
FedRDN std: 0.01
FedCDA history size: NA
FedGLoSS beta: 0.01
Averaging: weight
Seed: 0
====================================================================================================
[Round 001/100] Acc=11.350 | RoundTime=70.94s | TotalTime=70.94s | Method=fedgloss
[Round 002/100] Acc=23.650 | RoundTime=68.98s | TotalTime=139.92s | Method=fedgloss
[Round 003/100] Acc=91.830 | RoundTime=70.39s | TotalTime=210.32s | Method=fedgloss
[Round 004/100] Acc=94.730 | RoundTime=69.50s | TotalTime=279.82s | Method=fedgloss
[Round 005/100] Acc=95.150 | RoundTime=70.62s | TotalTime=350.44s | Method=fedgloss
[Round 006/100] Acc=94.210 | RoundTime=70.38s | TotalTime=420.82s | Method=fedgloss
[Round 007/100] Acc=94.530 | RoundTime=70.40s | TotalTime=491.22s | Method=fedgloss
[Round 008/100] Acc=84.650 | RoundTime=70.19s | TotalTime=561.40s | Method=fedgloss
[Round 009/100] Acc=92.670 | RoundTime=70.07s | TotalTime=631.47s | Method=fedgloss
[Round 010/100] Acc=91.510 | RoundTime=70.45s | TotalTime=701.92s | Method=fedgloss
[Round 011/100] Acc=93.840 | RoundTime=70.98s | TotalTime=772.90s | Method=fedgloss
[Round 012/100] Acc=92.270 | RoundTime=69.85s | TotalTime=842.75s | Method=fedgloss
[Round 013/100] Acc=91.940 | RoundTime=70.93s | TotalTime=913.69s | Method=fedgloss
[Round 014/100] Acc=93.550 | RoundTime=70.31s | TotalTime=984.00s | Method=fedgloss
[Round 015/100] Acc=92.170 | RoundTime=70.98s | TotalTime=1054.99s | Method=fedgloss
[Round 016/100] Acc=92.430 | RoundTime=69.17s | TotalTime=1124.15s | Method=fedgloss
[Round 017/100] Acc=93.190 | RoundTime=70.77s | TotalTime=1194.93s | Method=fedgloss
[Round 018/100] Acc=92.190 | RoundTime=69.56s | TotalTime=1264.49s | Method=fedgloss
[Round 019/100] Acc=93.020 | RoundTime=71.14s | TotalTime=1335.62s | Method=fedgloss
[Round 020/100] Acc=92.880 | RoundTime=69.74s | TotalTime=1405.37s | Method=fedgloss
[Round 021/100] Acc=91.300 | RoundTime=70.29s | TotalTime=1475.66s | Method=fedgloss
[Round 022/100] Acc=91.550 | RoundTime=70.00s | TotalTime=1545.66s | Method=fedgloss
[Round 023/100] Acc=90.680 | RoundTime=69.95s | TotalTime=1615.61s | Method=fedgloss
[Round 024/100] Acc=93.620 | RoundTime=68.93s | TotalTime=1684.55s | Method=fedgloss
[Round 025/100] Acc=91.090 | RoundTime=71.94s | TotalTime=1756.48s | Method=fedgloss
[Round 026/100] Acc=91.300 | RoundTime=69.69s | TotalTime=1826.17s | Method=fedgloss
[Round 027/100] Acc=91.890 | RoundTime=70.38s | TotalTime=1896.55s | Method=fedgloss
[Round 028/100] Acc=90.950 | RoundTime=69.70s | TotalTime=1966.25s | Method=fedgloss
[Round 029/100] Acc=91.300 | RoundTime=71.07s | TotalTime=2037.33s | Method=fedgloss
[Round 030/100] Acc=91.990 | RoundTime=69.97s | TotalTime=2107.30s | Method=fedgloss
[Round 031/100] Acc=92.960 | RoundTime=69.90s | TotalTime=2177.19s | Method=fedgloss
[Round 032/100] Acc=92.330 | RoundTime=71.19s | TotalTime=2248.39s | Method=fedgloss
[Round 033/100] Acc=93.290 | RoundTime=68.88s | TotalTime=2317.27s | Method=fedgloss
[Round 034/100] Acc=92.150 | RoundTime=72.85s | TotalTime=2390.11s | Method=fedgloss
[Round 035/100] Acc=89.280 | RoundTime=71.91s | TotalTime=2462.03s | Method=fedgloss
[Round 036/100] Acc=93.020 | RoundTime=70.02s | TotalTime=2532.05s | Method=fedgloss
[Round 037/100] Acc=92.240 | RoundTime=70.43s | TotalTime=2602.48s | Method=fedgloss
[Round 038/100] Acc=91.420 | RoundTime=68.84s | TotalTime=2671.32s | Method=fedgloss
[Round 039/100] Acc=93.490 | RoundTime=70.72s | TotalTime=2742.04s | Method=fedgloss
[Round 040/100] Acc=92.130 | RoundTime=68.92s | TotalTime=2810.96s | Method=fedgloss
[Round 041/100] Acc=92.110 | RoundTime=68.84s | TotalTime=2879.79s | Method=fedgloss
[Round 042/100] Acc=92.830 | RoundTime=69.89s | TotalTime=2949.69s | Method=fedgloss
[Round 043/100] Acc=93.600 | RoundTime=68.95s | TotalTime=3018.64s | Method=fedgloss
[Round 044/100] Acc=90.840 | RoundTime=70.19s | TotalTime=3088.84s | Method=fedgloss
[Round 045/100] Acc=92.800 | RoundTime=70.39s | TotalTime=3159.22s | Method=fedgloss
[Round 046/100] Acc=91.070 | RoundTime=70.73s | TotalTime=3229.95s | Method=fedgloss
[Round 047/100] Acc=93.440 | RoundTime=68.58s | TotalTime=3298.53s | Method=fedgloss
[Round 048/100] Acc=92.430 | RoundTime=68.65s | TotalTime=3367.18s | Method=fedgloss
[Round 049/100] Acc=91.090 | RoundTime=69.64s | TotalTime=3436.82s | Method=fedgloss
[Round 050/100] Acc=91.880 | RoundTime=69.93s | TotalTime=3506.76s | Method=fedgloss
[Round 051/100] Acc=91.690 | RoundTime=68.72s | TotalTime=3575.48s | Method=fedgloss
[Round 052/100] Acc=92.640 | RoundTime=69.80s | TotalTime=3645.28s | Method=fedgloss
[Round 053/100] Acc=91.640 | RoundTime=70.87s | TotalTime=3716.15s | Method=fedgloss
[Round 054/100] Acc=90.320 | RoundTime=70.29s | TotalTime=3786.43s | Method=fedgloss
[Round 055/100] Acc=91.430 | RoundTime=69.29s | TotalTime=3855.72s | Method=fedgloss
[Round 056/100] Acc=91.810 | RoundTime=68.65s | TotalTime=3924.37s | Method=fedgloss
[Round 057/100] Acc=90.070 | RoundTime=70.02s | TotalTime=3994.39s | Method=fedgloss
[Round 058/100] Acc=93.360 | RoundTime=68.85s | TotalTime=4063.25s | Method=fedgloss
[Round 059/100] Acc=93.160 | RoundTime=69.42s | TotalTime=4132.67s | Method=fedgloss
[Round 060/100] Acc=91.650 | RoundTime=70.58s | TotalTime=4203.25s | Method=fedgloss
[Round 061/100] Acc=92.510 | RoundTime=69.41s | TotalTime=4272.66s | Method=fedgloss
[Round 062/100] Acc=90.000 | RoundTime=68.48s | TotalTime=4341.14s | Method=fedgloss
[Round 063/100] Acc=91.710 | RoundTime=69.79s | TotalTime=4410.93s | Method=fedgloss
[Round 064/100] Acc=92.690 | RoundTime=69.06s | TotalTime=4479.99s | Method=fedgloss
[Round 065/100] Acc=93.520 | RoundTime=69.64s | TotalTime=4549.63s | Method=fedgloss
[Round 066/100] Acc=91.640 | RoundTime=68.67s | TotalTime=4618.30s | Method=fedgloss
[Round 067/100] Acc=91.480 | RoundTime=70.22s | TotalTime=4688.52s | Method=fedgloss
[Round 068/100] Acc=93.510 | RoundTime=68.43s | TotalTime=4756.95s | Method=fedgloss
[Round 069/100] Acc=92.600 | RoundTime=68.26s | TotalTime=4825.21s | Method=fedgloss
[Round 070/100] Acc=92.290 | RoundTime=69.06s | TotalTime=4894.27s | Method=fedgloss
[Round 071/100] Acc=92.780 | RoundTime=69.46s | TotalTime=4963.72s | Method=fedgloss
[Round 072/100] Acc=93.590 | RoundTime=68.15s | TotalTime=5031.88s | Method=fedgloss
[Round 073/100] Acc=91.960 | RoundTime=70.38s | TotalTime=5102.26s | Method=fedgloss
[Round 074/100] Acc=91.950 | RoundTime=68.04s | TotalTime=5170.30s | Method=fedgloss
[Round 075/100] Acc=92.390 | RoundTime=68.58s | TotalTime=5238.88s | Method=fedgloss
[Round 076/100] Acc=91.810 | RoundTime=68.21s | TotalTime=5307.09s | Method=fedgloss
[Round 077/100] Acc=91.270 | RoundTime=67.79s | TotalTime=5374.88s | Method=fedgloss
[Round 078/100] Acc=92.680 | RoundTime=70.14s | TotalTime=5445.02s | Method=fedgloss
[Round 079/100] Acc=92.510 | RoundTime=67.96s | TotalTime=5512.98s | Method=fedgloss
[Round 080/100] Acc=89.700 | RoundTime=68.28s | TotalTime=5581.26s | Method=fedgloss
[Round 081/100] Acc=92.540 | RoundTime=58.62s | TotalTime=5639.87s | Method=fedgloss
[Round 082/100] Acc=92.600 | RoundTime=55.78s | TotalTime=5695.65s | Method=fedgloss
[Round 083/100] Acc=93.240 | RoundTime=55.94s | TotalTime=5751.59s | Method=fedgloss
[Round 084/100] Acc=92.160 | RoundTime=57.75s | TotalTime=5809.35s | Method=fedgloss
[Round 085/100] Acc=92.310 | RoundTime=56.62s | TotalTime=5865.97s | Method=fedgloss
[Round 086/100] Acc=92.930 | RoundTime=57.29s | TotalTime=5923.25s | Method=fedgloss
[Round 087/100] Acc=91.880 | RoundTime=57.54s | TotalTime=5980.80s | Method=fedgloss
[Round 088/100] Acc=92.790 | RoundTime=57.81s | TotalTime=6038.60s | Method=fedgloss
[Round 089/100] Acc=93.650 | RoundTime=57.15s | TotalTime=6095.75s | Method=fedgloss
[Round 090/100] Acc=93.640 | RoundTime=56.95s | TotalTime=6152.70s | Method=fedgloss
[Round 091/100] Acc=92.640 | RoundTime=54.56s | TotalTime=6207.26s | Method=fedgloss
[Round 092/100] Acc=93.510 | RoundTime=55.24s | TotalTime=6262.50s | Method=fedgloss
[Round 093/100] Acc=92.930 | RoundTime=56.74s | TotalTime=6319.24s | Method=fedgloss
[Round 094/100] Acc=91.990 | RoundTime=56.81s | TotalTime=6376.05s | Method=fedgloss
[Round 095/100] Acc=92.670 | RoundTime=56.59s | TotalTime=6432.64s | Method=fedgloss
[Round 096/100] Acc=91.660 | RoundTime=57.72s | TotalTime=6490.36s | Method=fedgloss
[Round 097/100] Acc=91.120 | RoundTime=57.96s | TotalTime=6548.32s | Method=fedgloss
[Round 098/100] Acc=92.940 | RoundTime=56.37s | TotalTime=6604.69s | Method=fedgloss
[Round 099/100] Acc=92.600 | RoundTime=56.56s | TotalTime=6661.25s | Method=fedgloss
[Round 100/100] Acc=92.590 | RoundTime=54.07s | TotalTime=6715.32s | Method=fedgloss
====================================================================================================
Training finished at: 2026-03-14 13:22:18
Total elapsed time: 6715.32s
Final Acc: 92.590
Best Acc : 95.150
====================================================================================================
