fedcda_100_fl_cifar10_pm-dirichlet_alpha-0.8_nm-uniform_nr-0.1_0.1_100_10
mean: 500.0
std: 0.0
Data statistics: {0: {0: 95, 1: 43, 2: 95, 3: 70, 4: 25, 5: 38, 6: 66, 7: 56, 8: 4, 9: 8}, 1: {0: 9, 1: 21, 2: 56, 3: 18, 4: 79, 5: 39, 6: 33, 7: 22, 8: 76, 9: 147}, 2: {0: 3, 1: 169, 2: 62, 3: 94, 4: 138, 5: 14, 6: 4, 7: 5, 8: 6, 9: 5}, 3: {0: 35, 1: 21, 2: 139, 3: 3, 4: 25, 5: 16, 6: 68, 7: 12, 8: 85, 9: 96}, 4: {0: 56, 1: 17, 2: 45, 3: 39, 4: 76, 5: 46, 6: 47, 7: 34, 8: 49, 9: 91}, 5: {0: 95, 1: 14, 2: 39, 3: 8, 4: 18, 5: 22, 6: 131, 7: 78, 8: 16, 9: 79}, 6: {0: 15, 1: 55, 2: 12, 3: 19, 4: 8, 5: 15, 6: 47, 7: 32, 8: 173, 9: 124}, 7: {0: 32, 1: 36, 2: 7, 3: 34, 4: 15, 5: 20, 6: 8, 7: 20, 8: 35, 9: 293}, 8: {0: 67, 1: 10, 2: 18, 3: 4, 4: 94, 5: 34, 6: 19, 7: 70, 8: 177, 9: 7}, 9: {0: 70, 1: 15, 2: 38, 3: 13, 4: 68, 5: 41, 6: 20, 7: 102, 8: 44, 9: 89}, 10: {0: 5, 1: 62, 2: 36, 3: 49, 4: 21, 5: 11, 6: 119, 7: 57, 8: 97, 9: 43}, 11: {0: 88, 1: 37, 2: 11, 3: 39, 4: 14, 5: 10, 6: 22, 7: 23, 8: 42, 9: 214}, 12: {0: 59, 1: 7, 2: 73, 3: 20, 4: 19, 5: 39, 6: 107, 7: 41, 8: 52, 9: 83}, 13: {0: 55, 1: 93, 2: 57, 3: 64, 4: 63, 5: 60, 6: 97, 7: 3, 8: 3, 9: 5}, 14: {0: 43, 1: 84, 2: 77, 3: 39, 4: 13, 5: 3, 6: 26, 7: 161, 8: 46, 9: 8}, 15: {0: 79, 1: 37, 2: 30, 3: 63, 4: 74, 5: 9, 6: 7, 7: 7, 8: 169, 9: 25}, 16: {0: 28, 1: 76, 2: 16, 3: 133, 4: 39, 5: 111, 6: 47, 7: 35, 8: 8, 9: 7}, 17: {0: 16, 1: 45, 2: 5, 3: 3, 4: 40, 5: 10, 6: 54, 7: 3, 8: 204, 9: 120}, 18: {0: 3, 1: 87, 2: 47, 3: 27, 4: 20, 5: 174, 6: 6, 7: 13, 8: 16, 9: 107}, 19: {0: 27, 1: 4, 2: 34, 3: 39, 4: 87, 5: 34, 6: 42, 7: 107, 8: 118, 9: 8}, 20: {0: 18, 1: 4, 2: 6, 3: 125, 4: 59, 5: 46, 6: 46, 7: 168, 8: 23, 9: 5}, 21: {0: 12, 1: 14, 2: 109, 3: 119, 4: 47, 5: 9, 6: 73, 7: 13, 8: 102, 9: 2}, 22: {0: 9, 1: 33, 2: 70, 3: 45, 4: 47, 5: 22, 6: 41, 7: 67, 8: 161, 9: 5}, 23: {0: 24, 1: 34, 2: 16, 3: 25, 4: 13, 5: 30, 6: 10, 7: 255, 8: 42, 9: 51}, 24: {0: 38, 1: 257, 2: 18, 3: 56, 4: 46, 5: 61, 6: 4, 7: 9, 8: 9, 9: 2}, 25: {0: 6, 1: 37, 2: 31, 3: 104, 4: 11, 5: 32, 6: 24, 7: 65, 8: 64, 9: 126}, 26: {0: 20, 1: 19, 2: 91, 3: 14, 4: 44, 5: 68, 6: 48, 7: 5, 8: 15, 9: 176}, 27: {0: 47, 1: 9, 2: 6, 3: 112, 4: 33, 5: 122, 6: 44, 7: 20, 8: 10, 9: 97}, 28: {0: 85, 1: 36, 2: 10, 3: 9, 4: 39, 5: 12, 6: 16, 7: 106, 8: 179, 9: 8}, 29: {0: 47, 1: 96, 2: 40, 3: 64, 4: 10, 5: 33, 6: 80, 7: 119, 8: 6, 9: 5}, 30: {0: 101, 1: 112, 2: 5, 3: 25, 4: 18, 5: 16, 6: 19, 7: 85, 8: 114, 9: 5}, 31: {0: 42, 1: 65, 2: 116, 3: 96, 4: 52, 5: 24, 6: 30, 7: 19, 8: 52, 9: 4}, 32: {0: 13, 1: 8, 2: 61, 3: 66, 4: 9, 5: 7, 6: 255, 7: 46, 8: 15, 9: 20}, 33: {0: 40, 1: 43, 2: 141, 3: 47, 4: 66, 5: 38, 6: 46, 7: 66, 8: 5, 9: 8}, 34: {0: 15, 1: 35, 2: 22, 3: 29, 4: 8, 5: 23, 6: 99, 7: 141, 8: 119, 9: 9}, 35: {0: 155, 1: 19, 2: 16, 3: 7, 4: 84, 5: 15, 6: 87, 7: 108, 8: 4, 9: 5}, 36: {0: 127, 1: 5, 2: 33, 3: 17, 4: 13, 5: 20, 6: 45, 7: 73, 8: 164, 9: 3}, 37: {0: 16, 1: 26, 2: 6, 3: 21, 4: 12, 5: 167, 6: 9, 7: 30, 8: 20, 9: 193}, 38: {0: 165, 1: 38, 2: 47, 3: 9, 4: 10, 5: 36, 6: 9, 7: 56, 8: 94, 9: 36}, 39: {0: 99, 1: 72, 2: 76, 3: 12, 4: 32, 5: 23, 6: 22, 7: 13, 8: 143, 9: 8}, 40: {0: 244, 1: 35, 2: 11, 3: 172, 4: 16, 5: 5, 6: 7, 7: 5, 8: 2, 9: 3}, 41: {0: 127, 1: 101, 2: 78, 3: 9, 4: 8, 5: 51, 6: 63, 7: 48, 8: 5, 9: 10}, 42: {0: 19, 1: 118, 2: 107, 3: 21, 4: 34, 5: 25, 6: 95, 7: 64, 8: 4, 9: 13}, 43: {0: 45, 1: 25, 2: 65, 3: 11, 4: 23, 5: 13, 6: 26, 7: 30, 8: 258, 9: 4}, 44: {0: 83, 1: 8, 2: 8, 3: 42, 4: 130, 5: 205, 6: 8, 7: 5, 8: 7, 9: 4}, 45: {0: 40, 1: 35, 2: 12, 3: 14, 4: 91, 5: 39, 6: 9, 7: 119, 8: 31, 9: 110}, 46: {0: 15, 1: 65, 2: 6, 3: 14, 4: 100, 5: 21, 6: 19, 7: 46, 8: 160, 9: 54}, 47: {0: 13, 1: 3, 2: 16, 3: 26, 4: 65, 5: 117, 6: 11, 7: 72, 8: 7, 9: 170}, 48: {0: 13, 1: 50, 2: 64, 3: 11, 4: 215, 5: 50, 6: 81, 7: 2, 8: 9, 9: 5}, 49: {0: 17, 1: 13, 2: 74, 3: 52, 4: 23, 5: 24, 6: 184, 7: 10, 8: 99, 9: 4}, 50: {0: 10, 1: 107, 2: 15, 3: 101, 4: 22, 5: 10, 6: 35, 7: 37, 8: 158, 9: 5}, 51: {0: 17, 1: 192, 2: 52, 3: 45, 4: 61, 5: 110, 6: 8, 7: 4, 8: 7, 9: 4}, 52: {0: 25, 1: 38, 2: 46, 3: 12, 4: 233, 5: 87, 6: 45, 7: 3, 8: 5, 9: 6}, 53: {0: 16, 1: 59, 2: 73, 3: 91, 4: 70, 5: 55, 6: 34, 7: 65, 8: 33, 9: 4}, 54: {0: 97, 1: 50, 2: 125, 3: 40, 4: 24, 5: 149, 6: 3, 7: 5, 8: 2, 9: 5}, 55: {0: 53, 1: 45, 2: 7, 3: 35, 4: 104, 5: 103, 6: 133, 7: 6, 8: 5, 9: 9}, 56: {0: 105, 1: 155, 2: 41, 3: 71, 4: 101, 5: 4, 6: 5, 7: 7, 8: 5, 9: 6}, 57: {0: 7, 1: 63, 2: 56, 3: 18, 4: 24, 5: 61, 6: 8, 7: 22, 8: 55, 9: 186}, 58: {0: 15, 1: 56, 2: 13, 3: 222, 4: 27, 5: 63, 6: 36, 7: 60, 8: 5, 9: 3}, 59: {0: 7, 1: 46, 2: 50, 3: 18, 4: 55, 5: 72, 6: 35, 7: 71, 8: 88, 9: 58}, 60: {0: 368, 1: 79, 2: 10, 3: 9, 4: 6, 5: 7, 6: 7, 7: 6, 8: 3, 9: 5}, 61: {0: 35, 1: 17, 2: 16, 3: 12, 4: 71, 5: 129, 6: 194, 7: 9, 8: 9, 9: 8}, 62: {0: 59, 1: 8, 2: 56, 3: 86, 4: 12, 5: 110, 6: 43, 7: 110, 8: 7, 9: 9}, 63: {0: 9, 1: 7, 2: 90, 3: 103, 4: 32, 5: 138, 6: 81, 7: 27, 8: 7, 9: 6}, 64: {0: 19, 1: 32, 2: 18, 3: 6, 4: 20, 5: 22, 6: 228, 7: 117, 8: 6, 9: 32}, 65: {0: 69, 1: 71, 2: 82, 3: 67, 4: 181, 5: 3, 6: 8, 7: 6, 8: 9, 9: 4}, 66: {0: 53, 1: 12, 2: 44, 3: 16, 4: 8, 5: 29, 6: 48, 7: 20, 8: 85, 9: 185}, 67: {0: 16, 1: 11, 2: 9, 3: 20, 4: 28, 5: 236, 6: 8, 7: 78, 8: 51, 9: 43}, 68: {0: 26, 1: 27, 2: 56, 3: 43, 4: 39, 5: 20, 6: 47, 7: 52, 8: 56, 9: 134}, 69: {0: 168, 1: 14, 2: 106, 3: 33, 4: 57, 5: 41, 6: 8, 7: 55, 8: 12, 9: 6}, 70: {0: 37, 1: 11, 2: 61, 3: 44, 4: 93, 5: 140, 6: 6, 7: 46, 8: 61, 9: 1}, 71: {0: 4, 1: 43, 2: 112, 3: 12, 4: 182, 5: 33, 6: 48, 7: 23, 8: 38, 9: 5}, 72: {0: 10, 1: 8, 2: 50, 3: 196, 4: 22, 5: 33, 6: 88, 7: 82, 8: 6, 9: 5}, 73: {0: 64, 1: 10, 2: 225, 3: 67, 4: 25, 5: 20, 6: 71, 7: 3, 8: 8, 9: 7}, 74: {0: 20, 1: 84, 2: 114, 3: 107, 4: 52, 5: 45, 6: 62, 7: 5, 8: 7, 9: 4}, 75: {0: 17, 1: 30, 2: 6, 3: 35, 4: 159, 5: 23, 6: 65, 7: 154, 8: 8, 9: 3}, 76: {0: 93, 1: 84, 2: 70, 3: 117, 4: 14, 5: 27, 6: 27, 7: 58, 8: 6, 9: 4}, 77: {0: 8, 1: 55, 2: 21, 3: 19, 4: 8, 5: 17, 6: 75, 7: 17, 8: 275, 9: 5}, 78: {0: 19, 1: 122, 2: 110, 3: 160, 4: 16, 5: 53, 6: 7, 7: 1, 8: 9, 9: 3}, 79: {0: 77, 1: 10, 2: 24, 3: 27, 4: 28, 5: 31, 6: 75, 7: 216, 8: 8, 9: 4}, 80: {0: 39, 1: 66, 2: 47, 3: 15, 4: 87, 5: 8, 6: 22, 7: 194, 8: 17, 9: 5}, 81: {0: 11, 1: 7, 2: 40, 3: 33, 4: 76, 5: 55, 6: 7, 7: 151, 8: 112, 9: 8}, 82: {0: 100, 1: 34, 2: 45, 3: 6, 4: 108, 5: 87, 6: 104, 7: 3, 8: 8, 9: 5}, 83: {0: 120, 1: 114, 2: 88, 3: 58, 4: 23, 5: 75, 6: 7, 7: 5, 8: 4, 9: 6}, 84: {0: 21, 1: 19, 2: 15, 3: 5, 4: 59, 5: 132, 6: 29, 7: 36, 8: 57, 9: 127}, 85: {0: 11, 1: 7, 2: 178, 3: 167, 4: 90, 5: 31, 6: 3, 7: 2, 8: 5, 9: 6}, 86: {0: 49, 1: 86, 2: 203, 3: 126, 4: 5, 5: 9, 6: 3, 7: 8, 8: 8, 9: 3}, 87: {0: 36, 1: 87, 2: 55, 3: 7, 4: 14, 5: 29, 6: 54, 7: 97, 8: 76, 9: 45}, 88: {0: 12, 1: 6, 2: 35, 3: 37, 4: 49, 5: 35, 6: 70, 7: 14, 8: 39, 9: 203}, 89: {0: 110, 1: 6, 2: 36, 3: 92, 4: 18, 5: 20, 6: 28, 7: 19, 8: 60, 9: 111}, 90: {0: 18, 1: 17, 2: 27, 3: 16, 4: 163, 5: 18, 6: 186, 7: 43, 8: 6, 9: 6}, 91: {0: 90, 1: 135, 2: 36, 3: 80, 4: 11, 5: 128, 6: 3, 7: 7, 8: 6, 9: 4}, 92: {0: 21, 1: 13, 2: 56, 3: 64, 4: 67, 5: 23, 6: 90, 7: 85, 8: 21, 9: 60}, 93: {0: 16, 1: 30, 2: 16, 3: 8, 4: 38, 5: 27, 6: 27, 7: 14, 8: 70, 9: 254}, 94: {0: 28, 1: 201, 2: 47, 3: 8, 4: 43, 5: 45, 6: 110, 7: 5, 8: 3, 9: 10}, 95: {0: 85, 1: 143, 2: 7, 3: 16, 4: 42, 5: 93, 6: 96, 7: 5, 8: 8, 9: 5}, 96: {0: 40, 1: 14, 2: 10, 3: 8, 4: 36, 5: 76, 6: 14, 7: 25, 8: 24, 9: 253}, 97: {0: 24, 1: 43, 2: 10, 3: 203, 4: 8, 5: 6, 6: 54, 7: 80, 8: 68, 9: 4}, 98: {0: 37, 1: 52, 2: 8, 3: 46, 4: 8, 5: 35, 6: 23, 7: 37, 8: 25, 9: 229}, 99: {0: 8, 1: 30, 2: 33, 3: 39, 4: 18, 5: 73, 6: 45, 7: 43, 8: 11, 9: 200}}
====================================================================================================
Training started at: 2026-03-31 20:56:19
Result directory: results/fl_cifar10/fedcda/pm-dir_a-0.8_nm-uni_nr-0.1_nt-symmetric_st-least_sim_dr-0.45
Result txt file : results/fl_cifar10/fedcda/pm-dir_a-0.8_nm-uni_nr-0.1_nt-symmetric_st-least_sim_dr-0.45/fedcda_fl_cifar10_20260331-205619-218122_pid1587518.txt
Result log file : results/fl_cifar10/fedcda/pm-dir_a-0.8_nm-uni_nr-0.1_nt-symmetric_st-least_sim_dr-0.45/fedcda_fl_cifar10_20260331-205619-218122_pid1587518.log
----------------------------------------------------------------------------------------------------
Model: fedcda
Dataset: fl_cifar10
Structure: homogeneity
Participants: 100
Online ratio: 0.1
Communication epochs: 100
Local epoch: 10
Local batch size: 32
Local lr: 0.01
Partition mode: dirichlet
Dirichlet alpha: 0.8
Noise mode: uniform
Noise rate: 0.1
Noise type: symmetric
Noise max: 0.3
Denoise score alpha: 0.5
Drop rate: 0.45
Denoise strategy: least_sim
FedProx mu: 0.01
FedRDN std: 0.01
FedCDA history size: NA
FedGLoSS beta: 0.01
Averaging: weight
Seed: 0
====================================================================================================
[Round 001/100] Acc=10.000 | RoundTime=26.44s | TotalTime=26.44s | Method=fedcda
[Round 002/100] Acc=15.570 | RoundTime=26.65s | TotalTime=53.09s | Method=fedcda
[Round 003/100] Acc=30.430 | RoundTime=26.68s | TotalTime=79.77s | Method=fedcda
[Round 004/100] Acc=34.930 | RoundTime=26.07s | TotalTime=105.85s | Method=fedcda
[Round 005/100] Acc=31.730 | RoundTime=27.26s | TotalTime=133.11s | Method=fedcda
[Round 006/100] Acc=43.220 | RoundTime=25.88s | TotalTime=159.00s | Method=fedcda
[Round 007/100] Acc=45.660 | RoundTime=27.38s | TotalTime=186.37s | Method=fedcda
[Round 008/100] Acc=41.400 | RoundTime=28.05s | TotalTime=214.42s | Method=fedcda
[Round 009/100] Acc=35.260 | RoundTime=27.74s | TotalTime=242.16s | Method=fedcda
[Round 010/100] Acc=38.840 | RoundTime=26.04s | TotalTime=268.20s | Method=fedcda
[Round 011/100] Acc=50.540 | RoundTime=29.37s | TotalTime=297.57s | Method=fedcda
[Round 012/100] Acc=47.770 | RoundTime=24.99s | TotalTime=322.56s | Method=fedcda
[Round 013/100] Acc=41.990 | RoundTime=23.56s | TotalTime=346.11s | Method=fedcda
[Round 014/100] Acc=44.050 | RoundTime=24.42s | TotalTime=370.54s | Method=fedcda
[Round 015/100] Acc=57.310 | RoundTime=23.80s | TotalTime=394.34s | Method=fedcda
[Round 016/100] Acc=46.980 | RoundTime=24.01s | TotalTime=418.35s | Method=fedcda
[Round 017/100] Acc=57.550 | RoundTime=23.56s | TotalTime=441.91s | Method=fedcda
[Round 018/100] Acc=54.460 | RoundTime=24.59s | TotalTime=466.51s | Method=fedcda
[Round 019/100] Acc=51.210 | RoundTime=24.13s | TotalTime=490.63s | Method=fedcda
[Round 020/100] Acc=58.520 | RoundTime=24.34s | TotalTime=514.98s | Method=fedcda
[Round 021/100] Acc=57.670 | RoundTime=24.06s | TotalTime=539.04s | Method=fedcda
[Round 022/100] Acc=62.090 | RoundTime=24.67s | TotalTime=563.71s | Method=fedcda
[Round 023/100] Acc=59.240 | RoundTime=24.54s | TotalTime=588.25s | Method=fedcda
[Round 024/100] Acc=52.640 | RoundTime=26.82s | TotalTime=615.07s | Method=fedcda
[Round 025/100] Acc=56.970 | RoundTime=24.44s | TotalTime=639.51s | Method=fedcda
[Round 026/100] Acc=55.640 | RoundTime=24.00s | TotalTime=663.50s | Method=fedcda
[Round 027/100] Acc=65.170 | RoundTime=24.38s | TotalTime=687.88s | Method=fedcda
[Round 028/100] Acc=60.050 | RoundTime=24.00s | TotalTime=711.88s | Method=fedcda
[Round 029/100] Acc=65.340 | RoundTime=23.44s | TotalTime=735.32s | Method=fedcda
[Round 030/100] Acc=59.220 | RoundTime=23.92s | TotalTime=759.24s | Method=fedcda
[Round 031/100] Acc=64.010 | RoundTime=23.61s | TotalTime=782.85s | Method=fedcda
[Round 032/100] Acc=60.060 | RoundTime=23.73s | TotalTime=806.58s | Method=fedcda
[Round 033/100] Acc=68.800 | RoundTime=23.72s | TotalTime=830.30s | Method=fedcda
[Round 034/100] Acc=65.830 | RoundTime=23.94s | TotalTime=854.24s | Method=fedcda
[Round 035/100] Acc=67.710 | RoundTime=24.96s | TotalTime=879.20s | Method=fedcda
[Round 036/100] Acc=57.470 | RoundTime=23.69s | TotalTime=902.89s | Method=fedcda
[Round 037/100] Acc=71.380 | RoundTime=25.29s | TotalTime=928.18s | Method=fedcda
[Round 038/100] Acc=68.380 | RoundTime=24.13s | TotalTime=952.31s | Method=fedcda
[Round 039/100] Acc=58.590 | RoundTime=23.99s | TotalTime=976.29s | Method=fedcda
[Round 040/100] Acc=67.190 | RoundTime=24.53s | TotalTime=1000.83s | Method=fedcda
[Round 041/100] Acc=65.180 | RoundTime=23.79s | TotalTime=1024.61s | Method=fedcda
[Round 042/100] Acc=65.380 | RoundTime=24.53s | TotalTime=1049.14s | Method=fedcda
[Round 043/100] Acc=60.620 | RoundTime=24.64s | TotalTime=1073.78s | Method=fedcda
[Round 044/100] Acc=69.560 | RoundTime=24.54s | TotalTime=1098.32s | Method=fedcda
[Round 045/100] Acc=63.210 | RoundTime=24.47s | TotalTime=1122.80s | Method=fedcda
[Round 046/100] Acc=61.770 | RoundTime=24.30s | TotalTime=1147.10s | Method=fedcda
[Round 047/100] Acc=59.180 | RoundTime=25.27s | TotalTime=1172.37s | Method=fedcda
[Round 048/100] Acc=69.210 | RoundTime=24.47s | TotalTime=1196.83s | Method=fedcda
[Round 049/100] Acc=67.910 | RoundTime=22.95s | TotalTime=1219.78s | Method=fedcda
[Round 050/100] Acc=66.430 | RoundTime=22.34s | TotalTime=1242.13s | Method=fedcda
[Round 051/100] Acc=66.510 | RoundTime=35.31s | TotalTime=1277.44s | Method=fedcda
[Round 052/100] Acc=66.480 | RoundTime=34.05s | TotalTime=1311.49s | Method=fedcda
[Round 053/100] Acc=66.660 | RoundTime=32.65s | TotalTime=1344.15s | Method=fedcda
[Round 054/100] Acc=66.450 | RoundTime=34.11s | TotalTime=1378.26s | Method=fedcda
[Round 055/100] Acc=66.360 | RoundTime=34.86s | TotalTime=1413.12s | Method=fedcda
[Round 056/100] Acc=66.340 | RoundTime=33.76s | TotalTime=1446.87s | Method=fedcda
[Round 057/100] Acc=65.970 | RoundTime=33.79s | TotalTime=1480.67s | Method=fedcda
[Round 058/100] Acc=65.940 | RoundTime=33.87s | TotalTime=1514.54s | Method=fedcda
[Round 059/100] Acc=66.110 | RoundTime=35.93s | TotalTime=1550.47s | Method=fedcda
[Round 060/100] Acc=65.840 | RoundTime=34.00s | TotalTime=1584.47s | Method=fedcda
[Round 061/100] Acc=65.790 | RoundTime=34.17s | TotalTime=1618.64s | Method=fedcda
[Round 062/100] Acc=65.360 | RoundTime=33.84s | TotalTime=1652.48s | Method=fedcda
[Round 063/100] Acc=65.100 | RoundTime=34.42s | TotalTime=1686.90s | Method=fedcda
[Round 064/100] Acc=65.450 | RoundTime=32.87s | TotalTime=1719.77s | Method=fedcda
[Round 065/100] Acc=65.500 | RoundTime=33.34s | TotalTime=1753.12s | Method=fedcda
[Round 066/100] Acc=65.490 | RoundTime=33.33s | TotalTime=1786.45s | Method=fedcda
[Round 067/100] Acc=65.580 | RoundTime=33.92s | TotalTime=1820.37s | Method=fedcda
[Round 068/100] Acc=65.680 | RoundTime=34.20s | TotalTime=1854.57s | Method=fedcda
[Round 069/100] Acc=65.440 | RoundTime=32.78s | TotalTime=1887.35s | Method=fedcda
[Round 070/100] Acc=65.430 | RoundTime=33.54s | TotalTime=1920.90s | Method=fedcda
[Round 071/100] Acc=65.230 | RoundTime=34.51s | TotalTime=1955.40s | Method=fedcda
[Round 072/100] Acc=65.170 | RoundTime=34.40s | TotalTime=1989.80s | Method=fedcda
[Round 073/100] Acc=65.170 | RoundTime=34.40s | TotalTime=2024.20s | Method=fedcda
[Round 074/100] Acc=65.050 | RoundTime=34.49s | TotalTime=2058.69s | Method=fedcda
[Round 075/100] Acc=65.110 | RoundTime=34.08s | TotalTime=2092.77s | Method=fedcda
[Round 076/100] Acc=64.970 | RoundTime=34.06s | TotalTime=2126.83s | Method=fedcda
[Round 077/100] Acc=65.010 | RoundTime=34.06s | TotalTime=2160.89s | Method=fedcda
[Round 078/100] Acc=69.540 | RoundTime=33.37s | TotalTime=2194.26s | Method=fedcda
[Round 079/100] Acc=69.670 | RoundTime=33.85s | TotalTime=2228.11s | Method=fedcda
[Round 080/100] Acc=69.910 | RoundTime=33.72s | TotalTime=2261.83s | Method=fedcda
[Round 081/100] Acc=69.980 | RoundTime=34.81s | TotalTime=2296.64s | Method=fedcda
[Round 082/100] Acc=69.990 | RoundTime=34.50s | TotalTime=2331.14s | Method=fedcda
[Round 083/100] Acc=70.080 | RoundTime=33.80s | TotalTime=2364.93s | Method=fedcda
[Round 084/100] Acc=70.120 | RoundTime=33.49s | TotalTime=2398.43s | Method=fedcda
[Round 085/100] Acc=69.940 | RoundTime=34.47s | TotalTime=2432.90s | Method=fedcda
[Round 086/100] Acc=69.990 | RoundTime=33.51s | TotalTime=2466.40s | Method=fedcda
[Round 087/100] Acc=70.030 | RoundTime=33.25s | TotalTime=2499.65s | Method=fedcda
[Round 088/100] Acc=70.110 | RoundTime=32.79s | TotalTime=2532.44s | Method=fedcda
[Round 089/100] Acc=70.070 | RoundTime=32.19s | TotalTime=2564.63s | Method=fedcda
[Round 090/100] Acc=70.220 | RoundTime=32.44s | TotalTime=2597.08s | Method=fedcda
[Round 091/100] Acc=70.170 | RoundTime=33.10s | TotalTime=2630.18s | Method=fedcda
[Round 092/100] Acc=68.340 | RoundTime=32.21s | TotalTime=2662.39s | Method=fedcda
[Round 093/100] Acc=68.260 | RoundTime=32.57s | TotalTime=2694.96s | Method=fedcda
[Round 094/100] Acc=67.920 | RoundTime=32.48s | TotalTime=2727.44s | Method=fedcda
[Round 095/100] Acc=67.890 | RoundTime=32.56s | TotalTime=2760.00s | Method=fedcda
[Round 096/100] Acc=67.820 | RoundTime=32.61s | TotalTime=2792.61s | Method=fedcda
[Round 097/100] Acc=67.890 | RoundTime=32.80s | TotalTime=2825.41s | Method=fedcda
[Round 098/100] Acc=67.940 | RoundTime=32.55s | TotalTime=2857.96s | Method=fedcda
[Round 099/100] Acc=68.050 | RoundTime=32.13s | TotalTime=2890.09s | Method=fedcda
[Round 100/100] Acc=66.600 | RoundTime=32.09s | TotalTime=2922.18s | Method=fedcda
====================================================================================================
Training finished at: 2026-03-31 21:45:01
Total elapsed time: 2922.18s
Final Acc: 66.600
Best Acc : 71.380
====================================================================================================
