fedcda_100_fl_cifar10_pm-dirichlet_alpha-0.3_nm-uniform_nr-0.2_0.1_100_10
mean: 500.0
std: 0.0
Data statistics: {0: {0: 99, 1: 19, 2: 91, 3: 17, 4: 13, 5: 14, 6: 64, 7: 61, 8: 35, 9: 87}, 1: {0: 13, 1: 270, 2: 41, 3: 9, 4: 17, 5: 72, 6: 24, 7: 32, 8: 9, 9: 13}, 2: {0: 10, 1: 14, 2: 16, 3: 43, 4: 104, 5: 175, 6: 26, 7: 97, 8: 3, 9: 12}, 3: {0: 30, 1: 7, 2: 57, 3: 169, 4: 86, 5: 35, 6: 31, 7: 44, 8: 33, 9: 8}, 4: {0: 49, 1: 11, 2: 193, 3: 15, 4: 12, 5: 26, 6: 10, 7: 10, 8: 7, 9: 167}, 5: {0: 100, 1: 32, 2: 12, 3: 34, 4: 11, 5: 12, 6: 14, 7: 265, 8: 12, 9: 8}, 6: {0: 7, 1: 8, 2: 22, 3: 11, 4: 16, 5: 14, 6: 381, 7: 14, 8: 14, 9: 13}, 7: {0: 24, 1: 11, 2: 14, 3: 12, 4: 63, 5: 18, 6: 17, 7: 72, 8: 261, 9: 8}, 8: {0: 67, 1: 53, 2: 9, 3: 66, 4: 11, 5: 248, 6: 15, 7: 12, 8: 10, 9: 9}, 9: {0: 76, 1: 19, 2: 17, 3: 39, 4: 98, 5: 53, 6: 166, 7: 9, 8: 17, 9: 6}, 10: {0: 14, 1: 9, 2: 28, 3: 5, 4: 38, 5: 57, 6: 204, 7: 14, 8: 19, 9: 112}, 11: {0: 96, 1: 71, 2: 23, 3: 54, 4: 49, 5: 11, 6: 11, 7: 19, 8: 81, 9: 85}, 12: {0: 51, 1: 27, 2: 12, 3: 20, 4: 17, 5: 35, 6: 88, 7: 102, 8: 139, 9: 9}, 13: {0: 38, 1: 79, 2: 65, 3: 178, 4: 87, 5: 15, 6: 7, 7: 10, 8: 11, 9: 10}, 14: {0: 45, 1: 31, 2: 58, 3: 13, 4: 81, 5: 67, 6: 16, 7: 15, 8: 18, 9: 156}, 15: {0: 83, 1: 59, 2: 76, 3: 150, 4: 28, 5: 13, 6: 11, 7: 63, 8: 11, 9: 6}, 16: {0: 24, 1: 11, 2: 22, 3: 12, 4: 36, 5: 14, 6: 11, 7: 81, 8: 275, 9: 14}, 17: {0: 18, 1: 13, 2: 15, 3: 216, 4: 7, 5: 31, 6: 19, 7: 28, 8: 25, 9: 128}, 18: {0: 16, 1: 10, 2: 7, 3: 8, 4: 89, 5: 92, 6: 15, 7: 32, 8: 31, 9: 200}, 19: {0: 18, 1: 22, 2: 43, 3: 22, 4: 8, 5: 276, 6: 18, 7: 68, 8: 16, 9: 9}, 20: {0: 14, 1: 23, 2: 16, 3: 12, 4: 47, 5: 31, 6: 41, 7: 16, 8: 8, 9: 292}, 21: {0: 10, 1: 19, 2: 91, 3: 11, 4: 269, 5: 51, 6: 9, 7: 11, 8: 12, 9: 17}, 22: {0: 14, 1: 14, 2: 48, 3: 7, 4: 12, 5: 137, 6: 21, 7: 17, 8: 14, 9: 216}, 23: {0: 19, 1: 22, 2: 7, 3: 16, 4: 37, 5: 24, 6: 341, 7: 13, 8: 11, 9: 10}, 24: {0: 32, 1: 132, 2: 10, 3: 21, 4: 15, 5: 12, 6: 91, 7: 51, 8: 129, 9: 7}, 25: {0: 11, 1: 132, 2: 32, 3: 25, 4: 25, 5: 12, 6: 15, 7: 37, 8: 29, 9: 182}, 26: {0: 10, 1: 11, 2: 89, 3: 97, 4: 54, 5: 13, 6: 52, 7: 145, 8: 17, 9: 12}, 27: {0: 80, 1: 21, 2: 10, 3: 13, 4: 13, 5: 17, 6: 9, 7: 11, 8: 14, 9: 312}, 28: {0: 87, 1: 29, 2: 9, 3: 89, 4: 80, 5: 132, 6: 37, 7: 8, 8: 19, 9: 10}, 29: {0: 56, 1: 14, 2: 29, 3: 181, 4: 12, 5: 16, 6: 71, 7: 97, 8: 13, 9: 11}, 30: {0: 11, 1: 7, 2: 15, 3: 15, 4: 94, 5: 32, 6: 18, 7: 18, 8: 12, 9: 278}, 31: {0: 35, 1: 20, 2: 140, 3: 27, 4: 10, 5: 15, 6: 29, 7: 120, 8: 34, 9: 70}, 32: {0: 14, 1: 19, 2: 24, 3: 70, 4: 16, 5: 15, 6: 132, 7: 183, 8: 13, 9: 14}, 33: {0: 272, 1: 26, 2: 121, 3: 9, 4: 16, 5: 12, 6: 16, 7: 9, 8: 11, 9: 8}, 34: {0: 182, 1: 112, 2: 18, 3: 127, 4: 14, 5: 13, 6: 17, 7: 6, 8: 5, 9: 6}, 35: {0: 14, 1: 14, 2: 14, 3: 11, 4: 32, 5: 65, 6: 17, 7: 30, 8: 290, 9: 13}, 36: {0: 98, 1: 127, 2: 33, 3: 16, 4: 12, 5: 10, 6: 43, 7: 138, 8: 11, 9: 12}, 37: {0: 400, 1: 11, 2: 12, 3: 10, 4: 11, 5: 15, 6: 7, 7: 13, 8: 13, 9: 8}, 38: {0: 199, 1: 9, 2: 42, 3: 40, 4: 16, 5: 38, 6: 42, 7: 91, 8: 8, 9: 15}, 39: {0: 8, 1: 25, 2: 7, 3: 17, 4: 231, 5: 44, 6: 22, 7: 35, 8: 98, 9: 13}, 40: {0: 26, 1: 59, 2: 70, 3: 9, 4: 158, 5: 71, 6: 75, 7: 8, 8: 12, 9: 12}, 41: {0: 36, 1: 8, 2: 88, 3: 103, 4: 154, 5: 62, 6: 15, 7: 14, 8: 11, 9: 9}, 42: {0: 7, 1: 34, 2: 57, 3: 92, 4: 93, 5: 13, 6: 162, 7: 18, 8: 8, 9: 16}, 43: {0: 9, 1: 16, 2: 6, 3: 52, 4: 351, 5: 16, 6: 9, 7: 12, 8: 14, 9: 15}, 44: {0: 16, 1: 107, 2: 151, 3: 72, 4: 15, 5: 101, 6: 6, 7: 11, 8: 9, 9: 12}, 45: {0: 14, 1: 369, 2: 17, 3: 9, 4: 32, 5: 17, 6: 13, 7: 7, 8: 10, 9: 12}, 46: {0: 12, 1: 33, 2: 10, 3: 21, 4: 70, 5: 14, 6: 29, 7: 227, 8: 72, 9: 12}, 47: {0: 14, 1: 43, 2: 11, 3: 18, 4: 28, 5: 5, 6: 136, 7: 27, 8: 106, 9: 112}, 48: {0: 18, 1: 47, 2: 55, 3: 33, 4: 14, 5: 10, 6: 10, 7: 58, 8: 12, 9: 243}, 49: {0: 9, 1: 32, 2: 8, 3: 20, 4: 154, 5: 225, 6: 12, 7: 12, 8: 14, 9: 14}, 50: {0: 79, 1: 278, 2: 47, 3: 14, 4: 22, 5: 13, 6: 12, 7: 9, 8: 10, 9: 16}, 51: {0: 200, 1: 66, 2: 30, 3: 24, 4: 22, 5: 7, 6: 28, 7: 16, 8: 98, 9: 9}, 52: {0: 81, 1: 50, 2: 81, 3: 39, 4: 65, 5: 12, 6: 13, 7: 16, 8: 87, 9: 56}, 53: {0: 120, 1: 31, 2: 131, 3: 21, 4: 13, 5: 29, 6: 118, 7: 12, 8: 13, 9: 12}, 54: {0: 12, 1: 68, 2: 11, 3: 89, 4: 110, 5: 168, 6: 8, 7: 11, 8: 9, 9: 14}, 55: {0: 14, 1: 12, 2: 9, 3: 10, 4: 14, 5: 145, 6: 137, 7: 15, 8: 135, 9: 9}, 56: {0: 11, 1: 8, 2: 27, 3: 107, 4: 39, 5: 16, 6: 9, 7: 250, 8: 21, 9: 12}, 57: {0: 9, 1: 8, 2: 40, 3: 10, 4: 12, 5: 14, 6: 20, 7: 264, 8: 112, 9: 11}, 58: {0: 25, 1: 10, 2: 13, 3: 54, 4: 7, 5: 11, 6: 213, 7: 145, 8: 7, 9: 15}, 59: {0: 14, 1: 26, 2: 47, 3: 12, 4: 31, 5: 216, 6: 24, 7: 17, 8: 101, 9: 12}, 60: {0: 17, 1: 9, 2: 11, 3: 19, 4: 44, 5: 13, 6: 15, 7: 71, 8: 288, 9: 13}, 61: {0: 21, 1: 18, 2: 10, 3: 13, 4: 60, 5: 9, 6: 19, 7: 13, 8: 255, 9: 82}, 62: {0: 56, 1: 14, 2: 58, 3: 31, 4: 145, 5: 12, 6: 91, 7: 64, 8: 18, 9: 11}, 63: {0: 62, 1: 17, 2: 61, 3: 220, 4: 18, 5: 13, 6: 11, 7: 15, 8: 34, 9: 49}, 64: {0: 21, 1: 11, 2: 16, 3: 25, 4: 24, 5: 130, 6: 188, 7: 57, 8: 15, 9: 13}, 65: {0: 15, 1: 13, 2: 69, 3: 6, 4: 71, 5: 94, 6: 192, 7: 18, 8: 15, 9: 7}, 66: {0: 289, 1: 11, 2: 38, 3: 16, 4: 93, 5: 9, 6: 9, 7: 16, 8: 8, 9: 11}, 67: {0: 32, 1: 116, 2: 11, 3: 112, 4: 13, 5: 30, 6: 159, 7: 9, 8: 9, 9: 9}, 68: {0: 11, 1: 12, 2: 41, 3: 162, 4: 10, 5: 10, 6: 53, 7: 14, 8: 15, 9: 172}, 69: {0: 10, 1: 6, 2: 136, 3: 12, 4: 8, 5: 16, 6: 35, 7: 253, 8: 15, 9: 9}, 70: {0: 67, 1: 78, 2: 151, 3: 98, 4: 26, 5: 33, 6: 17, 7: 8, 8: 12, 9: 10}, 71: {0: 15, 1: 14, 2: 390, 3: 5, 4: 14, 5: 12, 6: 14, 7: 12, 8: 14, 9: 10}, 72: {0: 9, 1: 75, 2: 122, 3: 74, 4: 126, 5: 43, 6: 19, 7: 12, 8: 10, 9: 10}, 73: {0: 97, 1: 54, 2: 13, 3: 255, 4: 21, 5: 11, 6: 13, 7: 16, 8: 9, 9: 11}, 74: {0: 15, 1: 147, 2: 58, 3: 216, 4: 15, 5: 12, 6: 10, 7: 10, 8: 11, 9: 6}, 75: {0: 15, 1: 14, 2: 13, 3: 38, 4: 71, 5: 57, 6: 12, 7: 260, 8: 11, 9: 9}, 76: {0: 90, 1: 53, 2: 135, 3: 23, 4: 138, 5: 20, 6: 12, 7: 13, 8: 8, 9: 8}, 77: {0: 29, 1: 14, 2: 22, 3: 21, 4: 36, 5: 24, 6: 19, 7: 279, 8: 49, 9: 7}, 78: {0: 13, 1: 6, 2: 30, 3: 52, 4: 10, 5: 18, 6: 137, 7: 13, 8: 14, 9: 207}, 79: {0: 8, 1: 23, 2: 17, 3: 9, 4: 50, 5: 12, 6: 10, 7: 16, 8: 83, 9: 272}, 80: {0: 138, 1: 128, 2: 40, 3: 14, 4: 9, 5: 45, 6: 11, 7: 15, 8: 85, 9: 15}, 81: {0: 177, 1: 16, 2: 111, 3: 33, 4: 17, 5: 61, 6: 10, 7: 58, 8: 6, 9: 11}, 82: {0: 17, 1: 6, 2: 13, 3: 11, 4: 67, 5: 189, 6: 110, 7: 14, 8: 52, 9: 21}, 83: {0: 12, 1: 126, 2: 281, 3: 14, 4: 11, 5: 14, 6: 18, 7: 6, 8: 6, 9: 12}, 84: {0: 38, 1: 74, 2: 305, 3: 9, 4: 8, 5: 12, 6: 15, 7: 10, 8: 13, 9: 16}, 85: {0: 30, 1: 12, 2: 18, 3: 240, 4: 68, 5: 12, 6: 91, 7: 12, 8: 8, 9: 9}, 86: {0: 16, 1: 14, 2: 19, 3: 18, 4: 13, 5: 13, 6: 8, 7: 25, 8: 366, 9: 8}, 87: {0: 142, 1: 13, 2: 22, 3: 11, 4: 10, 5: 93, 6: 84, 7: 60, 8: 56, 9: 9}, 88: {0: 14, 1: 168, 2: 16, 3: 15, 4: 12, 5: 25, 6: 11, 7: 86, 8: 32, 9: 121}, 89: {0: 86, 1: 10, 2: 50, 3: 33, 4: 72, 5: 23, 6: 52, 7: 18, 8: 144, 9: 12}, 90: {0: 13, 1: 29, 2: 13, 3: 23, 4: 56, 5: 128, 6: 43, 7: 10, 8: 171, 9: 14}, 91: {0: 19, 1: 394, 2: 11, 3: 5, 4: 9, 5: 12, 6: 10, 7: 14, 8: 14, 9: 12}, 92: {0: 22, 1: 227, 2: 10, 3: 67, 4: 15, 5: 113, 6: 15, 7: 8, 8: 13, 9: 10}, 93: {0: 104, 1: 6, 2: 12, 3: 19, 4: 11, 5: 211, 6: 15, 7: 10, 8: 104, 9: 8}, 94: {0: 43, 1: 7, 2: 10, 3: 142, 4: 116, 5: 9, 6: 28, 7: 39, 8: 26, 9: 80}, 95: {0: 14, 1: 32, 2: 12, 3: 14, 4: 29, 5: 114, 6: 17, 7: 28, 8: 16, 9: 224}, 96: {0: 18, 1: 42, 2: 25, 3: 34, 4: 148, 5: 8, 6: 193, 7: 12, 8: 7, 9: 13}, 97: {0: 34, 1: 26, 2: 23, 3: 16, 4: 10, 5: 12, 6: 18, 7: 21, 8: 326, 9: 14}, 98: {0: 13, 1: 65, 2: 10, 3: 46, 4: 11, 5: 131, 6: 13, 7: 190, 8: 14, 9: 7}, 99: {0: 18, 1: 18, 2: 19, 3: 5, 4: 88, 5: 60, 6: 10, 7: 13, 8: 14, 9: 255}}
====================================================================================================
Training started at: 2026-03-30 20:07:31
Result directory: results/fl_cifar10/fedcda/pm-dir_a-0.3_nm-uni_nr-0.2_nt-symmetric_st-least_sim_dr-0.5
Result txt file : results/fl_cifar10/fedcda/pm-dir_a-0.3_nm-uni_nr-0.2_nt-symmetric_st-least_sim_dr-0.5/fedcda_fl_cifar10_20260330-200731-265962_pid2401722.txt
Result log file : results/fl_cifar10/fedcda/pm-dir_a-0.3_nm-uni_nr-0.2_nt-symmetric_st-least_sim_dr-0.5/fedcda_fl_cifar10_20260330-200731-265962_pid2401722.log
----------------------------------------------------------------------------------------------------
Model: fedcda
Dataset: fl_cifar10
Structure: homogeneity
Participants: 100
Online ratio: 0.1
Communication epochs: 100
Local epoch: 10
Local batch size: 64
Local lr: 0.01
Partition mode: dirichlet
Dirichlet alpha: 0.3
Noise mode: uniform
Noise rate: 0.2
Noise type: symmetric
Noise max: 0.3
Denoise score alpha: 0.5
Drop rate: 0.5
Denoise strategy: least_sim
FedProx mu: 0.01
FedRDN std: 0.01
FedCDA history size: NA
FedGLoSS beta: 0.01
Averaging: weight
Seed: 0
====================================================================================================
[Round 001/100] Acc=10.000 | RoundTime=23.90s | TotalTime=23.90s | Method=fedcda
[Round 002/100] Acc=17.460 | RoundTime=23.39s | TotalTime=47.29s | Method=fedcda
[Round 003/100] Acc=28.570 | RoundTime=23.75s | TotalTime=71.04s | Method=fedcda
[Round 004/100] Acc=22.010 | RoundTime=24.39s | TotalTime=95.42s | Method=fedcda
[Round 005/100] Acc=27.840 | RoundTime=24.11s | TotalTime=119.54s | Method=fedcda
[Round 006/100] Acc=31.920 | RoundTime=23.81s | TotalTime=143.35s | Method=fedcda
[Round 007/100] Acc=29.860 | RoundTime=24.43s | TotalTime=167.78s | Method=fedcda
[Round 008/100] Acc=39.690 | RoundTime=23.92s | TotalTime=191.70s | Method=fedcda
[Round 009/100] Acc=27.240 | RoundTime=24.07s | TotalTime=215.78s | Method=fedcda
[Round 010/100] Acc=28.700 | RoundTime=26.01s | TotalTime=241.79s | Method=fedcda
[Round 011/100] Acc=41.180 | RoundTime=23.57s | TotalTime=265.35s | Method=fedcda
[Round 012/100] Acc=39.780 | RoundTime=23.61s | TotalTime=288.97s | Method=fedcda
[Round 013/100] Acc=31.500 | RoundTime=22.64s | TotalTime=311.61s | Method=fedcda
[Round 014/100] Acc=30.040 | RoundTime=22.71s | TotalTime=334.32s | Method=fedcda
[Round 015/100] Acc=24.570 | RoundTime=22.91s | TotalTime=357.23s | Method=fedcda
[Round 016/100] Acc=39.840 | RoundTime=22.91s | TotalTime=380.14s | Method=fedcda
[Round 017/100] Acc=48.900 | RoundTime=23.50s | TotalTime=403.64s | Method=fedcda
[Round 018/100] Acc=34.680 | RoundTime=22.53s | TotalTime=426.17s | Method=fedcda
[Round 019/100] Acc=31.380 | RoundTime=22.34s | TotalTime=448.52s | Method=fedcda
[Round 020/100] Acc=35.150 | RoundTime=22.93s | TotalTime=471.45s | Method=fedcda
[Round 021/100] Acc=38.640 | RoundTime=22.38s | TotalTime=493.83s | Method=fedcda
[Round 022/100] Acc=36.250 | RoundTime=22.84s | TotalTime=516.66s | Method=fedcda
[Round 023/100] Acc=40.230 | RoundTime=23.97s | TotalTime=540.64s | Method=fedcda
[Round 024/100] Acc=31.100 | RoundTime=22.90s | TotalTime=563.54s | Method=fedcda
[Round 025/100] Acc=30.880 | RoundTime=22.57s | TotalTime=586.11s | Method=fedcda
[Round 026/100] Acc=38.420 | RoundTime=21.45s | TotalTime=607.55s | Method=fedcda
[Round 027/100] Acc=41.350 | RoundTime=22.48s | TotalTime=630.03s | Method=fedcda
[Round 028/100] Acc=45.900 | RoundTime=22.12s | TotalTime=652.15s | Method=fedcda
[Round 029/100] Acc=40.510 | RoundTime=22.34s | TotalTime=674.49s | Method=fedcda
[Round 030/100] Acc=36.090 | RoundTime=22.09s | TotalTime=696.58s | Method=fedcda
[Round 031/100] Acc=34.490 | RoundTime=21.43s | TotalTime=718.01s | Method=fedcda
[Round 032/100] Acc=26.480 | RoundTime=21.39s | TotalTime=739.40s | Method=fedcda
[Round 033/100] Acc=48.460 | RoundTime=22.54s | TotalTime=761.94s | Method=fedcda
[Round 034/100] Acc=40.190 | RoundTime=21.83s | TotalTime=783.78s | Method=fedcda
[Round 035/100] Acc=37.770 | RoundTime=21.93s | TotalTime=805.71s | Method=fedcda
[Round 036/100] Acc=38.260 | RoundTime=24.18s | TotalTime=829.89s | Method=fedcda
[Round 037/100] Acc=32.550 | RoundTime=22.55s | TotalTime=852.44s | Method=fedcda
[Round 038/100] Acc=31.090 | RoundTime=22.09s | TotalTime=874.53s | Method=fedcda
[Round 039/100] Acc=36.640 | RoundTime=22.36s | TotalTime=896.89s | Method=fedcda
[Round 040/100] Acc=40.610 | RoundTime=21.77s | TotalTime=918.66s | Method=fedcda
[Round 041/100] Acc=46.680 | RoundTime=21.99s | TotalTime=940.65s | Method=fedcda
[Round 042/100] Acc=27.080 | RoundTime=21.87s | TotalTime=962.52s | Method=fedcda
[Round 043/100] Acc=44.720 | RoundTime=21.80s | TotalTime=984.33s | Method=fedcda
[Round 044/100] Acc=43.830 | RoundTime=22.30s | TotalTime=1006.62s | Method=fedcda
[Round 045/100] Acc=50.290 | RoundTime=22.18s | TotalTime=1028.80s | Method=fedcda
[Round 046/100] Acc=49.440 | RoundTime=22.04s | TotalTime=1050.84s | Method=fedcda
[Round 047/100] Acc=48.590 | RoundTime=21.47s | TotalTime=1072.31s | Method=fedcda
[Round 048/100] Acc=50.810 | RoundTime=22.54s | TotalTime=1094.85s | Method=fedcda
[Round 049/100] Acc=49.020 | RoundTime=22.18s | TotalTime=1117.02s | Method=fedcda
[Round 050/100] Acc=43.770 | RoundTime=24.40s | TotalTime=1141.42s | Method=fedcda
Traceback (most recent call last):
  File "/home/hdf/kiwi/DenoiseFL/main.py", line 228, in <module>
    main()
  File "/home/hdf/kiwi/DenoiseFL/main.py", line 224, in main
    train(model, priv_dataset, args)
  File "/home/hdf/kiwi/DenoiseFL/utils/training.py", line 197, in train
    epoch_pure = model.loc_update(pri_train_loaders)
                 ^^^^^^^^^^^^^^^^^^^^^^^^^^^^^^^^^^^
  File "/home/hdf/kiwi/DenoiseFL/models/fedcda.py", line 78, in loc_update
    self.aggregate_nets()
  File "/home/hdf/kiwi/DenoiseFL/models/fedcda.py", line 368, in aggregate_nets
    selected_for_batch = self._select_models_for_batch(
                         ^^^^^^^^^^^^^^^^^^^^^^^^^^^^^^
  File "/home/hdf/kiwi/DenoiseFL/models/fedcda.py", line 318, in _select_models_for_batch
    assembled_client_ids, assembled_pairs = self._build_context_for_current_batch(
                                            ^^^^^^^^^^^^^^^^^^^^^^^^^^^^^^^^^^^^^^
  File "/home/hdf/kiwi/DenoiseFL/models/fedcda.py", line 283, in _build_context_for_current_batch
    copy.deepcopy(self.fixed_selected_models[cid]),
    ^^^^^^^^^^^^^^^^^^^^^^^^^^^^^^^^^^^^^^^^^^^^^^
  File "/home/hdf/miniconda3/lib/python3.12/copy.py", line 162, in deepcopy
    y = _reconstruct(x, memo, *rv)
        ^^^^^^^^^^^^^^^^^^^^^^^^^^
  File "/home/hdf/miniconda3/lib/python3.12/copy.py", line 285, in _reconstruct
    value = deepcopy(value, memo)
            ^^^^^^^^^^^^^^^^^^^^^
  File "/home/hdf/miniconda3/lib/python3.12/copy.py", line 143, in deepcopy
    y = copier(memo)
        ^^^^^^^^^^^^
  File "/home/hdf/miniconda3/lib/python3.12/site-packages/torch/_tensor.py", line 178, in __deepcopy__
    new_storage = self._typed_storage()._deepcopy(memo)
                  ^^^^^^^^^^^^^^^^^^^^^^^^^^^^^^^^^^^^^
  File "/home/hdf/miniconda3/lib/python3.12/site-packages/torch/storage.py", line 1139, in _deepcopy
    return self._new_wrapped_storage(copy.deepcopy(self._untyped_storage, memo))
                                     ^^^^^^^^^^^^^^^^^^^^^^^^^^^^^^^^^^^^^^^^^^
  File "/home/hdf/miniconda3/lib/python3.12/copy.py", line 143, in deepcopy
    y = copier(memo)
        ^^^^^^^^^^^^
  File "/home/hdf/miniconda3/lib/python3.12/site-packages/torch/storage.py", line 243, in __deepcopy__
    new_storage = self.clone()
                  ^^^^^^^^^^^^
  File "/home/hdf/miniconda3/lib/python3.12/site-packages/torch/storage.py", line 257, in clone
    return type(self)(self.nbytes(), device=self.device).copy_(self)
           ^^^^^^^^^^^^^^^^^^^^^^^^^^^^^^^^^^^^^^^^^^^^^
torch.OutOfMemoryError: CUDA out of memory. Tried to allocate 2.00 MiB. GPU 0 has a total capacity of 23.65 GiB of which 8.62 MiB is free. Process 2401721 has 11.45 GiB memory in use. Including non-PyTorch memory, this process has 12.16 GiB memory in use. Of the allocated memory 11.59 GiB is allocated by PyTorch, and 113.96 MiB is reserved by PyTorch but unallocated. If reserved but unallocated memory is large try setting PYTORCH_CUDA_ALLOC_CONF=expandable_segments:True to avoid fragmentation.  See documentation for Memory Management  (https://pytorch.org/docs/stable/notes/cuda.html#environment-variables)
