fedrdn_100_fl_mnist_pm-dirichlet_alpha-0.1_nm-uniform_nr-0.3_0.1_100_10
mean: 600.0
std: 0.0
Data statistics: {0: {0: 22, 1: 11, 2: 23, 3: 15, 4: 419, 5: 19, 6: 17, 7: 24, 8: 29, 9: 21}, 1: {0: 27, 1: 16, 2: 37, 3: 22, 4: 26, 5: 29, 6: 376, 7: 20, 8: 23, 9: 24}, 2: {0: 15, 1: 23, 2: 48, 3: 41, 4: 28, 5: 191, 6: 19, 7: 19, 8: 25, 9: 191}, 3: {0: 18, 1: 16, 2: 19, 3: 30, 4: 26, 5: 19, 6: 26, 7: 78, 8: 353, 9: 15}, 4: {0: 22, 1: 19, 2: 17, 3: 43, 4: 23, 5: 50, 6: 370, 7: 22, 8: 16, 9: 18}, 5: {0: 20, 1: 26, 2: 18, 3: 232, 4: 55, 5: 168, 6: 19, 7: 18, 8: 24, 9: 20}, 6: {0: 39, 1: 193, 2: 22, 3: 22, 4: 23, 5: 133, 6: 26, 7: 20, 8: 105, 9: 17}, 7: {0: 24, 1: 19, 2: 66, 3: 169, 4: 12, 5: 23, 6: 225, 7: 18, 8: 24, 9: 20}, 8: {0: 31, 1: 20, 2: 21, 3: 19, 4: 112, 5: 72, 6: 14, 7: 268, 8: 24, 9: 19}, 9: {0: 25, 1: 18, 2: 46, 3: 221, 4: 18, 5: 41, 6: 23, 7: 173, 8: 19, 9: 16}, 10: {0: 170, 1: 24, 2: 20, 3: 65, 4: 225, 5: 25, 6: 19, 7: 16, 8: 18, 9: 18}, 11: {0: 22, 1: 59, 2: 23, 3: 67, 4: 22, 5: 44, 6: 34, 7: 294, 8: 20, 9: 15}, 12: {0: 21, 1: 55, 2: 30, 3: 79, 4: 19, 5: 330, 6: 13, 7: 22, 8: 14, 9: 17}, 13: {0: 18, 1: 28, 2: 17, 3: 18, 4: 25, 5: 16, 6: 20, 7: 23, 8: 244, 9: 191}, 14: {0: 18, 1: 22, 2: 26, 3: 20, 4: 368, 5: 15, 6: 24, 7: 22, 8: 63, 9: 22}, 15: {0: 24, 1: 25, 2: 17, 3: 44, 4: 21, 5: 17, 6: 66, 7: 20, 8: 23, 9: 343}, 16: {0: 20, 1: 22, 2: 16, 3: 29, 4: 10, 5: 31, 6: 16, 7: 28, 8: 15, 9: 413}, 17: {0: 22, 1: 14, 2: 23, 3: 15, 4: 22, 5: 18, 6: 343, 7: 91, 8: 22, 9: 30}, 18: {0: 18, 1: 65, 2: 24, 3: 189, 4: 25, 5: 19, 6: 15, 7: 14, 8: 207, 9: 24}, 19: {0: 37, 1: 18, 2: 21, 3: 25, 4: 17, 5: 13, 6: 18, 7: 25, 8: 36, 9: 390}, 20: {0: 22, 1: 25, 2: 68, 3: 15, 4: 27, 5: 359, 6: 16, 7: 16, 8: 31, 9: 21}, 21: {0: 98, 1: 24, 2: 117, 3: 253, 4: 23, 5: 15, 6: 15, 7: 20, 8: 17, 9: 18}, 22: {0: 23, 1: 27, 2: 15, 3: 17, 4: 17, 5: 178, 6: 255, 7: 24, 8: 23, 9: 21}, 23: {0: 21, 1: 28, 2: 12, 3: 16, 4: 16, 5: 23, 6: 420, 7: 18, 8: 25, 9: 21}, 24: {0: 252, 1: 31, 2: 56, 3: 24, 4: 142, 5: 14, 6: 23, 7: 22, 8: 17, 9: 19}, 25: {0: 20, 1: 21, 2: 22, 3: 21, 4: 20, 5: 18, 6: 26, 7: 413, 8: 20, 9: 19}, 26: {0: 17, 1: 17, 2: 419, 3: 28, 4: 21, 5: 17, 6: 22, 7: 18, 8: 18, 9: 23}, 27: {0: 140, 1: 19, 2: 23, 3: 17, 4: 45, 5: 281, 6: 14, 7: 18, 8: 28, 9: 15}, 28: {0: 21, 1: 28, 2: 420, 3: 14, 4: 15, 5: 24, 6: 18, 7: 18, 8: 22, 9: 20}, 29: {0: 306, 1: 28, 2: 20, 3: 19, 4: 36, 5: 19, 6: 15, 7: 122, 8: 21, 9: 14}, 30: {0: 26, 1: 56, 2: 22, 3: 17, 4: 51, 5: 167, 6: 19, 7: 22, 8: 103, 9: 117}, 31: {0: 22, 1: 17, 2: 31, 3: 405, 4: 15, 5: 23, 6: 24, 7: 24, 8: 26, 9: 13}, 32: {0: 20, 1: 420, 2: 20, 3: 16, 4: 26, 5: 18, 6: 20, 7: 22, 8: 20, 9: 18}, 33: {0: 20, 1: 16, 2: 28, 3: 17, 4: 22, 5: 104, 6: 340, 7: 17, 8: 18, 9: 18}, 34: {0: 173, 1: 16, 2: 23, 3: 25, 4: 14, 5: 24, 6: 41, 7: 138, 8: 18, 9: 128}, 35: {0: 27, 1: 15, 2: 25, 3: 15, 4: 36, 5: 22, 6: 11, 7: 402, 8: 20, 9: 27}, 36: {0: 22, 1: 22, 2: 147, 3: 23, 4: 23, 5: 20, 6: 20, 7: 21, 8: 15, 9: 287}, 37: {0: 21, 1: 285, 2: 41, 3: 68, 4: 38, 5: 19, 6: 20, 7: 70, 8: 19, 9: 19}, 38: {0: 17, 1: 34, 2: 24, 3: 26, 4: 14, 5: 24, 6: 22, 7: 385, 8: 36, 9: 18}, 39: {0: 44, 1: 396, 2: 14, 3: 19, 4: 26, 5: 16, 6: 20, 7: 19, 8: 23, 9: 23}, 40: {0: 64, 1: 26, 2: 14, 3: 21, 4: 62, 5: 26, 6: 32, 7: 313, 8: 25, 9: 17}, 41: {0: 21, 1: 62, 2: 378, 3: 18, 4: 24, 5: 24, 6: 16, 7: 22, 8: 16, 9: 19}, 42: {0: 32, 1: 12, 2: 90, 3: 56, 4: 138, 5: 26, 6: 41, 7: 24, 8: 43, 9: 138}, 43: {0: 14, 1: 30, 2: 24, 3: 30, 4: 26, 5: 14, 6: 16, 7: 34, 8: 395, 9: 17}, 44: {0: 22, 1: 20, 2: 22, 3: 25, 4: 53, 5: 20, 6: 381, 7: 13, 8: 17, 9: 27}, 45: {0: 19, 1: 22, 2: 35, 3: 28, 4: 400, 5: 12, 6: 25, 7: 26, 8: 12, 9: 21}, 46: {0: 330, 1: 109, 2: 17, 3: 22, 4: 26, 5: 18, 6: 17, 7: 16, 8: 27, 9: 18}, 47: {0: 29, 1: 411, 2: 23, 3: 17, 4: 18, 5: 25, 6: 20, 7: 11, 8: 21, 9: 25}, 48: {0: 18, 1: 38, 2: 21, 3: 324, 4: 24, 5: 16, 6: 16, 7: 16, 8: 23, 9: 104}, 49: {0: 35, 1: 27, 2: 54, 3: 19, 4: 15, 5: 24, 6: 23, 7: 56, 8: 325, 9: 22}, 50: {0: 22, 1: 18, 2: 21, 3: 420, 4: 19, 5: 25, 6: 17, 7: 18, 8: 21, 9: 19}, 51: {0: 21, 1: 17, 2: 41, 3: 20, 4: 407, 5: 18, 6: 31, 7: 21, 8: 12, 9: 12}, 52: {0: 25, 1: 18, 2: 24, 3: 70, 4: 18, 5: 121, 6: 20, 7: 20, 8: 19, 9: 265}, 53: {0: 223, 1: 13, 2: 15, 3: 20, 4: 216, 5: 19, 6: 21, 7: 17, 8: 29, 9: 27}, 54: {0: 24, 1: 25, 2: 21, 3: 18, 4: 18, 5: 19, 6: 14, 7: 125, 8: 122, 9: 214}, 55: {0: 17, 1: 14, 2: 21, 3: 24, 4: 30, 5: 132, 6: 25, 7: 28, 8: 286, 9: 23}, 56: {0: 21, 1: 26, 2: 75, 3: 14, 4: 21, 5: 16, 6: 15, 7: 28, 8: 361, 9: 23}, 57: {0: 19, 1: 20, 2: 420, 3: 26, 4: 23, 5: 19, 6: 18, 7: 18, 8: 16, 9: 21}, 58: {0: 19, 1: 33, 2: 17, 3: 20, 4: 413, 5: 12, 6: 25, 7: 16, 8: 18, 9: 27}, 59: {0: 172, 1: 23, 2: 267, 3: 18, 4: 18, 5: 19, 6: 20, 7: 19, 8: 22, 9: 22}, 60: {0: 206, 1: 14, 2: 125, 3: 20, 4: 23, 5: 55, 6: 90, 7: 30, 8: 18, 9: 19}, 61: {0: 12, 1: 25, 2: 20, 3: 24, 4: 41, 5: 26, 6: 114, 7: 24, 8: 295, 9: 19}, 62: {0: 19, 1: 30, 2: 14, 3: 41, 4: 16, 5: 24, 6: 22, 7: 397, 8: 17, 9: 20}, 63: {0: 38, 1: 21, 2: 404, 3: 11, 4: 17, 5: 21, 6: 24, 7: 27, 8: 17, 9: 20}, 64: {0: 19, 1: 19, 2: 49, 3: 19, 4: 16, 5: 391, 6: 27, 7: 20, 8: 22, 9: 18}, 65: {0: 21, 1: 24, 2: 21, 3: 24, 4: 60, 5: 26, 6: 92, 7: 129, 8: 27, 9: 176}, 66: {0: 420, 1: 18, 2: 22, 3: 21, 4: 26, 5: 20, 6: 18, 7: 17, 8: 21, 9: 17}, 67: {0: 139, 1: 31, 2: 22, 3: 28, 4: 20, 5: 19, 6: 277, 7: 19, 8: 21, 9: 24}, 68: {0: 14, 1: 216, 2: 20, 3: 232, 4: 22, 5: 18, 6: 19, 7: 17, 8: 19, 9: 23}, 69: {0: 16, 1: 28, 2: 14, 3: 408, 4: 17, 5: 16, 6: 29, 7: 34, 8: 23, 9: 15}, 70: {0: 22, 1: 43, 2: 61, 3: 18, 4: 161, 5: 187, 6: 39, 7: 29, 8: 17, 9: 23}, 71: {0: 20, 1: 420, 2: 18, 3: 16, 4: 22, 5: 30, 6: 18, 7: 15, 8: 20, 9: 21}, 72: {0: 19, 1: 26, 2: 16, 3: 416, 4: 21, 5: 18, 6: 23, 7: 19, 8: 18, 9: 24}, 73: {0: 19, 1: 23, 2: 42, 3: 15, 4: 19, 5: 16, 6: 107, 7: 58, 8: 277, 9: 24}, 74: {0: 20, 1: 22, 2: 128, 3: 29, 4: 304, 5: 15, 6: 21, 7: 18, 8: 23, 9: 20}, 75: {0: 21, 1: 27, 2: 28, 3: 39, 4: 23, 5: 334, 6: 19, 7: 21, 8: 69, 9: 19}, 76: {0: 396, 1: 45, 2: 16, 3: 20, 4: 14, 5: 15, 6: 21, 7: 25, 8: 28, 9: 20}, 77: {0: 21, 1: 24, 2: 24, 3: 21, 4: 96, 5: 11, 6: 20, 7: 19, 8: 62, 9: 302}, 78: {0: 21, 1: 22, 2: 17, 3: 21, 4: 17, 5: 124, 6: 22, 7: 113, 8: 176, 9: 67}, 79: {0: 35, 1: 75, 2: 352, 3: 26, 4: 16, 5: 28, 6: 14, 7: 17, 8: 17, 9: 20}, 80: {0: 24, 1: 21, 2: 22, 3: 12, 4: 21, 5: 188, 6: 27, 7: 30, 8: 17, 9: 238}, 81: {0: 420, 1: 20, 2: 15, 3: 14, 4: 26, 5: 19, 6: 25, 7: 26, 8: 25, 9: 10}, 82: {0: 17, 1: 187, 2: 53, 3: 57, 4: 35, 5: 19, 6: 88, 7: 101, 8: 17, 9: 26}, 83: {0: 26, 1: 20, 2: 19, 3: 420, 4: 22, 5: 19, 6: 17, 7: 21, 8: 22, 9: 14}, 84: {0: 57, 1: 21, 2: 17, 3: 26, 4: 382, 5: 19, 6: 19, 7: 19, 8: 16, 9: 24}, 85: {0: 420, 1: 17, 2: 18, 3: 22, 4: 14, 5: 19, 6: 14, 7: 25, 8: 25, 9: 26}, 86: {0: 103, 1: 191, 2: 19, 3: 41, 4: 12, 5: 15, 6: 23, 7: 26, 8: 22, 9: 148}, 87: {0: 87, 1: 353, 2: 15, 3: 20, 4: 16, 5: 15, 6: 25, 7: 20, 8: 31, 9: 18}, 88: {0: 28, 1: 22, 2: 16, 3: 68, 4: 22, 5: 18, 6: 370, 7: 10, 8: 25, 9: 21}, 89: {0: 18, 1: 197, 2: 24, 3: 22, 4: 26, 5: 11, 6: 23, 7: 229, 8: 26, 9: 24}, 90: {0: 20, 1: 18, 2: 24, 3: 23, 4: 40, 5: 23, 6: 19, 7: 394, 8: 23, 9: 16}, 91: {0: 20, 1: 25, 2: 25, 3: 19, 4: 30, 5: 26, 6: 16, 7: 13, 8: 17, 9: 409}, 92: {0: 18, 1: 23, 2: 34, 3: 33, 4: 16, 5: 332, 6: 17, 7: 22, 8: 92, 9: 13}, 93: {0: 51, 1: 21, 2: 14, 3: 43, 4: 38, 5: 20, 6: 79, 7: 39, 8: 278, 9: 17}, 94: {0: 28, 1: 18, 2: 410, 3: 19, 4: 23, 5: 14, 6: 22, 7: 22, 8: 24, 9: 20}, 95: {0: 16, 1: 129, 2: 18, 3: 126, 4: 17, 5: 27, 6: 58, 7: 164, 8: 18, 9: 27}, 96: {0: 16, 1: 420, 2: 17, 3: 23, 4: 16, 5: 25, 6: 19, 7: 15, 8: 22, 9: 27}, 97: {0: 23, 1: 420, 2: 19, 3: 27, 4: 21, 5: 14, 6: 22, 7: 20, 8: 16, 9: 18}, 98: {0: 25, 1: 62, 2: 20, 3: 21, 4: 25, 5: 16, 6: 197, 7: 17, 8: 20, 9: 197}, 99: {0: 18, 1: 28, 2: 21, 3: 27, 4: 21, 5: 22, 6: 17, 7: 33, 8: 394, 9: 19}}
====================================================================================================
Training started at: 2026-03-27 03:54:37
Result directory: results/fl_mnist/fedrdn/pm-dir_a-0.1_nm-uni_nr-0.3_nt-symmetric_st-least_sim_dr-0.15
Result txt file : results/fl_mnist/fedrdn/pm-dir_a-0.1_nm-uni_nr-0.3_nt-symmetric_st-least_sim_dr-0.15/fedrdn_fl_mnist_20260327-035437-579746_pid2346383.txt
Result log file : results/fl_mnist/fedrdn/pm-dir_a-0.1_nm-uni_nr-0.3_nt-symmetric_st-least_sim_dr-0.15/fedrdn_fl_mnist_20260327-035437-579746_pid2346383.log
----------------------------------------------------------------------------------------------------
Model: fedrdn
Dataset: fl_mnist
Structure: homogeneity
Participants: 100
Online ratio: 0.1
Communication epochs: 100
Local epoch: 10
Local batch size: 64
Local lr: 0.01
Partition mode: dirichlet
Dirichlet alpha: 0.1
Noise mode: uniform
Noise rate: 0.3
Noise type: symmetric
Noise max: 0.3
Denoise score alpha: 0.5
Drop rate: 0.15
Denoise strategy: least_sim
FedProx mu: 0.01
FedRDN std: 0.01
FedCDA history size: NA
FedGLoSS beta: 0.01
Averaging: weight
Seed: 0
====================================================================================================
[Round 001/100] Acc=11.350 | RoundTime=41.85s | TotalTime=41.85s | Method=fedrdn
[Round 002/100] Acc=29.010 | RoundTime=22.00s | TotalTime=63.85s | Method=fedrdn
[Round 003/100] Acc=71.290 | RoundTime=22.69s | TotalTime=86.54s | Method=fedrdn
[Round 004/100] Acc=84.930 | RoundTime=23.74s | TotalTime=110.28s | Method=fedrdn
[Round 005/100] Acc=76.110 | RoundTime=26.59s | TotalTime=136.87s | Method=fedrdn
[Round 006/100] Acc=78.060 | RoundTime=29.44s | TotalTime=166.31s | Method=fedrdn
[Round 007/100] Acc=78.500 | RoundTime=22.09s | TotalTime=188.39s | Method=fedrdn
[Round 008/100] Acc=81.040 | RoundTime=22.17s | TotalTime=210.57s | Method=fedrdn
[Round 009/100] Acc=80.970 | RoundTime=26.58s | TotalTime=237.15s | Method=fedrdn
[Round 010/100] Acc=78.960 | RoundTime=22.39s | TotalTime=259.54s | Method=fedrdn
[Round 011/100] Acc=71.980 | RoundTime=22.13s | TotalTime=281.67s | Method=fedrdn
[Round 012/100] Acc=81.030 | RoundTime=21.89s | TotalTime=303.55s | Method=fedrdn
[Round 013/100] Acc=73.770 | RoundTime=23.62s | TotalTime=327.18s | Method=fedrdn
[Round 014/100] Acc=78.750 | RoundTime=21.93s | TotalTime=349.11s | Method=fedrdn
[Round 015/100] Acc=75.600 | RoundTime=24.86s | TotalTime=373.97s | Method=fedrdn
[Round 016/100] Acc=71.290 | RoundTime=22.27s | TotalTime=396.24s | Method=fedrdn
[Round 017/100] Acc=78.990 | RoundTime=23.65s | TotalTime=419.88s | Method=fedrdn
[Round 018/100] Acc=81.060 | RoundTime=23.55s | TotalTime=443.44s | Method=fedrdn
[Round 019/100] Acc=78.730 | RoundTime=23.87s | TotalTime=467.31s | Method=fedrdn
[Round 020/100] Acc=82.390 | RoundTime=25.21s | TotalTime=492.52s | Method=fedrdn
[Round 021/100] Acc=81.540 | RoundTime=23.12s | TotalTime=515.64s | Method=fedrdn
[Round 022/100] Acc=74.530 | RoundTime=25.76s | TotalTime=541.39s | Method=fedrdn
[Round 023/100] Acc=87.970 | RoundTime=23.14s | TotalTime=564.54s | Method=fedrdn
[Round 024/100] Acc=74.710 | RoundTime=23.73s | TotalTime=588.26s | Method=fedrdn
[Round 025/100] Acc=73.960 | RoundTime=22.20s | TotalTime=610.46s | Method=fedrdn
[Round 026/100] Acc=83.050 | RoundTime=24.11s | TotalTime=634.58s | Method=fedrdn
[Round 027/100] Acc=84.440 | RoundTime=22.54s | TotalTime=657.12s | Method=fedrdn
[Round 028/100] Acc=79.190 | RoundTime=24.28s | TotalTime=681.40s | Method=fedrdn
[Round 029/100] Acc=83.700 | RoundTime=23.32s | TotalTime=704.73s | Method=fedrdn
[Round 030/100] Acc=86.470 | RoundTime=23.93s | TotalTime=728.65s | Method=fedrdn
[Round 031/100] Acc=80.540 | RoundTime=22.12s | TotalTime=750.77s | Method=fedrdn
[Round 032/100] Acc=82.530 | RoundTime=23.50s | TotalTime=774.26s | Method=fedrdn
[Round 033/100] Acc=80.030 | RoundTime=23.01s | TotalTime=797.28s | Method=fedrdn
[Round 034/100] Acc=72.590 | RoundTime=22.41s | TotalTime=819.69s | Method=fedrdn
[Round 035/100] Acc=80.410 | RoundTime=25.64s | TotalTime=845.33s | Method=fedrdn
[Round 036/100] Acc=86.070 | RoundTime=22.60s | TotalTime=867.93s | Method=fedrdn
[Round 037/100] Acc=86.720 | RoundTime=24.13s | TotalTime=892.05s | Method=fedrdn
[Round 038/100] Acc=84.840 | RoundTime=22.05s | TotalTime=914.10s | Method=fedrdn
[Round 039/100] Acc=84.790 | RoundTime=25.04s | TotalTime=939.14s | Method=fedrdn
[Round 040/100] Acc=79.990 | RoundTime=23.69s | TotalTime=962.83s | Method=fedrdn
[Round 041/100] Acc=79.710 | RoundTime=21.82s | TotalTime=984.65s | Method=fedrdn
[Round 042/100] Acc=81.540 | RoundTime=22.87s | TotalTime=1007.52s | Method=fedrdn
[Round 043/100] Acc=80.270 | RoundTime=22.84s | TotalTime=1030.36s | Method=fedrdn
[Round 044/100] Acc=85.400 | RoundTime=22.51s | TotalTime=1052.86s | Method=fedrdn
[Round 045/100] Acc=84.860 | RoundTime=23.77s | TotalTime=1076.63s | Method=fedrdn
[Round 046/100] Acc=82.320 | RoundTime=23.62s | TotalTime=1100.26s | Method=fedrdn
[Round 047/100] Acc=85.110 | RoundTime=23.64s | TotalTime=1123.90s | Method=fedrdn
[Round 048/100] Acc=79.700 | RoundTime=23.20s | TotalTime=1147.10s | Method=fedrdn
[Round 049/100] Acc=84.090 | RoundTime=23.83s | TotalTime=1170.92s | Method=fedrdn
[Round 050/100] Acc=82.420 | RoundTime=23.70s | TotalTime=1194.62s | Method=fedrdn
[Round 051/100] Acc=81.030 | RoundTime=23.53s | TotalTime=1218.15s | Method=fedrdn
[Round 052/100] Acc=79.530 | RoundTime=23.45s | TotalTime=1241.61s | Method=fedrdn
[Round 053/100] Acc=79.650 | RoundTime=22.74s | TotalTime=1264.35s | Method=fedrdn
[Round 054/100] Acc=83.130 | RoundTime=22.98s | TotalTime=1287.33s | Method=fedrdn
[Round 055/100] Acc=83.640 | RoundTime=24.31s | TotalTime=1311.64s | Method=fedrdn
[Round 056/100] Acc=85.540 | RoundTime=23.21s | TotalTime=1334.85s | Method=fedrdn
[Round 057/100] Acc=76.140 | RoundTime=24.41s | TotalTime=1359.26s | Method=fedrdn
[Round 058/100] Acc=78.430 | RoundTime=22.68s | TotalTime=1381.94s | Method=fedrdn
[Round 059/100] Acc=80.260 | RoundTime=22.69s | TotalTime=1404.63s | Method=fedrdn
[Round 060/100] Acc=82.510 | RoundTime=21.69s | TotalTime=1426.31s | Method=fedrdn
[Round 061/100] Acc=83.030 | RoundTime=22.48s | TotalTime=1448.79s | Method=fedrdn
[Round 062/100] Acc=85.960 | RoundTime=24.91s | TotalTime=1473.70s | Method=fedrdn
[Round 063/100] Acc=80.220 | RoundTime=23.77s | TotalTime=1497.48s | Method=fedrdn
[Round 064/100] Acc=81.230 | RoundTime=22.75s | TotalTime=1520.23s | Method=fedrdn
[Round 065/100] Acc=85.350 | RoundTime=23.21s | TotalTime=1543.44s | Method=fedrdn
[Round 066/100] Acc=78.600 | RoundTime=23.23s | TotalTime=1566.68s | Method=fedrdn
[Round 067/100] Acc=84.400 | RoundTime=23.69s | TotalTime=1590.37s | Method=fedrdn
[Round 068/100] Acc=76.830 | RoundTime=22.66s | TotalTime=1613.02s | Method=fedrdn
[Round 069/100] Acc=82.950 | RoundTime=23.93s | TotalTime=1636.95s | Method=fedrdn
[Round 070/100] Acc=85.750 | RoundTime=24.51s | TotalTime=1661.45s | Method=fedrdn
[Round 071/100] Acc=84.450 | RoundTime=24.11s | TotalTime=1685.56s | Method=fedrdn
[Round 072/100] Acc=79.670 | RoundTime=24.15s | TotalTime=1709.71s | Method=fedrdn
[Round 073/100] Acc=81.760 | RoundTime=24.27s | TotalTime=1733.98s | Method=fedrdn
[Round 074/100] Acc=86.250 | RoundTime=23.62s | TotalTime=1757.60s | Method=fedrdn
[Round 075/100] Acc=78.830 | RoundTime=22.75s | TotalTime=1780.35s | Method=fedrdn
[Round 076/100] Acc=82.310 | RoundTime=24.60s | TotalTime=1804.95s | Method=fedrdn
[Round 077/100] Acc=79.530 | RoundTime=22.33s | TotalTime=1827.28s | Method=fedrdn
[Round 078/100] Acc=85.440 | RoundTime=22.84s | TotalTime=1850.12s | Method=fedrdn
[Round 079/100] Acc=81.360 | RoundTime=23.40s | TotalTime=1873.52s | Method=fedrdn
[Round 080/100] Acc=79.790 | RoundTime=23.77s | TotalTime=1897.29s | Method=fedrdn
[Round 081/100] Acc=84.940 | RoundTime=25.36s | TotalTime=1922.65s | Method=fedrdn
[Round 082/100] Acc=83.200 | RoundTime=22.93s | TotalTime=1945.58s | Method=fedrdn
[Round 083/100] Acc=81.110 | RoundTime=23.90s | TotalTime=1969.48s | Method=fedrdn
[Round 084/100] Acc=84.160 | RoundTime=22.08s | TotalTime=1991.56s | Method=fedrdn
[Round 085/100] Acc=80.760 | RoundTime=23.03s | TotalTime=2014.58s | Method=fedrdn
[Round 086/100] Acc=81.110 | RoundTime=24.05s | TotalTime=2038.63s | Method=fedrdn
[Round 087/100] Acc=78.430 | RoundTime=22.88s | TotalTime=2061.51s | Method=fedrdn
[Round 088/100] Acc=80.410 | RoundTime=22.89s | TotalTime=2084.40s | Method=fedrdn
[Round 089/100] Acc=85.470 | RoundTime=23.73s | TotalTime=2108.13s | Method=fedrdn
[Round 090/100] Acc=83.180 | RoundTime=22.86s | TotalTime=2130.99s | Method=fedrdn
[Round 091/100] Acc=79.010 | RoundTime=24.64s | TotalTime=2155.63s | Method=fedrdn
[Round 092/100] Acc=85.040 | RoundTime=23.59s | TotalTime=2179.22s | Method=fedrdn
[Round 093/100] Acc=85.270 | RoundTime=23.54s | TotalTime=2202.77s | Method=fedrdn
[Round 094/100] Acc=86.210 | RoundTime=22.04s | TotalTime=2224.80s | Method=fedrdn
[Round 095/100] Acc=86.370 | RoundTime=22.40s | TotalTime=2247.20s | Method=fedrdn
[Round 096/100] Acc=85.370 | RoundTime=23.25s | TotalTime=2270.45s | Method=fedrdn
[Round 097/100] Acc=85.960 | RoundTime=23.35s | TotalTime=2293.80s | Method=fedrdn
[Round 098/100] Acc=83.320 | RoundTime=22.76s | TotalTime=2316.56s | Method=fedrdn
[Round 099/100] Acc=82.260 | RoundTime=22.36s | TotalTime=2338.92s | Method=fedrdn
[Round 100/100] Acc=83.300 | RoundTime=25.54s | TotalTime=2364.46s | Method=fedrdn
====================================================================================================
Training finished at: 2026-03-27 04:34:02
Total elapsed time: 2364.46s
Final Acc: 83.300
Best Acc : 87.970
====================================================================================================
