fedcda_100_fl_cifar10_pm-dirichlet_alpha-0.3_nm-uniform_nr-0.4_0.1_100_10
mean: 500.0
std: 0.0
Data statistics: {0: {0: 92, 1: 32, 2: 80, 3: 26, 4: 21, 5: 29, 6: 53, 7: 49, 8: 37, 9: 81}, 1: {0: 22, 1: 217, 2: 46, 3: 16, 4: 21, 5: 67, 6: 40, 7: 29, 8: 26, 9: 16}, 2: {0: 18, 1: 24, 2: 39, 3: 44, 4: 97, 5: 135, 6: 26, 7: 71, 8: 22, 9: 24}, 3: {0: 28, 1: 19, 2: 53, 3: 133, 4: 74, 5: 50, 6: 41, 7: 41, 8: 37, 9: 24}, 4: {0: 40, 1: 27, 2: 155, 3: 16, 4: 31, 5: 25, 6: 21, 7: 21, 8: 24, 9: 140}, 5: {0: 84, 1: 37, 2: 23, 3: 39, 4: 31, 5: 19, 6: 20, 7: 201, 8: 26, 9: 20}, 6: {0: 31, 1: 20, 2: 39, 3: 15, 4: 24, 5: 25, 6: 293, 7: 19, 8: 16, 9: 18}, 7: {0: 44, 1: 24, 2: 19, 3: 28, 4: 57, 5: 23, 6: 29, 7: 60, 8: 198, 9: 18}, 8: {0: 69, 1: 46, 2: 20, 3: 61, 4: 21, 5: 180, 6: 24, 7: 23, 8: 24, 9: 32}, 9: {0: 78, 1: 34, 2: 26, 3: 41, 4: 78, 5: 51, 6: 127, 7: 17, 8: 21, 9: 27}, 10: {0: 18, 1: 24, 2: 33, 3: 20, 4: 43, 5: 56, 6: 151, 7: 24, 8: 27, 9: 104}, 11: {0: 73, 1: 66, 2: 28, 3: 53, 4: 48, 5: 25, 6: 32, 7: 27, 8: 81, 9: 67}, 12: {0: 45, 1: 43, 2: 18, 3: 26, 4: 24, 5: 43, 6: 90, 7: 87, 8: 101, 9: 23}, 13: {0: 32, 1: 61, 2: 61, 3: 147, 4: 87, 5: 27, 6: 23, 7: 17, 8: 29, 9: 16}, 14: {0: 56, 1: 38, 2: 55, 3: 23, 4: 62, 5: 56, 6: 31, 7: 22, 8: 28, 9: 129}, 15: {0: 57, 1: 66, 2: 78, 3: 130, 4: 36, 5: 23, 6: 16, 7: 56, 8: 17, 9: 21}, 16: {0: 31, 1: 22, 2: 25, 3: 13, 4: 42, 5: 19, 6: 27, 7: 85, 8: 211, 9: 25}, 17: {0: 22, 1: 21, 2: 27, 3: 162, 4: 20, 5: 35, 6: 28, 7: 40, 8: 29, 9: 116}, 18: {0: 27, 1: 24, 2: 26, 3: 21, 4: 72, 5: 65, 6: 28, 7: 35, 8: 33, 9: 169}, 19: {0: 24, 1: 24, 2: 53, 3: 35, 4: 20, 5: 208, 6: 29, 7: 61, 8: 24, 9: 22}, 20: {0: 19, 1: 44, 2: 28, 3: 18, 4: 45, 5: 32, 6: 45, 7: 27, 8: 22, 9: 220}, 21: {0: 22, 1: 31, 2: 80, 3: 25, 4: 206, 5: 47, 6: 28, 7: 17, 8: 25, 9: 19}, 22: {0: 23, 1: 12, 2: 52, 3: 27, 4: 22, 5: 107, 6: 32, 7: 24, 8: 29, 9: 172}, 23: {0: 32, 1: 36, 2: 17, 3: 19, 4: 56, 5: 41, 6: 247, 7: 16, 8: 16, 9: 20}, 24: {0: 45, 1: 92, 2: 24, 3: 36, 4: 24, 5: 18, 6: 79, 7: 38, 8: 115, 9: 29}, 25: {0: 18, 1: 103, 2: 37, 3: 30, 4: 31, 5: 25, 6: 22, 7: 48, 8: 45, 9: 141}, 26: {0: 27, 1: 23, 2: 80, 3: 84, 4: 49, 5: 27, 6: 50, 7: 110, 8: 27, 9: 23}, 27: {0: 76, 1: 28, 2: 20, 3: 27, 4: 23, 5: 27, 6: 24, 7: 19, 8: 19, 9: 237}, 28: {0: 79, 1: 25, 2: 22, 3: 99, 4: 71, 5: 102, 6: 41, 7: 17, 8: 25, 9: 19}, 29: {0: 51, 1: 22, 2: 35, 3: 142, 4: 27, 5: 21, 6: 63, 7: 94, 8: 20, 9: 25}, 30: {0: 25, 1: 22, 2: 23, 3: 21, 4: 90, 5: 40, 6: 30, 7: 21, 8: 24, 9: 204}, 31: {0: 40, 1: 39, 2: 106, 3: 40, 4: 17, 5: 22, 6: 39, 7: 93, 8: 36, 9: 68}, 32: {0: 21, 1: 27, 2: 26, 3: 65, 4: 18, 5: 29, 6: 108, 7: 152, 8: 28, 9: 26}, 33: {0: 202, 1: 32, 2: 112, 3: 20, 4: 22, 5: 29, 6: 28, 7: 21, 8: 21, 9: 13}, 34: {0: 132, 1: 84, 2: 24, 3: 122, 4: 20, 5: 24, 6: 25, 7: 30, 8: 26, 9: 13}, 35: {0: 17, 1: 23, 2: 29, 3: 27, 4: 36, 5: 70, 6: 25, 7: 29, 8: 222, 9: 22}, 36: {0: 81, 1: 109, 2: 34, 3: 38, 4: 15, 5: 22, 6: 46, 7: 114, 8: 19, 9: 22}, 37: {0: 300, 1: 19, 2: 20, 3: 18, 4: 25, 5: 23, 6: 30, 7: 16, 8: 25, 9: 24}, 38: {0: 144, 1: 24, 2: 49, 3: 40, 4: 23, 5: 50, 6: 49, 7: 75, 8: 22, 9: 24}, 39: {0: 15, 1: 36, 2: 20, 3: 25, 4: 181, 5: 50, 6: 28, 7: 36, 8: 82, 9: 27}, 40: {0: 28, 1: 50, 2: 72, 3: 24, 4: 129, 5: 65, 6: 67, 7: 25, 8: 19, 9: 21}, 41: {0: 32, 1: 16, 2: 92, 3: 85, 4: 121, 5: 56, 6: 20, 7: 22, 8: 25, 9: 31}, 42: {0: 22, 1: 36, 2: 56, 3: 85, 4: 78, 5: 18, 6: 125, 7: 32, 8: 24, 9: 24}, 43: {0: 28, 1: 21, 2: 17, 3: 63, 4: 265, 5: 19, 6: 20, 7: 18, 8: 24, 9: 25}, 44: {0: 24, 1: 97, 2: 101, 3: 71, 4: 29, 5: 95, 6: 14, 7: 14, 8: 32, 9: 23}, 45: {0: 23, 1: 279, 2: 23, 3: 29, 4: 23, 5: 28, 6: 24, 7: 20, 8: 28, 9: 23}, 46: {0: 19, 1: 34, 2: 20, 3: 39, 4: 71, 5: 22, 6: 36, 7: 174, 8: 59, 9: 26}, 47: {0: 22, 1: 34, 2: 22, 3: 21, 4: 39, 5: 22, 6: 118, 7: 39, 8: 90, 9: 93}, 48: {0: 27, 1: 53, 2: 42, 3: 40, 4: 25, 5: 25, 6: 20, 7: 53, 8: 20, 9: 195}, 49: {0: 23, 1: 38, 2: 16, 3: 30, 4: 130, 5: 179, 6: 20, 7: 23, 8: 19, 9: 22}, 50: {0: 72, 1: 205, 2: 55, 3: 29, 4: 23, 5: 21, 6: 18, 7: 26, 8: 29, 9: 22}, 51: {0: 143, 1: 59, 2: 34, 3: 33, 4: 38, 5: 21, 6: 33, 7: 18, 8: 98, 9: 23}, 52: {0: 72, 1: 51, 2: 76, 3: 42, 4: 66, 5: 19, 6: 24, 7: 18, 8: 74, 9: 58}, 53: {0: 95, 1: 42, 2: 115, 3: 33, 4: 26, 5: 34, 6: 90, 7: 17, 8: 21, 9: 27}, 54: {0: 18, 1: 52, 2: 18, 3: 93, 4: 83, 5: 137, 6: 30, 7: 17, 8: 27, 9: 25}, 55: {0: 20, 1: 29, 2: 18, 3: 25, 4: 19, 5: 118, 6: 113, 7: 24, 8: 111, 9: 23}, 56: {0: 34, 1: 18, 2: 31, 3: 84, 4: 44, 5: 17, 6: 23, 7: 199, 8: 33, 9: 17}, 57: {0: 21, 1: 15, 2: 54, 3: 23, 4: 21, 5: 26, 6: 28, 7: 198, 8: 97, 9: 17}, 58: {0: 33, 1: 23, 2: 27, 3: 34, 4: 21, 5: 28, 6: 179, 7: 111, 8: 24, 9: 20}, 59: {0: 34, 1: 33, 2: 42, 3: 22, 4: 42, 5: 170, 6: 31, 7: 17, 8: 85, 9: 24}, 60: {0: 27, 1: 20, 2: 26, 3: 31, 4: 41, 5: 25, 6: 24, 7: 71, 8: 215, 9: 20}, 61: {0: 31, 1: 23, 2: 22, 3: 25, 4: 58, 5: 22, 6: 25, 7: 20, 8: 211, 9: 63}, 62: {0: 58, 1: 27, 2: 63, 3: 31, 4: 116, 5: 20, 6: 82, 7: 64, 8: 24, 9: 15}, 63: {0: 57, 1: 26, 2: 60, 3: 174, 4: 27, 5: 24, 6: 17, 7: 26, 8: 41, 9: 48}, 64: {0: 37, 1: 32, 2: 26, 3: 27, 4: 26, 5: 116, 6: 143, 7: 56, 8: 23, 9: 14}, 65: {0: 28, 1: 17, 2: 65, 3: 17, 4: 71, 5: 81, 6: 144, 7: 28, 8: 23, 9: 26}, 66: {0: 227, 1: 25, 2: 40, 3: 22, 4: 73, 5: 28, 6: 23, 7: 15, 8: 24, 9: 23}, 67: {0: 37, 1: 105, 2: 21, 3: 92, 4: 20, 5: 38, 6: 110, 7: 30, 8: 19, 9: 28}, 68: {0: 23, 1: 23, 2: 40, 3: 127, 4: 27, 5: 18, 6: 56, 7: 24, 8: 23, 9: 139}, 69: {0: 23, 1: 14, 2: 112, 3: 18, 4: 22, 5: 23, 6: 38, 7: 198, 8: 24, 9: 28}, 70: {0: 62, 1: 69, 2: 122, 3: 87, 4: 35, 5: 37, 6: 27, 7: 19, 8: 19, 9: 23}, 71: {0: 27, 1: 27, 2: 291, 3: 19, 4: 14, 5: 22, 6: 18, 7: 25, 8: 28, 9: 29}, 72: {0: 24, 1: 67, 2: 112, 3: 60, 4: 103, 5: 53, 6: 23, 7: 20, 8: 20, 9: 18}, 73: {0: 94, 1: 41, 2: 23, 3: 203, 4: 28, 5: 25, 6: 22, 7: 19, 8: 18, 9: 27}, 74: {0: 23, 1: 115, 2: 65, 3: 169, 4: 23, 5: 28, 6: 22, 7: 16, 8: 17, 9: 22}, 75: {0: 25, 1: 25, 2: 14, 3: 37, 4: 70, 5: 49, 6: 26, 7: 207, 8: 24, 9: 23}, 76: {0: 72, 1: 53, 2: 126, 3: 26, 4: 99, 5: 26, 6: 26, 7: 21, 8: 27, 9: 24}, 77: {0: 37, 1: 25, 2: 24, 3: 25, 4: 38, 5: 35, 6: 31, 7: 222, 8: 45, 9: 18}, 78: {0: 22, 1: 29, 2: 31, 3: 49, 4: 20, 5: 24, 6: 112, 7: 25, 8: 25, 9: 163}, 79: {0: 24, 1: 35, 2: 27, 3: 24, 4: 32, 5: 26, 6: 26, 7: 20, 8: 69, 9: 217}, 80: {0: 97, 1: 101, 2: 46, 3: 21, 4: 26, 5: 49, 6: 19, 7: 33, 8: 82, 9: 26}, 81: {0: 143, 1: 28, 2: 101, 3: 47, 4: 13, 5: 50, 6: 20, 7: 58, 8: 18, 9: 22}, 82: {0: 27, 1: 25, 2: 22, 3: 28, 4: 69, 5: 141, 6: 104, 7: 19, 8: 39, 9: 26}, 83: {0: 17, 1: 109, 2: 211, 3: 33, 4: 24, 5: 21, 6: 14, 7: 23, 8: 27, 9: 21}, 84: {0: 48, 1: 65, 2: 230, 3: 17, 4: 26, 5: 27, 6: 23, 7: 25, 8: 20, 9: 19}, 85: {0: 35, 1: 18, 2: 24, 3: 186, 4: 53, 5: 27, 6: 82, 7: 27, 8: 28, 9: 20}, 86: {0: 21, 1: 18, 2: 26, 3: 41, 4: 16, 5: 29, 6: 31, 7: 28, 8: 274, 9: 16}, 87: {0: 124, 1: 26, 2: 28, 3: 27, 4: 26, 5: 86, 6: 58, 7: 61, 8: 45, 9: 19}, 88: {0: 16, 1: 144, 2: 25, 3: 36, 4: 20, 5: 28, 6: 23, 7: 73, 8: 32, 9: 103}, 89: {0: 81, 1: 18, 2: 35, 3: 36, 4: 83, 5: 25, 6: 62, 7: 28, 8: 116, 9: 16}, 90: {0: 20, 1: 38, 2: 24, 3: 42, 4: 58, 5: 90, 6: 51, 7: 16, 8: 136, 9: 25}, 91: {0: 37, 1: 294, 2: 24, 3: 23, 4: 21, 5: 24, 6: 17, 7: 26, 8: 11, 9: 23}, 92: {0: 24, 1: 166, 2: 20, 3: 82, 4: 23, 5: 89, 6: 25, 7: 29, 8: 20, 9: 22}, 93: {0: 83, 1: 18, 2: 30, 3: 26, 4: 18, 5: 177, 6: 22, 7: 24, 8: 81, 9: 21}, 94: {0: 47, 1: 13, 2: 25, 3: 113, 4: 100, 5: 25, 6: 34, 7: 43, 8: 25, 9: 75}, 95: {0: 33, 1: 50, 2: 16, 3: 26, 4: 41, 5: 104, 6: 19, 7: 29, 8: 20, 9: 162}, 96: {0: 27, 1: 41, 2: 36, 3: 39, 4: 110, 5: 20, 6: 162, 7: 19, 8: 26, 9: 20}, 97: {0: 49, 1: 41, 2: 30, 3: 25, 4: 12, 5: 17, 6: 28, 7: 27, 8: 250, 9: 21}, 98: {0: 22, 1: 55, 2: 17, 3: 38, 4: 24, 5: 118, 6: 24, 7: 148, 8: 28, 9: 26}, 99: {0: 17, 1: 23, 2: 24, 3: 27, 4: 74, 5: 55, 6: 25, 7: 32, 8: 25, 9: 198}}
====================================================================================================
Training started at: 2026-03-31 01:31:20
Result directory: results/fl_cifar10/fedcda/pm-dir_a-0.3_nm-uni_nr-0.4_nt-symmetric_st-least_sim_dr-0.35
Result txt file : results/fl_cifar10/fedcda/pm-dir_a-0.3_nm-uni_nr-0.4_nt-symmetric_st-least_sim_dr-0.35/fedcda_fl_cifar10_20260331-013120-941656_pid693899.txt
Result log file : results/fl_cifar10/fedcda/pm-dir_a-0.3_nm-uni_nr-0.4_nt-symmetric_st-least_sim_dr-0.35/fedcda_fl_cifar10_20260331-013120-941656_pid693899.log
----------------------------------------------------------------------------------------------------
Model: fedcda
Dataset: fl_cifar10
Structure: homogeneity
Participants: 100
Online ratio: 0.1
Communication epochs: 100
Local epoch: 10
Local batch size: 60
Local lr: 0.01
Partition mode: dirichlet
Dirichlet alpha: 0.3
Noise mode: uniform
Noise rate: 0.4
Noise type: symmetric
Noise max: 0.3
Denoise score alpha: 0.5
Drop rate: 0.35
Denoise strategy: least_sim
FedProx mu: 0.01
FedRDN std: 0.01
FedCDA history size: NA
FedGLoSS beta: 0.01
Averaging: weight
Seed: 0
====================================================================================================
[Round 001/100] Acc=10.010 | RoundTime=25.13s | TotalTime=25.13s | Method=fedcda
[Round 002/100] Acc=15.070 | RoundTime=25.75s | TotalTime=50.89s | Method=fedcda
[Round 003/100] Acc=19.950 | RoundTime=25.09s | TotalTime=75.97s | Method=fedcda
[Round 004/100] Acc=24.940 | RoundTime=25.33s | TotalTime=101.31s | Method=fedcda
[Round 005/100] Acc=23.900 | RoundTime=25.50s | TotalTime=126.81s | Method=fedcda
[Round 006/100] Acc=22.010 | RoundTime=24.80s | TotalTime=151.60s | Method=fedcda
[Round 007/100] Acc=27.530 | RoundTime=24.13s | TotalTime=175.73s | Method=fedcda
[Round 008/100] Acc=25.960 | RoundTime=24.15s | TotalTime=199.88s | Method=fedcda
[Round 009/100] Acc=31.470 | RoundTime=23.92s | TotalTime=223.81s | Method=fedcda
[Round 010/100] Acc=37.540 | RoundTime=24.86s | TotalTime=248.67s | Method=fedcda
[Round 011/100] Acc=25.020 | RoundTime=26.94s | TotalTime=275.61s | Method=fedcda
[Round 012/100] Acc=28.350 | RoundTime=24.78s | TotalTime=300.39s | Method=fedcda
[Round 013/100] Acc=33.860 | RoundTime=22.00s | TotalTime=322.39s | Method=fedcda
[Round 014/100] Acc=30.740 | RoundTime=23.06s | TotalTime=345.45s | Method=fedcda
[Round 015/100] Acc=25.710 | RoundTime=22.56s | TotalTime=368.01s | Method=fedcda
[Round 016/100] Acc=31.890 | RoundTime=22.63s | TotalTime=390.65s | Method=fedcda
[Round 017/100] Acc=26.940 | RoundTime=22.59s | TotalTime=413.24s | Method=fedcda
[Round 018/100] Acc=24.710 | RoundTime=22.20s | TotalTime=435.43s | Method=fedcda
[Round 019/100] Acc=26.300 | RoundTime=22.49s | TotalTime=457.93s | Method=fedcda
[Round 020/100] Acc=26.500 | RoundTime=22.96s | TotalTime=480.89s | Method=fedcda
[Round 021/100] Acc=24.370 | RoundTime=22.40s | TotalTime=503.29s | Method=fedcda
[Round 022/100] Acc=29.640 | RoundTime=22.14s | TotalTime=525.43s | Method=fedcda
[Round 023/100] Acc=30.550 | RoundTime=23.90s | TotalTime=549.33s | Method=fedcda
[Round 024/100] Acc=28.270 | RoundTime=25.14s | TotalTime=574.47s | Method=fedcda
[Round 025/100] Acc=29.210 | RoundTime=22.36s | TotalTime=596.82s | Method=fedcda
[Round 026/100] Acc=25.590 | RoundTime=23.53s | TotalTime=620.36s | Method=fedcda
[Round 027/100] Acc=28.010 | RoundTime=23.08s | TotalTime=643.44s | Method=fedcda
[Round 028/100] Acc=19.360 | RoundTime=22.44s | TotalTime=665.88s | Method=fedcda
[Round 029/100] Acc=30.850 | RoundTime=23.14s | TotalTime=689.02s | Method=fedcda
[Round 030/100] Acc=29.300 | RoundTime=23.22s | TotalTime=712.24s | Method=fedcda
[Round 031/100] Acc=28.320 | RoundTime=23.27s | TotalTime=735.51s | Method=fedcda
[Round 032/100] Acc=26.120 | RoundTime=23.20s | TotalTime=758.71s | Method=fedcda
[Round 033/100] Acc=32.740 | RoundTime=23.12s | TotalTime=781.84s | Method=fedcda
[Round 034/100] Acc=27.700 | RoundTime=22.67s | TotalTime=804.51s | Method=fedcda
[Round 035/100] Acc=27.510 | RoundTime=22.79s | TotalTime=827.30s | Method=fedcda
[Round 036/100] Acc=30.650 | RoundTime=23.11s | TotalTime=850.41s | Method=fedcda
[Round 037/100] Acc=28.030 | RoundTime=24.92s | TotalTime=875.33s | Method=fedcda
[Round 038/100] Acc=26.540 | RoundTime=23.73s | TotalTime=899.06s | Method=fedcda
[Round 039/100] Acc=17.060 | RoundTime=23.37s | TotalTime=922.43s | Method=fedcda
[Round 040/100] Acc=31.140 | RoundTime=22.76s | TotalTime=945.19s | Method=fedcda
[Round 041/100] Acc=31.120 | RoundTime=23.06s | TotalTime=968.25s | Method=fedcda
[Round 042/100] Acc=20.820 | RoundTime=23.56s | TotalTime=991.81s | Method=fedcda
[Round 043/100] Acc=23.820 | RoundTime=23.13s | TotalTime=1014.94s | Method=fedcda
[Round 044/100] Acc=32.470 | RoundTime=24.02s | TotalTime=1038.96s | Method=fedcda
[Round 045/100] Acc=31.100 | RoundTime=23.58s | TotalTime=1062.53s | Method=fedcda
[Round 046/100] Acc=30.290 | RoundTime=23.26s | TotalTime=1085.79s | Method=fedcda
[Round 047/100] Acc=23.440 | RoundTime=22.98s | TotalTime=1108.77s | Method=fedcda
[Round 048/100] Acc=24.950 | RoundTime=23.16s | TotalTime=1131.94s | Method=fedcda
[Round 049/100] Acc=32.710 | RoundTime=22.54s | TotalTime=1154.47s | Method=fedcda
[Round 050/100] Acc=28.250 | RoundTime=25.08s | TotalTime=1179.56s | Method=fedcda
[Round 051/100] Acc=29.220 | RoundTime=31.90s | TotalTime=1211.46s | Method=fedcda
[Round 052/100] Acc=29.240 | RoundTime=31.05s | TotalTime=1242.51s | Method=fedcda
[Round 053/100] Acc=29.690 | RoundTime=31.75s | TotalTime=1274.25s | Method=fedcda
[Round 054/100] Acc=29.930 | RoundTime=32.08s | TotalTime=1306.33s | Method=fedcda
[Round 055/100] Acc=30.180 | RoundTime=32.54s | TotalTime=1338.87s | Method=fedcda
[Round 056/100] Acc=30.810 | RoundTime=32.54s | TotalTime=1371.41s | Method=fedcda
[Round 057/100] Acc=31.030 | RoundTime=32.58s | TotalTime=1403.99s | Method=fedcda
[Round 058/100] Acc=30.880 | RoundTime=32.85s | TotalTime=1436.84s | Method=fedcda
[Round 059/100] Acc=30.630 | RoundTime=32.57s | TotalTime=1469.41s | Method=fedcda
[Round 060/100] Acc=30.650 | RoundTime=31.86s | TotalTime=1501.28s | Method=fedcda
[Round 061/100] Acc=30.950 | RoundTime=32.45s | TotalTime=1533.72s | Method=fedcda
[Round 062/100] Acc=30.730 | RoundTime=32.50s | TotalTime=1566.23s | Method=fedcda
[Round 063/100] Acc=30.740 | RoundTime=31.04s | TotalTime=1597.26s | Method=fedcda
[Round 064/100] Acc=30.920 | RoundTime=32.96s | TotalTime=1630.22s | Method=fedcda
[Round 065/100] Acc=30.650 | RoundTime=32.83s | TotalTime=1663.05s | Method=fedcda
[Round 066/100] Acc=30.770 | RoundTime=31.95s | TotalTime=1695.00s | Method=fedcda
[Round 067/100] Acc=30.530 | RoundTime=32.31s | TotalTime=1727.32s | Method=fedcda
[Round 068/100] Acc=30.450 | RoundTime=32.69s | TotalTime=1760.01s | Method=fedcda
[Round 069/100] Acc=30.810 | RoundTime=32.73s | TotalTime=1792.73s | Method=fedcda
[Round 070/100] Acc=31.050 | RoundTime=32.83s | TotalTime=1825.56s | Method=fedcda
[Round 071/100] Acc=31.020 | RoundTime=32.19s | TotalTime=1857.75s | Method=fedcda
[Round 072/100] Acc=30.900 | RoundTime=31.82s | TotalTime=1889.57s | Method=fedcda
[Round 073/100] Acc=31.070 | RoundTime=32.46s | TotalTime=1922.03s | Method=fedcda
[Round 074/100] Acc=30.920 | RoundTime=31.92s | TotalTime=1953.94s | Method=fedcda
[Round 075/100] Acc=30.960 | RoundTime=32.14s | TotalTime=1986.08s | Method=fedcda
[Round 076/100] Acc=30.880 | RoundTime=33.10s | TotalTime=2019.18s | Method=fedcda
[Round 077/100] Acc=31.160 | RoundTime=32.73s | TotalTime=2051.91s | Method=fedcda
[Round 078/100] Acc=31.340 | RoundTime=32.76s | TotalTime=2084.67s | Method=fedcda
[Round 079/100] Acc=31.310 | RoundTime=32.74s | TotalTime=2117.41s | Method=fedcda
[Round 080/100] Acc=22.220 | RoundTime=32.25s | TotalTime=2149.66s | Method=fedcda
[Round 081/100] Acc=22.240 | RoundTime=32.12s | TotalTime=2181.79s | Method=fedcda
[Round 082/100] Acc=22.170 | RoundTime=32.10s | TotalTime=2213.89s | Method=fedcda
[Round 083/100] Acc=22.370 | RoundTime=33.02s | TotalTime=2246.91s | Method=fedcda
[Round 084/100] Acc=21.980 | RoundTime=33.27s | TotalTime=2280.17s | Method=fedcda
[Round 085/100] Acc=21.880 | RoundTime=32.46s | TotalTime=2312.63s | Method=fedcda
[Round 086/100] Acc=21.660 | RoundTime=32.51s | TotalTime=2345.15s | Method=fedcda
[Round 087/100] Acc=21.600 | RoundTime=32.50s | TotalTime=2377.65s | Method=fedcda
[Round 088/100] Acc=21.590 | RoundTime=35.14s | TotalTime=2412.78s | Method=fedcda
[Round 089/100] Acc=21.250 | RoundTime=33.59s | TotalTime=2446.37s | Method=fedcda
[Round 090/100] Acc=21.180 | RoundTime=34.06s | TotalTime=2480.43s | Method=fedcda
[Round 091/100] Acc=21.260 | RoundTime=34.15s | TotalTime=2514.59s | Method=fedcda
[Round 092/100] Acc=21.370 | RoundTime=34.35s | TotalTime=2548.94s | Method=fedcda
[Round 093/100] Acc=21.220 | RoundTime=34.46s | TotalTime=2583.40s | Method=fedcda
[Round 094/100] Acc=21.200 | RoundTime=33.89s | TotalTime=2617.29s | Method=fedcda
[Round 095/100] Acc=21.020 | RoundTime=34.28s | TotalTime=2651.57s | Method=fedcda
[Round 096/100] Acc=20.940 | RoundTime=34.13s | TotalTime=2685.70s | Method=fedcda
[Round 097/100] Acc=21.040 | RoundTime=33.90s | TotalTime=2719.60s | Method=fedcda
[Round 098/100] Acc=20.750 | RoundTime=34.10s | TotalTime=2753.70s | Method=fedcda
[Round 099/100] Acc=20.900 | RoundTime=33.81s | TotalTime=2787.50s | Method=fedcda
[Round 100/100] Acc=20.770 | RoundTime=34.33s | TotalTime=2821.83s | Method=fedcda
====================================================================================================
Training finished at: 2026-03-31 02:18:23
Total elapsed time: 2821.83s
Final Acc: 20.770
Best Acc : 37.540
====================================================================================================
