fedcda_100_fl_cifar10_pm-dirichlet_alpha-0.5_nm-uniform_nr-0.4_0.1_100_10
mean: 500.0
std: 0.0
Data statistics: {0: {0: 91, 1: 30, 2: 158, 3: 15, 4: 28, 5: 33, 6: 48, 7: 16, 8: 28, 9: 53}, 1: {0: 22, 1: 52, 2: 24, 3: 25, 4: 23, 5: 37, 6: 26, 7: 33, 8: 156, 9: 102}, 2: {0: 18, 1: 37, 2: 122, 3: 90, 4: 62, 5: 56, 6: 29, 7: 40, 8: 22, 9: 24}, 3: {0: 26, 1: 24, 2: 100, 3: 51, 4: 32, 5: 24, 6: 69, 7: 58, 8: 92, 9: 24}, 4: {0: 45, 1: 90, 2: 28, 3: 37, 4: 74, 5: 138, 6: 23, 7: 23, 8: 22, 9: 20}, 5: {0: 94, 1: 67, 2: 24, 3: 27, 4: 40, 5: 36, 6: 44, 7: 68, 8: 80, 9: 20}, 6: {0: 31, 1: 36, 2: 33, 3: 17, 4: 39, 5: 31, 6: 94, 7: 30, 8: 36, 9: 153}, 7: {0: 67, 1: 62, 2: 33, 3: 26, 4: 86, 5: 31, 6: 72, 7: 56, 8: 49, 9: 18}, 8: {0: 68, 1: 33, 2: 24, 3: 13, 4: 68, 5: 100, 6: 44, 7: 41, 8: 55, 9: 54}, 9: {0: 23, 1: 72, 2: 34, 3: 62, 4: 33, 5: 30, 6: 52, 7: 47, 8: 59, 9: 88}, 10: {0: 83, 1: 17, 2: 32, 3: 25, 4: 55, 5: 26, 6: 39, 7: 141, 8: 59, 9: 23}, 11: {0: 59, 1: 24, 2: 48, 3: 37, 4: 26, 5: 31, 6: 87, 7: 55, 8: 104, 9: 29}, 12: {0: 43, 1: 27, 2: 20, 3: 25, 4: 41, 5: 38, 6: 44, 7: 45, 8: 132, 9: 85}, 13: {0: 32, 1: 39, 2: 51, 3: 137, 4: 22, 5: 108, 6: 26, 7: 18, 8: 51, 9: 16}, 14: {0: 83, 1: 28, 2: 37, 3: 29, 4: 51, 5: 69, 6: 129, 7: 22, 8: 34, 9: 18}, 15: {0: 37, 1: 26, 2: 29, 3: 30, 4: 27, 5: 62, 6: 88, 7: 17, 8: 64, 9: 120}, 16: {0: 25, 1: 32, 2: 32, 3: 56, 4: 41, 5: 80, 6: 28, 7: 69, 8: 28, 9: 109}, 17: {0: 22, 1: 88, 2: 67, 3: 40, 4: 19, 5: 39, 6: 33, 7: 30, 8: 23, 9: 139}, 18: {0: 29, 1: 101, 2: 27, 3: 69, 4: 78, 5: 31, 6: 97, 7: 32, 8: 18, 9: 18}, 19: {0: 21, 1: 64, 2: 29, 3: 54, 4: 23, 5: 106, 6: 24, 7: 40, 8: 117, 9: 22}, 20: {0: 20, 1: 27, 2: 84, 3: 44, 4: 66, 5: 65, 6: 25, 7: 72, 8: 52, 9: 45}, 21: {0: 30, 1: 36, 2: 50, 3: 219, 4: 17, 5: 59, 6: 28, 7: 17, 8: 25, 9: 19}, 22: {0: 44, 1: 21, 2: 27, 3: 31, 4: 77, 5: 114, 6: 108, 7: 24, 8: 29, 9: 25}, 23: {0: 29, 1: 32, 2: 93, 3: 47, 4: 26, 5: 35, 6: 24, 7: 55, 8: 139, 9: 20}, 24: {0: 38, 1: 20, 2: 26, 3: 21, 4: 27, 5: 26, 6: 46, 7: 54, 8: 213, 9: 29}, 25: {0: 62, 1: 42, 2: 26, 3: 51, 4: 32, 5: 31, 6: 28, 7: 103, 8: 31, 9: 94}, 26: {0: 91, 1: 37, 2: 38, 3: 35, 4: 34, 5: 38, 6: 118, 7: 44, 8: 25, 9: 40}, 27: {0: 51, 1: 58, 2: 78, 3: 28, 4: 23, 5: 41, 6: 35, 7: 33, 8: 131, 9: 22}, 28: {0: 20, 1: 34, 2: 69, 3: 33, 4: 53, 5: 34, 6: 36, 7: 161, 8: 41, 9: 19}, 29: {0: 44, 1: 98, 2: 42, 3: 48, 4: 30, 5: 21, 6: 49, 7: 25, 8: 118, 9: 25}, 30: {0: 35, 1: 104, 2: 26, 3: 39, 4: 143, 5: 45, 6: 30, 7: 38, 8: 17, 9: 23}, 31: {0: 167, 1: 31, 2: 87, 3: 47, 4: 70, 5: 20, 6: 17, 7: 18, 8: 17, 9: 26}, 32: {0: 125, 1: 23, 2: 34, 3: 22, 4: 80, 5: 60, 6: 23, 7: 58, 8: 49, 9: 26}, 33: {0: 24, 1: 35, 2: 26, 3: 31, 4: 69, 5: 63, 6: 31, 7: 23, 8: 49, 9: 149}, 34: {0: 72, 1: 43, 2: 52, 3: 29, 4: 186, 5: 24, 6: 25, 7: 30, 8: 26, 9: 13}, 35: {0: 295, 1: 14, 2: 24, 3: 28, 4: 26, 5: 25, 6: 26, 7: 19, 8: 21, 9: 22}, 36: {0: 149, 1: 38, 2: 99, 3: 33, 4: 34, 5: 22, 6: 55, 7: 29, 8: 19, 9: 22}, 37: {0: 28, 1: 21, 2: 155, 3: 21, 4: 66, 5: 27, 6: 117, 7: 16, 8: 25, 9: 24}, 38: {0: 35, 1: 90, 2: 43, 3: 33, 4: 79, 5: 30, 6: 58, 7: 79, 8: 29, 9: 24}, 39: {0: 66, 1: 210, 2: 39, 3: 21, 4: 37, 5: 30, 6: 22, 7: 22, 8: 26, 9: 27}, 40: {0: 28, 1: 44, 2: 36, 3: 51, 4: 118, 5: 76, 6: 82, 7: 25, 8: 19, 9: 21}, 41: {0: 21, 1: 37, 2: 25, 3: 40, 4: 37, 5: 36, 6: 21, 7: 45, 8: 112, 9: 126}, 42: {0: 26, 1: 43, 2: 98, 3: 75, 4: 37, 5: 17, 6: 28, 7: 62, 8: 90, 9: 24}, 43: {0: 31, 1: 38, 2: 45, 3: 28, 4: 68, 5: 44, 6: 92, 7: 74, 8: 55, 9: 25}, 44: {0: 30, 1: 70, 2: 23, 3: 58, 4: 22, 5: 78, 6: 150, 7: 14, 8: 32, 9: 23}, 45: {0: 20, 1: 81, 2: 52, 3: 26, 4: 76, 5: 62, 6: 71, 7: 37, 8: 52, 9: 23}, 46: {0: 27, 1: 34, 2: 86, 3: 44, 4: 22, 5: 22, 6: 76, 7: 20, 8: 143, 9: 26}, 47: {0: 31, 1: 52, 2: 20, 3: 22, 4: 42, 5: 27, 6: 85, 7: 34, 8: 34, 9: 153}, 48: {0: 28, 1: 27, 2: 21, 3: 31, 4: 30, 5: 41, 6: 42, 7: 65, 8: 200, 9: 15}, 49: {0: 65, 1: 23, 2: 60, 3: 24, 4: 29, 5: 33, 6: 154, 7: 44, 8: 40, 9: 28}, 50: {0: 73, 1: 19, 2: 118, 3: 28, 4: 32, 5: 26, 6: 42, 7: 111, 8: 29, 9: 22}, 51: {0: 81, 1: 24, 2: 33, 3: 47, 4: 51, 5: 25, 6: 49, 7: 20, 8: 40, 9: 130}, 52: {0: 29, 1: 39, 2: 50, 3: 58, 4: 58, 5: 21, 6: 27, 7: 97, 8: 40, 9: 81}, 53: {0: 15, 1: 67, 2: 32, 3: 40, 4: 96, 5: 38, 6: 33, 7: 52, 8: 100, 9: 27}, 54: {0: 19, 1: 18, 2: 37, 3: 133, 4: 26, 5: 38, 6: 20, 7: 70, 8: 38, 9: 101}, 55: {0: 38, 1: 30, 2: 32, 3: 61, 4: 31, 5: 37, 6: 80, 7: 103, 8: 65, 9: 23}, 56: {0: 66, 1: 23, 2: 31, 3: 21, 4: 59, 5: 22, 6: 23, 7: 38, 8: 30, 9: 187}, 57: {0: 23, 1: 28, 2: 45, 3: 103, 4: 187, 5: 23, 6: 25, 7: 25, 8: 24, 9: 17}, 58: {0: 31, 1: 29, 2: 27, 3: 19, 4: 22, 5: 80, 6: 71, 7: 35, 8: 36, 9: 150}, 59: {0: 62, 1: 31, 2: 44, 3: 38, 4: 25, 5: 38, 6: 36, 7: 32, 8: 170, 9: 24}, 60: {0: 60, 1: 21, 2: 55, 3: 47, 4: 27, 5: 68, 6: 58, 7: 121, 8: 23, 9: 20}, 61: {0: 27, 1: 27, 2: 133, 3: 156, 4: 39, 5: 25, 6: 27, 7: 24, 8: 24, 9: 18}, 62: {0: 41, 1: 73, 2: 39, 3: 51, 4: 77, 5: 131, 6: 22, 7: 27, 8: 24, 9: 15}, 63: {0: 163, 1: 40, 2: 73, 3: 68, 4: 43, 5: 26, 6: 22, 7: 19, 8: 28, 9: 18}, 64: {0: 44, 1: 72, 2: 71, 3: 41, 4: 120, 5: 38, 6: 27, 7: 50, 8: 23, 9: 14}, 65: {0: 25, 1: 45, 2: 57, 3: 82, 4: 44, 5: 22, 6: 154, 7: 26, 8: 19, 9: 26}, 66: {0: 30, 1: 116, 2: 18, 3: 96, 4: 57, 5: 88, 6: 23, 7: 25, 8: 24, 9: 23}, 67: {0: 67, 1: 25, 2: 41, 3: 22, 4: 96, 5: 23, 6: 121, 7: 58, 8: 19, 9: 28}, 68: {0: 30, 1: 51, 2: 17, 3: 265, 4: 32, 5: 12, 6: 32, 7: 15, 8: 30, 9: 16}, 69: {0: 26, 1: 15, 2: 89, 3: 62, 4: 25, 5: 78, 6: 55, 7: 98, 8: 24, 9: 28}, 70: {0: 93, 1: 25, 2: 33, 3: 29, 4: 42, 5: 102, 6: 115, 7: 19, 8: 19, 9: 23}, 71: {0: 28, 1: 34, 2: 66, 3: 13, 4: 24, 5: 73, 6: 25, 7: 98, 8: 39, 9: 100}, 72: {0: 29, 1: 97, 2: 61, 3: 20, 4: 23, 5: 41, 6: 26, 7: 121, 8: 64, 9: 18}, 73: {0: 75, 1: 23, 2: 45, 3: 84, 4: 70, 5: 33, 6: 52, 7: 39, 8: 29, 9: 50}, 74: {0: 36, 1: 22, 2: 162, 3: 32, 4: 51, 5: 46, 6: 62, 7: 50, 8: 17, 9: 22}, 75: {0: 24, 1: 100, 2: 47, 3: 126, 4: 54, 5: 55, 6: 18, 7: 29, 8: 24, 9: 23}, 76: {0: 113, 1: 93, 2: 56, 3: 72, 4: 52, 5: 16, 6: 26, 7: 21, 8: 27, 9: 24}, 77: {0: 115, 1: 30, 2: 23, 3: 19, 4: 46, 5: 74, 6: 19, 7: 58, 8: 33, 9: 83}, 78: {0: 31, 1: 30, 2: 53, 3: 43, 4: 18, 5: 105, 6: 51, 7: 126, 8: 21, 9: 22}, 79: {0: 24, 1: 29, 2: 51, 3: 31, 4: 13, 5: 150, 6: 108, 7: 52, 8: 16, 9: 26}, 80: {0: 37, 1: 127, 2: 24, 3: 27, 4: 30, 5: 30, 6: 98, 7: 35, 8: 29, 9: 63}, 81: {0: 38, 1: 29, 2: 99, 3: 32, 4: 44, 5: 24, 6: 35, 7: 57, 8: 120, 9: 22}, 82: {0: 22, 1: 40, 2: 58, 3: 34, 4: 48, 5: 53, 6: 72, 7: 21, 8: 37, 9: 115}, 83: {0: 108, 1: 209, 2: 20, 3: 33, 4: 24, 5: 21, 6: 14, 7: 23, 8: 27, 9: 21}, 84: {0: 26, 1: 155, 2: 20, 3: 18, 4: 28, 5: 39, 6: 25, 7: 56, 8: 114, 9: 19}, 85: {0: 84, 1: 22, 2: 75, 3: 87, 4: 13, 5: 27, 6: 34, 7: 27, 8: 35, 9: 96}, 86: {0: 25, 1: 27, 2: 29, 3: 50, 4: 81, 5: 86, 6: 57, 7: 107, 8: 22, 9: 16}, 87: {0: 27, 1: 47, 2: 31, 3: 29, 4: 53, 5: 157, 6: 22, 7: 94, 8: 21, 9: 19}, 88: {0: 36, 1: 57, 2: 49, 3: 128, 4: 105, 5: 31, 6: 26, 7: 19, 8: 26, 9: 23}, 89: {0: 81, 1: 62, 2: 24, 3: 126, 4: 29, 5: 25, 6: 46, 7: 59, 8: 32, 9: 16}, 90: {0: 44, 1: 30, 2: 34, 3: 74, 4: 55, 5: 138, 6: 31, 7: 52, 8: 17, 9: 25}, 91: {0: 36, 1: 122, 2: 105, 3: 63, 4: 27, 5: 32, 6: 55, 7: 26, 8: 11, 9: 23}, 92: {0: 36, 1: 41, 2: 17, 3: 38, 4: 67, 5: 62, 6: 27, 7: 113, 8: 52, 9: 47}, 93: {0: 22, 1: 38, 2: 28, 3: 38, 4: 17, 5: 84, 6: 47, 7: 118, 8: 40, 9: 68}, 94: {0: 27, 1: 12, 2: 44, 3: 29, 4: 95, 5: 22, 6: 67, 7: 36, 8: 27, 9: 141}, 95: {0: 34, 1: 58, 2: 22, 3: 32, 4: 25, 5: 84, 6: 29, 7: 29, 8: 69, 9: 118}, 96: {0: 23, 1: 73, 2: 52, 3: 32, 4: 24, 5: 67, 6: 25, 7: 93, 8: 91, 9: 20}, 97: {0: 39, 1: 37, 2: 26, 3: 35, 4: 18, 5: 24, 6: 22, 7: 37, 8: 26, 9: 236}, 98: {0: 27, 1: 52, 2: 21, 3: 19, 4: 90, 5: 67, 6: 27, 7: 32, 8: 26, 9: 139}, 99: {0: 21, 1: 21, 2: 45, 3: 69, 4: 42, 5: 58, 6: 49, 7: 37, 8: 46, 9: 112}}
====================================================================================================
Training started at: 2026-03-31 17:49:51
Result directory: results/fl_cifar10/fedcda/pm-dir_a-0.5_nm-uni_nr-0.4_nt-symmetric_st-least_sim_dr-0.5
Result txt file : results/fl_cifar10/fedcda/pm-dir_a-0.5_nm-uni_nr-0.4_nt-symmetric_st-least_sim_dr-0.5/fedcda_fl_cifar10_20260331-174951-551201_pid63827.txt
Result log file : results/fl_cifar10/fedcda/pm-dir_a-0.5_nm-uni_nr-0.4_nt-symmetric_st-least_sim_dr-0.5/fedcda_fl_cifar10_20260331-174951-551201_pid63827.log
----------------------------------------------------------------------------------------------------
Model: fedcda
Dataset: fl_cifar10
Structure: homogeneity
Participants: 100
Online ratio: 0.1
Communication epochs: 100
Local epoch: 10
Local batch size: 60
Local lr: 0.01
Partition mode: dirichlet
Dirichlet alpha: 0.5
Noise mode: uniform
Noise rate: 0.4
Noise type: symmetric
Noise max: 0.3
Denoise score alpha: 0.5
Drop rate: 0.5
Denoise strategy: least_sim
FedProx mu: 0.01
FedRDN std: 0.01
FedCDA history size: NA
FedGLoSS beta: 0.01
Averaging: weight
Seed: 0
====================================================================================================
[Round 001/100] Acc=10.000 | RoundTime=24.87s | TotalTime=24.87s | Method=fedcda
[Round 002/100] Acc=13.820 | RoundTime=24.76s | TotalTime=49.63s | Method=fedcda
[Round 003/100] Acc=13.590 | RoundTime=24.44s | TotalTime=74.08s | Method=fedcda
[Round 004/100] Acc=29.410 | RoundTime=24.96s | TotalTime=99.04s | Method=fedcda
[Round 005/100] Acc=24.980 | RoundTime=24.87s | TotalTime=123.91s | Method=fedcda
[Round 006/100] Acc=33.790 | RoundTime=25.60s | TotalTime=149.51s | Method=fedcda
[Round 007/100] Acc=33.760 | RoundTime=25.60s | TotalTime=175.11s | Method=fedcda
[Round 008/100] Acc=33.970 | RoundTime=25.19s | TotalTime=200.30s | Method=fedcda
[Round 009/100] Acc=29.010 | RoundTime=25.51s | TotalTime=225.81s | Method=fedcda
[Round 010/100] Acc=35.250 | RoundTime=25.06s | TotalTime=250.87s | Method=fedcda
[Round 011/100] Acc=24.230 | RoundTime=27.13s | TotalTime=278.00s | Method=fedcda
Traceback (most recent call last):
  File "/home/hdf/kiwi/DenoiseFL/main.py", line 228, in <module>
    main()
  File "/home/hdf/kiwi/DenoiseFL/main.py", line 224, in main
    train(model, priv_dataset, args)
  File "/home/hdf/kiwi/DenoiseFL/utils/training.py", line 197, in train
    epoch_pure = model.loc_update(pri_train_loaders)
                 ^^^^^^^^^^^^^^^^^^^^^^^^^^^^^^^^^^^
  File "/home/hdf/kiwi/DenoiseFL/models/fedcda.py", line 64, in loc_update
    local_state, local_loss = self._train_net(
                              ^^^^^^^^^^^^^^^^
  File "/home/hdf/kiwi/DenoiseFL/models/fedcda.py", line 110, in _train_net
    outputs = net(images)
              ^^^^^^^^^^^
  File "/home/hdf/miniconda3/lib/python3.12/site-packages/torch/nn/modules/module.py", line 1775, in _wrapped_call_impl
    return self._call_impl(*args, **kwargs)
           ^^^^^^^^^^^^^^^^^^^^^^^^^^^^^^^^
  File "/home/hdf/miniconda3/lib/python3.12/site-packages/torch/nn/modules/module.py", line 1786, in _call_impl
    return forward_call(*args, **kwargs)
           ^^^^^^^^^^^^^^^^^^^^^^^^^^^^^
  File "/home/hdf/kiwi/DenoiseFL/backbone/NoiseFLCNN.py", line 94, in forward
    h = self.features(x)
        ^^^^^^^^^^^^^^^^
  File "/home/hdf/kiwi/DenoiseFL/backbone/NoiseFLCNN.py", line 72, in features
    h = F.leaky_relu(call_bn(self.bn6, h), negative_slope=0.01)
        ^^^^^^^^^^^^^^^^^^^^^^^^^^^^^^^^^^^^^^^^^^^^^^^^^^^^^^^
  File "/home/hdf/miniconda3/lib/python3.12/site-packages/torch/nn/functional.py", line 1895, in leaky_relu
    result = torch._C._nn.leaky_relu(input, negative_slope)
             ^^^^^^^^^^^^^^^^^^^^^^^^^^^^^^^^^^^^^^^^^^^^^^
torch.OutOfMemoryError: CUDA out of memory. Tried to allocate 16.00 MiB. GPU 0 has a total capacity of 23.65 GiB of which 11.06 MiB is free. Including non-PyTorch memory, this process has 7.95 GiB memory in use. Process 63828 has 8.00 GiB memory in use. Process 63826 has 7.66 GiB memory in use. Of the allocated memory 7.35 GiB is allocated by PyTorch, and 142.10 MiB is reserved by PyTorch but unallocated. If reserved but unallocated memory is large try setting PYTORCH_CUDA_ALLOC_CONF=expandable_segments:True to avoid fragmentation.  See documentation for Memory Management  (https://pytorch.org/docs/stable/notes/cuda.html#environment-variables)
