fedcda_100_fl_cifar10_pm-dirichlet_alpha-0.1_nm-uniform_nr-0.5_0.1_100_10
mean: 500.0
std: 0.0
Data statistics: {0: {0: 71, 1: 25, 2: 22, 3: 22, 4: 31, 5: 83, 6: 47, 7: 24, 8: 27, 9: 148}, 1: {0: 27, 1: 29, 2: 22, 3: 32, 4: 250, 5: 23, 6: 32, 7: 28, 8: 34, 9: 23}, 2: {0: 24, 1: 180, 2: 91, 3: 35, 4: 33, 5: 30, 6: 24, 7: 26, 8: 28, 9: 29}, 3: {0: 31, 1: 24, 2: 56, 3: 26, 4: 98, 5: 46, 6: 32, 7: 34, 8: 133, 9: 20}, 4: {0: 29, 1: 34, 2: 23, 3: 36, 4: 21, 5: 32, 6: 30, 7: 239, 8: 24, 9: 32}, 5: {0: 85, 1: 191, 2: 24, 3: 34, 4: 22, 5: 27, 6: 25, 7: 34, 8: 33, 9: 25}, 6: {0: 20, 1: 55, 2: 33, 3: 32, 4: 90, 5: 164, 6: 30, 7: 24, 8: 24, 9: 28}, 7: {0: 25, 1: 94, 2: 39, 3: 40, 4: 34, 5: 55, 6: 25, 7: 28, 8: 143, 9: 17}, 8: {0: 51, 1: 32, 2: 22, 3: 120, 4: 38, 5: 131, 6: 26, 7: 32, 8: 27, 9: 21}, 9: {0: 78, 1: 52, 2: 31, 3: 35, 4: 20, 5: 28, 6: 33, 7: 158, 8: 32, 9: 33}, 10: {0: 33, 1: 24, 2: 30, 3: 22, 4: 34, 5: 250, 6: 24, 7: 25, 8: 28, 9: 30}, 11: {0: 66, 1: 109, 2: 65, 3: 22, 4: 75, 5: 31, 6: 34, 7: 38, 8: 27, 9: 33}, 12: {0: 27, 1: 25, 2: 140, 3: 32, 4: 31, 5: 31, 6: 24, 7: 24, 8: 30, 9: 136}, 13: {0: 37, 1: 29, 2: 27, 3: 245, 4: 25, 5: 14, 6: 36, 7: 30, 8: 30, 9: 27}, 14: {0: 40, 1: 38, 2: 238, 3: 34, 4: 27, 5: 33, 6: 21, 7: 22, 8: 18, 9: 29}, 15: {0: 53, 1: 29, 2: 52, 3: 23, 4: 33, 5: 122, 6: 30, 7: 102, 8: 33, 9: 23}, 16: {0: 27, 1: 20, 2: 24, 3: 30, 4: 40, 5: 32, 6: 76, 7: 28, 8: 187, 9: 36}, 17: {0: 29, 1: 110, 2: 166, 3: 28, 4: 25, 5: 34, 6: 29, 7: 26, 8: 20, 9: 33}, 18: {0: 22, 1: 32, 2: 77, 3: 209, 4: 17, 5: 40, 6: 26, 7: 24, 8: 26, 9: 27}, 19: {0: 27, 1: 29, 2: 92, 3: 94, 4: 25, 5: 114, 6: 24, 7: 31, 8: 22, 9: 42}, 20: {0: 21, 1: 24, 2: 24, 3: 28, 4: 137, 5: 43, 6: 38, 7: 45, 8: 113, 9: 27}, 21: {0: 26, 1: 170, 2: 31, 3: 22, 4: 102, 5: 28, 6: 40, 7: 27, 8: 22, 9: 32}, 22: {0: 29, 1: 26, 2: 31, 3: 29, 4: 30, 5: 44, 6: 27, 7: 27, 8: 123, 9: 134}, 23: {0: 26, 1: 19, 2: 37, 3: 32, 4: 245, 5: 27, 6: 22, 7: 28, 8: 35, 9: 29}, 24: {0: 26, 1: 34, 2: 26, 3: 25, 4: 106, 5: 26, 6: 31, 7: 29, 8: 24, 9: 173}, 25: {0: 21, 1: 34, 2: 64, 3: 36, 4: 28, 5: 104, 6: 31, 7: 28, 8: 72, 9: 82}, 26: {0: 28, 1: 31, 2: 27, 3: 35, 4: 29, 5: 31, 6: 63, 7: 202, 8: 23, 9: 31}, 27: {0: 65, 1: 107, 2: 21, 3: 36, 4: 30, 5: 27, 6: 127, 7: 28, 8: 26, 9: 33}, 28: {0: 41, 1: 27, 2: 48, 3: 34, 4: 137, 5: 78, 6: 59, 7: 24, 8: 23, 9: 29}, 29: {0: 30, 1: 33, 2: 36, 3: 32, 4: 89, 5: 25, 6: 31, 7: 163, 8: 29, 9: 32}, 30: {0: 68, 1: 32, 2: 24, 3: 21, 4: 27, 5: 22, 6: 36, 7: 34, 8: 208, 9: 28}, 31: {0: 42, 1: 37, 2: 153, 3: 51, 4: 22, 5: 33, 6: 34, 7: 42, 8: 18, 9: 68}, 32: {0: 22, 1: 43, 2: 28, 3: 25, 4: 28, 5: 36, 6: 31, 7: 29, 8: 228, 9: 30}, 33: {0: 27, 1: 33, 2: 21, 3: 202, 4: 59, 5: 37, 6: 21, 7: 38, 8: 31, 9: 31}, 34: {0: 22, 1: 27, 2: 37, 3: 35, 4: 28, 5: 32, 6: 237, 7: 27, 8: 33, 9: 22}, 35: {0: 250, 1: 34, 2: 20, 3: 26, 4: 31, 5: 27, 6: 24, 7: 33, 8: 25, 9: 30}, 36: {0: 144, 1: 34, 2: 27, 3: 23, 4: 30, 5: 123, 6: 25, 7: 34, 8: 29, 9: 31}, 37: {0: 27, 1: 20, 2: 49, 3: 154, 4: 27, 5: 122, 6: 26, 7: 32, 8: 17, 9: 26}, 38: {0: 250, 1: 26, 2: 27, 3: 34, 4: 27, 5: 27, 6: 30, 7: 24, 8: 29, 9: 26}, 39: {0: 100, 1: 39, 2: 29, 3: 165, 4: 28, 5: 23, 6: 25, 7: 31, 8: 33, 9: 27}, 40: {0: 250, 1: 35, 2: 26, 3: 22, 4: 36, 5: 24, 6: 26, 7: 24, 8: 28, 9: 29}, 41: {0: 170, 1: 31, 2: 32, 3: 23, 4: 61, 5: 30, 6: 21, 7: 21, 8: 31, 9: 80}, 42: {0: 27, 1: 26, 2: 33, 3: 36, 4: 28, 5: 48, 6: 220, 7: 23, 8: 35, 9: 24}, 43: {0: 23, 1: 139, 2: 49, 3: 91, 4: 33, 5: 26, 6: 30, 7: 30, 8: 49, 9: 30}, 44: {0: 57, 1: 34, 2: 23, 3: 27, 4: 19, 5: 27, 6: 29, 7: 204, 8: 27, 9: 53}, 45: {0: 28, 1: 25, 2: 19, 3: 149, 4: 48, 5: 49, 6: 29, 7: 75, 8: 45, 9: 33}, 46: {0: 32, 1: 31, 2: 66, 3: 31, 4: 27, 5: 28, 6: 33, 7: 199, 8: 29, 9: 24}, 47: {0: 34, 1: 122, 2: 75, 3: 55, 4: 35, 5: 28, 6: 25, 7: 70, 8: 20, 9: 36}, 48: {0: 27, 1: 31, 2: 82, 3: 32, 4: 28, 5: 63, 6: 31, 7: 49, 8: 148, 9: 9}, 49: {0: 22, 1: 39, 2: 36, 3: 124, 4: 25, 5: 21, 6: 38, 7: 125, 8: 30, 9: 40}, 50: {0: 29, 1: 33, 2: 24, 3: 27, 4: 29, 5: 43, 6: 21, 7: 34, 8: 26, 9: 234}, 51: {0: 28, 1: 28, 2: 22, 3: 27, 4: 25, 5: 28, 6: 248, 7: 25, 8: 33, 9: 36}, 52: {0: 39, 1: 29, 2: 28, 3: 29, 4: 45, 5: 224, 6: 23, 7: 31, 8: 29, 9: 23}, 53: {0: 24, 1: 79, 2: 38, 3: 21, 4: 26, 5: 193, 6: 33, 7: 36, 8: 29, 9: 21}, 54: {0: 77, 1: 35, 2: 32, 3: 17, 4: 77, 5: 31, 6: 135, 7: 46, 8: 26, 9: 24}, 55: {0: 54, 1: 30, 2: 152, 3: 27, 4: 22, 5: 33, 6: 26, 7: 18, 8: 49, 9: 89}, 56: {0: 94, 1: 63, 2: 52, 3: 29, 4: 84, 5: 28, 6: 37, 7: 48, 8: 23, 9: 42}, 57: {0: 35, 1: 33, 2: 32, 3: 22, 4: 34, 5: 32, 6: 24, 7: 22, 8: 242, 9: 24}, 58: {0: 31, 1: 78, 2: 32, 3: 196, 4: 23, 5: 33, 6: 32, 7: 28, 8: 25, 9: 22}, 59: {0: 27, 1: 33, 2: 40, 3: 30, 4: 27, 5: 25, 6: 63, 7: 19, 8: 210, 9: 26}, 60: {0: 27, 1: 33, 2: 104, 3: 19, 4: 40, 5: 32, 6: 26, 7: 30, 8: 155, 9: 34}, 61: {0: 23, 1: 28, 2: 31, 3: 24, 4: 18, 5: 193, 6: 36, 7: 36, 8: 25, 9: 86}, 62: {0: 39, 1: 154, 2: 31, 3: 28, 4: 33, 5: 32, 6: 115, 7: 21, 8: 22, 9: 25}, 63: {0: 25, 1: 28, 2: 31, 3: 35, 4: 33, 5: 29, 6: 25, 7: 42, 8: 98, 9: 154}, 64: {0: 25, 1: 20, 2: 24, 3: 25, 4: 28, 5: 33, 6: 250, 7: 29, 8: 29, 9: 37}, 65: {0: 30, 1: 250, 2: 25, 3: 27, 4: 30, 5: 26, 6: 29, 7: 30, 8: 20, 9: 33}, 66: {0: 39, 1: 37, 2: 29, 3: 25, 4: 25, 5: 24, 6: 34, 7: 41, 8: 27, 9: 219}, 67: {0: 41, 1: 33, 2: 235, 3: 29, 4: 24, 5: 40, 6: 23, 7: 24, 8: 30, 9: 21}, 68: {0: 27, 1: 27, 2: 27, 3: 29, 4: 154, 5: 27, 6: 47, 7: 35, 8: 27, 9: 100}, 69: {0: 30, 1: 61, 2: 30, 3: 23, 4: 80, 5: 27, 6: 23, 7: 20, 8: 30, 9: 176}, 70: {0: 250, 1: 29, 2: 24, 3: 35, 4: 33, 5: 26, 6: 33, 7: 20, 8: 27, 9: 23}, 71: {0: 24, 1: 21, 2: 34, 3: 48, 4: 29, 5: 35, 6: 230, 7: 32, 8: 22, 9: 25}, 72: {0: 27, 1: 25, 2: 44, 3: 36, 4: 24, 5: 44, 6: 24, 7: 146, 8: 39, 9: 91}, 73: {0: 36, 1: 29, 2: 96, 3: 27, 4: 39, 5: 85, 6: 46, 7: 32, 8: 20, 9: 90}, 74: {0: 51, 1: 58, 2: 28, 3: 37, 4: 67, 5: 40, 6: 28, 7: 137, 8: 23, 9: 31}, 75: {0: 31, 1: 42, 2: 122, 3: 25, 4: 26, 5: 148, 6: 21, 7: 32, 8: 26, 9: 27}, 76: {0: 29, 1: 32, 2: 205, 3: 70, 4: 31, 5: 25, 6: 37, 7: 22, 8: 22, 9: 27}, 77: {0: 76, 1: 27, 2: 78, 3: 28, 4: 157, 5: 28, 6: 22, 7: 29, 8: 29, 9: 26}, 78: {0: 29, 1: 26, 2: 24, 3: 74, 4: 209, 5: 28, 6: 32, 7: 31, 8: 23, 9: 24}, 79: {0: 31, 1: 23, 2: 24, 3: 25, 4: 30, 5: 48, 6: 94, 7: 174, 8: 27, 9: 24}, 80: {0: 66, 1: 20, 2: 23, 3: 85, 4: 31, 5: 124, 6: 61, 7: 34, 8: 28, 9: 28}, 81: {0: 28, 1: 97, 2: 29, 3: 135, 4: 55, 5: 46, 6: 38, 7: 21, 8: 26, 9: 25}, 82: {0: 25, 1: 32, 2: 51, 3: 27, 4: 24, 5: 44, 6: 25, 7: 29, 8: 40, 9: 203}, 83: {0: 35, 1: 19, 2: 31, 3: 30, 4: 85, 5: 46, 6: 26, 7: 23, 8: 165, 9: 40}, 84: {0: 134, 1: 23, 2: 38, 3: 19, 4: 31, 5: 63, 6: 35, 7: 24, 8: 99, 9: 34}, 85: {0: 174, 1: 48, 2: 17, 3: 27, 4: 25, 5: 33, 6: 96, 7: 30, 8: 26, 9: 24}, 86: {0: 14, 1: 23, 2: 83, 3: 24, 4: 25, 5: 40, 6: 29, 7: 82, 8: 33, 9: 147}, 87: {0: 27, 1: 67, 2: 199, 3: 29, 4: 30, 5: 38, 6: 29, 7: 27, 8: 28, 9: 26}, 88: {0: 41, 1: 39, 2: 18, 3: 34, 4: 29, 5: 31, 6: 23, 7: 20, 8: 242, 9: 23}, 89: {0: 28, 1: 24, 2: 33, 3: 24, 4: 36, 5: 33, 6: 19, 7: 243, 8: 29, 9: 31}, 90: {0: 38, 1: 30, 2: 38, 3: 34, 4: 41, 5: 23, 6: 45, 7: 180, 8: 28, 9: 43}, 91: {0: 27, 1: 35, 2: 31, 3: 17, 4: 151, 5: 34, 6: 23, 7: 31, 8: 31, 9: 120}, 92: {0: 75, 1: 20, 2: 26, 3: 202, 4: 27, 5: 32, 6: 26, 7: 23, 8: 43, 9: 26}, 93: {0: 31, 1: 178, 2: 35, 3: 41, 4: 31, 5: 72, 6: 20, 7: 24, 8: 31, 9: 37}, 94: {0: 35, 1: 33, 2: 22, 3: 160, 4: 32, 5: 26, 6: 114, 7: 24, 8: 26, 9: 28}, 95: {0: 25, 1: 24, 2: 29, 3: 31, 4: 47, 5: 24, 6: 28, 7: 28, 8: 41, 9: 223}, 96: {0: 98, 1: 42, 2: 57, 3: 29, 4: 130, 5: 26, 6: 34, 7: 22, 8: 29, 9: 33}, 97: {0: 25, 1: 33, 2: 60, 3: 23, 4: 26, 5: 29, 6: 220, 7: 23, 8: 23, 9: 38}, 98: {0: 28, 1: 248, 2: 28, 3: 29, 4: 27, 5: 25, 6: 28, 7: 25, 8: 31, 9: 31}, 99: {0: 34, 1: 24, 2: 72, 3: 25, 4: 31, 5: 81, 6: 156, 7: 35, 8: 22, 9: 20}}
====================================================================================================
Training started at: 2026-03-30 13:24:21
Result directory: results/fl_cifar10/fedcda/pm-dir_a-0.1_nm-uni_nr-0.5_nt-symmetric_st-least_sim_dr-0.25
Result txt file : results/fl_cifar10/fedcda/pm-dir_a-0.1_nm-uni_nr-0.5_nt-symmetric_st-least_sim_dr-0.25/fedcda_fl_cifar10_20260330-132421-445523_pid3321904.txt
Result log file : results/fl_cifar10/fedcda/pm-dir_a-0.1_nm-uni_nr-0.5_nt-symmetric_st-least_sim_dr-0.25/fedcda_fl_cifar10_20260330-132421-445523_pid3321904.log
----------------------------------------------------------------------------------------------------
Model: fedcda
Dataset: fl_cifar10
Structure: homogeneity
Participants: 100
Online ratio: 0.1
Communication epochs: 100
Local epoch: 10
Local batch size: 40
Local lr: 0.01
Partition mode: dirichlet
Dirichlet alpha: 0.1
Noise mode: uniform
Noise rate: 0.5
Noise type: symmetric
Noise max: 0.3
Denoise score alpha: 0.5
Drop rate: 0.25
Denoise strategy: least_sim
FedProx mu: 0.01
FedRDN std: 0.01
FedCDA history size: NA
FedGLoSS beta: 0.01
Averaging: weight
Seed: 0
====================================================================================================
[Round 001/100] Acc=10.000 | RoundTime=26.11s | TotalTime=26.11s | Method=fedcda
[Round 002/100] Acc=11.760 | RoundTime=25.06s | TotalTime=51.17s | Method=fedcda
[Round 003/100] Acc=12.010 | RoundTime=25.71s | TotalTime=76.89s | Method=fedcda
[Round 004/100] Acc=12.860 | RoundTime=26.56s | TotalTime=103.45s | Method=fedcda
[Round 005/100] Acc=16.080 | RoundTime=26.34s | TotalTime=129.79s | Method=fedcda
[Round 006/100] Acc=19.400 | RoundTime=26.18s | TotalTime=155.97s | Method=fedcda
[Round 007/100] Acc=16.650 | RoundTime=25.43s | TotalTime=181.41s | Method=fedcda
[Round 008/100] Acc=19.900 | RoundTime=25.30s | TotalTime=206.71s | Method=fedcda
[Round 009/100] Acc=14.000 | RoundTime=25.94s | TotalTime=232.65s | Method=fedcda
[Round 010/100] Acc=16.530 | RoundTime=26.94s | TotalTime=259.60s | Method=fedcda
[Round 011/100] Acc=20.280 | RoundTime=27.70s | TotalTime=287.30s | Method=fedcda
[Round 012/100] Acc=14.910 | RoundTime=25.93s | TotalTime=313.23s | Method=fedcda
[Round 013/100] Acc=12.780 | RoundTime=21.83s | TotalTime=335.06s | Method=fedcda
[Round 014/100] Acc=14.160 | RoundTime=20.62s | TotalTime=355.68s | Method=fedcda
[Round 015/100] Acc=16.580 | RoundTime=20.26s | TotalTime=375.94s | Method=fedcda
[Round 016/100] Acc=23.030 | RoundTime=20.63s | TotalTime=396.57s | Method=fedcda
[Round 017/100] Acc=14.010 | RoundTime=20.10s | TotalTime=416.67s | Method=fedcda
[Round 018/100] Acc=13.510 | RoundTime=20.60s | TotalTime=437.27s | Method=fedcda
[Round 019/100] Acc=13.110 | RoundTime=20.82s | TotalTime=458.10s | Method=fedcda
[Round 020/100] Acc=13.000 | RoundTime=20.31s | TotalTime=478.41s | Method=fedcda
[Round 021/100] Acc=15.830 | RoundTime=20.66s | TotalTime=499.07s | Method=fedcda
[Round 022/100] Acc=15.530 | RoundTime=20.96s | TotalTime=520.02s | Method=fedcda
[Round 023/100] Acc=13.140 | RoundTime=20.47s | TotalTime=540.50s | Method=fedcda
[Round 024/100] Acc=14.790 | RoundTime=22.57s | TotalTime=563.07s | Method=fedcda
[Round 025/100] Acc=16.040 | RoundTime=20.52s | TotalTime=583.59s | Method=fedcda
[Round 026/100] Acc=17.430 | RoundTime=20.45s | TotalTime=604.04s | Method=fedcda
[Round 027/100] Acc=15.570 | RoundTime=21.22s | TotalTime=625.26s | Method=fedcda
[Round 028/100] Acc=14.420 | RoundTime=20.55s | TotalTime=645.81s | Method=fedcda
[Round 029/100] Acc=16.870 | RoundTime=20.81s | TotalTime=666.63s | Method=fedcda
[Round 030/100] Acc=14.670 | RoundTime=20.59s | TotalTime=687.22s | Method=fedcda
[Round 031/100] Acc=20.560 | RoundTime=20.16s | TotalTime=707.37s | Method=fedcda
[Round 032/100] Acc=22.820 | RoundTime=21.12s | TotalTime=728.50s | Method=fedcda
[Round 033/100] Acc=15.500 | RoundTime=20.51s | TotalTime=749.01s | Method=fedcda
[Round 034/100] Acc=12.280 | RoundTime=20.58s | TotalTime=769.59s | Method=fedcda
[Round 035/100] Acc=16.910 | RoundTime=21.12s | TotalTime=790.71s | Method=fedcda
[Round 036/100] Acc=16.130 | RoundTime=20.54s | TotalTime=811.25s | Method=fedcda
[Round 037/100] Acc=21.390 | RoundTime=21.10s | TotalTime=832.35s | Method=fedcda
[Round 038/100] Acc=22.400 | RoundTime=23.12s | TotalTime=855.47s | Method=fedcda
[Round 039/100] Acc=21.430 | RoundTime=20.59s | TotalTime=876.06s | Method=fedcda
[Round 040/100] Acc=20.350 | RoundTime=21.41s | TotalTime=897.47s | Method=fedcda
[Round 041/100] Acc=17.570 | RoundTime=20.72s | TotalTime=918.18s | Method=fedcda
[Round 042/100] Acc=21.340 | RoundTime=20.55s | TotalTime=938.73s | Method=fedcda
[Round 043/100] Acc=21.660 | RoundTime=21.19s | TotalTime=959.93s | Method=fedcda
[Round 044/100] Acc=18.510 | RoundTime=20.88s | TotalTime=980.80s | Method=fedcda
[Round 045/100] Acc=24.710 | RoundTime=21.75s | TotalTime=1002.55s | Method=fedcda
[Round 046/100] Acc=18.640 | RoundTime=21.32s | TotalTime=1023.87s | Method=fedcda
[Round 047/100] Acc=17.410 | RoundTime=22.18s | TotalTime=1046.05s | Method=fedcda
[Round 048/100] Acc=20.620 | RoundTime=21.27s | TotalTime=1067.32s | Method=fedcda
[Round 049/100] Acc=18.700 | RoundTime=22.05s | TotalTime=1089.38s | Method=fedcda
[Round 050/100] Acc=17.180 | RoundTime=22.15s | TotalTime=1111.53s | Method=fedcda
[Round 051/100] Acc=17.820 | RoundTime=31.04s | TotalTime=1142.57s | Method=fedcda
[Round 052/100] Acc=18.060 | RoundTime=31.66s | TotalTime=1174.23s | Method=fedcda
[Round 053/100] Acc=17.970 | RoundTime=32.65s | TotalTime=1206.87s | Method=fedcda
[Round 054/100] Acc=18.050 | RoundTime=31.51s | TotalTime=1238.39s | Method=fedcda
[Round 055/100] Acc=18.100 | RoundTime=32.68s | TotalTime=1271.07s | Method=fedcda
[Round 056/100] Acc=18.470 | RoundTime=33.55s | TotalTime=1304.62s | Method=fedcda
[Round 057/100] Acc=18.550 | RoundTime=34.00s | TotalTime=1338.62s | Method=fedcda
[Round 058/100] Acc=19.000 | RoundTime=33.84s | TotalTime=1372.46s | Method=fedcda
[Round 059/100] Acc=19.090 | RoundTime=33.50s | TotalTime=1405.96s | Method=fedcda
[Round 060/100] Acc=19.220 | RoundTime=33.41s | TotalTime=1439.37s | Method=fedcda
[Round 061/100] Acc=19.320 | RoundTime=33.51s | TotalTime=1472.88s | Method=fedcda
[Round 062/100] Acc=19.230 | RoundTime=33.31s | TotalTime=1506.20s | Method=fedcda
[Round 063/100] Acc=19.170 | RoundTime=35.67s | TotalTime=1541.87s | Method=fedcda
[Round 064/100] Acc=19.460 | RoundTime=33.83s | TotalTime=1575.70s | Method=fedcda
[Round 065/100] Acc=19.400 | RoundTime=33.86s | TotalTime=1609.55s | Method=fedcda
[Round 066/100] Acc=19.410 | RoundTime=33.86s | TotalTime=1643.41s | Method=fedcda
[Round 067/100] Acc=19.400 | RoundTime=34.31s | TotalTime=1677.72s | Method=fedcda
[Round 068/100] Acc=19.500 | RoundTime=34.27s | TotalTime=1711.99s | Method=fedcda
[Round 069/100] Acc=19.480 | RoundTime=34.13s | TotalTime=1746.11s | Method=fedcda
[Round 070/100] Acc=19.430 | RoundTime=33.59s | TotalTime=1779.71s | Method=fedcda
[Round 071/100] Acc=19.620 | RoundTime=35.60s | TotalTime=1815.31s | Method=fedcda
[Round 072/100] Acc=19.850 | RoundTime=34.13s | TotalTime=1849.44s | Method=fedcda
[Round 073/100] Acc=19.840 | RoundTime=35.03s | TotalTime=1884.47s | Method=fedcda
[Round 074/100] Acc=19.850 | RoundTime=34.12s | TotalTime=1918.59s | Method=fedcda
[Round 075/100] Acc=19.760 | RoundTime=34.37s | TotalTime=1952.96s | Method=fedcda
[Round 076/100] Acc=19.880 | RoundTime=33.78s | TotalTime=1986.75s | Method=fedcda
[Round 077/100] Acc=20.130 | RoundTime=34.05s | TotalTime=2020.79s | Method=fedcda
[Round 078/100] Acc=20.170 | RoundTime=34.04s | TotalTime=2054.84s | Method=fedcda
[Round 079/100] Acc=20.360 | RoundTime=33.95s | TotalTime=2088.79s | Method=fedcda
[Round 080/100] Acc=20.420 | RoundTime=33.64s | TotalTime=2122.43s | Method=fedcda
[Round 081/100] Acc=20.340 | RoundTime=34.24s | TotalTime=2156.67s | Method=fedcda
[Round 082/100] Acc=21.410 | RoundTime=33.79s | TotalTime=2190.46s | Method=fedcda
[Round 083/100] Acc=21.420 | RoundTime=34.09s | TotalTime=2224.55s | Method=fedcda
[Round 084/100] Acc=21.670 | RoundTime=33.75s | TotalTime=2258.30s | Method=fedcda
[Round 085/100] Acc=21.620 | RoundTime=33.26s | TotalTime=2291.56s | Method=fedcda
[Round 086/100] Acc=21.630 | RoundTime=34.55s | TotalTime=2326.11s | Method=fedcda
[Round 087/100] Acc=21.710 | RoundTime=33.67s | TotalTime=2359.79s | Method=fedcda
[Round 088/100] Acc=21.730 | RoundTime=31.97s | TotalTime=2391.75s | Method=fedcda
[Round 089/100] Acc=21.810 | RoundTime=34.48s | TotalTime=2426.23s | Method=fedcda
[Round 090/100] Acc=21.820 | RoundTime=32.08s | TotalTime=2458.32s | Method=fedcda
[Round 091/100] Acc=22.060 | RoundTime=32.54s | TotalTime=2490.85s | Method=fedcda
[Round 092/100] Acc=21.760 | RoundTime=32.22s | TotalTime=2523.08s | Method=fedcda
[Round 093/100] Acc=21.750 | RoundTime=32.05s | TotalTime=2555.13s | Method=fedcda
[Round 094/100] Acc=21.680 | RoundTime=32.31s | TotalTime=2587.44s | Method=fedcda
[Round 095/100] Acc=21.430 | RoundTime=31.73s | TotalTime=2619.17s | Method=fedcda
[Round 096/100] Acc=21.550 | RoundTime=32.07s | TotalTime=2651.24s | Method=fedcda
[Round 097/100] Acc=21.730 | RoundTime=32.91s | TotalTime=2684.15s | Method=fedcda
[Round 098/100] Acc=21.740 | RoundTime=32.49s | TotalTime=2716.63s | Method=fedcda
[Round 099/100] Acc=21.610 | RoundTime=32.80s | TotalTime=2749.44s | Method=fedcda
[Round 100/100] Acc=21.650 | RoundTime=32.29s | TotalTime=2781.73s | Method=fedcda
====================================================================================================
Training finished at: 2026-03-30 14:10:43
Total elapsed time: 2781.73s
Final Acc: 21.650
Best Acc : 24.710
====================================================================================================
