fedcda_100_fl_cifar10_pm-dirichlet_alpha-0.1_nm-uniform_nr-0.1_0.1_100_10
mean: 500.0
std: 0.0
Data statistics: {0: {0: 79, 1: 3, 2: 5, 3: 5, 4: 6, 5: 106, 6: 55, 7: 10, 8: 9, 9: 222}, 1: {0: 3, 1: 3, 2: 6, 3: 6, 4: 450, 5: 7, 6: 6, 7: 5, 8: 8, 9: 6}, 2: {0: 5, 1: 305, 2: 153, 3: 4, 4: 4, 5: 5, 6: 5, 7: 5, 8: 8, 9: 6}, 3: {0: 9, 1: 4, 2: 56, 3: 6, 4: 125, 5: 42, 6: 4, 7: 36, 8: 214, 9: 4}, 4: {0: 9, 1: 30, 2: 5, 3: 4, 4: 2, 5: 8, 6: 9, 7: 422, 8: 6, 9: 5}, 5: {0: 135, 1: 322, 2: 4, 3: 5, 4: 5, 5: 6, 6: 6, 7: 3, 8: 5, 9: 9}, 6: {0: 5, 1: 47, 2: 5, 3: 34, 4: 139, 5: 246, 6: 6, 7: 5, 8: 6, 9: 7}, 7: {0: 8, 1: 114, 2: 6, 3: 17, 4: 8, 5: 65, 6: 10, 7: 10, 8: 260, 9: 2}, 8: {0: 33, 1: 25, 2: 4, 3: 193, 4: 19, 5: 205, 6: 4, 7: 4, 8: 9, 9: 4}, 9: {0: 101, 1: 53, 2: 9, 3: 13, 4: 7, 5: 7, 6: 4, 7: 296, 8: 5, 9: 5}, 10: {0: 5, 1: 6, 2: 6, 3: 4, 4: 3, 5: 450, 6: 7, 7: 1, 8: 9, 9: 9}, 11: {0: 94, 1: 187, 2: 84, 3: 5, 4: 83, 5: 14, 6: 6, 7: 18, 8: 2, 9: 7}, 12: {0: 13, 1: 3, 2: 234, 3: 9, 4: 9, 5: 10, 6: 5, 7: 2, 8: 6, 9: 209}, 13: {0: 7, 1: 9, 2: 7, 3: 446, 4: 6, 5: 8, 6: 3, 7: 3, 8: 4, 9: 7}, 14: {0: 12, 1: 15, 2: 435, 3: 5, 4: 5, 5: 5, 6: 8, 7: 4, 8: 3, 9: 8}, 15: {0: 48, 1: 7, 2: 65, 3: 4, 4: 4, 5: 190, 6: 12, 7: 162, 8: 6, 9: 2}, 16: {0: 4, 1: 6, 2: 6, 3: 8, 4: 25, 5: 15, 6: 104, 7: 15, 8: 311, 9: 6}, 17: {0: 6, 1: 180, 2: 276, 3: 6, 4: 3, 5: 5, 6: 10, 7: 3, 8: 5, 9: 6}, 18: {0: 3, 1: 6, 2: 76, 3: 380, 4: 7, 5: 4, 6: 3, 7: 8, 8: 5, 9: 8}, 19: {0: 9, 1: 4, 2: 125, 3: 114, 4: 5, 5: 191, 6: 12, 7: 7, 8: 3, 9: 30}, 20: {0: 5, 1: 3, 2: 4, 3: 5, 4: 222, 5: 27, 6: 21, 7: 33, 8: 176, 9: 4}, 21: {0: 7, 1: 276, 2: 8, 3: 4, 4: 179, 5: 5, 6: 3, 7: 7, 8: 9, 9: 2}, 22: {0: 3, 1: 9, 2: 3, 3: 5, 4: 10, 5: 33, 6: 8, 7: 4, 8: 216, 9: 209}, 23: {0: 5, 1: 2, 2: 11, 3: 6, 4: 444, 5: 5, 6: 9, 7: 9, 8: 2, 9: 7}, 24: {0: 8, 1: 8, 2: 9, 3: 2, 4: 151, 5: 4, 6: 9, 7: 7, 8: 5, 9: 297}, 25: {0: 5, 1: 10, 2: 70, 3: 7, 4: 7, 5: 171, 6: 5, 7: 4, 8: 110, 9: 111}, 26: {0: 4, 1: 3, 2: 24, 3: 6, 4: 1, 5: 7, 6: 86, 7: 356, 8: 6, 9: 7}, 27: {0: 87, 1: 151, 2: 7, 3: 4, 4: 8, 5: 6, 6: 220, 7: 5, 8: 6, 9: 6}, 28: {0: 25, 1: 6, 2: 53, 3: 17, 4: 206, 5: 106, 6: 68, 7: 5, 8: 6, 9: 8}, 29: {0: 3, 1: 9, 2: 5, 3: 9, 4: 139, 5: 7, 6: 8, 7: 298, 8: 17, 9: 5}, 30: {0: 109, 1: 4, 2: 3, 3: 8, 4: 4, 5: 13, 6: 6, 7: 8, 8: 340, 9: 5}, 31: {0: 16, 1: 15, 2: 265, 3: 38, 4: 8, 5: 8, 6: 17, 7: 22, 8: 5, 9: 106}, 32: {0: 8, 1: 17, 2: 13, 3: 6, 4: 2, 5: 4, 6: 7, 7: 24, 8: 410, 9: 9}, 33: {0: 4, 1: 6, 2: 3, 3: 365, 4: 42, 5: 27, 6: 8, 7: 32, 8: 5, 9: 8}, 34: {0: 3, 1: 9, 2: 21, 3: 8, 4: 7, 5: 11, 6: 430, 7: 7, 8: 1, 9: 3}, 35: {0: 450, 1: 4, 2: 5, 3: 5, 4: 9, 5: 4, 6: 3, 7: 11, 8: 4, 9: 5}, 36: {0: 263, 1: 9, 2: 2, 3: 5, 4: 7, 5: 195, 6: 5, 7: 9, 8: 2, 9: 3}, 37: {0: 5, 1: 5, 2: 21, 3: 263, 4: 13, 5: 173, 6: 10, 7: 4, 8: 4, 9: 2}, 38: {0: 450, 1: 8, 2: 8, 3: 5, 4: 7, 5: 5, 6: 10, 7: 3, 8: 1, 9: 3}, 39: {0: 138, 1: 32, 2: 9, 3: 291, 4: 4, 5: 6, 6: 3, 7: 3, 8: 6, 9: 8}, 40: {0: 450, 1: 6, 2: 9, 3: 4, 4: 9, 5: 5, 6: 7, 7: 5, 8: 2, 9: 3}, 41: {0: 295, 1: 4, 2: 2, 3: 11, 4: 57, 5: 7, 6: 7, 7: 2, 8: 5, 9: 110}, 42: {0: 4, 1: 6, 2: 4, 3: 21, 4: 7, 5: 39, 6: 393, 7: 9, 8: 4, 9: 13}, 43: {0: 11, 1: 213, 2: 14, 3: 165, 4: 20, 5: 7, 6: 5, 7: 6, 8: 55, 9: 4}, 44: {0: 44, 1: 9, 2: 3, 3: 3, 4: 5, 5: 5, 6: 8, 7: 362, 8: 7, 9: 54}, 45: {0: 5, 1: 4, 2: 7, 3: 261, 4: 43, 5: 50, 6: 10, 7: 79, 8: 38, 9: 3}, 46: {0: 4, 1: 37, 2: 91, 3: 6, 4: 5, 5: 7, 6: 5, 7: 332, 8: 9, 9: 4}, 47: {0: 4, 1: 212, 2: 71, 3: 43, 4: 21, 5: 17, 6: 6, 7: 98, 8: 4, 9: 24}, 48: {0: 5, 1: 5, 2: 108, 3: 5, 4: 3, 5: 84, 6: 3, 7: 42, 8: 240, 9: 5}, 49: {0: 6, 1: 32, 2: 7, 3: 223, 4: 8, 5: 6, 6: 18, 7: 191, 8: 5, 9: 4}, 50: {0: 7, 1: 24, 2: 6, 3: 19, 4: 5, 5: 7, 6: 6, 7: 8, 8: 2, 9: 416}, 51: {0: 10, 1: 2, 2: 4, 3: 15, 4: 3, 5: 8, 6: 443, 7: 4, 8: 7, 9: 4}, 52: {0: 6, 1: 6, 2: 19, 3: 9, 4: 49, 5: 393, 6: 4, 7: 3, 8: 5, 9: 6}, 53: {0: 4, 1: 133, 2: 9, 3: 10, 4: 3, 5: 315, 6: 8, 7: 6, 8: 8, 9: 4}, 54: {0: 90, 1: 5, 2: 6, 3: 7, 4: 101, 5: 4, 6: 232, 7: 48, 8: 2, 9: 5}, 55: {0: 45, 1: 9, 2: 255, 3: 3, 4: 7, 5: 3, 6: 3, 7: 8, 8: 19, 9: 148}, 56: {0: 153, 1: 81, 2: 39, 3: 6, 4: 124, 5: 4, 6: 21, 7: 29, 8: 5, 9: 38}, 57: {0: 7, 1: 10, 2: 4, 3: 2, 4: 4, 5: 26, 6: 3, 7: 12, 8: 427, 9: 5}, 58: {0: 7, 1: 116, 2: 5, 3: 339, 4: 7, 5: 4, 6: 9, 7: 5, 8: 5, 9: 3}, 59: {0: 6, 1: 14, 2: 12, 3: 6, 4: 2, 5: 4, 6: 70, 7: 5, 8: 375, 9: 6}, 60: {0: 5, 1: 7, 2: 144, 3: 5, 4: 13, 5: 25, 6: 5, 7: 5, 8: 286, 9: 5}, 61: {0: 9, 1: 5, 2: 7, 3: 2, 4: 4, 5: 325, 6: 8, 7: 11, 8: 9, 9: 120}, 62: {0: 24, 1: 248, 2: 2, 3: 6, 4: 2, 5: 7, 6: 187, 7: 8, 8: 7, 9: 9}, 63: {0: 2, 1: 4, 2: 12, 3: 5, 4: 34, 5: 4, 6: 10, 7: 22, 8: 158, 9: 249}, 64: {0: 7, 1: 3, 2: 2, 3: 8, 4: 8, 5: 6, 6: 450, 7: 4, 8: 4, 9: 8}, 65: {0: 3, 1: 450, 2: 7, 3: 3, 4: 7, 5: 3, 6: 8, 7: 6, 8: 9, 9: 4}, 66: {0: 26, 1: 28, 2: 22, 3: 5, 4: 9, 5: 8, 6: 18, 7: 21, 8: 6, 9: 357}, 67: {0: 30, 1: 17, 2: 416, 3: 5, 4: 6, 5: 3, 6: 9, 7: 3, 8: 3, 9: 8}, 68: {0: 4, 1: 9, 2: 6, 3: 20, 4: 268, 5: 2, 6: 35, 7: 20, 8: 5, 9: 131}, 69: {0: 4, 1: 64, 2: 2, 3: 9, 4: 94, 5: 3, 6: 5, 7: 12, 8: 3, 9: 304}, 70: {0: 450, 1: 2, 2: 9, 3: 6, 4: 6, 5: 7, 6: 3, 7: 8, 8: 8, 9: 1}, 71: {0: 1, 1: 8, 2: 5, 3: 44, 4: 3, 5: 6, 6: 411, 7: 9, 8: 8, 9: 5}, 72: {0: 3, 1: 7, 2: 42, 3: 12, 4: 3, 5: 35, 6: 12, 7: 233, 8: 7, 9: 146}, 73: {0: 9, 1: 5, 2: 135, 3: 2, 4: 30, 5: 106, 6: 49, 7: 15, 8: 11, 9: 138}, 74: {0: 42, 1: 60, 2: 7, 3: 43, 4: 90, 5: 16, 6: 6, 7: 225, 8: 7, 9: 4}, 75: {0: 6, 1: 34, 2: 140, 3: 5, 4: 5, 5: 287, 6: 8, 7: 4, 8: 8, 9: 3}, 76: {0: 5, 1: 5, 2: 364, 3: 90, 4: 10, 5: 5, 6: 7, 7: 4, 8: 6, 9: 4}, 77: {0: 113, 1: 9, 2: 85, 3: 6, 4: 257, 5: 6, 6: 9, 7: 5, 8: 5, 9: 5}, 78: {0: 8, 1: 8, 2: 5, 3: 102, 4: 352, 5: 9, 6: 3, 7: 1, 8: 9, 9: 3}, 79: {0: 5, 1: 8, 2: 8, 3: 2, 4: 10, 5: 49, 6: 100, 7: 306, 8: 8, 9: 4}, 80: {0: 74, 1: 6, 2: 7, 3: 111, 4: 8, 5: 203, 6: 76, 7: 4, 8: 6, 9: 5}, 81: {0: 5, 1: 146, 2: 7, 3: 224, 4: 52, 5: 38, 6: 5, 7: 6, 8: 9, 9: 8}, 82: {0: 5, 1: 8, 2: 57, 3: 6, 4: 6, 5: 9, 6: 7, 7: 24, 8: 25, 9: 353}, 83: {0: 5, 1: 8, 2: 3, 3: 19, 4: 159, 5: 30, 6: 3, 7: 7, 8: 260, 9: 6}, 84: {0: 201, 1: 9, 2: 34, 3: 4, 4: 4, 5: 64, 6: 10, 7: 7, 8: 166, 9: 1}, 85: {0: 282, 1: 40, 2: 7, 3: 4, 4: 8, 5: 6, 6: 140, 7: 2, 8: 5, 9: 6}, 86: {0: 4, 1: 3, 2: 121, 3: 6, 4: 10, 5: 3, 6: 7, 7: 93, 8: 26, 9: 227}, 87: {0: 7, 1: 121, 2: 336, 3: 5, 4: 4, 5: 4, 6: 6, 7: 7, 8: 6, 9: 4}, 88: {0: 7, 1: 4, 2: 5, 3: 6, 4: 8, 5: 7, 6: 7, 7: 14, 8: 434, 9: 8}, 89: {0: 3, 1: 5, 2: 8, 3: 7, 4: 16, 5: 10, 6: 7, 7: 432, 8: 6, 9: 6}, 90: {0: 9, 1: 5, 2: 7, 3: 8, 4: 42, 5: 3, 6: 55, 7: 317, 8: 10, 9: 44}, 91: {0: 5, 1: 8, 2: 23, 3: 6, 4: 248, 5: 9, 6: 4, 7: 6, 8: 5, 9: 186}, 92: {0: 92, 1: 5, 2: 5, 3: 366, 4: 8, 5: 3, 6: 9, 7: 2, 8: 7, 9: 3}, 93: {0: 3, 1: 306, 2: 17, 3: 33, 4: 6, 5: 109, 6: 7, 7: 8, 8: 4, 9: 7}, 94: {0: 9, 1: 5, 2: 8, 3: 268, 4: 3, 5: 2, 6: 184, 7: 8, 8: 3, 9: 10}, 95: {0: 8, 1: 4, 2: 3, 3: 11, 4: 65, 5: 2, 6: 4, 7: 9, 8: 20, 9: 374}, 96: {0: 128, 1: 40, 2: 64, 3: 5, 4: 240, 5: 4, 6: 8, 7: 2, 8: 5, 9: 4}, 97: {0: 7, 1: 9, 2: 50, 3: 6, 4: 6, 5: 4, 6: 402, 7: 6, 8: 6, 9: 4}, 98: {0: 8, 1: 448, 2: 8, 3: 1, 4: 7, 5: 5, 6: 7, 7: 8, 8: 3, 9: 5}, 99: {0: 3, 1: 6, 2: 62, 3: 5, 4: 8, 5: 114, 6: 286, 7: 4, 8: 5, 9: 7}}
====================================================================================================
Training started at: 2026-03-30 03:04:19
Result directory: results/fl_cifar10/fedcda/pm-dir_a-0.1_nm-uni_nr-0.1_nt-symmetric_st-least_sim_dr-0.55
Result txt file : results/fl_cifar10/fedcda/pm-dir_a-0.1_nm-uni_nr-0.1_nt-symmetric_st-least_sim_dr-0.55/fedcda_fl_cifar10_20260330-030419-613502_pid2172647.txt
Result log file : results/fl_cifar10/fedcda/pm-dir_a-0.1_nm-uni_nr-0.1_nt-symmetric_st-least_sim_dr-0.55/fedcda_fl_cifar10_20260330-030419-613502_pid2172647.log
----------------------------------------------------------------------------------------------------
Model: fedcda
Dataset: fl_cifar10
Structure: homogeneity
Participants: 100
Online ratio: 0.1
Communication epochs: 100
Local epoch: 10
Local batch size: 40
Local lr: 0.01
Partition mode: dirichlet
Dirichlet alpha: 0.1
Noise mode: uniform
Noise rate: 0.1
Noise type: symmetric
Noise max: 0.3
Denoise score alpha: 0.5
Drop rate: 0.55
Denoise strategy: least_sim
FedProx mu: 0.01
FedRDN std: 0.01
FedCDA history size: NA
FedGLoSS beta: 0.01
Averaging: weight
Seed: 0
====================================================================================================
[Round 001/100] Acc=10.000 | RoundTime=26.52s | TotalTime=26.52s | Method=fedcda
[Round 002/100] Acc=10.070 | RoundTime=26.51s | TotalTime=53.03s | Method=fedcda
[Round 003/100] Acc=13.100 | RoundTime=26.97s | TotalTime=80.00s | Method=fedcda
[Round 004/100] Acc=20.390 | RoundTime=26.41s | TotalTime=106.40s | Method=fedcda
[Round 005/100] Acc=22.460 | RoundTime=26.55s | TotalTime=132.95s | Method=fedcda
[Round 006/100] Acc=19.210 | RoundTime=25.84s | TotalTime=158.79s | Method=fedcda
[Round 007/100] Acc=18.260 | RoundTime=26.66s | TotalTime=185.45s | Method=fedcda
[Round 008/100] Acc=25.700 | RoundTime=25.91s | TotalTime=211.35s | Method=fedcda
[Round 009/100] Acc=27.280 | RoundTime=26.59s | TotalTime=237.95s | Method=fedcda
[Round 010/100] Acc=28.390 | RoundTime=25.97s | TotalTime=263.92s | Method=fedcda
[Round 011/100] Acc=27.590 | RoundTime=27.72s | TotalTime=291.64s | Method=fedcda
[Round 012/100] Acc=28.730 | RoundTime=26.58s | TotalTime=318.23s | Method=fedcda
[Round 013/100] Acc=29.310 | RoundTime=23.08s | TotalTime=341.31s | Method=fedcda
[Round 014/100] Acc=18.070 | RoundTime=23.27s | TotalTime=364.58s | Method=fedcda
[Round 015/100] Acc=37.410 | RoundTime=22.71s | TotalTime=387.29s | Method=fedcda
[Round 016/100] Acc=16.580 | RoundTime=23.08s | TotalTime=410.37s | Method=fedcda
[Round 017/100] Acc=20.970 | RoundTime=23.38s | TotalTime=433.75s | Method=fedcda
[Round 018/100] Acc=29.330 | RoundTime=23.27s | TotalTime=457.02s | Method=fedcda
[Round 019/100] Acc=40.850 | RoundTime=23.49s | TotalTime=480.51s | Method=fedcda
[Round 020/100] Acc=27.560 | RoundTime=23.92s | TotalTime=504.42s | Method=fedcda
[Round 021/100] Acc=23.360 | RoundTime=23.48s | TotalTime=527.90s | Method=fedcda
[Round 022/100] Acc=32.630 | RoundTime=23.94s | TotalTime=551.84s | Method=fedcda
[Round 023/100] Acc=16.350 | RoundTime=23.93s | TotalTime=575.78s | Method=fedcda
[Round 024/100] Acc=32.060 | RoundTime=25.41s | TotalTime=601.18s | Method=fedcda
[Round 025/100] Acc=25.050 | RoundTime=24.04s | TotalTime=625.22s | Method=fedcda
[Round 026/100] Acc=32.710 | RoundTime=23.98s | TotalTime=649.21s | Method=fedcda
[Round 027/100] Acc=29.790 | RoundTime=24.09s | TotalTime=673.29s | Method=fedcda
[Round 028/100] Acc=35.830 | RoundTime=23.60s | TotalTime=696.89s | Method=fedcda
[Round 029/100] Acc=37.200 | RoundTime=24.18s | TotalTime=721.07s | Method=fedcda
[Round 030/100] Acc=39.020 | RoundTime=24.03s | TotalTime=745.10s | Method=fedcda
[Round 031/100] Acc=29.510 | RoundTime=24.50s | TotalTime=769.61s | Method=fedcda
[Round 032/100] Acc=25.160 | RoundTime=24.44s | TotalTime=794.05s | Method=fedcda
[Round 033/100] Acc=38.140 | RoundTime=25.16s | TotalTime=819.21s | Method=fedcda
[Round 034/100] Acc=33.020 | RoundTime=25.05s | TotalTime=844.26s | Method=fedcda
[Round 035/100] Acc=39.440 | RoundTime=25.14s | TotalTime=869.41s | Method=fedcda
[Round 036/100] Acc=27.100 | RoundTime=25.15s | TotalTime=894.56s | Method=fedcda
[Round 037/100] Acc=32.210 | RoundTime=24.38s | TotalTime=918.94s | Method=fedcda
[Round 038/100] Acc=37.870 | RoundTime=26.92s | TotalTime=945.86s | Method=fedcda
[Round 039/100] Acc=37.470 | RoundTime=24.44s | TotalTime=970.30s | Method=fedcda
[Round 040/100] Acc=36.530 | RoundTime=25.07s | TotalTime=995.36s | Method=fedcda
[Round 041/100] Acc=32.430 | RoundTime=24.39s | TotalTime=1019.75s | Method=fedcda
[Round 042/100] Acc=37.530 | RoundTime=25.90s | TotalTime=1045.65s | Method=fedcda
[Round 043/100] Acc=37.800 | RoundTime=24.42s | TotalTime=1070.07s | Method=fedcda
[Round 044/100] Acc=46.370 | RoundTime=24.59s | TotalTime=1094.66s | Method=fedcda
[Round 045/100] Acc=23.910 | RoundTime=24.57s | TotalTime=1119.23s | Method=fedcda
[Round 046/100] Acc=30.290 | RoundTime=25.11s | TotalTime=1144.34s | Method=fedcda
[Round 047/100] Acc=29.090 | RoundTime=25.16s | TotalTime=1169.49s | Method=fedcda
[Round 048/100] Acc=21.290 | RoundTime=25.18s | TotalTime=1194.67s | Method=fedcda
[Round 049/100] Acc=38.410 | RoundTime=24.56s | TotalTime=1219.22s | Method=fedcda
[Round 050/100] Acc=29.300 | RoundTime=22.96s | TotalTime=1242.19s | Method=fedcda
[Round 051/100] Acc=28.380 | RoundTime=33.66s | TotalTime=1275.85s | Method=fedcda
[Round 052/100] Acc=27.520 | RoundTime=33.69s | TotalTime=1309.54s | Method=fedcda
[Round 053/100] Acc=26.350 | RoundTime=34.08s | TotalTime=1343.61s | Method=fedcda
[Round 054/100] Acc=26.770 | RoundTime=33.61s | TotalTime=1377.22s | Method=fedcda
[Round 055/100] Acc=26.470 | RoundTime=33.17s | TotalTime=1410.39s | Method=fedcda
[Round 056/100] Acc=25.310 | RoundTime=33.61s | TotalTime=1444.00s | Method=fedcda
[Round 057/100] Acc=25.260 | RoundTime=33.29s | TotalTime=1477.28s | Method=fedcda
[Round 058/100] Acc=24.930 | RoundTime=33.37s | TotalTime=1510.66s | Method=fedcda
[Round 059/100] Acc=25.020 | RoundTime=32.84s | TotalTime=1543.50s | Method=fedcda
[Round 060/100] Acc=24.310 | RoundTime=32.99s | TotalTime=1576.49s | Method=fedcda
[Round 061/100] Acc=24.770 | RoundTime=33.33s | TotalTime=1609.82s | Method=fedcda
[Round 062/100] Acc=27.400 | RoundTime=33.31s | TotalTime=1643.13s | Method=fedcda
[Round 063/100] Acc=27.500 | RoundTime=33.09s | TotalTime=1676.21s | Method=fedcda
[Round 064/100] Acc=28.160 | RoundTime=33.58s | TotalTime=1709.79s | Method=fedcda
[Round 065/100] Acc=28.000 | RoundTime=36.76s | TotalTime=1746.56s | Method=fedcda
[Round 066/100] Acc=27.760 | RoundTime=33.28s | TotalTime=1779.84s | Method=fedcda
[Round 067/100] Acc=27.250 | RoundTime=33.38s | TotalTime=1813.21s | Method=fedcda
[Round 068/100] Acc=27.140 | RoundTime=33.61s | TotalTime=1846.83s | Method=fedcda
[Round 069/100] Acc=26.920 | RoundTime=33.26s | TotalTime=1880.09s | Method=fedcda
[Round 070/100] Acc=26.980 | RoundTime=33.19s | TotalTime=1913.28s | Method=fedcda
[Round 071/100] Acc=27.090 | RoundTime=33.11s | TotalTime=1946.39s | Method=fedcda
[Round 072/100] Acc=27.110 | RoundTime=33.58s | TotalTime=1979.97s | Method=fedcda
[Round 073/100] Acc=27.030 | RoundTime=33.31s | TotalTime=2013.28s | Method=fedcda
[Round 074/100] Acc=27.120 | RoundTime=35.00s | TotalTime=2048.28s | Method=fedcda
[Round 075/100] Acc=27.170 | RoundTime=33.16s | TotalTime=2081.44s | Method=fedcda
[Round 076/100] Acc=27.080 | RoundTime=33.22s | TotalTime=2114.66s | Method=fedcda
[Round 077/100] Acc=27.290 | RoundTime=33.39s | TotalTime=2148.05s | Method=fedcda
[Round 078/100] Acc=27.560 | RoundTime=33.28s | TotalTime=2181.33s | Method=fedcda
[Round 079/100] Acc=27.740 | RoundTime=33.76s | TotalTime=2215.10s | Method=fedcda
[Round 080/100] Acc=27.720 | RoundTime=33.94s | TotalTime=2249.03s | Method=fedcda
[Round 081/100] Acc=27.300 | RoundTime=33.90s | TotalTime=2282.93s | Method=fedcda
[Round 082/100] Acc=27.400 | RoundTime=33.20s | TotalTime=2316.13s | Method=fedcda
[Round 083/100] Acc=27.180 | RoundTime=33.39s | TotalTime=2349.52s | Method=fedcda
[Round 084/100] Acc=27.090 | RoundTime=33.18s | TotalTime=2382.70s | Method=fedcda
[Round 085/100] Acc=26.970 | RoundTime=33.55s | TotalTime=2416.25s | Method=fedcda
[Round 086/100] Acc=26.950 | RoundTime=33.72s | TotalTime=2449.97s | Method=fedcda
[Round 087/100] Acc=26.820 | RoundTime=33.81s | TotalTime=2483.78s | Method=fedcda
[Round 088/100] Acc=26.890 | RoundTime=33.52s | TotalTime=2517.30s | Method=fedcda
[Round 089/100] Acc=26.850 | RoundTime=33.52s | TotalTime=2550.81s | Method=fedcda
[Round 090/100] Acc=26.700 | RoundTime=33.24s | TotalTime=2584.05s | Method=fedcda
[Round 091/100] Acc=26.650 | RoundTime=33.89s | TotalTime=2617.94s | Method=fedcda
[Round 092/100] Acc=26.730 | RoundTime=35.20s | TotalTime=2653.14s | Method=fedcda
[Round 093/100] Acc=26.400 | RoundTime=33.20s | TotalTime=2686.34s | Method=fedcda
[Round 094/100] Acc=26.400 | RoundTime=34.13s | TotalTime=2720.47s | Method=fedcda
[Round 095/100] Acc=26.290 | RoundTime=33.55s | TotalTime=2754.02s | Method=fedcda
[Round 096/100] Acc=26.120 | RoundTime=33.43s | TotalTime=2787.46s | Method=fedcda
[Round 097/100] Acc=25.980 | RoundTime=33.20s | TotalTime=2820.66s | Method=fedcda
[Round 098/100] Acc=26.040 | RoundTime=33.10s | TotalTime=2853.76s | Method=fedcda
[Round 099/100] Acc=25.910 | RoundTime=33.17s | TotalTime=2886.92s | Method=fedcda
[Round 100/100] Acc=26.100 | RoundTime=32.91s | TotalTime=2919.83s | Method=fedcda
====================================================================================================
Training finished at: 2026-03-30 03:52:59
Total elapsed time: 2919.83s
Final Acc: 26.100
Best Acc : 46.370
====================================================================================================
