fedprox_100_fl_svhn_pm-dirichlet_alpha-0.5_nm-uniform_nr-0.3_0.1_100_10
mean: 732.57
std: 0.4950757517794625
Data statistics: {0: {0: 31, 1: 20, 2: 35, 3: 43, 4: 182, 5: 47, 6: 128, 7: 62, 8: 42, 9: 143}, 1: {0: 32, 1: 55, 2: 31, 3: 97, 4: 105, 5: 27, 6: 35, 7: 29, 8: 181, 9: 141}, 2: {0: 30, 1: 38, 2: 76, 3: 158, 4: 25, 5: 38, 6: 55, 7: 20, 8: 222, 9: 71}, 3: {0: 36, 1: 20, 2: 51, 3: 25, 4: 152, 5: 19, 6: 77, 7: 124, 8: 36, 9: 193}, 4: {0: 216, 1: 110, 2: 141, 3: 24, 4: 21, 5: 108, 6: 31, 7: 36, 8: 22, 9: 24}, 5: {0: 13, 1: 326, 2: 99, 3: 29, 4: 141, 5: 27, 6: 24, 7: 19, 8: 28, 9: 27}, 6: {0: 15, 1: 66, 2: 158, 3: 21, 4: 46, 5: 40, 6: 97, 7: 235, 8: 29, 9: 26}, 7: {0: 31, 1: 499, 2: 33, 3: 23, 4: 26, 5: 31, 6: 20, 7: 22, 8: 19, 9: 29}, 8: {0: 47, 1: 25, 2: 158, 3: 201, 4: 181, 5: 25, 6: 34, 7: 20, 8: 21, 9: 21}, 9: {0: 25, 1: 99, 2: 53, 3: 154, 4: 60, 5: 227, 6: 52, 7: 21, 8: 23, 9: 19}, 10: {0: 256, 1: 179, 2: 89, 3: 58, 4: 26, 5: 20, 6: 24, 7: 25, 8: 26, 9: 30}, 11: {0: 29, 1: 460, 2: 59, 3: 26, 4: 30, 5: 26, 6: 24, 7: 19, 8: 32, 9: 28}, 12: {0: 101, 1: 403, 2: 34, 3: 50, 4: 19, 5: 24, 6: 26, 7: 34, 8: 25, 9: 17}, 13: {0: 24, 1: 89, 2: 153, 3: 28, 4: 28, 5: 126, 6: 29, 7: 66, 8: 166, 9: 24}, 14: {0: 29, 1: 163, 2: 52, 3: 88, 4: 48, 5: 97, 6: 85, 7: 103, 8: 23, 9: 45}, 15: {0: 28, 1: 162, 2: 44, 3: 24, 4: 56, 5: 106, 6: 72, 7: 76, 8: 141, 9: 24}, 16: {0: 49, 1: 17, 2: 129, 3: 22, 4: 185, 5: 230, 6: 30, 7: 23, 8: 27, 9: 21}, 17: {0: 22, 1: 151, 2: 36, 3: 43, 4: 160, 5: 72, 6: 64, 7: 51, 8: 40, 9: 94}, 18: {0: 106, 1: 40, 2: 69, 3: 49, 4: 104, 5: 85, 6: 20, 7: 34, 8: 28, 9: 198}, 19: {0: 38, 1: 160, 2: 111, 3: 26, 4: 27, 5: 26, 6: 38, 7: 41, 8: 100, 9: 166}, 20: {0: 66, 1: 20, 2: 73, 3: 26, 4: 39, 5: 109, 6: 27, 7: 76, 8: 62, 9: 235}, 21: {0: 31, 1: 69, 2: 61, 3: 417, 4: 27, 5: 22, 6: 32, 7: 28, 8: 28, 9: 18}, 22: {0: 74, 1: 23, 2: 28, 3: 374, 4: 110, 5: 25, 6: 21, 7: 27, 8: 27, 9: 24}, 23: {0: 49, 1: 23, 2: 106, 3: 207, 4: 48, 5: 26, 6: 202, 7: 19, 8: 28, 9: 25}, 24: {0: 37, 1: 305, 2: 26, 3: 85, 4: 43, 5: 87, 6: 18, 7: 81, 8: 20, 9: 31}, 25: {0: 17, 1: 353, 2: 188, 3: 40, 4: 18, 5: 17, 6: 21, 7: 31, 8: 24, 9: 24}, 26: {0: 26, 1: 19, 2: 392, 3: 138, 4: 38, 5: 25, 6: 22, 7: 22, 8: 24, 9: 27}, 27: {0: 56, 1: 181, 2: 32, 3: 55, 4: 45, 5: 90, 6: 44, 7: 182, 8: 22, 9: 26}, 28: {0: 58, 1: 35, 2: 21, 3: 40, 4: 34, 5: 293, 6: 80, 7: 45, 8: 104, 9: 23}, 29: {0: 86, 1: 30, 2: 35, 3: 32, 4: 52, 5: 127, 6: 64, 7: 31, 8: 81, 9: 195}, 30: {0: 32, 1: 382, 2: 63, 3: 76, 4: 61, 5: 21, 6: 21, 7: 20, 8: 34, 9: 23}, 31: {0: 111, 1: 35, 2: 136, 3: 157, 4: 130, 5: 16, 6: 32, 7: 25, 8: 67, 9: 24}, 32: {0: 33, 1: 52, 2: 31, 3: 17, 4: 30, 5: 87, 6: 110, 7: 217, 8: 49, 9: 107}, 33: {0: 35, 1: 24, 2: 254, 3: 118, 4: 28, 5: 43, 6: 154, 7: 22, 8: 22, 9: 33}, 34: {0: 27, 1: 345, 2: 15, 3: 30, 4: 21, 5: 20, 6: 41, 7: 180, 8: 31, 9: 23}, 35: {0: 34, 1: 45, 2: 61, 3: 30, 4: 54, 5: 114, 6: 96, 7: 248, 8: 29, 9: 22}, 36: {0: 46, 1: 44, 2: 477, 3: 20, 4: 29, 5: 32, 6: 18, 7: 19, 8: 13, 9: 35}, 37: {0: 105, 1: 59, 2: 106, 3: 31, 4: 171, 5: 164, 6: 27, 7: 19, 8: 23, 9: 28}, 38: {0: 29, 1: 101, 2: 101, 3: 71, 4: 155, 5: 78, 6: 96, 7: 42, 8: 36, 9: 24}, 39: {0: 28, 1: 108, 2: 254, 3: 46, 4: 177, 5: 29, 6: 15, 7: 26, 8: 26, 9: 24}, 40: {0: 65, 1: 43, 2: 40, 3: 28, 4: 73, 5: 242, 6: 71, 7: 31, 8: 119, 9: 21}, 41: {0: 28, 1: 192, 2: 223, 3: 57, 4: 35, 5: 113, 6: 29, 7: 15, 8: 26, 9: 15}, 42: {0: 16, 1: 241, 2: 30, 3: 144, 4: 27, 5: 63, 6: 27, 7: 63, 8: 97, 9: 25}, 43: {0: 30, 1: 221, 2: 31, 3: 26, 4: 35, 5: 59, 6: 172, 7: 33, 8: 105, 9: 21}, 44: {0: 23, 1: 232, 2: 27, 3: 80, 4: 27, 5: 127, 6: 32, 7: 44, 8: 37, 9: 104}, 45: {0: 35, 1: 387, 2: 20, 3: 23, 4: 35, 5: 42, 6: 108, 7: 24, 8: 27, 9: 32}, 46: {0: 43, 1: 219, 2: 63, 3: 180, 4: 21, 5: 109, 6: 24, 7: 29, 8: 22, 9: 23}, 47: {0: 30, 1: 59, 2: 36, 3: 21, 4: 49, 5: 118, 6: 30, 7: 103, 8: 39, 9: 248}, 48: {0: 30, 1: 46, 2: 27, 3: 38, 4: 99, 5: 50, 6: 158, 7: 17, 8: 38, 9: 230}, 49: {0: 27, 1: 47, 2: 124, 3: 279, 4: 143, 5: 27, 6: 12, 7: 29, 8: 17, 9: 28}, 50: {0: 55, 1: 83, 2: 28, 3: 32, 4: 29, 5: 68, 6: 75, 7: 315, 8: 26, 9: 22}, 51: {0: 134, 1: 19, 2: 26, 3: 25, 4: 33, 5: 26, 6: 85, 7: 36, 8: 83, 9: 266}, 52: {0: 30, 1: 25, 2: 27, 3: 281, 4: 238, 5: 23, 6: 34, 7: 25, 8: 20, 9: 30}, 53: {0: 52, 1: 125, 2: 43, 3: 25, 4: 312, 5: 74, 6: 16, 7: 22, 8: 36, 9: 28}, 54: {0: 160, 1: 75, 2: 87, 3: 183, 4: 104, 5: 29, 6: 25, 7: 27, 8: 26, 9: 17}, 55: {0: 98, 1: 36, 2: 42, 3: 98, 4: 35, 5: 57, 6: 47, 7: 43, 8: 165, 9: 112}, 56: {0: 196, 1: 142, 2: 50, 3: 139, 4: 26, 5: 16, 6: 97, 7: 25, 8: 21, 9: 21}, 57: {0: 25, 1: 60, 2: 142, 3: 35, 4: 26, 5: 24, 6: 243, 7: 52, 8: 98, 9: 27}, 58: {0: 92, 1: 126, 2: 123, 3: 66, 4: 64, 5: 30, 6: 51, 7: 41, 8: 120, 9: 19}, 59: {0: 79, 1: 214, 2: 139, 3: 128, 4: 28, 5: 45, 6: 33, 7: 22, 8: 23, 9: 21}, 60: {0: 49, 1: 157, 2: 158, 3: 26, 4: 20, 5: 36, 6: 171, 7: 47, 8: 41, 9: 27}, 61: {0: 23, 1: 24, 2: 167, 3: 101, 4: 28, 5: 93, 6: 32, 7: 32, 8: 78, 9: 154}, 62: {0: 31, 1: 100, 2: 88, 3: 108, 4: 37, 5: 24, 6: 68, 7: 129, 8: 128, 9: 19}, 63: {0: 21, 1: 141, 2: 30, 3: 50, 4: 80, 5: 304, 6: 25, 7: 26, 8: 31, 9: 24}, 64: {0: 214, 1: 50, 2: 118, 3: 30, 4: 107, 5: 109, 6: 16, 7: 29, 8: 25, 9: 34}, 65: {0: 270, 1: 69, 2: 57, 3: 100, 4: 24, 5: 27, 6: 53, 7: 35, 8: 72, 9: 25}, 66: {0: 26, 1: 33, 2: 32, 3: 62, 4: 17, 5: 70, 6: 54, 7: 28, 8: 386, 9: 24}, 67: {0: 27, 1: 42, 2: 24, 3: 71, 4: 77, 5: 23, 6: 129, 7: 55, 8: 55, 9: 229}, 68: {0: 41, 1: 75, 2: 25, 3: 24, 4: 22, 5: 25, 6: 141, 7: 336, 8: 25, 9: 18}, 69: {0: 51, 1: 243, 2: 147, 3: 47, 4: 125, 5: 22, 6: 32, 7: 26, 8: 22, 9: 17}, 70: {0: 68, 1: 70, 2: 63, 3: 27, 4: 108, 5: 29, 6: 76, 7: 250, 8: 18, 9: 23}, 71: {0: 33, 1: 174, 2: 26, 3: 49, 4: 40, 5: 39, 6: 27, 7: 160, 8: 127, 9: 57}, 72: {0: 136, 1: 126, 2: 158, 3: 18, 4: 92, 5: 42, 6: 80, 7: 30, 8: 22, 9: 28}, 73: {0: 21, 1: 166, 2: 279, 3: 115, 4: 33, 5: 30, 6: 19, 7: 24, 8: 16, 9: 29}, 74: {0: 56, 1: 188, 2: 235, 3: 115, 4: 25, 5: 12, 6: 31, 7: 24, 8: 24, 9: 22}, 75: {0: 62, 1: 58, 2: 94, 3: 24, 4: 261, 5: 53, 6: 42, 7: 46, 8: 62, 9: 30}, 76: {0: 26, 1: 36, 2: 21, 3: 172, 4: 30, 5: 79, 6: 47, 7: 134, 8: 161, 9: 26}, 77: {0: 94, 1: 38, 2: 28, 3: 76, 4: 24, 5: 27, 6: 102, 7: 122, 8: 194, 9: 27}, 78: {0: 28, 1: 26, 2: 149, 3: 47, 4: 42, 5: 149, 6: 36, 7: 99, 8: 30, 9: 126}, 79: {0: 66, 1: 24, 2: 96, 3: 269, 4: 120, 5: 61, 6: 19, 7: 22, 8: 25, 9: 30}, 80: {0: 44, 1: 50, 2: 145, 3: 98, 4: 82, 5: 57, 6: 34, 7: 166, 8: 28, 9: 28}, 81: {0: 69, 1: 41, 2: 49, 3: 38, 4: 175, 5: 118, 6: 161, 7: 23, 8: 31, 9: 27}, 82: {0: 23, 1: 41, 2: 33, 3: 140, 4: 110, 5: 129, 6: 190, 7: 17, 8: 23, 9: 26}, 83: {0: 268, 1: 183, 2: 34, 3: 111, 4: 19, 5: 20, 6: 24, 7: 23, 8: 23, 9: 27}, 84: {0: 39, 1: 91, 2: 34, 3: 71, 4: 37, 5: 172, 6: 191, 7: 37, 8: 30, 9: 30}, 85: {0: 61, 1: 25, 2: 21, 3: 29, 4: 58, 5: 272, 6: 25, 7: 38, 8: 183, 9: 20}, 86: {0: 21, 1: 276, 2: 256, 3: 28, 4: 28, 5: 28, 6: 29, 7: 14, 8: 24, 9: 28}, 87: {0: 97, 1: 33, 2: 24, 3: 72, 4: 114, 5: 96, 6: 186, 7: 58, 8: 25, 9: 27}, 88: {0: 44, 1: 15, 2: 143, 3: 45, 4: 23, 5: 304, 6: 87, 7: 20, 8: 26, 9: 25}, 89: {0: 35, 1: 73, 2: 28, 3: 27, 4: 62, 5: 54, 6: 158, 7: 216, 8: 57, 9: 22}, 90: {0: 41, 1: 182, 2: 116, 3: 248, 4: 21, 5: 28, 6: 22, 7: 25, 8: 26, 9: 23}, 91: {0: 70, 1: 48, 2: 133, 3: 209, 4: 161, 5: 23, 6: 21, 7: 23, 8: 25, 9: 19}, 92: {0: 21, 1: 49, 2: 101, 3: 74, 4: 25, 5: 23, 6: 25, 7: 102, 8: 34, 9: 278}, 93: {0: 30, 1: 84, 2: 140, 3: 28, 4: 285, 5: 73, 6: 17, 7: 22, 8: 31, 9: 22}, 94: {0: 38, 1: 38, 2: 51, 3: 86, 4: 81, 5: 98, 6: 76, 7: 109, 8: 43, 9: 112}, 95: {0: 41, 1: 166, 2: 356, 3: 25, 4: 26, 5: 24, 6: 21, 7: 18, 8: 31, 9: 24}, 96: {0: 25, 1: 202, 2: 190, 3: 41, 4: 64, 5: 26, 6: 20, 7: 17, 8: 118, 9: 29}, 97: {0: 46, 1: 60, 2: 90, 3: 35, 4: 89, 5: 34, 6: 119, 7: 38, 8: 191, 9: 30}, 98: {0: 53, 1: 29, 2: 41, 3: 27, 4: 84, 5: 46, 6: 63, 7: 49, 8: 190, 9: 150}, 99: {0: 32, 1: 203, 2: 155, 3: 91, 4: 138, 5: 20, 6: 18, 7: 23, 8: 28, 9: 24}}
====================================================================================================
Training started at: 2026-03-14 14:23:03
Result directory: results/fl_svhn/fedprox/pm-dir_a-0.5_nm-uni_nr-0.3
Result txt file : results/fl_svhn/fedprox/pm-dir_a-0.5_nm-uni_nr-0.3/fedprox_fl_svhn_20260314-142303.txt
Result log file : results/fl_svhn/fedprox/pm-dir_a-0.5_nm-uni_nr-0.3/fedprox_fl_svhn_20260314-142303.log
----------------------------------------------------------------------------------------------------
Model: fedprox
Dataset: fl_svhn
Structure: homogeneity
Participants: 100
Online ratio: 0.1
Communication epochs: 100
Local epoch: 10
Local batch size: 64
Local lr: 0.01
Partition mode: dirichlet
Dirichlet alpha: 0.5
Noise mode: uniform
Noise rate: 0.3
Noise type: symmetric
Noise max: 0.3
Denoise score alpha: 0.5
Drop rate: 0.15
Denoise strategy: least_sim
FedProx mu: 0.01
FedRDN std: 0.01
FedCDA history size: NA
FedGLoSS beta: 0.01
Averaging: weight
Seed: 0
====================================================================================================
[Round 001/100] Acc=11.960 | RoundTime=86.15s | TotalTime=86.15s | Method=fedprox
[Round 002/100] Acc=48.820 | RoundTime=61.20s | TotalTime=147.35s | Method=fedprox
[Round 003/100] Acc=72.880 | RoundTime=53.12s | TotalTime=200.47s | Method=fedprox
[Round 004/100] Acc=72.720 | RoundTime=53.54s | TotalTime=254.01s | Method=fedprox
[Round 005/100] Acc=75.910 | RoundTime=53.93s | TotalTime=307.94s | Method=fedprox
[Round 006/100] Acc=76.580 | RoundTime=53.20s | TotalTime=361.14s | Method=fedprox
[Round 007/100] Acc=78.460 | RoundTime=55.17s | TotalTime=416.31s | Method=fedprox
[Round 008/100] Acc=79.560 | RoundTime=55.12s | TotalTime=471.43s | Method=fedprox
[Round 009/100] Acc=70.970 | RoundTime=53.74s | TotalTime=525.17s | Method=fedprox
[Round 010/100] Acc=79.360 | RoundTime=53.07s | TotalTime=578.24s | Method=fedprox
[Round 011/100] Acc=76.980 | RoundTime=53.37s | TotalTime=631.61s | Method=fedprox
[Round 012/100] Acc=77.030 | RoundTime=53.47s | TotalTime=685.09s | Method=fedprox
[Round 013/100] Acc=77.570 | RoundTime=53.63s | TotalTime=738.72s | Method=fedprox
[Round 014/100] Acc=76.800 | RoundTime=54.40s | TotalTime=793.12s | Method=fedprox
[Round 015/100] Acc=78.630 | RoundTime=53.57s | TotalTime=846.69s | Method=fedprox
[Round 016/100] Acc=77.060 | RoundTime=54.67s | TotalTime=901.36s | Method=fedprox
[Round 017/100] Acc=74.620 | RoundTime=53.57s | TotalTime=954.94s | Method=fedprox
[Round 018/100] Acc=73.810 | RoundTime=53.75s | TotalTime=1008.69s | Method=fedprox
[Round 019/100] Acc=76.310 | RoundTime=53.67s | TotalTime=1062.36s | Method=fedprox
[Round 020/100] Acc=74.290 | RoundTime=52.82s | TotalTime=1115.18s | Method=fedprox
[Round 021/100] Acc=75.680 | RoundTime=54.79s | TotalTime=1169.97s | Method=fedprox
[Round 022/100] Acc=74.030 | RoundTime=53.40s | TotalTime=1223.37s | Method=fedprox
[Round 023/100] Acc=77.130 | RoundTime=56.06s | TotalTime=1279.42s | Method=fedprox
[Round 024/100] Acc=74.200 | RoundTime=53.72s | TotalTime=1333.14s | Method=fedprox
[Round 025/100] Acc=77.100 | RoundTime=56.31s | TotalTime=1389.45s | Method=fedprox
[Round 026/100] Acc=71.140 | RoundTime=56.76s | TotalTime=1446.22s | Method=fedprox
[Round 027/100] Acc=77.510 | RoundTime=54.05s | TotalTime=1500.26s | Method=fedprox
[Round 028/100] Acc=73.820 | RoundTime=54.34s | TotalTime=1554.60s | Method=fedprox
[Round 029/100] Acc=72.330 | RoundTime=55.27s | TotalTime=1609.87s | Method=fedprox
[Round 030/100] Acc=76.240 | RoundTime=55.45s | TotalTime=1665.32s | Method=fedprox
[Round 031/100] Acc=77.160 | RoundTime=54.23s | TotalTime=1719.55s | Method=fedprox
[Round 032/100] Acc=73.970 | RoundTime=55.03s | TotalTime=1774.58s | Method=fedprox
[Round 033/100] Acc=74.280 | RoundTime=54.39s | TotalTime=1828.97s | Method=fedprox
[Round 034/100] Acc=71.940 | RoundTime=53.36s | TotalTime=1882.33s | Method=fedprox
[Round 035/100] Acc=74.660 | RoundTime=53.72s | TotalTime=1936.05s | Method=fedprox
[Round 036/100] Acc=76.230 | RoundTime=54.17s | TotalTime=1990.22s | Method=fedprox
[Round 037/100] Acc=74.610 | RoundTime=54.24s | TotalTime=2044.47s | Method=fedprox
[Round 038/100] Acc=76.130 | RoundTime=54.69s | TotalTime=2099.16s | Method=fedprox
[Round 039/100] Acc=76.660 | RoundTime=54.43s | TotalTime=2153.59s | Method=fedprox
[Round 040/100] Acc=77.080 | RoundTime=55.03s | TotalTime=2208.62s | Method=fedprox
[Round 041/100] Acc=77.980 | RoundTime=55.07s | TotalTime=2263.69s | Method=fedprox
[Round 042/100] Acc=75.910 | RoundTime=53.77s | TotalTime=2317.47s | Method=fedprox
[Round 043/100] Acc=74.560 | RoundTime=53.36s | TotalTime=2370.82s | Method=fedprox
[Round 044/100] Acc=75.670 | RoundTime=53.63s | TotalTime=2424.46s | Method=fedprox
[Round 045/100] Acc=77.650 | RoundTime=56.38s | TotalTime=2480.83s | Method=fedprox
[Round 046/100] Acc=77.570 | RoundTime=54.23s | TotalTime=2535.07s | Method=fedprox
[Round 047/100] Acc=76.240 | RoundTime=53.84s | TotalTime=2588.91s | Method=fedprox
[Round 048/100] Acc=74.970 | RoundTime=54.72s | TotalTime=2643.63s | Method=fedprox
[Round 049/100] Acc=77.470 | RoundTime=53.92s | TotalTime=2697.54s | Method=fedprox
[Round 050/100] Acc=73.390 | RoundTime=53.64s | TotalTime=2751.19s | Method=fedprox
[Round 051/100] Acc=73.990 | RoundTime=53.24s | TotalTime=2804.43s | Method=fedprox
[Round 052/100] Acc=77.540 | RoundTime=53.62s | TotalTime=2858.05s | Method=fedprox
[Round 053/100] Acc=77.320 | RoundTime=53.12s | TotalTime=2911.17s | Method=fedprox
[Round 054/100] Acc=76.820 | RoundTime=52.96s | TotalTime=2964.12s | Method=fedprox
[Round 055/100] Acc=76.410 | RoundTime=53.46s | TotalTime=3017.59s | Method=fedprox
[Round 056/100] Acc=75.550 | RoundTime=52.51s | TotalTime=3070.10s | Method=fedprox
[Round 057/100] Acc=78.480 | RoundTime=53.36s | TotalTime=3123.45s | Method=fedprox
[Round 058/100] Acc=75.960 | RoundTime=53.18s | TotalTime=3176.63s | Method=fedprox
[Round 059/100] Acc=76.450 | RoundTime=52.64s | TotalTime=3229.27s | Method=fedprox
[Round 060/100] Acc=72.410 | RoundTime=53.29s | TotalTime=3282.56s | Method=fedprox
[Round 061/100] Acc=74.380 | RoundTime=52.94s | TotalTime=3335.51s | Method=fedprox
[Round 062/100] Acc=73.060 | RoundTime=53.61s | TotalTime=3389.12s | Method=fedprox
[Round 063/100] Acc=76.330 | RoundTime=53.72s | TotalTime=3442.84s | Method=fedprox
[Round 064/100] Acc=76.340 | RoundTime=52.90s | TotalTime=3495.74s | Method=fedprox
[Round 065/100] Acc=75.490 | RoundTime=52.98s | TotalTime=3548.72s | Method=fedprox
[Round 066/100] Acc=75.690 | RoundTime=53.34s | TotalTime=3602.06s | Method=fedprox
[Round 067/100] Acc=77.160 | RoundTime=52.75s | TotalTime=3654.80s | Method=fedprox
[Round 068/100] Acc=75.260 | RoundTime=52.80s | TotalTime=3707.61s | Method=fedprox
[Round 069/100] Acc=74.590 | RoundTime=52.33s | TotalTime=3759.94s | Method=fedprox
[Round 070/100] Acc=74.710 | RoundTime=53.55s | TotalTime=3813.49s | Method=fedprox
[Round 071/100] Acc=74.780 | RoundTime=52.89s | TotalTime=3866.38s | Method=fedprox
[Round 072/100] Acc=75.120 | RoundTime=53.09s | TotalTime=3919.47s | Method=fedprox
[Round 073/100] Acc=75.990 | RoundTime=52.94s | TotalTime=3972.41s | Method=fedprox
[Round 074/100] Acc=75.430 | RoundTime=51.98s | TotalTime=4024.39s | Method=fedprox
[Round 075/100] Acc=75.610 | RoundTime=53.03s | TotalTime=4077.42s | Method=fedprox
[Round 076/100] Acc=71.700 | RoundTime=53.46s | TotalTime=4130.88s | Method=fedprox
[Round 077/100] Acc=76.530 | RoundTime=53.28s | TotalTime=4184.16s | Method=fedprox
[Round 078/100] Acc=76.310 | RoundTime=53.04s | TotalTime=4237.20s | Method=fedprox
[Round 079/100] Acc=74.920 | RoundTime=52.83s | TotalTime=4290.03s | Method=fedprox
[Round 080/100] Acc=74.110 | RoundTime=52.62s | TotalTime=4342.65s | Method=fedprox
[Round 081/100] Acc=75.920 | RoundTime=52.14s | TotalTime=4394.79s | Method=fedprox
[Round 082/100] Acc=75.780 | RoundTime=53.02s | TotalTime=4447.82s | Method=fedprox
[Round 083/100] Acc=74.990 | RoundTime=53.06s | TotalTime=4500.87s | Method=fedprox
[Round 084/100] Acc=72.850 | RoundTime=53.74s | TotalTime=4554.62s | Method=fedprox
[Round 085/100] Acc=75.820 | RoundTime=53.37s | TotalTime=4607.98s | Method=fedprox
[Round 086/100] Acc=72.140 | RoundTime=55.17s | TotalTime=4663.16s | Method=fedprox
[Round 087/100] Acc=74.030 | RoundTime=52.56s | TotalTime=4715.71s | Method=fedprox
[Round 088/100] Acc=72.480 | RoundTime=52.40s | TotalTime=4768.11s | Method=fedprox
[Round 089/100] Acc=75.960 | RoundTime=52.95s | TotalTime=4821.06s | Method=fedprox
[Round 090/100] Acc=74.840 | RoundTime=53.17s | TotalTime=4874.23s | Method=fedprox
[Round 091/100] Acc=73.290 | RoundTime=52.54s | TotalTime=4926.76s | Method=fedprox
[Round 092/100] Acc=73.830 | RoundTime=52.30s | TotalTime=4979.06s | Method=fedprox
[Round 093/100] Acc=75.240 | RoundTime=52.47s | TotalTime=5031.53s | Method=fedprox
[Round 094/100] Acc=75.940 | RoundTime=54.22s | TotalTime=5085.75s | Method=fedprox
[Round 095/100] Acc=75.350 | RoundTime=52.42s | TotalTime=5138.17s | Method=fedprox
[Round 096/100] Acc=75.530 | RoundTime=52.97s | TotalTime=5191.14s | Method=fedprox
[Round 097/100] Acc=75.230 | RoundTime=52.59s | TotalTime=5243.73s | Method=fedprox
[Round 098/100] Acc=75.320 | RoundTime=52.85s | TotalTime=5296.58s | Method=fedprox
[Round 099/100] Acc=73.440 | RoundTime=53.82s | TotalTime=5350.40s | Method=fedprox
[Round 100/100] Acc=75.730 | RoundTime=46.28s | TotalTime=5396.68s | Method=fedprox
====================================================================================================
Training finished at: 2026-03-14 15:52:59
Total elapsed time: 5396.68s
Final Acc: 75.730
Best Acc : 79.560
====================================================================================================
: 78.910
====================================================================================================
