fedcda_100_fl_cifar10_pm-dirichlet_alpha-0.8_nm-uniform_nr-0.2_0.1_100_10
mean: 500.0
std: 0.0
Data statistics: {0: {0: 92, 1: 45, 2: 88, 3: 68, 4: 25, 5: 40, 6: 65, 7: 51, 8: 7, 9: 19}, 1: {0: 16, 1: 21, 2: 54, 3: 25, 4: 78, 5: 34, 6: 37, 7: 24, 8: 75, 9: 136}, 2: {0: 11, 1: 152, 2: 62, 3: 80, 4: 128, 5: 21, 6: 12, 7: 19, 8: 3, 9: 12}, 3: {0: 36, 1: 18, 2: 120, 3: 14, 4: 26, 5: 19, 6: 72, 7: 23, 8: 84, 9: 88}, 4: {0: 56, 1: 16, 2: 43, 3: 54, 4: 62, 5: 55, 6: 51, 7: 32, 8: 48, 9: 83}, 5: {0: 86, 1: 22, 2: 34, 3: 14, 4: 18, 5: 30, 6: 125, 7: 80, 8: 16, 9: 75}, 6: {0: 11, 1: 51, 2: 13, 3: 23, 4: 13, 5: 20, 6: 45, 7: 34, 8: 168, 9: 122}, 7: {0: 32, 1: 38, 2: 14, 3: 30, 4: 24, 5: 22, 6: 13, 7: 25, 8: 36, 9: 266}, 8: {0: 64, 1: 20, 2: 16, 3: 9, 4: 88, 5: 42, 6: 22, 7: 70, 8: 160, 9: 9}, 9: {0: 69, 1: 24, 2: 41, 3: 21, 4: 62, 5: 40, 6: 17, 7: 99, 8: 48, 9: 79}, 10: {0: 14, 1: 53, 2: 31, 3: 49, 4: 20, 5: 24, 6: 112, 7: 53, 8: 103, 9: 41}, 11: {0: 85, 1: 39, 2: 18, 3: 46, 4: 17, 5: 12, 6: 20, 7: 23, 8: 48, 9: 192}, 12: {0: 56, 1: 10, 2: 68, 3: 18, 4: 20, 5: 43, 6: 102, 7: 45, 8: 54, 9: 84}, 13: {0: 53, 1: 90, 2: 56, 3: 67, 4: 56, 5: 60, 6: 87, 7: 10, 8: 11, 9: 10}, 14: {0: 46, 1: 84, 2: 71, 3: 36, 4: 18, 5: 19, 6: 27, 7: 143, 8: 51, 9: 5}, 15: {0: 88, 1: 44, 2: 32, 3: 61, 4: 63, 5: 13, 6: 9, 7: 16, 8: 151, 9: 23}, 16: {0: 28, 1: 77, 2: 28, 3: 119, 4: 38, 5: 107, 6: 50, 7: 28, 8: 11, 9: 14}, 17: {0: 25, 1: 50, 2: 10, 3: 9, 4: 36, 5: 19, 6: 51, 7: 6, 8: 188, 9: 106}, 18: {0: 16, 1: 76, 2: 45, 3: 26, 4: 28, 5: 162, 6: 8, 7: 20, 8: 17, 9: 102}, 19: {0: 32, 1: 12, 2: 47, 3: 30, 4: 81, 5: 42, 6: 36, 7: 90, 8: 118, 9: 12}, 20: {0: 23, 1: 6, 2: 20, 3: 112, 4: 56, 5: 54, 6: 40, 7: 157, 8: 23, 9: 9}, 21: {0: 14, 1: 15, 2: 91, 3: 117, 4: 43, 5: 19, 6: 71, 7: 18, 8: 95, 9: 17}, 22: {0: 19, 1: 39, 2: 62, 3: 36, 4: 37, 5: 22, 6: 56, 7: 66, 8: 153, 9: 10}, 23: {0: 24, 1: 42, 2: 16, 3: 32, 4: 19, 5: 20, 6: 17, 7: 230, 8: 46, 9: 54}, 24: {0: 44, 1: 222, 2: 17, 3: 55, 4: 55, 5: 61, 6: 10, 7: 15, 8: 14, 9: 7}, 25: {0: 12, 1: 44, 2: 35, 3: 100, 4: 14, 5: 27, 6: 24, 7: 61, 8: 65, 9: 118}, 26: {0: 20, 1: 27, 2: 77, 3: 14, 4: 51, 5: 64, 6: 47, 7: 17, 8: 22, 9: 161}, 27: {0: 42, 1: 12, 2: 11, 3: 110, 4: 38, 5: 108, 6: 45, 7: 23, 8: 17, 9: 94}, 28: {0: 88, 1: 39, 2: 19, 3: 12, 4: 43, 5: 15, 6: 20, 7: 94, 8: 160, 9: 10}, 29: {0: 56, 1: 92, 2: 46, 3: 56, 4: 17, 5: 36, 6: 73, 7: 100, 8: 13, 9: 11}, 30: {0: 99, 1: 97, 2: 16, 3: 30, 4: 21, 5: 16, 6: 19, 7: 76, 8: 114, 9: 12}, 31: {0: 43, 1: 61, 2: 110, 3: 89, 4: 52, 5: 22, 6: 31, 7: 23, 8: 62, 9: 7}, 32: {0: 17, 1: 8, 2: 54, 3: 65, 4: 14, 5: 16, 6: 236, 7: 41, 8: 23, 9: 26}, 33: {0: 47, 1: 42, 2: 137, 3: 46, 4: 59, 5: 38, 6: 47, 7: 65, 8: 11, 9: 8}, 34: {0: 29, 1: 36, 2: 26, 3: 30, 4: 14, 5: 30, 6: 88, 7: 126, 8: 111, 9: 10}, 35: {0: 146, 1: 22, 2: 19, 3: 9, 4: 84, 5: 20, 6: 74, 7: 96, 8: 17, 9: 13}, 36: {0: 115, 1: 14, 2: 44, 3: 19, 4: 17, 5: 20, 6: 38, 7: 63, 8: 158, 9: 12}, 37: {0: 21, 1: 33, 2: 12, 3: 23, 4: 21, 5: 155, 6: 14, 7: 34, 8: 20, 9: 167}, 38: {0: 153, 1: 34, 2: 47, 3: 15, 4: 16, 5: 35, 6: 7, 7: 59, 8: 84, 9: 50}, 39: {0: 84, 1: 68, 2: 60, 3: 16, 4: 34, 5: 24, 6: 29, 7: 23, 8: 149, 9: 13}, 40: {0: 220, 1: 40, 2: 12, 3: 152, 4: 15, 5: 15, 6: 14, 7: 8, 8: 12, 9: 12}, 41: {0: 116, 1: 96, 2: 67, 3: 19, 4: 13, 5: 48, 6: 73, 7: 48, 8: 11, 9: 9}, 42: {0: 22, 1: 89, 2: 114, 3: 23, 4: 48, 5: 26, 6: 93, 7: 61, 8: 8, 9: 16}, 43: {0: 41, 1: 34, 2: 61, 3: 8, 4: 27, 5: 24, 6: 25, 7: 38, 8: 227, 9: 15}, 44: {0: 74, 1: 18, 2: 11, 3: 45, 4: 125, 5: 189, 6: 6, 7: 11, 8: 9, 9: 12}, 45: {0: 40, 1: 47, 2: 13, 3: 19, 4: 81, 5: 37, 6: 9, 7: 113, 8: 35, 9: 106}, 46: {0: 22, 1: 66, 2: 11, 3: 22, 4: 80, 5: 21, 6: 17, 7: 47, 8: 151, 9: 63}, 47: {0: 18, 1: 13, 2: 16, 3: 22, 4: 59, 5: 105, 6: 19, 7: 68, 8: 17, 9: 163}, 48: {0: 22, 1: 42, 2: 66, 3: 18, 4: 195, 5: 48, 6: 77, 7: 9, 8: 10, 9: 13}, 49: {0: 20, 1: 22, 2: 65, 3: 52, 4: 23, 5: 26, 6: 174, 7: 17, 8: 87, 9: 14}, 50: {0: 10, 1: 91, 2: 21, 3: 98, 4: 27, 5: 19, 6: 35, 7: 38, 8: 145, 9: 16}, 51: {0: 15, 1: 171, 2: 59, 3: 45, 4: 53, 5: 109, 6: 13, 7: 11, 8: 15, 9: 9}, 52: {0: 38, 1: 32, 2: 47, 3: 17, 4: 202, 5: 81, 6: 46, 7: 13, 8: 15, 9: 9}, 53: {0: 21, 1: 59, 2: 81, 3: 83, 4: 69, 5: 45, 6: 28, 7: 65, 8: 37, 9: 12}, 54: {0: 89, 1: 50, 2: 119, 3: 41, 4: 28, 5: 131, 6: 8, 7: 11, 8: 9, 9: 14}, 55: {0: 64, 1: 40, 2: 13, 3: 39, 4: 93, 5: 94, 6: 124, 7: 10, 8: 14, 9: 9}, 56: {0: 96, 1: 144, 2: 41, 3: 60, 4: 104, 5: 11, 6: 15, 7: 7, 8: 10, 9: 12}, 57: {0: 9, 1: 51, 2: 55, 3: 28, 4: 25, 5: 66, 6: 19, 7: 26, 8: 55, 9: 166}, 58: {0: 19, 1: 58, 2: 17, 3: 206, 4: 25, 5: 55, 6: 40, 7: 58, 8: 7, 9: 15}, 59: {0: 15, 1: 39, 2: 49, 3: 22, 4: 55, 5: 64, 6: 37, 7: 74, 8: 89, 9: 56}, 60: {0: 336, 1: 69, 2: 13, 3: 15, 4: 12, 5: 9, 6: 13, 7: 14, 8: 6, 9: 13}, 61: {0: 36, 1: 28, 2: 16, 3: 23, 4: 71, 5: 111, 6: 179, 7: 16, 8: 12, 9: 8}, 62: {0: 55, 1: 20, 2: 51, 3: 79, 4: 20, 5: 103, 6: 41, 7: 102, 8: 18, 9: 11}, 63: {0: 19, 1: 14, 2: 78, 3: 95, 4: 30, 5: 135, 6: 83, 7: 22, 8: 11, 9: 13}, 64: {0: 22, 1: 27, 2: 26, 3: 9, 4: 22, 5: 27, 6: 201, 7: 116, 8: 17, 9: 33}, 65: {0: 62, 1: 71, 2: 79, 3: 59, 4: 168, 5: 15, 6: 13, 7: 14, 8: 12, 9: 7}, 66: {0: 54, 1: 23, 2: 36, 3: 14, 4: 11, 5: 26, 6: 50, 7: 29, 8: 76, 9: 181}, 67: {0: 22, 1: 20, 2: 14, 3: 23, 4: 36, 5: 203, 6: 15, 7: 72, 8: 53, 9: 42}, 68: {0: 31, 1: 26, 2: 51, 3: 47, 4: 42, 5: 25, 6: 44, 7: 52, 8: 59, 9: 123}, 69: {0: 158, 1: 11, 2: 101, 3: 41, 4: 47, 5: 48, 6: 15, 7: 55, 8: 15, 9: 9}, 70: {0: 41, 1: 15, 2: 71, 3: 41, 4: 85, 5: 127, 6: 10, 7: 36, 8: 64, 9: 10}, 71: {0: 15, 1: 39, 2: 107, 3: 15, 4: 173, 5: 33, 6: 47, 7: 21, 8: 40, 9: 10}, 72: {0: 16, 1: 11, 2: 59, 3: 169, 4: 27, 5: 43, 6: 77, 7: 78, 8: 10, 9: 10}, 73: {0: 48, 1: 19, 2: 205, 3: 72, 4: 28, 5: 20, 6: 72, 7: 16, 8: 9, 9: 11}, 74: {0: 32, 1: 80, 2: 103, 3: 96, 4: 61, 5: 44, 6: 57, 7: 10, 8: 11, 9: 6}, 75: {0: 23, 1: 37, 2: 14, 3: 38, 4: 148, 5: 18, 6: 66, 7: 136, 8: 11, 9: 9}, 76: {0: 91, 1: 85, 2: 67, 3: 109, 4: 16, 5: 30, 6: 26, 7: 60, 8: 8, 9: 8}, 77: {0: 12, 1: 57, 2: 31, 3: 25, 4: 13, 5: 15, 6: 69, 7: 20, 8: 251, 9: 7}, 78: {0: 23, 1: 118, 2: 96, 3: 138, 4: 21, 5: 48, 6: 20, 7: 14, 8: 5, 9: 17}, 79: {0: 75, 1: 12, 2: 29, 3: 27, 4: 36, 5: 35, 6: 75, 7: 184, 8: 14, 9: 13}, 80: {0: 36, 1: 59, 2: 51, 3: 18, 4: 91, 5: 16, 6: 21, 7: 170, 8: 23, 9: 15}, 81: {0: 20, 1: 16, 2: 38, 3: 31, 4: 76, 5: 59, 6: 9, 7: 144, 8: 96, 9: 11}, 82: {0: 95, 1: 32, 2: 46, 3: 11, 4: 101, 5: 81, 6: 91, 7: 10, 8: 18, 9: 15}, 83: {0: 115, 1: 108, 2: 75, 3: 62, 4: 20, 5: 78, 6: 18, 7: 6, 8: 6, 9: 12}, 84: {0: 23, 1: 14, 2: 23, 3: 8, 4: 63, 5: 111, 6: 39, 7: 31, 8: 66, 9: 122}, 85: {0: 16, 1: 12, 2: 155, 3: 160, 4: 83, 5: 36, 6: 9, 7: 12, 8: 8, 9: 9}, 86: {0: 52, 1: 93, 2: 179, 3: 114, 4: 7, 5: 14, 6: 10, 7: 7, 8: 16, 9: 8}, 87: {0: 38, 1: 76, 2: 52, 3: 10, 4: 16, 5: 37, 6: 56, 7: 89, 8: 75, 9: 51}, 88: {0: 18, 1: 13, 2: 31, 3: 34, 4: 49, 5: 39, 6: 61, 7: 19, 8: 48, 9: 188}, 89: {0: 99, 1: 12, 2: 35, 3: 86, 4: 21, 5: 29, 6: 32, 7: 22, 8: 58, 9: 106}, 90: {0: 20, 1: 24, 2: 35, 3: 18, 4: 155, 5: 24, 6: 161, 7: 42, 8: 7, 9: 14}, 91: {0: 88, 1: 120, 2: 36, 3: 69, 4: 13, 5: 124, 6: 10, 7: 14, 8: 14, 9: 12}, 92: {0: 23, 1: 16, 2: 53, 3: 51, 4: 73, 5: 27, 6: 96, 7: 79, 8: 30, 9: 52}, 93: {0: 30, 1: 26, 2: 26, 3: 16, 4: 38, 5: 29, 6: 30, 7: 19, 8: 64, 9: 222}, 94: {0: 36, 1: 181, 2: 35, 3: 17, 4: 49, 5: 42, 6: 102, 7: 11, 8: 16, 9: 11}, 95: {0: 75, 1: 136, 2: 11, 3: 20, 4: 47, 5: 79, 6: 99, 7: 13, 8: 11, 9: 9}, 96: {0: 38, 1: 21, 2: 20, 3: 11, 4: 37, 5: 75, 6: 18, 7: 31, 8: 22, 9: 227}, 97: {0: 27, 1: 44, 2: 20, 3: 172, 4: 8, 5: 13, 6: 53, 7: 86, 8: 63, 9: 14}, 98: {0: 44, 1: 50, 2: 13, 3: 45, 4: 15, 5: 37, 6: 25, 7: 33, 8: 33, 9: 205}, 99: {0: 20, 1: 35, 2: 33, 3: 38, 4: 18, 5: 65, 6: 48, 7: 49, 8: 16, 9: 178}}
====================================================================================================
Training started at: 2026-03-31 23:24:31
Result directory: results/fl_cifar10/fedcda/pm-dir_a-0.8_nm-uni_nr-0.2_nt-symmetric_st-least_sim_dr-0.4
Result txt file : results/fl_cifar10/fedcda/pm-dir_a-0.8_nm-uni_nr-0.2_nt-symmetric_st-least_sim_dr-0.4/fedcda_fl_cifar10_20260331-232431-293188_pid2711187.txt
Result log file : results/fl_cifar10/fedcda/pm-dir_a-0.8_nm-uni_nr-0.2_nt-symmetric_st-least_sim_dr-0.4/fedcda_fl_cifar10_20260331-232431-293188_pid2711187.log
----------------------------------------------------------------------------------------------------
Model: fedcda
Dataset: fl_cifar10
Structure: homogeneity
Participants: 100
Online ratio: 0.1
Communication epochs: 100
Local epoch: 10
Local batch size: 40
Local lr: 0.01
Partition mode: dirichlet
Dirichlet alpha: 0.8
Noise mode: uniform
Noise rate: 0.2
Noise type: symmetric
Noise max: 0.3
Denoise score alpha: 0.5
Drop rate: 0.4
Denoise strategy: least_sim
FedProx mu: 0.01
FedRDN std: 0.01
FedCDA history size: NA
FedGLoSS beta: 0.01
Averaging: weight
Seed: 0
====================================================================================================
[Round 001/100] Acc=10.000 | RoundTime=26.10s | TotalTime=26.10s | Method=fedcda
[Round 002/100] Acc=10.000 | RoundTime=26.07s | TotalTime=52.17s | Method=fedcda
[Round 003/100] Acc=29.060 | RoundTime=25.53s | TotalTime=77.70s | Method=fedcda
[Round 004/100] Acc=39.400 | RoundTime=26.43s | TotalTime=104.13s | Method=fedcda
[Round 005/100] Acc=36.370 | RoundTime=27.74s | TotalTime=131.87s | Method=fedcda
[Round 006/100] Acc=24.340 | RoundTime=27.15s | TotalTime=159.02s | Method=fedcda
[Round 007/100] Acc=47.520 | RoundTime=28.04s | TotalTime=187.06s | Method=fedcda
[Round 008/100] Acc=38.340 | RoundTime=27.89s | TotalTime=214.96s | Method=fedcda
[Round 009/100] Acc=40.750 | RoundTime=27.39s | TotalTime=242.35s | Method=fedcda
[Round 010/100] Acc=29.010 | RoundTime=27.17s | TotalTime=269.52s | Method=fedcda
[Round 011/100] Acc=34.730 | RoundTime=29.09s | TotalTime=298.61s | Method=fedcda
[Round 012/100] Acc=34.940 | RoundTime=28.10s | TotalTime=326.71s | Method=fedcda
[Round 013/100] Acc=48.380 | RoundTime=24.59s | TotalTime=351.30s | Method=fedcda
[Round 014/100] Acc=47.470 | RoundTime=23.95s | TotalTime=375.25s | Method=fedcda
[Round 015/100] Acc=45.260 | RoundTime=24.83s | TotalTime=400.08s | Method=fedcda
[Round 016/100] Acc=53.830 | RoundTime=24.96s | TotalTime=425.04s | Method=fedcda
[Round 017/100] Acc=42.720 | RoundTime=24.25s | TotalTime=449.29s | Method=fedcda
[Round 018/100] Acc=36.850 | RoundTime=24.61s | TotalTime=473.90s | Method=fedcda
[Round 019/100] Acc=38.990 | RoundTime=23.68s | TotalTime=497.58s | Method=fedcda
[Round 020/100] Acc=51.310 | RoundTime=23.88s | TotalTime=521.46s | Method=fedcda
[Round 021/100] Acc=52.280 | RoundTime=24.30s | TotalTime=545.75s | Method=fedcda
[Round 022/100] Acc=59.250 | RoundTime=24.55s | TotalTime=570.31s | Method=fedcda
[Round 023/100] Acc=51.150 | RoundTime=24.66s | TotalTime=594.97s | Method=fedcda
[Round 024/100] Acc=53.970 | RoundTime=26.25s | TotalTime=621.22s | Method=fedcda
[Round 025/100] Acc=56.970 | RoundTime=24.13s | TotalTime=645.35s | Method=fedcda
[Round 026/100] Acc=43.540 | RoundTime=24.60s | TotalTime=669.95s | Method=fedcda
[Round 027/100] Acc=56.300 | RoundTime=25.07s | TotalTime=695.02s | Method=fedcda
[Round 028/100] Acc=54.220 | RoundTime=25.21s | TotalTime=720.23s | Method=fedcda
[Round 029/100] Acc=53.850 | RoundTime=24.71s | TotalTime=744.94s | Method=fedcda
[Round 030/100] Acc=55.230 | RoundTime=24.31s | TotalTime=769.25s | Method=fedcda
[Round 031/100] Acc=42.910 | RoundTime=24.28s | TotalTime=793.53s | Method=fedcda
[Round 032/100] Acc=43.790 | RoundTime=23.77s | TotalTime=817.30s | Method=fedcda
[Round 033/100] Acc=54.080 | RoundTime=24.02s | TotalTime=841.32s | Method=fedcda
[Round 034/100] Acc=62.060 | RoundTime=24.24s | TotalTime=865.56s | Method=fedcda
[Round 035/100] Acc=53.390 | RoundTime=24.46s | TotalTime=890.02s | Method=fedcda
[Round 036/100] Acc=61.090 | RoundTime=24.13s | TotalTime=914.15s | Method=fedcda
[Round 037/100] Acc=50.890 | RoundTime=25.68s | TotalTime=939.83s | Method=fedcda
[Round 038/100] Acc=57.770 | RoundTime=24.59s | TotalTime=964.41s | Method=fedcda
[Round 039/100] Acc=52.820 | RoundTime=24.16s | TotalTime=988.58s | Method=fedcda
[Round 040/100] Acc=60.230 | RoundTime=25.03s | TotalTime=1013.60s | Method=fedcda
[Round 041/100] Acc=61.230 | RoundTime=25.12s | TotalTime=1038.72s | Method=fedcda
[Round 042/100] Acc=61.250 | RoundTime=24.82s | TotalTime=1063.54s | Method=fedcda
[Round 043/100] Acc=59.530 | RoundTime=24.52s | TotalTime=1088.06s | Method=fedcda
[Round 044/100] Acc=56.600 | RoundTime=25.37s | TotalTime=1113.44s | Method=fedcda
[Round 045/100] Acc=61.020 | RoundTime=24.04s | TotalTime=1137.48s | Method=fedcda
[Round 046/100] Acc=51.340 | RoundTime=24.57s | TotalTime=1162.05s | Method=fedcda
[Round 047/100] Acc=58.680 | RoundTime=24.97s | TotalTime=1187.02s | Method=fedcda
[Round 048/100] Acc=61.180 | RoundTime=24.04s | TotalTime=1211.06s | Method=fedcda
[Round 049/100] Acc=51.560 | RoundTime=24.10s | TotalTime=1235.16s | Method=fedcda
[Round 050/100] Acc=57.590 | RoundTime=24.27s | TotalTime=1259.43s | Method=fedcda
[Round 051/100] Acc=57.830 | RoundTime=36.52s | TotalTime=1295.95s | Method=fedcda
[Round 052/100] Acc=57.950 | RoundTime=33.16s | TotalTime=1329.11s | Method=fedcda
[Round 053/100] Acc=57.550 | RoundTime=33.29s | TotalTime=1362.40s | Method=fedcda
[Round 054/100] Acc=57.860 | RoundTime=33.28s | TotalTime=1395.67s | Method=fedcda
[Round 055/100] Acc=57.850 | RoundTime=33.23s | TotalTime=1428.91s | Method=fedcda
[Round 056/100] Acc=58.190 | RoundTime=33.09s | TotalTime=1462.00s | Method=fedcda
[Round 057/100] Acc=58.000 | RoundTime=33.08s | TotalTime=1495.08s | Method=fedcda
[Round 058/100] Acc=58.040 | RoundTime=33.06s | TotalTime=1528.14s | Method=fedcda
[Round 059/100] Acc=58.010 | RoundTime=32.85s | TotalTime=1560.98s | Method=fedcda
[Round 060/100] Acc=58.080 | RoundTime=32.65s | TotalTime=1593.63s | Method=fedcda
[Round 061/100] Acc=53.330 | RoundTime=33.00s | TotalTime=1626.63s | Method=fedcda
[Round 062/100] Acc=53.610 | RoundTime=33.88s | TotalTime=1660.51s | Method=fedcda
[Round 063/100] Acc=53.790 | RoundTime=33.18s | TotalTime=1693.69s | Method=fedcda
[Round 064/100] Acc=53.760 | RoundTime=33.34s | TotalTime=1727.03s | Method=fedcda
[Round 065/100] Acc=53.750 | RoundTime=33.42s | TotalTime=1760.45s | Method=fedcda
[Round 066/100] Acc=53.460 | RoundTime=33.19s | TotalTime=1793.64s | Method=fedcda
[Round 067/100] Acc=53.710 | RoundTime=33.17s | TotalTime=1826.81s | Method=fedcda
[Round 068/100] Acc=53.870 | RoundTime=33.40s | TotalTime=1860.21s | Method=fedcda
[Round 069/100] Acc=53.620 | RoundTime=33.66s | TotalTime=1893.87s | Method=fedcda
[Round 070/100] Acc=53.840 | RoundTime=33.04s | TotalTime=1926.91s | Method=fedcda
[Round 071/100] Acc=53.870 | RoundTime=35.18s | TotalTime=1962.09s | Method=fedcda
[Round 072/100] Acc=53.970 | RoundTime=33.64s | TotalTime=1995.73s | Method=fedcda
[Round 073/100] Acc=53.630 | RoundTime=33.43s | TotalTime=2029.15s | Method=fedcda
[Round 074/100] Acc=53.860 | RoundTime=33.99s | TotalTime=2063.14s | Method=fedcda
[Round 075/100] Acc=53.930 | RoundTime=33.68s | TotalTime=2096.83s | Method=fedcda
[Round 076/100] Acc=53.890 | RoundTime=33.49s | TotalTime=2130.32s | Method=fedcda
[Round 077/100] Acc=53.630 | RoundTime=33.48s | TotalTime=2163.80s | Method=fedcda
[Round 078/100] Acc=53.800 | RoundTime=33.26s | TotalTime=2197.06s | Method=fedcda
[Round 079/100] Acc=53.800 | RoundTime=33.27s | TotalTime=2230.33s | Method=fedcda
[Round 080/100] Acc=54.070 | RoundTime=33.18s | TotalTime=2263.50s | Method=fedcda
[Round 081/100] Acc=53.760 | RoundTime=33.15s | TotalTime=2296.65s | Method=fedcda
[Round 082/100] Acc=53.760 | RoundTime=35.66s | TotalTime=2332.31s | Method=fedcda
[Round 083/100] Acc=58.490 | RoundTime=33.19s | TotalTime=2365.51s | Method=fedcda
[Round 084/100] Acc=58.720 | RoundTime=33.90s | TotalTime=2399.40s | Method=fedcda
[Round 085/100] Acc=58.710 | RoundTime=33.39s | TotalTime=2432.79s | Method=fedcda
[Round 086/100] Acc=58.620 | RoundTime=33.68s | TotalTime=2466.47s | Method=fedcda
[Round 087/100] Acc=58.710 | RoundTime=33.04s | TotalTime=2499.51s | Method=fedcda
[Round 088/100] Acc=58.540 | RoundTime=33.64s | TotalTime=2533.16s | Method=fedcda
[Round 089/100] Acc=58.710 | RoundTime=33.04s | TotalTime=2566.19s | Method=fedcda
[Round 090/100] Acc=58.730 | RoundTime=35.00s | TotalTime=2601.20s | Method=fedcda
[Round 091/100] Acc=58.770 | RoundTime=33.11s | TotalTime=2634.31s | Method=fedcda
[Round 092/100] Acc=58.490 | RoundTime=33.16s | TotalTime=2667.47s | Method=fedcda
[Round 093/100] Acc=58.440 | RoundTime=33.11s | TotalTime=2700.58s | Method=fedcda
[Round 094/100] Acc=58.580 | RoundTime=33.06s | TotalTime=2733.65s | Method=fedcda
[Round 095/100] Acc=58.690 | RoundTime=33.50s | TotalTime=2767.14s | Method=fedcda
[Round 096/100] Acc=58.560 | RoundTime=33.22s | TotalTime=2800.36s | Method=fedcda
[Round 097/100] Acc=58.380 | RoundTime=33.38s | TotalTime=2833.74s | Method=fedcda
[Round 098/100] Acc=58.530 | RoundTime=33.12s | TotalTime=2866.87s | Method=fedcda
[Round 099/100] Acc=58.500 | RoundTime=33.93s | TotalTime=2900.80s | Method=fedcda
[Round 100/100] Acc=58.620 | RoundTime=33.29s | TotalTime=2934.09s | Method=fedcda
====================================================================================================
Training finished at: 2026-04-01 00:13:25
Total elapsed time: 2934.09s
Final Acc: 58.620
Best Acc : 62.060
====================================================================================================
