fedcda_100_fl_cifar10_pm-dirichlet_alpha-0.1_nm-uniform_nr-0.1_0.1_100_10
mean: 500.0
std: 0.0
Data statistics: {0: {0: 79, 1: 3, 2: 5, 3: 5, 4: 6, 5: 106, 6: 55, 7: 10, 8: 9, 9: 222}, 1: {0: 3, 1: 3, 2: 6, 3: 6, 4: 450, 5: 7, 6: 6, 7: 5, 8: 8, 9: 6}, 2: {0: 5, 1: 305, 2: 153, 3: 4, 4: 4, 5: 5, 6: 5, 7: 5, 8: 8, 9: 6}, 3: {0: 9, 1: 4, 2: 56, 3: 6, 4: 125, 5: 42, 6: 4, 7: 36, 8: 214, 9: 4}, 4: {0: 9, 1: 30, 2: 5, 3: 4, 4: 2, 5: 8, 6: 9, 7: 422, 8: 6, 9: 5}, 5: {0: 135, 1: 322, 2: 4, 3: 5, 4: 5, 5: 6, 6: 6, 7: 3, 8: 5, 9: 9}, 6: {0: 5, 1: 47, 2: 5, 3: 34, 4: 139, 5: 246, 6: 6, 7: 5, 8: 6, 9: 7}, 7: {0: 8, 1: 114, 2: 6, 3: 17, 4: 8, 5: 65, 6: 10, 7: 10, 8: 260, 9: 2}, 8: {0: 33, 1: 25, 2: 4, 3: 193, 4: 19, 5: 205, 6: 4, 7: 4, 8: 9, 9: 4}, 9: {0: 101, 1: 53, 2: 9, 3: 13, 4: 7, 5: 7, 6: 4, 7: 296, 8: 5, 9: 5}, 10: {0: 5, 1: 6, 2: 6, 3: 4, 4: 3, 5: 450, 6: 7, 7: 1, 8: 9, 9: 9}, 11: {0: 94, 1: 187, 2: 84, 3: 5, 4: 83, 5: 14, 6: 6, 7: 18, 8: 2, 9: 7}, 12: {0: 13, 1: 3, 2: 234, 3: 9, 4: 9, 5: 10, 6: 5, 7: 2, 8: 6, 9: 209}, 13: {0: 7, 1: 9, 2: 7, 3: 446, 4: 6, 5: 8, 6: 3, 7: 3, 8: 4, 9: 7}, 14: {0: 12, 1: 15, 2: 435, 3: 5, 4: 5, 5: 5, 6: 8, 7: 4, 8: 3, 9: 8}, 15: {0: 48, 1: 7, 2: 65, 3: 4, 4: 4, 5: 190, 6: 12, 7: 162, 8: 6, 9: 2}, 16: {0: 4, 1: 6, 2: 6, 3: 8, 4: 25, 5: 15, 6: 104, 7: 15, 8: 311, 9: 6}, 17: {0: 6, 1: 180, 2: 276, 3: 6, 4: 3, 5: 5, 6: 10, 7: 3, 8: 5, 9: 6}, 18: {0: 3, 1: 6, 2: 76, 3: 380, 4: 7, 5: 4, 6: 3, 7: 8, 8: 5, 9: 8}, 19: {0: 9, 1: 4, 2: 125, 3: 114, 4: 5, 5: 191, 6: 12, 7: 7, 8: 3, 9: 30}, 20: {0: 5, 1: 3, 2: 4, 3: 5, 4: 222, 5: 27, 6: 21, 7: 33, 8: 176, 9: 4}, 21: {0: 7, 1: 276, 2: 8, 3: 4, 4: 179, 5: 5, 6: 3, 7: 7, 8: 9, 9: 2}, 22: {0: 3, 1: 9, 2: 3, 3: 5, 4: 10, 5: 33, 6: 8, 7: 4, 8: 216, 9: 209}, 23: {0: 5, 1: 2, 2: 11, 3: 6, 4: 444, 5: 5, 6: 9, 7: 9, 8: 2, 9: 7}, 24: {0: 8, 1: 8, 2: 9, 3: 2, 4: 151, 5: 4, 6: 9, 7: 7, 8: 5, 9: 297}, 25: {0: 5, 1: 10, 2: 70, 3: 7, 4: 7, 5: 171, 6: 5, 7: 4, 8: 110, 9: 111}, 26: {0: 4, 1: 3, 2: 24, 3: 6, 4: 1, 5: 7, 6: 86, 7: 356, 8: 6, 9: 7}, 27: {0: 87, 1: 151, 2: 7, 3: 4, 4: 8, 5: 6, 6: 220, 7: 5, 8: 6, 9: 6}, 28: {0: 25, 1: 6, 2: 53, 3: 17, 4: 206, 5: 106, 6: 68, 7: 5, 8: 6, 9: 8}, 29: {0: 3, 1: 9, 2: 5, 3: 9, 4: 139, 5: 7, 6: 8, 7: 298, 8: 17, 9: 5}, 30: {0: 109, 1: 4, 2: 3, 3: 8, 4: 4, 5: 13, 6: 6, 7: 8, 8: 340, 9: 5}, 31: {0: 16, 1: 15, 2: 265, 3: 38, 4: 8, 5: 8, 6: 17, 7: 22, 8: 5, 9: 106}, 32: {0: 8, 1: 17, 2: 13, 3: 6, 4: 2, 5: 4, 6: 7, 7: 24, 8: 410, 9: 9}, 33: {0: 4, 1: 6, 2: 3, 3: 365, 4: 42, 5: 27, 6: 8, 7: 32, 8: 5, 9: 8}, 34: {0: 3, 1: 9, 2: 21, 3: 8, 4: 7, 5: 11, 6: 430, 7: 7, 8: 1, 9: 3}, 35: {0: 450, 1: 4, 2: 5, 3: 5, 4: 9, 5: 4, 6: 3, 7: 11, 8: 4, 9: 5}, 36: {0: 263, 1: 9, 2: 2, 3: 5, 4: 7, 5: 195, 6: 5, 7: 9, 8: 2, 9: 3}, 37: {0: 5, 1: 5, 2: 21, 3: 263, 4: 13, 5: 173, 6: 10, 7: 4, 8: 4, 9: 2}, 38: {0: 450, 1: 8, 2: 8, 3: 5, 4: 7, 5: 5, 6: 10, 7: 3, 8: 1, 9: 3}, 39: {0: 138, 1: 32, 2: 9, 3: 291, 4: 4, 5: 6, 6: 3, 7: 3, 8: 6, 9: 8}, 40: {0: 450, 1: 6, 2: 9, 3: 4, 4: 9, 5: 5, 6: 7, 7: 5, 8: 2, 9: 3}, 41: {0: 295, 1: 4, 2: 2, 3: 11, 4: 57, 5: 7, 6: 7, 7: 2, 8: 5, 9: 110}, 42: {0: 4, 1: 6, 2: 4, 3: 21, 4: 7, 5: 39, 6: 393, 7: 9, 8: 4, 9: 13}, 43: {0: 11, 1: 213, 2: 14, 3: 165, 4: 20, 5: 7, 6: 5, 7: 6, 8: 55, 9: 4}, 44: {0: 44, 1: 9, 2: 3, 3: 3, 4: 5, 5: 5, 6: 8, 7: 362, 8: 7, 9: 54}, 45: {0: 5, 1: 4, 2: 7, 3: 261, 4: 43, 5: 50, 6: 10, 7: 79, 8: 38, 9: 3}, 46: {0: 4, 1: 37, 2: 91, 3: 6, 4: 5, 5: 7, 6: 5, 7: 332, 8: 9, 9: 4}, 47: {0: 4, 1: 212, 2: 71, 3: 43, 4: 21, 5: 17, 6: 6, 7: 98, 8: 4, 9: 24}, 48: {0: 5, 1: 5, 2: 108, 3: 5, 4: 3, 5: 84, 6: 3, 7: 42, 8: 240, 9: 5}, 49: {0: 6, 1: 32, 2: 7, 3: 223, 4: 8, 5: 6, 6: 18, 7: 191, 8: 5, 9: 4}, 50: {0: 7, 1: 24, 2: 6, 3: 19, 4: 5, 5: 7, 6: 6, 7: 8, 8: 2, 9: 416}, 51: {0: 10, 1: 2, 2: 4, 3: 15, 4: 3, 5: 8, 6: 443, 7: 4, 8: 7, 9: 4}, 52: {0: 6, 1: 6, 2: 19, 3: 9, 4: 49, 5: 393, 6: 4, 7: 3, 8: 5, 9: 6}, 53: {0: 4, 1: 133, 2: 9, 3: 10, 4: 3, 5: 315, 6: 8, 7: 6, 8: 8, 9: 4}, 54: {0: 90, 1: 5, 2: 6, 3: 7, 4: 101, 5: 4, 6: 232, 7: 48, 8: 2, 9: 5}, 55: {0: 45, 1: 9, 2: 255, 3: 3, 4: 7, 5: 3, 6: 3, 7: 8, 8: 19, 9: 148}, 56: {0: 153, 1: 81, 2: 39, 3: 6, 4: 124, 5: 4, 6: 21, 7: 29, 8: 5, 9: 38}, 57: {0: 7, 1: 10, 2: 4, 3: 2, 4: 4, 5: 26, 6: 3, 7: 12, 8: 427, 9: 5}, 58: {0: 7, 1: 116, 2: 5, 3: 339, 4: 7, 5: 4, 6: 9, 7: 5, 8: 5, 9: 3}, 59: {0: 6, 1: 14, 2: 12, 3: 6, 4: 2, 5: 4, 6: 70, 7: 5, 8: 375, 9: 6}, 60: {0: 5, 1: 7, 2: 144, 3: 5, 4: 13, 5: 25, 6: 5, 7: 5, 8: 286, 9: 5}, 61: {0: 9, 1: 5, 2: 7, 3: 2, 4: 4, 5: 325, 6: 8, 7: 11, 8: 9, 9: 120}, 62: {0: 24, 1: 248, 2: 2, 3: 6, 4: 2, 5: 7, 6: 187, 7: 8, 8: 7, 9: 9}, 63: {0: 2, 1: 4, 2: 12, 3: 5, 4: 34, 5: 4, 6: 10, 7: 22, 8: 158, 9: 249}, 64: {0: 7, 1: 3, 2: 2, 3: 8, 4: 8, 5: 6, 6: 450, 7: 4, 8: 4, 9: 8}, 65: {0: 3, 1: 450, 2: 7, 3: 3, 4: 7, 5: 3, 6: 8, 7: 6, 8: 9, 9: 4}, 66: {0: 26, 1: 28, 2: 22, 3: 5, 4: 9, 5: 8, 6: 18, 7: 21, 8: 6, 9: 357}, 67: {0: 30, 1: 17, 2: 416, 3: 5, 4: 6, 5: 3, 6: 9, 7: 3, 8: 3, 9: 8}, 68: {0: 4, 1: 9, 2: 6, 3: 20, 4: 268, 5: 2, 6: 35, 7: 20, 8: 5, 9: 131}, 69: {0: 4, 1: 64, 2: 2, 3: 9, 4: 94, 5: 3, 6: 5, 7: 12, 8: 3, 9: 304}, 70: {0: 450, 1: 2, 2: 9, 3: 6, 4: 6, 5: 7, 6: 3, 7: 8, 8: 8, 9: 1}, 71: {0: 1, 1: 8, 2: 5, 3: 44, 4: 3, 5: 6, 6: 411, 7: 9, 8: 8, 9: 5}, 72: {0: 3, 1: 7, 2: 42, 3: 12, 4: 3, 5: 35, 6: 12, 7: 233, 8: 7, 9: 146}, 73: {0: 9, 1: 5, 2: 135, 3: 2, 4: 30, 5: 106, 6: 49, 7: 15, 8: 11, 9: 138}, 74: {0: 42, 1: 60, 2: 7, 3: 43, 4: 90, 5: 16, 6: 6, 7: 225, 8: 7, 9: 4}, 75: {0: 6, 1: 34, 2: 140, 3: 5, 4: 5, 5: 287, 6: 8, 7: 4, 8: 8, 9: 3}, 76: {0: 5, 1: 5, 2: 364, 3: 90, 4: 10, 5: 5, 6: 7, 7: 4, 8: 6, 9: 4}, 77: {0: 113, 1: 9, 2: 85, 3: 6, 4: 257, 5: 6, 6: 9, 7: 5, 8: 5, 9: 5}, 78: {0: 8, 1: 8, 2: 5, 3: 102, 4: 352, 5: 9, 6: 3, 7: 1, 8: 9, 9: 3}, 79: {0: 5, 1: 8, 2: 8, 3: 2, 4: 10, 5: 49, 6: 100, 7: 306, 8: 8, 9: 4}, 80: {0: 74, 1: 6, 2: 7, 3: 111, 4: 8, 5: 203, 6: 76, 7: 4, 8: 6, 9: 5}, 81: {0: 5, 1: 146, 2: 7, 3: 224, 4: 52, 5: 38, 6: 5, 7: 6, 8: 9, 9: 8}, 82: {0: 5, 1: 8, 2: 57, 3: 6, 4: 6, 5: 9, 6: 7, 7: 24, 8: 25, 9: 353}, 83: {0: 5, 1: 8, 2: 3, 3: 19, 4: 159, 5: 30, 6: 3, 7: 7, 8: 260, 9: 6}, 84: {0: 201, 1: 9, 2: 34, 3: 4, 4: 4, 5: 64, 6: 10, 7: 7, 8: 166, 9: 1}, 85: {0: 282, 1: 40, 2: 7, 3: 4, 4: 8, 5: 6, 6: 140, 7: 2, 8: 5, 9: 6}, 86: {0: 4, 1: 3, 2: 121, 3: 6, 4: 10, 5: 3, 6: 7, 7: 93, 8: 26, 9: 227}, 87: {0: 7, 1: 121, 2: 336, 3: 5, 4: 4, 5: 4, 6: 6, 7: 7, 8: 6, 9: 4}, 88: {0: 7, 1: 4, 2: 5, 3: 6, 4: 8, 5: 7, 6: 7, 7: 14, 8: 434, 9: 8}, 89: {0: 3, 1: 5, 2: 8, 3: 7, 4: 16, 5: 10, 6: 7, 7: 432, 8: 6, 9: 6}, 90: {0: 9, 1: 5, 2: 7, 3: 8, 4: 42, 5: 3, 6: 55, 7: 317, 8: 10, 9: 44}, 91: {0: 5, 1: 8, 2: 23, 3: 6, 4: 248, 5: 9, 6: 4, 7: 6, 8: 5, 9: 186}, 92: {0: 92, 1: 5, 2: 5, 3: 366, 4: 8, 5: 3, 6: 9, 7: 2, 8: 7, 9: 3}, 93: {0: 3, 1: 306, 2: 17, 3: 33, 4: 6, 5: 109, 6: 7, 7: 8, 8: 4, 9: 7}, 94: {0: 9, 1: 5, 2: 8, 3: 268, 4: 3, 5: 2, 6: 184, 7: 8, 8: 3, 9: 10}, 95: {0: 8, 1: 4, 2: 3, 3: 11, 4: 65, 5: 2, 6: 4, 7: 9, 8: 20, 9: 374}, 96: {0: 128, 1: 40, 2: 64, 3: 5, 4: 240, 5: 4, 6: 8, 7: 2, 8: 5, 9: 4}, 97: {0: 7, 1: 9, 2: 50, 3: 6, 4: 6, 5: 4, 6: 402, 7: 6, 8: 6, 9: 4}, 98: {0: 8, 1: 448, 2: 8, 3: 1, 4: 7, 5: 5, 6: 7, 7: 8, 8: 3, 9: 5}, 99: {0: 3, 1: 6, 2: 62, 3: 5, 4: 8, 5: 114, 6: 286, 7: 4, 8: 5, 9: 7}}
====================================================================================================
Training started at: 2026-03-30 02:22:31
Result directory: results/fl_cifar10/fedcda/pm-dir_a-0.1_nm-uni_nr-0.1_nt-symmetric_st-least_sim_dr-0.55
Result txt file : results/fl_cifar10/fedcda/pm-dir_a-0.1_nm-uni_nr-0.1_nt-symmetric_st-least_sim_dr-0.55/fedcda_fl_cifar10_20260330-022231-787801_pid1870155.txt
Result log file : results/fl_cifar10/fedcda/pm-dir_a-0.1_nm-uni_nr-0.1_nt-symmetric_st-least_sim_dr-0.55/fedcda_fl_cifar10_20260330-022231-787801_pid1870155.log
----------------------------------------------------------------------------------------------------
Model: fedcda
Dataset: fl_cifar10
Structure: homogeneity
Participants: 100
Online ratio: 0.1
Communication epochs: 100
Local epoch: 10
Local batch size: 60
Local lr: 0.01
Partition mode: dirichlet
Dirichlet alpha: 0.1
Noise mode: uniform
Noise rate: 0.1
Noise type: symmetric
Noise max: 0.3
Denoise score alpha: 0.5
Drop rate: 0.55
Denoise strategy: least_sim
FedProx mu: 0.01
FedRDN std: 0.01
FedCDA history size: NA
FedGLoSS beta: 0.01
Averaging: weight
Seed: 0
====================================================================================================
[Round 001/100] Acc=10.000 | RoundTime=26.60s | TotalTime=26.60s | Method=fedcda
[Round 002/100] Acc=17.800 | RoundTime=26.73s | TotalTime=53.33s | Method=fedcda
[Round 003/100] Acc=14.510 | RoundTime=27.29s | TotalTime=80.63s | Method=fedcda
[Round 004/100] Acc=21.260 | RoundTime=27.48s | TotalTime=108.10s | Method=fedcda
[Round 005/100] Acc=19.540 | RoundTime=27.97s | TotalTime=136.07s | Method=fedcda
[Round 006/100] Acc=17.700 | RoundTime=29.18s | TotalTime=165.25s | Method=fedcda
[Round 007/100] Acc=24.880 | RoundTime=27.44s | TotalTime=192.69s | Method=fedcda
[Round 008/100] Acc=21.040 | RoundTime=26.85s | TotalTime=219.54s | Method=fedcda
[Round 009/100] Acc=23.520 | RoundTime=28.14s | TotalTime=247.68s | Method=fedcda
[Round 010/100] Acc=24.250 | RoundTime=27.45s | TotalTime=275.13s | Method=fedcda
[Round 011/100] Acc=23.300 | RoundTime=27.65s | TotalTime=302.78s | Method=fedcda
[Round 012/100] Acc=32.330 | RoundTime=24.70s | TotalTime=327.47s | Method=fedcda
[Round 013/100] Acc=31.790 | RoundTime=21.60s | TotalTime=349.07s | Method=fedcda
[Round 014/100] Acc=31.520 | RoundTime=21.99s | TotalTime=371.07s | Method=fedcda
[Round 015/100] Acc=29.660 | RoundTime=21.69s | TotalTime=392.75s | Method=fedcda
[Round 016/100] Acc=31.750 | RoundTime=21.66s | TotalTime=414.42s | Method=fedcda
[Round 017/100] Acc=36.990 | RoundTime=21.59s | TotalTime=436.00s | Method=fedcda
[Round 018/100] Acc=35.170 | RoundTime=21.49s | TotalTime=457.50s | Method=fedcda
[Round 019/100] Acc=35.260 | RoundTime=21.73s | TotalTime=479.23s | Method=fedcda
[Round 020/100] Acc=35.060 | RoundTime=21.55s | TotalTime=500.78s | Method=fedcda
[Round 021/100] Acc=36.020 | RoundTime=21.73s | TotalTime=522.51s | Method=fedcda
[Round 022/100] Acc=29.480 | RoundTime=22.02s | TotalTime=544.53s | Method=fedcda
[Round 023/100] Acc=23.140 | RoundTime=21.99s | TotalTime=566.52s | Method=fedcda
[Round 024/100] Acc=35.770 | RoundTime=23.61s | TotalTime=590.13s | Method=fedcda
[Round 025/100] Acc=27.280 | RoundTime=21.60s | TotalTime=611.73s | Method=fedcda
[Round 026/100] Acc=32.350 | RoundTime=21.66s | TotalTime=633.39s | Method=fedcda
[Round 027/100] Acc=32.790 | RoundTime=21.50s | TotalTime=654.89s | Method=fedcda
[Round 028/100] Acc=33.800 | RoundTime=21.43s | TotalTime=676.32s | Method=fedcda
[Round 029/100] Acc=16.630 | RoundTime=21.80s | TotalTime=698.12s | Method=fedcda
[Round 030/100] Acc=22.930 | RoundTime=21.92s | TotalTime=720.04s | Method=fedcda
[Round 031/100] Acc=33.440 | RoundTime=21.90s | TotalTime=741.93s | Method=fedcda
[Round 032/100] Acc=26.270 | RoundTime=21.99s | TotalTime=763.93s | Method=fedcda
[Round 033/100] Acc=29.040 | RoundTime=22.22s | TotalTime=786.14s | Method=fedcda
[Round 034/100] Acc=33.680 | RoundTime=21.79s | TotalTime=807.93s | Method=fedcda
[Round 035/100] Acc=36.460 | RoundTime=22.10s | TotalTime=830.04s | Method=fedcda
[Round 036/100] Acc=29.530 | RoundTime=22.20s | TotalTime=852.24s | Method=fedcda
[Round 037/100] Acc=43.830 | RoundTime=24.63s | TotalTime=876.86s | Method=fedcda
[Round 038/100] Acc=25.690 | RoundTime=22.12s | TotalTime=898.99s | Method=fedcda
[Round 039/100] Acc=25.700 | RoundTime=21.97s | TotalTime=920.96s | Method=fedcda
[Round 040/100] Acc=35.150 | RoundTime=21.70s | TotalTime=942.65s | Method=fedcda
[Round 041/100] Acc=28.720 | RoundTime=21.83s | TotalTime=964.48s | Method=fedcda
[Round 042/100] Acc=33.970 | RoundTime=22.05s | TotalTime=986.54s | Method=fedcda
[Round 043/100] Acc=40.350 | RoundTime=21.81s | TotalTime=1008.35s | Method=fedcda
[Round 044/100] Acc=27.230 | RoundTime=22.05s | TotalTime=1030.40s | Method=fedcda
[Round 045/100] Acc=33.310 | RoundTime=22.36s | TotalTime=1052.76s | Method=fedcda
[Round 046/100] Acc=29.610 | RoundTime=21.84s | TotalTime=1074.61s | Method=fedcda
[Round 047/100] Acc=35.840 | RoundTime=22.12s | TotalTime=1096.73s | Method=fedcda
[Round 048/100] Acc=33.360 | RoundTime=22.05s | TotalTime=1118.78s | Method=fedcda
[Round 049/100] Acc=33.000 | RoundTime=22.22s | TotalTime=1140.99s | Method=fedcda
[Round 050/100] Acc=20.070 | RoundTime=24.16s | TotalTime=1165.15s | Method=fedcda
[Round 051/100] Acc=19.950 | RoundTime=33.02s | TotalTime=1198.17s | Method=fedcda
[Round 052/100] Acc=19.110 | RoundTime=32.28s | TotalTime=1230.44s | Method=fedcda
[Round 053/100] Acc=18.900 | RoundTime=32.82s | TotalTime=1263.26s | Method=fedcda
[Round 054/100] Acc=18.460 | RoundTime=32.94s | TotalTime=1296.20s | Method=fedcda
[Round 055/100] Acc=18.270 | RoundTime=33.79s | TotalTime=1329.99s | Method=fedcda
[Round 056/100] Acc=18.210 | RoundTime=33.09s | TotalTime=1363.08s | Method=fedcda
[Round 057/100] Acc=41.020 | RoundTime=33.18s | TotalTime=1396.27s | Method=fedcda
[Round 058/100] Acc=40.280 | RoundTime=33.14s | TotalTime=1429.41s | Method=fedcda
[Round 059/100] Acc=40.550 | RoundTime=33.83s | TotalTime=1463.24s | Method=fedcda
[Round 060/100] Acc=40.280 | RoundTime=33.16s | TotalTime=1496.40s | Method=fedcda
[Round 061/100] Acc=38.460 | RoundTime=33.33s | TotalTime=1529.73s | Method=fedcda
[Round 062/100] Acc=37.900 | RoundTime=33.07s | TotalTime=1562.80s | Method=fedcda
[Round 063/100] Acc=36.570 | RoundTime=32.99s | TotalTime=1595.79s | Method=fedcda
[Round 064/100] Acc=36.910 | RoundTime=32.85s | TotalTime=1628.63s | Method=fedcda
[Round 065/100] Acc=37.590 | RoundTime=32.99s | TotalTime=1661.62s | Method=fedcda
[Round 066/100] Acc=37.740 | RoundTime=33.13s | TotalTime=1694.76s | Method=fedcda
[Round 067/100] Acc=37.400 | RoundTime=32.87s | TotalTime=1727.63s | Method=fedcda
[Round 068/100] Acc=37.670 | RoundTime=33.13s | TotalTime=1760.76s | Method=fedcda
[Round 069/100] Acc=37.300 | RoundTime=33.12s | TotalTime=1793.87s | Method=fedcda
[Round 070/100] Acc=36.990 | RoundTime=35.13s | TotalTime=1829.01s | Method=fedcda
[Round 071/100] Acc=36.900 | RoundTime=33.59s | TotalTime=1862.60s | Method=fedcda
[Round 072/100] Acc=36.920 | RoundTime=33.24s | TotalTime=1895.84s | Method=fedcda
[Round 073/100] Acc=37.040 | RoundTime=33.41s | TotalTime=1929.25s | Method=fedcda
[Round 074/100] Acc=36.470 | RoundTime=33.56s | TotalTime=1962.81s | Method=fedcda
[Round 075/100] Acc=36.580 | RoundTime=33.44s | TotalTime=1996.25s | Method=fedcda
[Round 076/100] Acc=36.480 | RoundTime=33.62s | TotalTime=2029.88s | Method=fedcda
[Round 077/100] Acc=36.590 | RoundTime=33.63s | TotalTime=2063.50s | Method=fedcda
[Round 078/100] Acc=36.010 | RoundTime=36.47s | TotalTime=2099.97s | Method=fedcda
[Round 079/100] Acc=35.730 | RoundTime=33.58s | TotalTime=2133.55s | Method=fedcda
[Round 080/100] Acc=35.560 | RoundTime=33.29s | TotalTime=2166.85s | Method=fedcda
[Round 081/100] Acc=35.140 | RoundTime=34.05s | TotalTime=2200.90s | Method=fedcda
[Round 082/100] Acc=43.050 | RoundTime=33.23s | TotalTime=2234.14s | Method=fedcda
[Round 083/100] Acc=43.090 | RoundTime=33.62s | TotalTime=2267.76s | Method=fedcda
[Round 084/100] Acc=36.590 | RoundTime=33.44s | TotalTime=2301.20s | Method=fedcda
[Round 085/100] Acc=36.410 | RoundTime=33.42s | TotalTime=2334.62s | Method=fedcda
[Round 086/100] Acc=36.320 | RoundTime=35.52s | TotalTime=2370.15s | Method=fedcda
[Round 087/100] Acc=36.220 | RoundTime=33.54s | TotalTime=2403.68s | Method=fedcda
[Round 088/100] Acc=36.010 | RoundTime=33.83s | TotalTime=2437.51s | Method=fedcda
[Round 089/100] Acc=36.240 | RoundTime=34.43s | TotalTime=2471.94s | Method=fedcda
[Round 090/100] Acc=36.330 | RoundTime=33.81s | TotalTime=2505.76s | Method=fedcda
[Round 091/100] Acc=36.310 | RoundTime=33.36s | TotalTime=2539.12s | Method=fedcda
[Round 092/100] Acc=36.340 | RoundTime=34.86s | TotalTime=2573.98s | Method=fedcda
[Round 093/100] Acc=36.100 | RoundTime=34.55s | TotalTime=2608.53s | Method=fedcda
[Round 094/100] Acc=36.370 | RoundTime=34.22s | TotalTime=2642.75s | Method=fedcda
[Round 095/100] Acc=36.450 | RoundTime=34.11s | TotalTime=2676.85s | Method=fedcda
[Round 096/100] Acc=36.410 | RoundTime=34.01s | TotalTime=2710.87s | Method=fedcda
[Round 097/100] Acc=36.270 | RoundTime=33.56s | TotalTime=2744.43s | Method=fedcda
[Round 098/100] Acc=36.610 | RoundTime=33.05s | TotalTime=2777.48s | Method=fedcda
[Round 099/100] Acc=36.480 | RoundTime=33.28s | TotalTime=2810.76s | Method=fedcda
[Round 100/100] Acc=36.490 | RoundTime=33.47s | TotalTime=2844.23s | Method=fedcda
====================================================================================================
Training finished at: 2026-03-30 03:09:56
Total elapsed time: 2844.23s
Final Acc: 36.490
Best Acc : 43.830
====================================================================================================
