fedcda_100_fl_cifar10_pm-dirichlet_alpha-0.1_nm-uniform_nr-0.3_0.1_100_10
mean: 500.0
std: 0.0
Data statistics: {0: {0: 73, 1: 12, 2: 11, 3: 15, 4: 21, 5: 93, 6: 49, 7: 17, 8: 19, 9: 190}, 1: {0: 21, 1: 16, 2: 11, 3: 18, 4: 350, 5: 14, 6: 19, 7: 19, 8: 13, 9: 19}, 2: {0: 19, 1: 244, 2: 120, 3: 17, 4: 14, 5: 20, 6: 14, 7: 18, 8: 18, 9: 16}, 3: {0: 18, 1: 12, 2: 59, 3: 15, 4: 97, 5: 50, 6: 9, 7: 37, 8: 188, 9: 15}, 4: {0: 25, 1: 35, 2: 15, 3: 9, 4: 20, 5: 18, 6: 12, 7: 327, 8: 16, 9: 23}, 5: {0: 110, 1: 258, 2: 13, 3: 19, 4: 21, 5: 11, 6: 16, 7: 20, 8: 16, 9: 16}, 6: {0: 13, 1: 57, 2: 23, 3: 36, 4: 114, 5: 193, 6: 14, 7: 18, 8: 19, 9: 13}, 7: {0: 14, 1: 100, 2: 16, 3: 32, 4: 29, 5: 53, 6: 12, 7: 15, 8: 211, 9: 18}, 8: {0: 36, 1: 25, 2: 14, 3: 161, 4: 28, 5: 163, 6: 17, 7: 18, 8: 21, 9: 17}, 9: {0: 79, 1: 56, 2: 14, 3: 18, 4: 17, 5: 19, 6: 19, 7: 239, 8: 19, 9: 20}, 10: {0: 15, 1: 18, 2: 15, 3: 19, 4: 15, 5: 350, 6: 18, 7: 14, 8: 14, 9: 22}, 11: {0: 74, 1: 148, 2: 78, 3: 19, 4: 76, 5: 31, 6: 18, 7: 21, 8: 19, 9: 16}, 12: {0: 26, 1: 15, 2: 172, 3: 11, 4: 22, 5: 20, 6: 22, 7: 17, 8: 19, 9: 176}, 13: {0: 11, 1: 18, 2: 12, 3: 346, 4: 18, 5: 17, 6: 14, 7: 19, 8: 21, 9: 24}, 14: {0: 24, 1: 26, 2: 334, 3: 15, 4: 12, 5: 16, 6: 18, 7: 20, 8: 19, 9: 16}, 15: {0: 59, 1: 20, 2: 51, 3: 22, 4: 17, 5: 153, 6: 16, 7: 131, 8: 11, 9: 20}, 16: {0: 17, 1: 20, 2: 14, 3: 17, 4: 39, 5: 15, 6: 94, 7: 24, 8: 241, 9: 19}, 17: {0: 17, 1: 163, 2: 207, 3: 15, 4: 17, 5: 16, 6: 9, 7: 17, 8: 23, 9: 16}, 18: {0: 18, 1: 9, 2: 70, 3: 301, 4: 18, 5: 17, 6: 19, 7: 15, 8: 20, 9: 13}, 19: {0: 13, 1: 10, 2: 100, 3: 105, 4: 23, 5: 154, 6: 16, 7: 19, 8: 18, 9: 42}, 20: {0: 16, 1: 17, 2: 19, 3: 16, 4: 176, 5: 39, 6: 36, 7: 30, 8: 135, 9: 16}, 21: {0: 12, 1: 228, 2: 13, 3: 23, 4: 139, 5: 12, 6: 19, 7: 16, 8: 19, 9: 19}, 22: {0: 13, 1: 23, 2: 21, 3: 12, 4: 19, 5: 44, 6: 12, 7: 16, 8: 192, 9: 148}, 23: {0: 18, 1: 17, 2: 27, 3: 13, 4: 344, 5: 18, 6: 21, 7: 12, 8: 16, 9: 14}, 24: {0: 17, 1: 11, 2: 22, 3: 16, 4: 135, 5: 20, 6: 15, 7: 19, 8: 17, 9: 228}, 25: {0: 11, 1: 20, 2: 62, 3: 16, 4: 28, 5: 136, 6: 14, 7: 15, 8: 103, 9: 95}, 26: {0: 19, 1: 19, 2: 33, 3: 19, 4: 15, 5: 19, 6: 78, 7: 272, 8: 14, 9: 12}, 27: {0: 86, 1: 120, 2: 18, 3: 22, 4: 15, 5: 17, 6: 169, 7: 16, 8: 22, 9: 15}, 28: {0: 30, 1: 21, 2: 45, 3: 23, 4: 167, 5: 98, 6: 66, 7: 18, 8: 22, 9: 10}, 29: {0: 20, 1: 13, 2: 20, 3: 14, 4: 126, 5: 12, 6: 20, 7: 228, 8: 30, 9: 17}, 30: {0: 97, 1: 22, 2: 10, 3: 24, 4: 16, 5: 26, 6: 16, 7: 18, 8: 259, 9: 12}, 31: {0: 20, 1: 19, 2: 214, 3: 48, 4: 16, 5: 22, 6: 28, 7: 27, 8: 14, 9: 92}, 32: {0: 15, 1: 22, 2: 22, 3: 23, 4: 14, 5: 17, 6: 18, 7: 35, 8: 315, 9: 19}, 33: {0: 18, 1: 14, 2: 18, 3: 287, 4: 42, 5: 42, 6: 16, 7: 37, 8: 12, 9: 14}, 34: {0: 14, 1: 20, 2: 33, 3: 16, 4: 27, 5: 16, 6: 328, 7: 13, 8: 11, 9: 22}, 35: {0: 350, 1: 25, 2: 15, 3: 22, 4: 18, 5: 12, 6: 9, 7: 17, 8: 14, 9: 18}, 36: {0: 203, 1: 22, 2: 16, 3: 17, 4: 20, 5: 159, 6: 16, 7: 15, 8: 14, 9: 18}, 37: {0: 20, 1: 12, 2: 24, 3: 214, 4: 26, 5: 141, 6: 19, 7: 15, 8: 16, 9: 13}, 38: {0: 350, 1: 13, 2: 18, 3: 13, 4: 13, 5: 23, 6: 19, 7: 12, 8: 13, 9: 26}, 39: {0: 127, 1: 42, 2: 15, 3: 218, 4: 16, 5: 20, 6: 9, 7: 18, 8: 17, 9: 18}, 40: {0: 350, 1: 14, 2: 18, 3: 13, 4: 18, 5: 17, 6: 18, 7: 17, 8: 20, 9: 15}, 41: {0: 230, 1: 20, 2: 16, 3: 16, 4: 55, 5: 21, 6: 20, 7: 11, 8: 15, 9: 96}, 42: {0: 15, 1: 15, 2: 17, 3: 38, 4: 20, 5: 54, 6: 297, 7: 14, 8: 15, 9: 15}, 43: {0: 11, 1: 176, 2: 23, 3: 132, 4: 30, 5: 23, 6: 13, 7: 17, 8: 57, 9: 18}, 44: {0: 37, 1: 17, 2: 22, 3: 14, 4: 17, 5: 21, 6: 18, 7: 285, 8: 17, 9: 52}, 45: {0: 15, 1: 14, 2: 21, 3: 218, 4: 43, 5: 46, 6: 13, 7: 70, 8: 39, 9: 21}, 46: {0: 19, 1: 47, 2: 75, 3: 15, 4: 15, 5: 11, 6: 21, 7: 260, 8: 24, 9: 13}, 47: {0: 22, 1: 163, 2: 55, 3: 44, 4: 33, 5: 19, 6: 18, 7: 91, 8: 21, 9: 34}, 48: {0: 17, 1: 14, 2: 90, 3: 19, 4: 22, 5: 72, 6: 23, 7: 45, 8: 186, 9: 12}, 49: {0: 14, 1: 44, 2: 13, 3: 171, 4: 15, 5: 19, 6: 20, 7: 162, 8: 23, 9: 19}, 50: {0: 23, 1: 30, 2: 16, 3: 22, 4: 13, 5: 16, 6: 31, 7: 15, 8: 16, 9: 318}, 51: {0: 16, 1: 15, 2: 20, 3: 22, 4: 13, 5: 15, 6: 345, 7: 18, 8: 19, 9: 17}, 52: {0: 18, 1: 25, 2: 25, 3: 15, 4: 38, 5: 309, 6: 19, 7: 18, 8: 20, 9: 13}, 53: {0: 15, 1: 114, 2: 15, 3: 13, 4: 15, 5: 248, 6: 19, 7: 19, 8: 19, 9: 23}, 54: {0: 83, 1: 18, 2: 15, 3: 18, 4: 77, 5: 21, 6: 189, 7: 48, 8: 12, 9: 19}, 55: {0: 52, 1: 14, 2: 199, 3: 18, 4: 15, 5: 12, 6: 19, 7: 18, 8: 37, 9: 116}, 56: {0: 137, 1: 68, 2: 39, 3: 15, 4: 112, 5: 18, 6: 21, 7: 30, 8: 21, 9: 39}, 57: {0: 25, 1: 19, 2: 13, 3: 15, 4: 15, 5: 30, 6: 15, 7: 15, 8: 333, 9: 20}, 58: {0: 14, 1: 93, 2: 23, 3: 274, 4: 18, 5: 14, 6: 18, 7: 11, 8: 13, 9: 22}, 59: {0: 19, 1: 18, 2: 14, 3: 11, 4: 17, 5: 22, 6: 60, 7: 18, 8: 300, 9: 21}, 60: {0: 19, 1: 13, 2: 128, 3: 14, 4: 25, 5: 26, 6: 13, 7: 17, 8: 225, 9: 20}, 61: {0: 16, 1: 23, 2: 16, 3: 16, 4: 15, 5: 263, 6: 16, 7: 18, 8: 16, 9: 101}, 62: {0: 25, 1: 196, 2: 22, 3: 9, 4: 19, 5: 22, 6: 154, 7: 18, 8: 17, 9: 18}, 63: {0: 18, 1: 16, 2: 25, 3: 14, 4: 43, 5: 17, 6: 7, 7: 33, 8: 120, 9: 207}, 64: {0: 12, 1: 18, 2: 21, 3: 14, 4: 16, 5: 16, 6: 350, 7: 13, 8: 20, 9: 20}, 65: {0: 16, 1: 350, 2: 18, 3: 20, 4: 13, 5: 17, 6: 15, 7: 19, 8: 15, 9: 17}, 66: {0: 28, 1: 33, 2: 26, 3: 14, 4: 17, 5: 19, 6: 38, 7: 27, 8: 18, 9: 280}, 67: {0: 39, 1: 24, 2: 329, 3: 17, 4: 20, 5: 12, 6: 16, 7: 15, 8: 17, 9: 11}, 68: {0: 19, 1: 25, 2: 17, 3: 28, 4: 222, 5: 12, 6: 41, 7: 26, 8: 20, 9: 90}, 69: {0: 15, 1: 62, 2: 18, 3: 11, 4: 85, 5: 16, 6: 15, 7: 26, 8: 19, 9: 233}, 70: {0: 350, 1: 26, 2: 19, 3: 22, 4: 17, 5: 14, 6: 14, 7: 11, 8: 15, 9: 12}, 71: {0: 15, 1: 12, 2: 20, 3: 42, 4: 21, 5: 22, 6: 318, 7: 16, 8: 18, 9: 16}, 72: {0: 12, 1: 22, 2: 46, 3: 14, 4: 14, 5: 49, 6: 20, 7: 185, 8: 21, 9: 117}, 73: {0: 21, 1: 22, 2: 106, 3: 16, 4: 40, 5: 91, 6: 43, 7: 21, 8: 25, 9: 115}, 74: {0: 52, 1: 59, 2: 18, 3: 46, 4: 81, 5: 27, 6: 18, 7: 165, 8: 16, 9: 18}, 75: {0: 17, 1: 34, 2: 117, 3: 23, 4: 18, 5: 225, 6: 13, 7: 15, 8: 27, 9: 11}, 76: {0: 18, 1: 11, 2: 289, 3: 75, 4: 11, 5: 19, 6: 14, 7: 20, 8: 18, 9: 25}, 77: {0: 105, 1: 16, 2: 73, 3: 13, 4: 215, 5: 17, 6: 16, 7: 15, 8: 16, 9: 14}, 78: {0: 21, 1: 10, 2: 13, 3: 90, 4: 269, 5: 18, 6: 12, 7: 22, 8: 22, 9: 23}, 79: {0: 18, 1: 20, 2: 15, 3: 13, 4: 28, 5: 45, 6: 96, 7: 238, 8: 14, 9: 13}, 80: {0: 73, 1: 17, 2: 19, 3: 97, 4: 16, 5: 166, 6: 65, 7: 16, 8: 17, 9: 14}, 81: {0: 17, 1: 122, 2: 14, 3: 201, 4: 50, 5: 36, 6: 15, 7: 16, 8: 13, 9: 16}, 82: {0: 23, 1: 19, 2: 53, 3: 17, 4: 21, 5: 13, 6: 17, 7: 26, 8: 27, 9: 284}, 83: {0: 23, 1: 12, 2: 17, 3: 27, 4: 132, 5: 37, 6: 17, 7: 10, 8: 208, 9: 17}, 84: {0: 159, 1: 17, 2: 37, 3: 15, 4: 19, 5: 58, 6: 24, 7: 27, 8: 131, 9: 13}, 85: {0: 223, 1: 47, 2: 19, 3: 19, 4: 18, 5: 18, 6: 109, 7: 17, 8: 16, 9: 14}, 86: {0: 14, 1: 17, 2: 103, 3: 20, 4: 17, 5: 16, 6: 19, 7: 79, 8: 32, 9: 183}, 87: {0: 13, 1: 103, 2: 268, 3: 19, 4: 16, 5: 10, 6: 19, 7: 16, 8: 15, 9: 21}, 88: {0: 17, 1: 16, 2: 16, 3: 23, 4: 15, 5: 19, 6: 18, 7: 24, 8: 336, 9: 16}, 89: {0: 20, 1: 20, 2: 26, 3: 12, 4: 20, 5: 12, 6: 25, 7: 335, 8: 13, 9: 17}, 90: {0: 16, 1: 20, 2: 20, 3: 23, 4: 35, 5: 28, 6: 42, 7: 259, 8: 10, 9: 47}, 91: {0: 17, 1: 19, 2: 35, 3: 18, 4: 188, 5: 13, 6: 11, 7: 18, 8: 20, 9: 161}, 92: {0: 85, 1: 11, 2: 15, 3: 291, 4: 16, 5: 18, 6: 15, 7: 18, 8: 17, 9: 14}, 93: {0: 20, 1: 236, 2: 32, 3: 37, 4: 22, 5: 99, 6: 16, 7: 13, 8: 14, 9: 11}, 94: {0: 11, 1: 23, 2: 11, 3: 223, 4: 19, 5: 20, 6: 140, 7: 23, 8: 15, 9: 15}, 95: {0: 19, 1: 16, 2: 13, 3: 24, 4: 59, 5: 16, 6: 13, 7: 15, 8: 27, 9: 298}, 96: {0: 105, 1: 46, 2: 61, 3: 18, 4: 185, 5: 18, 6: 25, 7: 13, 8: 16, 9: 13}, 97: {0: 18, 1: 24, 2: 51, 3: 18, 4: 15, 5: 18, 6: 314, 7: 14, 8: 6, 9: 22}, 98: {0: 16, 1: 348, 2: 20, 3: 15, 4: 22, 5: 15, 6: 18, 7: 18, 8: 13, 9: 15}, 99: {0: 19, 1: 19, 2: 60, 3: 13, 4: 15, 5: 105, 6: 221, 7: 13, 8: 18, 9: 17}}
====================================================================================================
Training started at: 2026-03-30 06:12:44
Result directory: results/fl_cifar10/fedcda/pm-dir_a-0.1_nm-uni_nr-0.3_nt-symmetric_st-least_sim_dr-0.2
Result txt file : results/fl_cifar10/fedcda/pm-dir_a-0.1_nm-uni_nr-0.3_nt-symmetric_st-least_sim_dr-0.2/fedcda_fl_cifar10_20260330-061244-531098_pid3832881.txt
Result log file : results/fl_cifar10/fedcda/pm-dir_a-0.1_nm-uni_nr-0.3_nt-symmetric_st-least_sim_dr-0.2/fedcda_fl_cifar10_20260330-061244-531098_pid3832881.log
----------------------------------------------------------------------------------------------------
Model: fedcda
Dataset: fl_cifar10
Structure: homogeneity
Participants: 100
Online ratio: 0.1
Communication epochs: 100
Local epoch: 10
Local batch size: 40
Local lr: 0.01
Partition mode: dirichlet
Dirichlet alpha: 0.1
Noise mode: uniform
Noise rate: 0.3
Noise type: symmetric
Noise max: 0.3
Denoise score alpha: 0.5
Drop rate: 0.2
Denoise strategy: least_sim
FedProx mu: 0.01
FedRDN std: 0.01
FedCDA history size: NA
FedGLoSS beta: 0.01
Averaging: weight
Seed: 0
====================================================================================================
[Round 001/100] Acc=10.000 | RoundTime=25.50s | TotalTime=25.50s | Method=fedcda
[Round 002/100] Acc=10.000 | RoundTime=25.02s | TotalTime=50.53s | Method=fedcda
[Round 003/100] Acc=16.240 | RoundTime=23.56s | TotalTime=74.09s | Method=fedcda
[Round 004/100] Acc=10.060 | RoundTime=25.04s | TotalTime=99.13s | Method=fedcda
[Round 005/100] Acc=21.540 | RoundTime=24.53s | TotalTime=123.66s | Method=fedcda
[Round 006/100] Acc=17.460 | RoundTime=24.63s | TotalTime=148.29s | Method=fedcda
[Round 007/100] Acc=22.370 | RoundTime=25.90s | TotalTime=174.19s | Method=fedcda
[Round 008/100] Acc=22.940 | RoundTime=25.25s | TotalTime=199.44s | Method=fedcda
[Round 009/100] Acc=23.810 | RoundTime=26.64s | TotalTime=226.08s | Method=fedcda
[Round 010/100] Acc=29.470 | RoundTime=26.84s | TotalTime=252.92s | Method=fedcda
[Round 011/100] Acc=25.740 | RoundTime=27.70s | TotalTime=280.63s | Method=fedcda
[Round 012/100] Acc=24.870 | RoundTime=24.84s | TotalTime=305.47s | Method=fedcda
[Round 013/100] Acc=24.490 | RoundTime=22.32s | TotalTime=327.79s | Method=fedcda
[Round 014/100] Acc=21.260 | RoundTime=20.99s | TotalTime=348.78s | Method=fedcda
[Round 015/100] Acc=16.230 | RoundTime=20.47s | TotalTime=369.25s | Method=fedcda
[Round 016/100] Acc=24.210 | RoundTime=20.52s | TotalTime=389.77s | Method=fedcda
[Round 017/100] Acc=23.500 | RoundTime=20.84s | TotalTime=410.62s | Method=fedcda
[Round 018/100] Acc=21.390 | RoundTime=21.18s | TotalTime=431.80s | Method=fedcda
[Round 019/100] Acc=19.980 | RoundTime=20.70s | TotalTime=452.50s | Method=fedcda
[Round 020/100] Acc=27.410 | RoundTime=21.16s | TotalTime=473.66s | Method=fedcda
[Round 021/100] Acc=19.770 | RoundTime=20.89s | TotalTime=494.55s | Method=fedcda
[Round 022/100] Acc=30.920 | RoundTime=22.21s | TotalTime=516.76s | Method=fedcda
[Round 023/100] Acc=20.680 | RoundTime=24.52s | TotalTime=541.28s | Method=fedcda
[Round 024/100] Acc=25.690 | RoundTime=22.55s | TotalTime=563.83s | Method=fedcda
[Round 025/100] Acc=24.230 | RoundTime=22.43s | TotalTime=586.26s | Method=fedcda
[Round 026/100] Acc=31.180 | RoundTime=22.69s | TotalTime=608.95s | Method=fedcda
[Round 027/100] Acc=22.210 | RoundTime=22.56s | TotalTime=631.51s | Method=fedcda
[Round 028/100] Acc=26.770 | RoundTime=22.58s | TotalTime=654.09s | Method=fedcda
[Round 029/100] Acc=14.170 | RoundTime=22.64s | TotalTime=676.72s | Method=fedcda
[Round 030/100] Acc=25.250 | RoundTime=22.46s | TotalTime=699.19s | Method=fedcda
[Round 031/100] Acc=25.710 | RoundTime=22.51s | TotalTime=721.70s | Method=fedcda
[Round 032/100] Acc=21.360 | RoundTime=22.76s | TotalTime=744.46s | Method=fedcda
[Round 033/100] Acc=21.280 | RoundTime=22.52s | TotalTime=766.99s | Method=fedcda
[Round 034/100] Acc=20.540 | RoundTime=22.79s | TotalTime=789.77s | Method=fedcda
[Round 035/100] Acc=21.980 | RoundTime=22.76s | TotalTime=812.53s | Method=fedcda
[Round 036/100] Acc=27.280 | RoundTime=22.74s | TotalTime=835.27s | Method=fedcda
[Round 037/100] Acc=22.300 | RoundTime=24.68s | TotalTime=859.95s | Method=fedcda
[Round 038/100] Acc=24.120 | RoundTime=22.62s | TotalTime=882.57s | Method=fedcda
[Round 039/100] Acc=23.730 | RoundTime=22.57s | TotalTime=905.14s | Method=fedcda
[Round 040/100] Acc=23.180 | RoundTime=22.54s | TotalTime=927.68s | Method=fedcda
[Round 041/100] Acc=17.650 | RoundTime=22.51s | TotalTime=950.19s | Method=fedcda
[Round 042/100] Acc=22.750 | RoundTime=22.53s | TotalTime=972.72s | Method=fedcda
[Round 043/100] Acc=24.460 | RoundTime=22.90s | TotalTime=995.62s | Method=fedcda
[Round 044/100] Acc=24.530 | RoundTime=22.70s | TotalTime=1018.32s | Method=fedcda
[Round 045/100] Acc=27.590 | RoundTime=22.76s | TotalTime=1041.08s | Method=fedcda
[Round 046/100] Acc=25.840 | RoundTime=22.78s | TotalTime=1063.86s | Method=fedcda
[Round 047/100] Acc=24.000 | RoundTime=22.59s | TotalTime=1086.45s | Method=fedcda
[Round 048/100] Acc=27.710 | RoundTime=22.75s | TotalTime=1109.20s | Method=fedcda
[Round 049/100] Acc=25.270 | RoundTime=22.90s | TotalTime=1132.10s | Method=fedcda
[Round 050/100] Acc=20.500 | RoundTime=22.73s | TotalTime=1154.83s | Method=fedcda
[Round 051/100] Acc=20.270 | RoundTime=35.57s | TotalTime=1190.39s | Method=fedcda
[Round 052/100] Acc=23.600 | RoundTime=34.81s | TotalTime=1225.20s | Method=fedcda
[Round 053/100] Acc=24.050 | RoundTime=34.64s | TotalTime=1259.84s | Method=fedcda
[Round 054/100] Acc=24.780 | RoundTime=34.10s | TotalTime=1293.94s | Method=fedcda
[Round 055/100] Acc=25.290 | RoundTime=34.38s | TotalTime=1328.32s | Method=fedcda
[Round 056/100] Acc=25.790 | RoundTime=34.71s | TotalTime=1363.02s | Method=fedcda
[Round 057/100] Acc=26.080 | RoundTime=34.55s | TotalTime=1397.58s | Method=fedcda
[Round 058/100] Acc=26.290 | RoundTime=34.62s | TotalTime=1432.20s | Method=fedcda
[Round 059/100] Acc=26.430 | RoundTime=34.47s | TotalTime=1466.67s | Method=fedcda
[Round 060/100] Acc=26.290 | RoundTime=34.68s | TotalTime=1501.36s | Method=fedcda
[Round 061/100] Acc=26.790 | RoundTime=35.22s | TotalTime=1536.58s | Method=fedcda
[Round 062/100] Acc=26.830 | RoundTime=34.98s | TotalTime=1571.56s | Method=fedcda
[Round 063/100] Acc=26.740 | RoundTime=36.70s | TotalTime=1608.26s | Method=fedcda
[Round 064/100] Acc=26.740 | RoundTime=34.73s | TotalTime=1642.99s | Method=fedcda
[Round 065/100] Acc=26.890 | RoundTime=34.71s | TotalTime=1677.70s | Method=fedcda
[Round 066/100] Acc=26.960 | RoundTime=34.66s | TotalTime=1712.36s | Method=fedcda
[Round 067/100] Acc=27.000 | RoundTime=33.93s | TotalTime=1746.30s | Method=fedcda
[Round 068/100] Acc=26.960 | RoundTime=35.02s | TotalTime=1781.32s | Method=fedcda
[Round 069/100] Acc=26.870 | RoundTime=35.10s | TotalTime=1816.42s | Method=fedcda
[Round 070/100] Acc=26.960 | RoundTime=34.38s | TotalTime=1850.80s | Method=fedcda
[Round 071/100] Acc=26.780 | RoundTime=34.44s | TotalTime=1885.24s | Method=fedcda
[Round 072/100] Acc=26.590 | RoundTime=34.34s | TotalTime=1919.58s | Method=fedcda
[Round 073/100] Acc=26.660 | RoundTime=34.54s | TotalTime=1954.12s | Method=fedcda
[Round 074/100] Acc=26.490 | RoundTime=34.12s | TotalTime=1988.24s | Method=fedcda
[Round 075/100] Acc=26.530 | RoundTime=32.38s | TotalTime=2020.63s | Method=fedcda
[Round 076/100] Acc=26.490 | RoundTime=33.19s | TotalTime=2053.82s | Method=fedcda
[Round 077/100] Acc=26.660 | RoundTime=32.76s | TotalTime=2086.58s | Method=fedcda
[Round 078/100] Acc=26.910 | RoundTime=32.24s | TotalTime=2118.82s | Method=fedcda
[Round 079/100] Acc=26.760 | RoundTime=32.05s | TotalTime=2150.87s | Method=fedcda
[Round 080/100] Acc=26.740 | RoundTime=32.20s | TotalTime=2183.07s | Method=fedcda
[Round 081/100] Acc=26.860 | RoundTime=32.03s | TotalTime=2215.10s | Method=fedcda
[Round 082/100] Acc=26.920 | RoundTime=32.90s | TotalTime=2247.99s | Method=fedcda
[Round 083/100] Acc=26.960 | RoundTime=32.67s | TotalTime=2280.67s | Method=fedcda
[Round 084/100] Acc=26.880 | RoundTime=31.61s | TotalTime=2312.28s | Method=fedcda
[Round 085/100] Acc=26.960 | RoundTime=31.97s | TotalTime=2344.25s | Method=fedcda
[Round 086/100] Acc=26.850 | RoundTime=32.38s | TotalTime=2376.63s | Method=fedcda
[Round 087/100] Acc=26.920 | RoundTime=32.90s | TotalTime=2409.53s | Method=fedcda
[Round 088/100] Acc=27.000 | RoundTime=32.16s | TotalTime=2441.69s | Method=fedcda
[Round 089/100] Acc=26.800 | RoundTime=31.13s | TotalTime=2472.82s | Method=fedcda
[Round 090/100] Acc=26.620 | RoundTime=31.38s | TotalTime=2504.20s | Method=fedcda
[Round 091/100] Acc=27.730 | RoundTime=31.94s | TotalTime=2536.14s | Method=fedcda
[Round 092/100] Acc=27.750 | RoundTime=31.85s | TotalTime=2567.99s | Method=fedcda
[Round 093/100] Acc=27.960 | RoundTime=31.33s | TotalTime=2599.32s | Method=fedcda
[Round 094/100] Acc=27.980 | RoundTime=31.51s | TotalTime=2630.84s | Method=fedcda
[Round 095/100] Acc=27.960 | RoundTime=31.37s | TotalTime=2662.21s | Method=fedcda
[Round 096/100] Acc=27.990 | RoundTime=31.81s | TotalTime=2694.01s | Method=fedcda
[Round 097/100] Acc=27.740 | RoundTime=31.83s | TotalTime=2725.84s | Method=fedcda
[Round 098/100] Acc=28.010 | RoundTime=31.65s | TotalTime=2757.49s | Method=fedcda
[Round 099/100] Acc=27.930 | RoundTime=32.76s | TotalTime=2790.25s | Method=fedcda
[Round 100/100] Acc=27.860 | RoundTime=31.92s | TotalTime=2822.17s | Method=fedcda
====================================================================================================
Training finished at: 2026-03-30 06:59:47
Total elapsed time: 2822.17s
Final Acc: 27.860
Best Acc : 31.180
====================================================================================================
