fedcda_100_fl_cifar10_pm-dirichlet_alpha-0.1_nm-uniform_nr-0.3_0.1_100_10
mean: 500.0
std: 0.0
Data statistics: {0: {0: 73, 1: 12, 2: 11, 3: 15, 4: 21, 5: 93, 6: 49, 7: 17, 8: 19, 9: 190}, 1: {0: 21, 1: 16, 2: 11, 3: 18, 4: 350, 5: 14, 6: 19, 7: 19, 8: 13, 9: 19}, 2: {0: 19, 1: 244, 2: 120, 3: 17, 4: 14, 5: 20, 6: 14, 7: 18, 8: 18, 9: 16}, 3: {0: 18, 1: 12, 2: 59, 3: 15, 4: 97, 5: 50, 6: 9, 7: 37, 8: 188, 9: 15}, 4: {0: 25, 1: 35, 2: 15, 3: 9, 4: 20, 5: 18, 6: 12, 7: 327, 8: 16, 9: 23}, 5: {0: 110, 1: 258, 2: 13, 3: 19, 4: 21, 5: 11, 6: 16, 7: 20, 8: 16, 9: 16}, 6: {0: 13, 1: 57, 2: 23, 3: 36, 4: 114, 5: 193, 6: 14, 7: 18, 8: 19, 9: 13}, 7: {0: 14, 1: 100, 2: 16, 3: 32, 4: 29, 5: 53, 6: 12, 7: 15, 8: 211, 9: 18}, 8: {0: 36, 1: 25, 2: 14, 3: 161, 4: 28, 5: 163, 6: 17, 7: 18, 8: 21, 9: 17}, 9: {0: 79, 1: 56, 2: 14, 3: 18, 4: 17, 5: 19, 6: 19, 7: 239, 8: 19, 9: 20}, 10: {0: 15, 1: 18, 2: 15, 3: 19, 4: 15, 5: 350, 6: 18, 7: 14, 8: 14, 9: 22}, 11: {0: 74, 1: 148, 2: 78, 3: 19, 4: 76, 5: 31, 6: 18, 7: 21, 8: 19, 9: 16}, 12: {0: 26, 1: 15, 2: 172, 3: 11, 4: 22, 5: 20, 6: 22, 7: 17, 8: 19, 9: 176}, 13: {0: 11, 1: 18, 2: 12, 3: 346, 4: 18, 5: 17, 6: 14, 7: 19, 8: 21, 9: 24}, 14: {0: 24, 1: 26, 2: 334, 3: 15, 4: 12, 5: 16, 6: 18, 7: 20, 8: 19, 9: 16}, 15: {0: 59, 1: 20, 2: 51, 3: 22, 4: 17, 5: 153, 6: 16, 7: 131, 8: 11, 9: 20}, 16: {0: 17, 1: 20, 2: 14, 3: 17, 4: 39, 5: 15, 6: 94, 7: 24, 8: 241, 9: 19}, 17: {0: 17, 1: 163, 2: 207, 3: 15, 4: 17, 5: 16, 6: 9, 7: 17, 8: 23, 9: 16}, 18: {0: 18, 1: 9, 2: 70, 3: 301, 4: 18, 5: 17, 6: 19, 7: 15, 8: 20, 9: 13}, 19: {0: 13, 1: 10, 2: 100, 3: 105, 4: 23, 5: 154, 6: 16, 7: 19, 8: 18, 9: 42}, 20: {0: 16, 1: 17, 2: 19, 3: 16, 4: 176, 5: 39, 6: 36, 7: 30, 8: 135, 9: 16}, 21: {0: 12, 1: 228, 2: 13, 3: 23, 4: 139, 5: 12, 6: 19, 7: 16, 8: 19, 9: 19}, 22: {0: 13, 1: 23, 2: 21, 3: 12, 4: 19, 5: 44, 6: 12, 7: 16, 8: 192, 9: 148}, 23: {0: 18, 1: 17, 2: 27, 3: 13, 4: 344, 5: 18, 6: 21, 7: 12, 8: 16, 9: 14}, 24: {0: 17, 1: 11, 2: 22, 3: 16, 4: 135, 5: 20, 6: 15, 7: 19, 8: 17, 9: 228}, 25: {0: 11, 1: 20, 2: 62, 3: 16, 4: 28, 5: 136, 6: 14, 7: 15, 8: 103, 9: 95}, 26: {0: 19, 1: 19, 2: 33, 3: 19, 4: 15, 5: 19, 6: 78, 7: 272, 8: 14, 9: 12}, 27: {0: 86, 1: 120, 2: 18, 3: 22, 4: 15, 5: 17, 6: 169, 7: 16, 8: 22, 9: 15}, 28: {0: 30, 1: 21, 2: 45, 3: 23, 4: 167, 5: 98, 6: 66, 7: 18, 8: 22, 9: 10}, 29: {0: 20, 1: 13, 2: 20, 3: 14, 4: 126, 5: 12, 6: 20, 7: 228, 8: 30, 9: 17}, 30: {0: 97, 1: 22, 2: 10, 3: 24, 4: 16, 5: 26, 6: 16, 7: 18, 8: 259, 9: 12}, 31: {0: 20, 1: 19, 2: 214, 3: 48, 4: 16, 5: 22, 6: 28, 7: 27, 8: 14, 9: 92}, 32: {0: 15, 1: 22, 2: 22, 3: 23, 4: 14, 5: 17, 6: 18, 7: 35, 8: 315, 9: 19}, 33: {0: 18, 1: 14, 2: 18, 3: 287, 4: 42, 5: 42, 6: 16, 7: 37, 8: 12, 9: 14}, 34: {0: 14, 1: 20, 2: 33, 3: 16, 4: 27, 5: 16, 6: 328, 7: 13, 8: 11, 9: 22}, 35: {0: 350, 1: 25, 2: 15, 3: 22, 4: 18, 5: 12, 6: 9, 7: 17, 8: 14, 9: 18}, 36: {0: 203, 1: 22, 2: 16, 3: 17, 4: 20, 5: 159, 6: 16, 7: 15, 8: 14, 9: 18}, 37: {0: 20, 1: 12, 2: 24, 3: 214, 4: 26, 5: 141, 6: 19, 7: 15, 8: 16, 9: 13}, 38: {0: 350, 1: 13, 2: 18, 3: 13, 4: 13, 5: 23, 6: 19, 7: 12, 8: 13, 9: 26}, 39: {0: 127, 1: 42, 2: 15, 3: 218, 4: 16, 5: 20, 6: 9, 7: 18, 8: 17, 9: 18}, 40: {0: 350, 1: 14, 2: 18, 3: 13, 4: 18, 5: 17, 6: 18, 7: 17, 8: 20, 9: 15}, 41: {0: 230, 1: 20, 2: 16, 3: 16, 4: 55, 5: 21, 6: 20, 7: 11, 8: 15, 9: 96}, 42: {0: 15, 1: 15, 2: 17, 3: 38, 4: 20, 5: 54, 6: 297, 7: 14, 8: 15, 9: 15}, 43: {0: 11, 1: 176, 2: 23, 3: 132, 4: 30, 5: 23, 6: 13, 7: 17, 8: 57, 9: 18}, 44: {0: 37, 1: 17, 2: 22, 3: 14, 4: 17, 5: 21, 6: 18, 7: 285, 8: 17, 9: 52}, 45: {0: 15, 1: 14, 2: 21, 3: 218, 4: 43, 5: 46, 6: 13, 7: 70, 8: 39, 9: 21}, 46: {0: 19, 1: 47, 2: 75, 3: 15, 4: 15, 5: 11, 6: 21, 7: 260, 8: 24, 9: 13}, 47: {0: 22, 1: 163, 2: 55, 3: 44, 4: 33, 5: 19, 6: 18, 7: 91, 8: 21, 9: 34}, 48: {0: 17, 1: 14, 2: 90, 3: 19, 4: 22, 5: 72, 6: 23, 7: 45, 8: 186, 9: 12}, 49: {0: 14, 1: 44, 2: 13, 3: 171, 4: 15, 5: 19, 6: 20, 7: 162, 8: 23, 9: 19}, 50: {0: 23, 1: 30, 2: 16, 3: 22, 4: 13, 5: 16, 6: 31, 7: 15, 8: 16, 9: 318}, 51: {0: 16, 1: 15, 2: 20, 3: 22, 4: 13, 5: 15, 6: 345, 7: 18, 8: 19, 9: 17}, 52: {0: 18, 1: 25, 2: 25, 3: 15, 4: 38, 5: 309, 6: 19, 7: 18, 8: 20, 9: 13}, 53: {0: 15, 1: 114, 2: 15, 3: 13, 4: 15, 5: 248, 6: 19, 7: 19, 8: 19, 9: 23}, 54: {0: 83, 1: 18, 2: 15, 3: 18, 4: 77, 5: 21, 6: 189, 7: 48, 8: 12, 9: 19}, 55: {0: 52, 1: 14, 2: 199, 3: 18, 4: 15, 5: 12, 6: 19, 7: 18, 8: 37, 9: 116}, 56: {0: 137, 1: 68, 2: 39, 3: 15, 4: 112, 5: 18, 6: 21, 7: 30, 8: 21, 9: 39}, 57: {0: 25, 1: 19, 2: 13, 3: 15, 4: 15, 5: 30, 6: 15, 7: 15, 8: 333, 9: 20}, 58: {0: 14, 1: 93, 2: 23, 3: 274, 4: 18, 5: 14, 6: 18, 7: 11, 8: 13, 9: 22}, 59: {0: 19, 1: 18, 2: 14, 3: 11, 4: 17, 5: 22, 6: 60, 7: 18, 8: 300, 9: 21}, 60: {0: 19, 1: 13, 2: 128, 3: 14, 4: 25, 5: 26, 6: 13, 7: 17, 8: 225, 9: 20}, 61: {0: 16, 1: 23, 2: 16, 3: 16, 4: 15, 5: 263, 6: 16, 7: 18, 8: 16, 9: 101}, 62: {0: 25, 1: 196, 2: 22, 3: 9, 4: 19, 5: 22, 6: 154, 7: 18, 8: 17, 9: 18}, 63: {0: 18, 1: 16, 2: 25, 3: 14, 4: 43, 5: 17, 6: 7, 7: 33, 8: 120, 9: 207}, 64: {0: 12, 1: 18, 2: 21, 3: 14, 4: 16, 5: 16, 6: 350, 7: 13, 8: 20, 9: 20}, 65: {0: 16, 1: 350, 2: 18, 3: 20, 4: 13, 5: 17, 6: 15, 7: 19, 8: 15, 9: 17}, 66: {0: 28, 1: 33, 2: 26, 3: 14, 4: 17, 5: 19, 6: 38, 7: 27, 8: 18, 9: 280}, 67: {0: 39, 1: 24, 2: 329, 3: 17, 4: 20, 5: 12, 6: 16, 7: 15, 8: 17, 9: 11}, 68: {0: 19, 1: 25, 2: 17, 3: 28, 4: 222, 5: 12, 6: 41, 7: 26, 8: 20, 9: 90}, 69: {0: 15, 1: 62, 2: 18, 3: 11, 4: 85, 5: 16, 6: 15, 7: 26, 8: 19, 9: 233}, 70: {0: 350, 1: 26, 2: 19, 3: 22, 4: 17, 5: 14, 6: 14, 7: 11, 8: 15, 9: 12}, 71: {0: 15, 1: 12, 2: 20, 3: 42, 4: 21, 5: 22, 6: 318, 7: 16, 8: 18, 9: 16}, 72: {0: 12, 1: 22, 2: 46, 3: 14, 4: 14, 5: 49, 6: 20, 7: 185, 8: 21, 9: 117}, 73: {0: 21, 1: 22, 2: 106, 3: 16, 4: 40, 5: 91, 6: 43, 7: 21, 8: 25, 9: 115}, 74: {0: 52, 1: 59, 2: 18, 3: 46, 4: 81, 5: 27, 6: 18, 7: 165, 8: 16, 9: 18}, 75: {0: 17, 1: 34, 2: 117, 3: 23, 4: 18, 5: 225, 6: 13, 7: 15, 8: 27, 9: 11}, 76: {0: 18, 1: 11, 2: 289, 3: 75, 4: 11, 5: 19, 6: 14, 7: 20, 8: 18, 9: 25}, 77: {0: 105, 1: 16, 2: 73, 3: 13, 4: 215, 5: 17, 6: 16, 7: 15, 8: 16, 9: 14}, 78: {0: 21, 1: 10, 2: 13, 3: 90, 4: 269, 5: 18, 6: 12, 7: 22, 8: 22, 9: 23}, 79: {0: 18, 1: 20, 2: 15, 3: 13, 4: 28, 5: 45, 6: 96, 7: 238, 8: 14, 9: 13}, 80: {0: 73, 1: 17, 2: 19, 3: 97, 4: 16, 5: 166, 6: 65, 7: 16, 8: 17, 9: 14}, 81: {0: 17, 1: 122, 2: 14, 3: 201, 4: 50, 5: 36, 6: 15, 7: 16, 8: 13, 9: 16}, 82: {0: 23, 1: 19, 2: 53, 3: 17, 4: 21, 5: 13, 6: 17, 7: 26, 8: 27, 9: 284}, 83: {0: 23, 1: 12, 2: 17, 3: 27, 4: 132, 5: 37, 6: 17, 7: 10, 8: 208, 9: 17}, 84: {0: 159, 1: 17, 2: 37, 3: 15, 4: 19, 5: 58, 6: 24, 7: 27, 8: 131, 9: 13}, 85: {0: 223, 1: 47, 2: 19, 3: 19, 4: 18, 5: 18, 6: 109, 7: 17, 8: 16, 9: 14}, 86: {0: 14, 1: 17, 2: 103, 3: 20, 4: 17, 5: 16, 6: 19, 7: 79, 8: 32, 9: 183}, 87: {0: 13, 1: 103, 2: 268, 3: 19, 4: 16, 5: 10, 6: 19, 7: 16, 8: 15, 9: 21}, 88: {0: 17, 1: 16, 2: 16, 3: 23, 4: 15, 5: 19, 6: 18, 7: 24, 8: 336, 9: 16}, 89: {0: 20, 1: 20, 2: 26, 3: 12, 4: 20, 5: 12, 6: 25, 7: 335, 8: 13, 9: 17}, 90: {0: 16, 1: 20, 2: 20, 3: 23, 4: 35, 5: 28, 6: 42, 7: 259, 8: 10, 9: 47}, 91: {0: 17, 1: 19, 2: 35, 3: 18, 4: 188, 5: 13, 6: 11, 7: 18, 8: 20, 9: 161}, 92: {0: 85, 1: 11, 2: 15, 3: 291, 4: 16, 5: 18, 6: 15, 7: 18, 8: 17, 9: 14}, 93: {0: 20, 1: 236, 2: 32, 3: 37, 4: 22, 5: 99, 6: 16, 7: 13, 8: 14, 9: 11}, 94: {0: 11, 1: 23, 2: 11, 3: 223, 4: 19, 5: 20, 6: 140, 7: 23, 8: 15, 9: 15}, 95: {0: 19, 1: 16, 2: 13, 3: 24, 4: 59, 5: 16, 6: 13, 7: 15, 8: 27, 9: 298}, 96: {0: 105, 1: 46, 2: 61, 3: 18, 4: 185, 5: 18, 6: 25, 7: 13, 8: 16, 9: 13}, 97: {0: 18, 1: 24, 2: 51, 3: 18, 4: 15, 5: 18, 6: 314, 7: 14, 8: 6, 9: 22}, 98: {0: 16, 1: 348, 2: 20, 3: 15, 4: 22, 5: 15, 6: 18, 7: 18, 8: 13, 9: 15}, 99: {0: 19, 1: 19, 2: 60, 3: 13, 4: 15, 5: 105, 6: 221, 7: 13, 8: 18, 9: 17}}
====================================================================================================
Training started at: 2026-03-27 16:06:42
Result directory: results/fl_cifar10/fedcda/pm-dir_a-0.1_nm-uni_nr-0.3_nt-symmetric_st-least_sim_dr-0.15
Result txt file : results/fl_cifar10/fedcda/pm-dir_a-0.1_nm-uni_nr-0.3_nt-symmetric_st-least_sim_dr-0.15/fedcda_fl_cifar10_20260327-160642-961165_pid2648231.txt
Result log file : results/fl_cifar10/fedcda/pm-dir_a-0.1_nm-uni_nr-0.3_nt-symmetric_st-least_sim_dr-0.15/fedcda_fl_cifar10_20260327-160642-961165_pid2648231.log
----------------------------------------------------------------------------------------------------
Model: fedcda
Dataset: fl_cifar10
Structure: homogeneity
Participants: 100
Online ratio: 0.1
Communication epochs: 100
Local epoch: 10
Local batch size: 64
Local lr: 0.01
Partition mode: dirichlet
Dirichlet alpha: 0.1
Noise mode: uniform
Noise rate: 0.3
Noise type: symmetric
Noise max: 0.3
Denoise score alpha: 0.5
Drop rate: 0.15
Denoise strategy: least_sim
FedProx mu: 0.01
FedRDN std: 0.01
FedCDA history size: NA
FedGLoSS beta: 0.01
Averaging: weight
Seed: 0
====================================================================================================
[Round 001/100] Acc=11.240 | RoundTime=19.29s | TotalTime=19.29s | Method=fedcda
[Round 002/100] Acc=6.910 | RoundTime=19.02s | TotalTime=38.31s | Method=fedcda
[Round 003/100] Acc=11.130 | RoundTime=19.41s | TotalTime=57.72s | Method=fedcda
[Round 004/100] Acc=16.120 | RoundTime=19.62s | TotalTime=77.34s | Method=fedcda
[Round 005/100] Acc=17.890 | RoundTime=19.55s | TotalTime=96.89s | Method=fedcda
[Round 006/100] Acc=11.550 | RoundTime=19.51s | TotalTime=116.39s | Method=fedcda
[Round 007/100] Acc=16.700 | RoundTime=19.53s | TotalTime=135.92s | Method=fedcda
[Round 008/100] Acc=11.610 | RoundTime=19.74s | TotalTime=155.66s | Method=fedcda
[Round 009/100] Acc=21.000 | RoundTime=20.02s | TotalTime=175.68s | Method=fedcda
[Round 010/100] Acc=15.450 | RoundTime=22.12s | TotalTime=197.80s | Method=fedcda
[Round 011/100] Acc=27.090 | RoundTime=20.02s | TotalTime=217.81s | Method=fedcda
[Round 012/100] Acc=16.350 | RoundTime=20.02s | TotalTime=237.83s | Method=fedcda
[Round 013/100] Acc=22.130 | RoundTime=19.88s | TotalTime=257.71s | Method=fedcda
[Round 014/100] Acc=26.760 | RoundTime=19.99s | TotalTime=277.70s | Method=fedcda
[Round 015/100] Acc=25.410 | RoundTime=20.02s | TotalTime=297.72s | Method=fedcda
[Round 016/100] Acc=22.780 | RoundTime=20.02s | TotalTime=317.73s | Method=fedcda
[Round 017/100] Acc=17.290 | RoundTime=20.12s | TotalTime=337.85s | Method=fedcda
[Round 018/100] Acc=21.460 | RoundTime=20.49s | TotalTime=358.34s | Method=fedcda
[Round 019/100] Acc=23.960 | RoundTime=20.05s | TotalTime=378.39s | Method=fedcda
[Round 020/100] Acc=11.890 | RoundTime=20.19s | TotalTime=398.58s | Method=fedcda
[Round 021/100] Acc=27.960 | RoundTime=20.13s | TotalTime=418.71s | Method=fedcda
[Round 022/100] Acc=18.060 | RoundTime=20.31s | TotalTime=439.01s | Method=fedcda
[Round 023/100] Acc=21.440 | RoundTime=23.01s | TotalTime=462.02s | Method=fedcda
[Round 024/100] Acc=21.050 | RoundTime=21.18s | TotalTime=483.20s | Method=fedcda
[Round 025/100] Acc=12.970 | RoundTime=21.49s | TotalTime=504.70s | Method=fedcda
[Round 026/100] Acc=25.700 | RoundTime=21.01s | TotalTime=525.70s | Method=fedcda
[Round 027/100] Acc=20.440 | RoundTime=21.08s | TotalTime=546.79s | Method=fedcda
[Round 028/100] Acc=26.770 | RoundTime=21.19s | TotalTime=567.97s | Method=fedcda
[Round 029/100] Acc=24.280 | RoundTime=21.12s | TotalTime=589.10s | Method=fedcda
[Round 030/100] Acc=29.270 | RoundTime=21.18s | TotalTime=610.28s | Method=fedcda
[Round 031/100] Acc=24.150 | RoundTime=21.06s | TotalTime=631.34s | Method=fedcda
[Round 032/100] Acc=22.590 | RoundTime=20.99s | TotalTime=652.34s | Method=fedcda
[Round 033/100] Acc=23.080 | RoundTime=21.03s | TotalTime=673.36s | Method=fedcda
[Round 034/100] Acc=17.720 | RoundTime=21.00s | TotalTime=694.36s | Method=fedcda
[Round 035/100] Acc=28.000 | RoundTime=21.16s | TotalTime=715.52s | Method=fedcda
[Round 036/100] Acc=22.950 | RoundTime=23.55s | TotalTime=739.07s | Method=fedcda
[Round 037/100] Acc=20.230 | RoundTime=21.34s | TotalTime=760.40s | Method=fedcda
[Round 038/100] Acc=16.740 | RoundTime=20.99s | TotalTime=781.40s | Method=fedcda
[Round 039/100] Acc=28.450 | RoundTime=21.20s | TotalTime=802.59s | Method=fedcda
[Round 040/100] Acc=21.240 | RoundTime=21.06s | TotalTime=823.65s | Method=fedcda
[Round 041/100] Acc=27.350 | RoundTime=21.13s | TotalTime=844.78s | Method=fedcda
[Round 042/100] Acc=20.850 | RoundTime=21.44s | TotalTime=866.23s | Method=fedcda
[Round 043/100] Acc=21.550 | RoundTime=21.12s | TotalTime=887.35s | Method=fedcda
[Round 044/100] Acc=29.220 | RoundTime=21.08s | TotalTime=908.43s | Method=fedcda
[Round 045/100] Acc=24.940 | RoundTime=21.21s | TotalTime=929.64s | Method=fedcda
[Round 046/100] Acc=24.540 | RoundTime=21.54s | TotalTime=951.18s | Method=fedcda
[Round 047/100] Acc=28.640 | RoundTime=21.17s | TotalTime=972.35s | Method=fedcda
[Round 048/100] Acc=28.630 | RoundTime=21.29s | TotalTime=993.64s | Method=fedcda
[Round 049/100] Acc=22.530 | RoundTime=21.37s | TotalTime=1015.01s | Method=fedcda
[Round 050/100] Acc=30.510 | RoundTime=23.24s | TotalTime=1038.25s | Method=fedcda
[Round 051/100] Acc=30.940 | RoundTime=31.52s | TotalTime=1069.78s | Method=fedcda
[Round 052/100] Acc=28.650 | RoundTime=32.87s | TotalTime=1102.64s | Method=fedcda
[Round 053/100] Acc=28.520 | RoundTime=32.65s | TotalTime=1135.29s | Method=fedcda
[Round 054/100] Acc=28.750 | RoundTime=32.80s | TotalTime=1168.10s | Method=fedcda
[Round 055/100] Acc=29.680 | RoundTime=32.27s | TotalTime=1200.37s | Method=fedcda
[Round 056/100] Acc=29.770 | RoundTime=33.35s | TotalTime=1233.72s | Method=fedcda
[Round 057/100] Acc=29.600 | RoundTime=32.17s | TotalTime=1265.89s | Method=fedcda
[Round 058/100] Acc=29.590 | RoundTime=32.16s | TotalTime=1298.05s | Method=fedcda
[Round 059/100] Acc=29.590 | RoundTime=34.35s | TotalTime=1332.40s | Method=fedcda
[Round 060/100] Acc=29.270 | RoundTime=31.95s | TotalTime=1364.34s | Method=fedcda
[Round 061/100] Acc=29.440 | RoundTime=31.77s | TotalTime=1396.11s | Method=fedcda
[Round 062/100] Acc=29.060 | RoundTime=31.25s | TotalTime=1427.36s | Method=fedcda
[Round 063/100] Acc=28.960 | RoundTime=31.08s | TotalTime=1458.43s | Method=fedcda
[Round 064/100] Acc=22.410 | RoundTime=31.23s | TotalTime=1489.67s | Method=fedcda
[Round 065/100] Acc=22.260 | RoundTime=31.03s | TotalTime=1520.70s | Method=fedcda
[Round 066/100] Acc=21.900 | RoundTime=30.28s | TotalTime=1550.97s | Method=fedcda
[Round 067/100] Acc=26.290 | RoundTime=31.28s | TotalTime=1582.26s | Method=fedcda
[Round 068/100] Acc=26.350 | RoundTime=31.26s | TotalTime=1613.52s | Method=fedcda
[Round 069/100] Acc=25.960 | RoundTime=31.23s | TotalTime=1644.75s | Method=fedcda
[Round 070/100] Acc=25.920 | RoundTime=31.16s | TotalTime=1675.91s | Method=fedcda
[Round 071/100] Acc=25.900 | RoundTime=31.72s | TotalTime=1707.63s | Method=fedcda
[Round 072/100] Acc=25.590 | RoundTime=31.42s | TotalTime=1739.06s | Method=fedcda
[Round 073/100] Acc=25.670 | RoundTime=31.36s | TotalTime=1770.42s | Method=fedcda
[Round 074/100] Acc=25.420 | RoundTime=30.81s | TotalTime=1801.23s | Method=fedcda
[Round 075/100] Acc=25.270 | RoundTime=31.37s | TotalTime=1832.60s | Method=fedcda
[Round 076/100] Acc=25.190 | RoundTime=31.64s | TotalTime=1864.24s | Method=fedcda
[Round 077/100] Acc=25.260 | RoundTime=31.46s | TotalTime=1895.70s | Method=fedcda
[Round 078/100] Acc=25.150 | RoundTime=31.68s | TotalTime=1927.38s | Method=fedcda
[Round 079/100] Acc=25.420 | RoundTime=31.88s | TotalTime=1959.26s | Method=fedcda
[Round 080/100] Acc=25.500 | RoundTime=31.63s | TotalTime=1990.89s | Method=fedcda
[Round 081/100] Acc=25.550 | RoundTime=31.56s | TotalTime=2022.45s | Method=fedcda
[Round 082/100] Acc=25.270 | RoundTime=31.41s | TotalTime=2053.86s | Method=fedcda
[Round 083/100] Acc=25.310 | RoundTime=31.72s | TotalTime=2085.59s | Method=fedcda
[Round 084/100] Acc=25.290 | RoundTime=33.03s | TotalTime=2118.62s | Method=fedcda
[Round 085/100] Acc=25.230 | RoundTime=32.39s | TotalTime=2151.01s | Method=fedcda
[Round 086/100] Acc=25.280 | RoundTime=32.13s | TotalTime=2183.13s | Method=fedcda
[Round 087/100] Acc=25.260 | RoundTime=32.43s | TotalTime=2215.56s | Method=fedcda
[Round 088/100] Acc=28.260 | RoundTime=33.42s | TotalTime=2248.98s | Method=fedcda
[Round 089/100] Acc=28.320 | RoundTime=32.03s | TotalTime=2281.01s | Method=fedcda
[Round 090/100] Acc=28.580 | RoundTime=32.42s | TotalTime=2313.43s | Method=fedcda
[Round 091/100] Acc=28.660 | RoundTime=32.55s | TotalTime=2345.98s | Method=fedcda
[Round 092/100] Acc=28.540 | RoundTime=31.93s | TotalTime=2377.91s | Method=fedcda
[Round 093/100] Acc=28.670 | RoundTime=31.60s | TotalTime=2409.51s | Method=fedcda
[Round 094/100] Acc=28.840 | RoundTime=31.67s | TotalTime=2441.18s | Method=fedcda
[Round 095/100] Acc=28.740 | RoundTime=31.74s | TotalTime=2472.92s | Method=fedcda
[Round 096/100] Acc=28.860 | RoundTime=31.78s | TotalTime=2504.70s | Method=fedcda
[Round 097/100] Acc=28.790 | RoundTime=32.18s | TotalTime=2536.88s | Method=fedcda
[Round 098/100] Acc=28.770 | RoundTime=31.91s | TotalTime=2568.78s | Method=fedcda
[Round 099/100] Acc=28.900 | RoundTime=31.77s | TotalTime=2600.56s | Method=fedcda
[Round 100/100] Acc=29.060 | RoundTime=31.96s | TotalTime=2632.52s | Method=fedcda
====================================================================================================
Training finished at: 2026-03-27 16:50:35
Total elapsed time: 2632.52s
Final Acc: 29.060
Best Acc : 30.940
====================================================================================================
