fedcda_100_fl_cifar10_pm-dirichlet_alpha-0.3_nm-uniform_nr-0.3_0.1_100_10
mean: 500.0
std: 0.0
Data statistics: {0: {0: 93, 1: 26, 2: 89, 3: 20, 4: 17, 5: 22, 6: 59, 7: 51, 8: 39, 9: 84}, 1: {0: 21, 1: 253, 2: 32, 3: 18, 4: 20, 5: 62, 6: 37, 7: 33, 8: 11, 9: 13}, 2: {0: 17, 1: 19, 2: 25, 3: 39, 4: 101, 5: 162, 6: 25, 7: 75, 8: 21, 9: 16}, 3: {0: 25, 1: 12, 2: 52, 3: 148, 4: 87, 5: 34, 6: 38, 7: 49, 8: 41, 9: 14}, 4: {0: 53, 1: 9, 2: 165, 3: 15, 4: 11, 5: 30, 6: 18, 7: 20, 8: 11, 9: 168}, 5: {0: 99, 1: 28, 2: 19, 3: 38, 4: 15, 5: 15, 6: 22, 7: 230, 8: 17, 9: 17}, 6: {0: 14, 1: 19, 2: 33, 3: 14, 4: 19, 5: 17, 6: 335, 7: 21, 8: 17, 9: 11}, 7: {0: 25, 1: 18, 2: 22, 3: 12, 4: 60, 5: 22, 6: 33, 7: 62, 8: 230, 9: 16}, 8: {0: 67, 1: 48, 2: 14, 3: 79, 4: 18, 5: 205, 6: 16, 7: 17, 8: 21, 9: 15}, 9: {0: 81, 1: 24, 2: 15, 3: 38, 4: 85, 5: 50, 6: 154, 7: 15, 8: 19, 9: 19}, 10: {0: 11, 1: 18, 2: 42, 3: 19, 4: 34, 5: 49, 6: 185, 7: 19, 8: 19, 9: 104}, 11: {0: 88, 1: 70, 2: 21, 3: 55, 4: 54, 5: 16, 6: 22, 7: 30, 8: 78, 9: 66}, 12: {0: 46, 1: 32, 2: 12, 3: 19, 4: 25, 5: 42, 6: 94, 7: 88, 8: 125, 9: 17}, 13: {0: 26, 1: 80, 2: 68, 3: 139, 4: 93, 5: 16, 6: 17, 7: 18, 8: 19, 9: 24}, 14: {0: 52, 1: 28, 2: 63, 3: 15, 4: 63, 5: 67, 6: 24, 7: 21, 8: 28, 9: 139}, 15: {0: 80, 1: 57, 2: 69, 3: 140, 4: 35, 5: 16, 6: 21, 7: 51, 8: 11, 9: 20}, 16: {0: 36, 1: 17, 2: 22, 3: 17, 4: 37, 5: 15, 6: 23, 7: 74, 8: 240, 9: 19}, 17: {0: 19, 1: 20, 2: 22, 3: 196, 4: 19, 5: 33, 6: 12, 7: 38, 8: 29, 9: 112}, 18: {0: 18, 1: 9, 2: 21, 3: 18, 4: 80, 5: 93, 6: 23, 7: 40, 8: 36, 9: 162}, 19: {0: 20, 1: 22, 2: 40, 3: 31, 4: 20, 5: 240, 6: 19, 7: 66, 8: 19, 9: 23}, 20: {0: 17, 1: 37, 2: 19, 3: 16, 4: 49, 5: 34, 6: 51, 7: 16, 8: 15, 9: 246}, 21: {0: 12, 1: 19, 2: 92, 3: 24, 4: 240, 5: 40, 6: 19, 7: 16, 8: 19, 9: 19}, 22: {0: 14, 1: 23, 2: 53, 3: 12, 4: 22, 5: 119, 6: 18, 7: 18, 8: 14, 9: 207}, 23: {0: 21, 1: 25, 2: 21, 3: 16, 4: 36, 5: 30, 6: 309, 7: 12, 8: 16, 9: 14}, 24: {0: 33, 1: 107, 2: 23, 3: 30, 4: 15, 5: 22, 6: 91, 7: 47, 8: 119, 9: 13}, 25: {0: 11, 1: 102, 2: 32, 3: 19, 4: 32, 5: 28, 6: 23, 7: 38, 8: 50, 9: 165}, 26: {0: 24, 1: 19, 2: 91, 3: 87, 4: 57, 5: 21, 6: 52, 7: 123, 8: 14, 9: 12}, 27: {0: 79, 1: 16, 2: 23, 3: 20, 4: 16, 5: 20, 6: 17, 7: 15, 8: 18, 9: 276}, 28: {0: 74, 1: 32, 2: 20, 3: 91, 4: 72, 5: 107, 6: 45, 7: 20, 8: 29, 9: 10}, 29: {0: 55, 1: 17, 2: 27, 3: 158, 4: 20, 5: 19, 6: 65, 7: 104, 8: 18, 9: 17}, 30: {0: 15, 1: 17, 2: 15, 3: 23, 4: 81, 5: 48, 6: 24, 7: 15, 8: 17, 9: 245}, 31: {0: 33, 1: 26, 2: 123, 3: 34, 4: 17, 5: 24, 6: 24, 7: 108, 8: 37, 9: 74}, 32: {0: 18, 1: 21, 2: 32, 3: 70, 4: 14, 5: 23, 6: 117, 7: 168, 8: 18, 9: 19}, 33: {0: 242, 1: 29, 2: 110, 3: 18, 4: 19, 5: 26, 6: 16, 7: 14, 8: 12, 9: 14}, 34: {0: 158, 1: 102, 2: 21, 3: 117, 4: 18, 5: 25, 6: 13, 7: 13, 8: 11, 9: 22}, 35: {0: 26, 1: 18, 2: 22, 3: 20, 4: 29, 5: 68, 6: 23, 7: 22, 8: 254, 9: 18}, 36: {0: 91, 1: 119, 2: 32, 3: 29, 4: 16, 5: 16, 6: 45, 7: 120, 8: 14, 9: 18}, 37: {0: 350, 1: 20, 2: 12, 3: 18, 4: 24, 5: 13, 6: 19, 7: 15, 8: 16, 9: 13}, 38: {0: 182, 1: 14, 2: 40, 3: 36, 4: 28, 5: 42, 6: 45, 7: 74, 8: 13, 9: 26}, 39: {0: 16, 1: 35, 2: 15, 3: 27, 4: 219, 5: 33, 6: 18, 7: 33, 8: 86, 9: 18}, 40: {0: 30, 1: 49, 2: 62, 3: 14, 4: 141, 5: 78, 6: 74, 7: 17, 8: 20, 9: 15}, 41: {0: 43, 1: 15, 2: 89, 3: 88, 4: 137, 5: 67, 6: 15, 7: 15, 8: 16, 9: 15}, 42: {0: 16, 1: 34, 2: 67, 3: 89, 4: 82, 5: 19, 6: 141, 7: 22, 8: 15, 9: 15}, 43: {0: 13, 1: 16, 2: 13, 3: 49, 4: 316, 5: 19, 6: 18, 7: 14, 8: 24, 9: 18}, 44: {0: 12, 1: 90, 2: 141, 3: 79, 4: 15, 5: 92, 6: 23, 7: 17, 8: 15, 9: 16}, 45: {0: 21, 1: 316, 2: 14, 3: 25, 4: 35, 5: 22, 6: 14, 7: 13, 8: 19, 9: 21}, 46: {0: 19, 1: 38, 2: 13, 3: 25, 4: 68, 5: 17, 6: 36, 7: 203, 8: 68, 9: 13}, 47: {0: 27, 1: 42, 2: 18, 3: 29, 4: 27, 5: 18, 6: 120, 7: 33, 8: 91, 9: 95}, 48: {0: 21, 1: 50, 2: 42, 3: 40, 4: 23, 5: 21, 6: 26, 7: 62, 8: 16, 9: 199}, 49: {0: 16, 1: 32, 2: 14, 3: 23, 4: 132, 5: 213, 6: 14, 7: 14, 8: 23, 9: 19}, 50: {0: 84, 1: 243, 2: 49, 3: 21, 4: 14, 5: 13, 6: 16, 7: 28, 8: 15, 9: 17}, 51: {0: 182, 1: 72, 2: 29, 3: 30, 4: 26, 5: 17, 6: 22, 7: 21, 8: 84, 9: 17}, 52: {0: 71, 1: 57, 2: 81, 3: 43, 4: 58, 5: 7, 6: 22, 7: 20, 8: 87, 9: 54}, 53: {0: 100, 1: 33, 2: 136, 3: 17, 4: 18, 5: 34, 6: 101, 7: 19, 8: 19, 9: 23}, 54: {0: 16, 1: 64, 2: 15, 3: 100, 4: 95, 5: 143, 6: 17, 7: 19, 8: 12, 9: 19}, 55: {0: 19, 1: 15, 2: 19, 3: 18, 4: 15, 5: 122, 6: 121, 7: 25, 8: 133, 9: 13}, 56: {0: 17, 1: 16, 2: 32, 3: 79, 4: 35, 5: 13, 6: 16, 7: 245, 8: 30, 9: 17}, 57: {0: 26, 1: 18, 2: 45, 3: 15, 4: 15, 5: 19, 6: 19, 7: 221, 8: 102, 9: 20}, 58: {0: 25, 1: 18, 2: 23, 3: 54, 4: 13, 5: 19, 6: 189, 7: 124, 8: 13, 9: 22}, 59: {0: 19, 1: 35, 2: 45, 3: 18, 4: 34, 5: 185, 6: 37, 7: 15, 8: 91, 9: 21}, 60: {0: 23, 1: 13, 2: 16, 3: 22, 4: 45, 5: 19, 6: 11, 7: 85, 8: 246, 9: 20}, 61: {0: 22, 1: 23, 2: 17, 3: 16, 4: 57, 5: 12, 6: 22, 7: 14, 8: 232, 9: 85}, 62: {0: 51, 1: 16, 2: 61, 3: 37, 4: 135, 5: 25, 6: 82, 7: 58, 8: 17, 9: 18}, 63: {0: 65, 1: 22, 2: 65, 3: 195, 4: 18, 5: 23, 6: 16, 7: 13, 8: 37, 9: 46}, 64: {0: 22, 1: 25, 2: 23, 3: 29, 4: 26, 5: 128, 6: 156, 7: 51, 8: 20, 9: 20}, 65: {0: 21, 1: 18, 2: 75, 3: 12, 4: 64, 5: 81, 6: 172, 7: 23, 8: 17, 9: 17}, 66: {0: 254, 1: 19, 2: 31, 3: 29, 4: 81, 5: 15, 6: 19, 7: 24, 8: 14, 9: 14}, 67: {0: 40, 1: 117, 2: 17, 3: 107, 4: 21, 5: 30, 6: 125, 7: 15, 8: 17, 9: 11}, 68: {0: 19, 1: 25, 2: 45, 3: 150, 4: 12, 5: 16, 6: 44, 7: 17, 8: 17, 9: 155}, 69: {0: 15, 1: 13, 2: 126, 3: 14, 4: 19, 5: 13, 6: 41, 7: 222, 8: 23, 9: 14}, 70: {0: 66, 1: 64, 2: 152, 3: 102, 4: 30, 5: 28, 6: 20, 7: 11, 8: 15, 9: 12}, 71: {0: 17, 1: 16, 2: 344, 3: 20, 4: 8, 5: 23, 6: 22, 7: 16, 8: 18, 9: 16}, 72: {0: 12, 1: 76, 2: 120, 3: 65, 4: 103, 5: 43, 6: 22, 7: 24, 8: 15, 9: 20}, 73: {0: 99, 1: 54, 2: 18, 3: 229, 4: 26, 5: 19, 6: 12, 7: 13, 8: 16, 9: 14}, 74: {0: 20, 1: 122, 2: 65, 3: 196, 4: 11, 5: 21, 6: 20, 7: 11, 8: 16, 9: 18}, 75: {0: 20, 1: 14, 2: 19, 3: 40, 4: 70, 5: 56, 6: 13, 7: 230, 8: 27, 9: 11}, 76: {0: 82, 1: 53, 2: 130, 3: 22, 4: 108, 5: 25, 6: 17, 7: 20, 8: 18, 9: 25}, 77: {0: 37, 1: 16, 2: 16, 3: 23, 4: 38, 5: 28, 6: 23, 7: 253, 8: 52, 9: 14}, 78: {0: 22, 1: 10, 2: 30, 3: 42, 4: 19, 5: 18, 6: 123, 7: 18, 8: 24, 9: 194}, 79: {0: 18, 1: 35, 2: 18, 3: 14, 4: 45, 5: 17, 6: 22, 7: 16, 8: 71, 9: 244}, 80: {0: 116, 1: 116, 2: 47, 3: 16, 4: 20, 5: 41, 6: 17, 7: 27, 8: 86, 9: 14}, 81: {0: 146, 1: 26, 2: 111, 3: 38, 4: 17, 5: 59, 6: 19, 7: 55, 8: 13, 9: 16}, 82: {0: 29, 1: 20, 2: 15, 3: 18, 4: 70, 5: 164, 6: 104, 7: 15, 8: 44, 9: 21}, 83: {0: 23, 1: 118, 2: 244, 3: 17, 4: 18, 5: 15, 6: 21, 7: 13, 8: 14, 9: 17}, 84: {0: 31, 1: 75, 2: 270, 3: 21, 4: 14, 5: 13, 6: 20, 7: 27, 8: 16, 9: 13}, 85: {0: 29, 1: 19, 2: 25, 3: 209, 4: 66, 5: 15, 6: 90, 7: 17, 8: 16, 9: 14}, 86: {0: 13, 1: 18, 2: 29, 3: 27, 4: 16, 5: 25, 6: 18, 7: 20, 8: 320, 9: 14}, 87: {0: 134, 1: 20, 2: 29, 3: 17, 4: 13, 5: 91, 6: 80, 7: 53, 8: 42, 9: 21}, 88: {0: 14, 1: 152, 2: 32, 3: 27, 4: 17, 5: 25, 6: 16, 7: 70, 8: 28, 9: 119}, 89: {0: 81, 1: 17, 2: 62, 3: 33, 4: 68, 5: 18, 6: 55, 7: 17, 8: 132, 9: 17}, 90: {0: 18, 1: 35, 2: 19, 3: 37, 4: 50, 5: 113, 6: 40, 7: 11, 8: 162, 9: 15}, 91: {0: 22, 1: 345, 2: 19, 3: 19, 4: 18, 5: 15, 6: 11, 7: 16, 8: 21, 9: 14}, 92: {0: 32, 1: 198, 2: 12, 3: 75, 4: 15, 5: 104, 6: 15, 7: 18, 8: 17, 9: 14}, 93: {0: 96, 1: 19, 2: 18, 3: 24, 4: 19, 5: 190, 6: 10, 7: 12, 8: 101, 9: 11}, 94: {0: 33, 1: 22, 2: 14, 3: 121, 4: 111, 5: 24, 6: 30, 7: 43, 8: 24, 9: 78}, 95: {0: 22, 1: 36, 2: 13, 3: 20, 4: 37, 5: 101, 6: 17, 7: 29, 8: 23, 9: 202}, 96: {0: 26, 1: 39, 2: 18, 3: 35, 4: 142, 5: 26, 6: 172, 7: 13, 8: 16, 9: 13}, 97: {0: 32, 1: 39, 2: 22, 3: 24, 4: 15, 5: 22, 6: 19, 7: 12, 8: 293, 9: 22}, 98: {0: 14, 1: 66, 2: 13, 3: 51, 4: 19, 5: 122, 6: 14, 7: 173, 8: 13, 9: 15}, 99: {0: 20, 1: 21, 2: 22, 3: 14, 4: 79, 5: 61, 6: 15, 7: 18, 8: 15, 9: 235}}
====================================================================================================
Training started at: 2026-03-30 23:40:19
Result directory: results/fl_cifar10/fedcda/pm-dir_a-0.3_nm-uni_nr-0.3_nt-symmetric_st-least_sim_dr-0.55
Result txt file : results/fl_cifar10/fedcda/pm-dir_a-0.3_nm-uni_nr-0.3_nt-symmetric_st-least_sim_dr-0.55/fedcda_fl_cifar10_20260330-234019-225714_pid4067124.txt
Result log file : results/fl_cifar10/fedcda/pm-dir_a-0.3_nm-uni_nr-0.3_nt-symmetric_st-least_sim_dr-0.55/fedcda_fl_cifar10_20260330-234019-225714_pid4067124.log
----------------------------------------------------------------------------------------------------
Model: fedcda
Dataset: fl_cifar10
Structure: homogeneity
Participants: 100
Online ratio: 0.1
Communication epochs: 100
Local epoch: 10
Local batch size: 40
Local lr: 0.01
Partition mode: dirichlet
Dirichlet alpha: 0.3
Noise mode: uniform
Noise rate: 0.3
Noise type: symmetric
Noise max: 0.3
Denoise score alpha: 0.5
Drop rate: 0.55
Denoise strategy: least_sim
FedProx mu: 0.01
FedRDN std: 0.01
FedCDA history size: NA
FedGLoSS beta: 0.01
Averaging: weight
Seed: 0
====================================================================================================
[Round 001/100] Acc=11.330 | RoundTime=26.25s | TotalTime=26.25s | Method=fedcda
[Round 002/100] Acc=19.250 | RoundTime=25.55s | TotalTime=51.80s | Method=fedcda
[Round 003/100] Acc=18.900 | RoundTime=28.57s | TotalTime=80.37s | Method=fedcda
[Round 004/100] Acc=27.670 | RoundTime=25.94s | TotalTime=106.31s | Method=fedcda
[Round 005/100] Acc=24.160 | RoundTime=27.19s | TotalTime=133.50s | Method=fedcda
[Round 006/100] Acc=25.820 | RoundTime=27.36s | TotalTime=160.86s | Method=fedcda
[Round 007/100] Acc=28.670 | RoundTime=27.02s | TotalTime=187.89s | Method=fedcda
[Round 008/100] Acc=32.760 | RoundTime=26.46s | TotalTime=214.35s | Method=fedcda
[Round 009/100] Acc=35.820 | RoundTime=27.54s | TotalTime=241.89s | Method=fedcda
[Round 010/100] Acc=36.560 | RoundTime=26.10s | TotalTime=267.99s | Method=fedcda
[Round 011/100] Acc=34.500 | RoundTime=28.59s | TotalTime=296.58s | Method=fedcda
Traceback (most recent call last):
  File "/home/hdf/kiwi/DenoiseFL/main.py", line 228, in <module>
    main()
  File "/home/hdf/kiwi/DenoiseFL/main.py", line 224, in main
    train(model, priv_dataset, args)
  File "/home/hdf/kiwi/DenoiseFL/utils/training.py", line 197, in train
    epoch_pure = model.loc_update(pri_train_loaders)
                 ^^^^^^^^^^^^^^^^^^^^^^^^^^^^^^^^^^^
  File "/home/hdf/kiwi/DenoiseFL/models/fedcda.py", line 64, in loc_update
    local_state, local_loss = self._train_net(
                              ^^^^^^^^^^^^^^^^
  File "/home/hdf/kiwi/DenoiseFL/models/fedcda.py", line 114, in _train_net
    loss.backward()
  File "/home/hdf/miniconda3/lib/python3.12/site-packages/torch/_tensor.py", line 625, in backward
    torch.autograd.backward(
  File "/home/hdf/miniconda3/lib/python3.12/site-packages/torch/autograd/__init__.py", line 354, in backward
    _engine_run_backward(
  File "/home/hdf/miniconda3/lib/python3.12/site-packages/torch/autograd/graph.py", line 841, in _engine_run_backward
    return Variable._execution_engine.run_backward(  # Calls into the C++ engine to run the backward pass
           ^^^^^^^^^^^^^^^^^^^^^^^^^^^^^^^^^^^^^^^^^^^^^^^^^^^^^^^^^^^^^^^^^^^^^^^^^^^^^^^^^^^^^^^^^^^^^^
torch.OutOfMemoryError: CUDA out of memory. Tried to allocate 10.00 MiB. GPU 0 has a total capacity of 23.65 GiB of which 11.06 MiB is free. Process 4067123 has 7.63 GiB memory in use. Process 4067125 has 8.29 GiB memory in use. Including non-PyTorch memory, this process has 7.69 GiB memory in use. Of the allocated memory 7.15 GiB is allocated by PyTorch, and 82.12 MiB is reserved by PyTorch but unallocated. If reserved but unallocated memory is large try setting PYTORCH_CUDA_ALLOC_CONF=expandable_segments:True to avoid fragmentation.  See documentation for Memory Management  (https://pytorch.org/docs/stable/notes/cuda.html#environment-variables)
