fedcda_100_fl_cifar10_pm-dirichlet_alpha-0.1_nm-uniform_nr-0.2_0.1_100_10
mean: 500.0
std: 0.0
Data statistics: {0: {0: 73, 1: 8, 2: 9, 3: 8, 4: 14, 5: 101, 6: 54, 7: 14, 8: 15, 9: 204}, 1: {0: 15, 1: 11, 2: 9, 3: 12, 4: 400, 5: 6, 6: 9, 7: 15, 8: 10, 9: 13}, 2: {0: 9, 1: 276, 2: 134, 3: 13, 4: 11, 5: 10, 6: 10, 7: 19, 8: 6, 9: 12}, 3: {0: 14, 1: 5, 2: 49, 3: 15, 4: 123, 5: 37, 6: 11, 7: 40, 8: 196, 9: 10}, 4: {0: 18, 1: 28, 2: 14, 3: 12, 4: 12, 5: 15, 6: 8, 7: 377, 8: 8, 9: 8}, 5: {0: 121, 1: 288, 2: 16, 3: 9, 4: 10, 5: 10, 6: 12, 7: 13, 8: 13, 9: 8}, 6: {0: 7, 1: 43, 2: 7, 3: 38, 4: 122, 5: 229, 6: 13, 7: 14, 8: 14, 9: 13}, 7: {0: 8, 1: 117, 2: 11, 3: 22, 4: 20, 5: 64, 6: 4, 7: 12, 8: 234, 9: 8}, 8: {0: 33, 1: 31, 2: 10, 3: 168, 4: 25, 5: 187, 6: 15, 7: 12, 8: 10, 9: 9}, 9: {0: 90, 1: 52, 2: 12, 3: 18, 4: 17, 5: 7, 6: 10, 7: 271, 8: 17, 9: 6}, 10: {0: 14, 1: 9, 2: 6, 3: 5, 4: 12, 5: 400, 6: 19, 7: 7, 8: 15, 9: 13}, 11: {0: 95, 1: 157, 2: 84, 3: 7, 4: 87, 5: 19, 6: 11, 7: 16, 8: 9, 9: 15}, 12: {0: 18, 1: 6, 2: 210, 3: 11, 4: 11, 5: 21, 6: 9, 7: 14, 8: 15, 9: 185}, 13: {0: 18, 1: 11, 2: 16, 3: 394, 4: 8, 5: 15, 6: 7, 7: 10, 8: 11, 9: 10}, 14: {0: 13, 1: 19, 2: 383, 3: 13, 4: 15, 5: 12, 6: 14, 7: 12, 8: 14, 9: 5}, 15: {0: 61, 1: 14, 2: 63, 3: 9, 4: 11, 5: 166, 6: 7, 7: 152, 8: 11, 9: 6}, 16: {0: 7, 1: 13, 2: 13, 3: 11, 4: 35, 5: 19, 6: 97, 7: 19, 8: 272, 9: 14}, 17: {0: 16, 1: 167, 2: 246, 3: 9, 4: 10, 5: 6, 6: 19, 7: 8, 8: 8, 9: 11}, 18: {0: 16, 1: 10, 2: 63, 3: 344, 4: 8, 5: 18, 6: 8, 7: 11, 8: 12, 9: 10}, 19: {0: 12, 1: 11, 2: 125, 3: 105, 4: 9, 5: 176, 6: 9, 7: 10, 8: 15, 9: 28}, 20: {0: 12, 1: 5, 2: 17, 3: 10, 4: 206, 5: 39, 6: 22, 7: 23, 8: 157, 9: 9}, 21: {0: 10, 1: 256, 2: 2, 3: 12, 4: 159, 5: 12, 6: 9, 7: 11, 8: 12, 9: 17}, 22: {0: 13, 1: 14, 2: 12, 3: 5, 4: 8, 5: 36, 6: 13, 7: 12, 8: 195, 9: 192}, 23: {0: 12, 1: 14, 2: 13, 3: 12, 4: 394, 5: 8, 6: 13, 7: 13, 8: 11, 9: 10}, 24: {0: 13, 1: 12, 2: 9, 3: 12, 4: 134, 5: 13, 6: 14, 7: 14, 8: 10, 9: 269}, 25: {0: 11, 1: 14, 2: 64, 3: 13, 4: 16, 5: 159, 6: 6, 7: 15, 8: 104, 9: 98}, 26: {0: 4, 1: 11, 2: 16, 3: 15, 4: 8, 5: 13, 6: 84, 7: 320, 8: 17, 9: 12}, 27: {0: 80, 1: 133, 2: 9, 3: 13, 4: 11, 5: 15, 6: 205, 7: 8, 8: 13, 9: 13}, 28: {0: 33, 1: 12, 2: 52, 3: 17, 4: 186, 5: 103, 6: 70, 7: 7, 8: 10, 9: 10}, 29: {0: 15, 1: 12, 2: 10, 3: 18, 4: 137, 5: 10, 6: 5, 7: 260, 8: 22, 9: 11}, 30: {0: 111, 1: 7, 2: 13, 3: 15, 4: 10, 5: 11, 6: 9, 7: 10, 8: 302, 9: 12}, 31: {0: 16, 1: 17, 2: 246, 3: 47, 4: 13, 5: 13, 6: 20, 7: 31, 8: 15, 9: 82}, 32: {0: 13, 1: 17, 2: 18, 3: 16, 4: 14, 5: 8, 6: 10, 7: 28, 8: 362, 9: 14}, 33: {0: 15, 1: 5, 2: 9, 3: 334, 4: 44, 5: 30, 6: 12, 7: 32, 8: 11, 9: 8}, 34: {0: 15, 1: 12, 2: 28, 3: 13, 4: 14, 5: 20, 6: 381, 7: 6, 8: 5, 9: 6}, 35: {0: 400, 1: 11, 2: 9, 3: 11, 4: 11, 5: 12, 6: 3, 7: 13, 8: 17, 9: 13}, 36: {0: 232, 1: 15, 2: 11, 3: 15, 4: 9, 5: 176, 6: 9, 7: 10, 8: 11, 9: 12}, 37: {0: 11, 1: 12, 2: 25, 3: 241, 4: 13, 5: 157, 6: 7, 7: 13, 8: 13, 9: 8}, 38: {0: 400, 1: 14, 2: 7, 3: 13, 4: 14, 5: 6, 6: 9, 7: 14, 8: 8, 9: 15}, 39: {0: 129, 1: 30, 2: 4, 3: 259, 4: 12, 5: 11, 6: 9, 7: 18, 8: 15, 9: 13}, 40: {0: 400, 1: 9, 2: 14, 3: 8, 4: 8, 5: 15, 6: 14, 7: 8, 8: 12, 9: 12}, 41: {0: 264, 1: 8, 2: 8, 3: 13, 4: 60, 5: 15, 6: 15, 7: 9, 8: 9, 9: 99}, 42: {0: 7, 1: 12, 2: 11, 3: 28, 4: 17, 5: 44, 6: 348, 7: 9, 8: 8, 9: 16}, 43: {0: 11, 1: 195, 2: 16, 3: 139, 4: 23, 5: 17, 6: 8, 7: 14, 8: 62, 9: 15}, 44: {0: 46, 1: 12, 2: 12, 3: 12, 4: 12, 5: 5, 6: 12, 7: 321, 8: 10, 9: 58}, 45: {0: 9, 1: 14, 2: 8, 3: 240, 4: 51, 5: 49, 6: 14, 7: 69, 8: 34, 9: 12}, 46: {0: 12, 1: 37, 2: 91, 3: 10, 4: 10, 5: 6, 6: 10, 7: 300, 8: 12, 9: 12}, 47: {0: 11, 1: 194, 2: 68, 3: 43, 4: 25, 5: 12, 6: 7, 7: 95, 8: 14, 9: 31}, 48: {0: 14, 1: 11, 2: 101, 3: 11, 4: 9, 5: 78, 6: 4, 7: 41, 8: 218, 9: 13}, 49: {0: 8, 1: 40, 2: 9, 3: 208, 4: 8, 5: 12, 6: 21, 7: 166, 8: 14, 9: 14}, 50: {0: 7, 1: 27, 2: 9, 3: 27, 4: 12, 5: 14, 6: 12, 7: 9, 8: 17, 9: 366}, 51: {0: 10, 1: 14, 2: 10, 3: 15, 4: 9, 5: 13, 6: 394, 7: 11, 8: 15, 9: 9}, 52: {0: 13, 1: 7, 2: 20, 3: 13, 4: 41, 5: 356, 6: 13, 7: 13, 8: 15, 9: 9}, 53: {0: 11, 1: 125, 2: 18, 3: 10, 4: 11, 5: 279, 6: 9, 7: 12, 8: 13, 9: 12}, 54: {0: 86, 1: 12, 2: 13, 3: 6, 4: 92, 5: 12, 6: 206, 7: 50, 8: 9, 9: 14}, 55: {0: 51, 1: 12, 2: 227, 3: 9, 4: 14, 5: 12, 6: 12, 7: 11, 8: 24, 9: 128}, 56: {0: 139, 1: 80, 2: 40, 3: 12, 4: 118, 5: 11, 6: 28, 7: 26, 8: 9, 9: 37}, 57: {0: 9, 1: 10, 2: 12, 3: 8, 4: 11, 5: 27, 6: 19, 7: 12, 8: 381, 9: 11}, 58: {0: 12, 1: 96, 2: 12, 3: 316, 4: 12, 5: 7, 6: 12, 7: 11, 8: 7, 9: 15}, 59: {0: 14, 1: 17, 2: 11, 3: 9, 4: 9, 5: 6, 6: 71, 7: 12, 8: 339, 9: 12}, 60: {0: 14, 1: 9, 2: 133, 3: 14, 4: 13, 5: 25, 6: 14, 7: 7, 8: 258, 9: 13}, 61: {0: 12, 1: 15, 2: 11, 3: 13, 4: 9, 5: 295, 6: 12, 7: 18, 8: 12, 9: 103}, 62: {0: 24, 1: 228, 2: 10, 3: 8, 4: 13, 5: 5, 6: 169, 7: 14, 8: 18, 9: 11}, 63: {0: 14, 1: 10, 2: 10, 3: 7, 4: 35, 5: 11, 6: 13, 7: 25, 8: 145, 9: 230}, 64: {0: 10, 1: 5, 2: 14, 3: 8, 4: 9, 5: 13, 6: 400, 7: 13, 8: 15, 9: 13}, 65: {0: 10, 1: 400, 2: 13, 3: 10, 4: 6, 5: 15, 6: 13, 7: 14, 8: 12, 9: 7}, 66: {0: 33, 1: 28, 2: 24, 3: 11, 4: 8, 5: 9, 6: 31, 7: 21, 8: 12, 9: 323}, 67: {0: 33, 1: 24, 2: 370, 3: 10, 4: 8, 5: 15, 6: 13, 7: 9, 8: 9, 9: 9}, 68: {0: 11, 1: 12, 2: 8, 3: 27, 4: 226, 5: 6, 6: 38, 7: 31, 8: 14, 9: 127}, 69: {0: 10, 1: 64, 2: 13, 3: 8, 4: 85, 5: 16, 6: 11, 7: 13, 8: 14, 9: 266}, 70: {0: 400, 1: 12, 2: 11, 3: 16, 4: 8, 5: 12, 6: 11, 7: 8, 8: 12, 9: 10}, 71: {0: 12, 1: 7, 2: 5, 3: 52, 4: 14, 5: 12, 6: 362, 7: 12, 8: 14, 9: 10}, 72: {0: 9, 1: 10, 2: 47, 3: 17, 4: 12, 5: 38, 6: 13, 7: 202, 8: 14, 9: 138}, 73: {0: 7, 1: 11, 2: 120, 3: 12, 4: 34, 5: 99, 6: 49, 7: 25, 8: 11, 9: 132}, 74: {0: 52, 1: 60, 2: 10, 3: 52, 4: 80, 5: 15, 6: 12, 7: 202, 8: 11, 9: 6}, 75: {0: 13, 1: 37, 2: 125, 3: 10, 4: 6, 5: 266, 6: 11, 7: 12, 8: 11, 9: 9}, 76: {0: 18, 1: 12, 2: 327, 3: 80, 4: 14, 5: 11, 6: 9, 7: 13, 8: 8, 9: 8}, 77: {0: 110, 1: 13, 2: 84, 3: 21, 4: 230, 5: 8, 6: 6, 7: 11, 8: 10, 9: 7}, 78: {0: 12, 1: 6, 2: 9, 3: 93, 4: 317, 5: 11, 6: 16, 7: 14, 8: 5, 9: 17}, 79: {0: 8, 1: 7, 2: 13, 3: 9, 4: 18, 5: 46, 6: 99, 7: 273, 8: 14, 9: 13}, 80: {0: 71, 1: 13, 2: 8, 3: 95, 4: 17, 5: 192, 6: 70, 7: 7, 8: 12, 9: 15}, 81: {0: 16, 1: 136, 2: 8, 3: 207, 4: 50, 5: 46, 6: 11, 7: 9, 8: 6, 9: 11}, 82: {0: 10, 1: 7, 2: 50, 3: 13, 4: 9, 5: 15, 6: 14, 7: 36, 8: 32, 9: 314}, 83: {0: 12, 1: 7, 2: 14, 3: 22, 4: 141, 5: 39, 6: 11, 7: 8, 8: 234, 9: 12}, 84: {0: 181, 1: 7, 2: 30, 3: 8, 4: 10, 5: 74, 6: 15, 7: 13, 8: 146, 9: 16}, 85: {0: 260, 1: 40, 2: 13, 3: 14, 4: 12, 5: 10, 6: 122, 7: 12, 8: 8, 9: 9}, 86: {0: 18, 1: 13, 2: 111, 3: 10, 4: 11, 5: 11, 6: 6, 7: 83, 8: 31, 9: 206}, 87: {0: 9, 1: 114, 2: 300, 3: 10, 4: 10, 5: 11, 6: 12, 7: 8, 8: 17, 9: 9}, 88: {0: 16, 1: 10, 2: 6, 3: 9, 4: 16, 5: 8, 6: 9, 7: 24, 8: 388, 9: 14}, 89: {0: 7, 1: 13, 2: 12, 3: 10, 4: 25, 5: 13, 6: 18, 7: 382, 8: 8, 9: 12}, 90: {0: 12, 1: 16, 2: 15, 3: 9, 4: 40, 5: 11, 6: 62, 7: 279, 8: 8, 9: 48}, 91: {0: 13, 1: 11, 2: 25, 3: 8, 4: 220, 5: 16, 6: 7, 7: 12, 8: 17, 9: 171}, 92: {0: 81, 1: 11, 2: 8, 3: 328, 4: 14, 5: 12, 6: 15, 7: 8, 8: 13, 9: 10}, 93: {0: 16, 1: 269, 2: 25, 3: 34, 4: 13, 5: 102, 6: 12, 7: 10, 8: 11, 9: 8}, 94: {0: 14, 1: 5, 2: 10, 3: 248, 4: 11, 5: 9, 6: 160, 7: 16, 8: 16, 9: 11}, 95: {0: 10, 1: 10, 2: 13, 3: 13, 4: 62, 5: 8, 6: 16, 7: 10, 8: 18, 9: 340}, 96: {0: 114, 1: 48, 2: 57, 3: 13, 4: 217, 5: 6, 6: 13, 7: 12, 8: 7, 9: 13}, 97: {0: 13, 1: 10, 2: 54, 3: 11, 4: 10, 5: 11, 6: 354, 7: 12, 8: 11, 9: 14}, 98: {0: 15, 1: 398, 2: 14, 3: 10, 4: 13, 5: 7, 6: 11, 7: 11, 8: 14, 9: 7}, 99: {0: 16, 1: 16, 2: 56, 3: 6, 4: 11, 5: 99, 6: 261, 7: 8, 8: 14, 9: 13}}
====================================================================================================
Training started at: 2026-03-30 04:46:09
Result directory: results/fl_cifar10/fedcda/pm-dir_a-0.1_nm-uni_nr-0.2_nt-symmetric_st-least_sim_dr-0.45
Result txt file : results/fl_cifar10/fedcda/pm-dir_a-0.1_nm-uni_nr-0.2_nt-symmetric_st-least_sim_dr-0.45/fedcda_fl_cifar10_20260330-044609-459437_pid3106705.txt
Result log file : results/fl_cifar10/fedcda/pm-dir_a-0.1_nm-uni_nr-0.2_nt-symmetric_st-least_sim_dr-0.45/fedcda_fl_cifar10_20260330-044609-459437_pid3106705.log
----------------------------------------------------------------------------------------------------
Model: fedcda
Dataset: fl_cifar10
Structure: homogeneity
Participants: 100
Online ratio: 0.1
Communication epochs: 100
Local epoch: 10
Local batch size: 64
Local lr: 0.01
Partition mode: dirichlet
Dirichlet alpha: 0.1
Noise mode: uniform
Noise rate: 0.2
Noise type: symmetric
Noise max: 0.3
Denoise score alpha: 0.5
Drop rate: 0.45
Denoise strategy: least_sim
FedProx mu: 0.01
FedRDN std: 0.01
FedCDA history size: NA
FedGLoSS beta: 0.01
Averaging: weight
Seed: 0
====================================================================================================
[Round 001/100] Acc=10.000 | RoundTime=24.04s | TotalTime=24.04s | Method=fedcda
[Round 002/100] Acc=18.050 | RoundTime=23.51s | TotalTime=47.56s | Method=fedcda
[Round 003/100] Acc=15.530 | RoundTime=23.75s | TotalTime=71.31s | Method=fedcda
[Round 004/100] Acc=10.780 | RoundTime=23.82s | TotalTime=95.13s | Method=fedcda
[Round 005/100] Acc=17.580 | RoundTime=24.05s | TotalTime=119.18s | Method=fedcda
[Round 006/100] Acc=22.900 | RoundTime=23.42s | TotalTime=142.61s | Method=fedcda
[Round 007/100] Acc=23.650 | RoundTime=23.94s | TotalTime=166.54s | Method=fedcda
[Round 008/100] Acc=19.380 | RoundTime=23.75s | TotalTime=190.29s | Method=fedcda
[Round 009/100] Acc=23.710 | RoundTime=24.25s | TotalTime=214.54s | Method=fedcda
[Round 010/100] Acc=30.850 | RoundTime=25.62s | TotalTime=240.16s | Method=fedcda
[Round 011/100] Acc=23.100 | RoundTime=23.55s | TotalTime=263.71s | Method=fedcda
[Round 012/100] Acc=12.090 | RoundTime=24.40s | TotalTime=288.11s | Method=fedcda
[Round 013/100] Acc=22.580 | RoundTime=20.14s | TotalTime=308.25s | Method=fedcda
[Round 014/100] Acc=21.160 | RoundTime=20.07s | TotalTime=328.32s | Method=fedcda
[Round 015/100] Acc=25.190 | RoundTime=19.94s | TotalTime=348.25s | Method=fedcda
[Round 016/100] Acc=18.410 | RoundTime=19.85s | TotalTime=368.10s | Method=fedcda
[Round 017/100] Acc=24.420 | RoundTime=20.05s | TotalTime=388.15s | Method=fedcda
[Round 018/100] Acc=14.370 | RoundTime=19.82s | TotalTime=407.98s | Method=fedcda
[Round 019/100] Acc=37.150 | RoundTime=20.31s | TotalTime=428.29s | Method=fedcda
[Round 020/100] Acc=19.840 | RoundTime=20.47s | TotalTime=448.75s | Method=fedcda
[Round 021/100] Acc=24.850 | RoundTime=20.34s | TotalTime=469.09s | Method=fedcda
[Round 022/100] Acc=19.600 | RoundTime=20.36s | TotalTime=489.45s | Method=fedcda
[Round 023/100] Acc=33.250 | RoundTime=22.70s | TotalTime=512.15s | Method=fedcda
[Round 024/100] Acc=22.570 | RoundTime=20.56s | TotalTime=532.71s | Method=fedcda
[Round 025/100] Acc=28.590 | RoundTime=20.75s | TotalTime=553.46s | Method=fedcda
[Round 026/100] Acc=24.030 | RoundTime=20.40s | TotalTime=573.86s | Method=fedcda
[Round 027/100] Acc=23.730 | RoundTime=20.62s | TotalTime=594.48s | Method=fedcda
[Round 028/100] Acc=31.830 | RoundTime=20.75s | TotalTime=615.23s | Method=fedcda
[Round 029/100] Acc=27.570 | RoundTime=21.00s | TotalTime=636.23s | Method=fedcda
[Round 030/100] Acc=31.430 | RoundTime=20.78s | TotalTime=657.01s | Method=fedcda
[Round 031/100] Acc=16.870 | RoundTime=20.64s | TotalTime=677.65s | Method=fedcda
[Round 032/100] Acc=25.040 | RoundTime=20.89s | TotalTime=698.54s | Method=fedcda
[Round 033/100] Acc=29.760 | RoundTime=20.74s | TotalTime=719.28s | Method=fedcda
[Round 034/100] Acc=32.540 | RoundTime=20.62s | TotalTime=739.90s | Method=fedcda
[Round 035/100] Acc=30.720 | RoundTime=20.72s | TotalTime=760.63s | Method=fedcda
[Round 036/100] Acc=30.450 | RoundTime=23.07s | TotalTime=783.69s | Method=fedcda
[Round 037/100] Acc=20.550 | RoundTime=20.97s | TotalTime=804.66s | Method=fedcda
[Round 038/100] Acc=26.630 | RoundTime=20.78s | TotalTime=825.44s | Method=fedcda
[Round 039/100] Acc=34.620 | RoundTime=20.94s | TotalTime=846.38s | Method=fedcda
[Round 040/100] Acc=23.790 | RoundTime=20.85s | TotalTime=867.23s | Method=fedcda
[Round 041/100] Acc=21.310 | RoundTime=21.03s | TotalTime=888.26s | Method=fedcda
[Round 042/100] Acc=29.490 | RoundTime=20.86s | TotalTime=909.12s | Method=fedcda
[Round 043/100] Acc=32.650 | RoundTime=20.66s | TotalTime=929.79s | Method=fedcda
[Round 044/100] Acc=32.180 | RoundTime=21.16s | TotalTime=950.94s | Method=fedcda
[Round 045/100] Acc=26.360 | RoundTime=20.97s | TotalTime=971.92s | Method=fedcda
[Round 046/100] Acc=23.810 | RoundTime=21.05s | TotalTime=992.97s | Method=fedcda
[Round 047/100] Acc=28.870 | RoundTime=20.83s | TotalTime=1013.80s | Method=fedcda
[Round 048/100] Acc=27.060 | RoundTime=20.90s | TotalTime=1034.70s | Method=fedcda
[Round 049/100] Acc=33.030 | RoundTime=20.82s | TotalTime=1055.52s | Method=fedcda
[Round 050/100] Acc=34.290 | RoundTime=22.62s | TotalTime=1078.14s | Method=fedcda
[Round 051/100] Acc=28.040 | RoundTime=32.03s | TotalTime=1110.17s | Method=fedcda
[Round 052/100] Acc=28.590 | RoundTime=31.55s | TotalTime=1141.73s | Method=fedcda
[Round 053/100] Acc=28.610 | RoundTime=32.04s | TotalTime=1173.76s | Method=fedcda
[Round 054/100] Acc=27.830 | RoundTime=31.94s | TotalTime=1205.70s | Method=fedcda
[Round 055/100] Acc=28.200 | RoundTime=31.98s | TotalTime=1237.67s | Method=fedcda
[Round 056/100] Acc=28.560 | RoundTime=32.70s | TotalTime=1270.37s | Method=fedcda
[Round 057/100] Acc=28.850 | RoundTime=32.64s | TotalTime=1303.02s | Method=fedcda
[Round 058/100] Acc=29.000 | RoundTime=31.61s | TotalTime=1334.62s | Method=fedcda
[Round 059/100] Acc=28.840 | RoundTime=31.97s | TotalTime=1366.59s | Method=fedcda
[Round 060/100] Acc=28.710 | RoundTime=31.94s | TotalTime=1398.53s | Method=fedcda
[Round 061/100] Acc=28.190 | RoundTime=33.48s | TotalTime=1432.01s | Method=fedcda
[Round 062/100] Acc=30.470 | RoundTime=32.05s | TotalTime=1464.06s | Method=fedcda
[Round 063/100] Acc=30.300 | RoundTime=31.66s | TotalTime=1495.72s | Method=fedcda
[Round 064/100] Acc=30.120 | RoundTime=31.27s | TotalTime=1526.99s | Method=fedcda
[Round 065/100] Acc=30.050 | RoundTime=32.18s | TotalTime=1559.17s | Method=fedcda
[Round 066/100] Acc=30.010 | RoundTime=32.16s | TotalTime=1591.33s | Method=fedcda
[Round 067/100] Acc=30.320 | RoundTime=31.82s | TotalTime=1623.16s | Method=fedcda
[Round 068/100] Acc=29.720 | RoundTime=31.86s | TotalTime=1655.02s | Method=fedcda
[Round 069/100] Acc=31.850 | RoundTime=33.48s | TotalTime=1688.49s | Method=fedcda
[Round 070/100] Acc=31.780 | RoundTime=31.92s | TotalTime=1720.42s | Method=fedcda
[Round 071/100] Acc=31.640 | RoundTime=31.88s | TotalTime=1752.30s | Method=fedcda
[Round 072/100] Acc=31.640 | RoundTime=32.12s | TotalTime=1784.42s | Method=fedcda
[Round 073/100] Acc=31.690 | RoundTime=32.59s | TotalTime=1817.01s | Method=fedcda
[Round 074/100] Acc=31.490 | RoundTime=32.67s | TotalTime=1849.67s | Method=fedcda
[Round 075/100] Acc=31.760 | RoundTime=32.45s | TotalTime=1882.13s | Method=fedcda
[Round 076/100] Acc=31.910 | RoundTime=32.65s | TotalTime=1914.78s | Method=fedcda
[Round 077/100] Acc=31.990 | RoundTime=32.39s | TotalTime=1947.17s | Method=fedcda
[Round 078/100] Acc=31.590 | RoundTime=35.32s | TotalTime=1982.49s | Method=fedcda
[Round 079/100] Acc=31.760 | RoundTime=32.58s | TotalTime=2015.07s | Method=fedcda
[Round 080/100] Acc=31.850 | RoundTime=33.44s | TotalTime=2048.52s | Method=fedcda
[Round 081/100] Acc=31.580 | RoundTime=32.63s | TotalTime=2081.15s | Method=fedcda
[Round 082/100] Acc=31.370 | RoundTime=32.48s | TotalTime=2113.63s | Method=fedcda
[Round 083/100] Acc=31.710 | RoundTime=32.94s | TotalTime=2146.57s | Method=fedcda
[Round 084/100] Acc=28.120 | RoundTime=32.90s | TotalTime=2179.47s | Method=fedcda
[Round 085/100] Acc=28.250 | RoundTime=32.91s | TotalTime=2212.38s | Method=fedcda
[Round 086/100] Acc=27.970 | RoundTime=32.61s | TotalTime=2244.99s | Method=fedcda
[Round 087/100] Acc=27.370 | RoundTime=32.73s | TotalTime=2277.73s | Method=fedcda
[Round 088/100] Acc=27.360 | RoundTime=33.04s | TotalTime=2310.77s | Method=fedcda
[Round 089/100] Acc=27.450 | RoundTime=33.02s | TotalTime=2343.79s | Method=fedcda
[Round 090/100] Acc=27.700 | RoundTime=32.71s | TotalTime=2376.50s | Method=fedcda
[Round 091/100] Acc=27.510 | RoundTime=32.55s | TotalTime=2409.05s | Method=fedcda
[Round 092/100] Acc=27.620 | RoundTime=32.82s | TotalTime=2441.87s | Method=fedcda
[Round 093/100] Acc=27.830 | RoundTime=32.95s | TotalTime=2474.83s | Method=fedcda
[Round 094/100] Acc=27.720 | RoundTime=32.98s | TotalTime=2507.81s | Method=fedcda
[Round 095/100] Acc=27.740 | RoundTime=32.56s | TotalTime=2540.38s | Method=fedcda
[Round 096/100] Acc=27.710 | RoundTime=32.65s | TotalTime=2573.03s | Method=fedcda
[Round 097/100] Acc=27.520 | RoundTime=32.32s | TotalTime=2605.35s | Method=fedcda
[Round 098/100] Acc=32.000 | RoundTime=32.32s | TotalTime=2637.67s | Method=fedcda
[Round 099/100] Acc=31.910 | RoundTime=32.65s | TotalTime=2670.31s | Method=fedcda
[Round 100/100] Acc=31.920 | RoundTime=32.63s | TotalTime=2702.95s | Method=fedcda
====================================================================================================
Training finished at: 2026-03-30 05:31:12
Total elapsed time: 2702.95s
Final Acc: 31.920
Best Acc : 37.150
====================================================================================================
