fedcda_100_fl_svhn_pm-dirichlet_alpha-0.1_nm-uniform_nr-0.3_0.1_100_10
mean: 732.57
std: 0.4950757517794625
Data statistics: {0: {0: 29, 1: 47, 2: 120, 3: 28, 4: 55, 5: 20, 6: 304, 7: 22, 8: 23, 9: 85}, 1: {0: 28, 1: 29, 2: 26, 3: 20, 4: 514, 5: 23, 6: 17, 7: 21, 8: 30, 9: 25}, 2: {0: 24, 1: 27, 2: 45, 3: 31, 4: 26, 5: 211, 6: 241, 7: 19, 8: 88, 9: 21}, 3: {0: 27, 1: 24, 2: 77, 3: 29, 4: 42, 5: 26, 6: 30, 7: 23, 8: 22, 9: 433}, 4: {0: 260, 1: 28, 2: 168, 3: 27, 4: 17, 5: 24, 6: 25, 7: 28, 8: 23, 9: 133}, 5: {0: 15, 1: 59, 2: 28, 3: 29, 4: 27, 5: 27, 6: 479, 7: 26, 8: 21, 9: 22}, 6: {0: 18, 1: 514, 2: 26, 3: 28, 4: 31, 5: 28, 6: 25, 7: 18, 8: 24, 9: 21}, 7: {0: 32, 1: 27, 2: 23, 3: 26, 4: 182, 5: 23, 6: 27, 7: 351, 8: 13, 9: 29}, 8: {0: 34, 1: 506, 2: 22, 3: 29, 4: 21, 5: 23, 6: 32, 7: 27, 8: 15, 9: 24}, 9: {0: 24, 1: 24, 2: 95, 3: 155, 4: 322, 5: 23, 6: 22, 7: 21, 8: 23, 9: 24}, 10: {0: 323, 1: 37, 2: 19, 3: 27, 4: 27, 5: 29, 6: 17, 7: 25, 8: 203, 9: 26}, 11: {0: 28, 1: 268, 2: 21, 3: 24, 4: 30, 5: 23, 6: 17, 7: 267, 8: 30, 9: 25}, 12: {0: 23, 1: 514, 2: 30, 3: 21, 4: 21, 5: 22, 6: 28, 7: 28, 8: 28, 9: 18}, 13: {0: 79, 1: 458, 2: 19, 3: 23, 4: 24, 5: 34, 6: 26, 7: 22, 8: 26, 9: 22}, 14: {0: 30, 1: 36, 2: 48, 3: 25, 4: 21, 5: 388, 6: 20, 7: 26, 8: 109, 9: 30}, 15: {0: 26, 1: 228, 2: 312, 3: 29, 4: 24, 5: 31, 6: 17, 7: 27, 8: 19, 9: 20}, 16: {0: 30, 1: 121, 2: 23, 3: 33, 4: 17, 5: 29, 6: 25, 7: 194, 8: 102, 9: 159}, 17: {0: 20, 1: 19, 2: 186, 3: 27, 4: 26, 5: 344, 6: 30, 7: 27, 8: 27, 9: 27}, 18: {0: 23, 1: 211, 2: 26, 3: 34, 4: 331, 5: 21, 6: 16, 7: 24, 8: 23, 9: 24}, 19: {0: 108, 1: 28, 2: 33, 3: 442, 4: 23, 5: 17, 6: 30, 7: 20, 8: 10, 9: 22}, 20: {0: 24, 1: 167, 2: 372, 3: 24, 4: 23, 5: 22, 6: 28, 7: 18, 8: 23, 9: 32}, 21: {0: 42, 1: 16, 2: 20, 3: 41, 4: 296, 5: 28, 6: 88, 7: 29, 8: 82, 9: 91}, 22: {0: 25, 1: 19, 2: 178, 3: 111, 4: 33, 5: 18, 6: 30, 7: 268, 8: 19, 9: 32}, 23: {0: 43, 1: 22, 2: 57, 3: 206, 4: 277, 5: 30, 6: 22, 7: 20, 8: 31, 9: 25}, 24: {0: 34, 1: 30, 2: 46, 3: 16, 4: 21, 5: 26, 6: 346, 7: 170, 8: 15, 9: 29}, 25: {0: 18, 1: 27, 2: 35, 3: 115, 4: 24, 5: 57, 6: 30, 7: 212, 8: 30, 9: 185}, 26: {0: 27, 1: 514, 2: 10, 3: 32, 4: 25, 5: 26, 6: 22, 7: 20, 8: 28, 9: 29}, 27: {0: 35, 1: 514, 2: 18, 3: 26, 4: 21, 5: 23, 6: 26, 7: 21, 8: 21, 9: 28}, 28: {0: 30, 1: 26, 2: 16, 3: 23, 4: 29, 5: 53, 6: 157, 7: 23, 8: 349, 9: 27}, 29: {0: 35, 1: 27, 2: 29, 3: 26, 4: 28, 5: 23, 6: 18, 7: 508, 8: 19, 9: 20}, 30: {0: 25, 1: 288, 2: 30, 3: 24, 4: 25, 5: 17, 6: 24, 7: 21, 8: 49, 9: 230}, 31: {0: 56, 1: 24, 2: 102, 3: 20, 4: 17, 5: 409, 6: 28, 7: 19, 8: 33, 9: 25}, 32: {0: 24, 1: 22, 2: 514, 3: 25, 4: 20, 5: 26, 6: 22, 7: 27, 8: 27, 9: 26}, 33: {0: 19, 1: 514, 2: 23, 3: 26, 4: 22, 5: 30, 6: 20, 7: 24, 8: 24, 9: 31}, 34: {0: 23, 1: 26, 2: 25, 3: 34, 4: 493, 5: 18, 6: 33, 7: 25, 8: 33, 9: 23}, 35: {0: 29, 1: 22, 2: 514, 3: 25, 4: 24, 5: 24, 6: 23, 7: 18, 8: 28, 9: 26}, 36: {0: 30, 1: 21, 2: 185, 3: 70, 4: 152, 5: 184, 6: 25, 7: 20, 8: 15, 9: 31}, 37: {0: 35, 1: 31, 2: 307, 3: 12, 4: 20, 5: 43, 6: 208, 7: 24, 8: 25, 9: 28}, 38: {0: 56, 1: 29, 2: 25, 3: 395, 4: 25, 5: 107, 6: 23, 7: 22, 8: 27, 9: 24}, 39: {0: 26, 1: 19, 2: 34, 3: 28, 4: 33, 5: 18, 6: 58, 7: 25, 8: 76, 9: 416}, 40: {0: 514, 1: 16, 2: 23, 3: 25, 4: 25, 5: 29, 6: 19, 7: 27, 8: 31, 9: 24}, 41: {0: 23, 1: 25, 2: 514, 3: 31, 4: 30, 5: 30, 6: 29, 7: 15, 8: 20, 9: 16}, 42: {0: 31, 1: 28, 2: 419, 3: 45, 4: 45, 5: 62, 6: 29, 7: 28, 8: 25, 9: 21}, 43: {0: 24, 1: 48, 2: 53, 3: 23, 4: 23, 5: 463, 6: 28, 7: 22, 8: 26, 9: 23}, 44: {0: 21, 1: 66, 2: 215, 3: 25, 4: 23, 5: 28, 6: 39, 7: 19, 8: 279, 9: 18}, 45: {0: 30, 1: 21, 2: 40, 3: 172, 4: 34, 5: 23, 6: 26, 7: 24, 8: 336, 9: 27}, 46: {0: 31, 1: 274, 2: 32, 3: 24, 4: 19, 5: 34, 6: 25, 7: 25, 8: 245, 9: 24}, 47: {0: 29, 1: 419, 2: 24, 3: 23, 4: 16, 5: 111, 6: 21, 7: 38, 8: 29, 9: 23}, 48: {0: 31, 1: 269, 2: 27, 3: 26, 4: 29, 5: 22, 6: 21, 7: 25, 8: 260, 9: 23}, 49: {0: 21, 1: 47, 2: 119, 3: 47, 4: 129, 5: 17, 6: 25, 7: 279, 8: 21, 9: 28}, 50: {0: 18, 1: 348, 2: 22, 3: 30, 4: 198, 5: 26, 6: 22, 7: 22, 8: 25, 9: 22}, 51: {0: 26, 1: 21, 2: 24, 3: 19, 4: 37, 5: 20, 6: 189, 7: 35, 8: 32, 9: 330}, 52: {0: 25, 1: 17, 2: 28, 3: 26, 4: 24, 5: 29, 6: 25, 7: 510, 8: 22, 9: 27}, 53: {0: 30, 1: 23, 2: 25, 3: 21, 4: 28, 5: 16, 6: 92, 7: 30, 8: 443, 9: 25}, 54: {0: 29, 1: 38, 2: 27, 3: 27, 4: 22, 5: 25, 6: 29, 7: 283, 8: 234, 9: 19}, 55: {0: 97, 1: 31, 2: 23, 3: 350, 4: 78, 5: 19, 6: 26, 7: 36, 8: 25, 9: 48}, 56: {0: 27, 1: 25, 2: 134, 3: 27, 4: 411, 5: 19, 6: 25, 7: 22, 8: 23, 9: 20}, 57: {0: 23, 1: 32, 2: 348, 3: 42, 4: 169, 5: 23, 6: 23, 7: 19, 8: 26, 9: 27}, 58: {0: 156, 1: 114, 2: 25, 3: 38, 4: 291, 5: 22, 6: 22, 7: 15, 8: 32, 9: 17}, 59: {0: 79, 1: 34, 2: 115, 3: 365, 4: 24, 5: 20, 6: 25, 7: 22, 8: 29, 9: 19}, 60: {0: 158, 1: 21, 2: 23, 3: 22, 4: 22, 5: 25, 6: 204, 7: 61, 8: 25, 9: 171}, 61: {0: 22, 1: 210, 2: 21, 3: 27, 4: 323, 5: 24, 6: 30, 7: 27, 8: 24, 9: 24}, 62: {0: 27, 1: 16, 2: 22, 3: 22, 4: 29, 5: 28, 6: 26, 7: 31, 8: 24, 9: 507}, 63: {0: 18, 1: 21, 2: 16, 3: 513, 4: 24, 5: 29, 6: 29, 7: 27, 8: 30, 9: 25}, 64: {0: 24, 1: 73, 2: 48, 3: 22, 4: 18, 5: 363, 6: 25, 7: 98, 8: 27, 9: 34}, 65: {0: 26, 1: 385, 2: 14, 3: 24, 4: 19, 5: 28, 6: 23, 7: 28, 8: 38, 9: 147}, 66: {0: 215, 1: 196, 2: 62, 3: 114, 4: 31, 5: 23, 6: 21, 7: 16, 8: 19, 9: 35}, 67: {0: 376, 1: 12, 2: 39, 3: 25, 4: 33, 5: 147, 6: 19, 7: 32, 8: 20, 9: 29}, 68: {0: 23, 1: 61, 2: 27, 3: 172, 4: 85, 5: 28, 6: 21, 7: 261, 8: 29, 9: 25}, 69: {0: 31, 1: 154, 2: 144, 3: 265, 4: 16, 5: 27, 6: 29, 7: 22, 8: 25, 9: 19}, 70: {0: 21, 1: 25, 2: 481, 3: 27, 4: 25, 5: 47, 6: 34, 7: 22, 8: 27, 9: 23}, 71: {0: 31, 1: 25, 2: 509, 3: 17, 4: 25, 5: 34, 6: 23, 7: 24, 8: 24, 9: 20}, 72: {0: 221, 1: 28, 2: 24, 3: 229, 4: 102, 5: 22, 6: 17, 7: 29, 8: 33, 9: 27}, 73: {0: 29, 1: 510, 2: 23, 3: 21, 4: 30, 5: 34, 6: 23, 7: 20, 8: 15, 9: 27}, 74: {0: 23, 1: 17, 2: 26, 3: 108, 4: 19, 5: 308, 6: 153, 7: 26, 8: 29, 9: 23}, 75: {0: 125, 1: 37, 2: 29, 3: 127, 4: 23, 5: 29, 6: 295, 7: 23, 8: 26, 9: 18}, 76: {0: 22, 1: 450, 2: 28, 3: 31, 4: 13, 5: 24, 6: 31, 7: 14, 8: 90, 9: 29}, 77: {0: 30, 1: 25, 2: 184, 3: 32, 4: 27, 5: 334, 6: 23, 7: 26, 8: 24, 9: 27}, 78: {0: 35, 1: 21, 2: 33, 3: 24, 4: 25, 5: 23, 6: 242, 7: 280, 8: 25, 9: 24}, 79: {0: 27, 1: 19, 2: 27, 3: 108, 4: 23, 5: 115, 6: 132, 7: 28, 8: 220, 9: 33}, 80: {0: 31, 1: 187, 2: 23, 3: 23, 4: 20, 5: 28, 6: 347, 7: 26, 8: 22, 9: 25}, 81: {0: 34, 1: 113, 2: 31, 3: 39, 4: 25, 5: 29, 6: 17, 7: 81, 8: 338, 9: 25}, 82: {0: 30, 1: 242, 2: 16, 3: 29, 4: 47, 5: 268, 6: 32, 7: 22, 8: 24, 9: 22}, 83: {0: 63, 1: 25, 2: 22, 3: 477, 4: 17, 5: 23, 6: 33, 7: 21, 8: 25, 9: 26}, 84: {0: 17, 1: 211, 2: 45, 3: 28, 4: 26, 5: 34, 6: 299, 7: 21, 8: 19, 9: 32}, 85: {0: 259, 1: 20, 2: 21, 3: 33, 4: 24, 5: 23, 6: 274, 7: 28, 8: 29, 9: 21}, 86: {0: 21, 1: 22, 2: 28, 3: 31, 4: 510, 5: 23, 6: 34, 7: 20, 8: 21, 9: 22}, 87: {0: 34, 1: 24, 2: 25, 3: 19, 4: 49, 5: 481, 6: 27, 7: 28, 8: 20, 9: 25}, 88: {0: 31, 1: 23, 2: 23, 3: 512, 4: 25, 5: 21, 6: 25, 7: 20, 8: 25, 9: 27}, 89: {0: 44, 1: 23, 2: 504, 3: 33, 4: 20, 5: 17, 6: 19, 7: 25, 8: 30, 9: 17}, 90: {0: 27, 1: 30, 2: 186, 3: 20, 4: 345, 5: 25, 6: 18, 7: 23, 8: 31, 9: 27}, 91: {0: 66, 1: 24, 2: 381, 3: 88, 4: 55, 5: 25, 6: 23, 7: 15, 8: 29, 9: 26}, 92: {0: 20, 1: 19, 2: 26, 3: 33, 4: 21, 5: 421, 6: 23, 7: 25, 8: 24, 9: 120}, 93: {0: 25, 1: 260, 2: 24, 3: 114, 4: 43, 5: 17, 6: 33, 7: 159, 8: 26, 9: 31}, 94: {0: 33, 1: 53, 2: 28, 3: 24, 4: 58, 5: 17, 6: 30, 7: 108, 8: 363, 9: 18}, 95: {0: 36, 1: 28, 2: 26, 3: 440, 4: 19, 5: 92, 6: 19, 7: 24, 8: 20, 9: 28}, 96: {0: 26, 1: 513, 2: 26, 3: 24, 4: 19, 5: 24, 6: 29, 7: 24, 8: 22, 9: 25}, 97: {0: 21, 1: 28, 2: 25, 3: 513, 4: 26, 5: 29, 6: 22, 7: 29, 8: 17, 9: 22}, 98: {0: 433, 1: 18, 2: 30, 3: 26, 4: 28, 5: 103, 6: 27, 7: 23, 8: 23, 9: 21}, 99: {0: 14, 1: 22, 2: 25, 3: 25, 4: 26, 5: 27, 6: 139, 7: 34, 8: 29, 9: 391}}
====================================================================================================
Training started at: 2026-03-27 04:32:12
Result directory: results/fl_svhn/fedcda/pm-dir_a-0.1_nm-uni_nr-0.3_nt-symmetric_st-least_sim_dr-0.15
Result txt file : results/fl_svhn/fedcda/pm-dir_a-0.1_nm-uni_nr-0.3_nt-symmetric_st-least_sim_dr-0.15/fedcda_fl_svhn_20260327-043212-144400_pid3137443.txt
Result log file : results/fl_svhn/fedcda/pm-dir_a-0.1_nm-uni_nr-0.3_nt-symmetric_st-least_sim_dr-0.15/fedcda_fl_svhn_20260327-043212-144400_pid3137443.log
----------------------------------------------------------------------------------------------------
Model: fedcda
Dataset: fl_svhn
Structure: homogeneity
Participants: 100
Online ratio: 0.1
Communication epochs: 100
Local epoch: 10
Local batch size: 64
Local lr: 0.01
Partition mode: dirichlet
Dirichlet alpha: 0.1
Noise mode: uniform
Noise rate: 0.3
Noise type: symmetric
Noise max: 0.3
Denoise score alpha: 0.5
Drop rate: 0.15
Denoise strategy: least_sim
FedProx mu: 0.01
FedRDN std: 0.01
FedCDA history size: NA
FedGLoSS beta: 0.01
Averaging: weight
Seed: 0
====================================================================================================
[Round 001/100] Acc=6.390 | RoundTime=25.43s | TotalTime=25.43s | Method=fedcda
[Round 002/100] Acc=19.590 | RoundTime=28.48s | TotalTime=53.92s | Method=fedcda
[Round 003/100] Acc=23.230 | RoundTime=28.72s | TotalTime=82.63s | Method=fedcda
[Round 004/100] Acc=40.250 | RoundTime=29.00s | TotalTime=111.64s | Method=fedcda
[Round 005/100] Acc=31.490 | RoundTime=28.60s | TotalTime=140.24s | Method=fedcda
[Round 006/100] Acc=44.550 | RoundTime=29.94s | TotalTime=170.18s | Method=fedcda
[Round 007/100] Acc=14.600 | RoundTime=29.36s | TotalTime=199.53s | Method=fedcda
[Round 008/100] Acc=40.100 | RoundTime=27.48s | TotalTime=227.01s | Method=fedcda
[Round 009/100] Acc=29.720 | RoundTime=29.05s | TotalTime=256.06s | Method=fedcda
[Round 010/100] Acc=36.360 | RoundTime=31.17s | TotalTime=287.23s | Method=fedcda
[Round 011/100] Acc=29.710 | RoundTime=30.39s | TotalTime=317.62s | Method=fedcda
[Round 012/100] Acc=33.060 | RoundTime=31.29s | TotalTime=348.91s | Method=fedcda
[Round 013/100] Acc=29.520 | RoundTime=31.10s | TotalTime=380.01s | Method=fedcda
[Round 014/100] Acc=32.910 | RoundTime=30.13s | TotalTime=410.14s | Method=fedcda
[Round 015/100] Acc=44.390 | RoundTime=28.79s | TotalTime=438.93s | Method=fedcda
[Round 016/100] Acc=35.740 | RoundTime=30.47s | TotalTime=469.41s | Method=fedcda
[Round 017/100] Acc=39.740 | RoundTime=30.03s | TotalTime=499.44s | Method=fedcda
[Round 018/100] Acc=21.250 | RoundTime=28.79s | TotalTime=528.23s | Method=fedcda
[Round 019/100] Acc=28.910 | RoundTime=29.77s | TotalTime=558.00s | Method=fedcda
[Round 020/100] Acc=45.390 | RoundTime=30.77s | TotalTime=588.77s | Method=fedcda
[Round 021/100] Acc=38.230 | RoundTime=31.64s | TotalTime=620.41s | Method=fedcda
[Round 022/100] Acc=44.350 | RoundTime=30.64s | TotalTime=651.04s | Method=fedcda
[Round 023/100] Acc=36.440 | RoundTime=31.29s | TotalTime=682.33s | Method=fedcda
[Round 024/100] Acc=30.270 | RoundTime=30.58s | TotalTime=712.91s | Method=fedcda
[Round 025/100] Acc=41.200 | RoundTime=31.25s | TotalTime=744.16s | Method=fedcda
[Round 026/100] Acc=45.490 | RoundTime=30.01s | TotalTime=774.17s | Method=fedcda
[Round 027/100] Acc=37.370 | RoundTime=30.73s | TotalTime=804.90s | Method=fedcda
[Round 028/100] Acc=35.840 | RoundTime=29.38s | TotalTime=834.28s | Method=fedcda
[Round 029/100] Acc=40.410 | RoundTime=30.97s | TotalTime=865.25s | Method=fedcda
[Round 030/100] Acc=37.960 | RoundTime=30.95s | TotalTime=896.20s | Method=fedcda
[Round 031/100] Acc=35.650 | RoundTime=29.95s | TotalTime=926.16s | Method=fedcda
[Round 032/100] Acc=38.700 | RoundTime=32.04s | TotalTime=958.20s | Method=fedcda
[Round 033/100] Acc=43.900 | RoundTime=29.92s | TotalTime=988.12s | Method=fedcda
[Round 034/100] Acc=39.970 | RoundTime=31.47s | TotalTime=1019.59s | Method=fedcda
[Round 035/100] Acc=42.410 | RoundTime=30.15s | TotalTime=1049.74s | Method=fedcda
[Round 036/100] Acc=38.510 | RoundTime=31.23s | TotalTime=1080.98s | Method=fedcda
[Round 037/100] Acc=44.420 | RoundTime=30.24s | TotalTime=1111.22s | Method=fedcda
[Round 038/100] Acc=33.940 | RoundTime=32.58s | TotalTime=1143.79s | Method=fedcda
[Round 039/100] Acc=45.230 | RoundTime=32.09s | TotalTime=1175.88s | Method=fedcda
[Round 040/100] Acc=26.510 | RoundTime=33.96s | TotalTime=1209.84s | Method=fedcda
[Round 041/100] Acc=42.790 | RoundTime=32.58s | TotalTime=1242.43s | Method=fedcda
[Round 042/100] Acc=37.240 | RoundTime=33.16s | TotalTime=1275.59s | Method=fedcda
[Round 043/100] Acc=37.690 | RoundTime=33.59s | TotalTime=1309.18s | Method=fedcda
[Round 044/100] Acc=34.250 | RoundTime=33.72s | TotalTime=1342.90s | Method=fedcda
[Round 045/100] Acc=42.400 | RoundTime=31.26s | TotalTime=1374.16s | Method=fedcda
[Round 046/100] Acc=30.110 | RoundTime=32.35s | TotalTime=1406.51s | Method=fedcda
[Round 047/100] Acc=50.990 | RoundTime=30.79s | TotalTime=1437.30s | Method=fedcda
[Round 048/100] Acc=43.290 | RoundTime=34.04s | TotalTime=1471.33s | Method=fedcda
[Round 049/100] Acc=42.040 | RoundTime=31.61s | TotalTime=1502.95s | Method=fedcda
[Round 050/100] Acc=34.270 | RoundTime=31.74s | TotalTime=1534.69s | Method=fedcda
[Round 051/100] Acc=35.250 | RoundTime=42.02s | TotalTime=1576.71s | Method=fedcda
[Round 052/100] Acc=36.150 | RoundTime=37.19s | TotalTime=1613.91s | Method=fedcda
[Round 053/100] Acc=37.020 | RoundTime=36.85s | TotalTime=1650.75s | Method=fedcda
[Round 054/100] Acc=37.560 | RoundTime=37.55s | TotalTime=1688.30s | Method=fedcda
[Round 055/100] Acc=37.570 | RoundTime=37.27s | TotalTime=1725.57s | Method=fedcda
[Round 056/100] Acc=33.690 | RoundTime=37.33s | TotalTime=1762.90s | Method=fedcda
[Round 057/100] Acc=33.630 | RoundTime=36.52s | TotalTime=1799.42s | Method=fedcda
[Round 058/100] Acc=34.060 | RoundTime=37.04s | TotalTime=1836.46s | Method=fedcda
[Round 059/100] Acc=33.600 | RoundTime=36.99s | TotalTime=1873.45s | Method=fedcda
[Round 060/100] Acc=33.920 | RoundTime=36.77s | TotalTime=1910.22s | Method=fedcda
[Round 061/100] Acc=34.110 | RoundTime=36.32s | TotalTime=1946.54s | Method=fedcda
[Round 062/100] Acc=33.800 | RoundTime=36.61s | TotalTime=1983.14s | Method=fedcda
[Round 063/100] Acc=33.720 | RoundTime=37.31s | TotalTime=2020.46s | Method=fedcda
[Round 064/100] Acc=33.770 | RoundTime=37.09s | TotalTime=2057.54s | Method=fedcda
[Round 065/100] Acc=33.290 | RoundTime=37.14s | TotalTime=2094.69s | Method=fedcda
[Round 066/100] Acc=32.820 | RoundTime=36.54s | TotalTime=2131.22s | Method=fedcda
[Round 067/100] Acc=32.680 | RoundTime=36.97s | TotalTime=2168.19s | Method=fedcda
[Round 068/100] Acc=32.900 | RoundTime=36.85s | TotalTime=2205.04s | Method=fedcda
[Round 069/100] Acc=34.150 | RoundTime=36.93s | TotalTime=2241.97s | Method=fedcda
[Round 070/100] Acc=33.900 | RoundTime=36.75s | TotalTime=2278.72s | Method=fedcda
[Round 071/100] Acc=33.590 | RoundTime=36.94s | TotalTime=2315.66s | Method=fedcda
[Round 072/100] Acc=33.650 | RoundTime=36.95s | TotalTime=2352.61s | Method=fedcda
[Round 073/100] Acc=33.700 | RoundTime=36.85s | TotalTime=2389.46s | Method=fedcda
[Round 074/100] Acc=33.870 | RoundTime=36.78s | TotalTime=2426.24s | Method=fedcda
[Round 075/100] Acc=33.600 | RoundTime=36.79s | TotalTime=2463.03s | Method=fedcda
[Round 076/100] Acc=33.670 | RoundTime=36.59s | TotalTime=2499.62s | Method=fedcda
[Round 077/100] Acc=33.920 | RoundTime=37.01s | TotalTime=2536.63s | Method=fedcda
[Round 078/100] Acc=33.770 | RoundTime=36.95s | TotalTime=2573.59s | Method=fedcda
[Round 079/100] Acc=33.920 | RoundTime=36.50s | TotalTime=2610.09s | Method=fedcda
[Round 080/100] Acc=34.050 | RoundTime=36.59s | TotalTime=2646.69s | Method=fedcda
[Round 081/100] Acc=33.780 | RoundTime=36.68s | TotalTime=2683.37s | Method=fedcda
[Round 082/100] Acc=34.110 | RoundTime=36.84s | TotalTime=2720.20s | Method=fedcda
[Round 083/100] Acc=34.160 | RoundTime=37.00s | TotalTime=2757.21s | Method=fedcda
[Round 084/100] Acc=33.770 | RoundTime=36.76s | TotalTime=2793.97s | Method=fedcda
[Round 085/100] Acc=34.090 | RoundTime=37.06s | TotalTime=2831.03s | Method=fedcda
[Round 086/100] Acc=33.630 | RoundTime=36.11s | TotalTime=2867.15s | Method=fedcda
[Round 087/100] Acc=33.370 | RoundTime=36.45s | TotalTime=2903.60s | Method=fedcda
[Round 088/100] Acc=33.150 | RoundTime=36.58s | TotalTime=2940.18s | Method=fedcda
[Round 089/100] Acc=32.910 | RoundTime=36.58s | TotalTime=2976.76s | Method=fedcda
[Round 090/100] Acc=33.080 | RoundTime=37.36s | TotalTime=3014.13s | Method=fedcda
[Round 091/100] Acc=32.890 | RoundTime=36.65s | TotalTime=3050.78s | Method=fedcda
[Round 092/100] Acc=33.130 | RoundTime=36.09s | TotalTime=3086.87s | Method=fedcda
[Round 093/100] Acc=33.160 | RoundTime=36.62s | TotalTime=3123.49s | Method=fedcda
[Round 094/100] Acc=33.510 | RoundTime=36.51s | TotalTime=3160.01s | Method=fedcda
[Round 095/100] Acc=33.740 | RoundTime=36.47s | TotalTime=3196.48s | Method=fedcda
[Round 096/100] Acc=33.850 | RoundTime=36.67s | TotalTime=3233.15s | Method=fedcda
[Round 097/100] Acc=34.040 | RoundTime=36.94s | TotalTime=3270.09s | Method=fedcda
[Round 098/100] Acc=33.850 | RoundTime=36.84s | TotalTime=3306.93s | Method=fedcda
[Round 099/100] Acc=33.670 | RoundTime=36.68s | TotalTime=3343.61s | Method=fedcda
[Round 100/100] Acc=33.810 | RoundTime=36.69s | TotalTime=3380.30s | Method=fedcda
====================================================================================================
Training finished at: 2026-03-27 05:28:32
Total elapsed time: 3380.30s
Final Acc: 33.810
Best Acc : 50.990
====================================================================================================
