fedcda_100_fl_cifar10_pm-dirichlet_alpha-0.5_nm-uniform_nr-0.3_0.1_100_10
mean: 500.0
std: 0.0
Data statistics: {0: {0: 94, 1: 28, 2: 180, 3: 11, 4: 23, 5: 29, 6: 40, 7: 13, 8: 26, 9: 56}, 1: {0: 22, 1: 53, 2: 22, 3: 20, 4: 16, 5: 33, 6: 24, 7: 26, 8: 166, 9: 118}, 2: {0: 17, 1: 35, 2: 126, 3: 110, 4: 50, 5: 61, 6: 22, 7: 42, 8: 21, 9: 16}, 3: {0: 36, 1: 15, 2: 108, 3: 62, 4: 14, 5: 26, 6: 73, 7: 72, 8: 80, 9: 14}, 4: {0: 55, 1: 79, 2: 17, 3: 34, 4: 72, 5: 166, 6: 20, 7: 15, 8: 18, 9: 24}, 5: {0: 97, 1: 71, 2: 18, 3: 29, 4: 35, 5: 22, 6: 48, 7: 82, 8: 81, 9: 17}, 6: {0: 14, 1: 39, 2: 20, 3: 20, 4: 47, 5: 13, 6: 96, 7: 33, 8: 35, 9: 183}, 7: {0: 70, 1: 71, 2: 28, 3: 20, 4: 91, 5: 28, 6: 77, 7: 47, 8: 52, 9: 16}, 8: {0: 75, 1: 36, 2: 17, 3: 23, 4: 69, 5: 101, 6: 50, 7: 39, 8: 57, 9: 33}, 9: {0: 19, 1: 78, 2: 22, 3: 47, 4: 35, 5: 31, 6: 44, 7: 54, 8: 74, 9: 96}, 10: {0: 86, 1: 20, 2: 30, 3: 23, 4: 49, 5: 15, 6: 42, 7: 172, 8: 42, 9: 21}, 11: {0: 41, 1: 15, 2: 51, 3: 37, 4: 31, 5: 18, 6: 110, 7: 54, 8: 116, 9: 27}, 12: {0: 53, 1: 18, 2: 10, 3: 18, 4: 53, 5: 38, 6: 30, 7: 51, 8: 142, 9: 87}, 13: {0: 32, 1: 40, 2: 52, 3: 144, 4: 24, 5: 99, 6: 24, 7: 18, 8: 43, 9: 24}, 14: {0: 85, 1: 26, 2: 32, 3: 24, 4: 46, 5: 93, 6: 128, 7: 20, 8: 29, 9: 17}, 15: {0: 36, 1: 17, 2: 18, 3: 38, 4: 23, 5: 64, 6: 95, 7: 7, 8: 62, 9: 140}, 16: {0: 20, 1: 39, 2: 26, 3: 64, 4: 47, 5: 82, 6: 25, 7: 60, 8: 18, 9: 119}, 17: {0: 17, 1: 108, 2: 77, 3: 34, 4: 17, 5: 45, 6: 18, 7: 25, 8: 19, 9: 140}, 18: {0: 21, 1: 121, 2: 18, 3: 88, 4: 70, 5: 26, 6: 102, 7: 21, 8: 20, 9: 13}, 19: {0: 15, 1: 73, 2: 16, 3: 50, 4: 23, 5: 112, 6: 18, 7: 33, 8: 137, 9: 23}, 20: {0: 18, 1: 17, 2: 94, 3: 46, 4: 65, 5: 62, 6: 22, 7: 87, 8: 48, 9: 41}, 21: {0: 24, 1: 27, 2: 54, 3: 255, 4: 15, 5: 52, 6: 19, 7: 16, 8: 19, 9: 19}, 22: {0: 36, 1: 33, 2: 24, 3: 16, 4: 80, 5: 142, 6: 123, 7: 13, 8: 15, 9: 18}, 23: {0: 18, 1: 21, 2: 102, 3: 61, 4: 20, 5: 27, 6: 19, 7: 54, 8: 164, 9: 14}, 24: {0: 27, 1: 9, 2: 24, 3: 18, 4: 18, 5: 30, 6: 64, 7: 54, 8: 243, 9: 13}, 25: {0: 65, 1: 30, 2: 17, 3: 46, 4: 24, 5: 41, 6: 36, 7: 105, 8: 28, 9: 108}, 26: {0: 99, 1: 37, 2: 38, 3: 32, 4: 39, 5: 38, 6: 114, 7: 31, 8: 22, 9: 50}, 27: {0: 55, 1: 48, 2: 87, 3: 24, 4: 16, 5: 49, 6: 23, 7: 37, 8: 146, 9: 15}, 28: {0: 17, 1: 34, 2: 69, 3: 17, 4: 52, 5: 20, 6: 50, 7: 183, 8: 48, 9: 10}, 29: {0: 46, 1: 97, 2: 54, 3: 38, 4: 28, 5: 15, 6: 43, 7: 26, 8: 136, 9: 17}, 30: {0: 23, 1: 105, 2: 23, 3: 38, 4: 164, 5: 30, 6: 37, 7: 51, 8: 17, 9: 12}, 31: {0: 179, 1: 19, 2: 95, 3: 40, 4: 79, 5: 20, 6: 19, 7: 12, 8: 20, 9: 17}, 32: {0: 135, 1: 13, 2: 32, 3: 22, 4: 100, 5: 54, 6: 25, 7: 56, 8: 44, 9: 19}, 33: {0: 22, 1: 31, 2: 23, 3: 25, 4: 84, 5: 64, 6: 23, 7: 28, 8: 41, 9: 159}, 34: {0: 83, 1: 60, 2: 41, 3: 22, 4: 210, 5: 25, 6: 13, 7: 13, 8: 11, 9: 22}, 35: {0: 345, 1: 25, 2: 20, 3: 22, 4: 18, 5: 12, 6: 9, 7: 17, 8: 14, 9: 18}, 36: {0: 164, 1: 41, 2: 96, 3: 25, 4: 39, 5: 18, 6: 70, 7: 15, 8: 14, 9: 18}, 37: {0: 28, 1: 14, 2: 182, 3: 20, 4: 75, 5: 16, 6: 121, 7: 15, 8: 16, 9: 13}, 38: {0: 40, 1: 103, 2: 39, 3: 30, 4: 84, 5: 21, 6: 61, 7: 75, 8: 21, 9: 26}, 39: {0: 65, 1: 256, 2: 40, 3: 17, 4: 38, 5: 22, 6: 9, 7: 18, 8: 17, 9: 18}, 40: {0: 31, 1: 38, 2: 23, 3: 47, 4: 127, 5: 86, 6: 96, 7: 17, 8: 20, 9: 15}, 41: {0: 21, 1: 45, 2: 20, 3: 39, 4: 36, 5: 32, 6: 18, 7: 36, 8: 107, 9: 146}, 42: {0: 24, 1: 44, 2: 92, 3: 100, 4: 33, 5: 17, 6: 18, 7: 58, 8: 99, 9: 15}, 43: {0: 15, 1: 34, 2: 50, 3: 14, 4: 73, 5: 56, 6: 95, 7: 76, 8: 69, 9: 18}, 44: {0: 22, 1: 63, 2: 29, 3: 58, 4: 15, 5: 93, 6: 172, 7: 17, 8: 15, 9: 16}, 45: {0: 16, 1: 70, 2: 59, 3: 28, 4: 86, 5: 62, 6: 65, 7: 30, 8: 63, 9: 21}, 46: {0: 29, 1: 38, 2: 97, 3: 32, 4: 13, 5: 21, 6: 73, 7: 16, 8: 168, 9: 13}, 47: {0: 39, 1: 65, 2: 14, 3: 29, 4: 31, 5: 18, 6: 87, 7: 26, 8: 22, 9: 169}, 48: {0: 22, 1: 23, 2: 12, 3: 22, 4: 27, 5: 42, 6: 55, 7: 81, 8: 204, 9: 12}, 49: {0: 65, 1: 18, 2: 49, 3: 17, 4: 15, 5: 37, 6: 174, 7: 50, 8: 49, 9: 26}, 50: {0: 82, 1: 15, 2: 137, 3: 20, 4: 26, 5: 17, 6: 53, 7: 118, 8: 15, 9: 17}, 51: {0: 94, 1: 22, 2: 39, 3: 55, 4: 49, 5: 20, 6: 55, 7: 19, 8: 27, 9: 120}, 52: {0: 19, 1: 50, 2: 43, 3: 64, 4: 56, 5: 11, 6: 23, 7: 99, 8: 54, 9: 81}, 53: {0: 15, 1: 57, 2: 15, 3: 28, 4: 113, 5: 33, 6: 45, 7: 57, 8: 114, 9: 23}, 54: {0: 17, 1: 21, 2: 41, 3: 154, 4: 26, 5: 22, 6: 21, 7: 72, 8: 25, 9: 101}, 55: {0: 34, 1: 17, 2: 32, 3: 63, 4: 35, 5: 27, 6: 82, 7: 125, 8: 72, 9: 13}, 56: {0: 55, 1: 18, 2: 27, 3: 19, 4: 53, 5: 16, 6: 16, 7: 43, 8: 23, 9: 230}, 57: {0: 29, 1: 32, 2: 38, 3: 100, 4: 217, 5: 19, 6: 16, 7: 17, 8: 12, 9: 20}, 58: {0: 22, 1: 24, 2: 24, 3: 26, 4: 17, 5: 82, 6: 68, 7: 26, 8: 38, 9: 173}, 59: {0: 77, 1: 16, 2: 42, 3: 25, 4: 15, 5: 46, 6: 39, 7: 28, 8: 191, 9: 21}, 60: {0: 68, 1: 12, 2: 54, 3: 46, 4: 20, 5: 66, 6: 58, 7: 136, 8: 20, 9: 20}, 61: {0: 21, 1: 26, 2: 139, 3: 181, 4: 33, 5: 26, 6: 18, 7: 20, 8: 20, 9: 16}, 62: {0: 28, 1: 77, 2: 30, 3: 57, 4: 97, 5: 140, 6: 18, 7: 18, 8: 17, 9: 18}, 63: {0: 197, 1: 35, 2: 91, 3: 53, 4: 45, 5: 22, 6: 19, 7: 7, 8: 20, 9: 11}, 64: {0: 30, 1: 74, 2: 72, 3: 47, 4: 143, 5: 34, 6: 16, 7: 44, 8: 20, 9: 20}, 65: {0: 16, 1: 56, 2: 63, 3: 78, 4: 37, 5: 17, 6: 182, 7: 19, 8: 15, 9: 17}, 66: {0: 16, 1: 130, 2: 32, 3: 93, 4: 54, 5: 86, 6: 19, 7: 42, 8: 14, 9: 14}, 67: {0: 72, 1: 23, 2: 42, 3: 30, 4: 117, 5: 16, 6: 112, 7: 60, 8: 17, 9: 11}, 68: {0: 29, 1: 56, 2: 17, 3: 306, 4: 18, 5: 11, 6: 13, 7: 18, 8: 20, 9: 12}, 69: {0: 18, 1: 13, 2: 104, 3: 71, 4: 20, 5: 77, 6: 62, 7: 98, 8: 23, 9: 14}, 70: {0: 106, 1: 15, 2: 35, 3: 19, 4: 34, 5: 119, 6: 134, 7: 11, 8: 15, 9: 12}, 71: {0: 15, 1: 25, 2: 57, 3: 14, 4: 18, 5: 100, 6: 21, 7: 103, 8: 41, 9: 106}, 72: {0: 18, 1: 115, 2: 61, 3: 20, 4: 10, 5: 30, 6: 21, 7: 139, 8: 66, 9: 20}, 73: {0: 79, 1: 30, 2: 37, 3: 95, 4: 72, 5: 37, 6: 43, 7: 41, 8: 26, 9: 40}, 74: {0: 43, 1: 13, 2: 173, 3: 27, 4: 47, 5: 46, 6: 59, 7: 58, 8: 16, 9: 18}, 75: {0: 22, 1: 101, 2: 61, 3: 149, 4: 55, 5: 46, 6: 13, 7: 15, 8: 27, 9: 11}, 76: {0: 132, 1: 91, 2: 54, 3: 78, 4: 47, 5: 21, 6: 14, 7: 20, 8: 18, 9: 25}, 77: {0: 122, 1: 19, 2: 16, 3: 20, 4: 50, 5: 86, 6: 16, 7: 52, 8: 30, 9: 89}, 78: {0: 40, 1: 12, 2: 43, 3: 44, 4: 18, 5: 101, 6: 42, 7: 155, 8: 22, 9: 23}, 79: {0: 20, 1: 26, 2: 47, 3: 20, 4: 22, 5: 163, 6: 128, 7: 47, 8: 14, 9: 13}, 80: {0: 44, 1: 142, 2: 27, 3: 25, 4: 22, 5: 24, 6: 107, 7: 31, 8: 17, 9: 61}, 81: {0: 28, 1: 24, 2: 100, 3: 23, 4: 56, 5: 17, 6: 30, 7: 54, 8: 152, 9: 16}, 82: {0: 24, 1: 36, 2: 57, 3: 24, 4: 48, 5: 44, 6: 86, 7: 12, 8: 42, 9: 127}, 83: {0: 126, 1: 247, 2: 12, 3: 17, 4: 18, 5: 15, 6: 21, 7: 13, 8: 14, 9: 17}, 84: {0: 12, 1: 170, 2: 24, 3: 15, 4: 12, 5: 31, 6: 27, 7: 64, 8: 132, 9: 13}, 85: {0: 92, 1: 17, 2: 92, 3: 85, 4: 20, 5: 14, 6: 22, 7: 23, 8: 17, 9: 118}, 86: {0: 20, 1: 26, 2: 26, 3: 43, 4: 79, 5: 92, 6: 55, 7: 131, 8: 14, 9: 14}, 87: {0: 22, 1: 44, 2: 34, 3: 29, 4: 31, 5: 187, 6: 21, 7: 96, 8: 15, 9: 21}, 88: {0: 43, 1: 47, 2: 55, 3: 135, 4: 110, 5: 37, 6: 20, 7: 18, 8: 19, 9: 16}, 89: {0: 81, 1: 77, 2: 38, 3: 132, 4: 8, 5: 11, 6: 45, 7: 63, 8: 28, 9: 17}, 90: {0: 45, 1: 27, 2: 27, 3: 78, 4: 63, 5: 144, 6: 32, 7: 58, 8: 11, 9: 15}, 91: {0: 26, 1: 146, 2: 109, 3: 67, 4: 20, 5: 27, 6: 54, 7: 16, 8: 21, 9: 14}, 92: {0: 46, 1: 30, 2: 16, 3: 24, 4: 90, 5: 72, 6: 17, 7: 113, 8: 46, 9: 46}, 93: {0: 22, 1: 42, 2: 19, 3: 40, 4: 16, 5: 79, 6: 32, 7: 127, 8: 45, 9: 78}, 94: {0: 12, 1: 23, 2: 32, 3: 24, 4: 88, 5: 21, 6: 70, 7: 38, 8: 29, 9: 163}, 95: {0: 23, 1: 45, 2: 21, 3: 28, 4: 17, 5: 81, 6: 26, 7: 25, 8: 92, 9: 142}, 96: {0: 20, 1: 74, 2: 42, 3: 26, 4: 23, 5: 99, 6: 16, 7: 100, 8: 87, 9: 13}, 97: {0: 20, 1: 32, 2: 18, 3: 37, 4: 22, 5: 28, 6: 13, 7: 27, 8: 27, 9: 276}, 98: {0: 23, 1: 61, 2: 13, 3: 27, 4: 95, 5: 68, 6: 16, 7: 23, 8: 18, 9: 156}, 99: {0: 23, 1: 25, 2: 34, 3: 72, 4: 40, 5: 77, 6: 46, 7: 16, 8: 49, 9: 118}}
====================================================================================================
Training started at: 2026-03-31 13:37:02
Result directory: results/fl_cifar10/fedcda/pm-dir_a-0.5_nm-uni_nr-0.3_nt-symmetric_st-least_sim_dr-0.55
Result txt file : results/fl_cifar10/fedcda/pm-dir_a-0.5_nm-uni_nr-0.3_nt-symmetric_st-least_sim_dr-0.55/fedcda_fl_cifar10_20260331-133702-739901_pid2255869.txt
Result log file : results/fl_cifar10/fedcda/pm-dir_a-0.5_nm-uni_nr-0.3_nt-symmetric_st-least_sim_dr-0.55/fedcda_fl_cifar10_20260331-133702-739901_pid2255869.log
----------------------------------------------------------------------------------------------------
Model: fedcda
Dataset: fl_cifar10
Structure: homogeneity
Participants: 100
Online ratio: 0.1
Communication epochs: 100
Local epoch: 10
Local batch size: 32
Local lr: 0.01
Partition mode: dirichlet
Dirichlet alpha: 0.5
Noise mode: uniform
Noise rate: 0.3
Noise type: symmetric
Noise max: 0.3
Denoise score alpha: 0.5
Drop rate: 0.55
Denoise strategy: least_sim
FedProx mu: 0.01
FedRDN std: 0.01
FedCDA history size: NA
FedGLoSS beta: 0.01
Averaging: weight
Seed: 0
====================================================================================================
[Round 001/100] Acc=10.000 | RoundTime=26.12s | TotalTime=26.12s | Method=fedcda
[Round 002/100] Acc=17.580 | RoundTime=26.32s | TotalTime=52.45s | Method=fedcda
[Round 003/100] Acc=32.510 | RoundTime=27.40s | TotalTime=79.85s | Method=fedcda
[Round 004/100] Acc=23.070 | RoundTime=27.17s | TotalTime=107.02s | Method=fedcda
[Round 005/100] Acc=30.200 | RoundTime=27.79s | TotalTime=134.81s | Method=fedcda
[Round 006/100] Acc=40.380 | RoundTime=27.00s | TotalTime=161.81s | Method=fedcda
[Round 007/100] Acc=34.110 | RoundTime=25.75s | TotalTime=187.56s | Method=fedcda
[Round 008/100] Acc=38.960 | RoundTime=27.35s | TotalTime=214.91s | Method=fedcda
[Round 009/100] Acc=32.760 | RoundTime=27.47s | TotalTime=242.38s | Method=fedcda
[Round 010/100] Acc=34.960 | RoundTime=25.86s | TotalTime=268.24s | Method=fedcda
[Round 011/100] Acc=40.690 | RoundTime=30.45s | TotalTime=298.69s | Method=fedcda
[Round 012/100] Acc=42.270 | RoundTime=25.27s | TotalTime=323.96s | Method=fedcda
[Round 013/100] Acc=43.460 | RoundTime=20.65s | TotalTime=344.61s | Method=fedcda
[Round 014/100] Acc=39.590 | RoundTime=20.72s | TotalTime=365.33s | Method=fedcda
[Round 015/100] Acc=42.860 | RoundTime=20.94s | TotalTime=386.27s | Method=fedcda
[Round 016/100] Acc=43.380 | RoundTime=21.03s | TotalTime=407.31s | Method=fedcda
[Round 017/100] Acc=40.610 | RoundTime=21.26s | TotalTime=428.56s | Method=fedcda
[Round 018/100] Acc=36.930 | RoundTime=21.08s | TotalTime=449.64s | Method=fedcda
[Round 019/100] Acc=40.990 | RoundTime=20.89s | TotalTime=470.53s | Method=fedcda
[Round 020/100] Acc=40.170 | RoundTime=20.93s | TotalTime=491.46s | Method=fedcda
[Round 021/100] Acc=30.400 | RoundTime=21.78s | TotalTime=513.24s | Method=fedcda
[Round 022/100] Acc=52.930 | RoundTime=21.12s | TotalTime=534.36s | Method=fedcda
[Round 023/100] Acc=40.070 | RoundTime=23.18s | TotalTime=557.54s | Method=fedcda
[Round 024/100] Acc=44.540 | RoundTime=21.44s | TotalTime=578.98s | Method=fedcda
[Round 025/100] Acc=52.590 | RoundTime=21.59s | TotalTime=600.57s | Method=fedcda
[Round 026/100] Acc=46.180 | RoundTime=21.47s | TotalTime=622.04s | Method=fedcda
[Round 027/100] Acc=33.840 | RoundTime=21.59s | TotalTime=643.63s | Method=fedcda
[Round 028/100] Acc=36.400 | RoundTime=22.24s | TotalTime=665.87s | Method=fedcda
[Round 029/100] Acc=29.040 | RoundTime=21.62s | TotalTime=687.50s | Method=fedcda
[Round 030/100] Acc=45.720 | RoundTime=20.99s | TotalTime=708.49s | Method=fedcda
[Round 031/100] Acc=53.980 | RoundTime=21.21s | TotalTime=729.69s | Method=fedcda
[Round 032/100] Acc=51.200 | RoundTime=21.35s | TotalTime=751.04s | Method=fedcda
[Round 033/100] Acc=47.830 | RoundTime=21.92s | TotalTime=772.96s | Method=fedcda
[Round 034/100] Acc=51.150 | RoundTime=21.23s | TotalTime=794.19s | Method=fedcda
[Round 035/100] Acc=43.680 | RoundTime=21.08s | TotalTime=815.27s | Method=fedcda
[Round 036/100] Acc=47.270 | RoundTime=20.89s | TotalTime=836.16s | Method=fedcda
[Round 037/100] Acc=47.890 | RoundTime=23.78s | TotalTime=859.94s | Method=fedcda
[Round 038/100] Acc=47.170 | RoundTime=22.35s | TotalTime=882.29s | Method=fedcda
[Round 039/100] Acc=38.130 | RoundTime=22.00s | TotalTime=904.28s | Method=fedcda
[Round 040/100] Acc=44.780 | RoundTime=21.81s | TotalTime=926.09s | Method=fedcda
[Round 041/100] Acc=48.610 | RoundTime=22.25s | TotalTime=948.34s | Method=fedcda
[Round 042/100] Acc=46.570 | RoundTime=21.68s | TotalTime=970.02s | Method=fedcda
[Round 043/100] Acc=47.190 | RoundTime=22.19s | TotalTime=992.21s | Method=fedcda
[Round 044/100] Acc=46.960 | RoundTime=21.59s | TotalTime=1013.81s | Method=fedcda
[Round 045/100] Acc=54.410 | RoundTime=21.77s | TotalTime=1035.58s | Method=fedcda
[Round 046/100] Acc=50.020 | RoundTime=21.79s | TotalTime=1057.37s | Method=fedcda
[Round 047/100] Acc=54.170 | RoundTime=21.72s | TotalTime=1079.09s | Method=fedcda
[Round 048/100] Acc=53.560 | RoundTime=21.80s | TotalTime=1100.90s | Method=fedcda
[Round 049/100] Acc=48.640 | RoundTime=22.04s | TotalTime=1122.93s | Method=fedcda
[Round 050/100] Acc=39.140 | RoundTime=21.83s | TotalTime=1144.76s | Method=fedcda
[Round 051/100] Acc=40.180 | RoundTime=34.30s | TotalTime=1179.06s | Method=fedcda
[Round 052/100] Acc=40.540 | RoundTime=32.58s | TotalTime=1211.64s | Method=fedcda
[Round 053/100] Acc=40.830 | RoundTime=32.26s | TotalTime=1243.90s | Method=fedcda
[Round 054/100] Acc=40.710 | RoundTime=32.09s | TotalTime=1276.00s | Method=fedcda
[Round 055/100] Acc=40.320 | RoundTime=32.70s | TotalTime=1308.69s | Method=fedcda
[Round 056/100] Acc=40.950 | RoundTime=31.51s | TotalTime=1340.21s | Method=fedcda
[Round 057/100] Acc=40.660 | RoundTime=32.54s | TotalTime=1372.75s | Method=fedcda
[Round 058/100] Acc=52.450 | RoundTime=32.01s | TotalTime=1404.76s | Method=fedcda
[Round 059/100] Acc=52.990 | RoundTime=32.55s | TotalTime=1437.31s | Method=fedcda
[Round 060/100] Acc=53.330 | RoundTime=32.93s | TotalTime=1470.24s | Method=fedcda
[Round 061/100] Acc=52.880 | RoundTime=32.75s | TotalTime=1502.99s | Method=fedcda
[Round 062/100] Acc=52.850 | RoundTime=32.40s | TotalTime=1535.40s | Method=fedcda
[Round 063/100] Acc=52.820 | RoundTime=32.96s | TotalTime=1568.36s | Method=fedcda
[Round 064/100] Acc=53.130 | RoundTime=32.92s | TotalTime=1601.28s | Method=fedcda
[Round 065/100] Acc=49.360 | RoundTime=32.33s | TotalTime=1633.61s | Method=fedcda
[Round 066/100] Acc=49.260 | RoundTime=32.85s | TotalTime=1666.45s | Method=fedcda
[Round 067/100] Acc=49.470 | RoundTime=32.82s | TotalTime=1699.27s | Method=fedcda
[Round 068/100] Acc=49.870 | RoundTime=32.22s | TotalTime=1731.49s | Method=fedcda
[Round 069/100] Acc=50.020 | RoundTime=32.71s | TotalTime=1764.20s | Method=fedcda
[Round 070/100] Acc=49.710 | RoundTime=32.37s | TotalTime=1796.57s | Method=fedcda
[Round 071/100] Acc=50.050 | RoundTime=32.34s | TotalTime=1828.91s | Method=fedcda
[Round 072/100] Acc=50.380 | RoundTime=33.51s | TotalTime=1862.41s | Method=fedcda
[Round 073/100] Acc=50.290 | RoundTime=33.13s | TotalTime=1895.54s | Method=fedcda
[Round 074/100] Acc=50.440 | RoundTime=37.16s | TotalTime=1932.70s | Method=fedcda
[Round 075/100] Acc=50.110 | RoundTime=32.84s | TotalTime=1965.54s | Method=fedcda
[Round 076/100] Acc=50.170 | RoundTime=34.15s | TotalTime=1999.69s | Method=fedcda
[Round 077/100] Acc=50.170 | RoundTime=32.84s | TotalTime=2032.53s | Method=fedcda
[Round 078/100] Acc=50.100 | RoundTime=34.25s | TotalTime=2066.78s | Method=fedcda
[Round 079/100] Acc=50.110 | RoundTime=32.02s | TotalTime=2098.80s | Method=fedcda
[Round 080/100] Acc=50.360 | RoundTime=32.62s | TotalTime=2131.42s | Method=fedcda
[Round 081/100] Acc=50.360 | RoundTime=32.60s | TotalTime=2164.01s | Method=fedcda
[Round 082/100] Acc=50.510 | RoundTime=34.66s | TotalTime=2198.68s | Method=fedcda
[Round 083/100] Acc=50.530 | RoundTime=32.71s | TotalTime=2231.39s | Method=fedcda
[Round 084/100] Acc=50.570 | RoundTime=31.44s | TotalTime=2262.83s | Method=fedcda
[Round 085/100] Acc=50.620 | RoundTime=31.57s | TotalTime=2294.40s | Method=fedcda
[Round 086/100] Acc=50.300 | RoundTime=31.50s | TotalTime=2325.89s | Method=fedcda
[Round 087/100] Acc=50.290 | RoundTime=31.46s | TotalTime=2357.36s | Method=fedcda
[Round 088/100] Acc=50.280 | RoundTime=31.28s | TotalTime=2388.64s | Method=fedcda
[Round 089/100] Acc=50.540 | RoundTime=31.81s | TotalTime=2420.45s | Method=fedcda
[Round 090/100] Acc=50.330 | RoundTime=32.13s | TotalTime=2452.58s | Method=fedcda
[Round 091/100] Acc=50.630 | RoundTime=31.93s | TotalTime=2484.51s | Method=fedcda
[Round 092/100] Acc=50.750 | RoundTime=31.77s | TotalTime=2516.28s | Method=fedcda
[Round 093/100] Acc=50.610 | RoundTime=31.79s | TotalTime=2548.07s | Method=fedcda
[Round 094/100] Acc=50.640 | RoundTime=31.60s | TotalTime=2579.67s | Method=fedcda
[Round 095/100] Acc=50.840 | RoundTime=32.25s | TotalTime=2611.92s | Method=fedcda
[Round 096/100] Acc=50.330 | RoundTime=31.92s | TotalTime=2643.84s | Method=fedcda
[Round 097/100] Acc=50.140 | RoundTime=32.03s | TotalTime=2675.87s | Method=fedcda
[Round 098/100] Acc=50.110 | RoundTime=31.74s | TotalTime=2707.62s | Method=fedcda
[Round 099/100] Acc=50.330 | RoundTime=33.12s | TotalTime=2740.74s | Method=fedcda
[Round 100/100] Acc=50.180 | RoundTime=32.17s | TotalTime=2772.91s | Method=fedcda
====================================================================================================
Training finished at: 2026-03-31 14:23:15
Total elapsed time: 2772.91s
Final Acc: 50.180
Best Acc : 54.410
====================================================================================================
