fedcda_100_fl_cifar10_pm-dirichlet_alpha-0.5_nm-uniform_nr-0.4_0.1_100_10
mean: 500.0
std: 0.0
Data statistics: {0: {0: 91, 1: 30, 2: 158, 3: 15, 4: 28, 5: 33, 6: 48, 7: 16, 8: 28, 9: 53}, 1: {0: 22, 1: 52, 2: 24, 3: 25, 4: 23, 5: 37, 6: 26, 7: 33, 8: 156, 9: 102}, 2: {0: 18, 1: 37, 2: 122, 3: 90, 4: 62, 5: 56, 6: 29, 7: 40, 8: 22, 9: 24}, 3: {0: 26, 1: 24, 2: 100, 3: 51, 4: 32, 5: 24, 6: 69, 7: 58, 8: 92, 9: 24}, 4: {0: 45, 1: 90, 2: 28, 3: 37, 4: 74, 5: 138, 6: 23, 7: 23, 8: 22, 9: 20}, 5: {0: 94, 1: 67, 2: 24, 3: 27, 4: 40, 5: 36, 6: 44, 7: 68, 8: 80, 9: 20}, 6: {0: 31, 1: 36, 2: 33, 3: 17, 4: 39, 5: 31, 6: 94, 7: 30, 8: 36, 9: 153}, 7: {0: 67, 1: 62, 2: 33, 3: 26, 4: 86, 5: 31, 6: 72, 7: 56, 8: 49, 9: 18}, 8: {0: 68, 1: 33, 2: 24, 3: 13, 4: 68, 5: 100, 6: 44, 7: 41, 8: 55, 9: 54}, 9: {0: 23, 1: 72, 2: 34, 3: 62, 4: 33, 5: 30, 6: 52, 7: 47, 8: 59, 9: 88}, 10: {0: 83, 1: 17, 2: 32, 3: 25, 4: 55, 5: 26, 6: 39, 7: 141, 8: 59, 9: 23}, 11: {0: 59, 1: 24, 2: 48, 3: 37, 4: 26, 5: 31, 6: 87, 7: 55, 8: 104, 9: 29}, 12: {0: 43, 1: 27, 2: 20, 3: 25, 4: 41, 5: 38, 6: 44, 7: 45, 8: 132, 9: 85}, 13: {0: 32, 1: 39, 2: 51, 3: 137, 4: 22, 5: 108, 6: 26, 7: 18, 8: 51, 9: 16}, 14: {0: 83, 1: 28, 2: 37, 3: 29, 4: 51, 5: 69, 6: 129, 7: 22, 8: 34, 9: 18}, 15: {0: 37, 1: 26, 2: 29, 3: 30, 4: 27, 5: 62, 6: 88, 7: 17, 8: 64, 9: 120}, 16: {0: 25, 1: 32, 2: 32, 3: 56, 4: 41, 5: 80, 6: 28, 7: 69, 8: 28, 9: 109}, 17: {0: 22, 1: 88, 2: 67, 3: 40, 4: 19, 5: 39, 6: 33, 7: 30, 8: 23, 9: 139}, 18: {0: 29, 1: 101, 2: 27, 3: 69, 4: 78, 5: 31, 6: 97, 7: 32, 8: 18, 9: 18}, 19: {0: 21, 1: 64, 2: 29, 3: 54, 4: 23, 5: 106, 6: 24, 7: 40, 8: 117, 9: 22}, 20: {0: 20, 1: 27, 2: 84, 3: 44, 4: 66, 5: 65, 6: 25, 7: 72, 8: 52, 9: 45}, 21: {0: 30, 1: 36, 2: 50, 3: 219, 4: 17, 5: 59, 6: 28, 7: 17, 8: 25, 9: 19}, 22: {0: 44, 1: 21, 2: 27, 3: 31, 4: 77, 5: 114, 6: 108, 7: 24, 8: 29, 9: 25}, 23: {0: 29, 1: 32, 2: 93, 3: 47, 4: 26, 5: 35, 6: 24, 7: 55, 8: 139, 9: 20}, 24: {0: 38, 1: 20, 2: 26, 3: 21, 4: 27, 5: 26, 6: 46, 7: 54, 8: 213, 9: 29}, 25: {0: 62, 1: 42, 2: 26, 3: 51, 4: 32, 5: 31, 6: 28, 7: 103, 8: 31, 9: 94}, 26: {0: 91, 1: 37, 2: 38, 3: 35, 4: 34, 5: 38, 6: 118, 7: 44, 8: 25, 9: 40}, 27: {0: 51, 1: 58, 2: 78, 3: 28, 4: 23, 5: 41, 6: 35, 7: 33, 8: 131, 9: 22}, 28: {0: 20, 1: 34, 2: 69, 3: 33, 4: 53, 5: 34, 6: 36, 7: 161, 8: 41, 9: 19}, 29: {0: 44, 1: 98, 2: 42, 3: 48, 4: 30, 5: 21, 6: 49, 7: 25, 8: 118, 9: 25}, 30: {0: 35, 1: 104, 2: 26, 3: 39, 4: 143, 5: 45, 6: 30, 7: 38, 8: 17, 9: 23}, 31: {0: 167, 1: 31, 2: 87, 3: 47, 4: 70, 5: 20, 6: 17, 7: 18, 8: 17, 9: 26}, 32: {0: 125, 1: 23, 2: 34, 3: 22, 4: 80, 5: 60, 6: 23, 7: 58, 8: 49, 9: 26}, 33: {0: 24, 1: 35, 2: 26, 3: 31, 4: 69, 5: 63, 6: 31, 7: 23, 8: 49, 9: 149}, 34: {0: 72, 1: 43, 2: 52, 3: 29, 4: 186, 5: 24, 6: 25, 7: 30, 8: 26, 9: 13}, 35: {0: 295, 1: 14, 2: 24, 3: 28, 4: 26, 5: 25, 6: 26, 7: 19, 8: 21, 9: 22}, 36: {0: 149, 1: 38, 2: 99, 3: 33, 4: 34, 5: 22, 6: 55, 7: 29, 8: 19, 9: 22}, 37: {0: 28, 1: 21, 2: 155, 3: 21, 4: 66, 5: 27, 6: 117, 7: 16, 8: 25, 9: 24}, 38: {0: 35, 1: 90, 2: 43, 3: 33, 4: 79, 5: 30, 6: 58, 7: 79, 8: 29, 9: 24}, 39: {0: 66, 1: 210, 2: 39, 3: 21, 4: 37, 5: 30, 6: 22, 7: 22, 8: 26, 9: 27}, 40: {0: 28, 1: 44, 2: 36, 3: 51, 4: 118, 5: 76, 6: 82, 7: 25, 8: 19, 9: 21}, 41: {0: 21, 1: 37, 2: 25, 3: 40, 4: 37, 5: 36, 6: 21, 7: 45, 8: 112, 9: 126}, 42: {0: 26, 1: 43, 2: 98, 3: 75, 4: 37, 5: 17, 6: 28, 7: 62, 8: 90, 9: 24}, 43: {0: 31, 1: 38, 2: 45, 3: 28, 4: 68, 5: 44, 6: 92, 7: 74, 8: 55, 9: 25}, 44: {0: 30, 1: 70, 2: 23, 3: 58, 4: 22, 5: 78, 6: 150, 7: 14, 8: 32, 9: 23}, 45: {0: 20, 1: 81, 2: 52, 3: 26, 4: 76, 5: 62, 6: 71, 7: 37, 8: 52, 9: 23}, 46: {0: 27, 1: 34, 2: 86, 3: 44, 4: 22, 5: 22, 6: 76, 7: 20, 8: 143, 9: 26}, 47: {0: 31, 1: 52, 2: 20, 3: 22, 4: 42, 5: 27, 6: 85, 7: 34, 8: 34, 9: 153}, 48: {0: 28, 1: 27, 2: 21, 3: 31, 4: 30, 5: 41, 6: 42, 7: 65, 8: 200, 9: 15}, 49: {0: 65, 1: 23, 2: 60, 3: 24, 4: 29, 5: 33, 6: 154, 7: 44, 8: 40, 9: 28}, 50: {0: 73, 1: 19, 2: 118, 3: 28, 4: 32, 5: 26, 6: 42, 7: 111, 8: 29, 9: 22}, 51: {0: 81, 1: 24, 2: 33, 3: 47, 4: 51, 5: 25, 6: 49, 7: 20, 8: 40, 9: 130}, 52: {0: 29, 1: 39, 2: 50, 3: 58, 4: 58, 5: 21, 6: 27, 7: 97, 8: 40, 9: 81}, 53: {0: 15, 1: 67, 2: 32, 3: 40, 4: 96, 5: 38, 6: 33, 7: 52, 8: 100, 9: 27}, 54: {0: 19, 1: 18, 2: 37, 3: 133, 4: 26, 5: 38, 6: 20, 7: 70, 8: 38, 9: 101}, 55: {0: 38, 1: 30, 2: 32, 3: 61, 4: 31, 5: 37, 6: 80, 7: 103, 8: 65, 9: 23}, 56: {0: 66, 1: 23, 2: 31, 3: 21, 4: 59, 5: 22, 6: 23, 7: 38, 8: 30, 9: 187}, 57: {0: 23, 1: 28, 2: 45, 3: 103, 4: 187, 5: 23, 6: 25, 7: 25, 8: 24, 9: 17}, 58: {0: 31, 1: 29, 2: 27, 3: 19, 4: 22, 5: 80, 6: 71, 7: 35, 8: 36, 9: 150}, 59: {0: 62, 1: 31, 2: 44, 3: 38, 4: 25, 5: 38, 6: 36, 7: 32, 8: 170, 9: 24}, 60: {0: 60, 1: 21, 2: 55, 3: 47, 4: 27, 5: 68, 6: 58, 7: 121, 8: 23, 9: 20}, 61: {0: 27, 1: 27, 2: 133, 3: 156, 4: 39, 5: 25, 6: 27, 7: 24, 8: 24, 9: 18}, 62: {0: 41, 1: 73, 2: 39, 3: 51, 4: 77, 5: 131, 6: 22, 7: 27, 8: 24, 9: 15}, 63: {0: 163, 1: 40, 2: 73, 3: 68, 4: 43, 5: 26, 6: 22, 7: 19, 8: 28, 9: 18}, 64: {0: 44, 1: 72, 2: 71, 3: 41, 4: 120, 5: 38, 6: 27, 7: 50, 8: 23, 9: 14}, 65: {0: 25, 1: 45, 2: 57, 3: 82, 4: 44, 5: 22, 6: 154, 7: 26, 8: 19, 9: 26}, 66: {0: 30, 1: 116, 2: 18, 3: 96, 4: 57, 5: 88, 6: 23, 7: 25, 8: 24, 9: 23}, 67: {0: 67, 1: 25, 2: 41, 3: 22, 4: 96, 5: 23, 6: 121, 7: 58, 8: 19, 9: 28}, 68: {0: 30, 1: 51, 2: 17, 3: 265, 4: 32, 5: 12, 6: 32, 7: 15, 8: 30, 9: 16}, 69: {0: 26, 1: 15, 2: 89, 3: 62, 4: 25, 5: 78, 6: 55, 7: 98, 8: 24, 9: 28}, 70: {0: 93, 1: 25, 2: 33, 3: 29, 4: 42, 5: 102, 6: 115, 7: 19, 8: 19, 9: 23}, 71: {0: 28, 1: 34, 2: 66, 3: 13, 4: 24, 5: 73, 6: 25, 7: 98, 8: 39, 9: 100}, 72: {0: 29, 1: 97, 2: 61, 3: 20, 4: 23, 5: 41, 6: 26, 7: 121, 8: 64, 9: 18}, 73: {0: 75, 1: 23, 2: 45, 3: 84, 4: 70, 5: 33, 6: 52, 7: 39, 8: 29, 9: 50}, 74: {0: 36, 1: 22, 2: 162, 3: 32, 4: 51, 5: 46, 6: 62, 7: 50, 8: 17, 9: 22}, 75: {0: 24, 1: 100, 2: 47, 3: 126, 4: 54, 5: 55, 6: 18, 7: 29, 8: 24, 9: 23}, 76: {0: 113, 1: 93, 2: 56, 3: 72, 4: 52, 5: 16, 6: 26, 7: 21, 8: 27, 9: 24}, 77: {0: 115, 1: 30, 2: 23, 3: 19, 4: 46, 5: 74, 6: 19, 7: 58, 8: 33, 9: 83}, 78: {0: 31, 1: 30, 2: 53, 3: 43, 4: 18, 5: 105, 6: 51, 7: 126, 8: 21, 9: 22}, 79: {0: 24, 1: 29, 2: 51, 3: 31, 4: 13, 5: 150, 6: 108, 7: 52, 8: 16, 9: 26}, 80: {0: 37, 1: 127, 2: 24, 3: 27, 4: 30, 5: 30, 6: 98, 7: 35, 8: 29, 9: 63}, 81: {0: 38, 1: 29, 2: 99, 3: 32, 4: 44, 5: 24, 6: 35, 7: 57, 8: 120, 9: 22}, 82: {0: 22, 1: 40, 2: 58, 3: 34, 4: 48, 5: 53, 6: 72, 7: 21, 8: 37, 9: 115}, 83: {0: 108, 1: 209, 2: 20, 3: 33, 4: 24, 5: 21, 6: 14, 7: 23, 8: 27, 9: 21}, 84: {0: 26, 1: 155, 2: 20, 3: 18, 4: 28, 5: 39, 6: 25, 7: 56, 8: 114, 9: 19}, 85: {0: 84, 1: 22, 2: 75, 3: 87, 4: 13, 5: 27, 6: 34, 7: 27, 8: 35, 9: 96}, 86: {0: 25, 1: 27, 2: 29, 3: 50, 4: 81, 5: 86, 6: 57, 7: 107, 8: 22, 9: 16}, 87: {0: 27, 1: 47, 2: 31, 3: 29, 4: 53, 5: 157, 6: 22, 7: 94, 8: 21, 9: 19}, 88: {0: 36, 1: 57, 2: 49, 3: 128, 4: 105, 5: 31, 6: 26, 7: 19, 8: 26, 9: 23}, 89: {0: 81, 1: 62, 2: 24, 3: 126, 4: 29, 5: 25, 6: 46, 7: 59, 8: 32, 9: 16}, 90: {0: 44, 1: 30, 2: 34, 3: 74, 4: 55, 5: 138, 6: 31, 7: 52, 8: 17, 9: 25}, 91: {0: 36, 1: 122, 2: 105, 3: 63, 4: 27, 5: 32, 6: 55, 7: 26, 8: 11, 9: 23}, 92: {0: 36, 1: 41, 2: 17, 3: 38, 4: 67, 5: 62, 6: 27, 7: 113, 8: 52, 9: 47}, 93: {0: 22, 1: 38, 2: 28, 3: 38, 4: 17, 5: 84, 6: 47, 7: 118, 8: 40, 9: 68}, 94: {0: 27, 1: 12, 2: 44, 3: 29, 4: 95, 5: 22, 6: 67, 7: 36, 8: 27, 9: 141}, 95: {0: 34, 1: 58, 2: 22, 3: 32, 4: 25, 5: 84, 6: 29, 7: 29, 8: 69, 9: 118}, 96: {0: 23, 1: 73, 2: 52, 3: 32, 4: 24, 5: 67, 6: 25, 7: 93, 8: 91, 9: 20}, 97: {0: 39, 1: 37, 2: 26, 3: 35, 4: 18, 5: 24, 6: 22, 7: 37, 8: 26, 9: 236}, 98: {0: 27, 1: 52, 2: 21, 3: 19, 4: 90, 5: 67, 6: 27, 7: 32, 8: 26, 9: 139}, 99: {0: 21, 1: 21, 2: 45, 3: 69, 4: 42, 5: 58, 6: 49, 7: 37, 8: 46, 9: 112}}
====================================================================================================
Training started at: 2026-03-31 15:11:34
Result directory: results/fl_cifar10/fedcda/pm-dir_a-0.5_nm-uni_nr-0.4_nt-symmetric_st-least_sim_dr-0.4
Result txt file : results/fl_cifar10/fedcda/pm-dir_a-0.5_nm-uni_nr-0.4_nt-symmetric_st-least_sim_dr-0.4/fedcda_fl_cifar10_20260331-151134-982914_pid3005280.txt
Result log file : results/fl_cifar10/fedcda/pm-dir_a-0.5_nm-uni_nr-0.4_nt-symmetric_st-least_sim_dr-0.4/fedcda_fl_cifar10_20260331-151134-982914_pid3005280.log
----------------------------------------------------------------------------------------------------
Model: fedcda
Dataset: fl_cifar10
Structure: homogeneity
Participants: 100
Online ratio: 0.1
Communication epochs: 100
Local epoch: 10
Local batch size: 48
Local lr: 0.01
Partition mode: dirichlet
Dirichlet alpha: 0.5
Noise mode: uniform
Noise rate: 0.4
Noise type: symmetric
Noise max: 0.3
Denoise score alpha: 0.5
Drop rate: 0.4
Denoise strategy: least_sim
FedProx mu: 0.01
FedRDN std: 0.01
FedCDA history size: NA
FedGLoSS beta: 0.01
Averaging: weight
Seed: 0
====================================================================================================
[Round 001/100] Acc=10.000 | RoundTime=24.69s | TotalTime=24.69s | Method=fedcda
[Round 002/100] Acc=17.550 | RoundTime=24.30s | TotalTime=48.99s | Method=fedcda
[Round 003/100] Acc=19.160 | RoundTime=24.20s | TotalTime=73.19s | Method=fedcda
[Round 004/100] Acc=28.030 | RoundTime=24.60s | TotalTime=97.79s | Method=fedcda
[Round 005/100] Acc=38.030 | RoundTime=24.06s | TotalTime=121.84s | Method=fedcda
[Round 006/100] Acc=22.170 | RoundTime=24.57s | TotalTime=146.41s | Method=fedcda
[Round 007/100] Acc=36.400 | RoundTime=24.52s | TotalTime=170.93s | Method=fedcda
[Round 008/100] Acc=32.750 | RoundTime=25.09s | TotalTime=196.02s | Method=fedcda
[Round 009/100] Acc=23.070 | RoundTime=24.45s | TotalTime=220.47s | Method=fedcda
[Round 010/100] Acc=32.360 | RoundTime=24.29s | TotalTime=244.76s | Method=fedcda
[Round 011/100] Acc=35.310 | RoundTime=25.92s | TotalTime=270.68s | Method=fedcda
[Round 012/100] Acc=33.810 | RoundTime=24.79s | TotalTime=295.47s | Method=fedcda
[Round 013/100] Acc=31.000 | RoundTime=24.00s | TotalTime=319.48s | Method=fedcda
[Round 014/100] Acc=29.380 | RoundTime=20.74s | TotalTime=340.22s | Method=fedcda
[Round 015/100] Acc=31.610 | RoundTime=20.38s | TotalTime=360.60s | Method=fedcda
[Round 016/100] Acc=32.890 | RoundTime=20.91s | TotalTime=381.50s | Method=fedcda
[Round 017/100] Acc=36.870 | RoundTime=20.26s | TotalTime=401.77s | Method=fedcda
[Round 018/100] Acc=46.090 | RoundTime=20.84s | TotalTime=422.61s | Method=fedcda
[Round 019/100] Acc=32.230 | RoundTime=20.43s | TotalTime=443.03s | Method=fedcda
[Round 020/100] Acc=37.290 | RoundTime=20.69s | TotalTime=463.72s | Method=fedcda
[Round 021/100] Acc=37.750 | RoundTime=20.81s | TotalTime=484.53s | Method=fedcda
[Round 022/100] Acc=38.320 | RoundTime=20.44s | TotalTime=504.97s | Method=fedcda
[Round 023/100] Acc=24.300 | RoundTime=20.59s | TotalTime=525.56s | Method=fedcda
[Round 024/100] Acc=36.310 | RoundTime=22.48s | TotalTime=548.04s | Method=fedcda
[Round 025/100] Acc=39.020 | RoundTime=21.12s | TotalTime=569.16s | Method=fedcda
[Round 026/100] Acc=39.140 | RoundTime=21.38s | TotalTime=590.53s | Method=fedcda
[Round 027/100] Acc=38.140 | RoundTime=21.01s | TotalTime=611.55s | Method=fedcda
[Round 028/100] Acc=38.780 | RoundTime=21.57s | TotalTime=633.11s | Method=fedcda
[Round 029/100] Acc=33.080 | RoundTime=21.14s | TotalTime=654.26s | Method=fedcda
[Round 030/100] Acc=33.400 | RoundTime=21.25s | TotalTime=675.51s | Method=fedcda
[Round 031/100] Acc=39.860 | RoundTime=20.98s | TotalTime=696.49s | Method=fedcda
[Round 032/100] Acc=37.080 | RoundTime=20.88s | TotalTime=717.37s | Method=fedcda
[Round 033/100] Acc=35.410 | RoundTime=20.85s | TotalTime=738.22s | Method=fedcda
[Round 034/100] Acc=38.890 | RoundTime=22.25s | TotalTime=760.47s | Method=fedcda
[Round 035/100] Acc=35.560 | RoundTime=22.38s | TotalTime=782.86s | Method=fedcda
[Round 036/100] Acc=25.080 | RoundTime=22.19s | TotalTime=805.05s | Method=fedcda
[Round 037/100] Acc=32.040 | RoundTime=24.02s | TotalTime=829.07s | Method=fedcda
[Round 038/100] Acc=41.690 | RoundTime=22.31s | TotalTime=851.38s | Method=fedcda
[Round 039/100] Acc=37.310 | RoundTime=22.27s | TotalTime=873.65s | Method=fedcda
[Round 040/100] Acc=39.640 | RoundTime=22.37s | TotalTime=896.02s | Method=fedcda
[Round 041/100] Acc=34.090 | RoundTime=22.19s | TotalTime=918.20s | Method=fedcda
[Round 042/100] Acc=27.460 | RoundTime=22.39s | TotalTime=940.60s | Method=fedcda
[Round 043/100] Acc=39.480 | RoundTime=22.42s | TotalTime=963.02s | Method=fedcda
[Round 044/100] Acc=40.150 | RoundTime=22.52s | TotalTime=985.55s | Method=fedcda
[Round 045/100] Acc=36.160 | RoundTime=22.50s | TotalTime=1008.05s | Method=fedcda
[Round 046/100] Acc=42.460 | RoundTime=22.38s | TotalTime=1030.42s | Method=fedcda
[Round 047/100] Acc=32.100 | RoundTime=22.58s | TotalTime=1053.00s | Method=fedcda
[Round 048/100] Acc=38.490 | RoundTime=22.62s | TotalTime=1075.62s | Method=fedcda
[Round 049/100] Acc=41.490 | RoundTime=22.48s | TotalTime=1098.11s | Method=fedcda
[Round 050/100] Acc=32.990 | RoundTime=22.55s | TotalTime=1120.66s | Method=fedcda
[Round 051/100] Acc=33.100 | RoundTime=35.74s | TotalTime=1156.40s | Method=fedcda
[Round 052/100] Acc=32.980 | RoundTime=34.17s | TotalTime=1190.57s | Method=fedcda
[Round 053/100] Acc=33.440 | RoundTime=33.67s | TotalTime=1224.24s | Method=fedcda
[Round 054/100] Acc=33.430 | RoundTime=33.26s | TotalTime=1257.50s | Method=fedcda
[Round 055/100] Acc=42.060 | RoundTime=34.14s | TotalTime=1291.64s | Method=fedcda
[Round 056/100] Acc=42.810 | RoundTime=33.66s | TotalTime=1325.30s | Method=fedcda
[Round 057/100] Acc=43.320 | RoundTime=33.93s | TotalTime=1359.23s | Method=fedcda
[Round 058/100] Acc=43.650 | RoundTime=33.65s | TotalTime=1392.88s | Method=fedcda
[Round 059/100] Acc=44.040 | RoundTime=35.52s | TotalTime=1428.39s | Method=fedcda
[Round 060/100] Acc=44.230 | RoundTime=33.18s | TotalTime=1461.57s | Method=fedcda
[Round 061/100] Acc=44.060 | RoundTime=33.24s | TotalTime=1494.82s | Method=fedcda
[Round 062/100] Acc=44.240 | RoundTime=34.03s | TotalTime=1528.85s | Method=fedcda
[Round 063/100] Acc=44.640 | RoundTime=33.97s | TotalTime=1562.82s | Method=fedcda
[Round 064/100] Acc=44.790 | RoundTime=33.77s | TotalTime=1596.59s | Method=fedcda
[Round 065/100] Acc=44.710 | RoundTime=33.79s | TotalTime=1630.37s | Method=fedcda
[Round 066/100] Acc=44.790 | RoundTime=33.63s | TotalTime=1664.01s | Method=fedcda
[Round 067/100] Acc=44.620 | RoundTime=33.76s | TotalTime=1697.77s | Method=fedcda
[Round 068/100] Acc=44.610 | RoundTime=33.11s | TotalTime=1730.89s | Method=fedcda
[Round 069/100] Acc=44.560 | RoundTime=33.54s | TotalTime=1764.43s | Method=fedcda
[Round 070/100] Acc=44.580 | RoundTime=33.97s | TotalTime=1798.41s | Method=fedcda
[Round 071/100] Acc=46.490 | RoundTime=33.92s | TotalTime=1832.33s | Method=fedcda
[Round 072/100] Acc=46.820 | RoundTime=34.37s | TotalTime=1866.69s | Method=fedcda
[Round 073/100] Acc=46.880 | RoundTime=34.15s | TotalTime=1900.85s | Method=fedcda
[Round 074/100] Acc=47.250 | RoundTime=33.49s | TotalTime=1934.33s | Method=fedcda
[Round 075/100] Acc=47.340 | RoundTime=33.69s | TotalTime=1968.02s | Method=fedcda
[Round 076/100] Acc=48.090 | RoundTime=34.07s | TotalTime=2002.09s | Method=fedcda
[Round 077/100] Acc=47.990 | RoundTime=33.87s | TotalTime=2035.96s | Method=fedcda
[Round 078/100] Acc=48.000 | RoundTime=33.78s | TotalTime=2069.74s | Method=fedcda
[Round 079/100] Acc=48.140 | RoundTime=33.52s | TotalTime=2103.27s | Method=fedcda
[Round 080/100] Acc=48.290 | RoundTime=36.35s | TotalTime=2139.61s | Method=fedcda
[Round 081/100] Acc=48.240 | RoundTime=34.31s | TotalTime=2173.92s | Method=fedcda
[Round 082/100] Acc=47.980 | RoundTime=33.64s | TotalTime=2207.56s | Method=fedcda
[Round 083/100] Acc=48.290 | RoundTime=34.17s | TotalTime=2241.73s | Method=fedcda
[Round 084/100] Acc=48.420 | RoundTime=34.12s | TotalTime=2275.85s | Method=fedcda
[Round 085/100] Acc=48.560 | RoundTime=34.44s | TotalTime=2310.30s | Method=fedcda
[Round 086/100] Acc=48.790 | RoundTime=34.17s | TotalTime=2344.47s | Method=fedcda
[Round 087/100] Acc=48.740 | RoundTime=36.59s | TotalTime=2381.06s | Method=fedcda
[Round 088/100] Acc=48.710 | RoundTime=33.80s | TotalTime=2414.85s | Method=fedcda
[Round 089/100] Acc=48.790 | RoundTime=33.93s | TotalTime=2448.79s | Method=fedcda
[Round 090/100] Acc=48.770 | RoundTime=33.83s | TotalTime=2482.62s | Method=fedcda
[Round 091/100] Acc=48.670 | RoundTime=33.62s | TotalTime=2516.24s | Method=fedcda
[Round 092/100] Acc=48.880 | RoundTime=33.86s | TotalTime=2550.10s | Method=fedcda
[Round 093/100] Acc=48.860 | RoundTime=33.71s | TotalTime=2583.82s | Method=fedcda
[Round 094/100] Acc=49.070 | RoundTime=33.35s | TotalTime=2617.16s | Method=fedcda
[Round 095/100] Acc=49.050 | RoundTime=33.60s | TotalTime=2650.76s | Method=fedcda
[Round 096/100] Acc=49.230 | RoundTime=33.64s | TotalTime=2684.40s | Method=fedcda
[Round 097/100] Acc=49.310 | RoundTime=34.46s | TotalTime=2718.86s | Method=fedcda
[Round 098/100] Acc=49.180 | RoundTime=33.80s | TotalTime=2752.66s | Method=fedcda
[Round 099/100] Acc=49.250 | RoundTime=33.61s | TotalTime=2786.27s | Method=fedcda
[Round 100/100] Acc=49.190 | RoundTime=33.98s | TotalTime=2820.25s | Method=fedcda
====================================================================================================
Training finished at: 2026-03-31 15:58:35
Total elapsed time: 2820.25s
Final Acc: 49.190
Best Acc : 49.310
====================================================================================================
