fedcda_100_fl_cifar10_pm-dirichlet_alpha-0.5_nm-uniform_nr-0.5_0.1_100_10
mean: 500.0
std: 0.0
Data statistics: {0: {0: 86, 1: 34, 2: 140, 3: 22, 4: 32, 5: 32, 6: 51, 7: 22, 8: 32, 9: 49}, 1: {0: 30, 1: 54, 2: 35, 3: 29, 4: 26, 5: 30, 6: 25, 7: 40, 8: 148, 9: 83}, 2: {0: 29, 1: 33, 2: 113, 3: 83, 4: 57, 5: 46, 6: 31, 7: 48, 8: 31, 9: 29}, 3: {0: 47, 1: 26, 2: 77, 3: 61, 4: 35, 5: 29, 6: 60, 7: 58, 8: 80, 9: 27}, 4: {0: 57, 1: 78, 2: 23, 3: 40, 4: 57, 5: 128, 6: 27, 7: 34, 8: 22, 9: 34}, 5: {0: 86, 1: 65, 2: 31, 3: 36, 4: 33, 5: 34, 6: 34, 7: 75, 8: 79, 9: 27}, 6: {0: 16, 1: 48, 2: 30, 3: 23, 4: 55, 5: 28, 6: 88, 7: 26, 8: 51, 9: 135}, 7: {0: 60, 1: 78, 2: 32, 3: 33, 4: 80, 5: 24, 6: 78, 7: 41, 8: 53, 9: 21}, 8: {0: 75, 1: 35, 2: 27, 3: 30, 4: 70, 5: 69, 6: 60, 7: 31, 8: 61, 9: 42}, 9: {0: 24, 1: 60, 2: 37, 3: 40, 4: 47, 5: 42, 6: 44, 7: 57, 8: 75, 9: 74}, 10: {0: 85, 1: 32, 2: 25, 3: 33, 4: 46, 5: 30, 6: 51, 7: 126, 8: 43, 9: 29}, 11: {0: 47, 1: 25, 2: 42, 3: 40, 4: 30, 5: 35, 6: 100, 7: 48, 8: 92, 9: 41}, 12: {0: 42, 1: 26, 2: 40, 3: 24, 4: 56, 5: 42, 6: 35, 7: 48, 8: 115, 9: 72}, 13: {0: 42, 1: 42, 2: 51, 3: 110, 4: 17, 5: 96, 6: 40, 7: 24, 8: 48, 9: 30}, 14: {0: 84, 1: 29, 2: 31, 3: 47, 4: 50, 5: 71, 6: 100, 7: 20, 8: 34, 9: 34}, 15: {0: 39, 1: 25, 2: 34, 3: 25, 4: 45, 5: 53, 6: 79, 7: 30, 8: 56, 9: 114}, 16: {0: 24, 1: 37, 2: 36, 3: 57, 4: 50, 5: 75, 6: 29, 7: 63, 8: 37, 9: 92}, 17: {0: 25, 1: 79, 2: 71, 3: 32, 4: 28, 5: 58, 6: 27, 7: 32, 8: 28, 9: 120}, 18: {0: 34, 1: 98, 2: 40, 3: 67, 4: 57, 5: 47, 6: 77, 7: 29, 8: 25, 9: 26}, 19: {0: 25, 1: 63, 2: 26, 3: 58, 4: 36, 5: 94, 6: 26, 7: 41, 8: 97, 9: 34}, 20: {0: 29, 1: 30, 2: 77, 3: 52, 4: 68, 5: 64, 6: 22, 7: 79, 8: 47, 9: 32}, 21: {0: 32, 1: 42, 2: 45, 3: 163, 4: 31, 5: 65, 6: 45, 7: 29, 8: 20, 9: 28}, 22: {0: 48, 1: 29, 2: 29, 3: 36, 4: 63, 5: 118, 6: 101, 7: 21, 8: 27, 9: 28}, 23: {0: 24, 1: 29, 2: 79, 3: 60, 4: 37, 5: 32, 6: 23, 7: 64, 8: 125, 9: 27}, 24: {0: 30, 1: 29, 2: 25, 3: 28, 4: 28, 5: 42, 6: 54, 7: 54, 8: 186, 9: 24}, 25: {0: 66, 1: 33, 2: 26, 3: 61, 4: 33, 5: 37, 6: 42, 7: 77, 8: 37, 9: 88}, 26: {0: 72, 1: 43, 2: 40, 3: 48, 4: 50, 5: 49, 6: 97, 7: 34, 8: 31, 9: 36}, 27: {0: 52, 1: 55, 2: 73, 3: 35, 4: 30, 5: 52, 6: 34, 7: 43, 8: 91, 9: 35}, 28: {0: 31, 1: 37, 2: 71, 3: 27, 4: 50, 5: 29, 6: 32, 7: 145, 8: 49, 9: 29}, 29: {0: 44, 1: 93, 2: 59, 3: 43, 4: 33, 5: 18, 6: 42, 7: 29, 8: 106, 9: 33}, 30: {0: 28, 1: 99, 2: 25, 3: 33, 4: 116, 5: 36, 6: 33, 7: 63, 8: 39, 9: 28}, 31: {0: 154, 1: 31, 2: 76, 3: 45, 4: 60, 5: 25, 6: 37, 7: 33, 8: 18, 9: 21}, 32: {0: 98, 1: 31, 2: 40, 3: 21, 4: 91, 5: 57, 6: 31, 7: 62, 8: 39, 9: 30}, 33: {0: 30, 1: 40, 2: 27, 3: 34, 4: 65, 5: 62, 6: 27, 7: 30, 8: 62, 9: 123}, 34: {0: 74, 1: 48, 2: 40, 3: 36, 4: 161, 5: 28, 6: 31, 7: 27, 8: 33, 9: 22}, 35: {0: 245, 1: 34, 2: 25, 3: 26, 4: 31, 5: 27, 6: 24, 7: 33, 8: 25, 9: 30}, 36: {0: 133, 1: 49, 2: 78, 3: 30, 4: 40, 5: 26, 6: 50, 7: 34, 8: 29, 9: 31}, 37: {0: 31, 1: 22, 2: 148, 3: 40, 4: 58, 5: 29, 6: 97, 7: 32, 8: 17, 9: 26}, 38: {0: 42, 1: 80, 2: 56, 3: 37, 4: 73, 5: 30, 6: 62, 7: 59, 8: 35, 9: 26}, 39: {0: 62, 1: 190, 2: 41, 3: 26, 4: 41, 5: 24, 6: 25, 7: 31, 8: 33, 9: 27}, 40: {0: 43, 1: 40, 2: 34, 3: 63, 4: 102, 5: 60, 6: 77, 7: 24, 8: 28, 9: 29}, 41: {0: 26, 1: 55, 2: 22, 3: 53, 4: 44, 5: 33, 6: 23, 7: 42, 8: 102, 9: 100}, 42: {0: 30, 1: 48, 2: 89, 3: 70, 4: 35, 5: 32, 6: 22, 7: 58, 8: 92, 9: 24}, 43: {0: 23, 1: 46, 2: 51, 3: 29, 4: 62, 5: 36, 6: 99, 7: 67, 8: 57, 9: 30}, 44: {0: 42, 1: 64, 2: 28, 3: 51, 4: 17, 5: 72, 6: 140, 7: 28, 8: 26, 9: 32}, 45: {0: 28, 1: 61, 2: 47, 3: 37, 4: 74, 5: 68, 6: 53, 7: 45, 8: 54, 9: 33}, 46: {0: 36, 1: 32, 2: 77, 3: 38, 4: 28, 5: 39, 6: 71, 7: 31, 8: 124, 9: 24}, 47: {0: 44, 1: 55, 2: 38, 3: 39, 4: 39, 5: 26, 6: 76, 7: 28, 8: 26, 9: 129}, 48: {0: 29, 1: 35, 2: 36, 3: 29, 4: 31, 5: 41, 6: 58, 7: 76, 8: 156, 9: 9}, 49: {0: 59, 1: 24, 2: 60, 3: 23, 4: 21, 5: 39, 6: 142, 7: 44, 8: 42, 9: 46}, 50: {0: 76, 1: 20, 2: 104, 3: 28, 4: 42, 5: 31, 6: 62, 7: 76, 8: 31, 9: 30}, 51: {0: 72, 1: 28, 2: 35, 3: 50, 4: 50, 5: 33, 6: 51, 7: 32, 8: 39, 9: 110}, 52: {0: 40, 1: 49, 2: 44, 3: 55, 4: 51, 5: 29, 6: 16, 7: 104, 8: 50, 9: 62}, 53: {0: 24, 1: 53, 2: 37, 3: 29, 4: 86, 5: 45, 6: 50, 7: 56, 8: 99, 9: 21}, 54: {0: 35, 1: 32, 2: 49, 3: 104, 4: 26, 5: 28, 6: 38, 7: 67, 8: 35, 9: 86}, 55: {0: 46, 1: 30, 2: 37, 3: 64, 4: 38, 5: 37, 6: 69, 7: 97, 8: 55, 9: 27}, 56: {0: 56, 1: 31, 2: 43, 3: 28, 4: 60, 5: 29, 6: 34, 7: 46, 8: 25, 9: 148}, 57: {0: 36, 1: 40, 2: 43, 3: 85, 4: 165, 5: 36, 6: 25, 7: 24, 8: 22, 9: 24}, 58: {0: 37, 1: 35, 2: 26, 3: 26, 4: 32, 5: 86, 6: 54, 7: 44, 8: 28, 9: 132}, 59: {0: 56, 1: 30, 2: 63, 3: 36, 4: 27, 5: 40, 6: 37, 7: 36, 8: 149, 9: 26}, 60: {0: 57, 1: 36, 2: 56, 3: 36, 4: 33, 5: 60, 6: 55, 7: 104, 8: 29, 9: 34}, 61: {0: 26, 1: 34, 2: 102, 3: 145, 4: 34, 5: 29, 6: 35, 7: 35, 8: 23, 9: 37}, 62: {0: 38, 1: 73, 2: 35, 3: 65, 4: 82, 5: 113, 6: 26, 7: 21, 8: 22, 9: 25}, 63: {0: 146, 1: 39, 2: 73, 3: 56, 4: 51, 5: 19, 6: 26, 7: 24, 8: 38, 9: 28}, 64: {0: 36, 1: 70, 2: 54, 3: 35, 4: 121, 5: 39, 6: 34, 7: 45, 8: 29, 9: 37}, 65: {0: 31, 1: 53, 2: 52, 3: 73, 4: 44, 5: 27, 6: 137, 7: 30, 8: 20, 9: 33}, 66: {0: 36, 1: 87, 2: 31, 3: 85, 4: 39, 5: 89, 6: 27, 7: 42, 8: 32, 9: 32}, 67: {0: 66, 1: 27, 2: 47, 3: 30, 4: 98, 5: 30, 6: 104, 7: 47, 8: 30, 9: 21}, 68: {0: 33, 1: 50, 2: 29, 3: 218, 4: 22, 5: 30, 6: 29, 7: 31, 8: 26, 9: 32}, 69: {0: 32, 1: 29, 2: 88, 3: 63, 4: 36, 5: 64, 6: 52, 7: 80, 8: 23, 9: 33}, 70: {0: 73, 1: 28, 2: 37, 3: 31, 4: 50, 5: 99, 6: 112, 7: 20, 8: 27, 9: 23}, 71: {0: 24, 1: 32, 2: 58, 3: 38, 4: 31, 5: 78, 6: 39, 7: 81, 8: 39, 9: 80}, 72: {0: 29, 1: 85, 2: 56, 3: 34, 4: 31, 5: 30, 6: 26, 7: 109, 8: 70, 9: 30}, 73: {0: 82, 1: 30, 2: 41, 3: 79, 4: 60, 5: 37, 6: 47, 7: 49, 8: 27, 9: 48}, 74: {0: 45, 1: 28, 2: 138, 3: 33, 4: 38, 5: 47, 6: 60, 7: 57, 8: 23, 9: 31}, 75: {0: 34, 1: 96, 2: 68, 3: 104, 4: 50, 5: 42, 6: 21, 7: 32, 8: 26, 9: 27}, 76: {0: 95, 1: 76, 2: 68, 3: 62, 4: 63, 5: 28, 6: 37, 7: 22, 8: 22, 9: 27}, 77: {0: 107, 1: 22, 2: 41, 3: 31, 4: 46, 5: 67, 6: 25, 7: 44, 8: 48, 9: 69}, 78: {0: 37, 1: 30, 2: 47, 3: 47, 4: 34, 5: 91, 6: 55, 7: 112, 8: 23, 9: 24}, 79: {0: 32, 1: 26, 2: 46, 3: 32, 4: 28, 5: 131, 6: 105, 7: 49, 8: 27, 9: 24}, 80: {0: 45, 1: 113, 2: 26, 3: 33, 4: 27, 5: 34, 6: 98, 7: 38, 8: 29, 9: 57}, 81: {0: 38, 1: 22, 2: 86, 3: 32, 4: 66, 5: 37, 6: 37, 7: 47, 8: 110, 9: 25}, 82: {0: 25, 1: 41, 2: 51, 3: 40, 4: 51, 5: 52, 6: 67, 7: 24, 8: 44, 9: 105}, 83: {0: 106, 1: 179, 2: 19, 3: 31, 4: 22, 5: 27, 6: 33, 7: 17, 8: 26, 9: 40}, 84: {0: 30, 1: 133, 2: 25, 3: 22, 4: 22, 5: 47, 6: 27, 7: 49, 8: 111, 9: 34}, 85: {0: 84, 1: 25, 2: 72, 3: 67, 4: 29, 5: 26, 6: 44, 7: 29, 8: 27, 9: 97}, 86: {0: 21, 1: 30, 2: 36, 3: 46, 4: 71, 5: 65, 6: 60, 7: 116, 8: 25, 9: 30}, 87: {0: 33, 1: 29, 2: 32, 3: 38, 4: 51, 5: 151, 6: 28, 7: 84, 8: 28, 9: 26}, 88: {0: 57, 1: 59, 2: 57, 3: 109, 4: 87, 5: 36, 6: 31, 7: 23, 8: 18, 9: 23}, 89: {0: 73, 1: 62, 2: 37, 3: 107, 4: 20, 5: 33, 6: 42, 7: 53, 8: 42, 9: 31}, 90: {0: 52, 1: 34, 2: 45, 3: 71, 4: 59, 5: 98, 6: 32, 7: 60, 8: 26, 9: 23}, 91: {0: 33, 1: 122, 2: 81, 3: 53, 4: 22, 5: 47, 6: 57, 7: 27, 8: 31, 9: 27}, 92: {0: 43, 1: 36, 2: 22, 3: 31, 4: 71, 5: 64, 6: 25, 7: 91, 8: 63, 9: 54}, 93: {0: 31, 1: 43, 2: 21, 3: 42, 4: 26, 5: 74, 6: 34, 7: 102, 8: 53, 9: 74}, 94: {0: 37, 1: 33, 2: 37, 3: 27, 4: 85, 5: 28, 6: 59, 7: 37, 8: 34, 9: 123}, 95: {0: 26, 1: 46, 2: 31, 3: 33, 4: 26, 5: 68, 6: 31, 7: 36, 8: 77, 9: 126}, 96: {0: 28, 1: 60, 2: 50, 3: 40, 4: 27, 5: 76, 6: 31, 7: 79, 8: 76, 9: 33}, 97: {0: 25, 1: 39, 2: 37, 3: 30, 4: 28, 5: 33, 6: 26, 7: 41, 8: 38, 9: 203}, 98: {0: 32, 1: 55, 2: 28, 3: 35, 4: 74, 5: 65, 6: 28, 7: 36, 8: 27, 9: 120}, 99: {0: 38, 1: 30, 2: 50, 3: 60, 4: 45, 5: 61, 6: 49, 7: 31, 8: 33, 9: 103}}
====================================================================================================
Training started at: 2026-03-31 19:55:07
Result directory: results/fl_cifar10/fedcda/pm-dir_a-0.5_nm-uni_nr-0.5_nt-symmetric_st-least_sim_dr-0.1
Result txt file : results/fl_cifar10/fedcda/pm-dir_a-0.5_nm-uni_nr-0.5_nt-symmetric_st-least_sim_dr-0.1/fedcda_fl_cifar10_20260331-195507-234241_pid1121961.txt
Result log file : results/fl_cifar10/fedcda/pm-dir_a-0.5_nm-uni_nr-0.5_nt-symmetric_st-least_sim_dr-0.1/fedcda_fl_cifar10_20260331-195507-234241_pid1121961.log
----------------------------------------------------------------------------------------------------
Model: fedcda
Dataset: fl_cifar10
Structure: homogeneity
Participants: 100
Online ratio: 0.1
Communication epochs: 100
Local epoch: 10
Local batch size: 32
Local lr: 0.01
Partition mode: dirichlet
Dirichlet alpha: 0.5
Noise mode: uniform
Noise rate: 0.5
Noise type: symmetric
Noise max: 0.3
Denoise score alpha: 0.5
Drop rate: 0.1
Denoise strategy: least_sim
FedProx mu: 0.01
FedRDN std: 0.01
FedCDA history size: NA
FedGLoSS beta: 0.01
Averaging: weight
Seed: 0
====================================================================================================
[Round 001/100] Acc=10.000 | RoundTime=27.46s | TotalTime=27.46s | Method=fedcda
[Round 002/100] Acc=12.420 | RoundTime=27.16s | TotalTime=54.63s | Method=fedcda
[Round 003/100] Acc=16.720 | RoundTime=26.14s | TotalTime=80.77s | Method=fedcda
[Round 004/100] Acc=19.310 | RoundTime=27.29s | TotalTime=108.06s | Method=fedcda
[Round 005/100] Acc=25.310 | RoundTime=27.16s | TotalTime=135.22s | Method=fedcda
[Round 006/100] Acc=30.930 | RoundTime=26.20s | TotalTime=161.41s | Method=fedcda
[Round 007/100] Acc=21.490 | RoundTime=27.20s | TotalTime=188.62s | Method=fedcda
[Round 008/100] Acc=26.570 | RoundTime=26.28s | TotalTime=214.89s | Method=fedcda
[Round 009/100] Acc=23.130 | RoundTime=28.16s | TotalTime=243.05s | Method=fedcda
[Round 010/100] Acc=30.450 | RoundTime=25.90s | TotalTime=268.95s | Method=fedcda
[Round 011/100] Acc=22.570 | RoundTime=29.19s | TotalTime=298.14s | Method=fedcda
[Round 012/100] Acc=24.710 | RoundTime=26.57s | TotalTime=324.71s | Method=fedcda
[Round 013/100] Acc=27.100 | RoundTime=22.39s | TotalTime=347.10s | Method=fedcda
[Round 014/100] Acc=32.890 | RoundTime=23.08s | TotalTime=370.18s | Method=fedcda
[Round 015/100] Acc=26.000 | RoundTime=23.31s | TotalTime=393.49s | Method=fedcda
[Round 016/100] Acc=29.360 | RoundTime=24.52s | TotalTime=418.01s | Method=fedcda
[Round 017/100] Acc=19.220 | RoundTime=24.93s | TotalTime=442.94s | Method=fedcda
[Round 018/100] Acc=25.110 | RoundTime=24.86s | TotalTime=467.80s | Method=fedcda
[Round 019/100] Acc=25.890 | RoundTime=25.17s | TotalTime=492.97s | Method=fedcda
[Round 020/100] Acc=22.800 | RoundTime=24.96s | TotalTime=517.93s | Method=fedcda
[Round 021/100] Acc=25.320 | RoundTime=25.01s | TotalTime=542.95s | Method=fedcda
[Round 022/100] Acc=31.700 | RoundTime=24.82s | TotalTime=567.76s | Method=fedcda
[Round 023/100] Acc=26.810 | RoundTime=26.71s | TotalTime=594.48s | Method=fedcda
[Round 024/100] Acc=30.060 | RoundTime=24.83s | TotalTime=619.30s | Method=fedcda
[Round 025/100] Acc=25.430 | RoundTime=23.37s | TotalTime=642.68s | Method=fedcda
[Round 026/100] Acc=26.590 | RoundTime=22.03s | TotalTime=664.71s | Method=fedcda
[Round 027/100] Acc=33.130 | RoundTime=22.11s | TotalTime=686.81s | Method=fedcda
[Round 028/100] Acc=32.170 | RoundTime=22.42s | TotalTime=709.23s | Method=fedcda
[Round 029/100] Acc=32.440 | RoundTime=21.79s | TotalTime=731.03s | Method=fedcda
[Round 030/100] Acc=34.580 | RoundTime=21.83s | TotalTime=752.86s | Method=fedcda
[Round 031/100] Acc=27.070 | RoundTime=22.85s | TotalTime=775.71s | Method=fedcda
[Round 032/100] Acc=24.280 | RoundTime=22.56s | TotalTime=798.27s | Method=fedcda
[Round 033/100] Acc=33.030 | RoundTime=22.55s | TotalTime=820.82s | Method=fedcda
[Round 034/100] Acc=33.660 | RoundTime=22.58s | TotalTime=843.40s | Method=fedcda
[Round 035/100] Acc=24.920 | RoundTime=22.42s | TotalTime=865.82s | Method=fedcda
[Round 036/100] Acc=31.270 | RoundTime=22.18s | TotalTime=888.00s | Method=fedcda
[Round 037/100] Acc=26.790 | RoundTime=24.41s | TotalTime=912.41s | Method=fedcda
[Round 038/100] Acc=32.640 | RoundTime=22.41s | TotalTime=934.82s | Method=fedcda
[Round 039/100] Acc=32.690 | RoundTime=22.76s | TotalTime=957.58s | Method=fedcda
[Round 040/100] Acc=27.920 | RoundTime=22.84s | TotalTime=980.42s | Method=fedcda
[Round 041/100] Acc=29.670 | RoundTime=22.70s | TotalTime=1003.12s | Method=fedcda
[Round 042/100] Acc=27.090 | RoundTime=22.41s | TotalTime=1025.53s | Method=fedcda
[Round 043/100] Acc=33.710 | RoundTime=22.43s | TotalTime=1047.96s | Method=fedcda
[Round 044/100] Acc=27.870 | RoundTime=23.85s | TotalTime=1071.81s | Method=fedcda
[Round 045/100] Acc=31.240 | RoundTime=24.16s | TotalTime=1095.97s | Method=fedcda
[Round 046/100] Acc=33.580 | RoundTime=23.48s | TotalTime=1119.45s | Method=fedcda
[Round 047/100] Acc=28.020 | RoundTime=24.20s | TotalTime=1143.65s | Method=fedcda
[Round 048/100] Acc=28.200 | RoundTime=22.25s | TotalTime=1165.90s | Method=fedcda
[Round 049/100] Acc=29.550 | RoundTime=22.00s | TotalTime=1187.90s | Method=fedcda
[Round 050/100] Acc=34.190 | RoundTime=21.38s | TotalTime=1209.28s | Method=fedcda
[Round 051/100] Acc=34.490 | RoundTime=33.86s | TotalTime=1243.14s | Method=fedcda
[Round 052/100] Acc=34.730 | RoundTime=31.48s | TotalTime=1274.63s | Method=fedcda
[Round 053/100] Acc=34.970 | RoundTime=31.39s | TotalTime=1306.02s | Method=fedcda
[Round 054/100] Acc=35.280 | RoundTime=32.91s | TotalTime=1338.93s | Method=fedcda
[Round 055/100] Acc=35.910 | RoundTime=32.49s | TotalTime=1371.42s | Method=fedcda
[Round 056/100] Acc=35.750 | RoundTime=32.35s | TotalTime=1403.77s | Method=fedcda
[Round 057/100] Acc=35.890 | RoundTime=31.87s | TotalTime=1435.64s | Method=fedcda
[Round 058/100] Acc=35.660 | RoundTime=31.98s | TotalTime=1467.62s | Method=fedcda
[Round 059/100] Acc=26.020 | RoundTime=32.14s | TotalTime=1499.76s | Method=fedcda
[Round 060/100] Acc=26.470 | RoundTime=32.16s | TotalTime=1531.92s | Method=fedcda
[Round 061/100] Acc=26.300 | RoundTime=31.63s | TotalTime=1563.55s | Method=fedcda
[Round 062/100] Acc=26.820 | RoundTime=31.72s | TotalTime=1595.26s | Method=fedcda
[Round 063/100] Acc=26.450 | RoundTime=31.86s | TotalTime=1627.12s | Method=fedcda
[Round 064/100] Acc=26.450 | RoundTime=31.06s | TotalTime=1658.18s | Method=fedcda
[Round 065/100] Acc=26.300 | RoundTime=33.77s | TotalTime=1691.95s | Method=fedcda
[Round 066/100] Acc=26.480 | RoundTime=31.53s | TotalTime=1723.48s | Method=fedcda
[Round 067/100] Acc=26.570 | RoundTime=31.26s | TotalTime=1754.74s | Method=fedcda
[Round 068/100] Acc=26.660 | RoundTime=31.50s | TotalTime=1786.24s | Method=fedcda
[Round 069/100] Acc=26.750 | RoundTime=31.79s | TotalTime=1818.03s | Method=fedcda
[Round 070/100] Acc=26.850 | RoundTime=31.33s | TotalTime=1849.35s | Method=fedcda
[Round 071/100] Acc=27.180 | RoundTime=31.62s | TotalTime=1880.97s | Method=fedcda
[Round 072/100] Acc=26.990 | RoundTime=31.86s | TotalTime=1912.82s | Method=fedcda
[Round 073/100] Acc=27.180 | RoundTime=32.39s | TotalTime=1945.22s | Method=fedcda
[Round 074/100] Acc=27.460 | RoundTime=32.54s | TotalTime=1977.76s | Method=fedcda
[Round 075/100] Acc=27.640 | RoundTime=33.63s | TotalTime=2011.40s | Method=fedcda
[Round 076/100] Acc=27.760 | RoundTime=35.09s | TotalTime=2046.49s | Method=fedcda
[Round 077/100] Acc=27.890 | RoundTime=34.73s | TotalTime=2081.21s | Method=fedcda
[Round 078/100] Acc=27.790 | RoundTime=34.74s | TotalTime=2115.96s | Method=fedcda
[Round 079/100] Acc=30.940 | RoundTime=34.38s | TotalTime=2150.34s | Method=fedcda
[Round 080/100] Acc=30.790 | RoundTime=34.03s | TotalTime=2184.37s | Method=fedcda
[Round 081/100] Acc=30.790 | RoundTime=35.83s | TotalTime=2220.20s | Method=fedcda
[Round 082/100] Acc=31.180 | RoundTime=34.15s | TotalTime=2254.34s | Method=fedcda
[Round 083/100] Acc=31.420 | RoundTime=34.09s | TotalTime=2288.43s | Method=fedcda
[Round 084/100] Acc=29.570 | RoundTime=33.94s | TotalTime=2322.37s | Method=fedcda
[Round 085/100] Acc=29.610 | RoundTime=34.26s | TotalTime=2356.63s | Method=fedcda
[Round 086/100] Acc=29.460 | RoundTime=34.57s | TotalTime=2391.19s | Method=fedcda
[Round 087/100] Acc=29.520 | RoundTime=34.26s | TotalTime=2425.45s | Method=fedcda
[Round 088/100] Acc=29.450 | RoundTime=34.62s | TotalTime=2460.07s | Method=fedcda
[Round 089/100] Acc=29.590 | RoundTime=36.52s | TotalTime=2496.59s | Method=fedcda
[Round 090/100] Acc=29.570 | RoundTime=34.54s | TotalTime=2531.13s | Method=fedcda
[Round 091/100] Acc=29.710 | RoundTime=35.10s | TotalTime=2566.24s | Method=fedcda
[Round 092/100] Acc=29.590 | RoundTime=34.79s | TotalTime=2601.03s | Method=fedcda
[Round 093/100] Acc=29.610 | RoundTime=33.66s | TotalTime=2634.68s | Method=fedcda
[Round 094/100] Acc=29.470 | RoundTime=34.45s | TotalTime=2669.13s | Method=fedcda
[Round 095/100] Acc=29.440 | RoundTime=34.88s | TotalTime=2704.01s | Method=fedcda
[Round 096/100] Acc=29.290 | RoundTime=34.36s | TotalTime=2738.36s | Method=fedcda
[Round 097/100] Acc=29.140 | RoundTime=34.05s | TotalTime=2772.41s | Method=fedcda
[Round 098/100] Acc=29.110 | RoundTime=36.64s | TotalTime=2809.05s | Method=fedcda
[Round 099/100] Acc=29.430 | RoundTime=34.31s | TotalTime=2843.37s | Method=fedcda
[Round 100/100] Acc=29.280 | RoundTime=34.71s | TotalTime=2878.08s | Method=fedcda
====================================================================================================
Training finished at: 2026-03-31 20:43:05
Total elapsed time: 2878.08s
Final Acc: 29.280
Best Acc : 35.910
====================================================================================================
