fedcda_100_fl_mnist_pm-dirichlet_alpha-0.3_nm-uniform_nr-0.3_0.1_100_10
mean: 600.0
std: 0.0
Data statistics: {0: {0: 41, 1: 28, 2: 24, 3: 14, 4: 23, 5: 21, 6: 42, 7: 30, 8: 46, 9: 331}, 1: {0: 54, 1: 46, 2: 17, 3: 19, 4: 21, 5: 21, 6: 203, 7: 20, 8: 46, 9: 153}, 2: {0: 52, 1: 160, 2: 29, 3: 28, 4: 40, 5: 96, 6: 32, 7: 124, 8: 14, 9: 25}, 3: {0: 21, 1: 14, 2: 70, 3: 203, 4: 28, 5: 26, 6: 83, 7: 28, 8: 112, 9: 15}, 4: {0: 25, 1: 19, 2: 19, 3: 24, 4: 22, 5: 33, 6: 213, 7: 21, 8: 206, 9: 18}, 5: {0: 20, 1: 32, 2: 64, 3: 21, 4: 164, 5: 149, 6: 43, 7: 63, 8: 24, 9: 20}, 6: {0: 73, 1: 44, 2: 16, 3: 37, 4: 27, 5: 32, 6: 24, 7: 25, 8: 135, 9: 187}, 7: {0: 39, 1: 64, 2: 70, 3: 15, 4: 21, 5: 43, 6: 24, 7: 18, 8: 23, 9: 283}, 8: {0: 37, 1: 33, 2: 23, 3: 18, 4: 18, 5: 22, 6: 13, 7: 23, 8: 55, 9: 358}, 9: {0: 56, 1: 44, 2: 180, 3: 36, 4: 23, 5: 100, 6: 23, 7: 87, 8: 35, 9: 16}, 10: {0: 188, 1: 96, 2: 38, 3: 20, 4: 36, 5: 48, 6: 122, 7: 16, 8: 18, 9: 18}, 11: {0: 22, 1: 21, 2: 22, 3: 34, 4: 21, 5: 29, 6: 397, 7: 19, 8: 20, 9: 15}, 12: {0: 29, 1: 202, 2: 181, 3: 28, 4: 66, 5: 28, 6: 13, 7: 22, 8: 14, 9: 17}, 13: {0: 17, 1: 28, 2: 18, 3: 19, 4: 31, 5: 16, 6: 39, 7: 230, 8: 29, 9: 173}, 14: {0: 18, 1: 27, 2: 23, 3: 71, 4: 72, 5: 80, 6: 51, 7: 21, 8: 215, 9: 22}, 15: {0: 23, 1: 27, 2: 15, 3: 115, 4: 47, 5: 297, 6: 15, 7: 19, 8: 16, 9: 26}, 16: {0: 31, 1: 49, 2: 23, 3: 30, 4: 11, 5: 25, 6: 34, 7: 220, 8: 162, 9: 15}, 17: {0: 28, 1: 30, 2: 25, 3: 14, 4: 149, 5: 22, 6: 21, 7: 19, 8: 262, 9: 30}, 18: {0: 18, 1: 17, 2: 222, 3: 222, 4: 27, 5: 21, 6: 16, 7: 11, 8: 22, 9: 24}, 19: {0: 37, 1: 68, 2: 30, 3: 45, 4: 21, 5: 35, 6: 105, 7: 69, 8: 18, 9: 172}, 20: {0: 124, 1: 42, 2: 31, 3: 16, 4: 19, 5: 40, 6: 199, 7: 42, 8: 66, 9: 21}, 21: {0: 22, 1: 76, 2: 24, 3: 40, 4: 161, 5: 16, 6: 56, 7: 20, 8: 16, 9: 169}, 22: {0: 23, 1: 27, 2: 27, 3: 224, 4: 19, 5: 18, 6: 97, 7: 55, 8: 89, 9: 21}, 23: {0: 223, 1: 31, 2: 215, 3: 12, 4: 16, 5: 16, 6: 23, 7: 18, 8: 25, 9: 21}, 24: {0: 57, 1: 163, 2: 20, 3: 50, 4: 62, 5: 152, 6: 38, 7: 22, 8: 17, 9: 19}, 25: {0: 20, 1: 34, 2: 100, 3: 22, 4: 90, 5: 28, 6: 102, 7: 20, 8: 165, 9: 19}, 26: {0: 158, 1: 66, 2: 36, 3: 114, 4: 25, 5: 117, 6: 25, 7: 18, 8: 18, 9: 23}, 27: {0: 23, 1: 48, 2: 124, 3: 16, 4: 36, 5: 19, 6: 18, 7: 41, 8: 112, 9: 163}, 28: {0: 306, 1: 38, 2: 29, 3: 18, 4: 107, 5: 24, 6: 18, 7: 18, 8: 22, 9: 20}, 29: {0: 28, 1: 21, 2: 40, 3: 18, 4: 277, 5: 145, 6: 16, 7: 20, 8: 21, 9: 14}, 30: {0: 37, 1: 17, 2: 90, 3: 175, 4: 51, 5: 45, 6: 56, 7: 52, 8: 24, 9: 53}, 31: {0: 22, 1: 17, 2: 16, 3: 38, 4: 23, 5: 226, 6: 23, 7: 44, 8: 48, 9: 143}, 32: {0: 45, 1: 20, 2: 21, 3: 27, 4: 26, 5: 27, 6: 93, 7: 140, 8: 183, 9: 18}, 33: {0: 167, 1: 106, 2: 151, 3: 26, 4: 18, 5: 49, 6: 30, 7: 17, 8: 18, 9: 18}, 34: {0: 19, 1: 132, 2: 19, 3: 112, 4: 70, 5: 118, 6: 56, 7: 40, 8: 13, 9: 21}, 35: {0: 27, 1: 145, 2: 17, 3: 50, 4: 18, 5: 179, 6: 39, 7: 15, 8: 83, 9: 27}, 36: {0: 39, 1: 126, 2: 17, 3: 18, 4: 268, 5: 52, 6: 20, 7: 19, 8: 18, 9: 23}, 37: {0: 22, 1: 25, 2: 18, 3: 266, 4: 33, 5: 133, 6: 23, 7: 42, 8: 19, 9: 19}, 38: {0: 82, 1: 19, 2: 81, 3: 25, 4: 15, 5: 135, 6: 28, 7: 57, 8: 33, 9: 125}, 39: {0: 86, 1: 86, 2: 71, 3: 76, 4: 39, 5: 18, 6: 159, 7: 19, 8: 23, 9: 23}, 40: {0: 25, 1: 24, 2: 27, 3: 23, 4: 128, 5: 16, 6: 20, 7: 245, 8: 22, 9: 70}, 41: {0: 50, 1: 23, 2: 19, 3: 387, 4: 24, 5: 24, 6: 16, 7: 22, 8: 16, 9: 19}, 42: {0: 27, 1: 230, 2: 60, 3: 18, 4: 15, 5: 39, 6: 31, 7: 23, 8: 138, 9: 19}, 43: {0: 54, 1: 45, 2: 47, 3: 36, 4: 28, 5: 21, 6: 250, 7: 15, 8: 87, 9: 17}, 44: {0: 22, 1: 143, 2: 20, 3: 217, 4: 33, 5: 85, 6: 23, 7: 13, 8: 17, 9: 27}, 45: {0: 210, 1: 23, 2: 18, 3: 26, 4: 150, 5: 50, 6: 31, 7: 59, 8: 12, 9: 21}, 46: {0: 315, 1: 124, 2: 17, 3: 22, 4: 26, 5: 18, 6: 17, 7: 16, 8: 27, 9: 18}, 47: {0: 55, 1: 25, 2: 21, 3: 63, 4: 75, 5: 84, 6: 24, 7: 18, 8: 19, 9: 216}, 48: {0: 22, 1: 16, 2: 76, 3: 172, 4: 119, 5: 16, 6: 113, 7: 13, 8: 24, 9: 29}, 49: {0: 27, 1: 28, 2: 18, 3: 41, 4: 52, 5: 66, 6: 310, 7: 13, 8: 23, 9: 22}, 50: {0: 22, 1: 18, 2: 100, 3: 17, 4: 30, 5: 28, 6: 86, 7: 52, 8: 38, 9: 209}, 51: {0: 67, 1: 18, 2: 92, 3: 37, 4: 185, 5: 72, 6: 33, 7: 20, 8: 64, 9: 12}, 52: {0: 233, 1: 21, 2: 205, 3: 24, 4: 27, 5: 16, 6: 22, 7: 15, 8: 22, 9: 15}, 53: {0: 16, 1: 31, 2: 142, 3: 19, 4: 209, 5: 47, 6: 63, 7: 17, 8: 29, 9: 27}, 54: {0: 24, 1: 132, 2: 21, 3: 33, 4: 14, 5: 21, 6: 13, 7: 245, 8: 38, 9: 59}, 55: {0: 20, 1: 49, 2: 33, 3: 28, 4: 34, 5: 31, 6: 23, 7: 78, 8: 281, 9: 23}, 56: {0: 42, 1: 32, 2: 25, 3: 17, 4: 39, 5: 18, 6: 14, 7: 22, 8: 368, 9: 23}, 57: {0: 29, 1: 22, 2: 183, 3: 37, 4: 46, 5: 77, 6: 24, 7: 34, 8: 127, 9: 21}, 58: {0: 157, 1: 118, 2: 23, 3: 23, 4: 44, 5: 62, 6: 112, 7: 16, 8: 18, 9: 27}, 59: {0: 241, 1: 93, 2: 93, 3: 53, 4: 18, 5: 19, 6: 20, 7: 19, 8: 22, 9: 22}, 60: {0: 18, 1: 201, 2: 26, 3: 17, 4: 17, 5: 21, 6: 79, 7: 45, 8: 157, 9: 19}, 61: {0: 12, 1: 32, 2: 45, 3: 42, 4: 38, 5: 144, 6: 22, 7: 26, 8: 117, 9: 122}, 62: {0: 21, 1: 241, 2: 20, 3: 179, 4: 46, 5: 16, 6: 20, 7: 20, 8: 17, 9: 20}, 63: {0: 135, 1: 306, 2: 22, 3: 11, 4: 17, 5: 21, 6: 24, 7: 27, 8: 17, 9: 20}, 64: {0: 19, 1: 43, 2: 79, 3: 42, 4: 87, 5: 89, 6: 60, 7: 34, 8: 129, 9: 18}, 65: {0: 31, 1: 39, 2: 27, 3: 160, 4: 20, 5: 22, 6: 30, 7: 15, 8: 18, 9: 238}, 66: {0: 20, 1: 23, 2: 55, 3: 33, 4: 21, 5: 24, 6: 91, 7: 295, 8: 21, 9: 17}, 67: {0: 31, 1: 32, 2: 55, 3: 364, 4: 15, 5: 20, 6: 19, 7: 19, 8: 21, 9: 24}, 68: {0: 14, 1: 27, 2: 46, 3: 126, 4: 18, 5: 110, 6: 21, 7: 47, 8: 154, 9: 37}, 69: {0: 40, 1: 19, 2: 27, 3: 16, 4: 27, 5: 35, 6: 88, 7: 67, 8: 57, 9: 224}, 70: {0: 45, 1: 19, 2: 20, 3: 15, 4: 183, 5: 19, 6: 28, 7: 231, 8: 17, 9: 23}, 71: {0: 20, 1: 23, 2: 17, 3: 25, 4: 109, 5: 73, 6: 17, 7: 275, 8: 20, 9: 21}, 72: {0: 51, 1: 20, 2: 138, 3: 34, 4: 36, 5: 111, 6: 22, 7: 146, 8: 18, 9: 24}, 73: {0: 22, 1: 81, 2: 53, 3: 78, 4: 12, 5: 110, 6: 136, 7: 65, 8: 19, 9: 24}, 74: {0: 71, 1: 266, 2: 120, 3: 17, 4: 29, 5: 15, 6: 21, 7: 18, 8: 23, 9: 20}, 75: {0: 62, 1: 20, 2: 379, 3: 27, 4: 21, 5: 23, 6: 13, 7: 17, 8: 19, 9: 19}, 76: {0: 43, 1: 19, 2: 19, 3: 65, 4: 92, 5: 88, 6: 78, 7: 28, 8: 148, 9: 20}, 77: {0: 19, 1: 25, 2: 22, 3: 97, 4: 23, 5: 20, 6: 329, 7: 19, 8: 25, 9: 21}, 78: {0: 81, 1: 53, 2: 152, 3: 24, 4: 19, 5: 189, 6: 17, 7: 21, 8: 17, 9: 27}, 79: {0: 158, 1: 53, 2: 23, 3: 254, 4: 16, 5: 28, 6: 14, 7: 17, 8: 17, 9: 20}, 80: {0: 110, 1: 27, 2: 38, 3: 25, 4: 46, 5: 24, 6: 30, 7: 233, 8: 25, 9: 42}, 81: {0: 20, 1: 216, 2: 11, 3: 21, 4: 49, 5: 100, 6: 21, 7: 127, 8: 25, 9: 10}, 82: {0: 37, 1: 35, 2: 21, 3: 63, 4: 31, 5: 16, 6: 23, 7: 331, 8: 17, 9: 26}, 83: {0: 26, 1: 219, 2: 22, 3: 22, 4: 21, 5: 50, 6: 92, 7: 100, 8: 34, 9: 14}, 84: {0: 20, 1: 22, 2: 41, 3: 31, 4: 20, 5: 23, 6: 77, 7: 244, 8: 98, 9: 24}, 85: {0: 20, 1: 30, 2: 28, 3: 23, 4: 28, 5: 15, 6: 29, 7: 25, 8: 25, 9: 377}, 86: {0: 74, 1: 132, 2: 35, 3: 62, 4: 11, 5: 200, 6: 18, 7: 26, 8: 21, 9: 21}, 87: {0: 65, 1: 92, 2: 69, 3: 16, 4: 29, 5: 129, 6: 28, 7: 123, 8: 31, 9: 18}, 88: {0: 35, 1: 22, 2: 17, 3: 26, 4: 19, 5: 17, 6: 12, 7: 186, 8: 62, 9: 204}, 89: {0: 18, 1: 16, 2: 20, 3: 27, 4: 284, 5: 43, 6: 26, 7: 116, 8: 26, 9: 24}, 90: {0: 20, 1: 31, 2: 41, 3: 23, 4: 138, 5: 30, 6: 40, 7: 33, 8: 21, 9: 223}, 91: {0: 65, 1: 35, 2: 25, 3: 25, 4: 359, 5: 23, 6: 23, 7: 16, 8: 14, 9: 15}, 92: {0: 50, 1: 77, 2: 78, 3: 33, 4: 47, 5: 42, 6: 140, 7: 23, 8: 97, 9: 13}, 93: {0: 76, 1: 94, 2: 73, 3: 12, 4: 78, 5: 18, 6: 23, 7: 27, 8: 77, 9: 122}, 94: {0: 20, 1: 17, 2: 31, 3: 29, 4: 15, 5: 28, 6: 94, 7: 88, 8: 258, 9: 20}, 95: {0: 28, 1: 66, 2: 40, 3: 19, 4: 239, 5: 27, 6: 71, 7: 26, 8: 57, 9: 27}, 96: {0: 260, 1: 176, 2: 17, 3: 23, 4: 16, 5: 25, 6: 19, 7: 15, 8: 22, 9: 27}, 97: {0: 92, 1: 31, 2: 26, 3: 76, 4: 43, 5: 17, 6: 82, 7: 199, 8: 16, 9: 18}, 98: {0: 31, 1: 42, 2: 20, 3: 258, 4: 28, 5: 90, 6: 72, 7: 19, 8: 17, 9: 23}, 99: {0: 31, 1: 27, 2: 380, 3: 44, 4: 21, 5: 22, 6: 21, 7: 17, 8: 18, 9: 19}}
====================================================================================================
Training started at: 2026-03-27 02:57:39
Result directory: results/fl_mnist/fedcda/pm-dir_a-0.3_nm-uni_nr-0.3_nt-symmetric_st-least_sim_dr-0.15
Result txt file : results/fl_mnist/fedcda/pm-dir_a-0.3_nm-uni_nr-0.3_nt-symmetric_st-least_sim_dr-0.15/fedcda_fl_mnist_20260327-025739-117478_pid934878.txt
Result log file : results/fl_mnist/fedcda/pm-dir_a-0.3_nm-uni_nr-0.3_nt-symmetric_st-least_sim_dr-0.15/fedcda_fl_mnist_20260327-025739-117478_pid934878.log
----------------------------------------------------------------------------------------------------
Model: fedcda
Dataset: fl_mnist
Structure: homogeneity
Participants: 100
Online ratio: 0.1
Communication epochs: 100
Local epoch: 10
Local batch size: 64
Local lr: 0.01
Partition mode: dirichlet
Dirichlet alpha: 0.3
Noise mode: uniform
Noise rate: 0.3
Noise type: symmetric
Noise max: 0.3
Denoise score alpha: 0.5
Drop rate: 0.15
Denoise strategy: least_sim
FedProx mu: 0.01
FedRDN std: 0.01
FedCDA history size: NA
FedGLoSS beta: 0.01
Averaging: weight
Seed: 0
====================================================================================================
[Round 001/100] Acc=12.720 | RoundTime=29.91s | TotalTime=29.91s | Method=fedcda
[Round 002/100] Acc=12.600 | RoundTime=29.66s | TotalTime=59.57s | Method=fedcda
[Round 003/100] Acc=33.220 | RoundTime=27.40s | TotalTime=86.97s | Method=fedcda
[Round 004/100] Acc=88.760 | RoundTime=28.23s | TotalTime=115.20s | Method=fedcda
[Round 005/100] Acc=82.350 | RoundTime=29.78s | TotalTime=144.98s | Method=fedcda
[Round 006/100] Acc=82.730 | RoundTime=29.04s | TotalTime=174.02s | Method=fedcda
[Round 007/100] Acc=79.130 | RoundTime=30.26s | TotalTime=204.28s | Method=fedcda
[Round 008/100] Acc=85.670 | RoundTime=29.10s | TotalTime=233.38s | Method=fedcda
[Round 009/100] Acc=64.800 | RoundTime=30.33s | TotalTime=263.71s | Method=fedcda
[Round 010/100] Acc=68.450 | RoundTime=29.67s | TotalTime=293.38s | Method=fedcda
[Round 011/100] Acc=88.000 | RoundTime=29.83s | TotalTime=323.21s | Method=fedcda
[Round 012/100] Acc=77.190 | RoundTime=26.57s | TotalTime=349.78s | Method=fedcda
[Round 013/100] Acc=74.930 | RoundTime=26.29s | TotalTime=376.07s | Method=fedcda
[Round 014/100] Acc=84.270 | RoundTime=25.99s | TotalTime=402.07s | Method=fedcda
[Round 015/100] Acc=78.560 | RoundTime=25.55s | TotalTime=427.62s | Method=fedcda
[Round 016/100] Acc=86.300 | RoundTime=26.17s | TotalTime=453.78s | Method=fedcda
[Round 017/100] Acc=85.360 | RoundTime=25.87s | TotalTime=479.65s | Method=fedcda
[Round 018/100] Acc=81.550 | RoundTime=25.96s | TotalTime=505.61s | Method=fedcda
[Round 019/100] Acc=88.350 | RoundTime=26.63s | TotalTime=532.24s | Method=fedcda
[Round 020/100] Acc=66.210 | RoundTime=26.37s | TotalTime=558.61s | Method=fedcda
[Round 021/100] Acc=78.610 | RoundTime=25.66s | TotalTime=584.27s | Method=fedcda
[Round 022/100] Acc=88.840 | RoundTime=26.16s | TotalTime=610.43s | Method=fedcda
[Round 023/100] Acc=81.560 | RoundTime=25.93s | TotalTime=636.36s | Method=fedcda
[Round 024/100] Acc=81.550 | RoundTime=27.52s | TotalTime=663.89s | Method=fedcda
[Round 025/100] Acc=75.240 | RoundTime=26.43s | TotalTime=690.31s | Method=fedcda
[Round 026/100] Acc=89.150 | RoundTime=26.14s | TotalTime=716.46s | Method=fedcda
[Round 027/100] Acc=85.490 | RoundTime=25.93s | TotalTime=742.39s | Method=fedcda
[Round 028/100] Acc=81.440 | RoundTime=26.47s | TotalTime=768.86s | Method=fedcda
[Round 029/100] Acc=78.950 | RoundTime=25.51s | TotalTime=794.36s | Method=fedcda
[Round 030/100] Acc=82.680 | RoundTime=26.51s | TotalTime=820.88s | Method=fedcda
[Round 031/100] Acc=75.130 | RoundTime=25.23s | TotalTime=846.11s | Method=fedcda
[Round 032/100] Acc=89.350 | RoundTime=26.18s | TotalTime=872.29s | Method=fedcda
[Round 033/100] Acc=79.830 | RoundTime=26.64s | TotalTime=898.93s | Method=fedcda
[Round 034/100] Acc=70.090 | RoundTime=26.93s | TotalTime=925.86s | Method=fedcda
[Round 035/100] Acc=89.820 | RoundTime=27.11s | TotalTime=952.97s | Method=fedcda
[Round 036/100] Acc=82.700 | RoundTime=27.32s | TotalTime=980.29s | Method=fedcda
[Round 037/100] Acc=64.740 | RoundTime=29.12s | TotalTime=1009.42s | Method=fedcda
[Round 038/100] Acc=74.060 | RoundTime=26.86s | TotalTime=1036.28s | Method=fedcda
[Round 039/100] Acc=87.960 | RoundTime=27.41s | TotalTime=1063.69s | Method=fedcda
[Round 040/100] Acc=89.730 | RoundTime=26.96s | TotalTime=1090.65s | Method=fedcda
[Round 041/100] Acc=85.800 | RoundTime=27.33s | TotalTime=1117.98s | Method=fedcda
[Round 042/100] Acc=78.930 | RoundTime=26.21s | TotalTime=1144.19s | Method=fedcda
[Round 043/100] Acc=75.020 | RoundTime=26.30s | TotalTime=1170.49s | Method=fedcda
[Round 044/100] Acc=71.330 | RoundTime=27.51s | TotalTime=1198.01s | Method=fedcda
[Round 045/100] Acc=83.850 | RoundTime=26.98s | TotalTime=1224.98s | Method=fedcda
[Round 046/100] Acc=85.470 | RoundTime=26.96s | TotalTime=1251.94s | Method=fedcda
[Round 047/100] Acc=77.800 | RoundTime=27.91s | TotalTime=1279.85s | Method=fedcda
[Round 048/100] Acc=80.990 | RoundTime=28.16s | TotalTime=1308.01s | Method=fedcda
[Round 049/100] Acc=82.020 | RoundTime=28.17s | TotalTime=1336.19s | Method=fedcda
[Round 050/100] Acc=88.130 | RoundTime=26.95s | TotalTime=1363.13s | Method=fedcda
[Round 051/100] Acc=87.850 | RoundTime=37.68s | TotalTime=1400.82s | Method=fedcda
[Round 052/100] Acc=87.800 | RoundTime=33.32s | TotalTime=1434.13s | Method=fedcda
[Round 053/100] Acc=87.620 | RoundTime=34.15s | TotalTime=1468.28s | Method=fedcda
[Round 054/100] Acc=83.970 | RoundTime=33.64s | TotalTime=1501.92s | Method=fedcda
[Round 055/100] Acc=84.320 | RoundTime=33.90s | TotalTime=1535.82s | Method=fedcda
[Round 056/100] Acc=84.400 | RoundTime=34.12s | TotalTime=1569.94s | Method=fedcda
[Round 057/100] Acc=84.740 | RoundTime=33.55s | TotalTime=1603.49s | Method=fedcda
[Round 058/100] Acc=84.960 | RoundTime=34.11s | TotalTime=1637.60s | Method=fedcda
[Round 059/100] Acc=85.030 | RoundTime=36.80s | TotalTime=1674.40s | Method=fedcda
[Round 060/100] Acc=84.710 | RoundTime=33.73s | TotalTime=1708.13s | Method=fedcda
[Round 061/100] Acc=84.570 | RoundTime=33.99s | TotalTime=1742.13s | Method=fedcda
[Round 062/100] Acc=84.270 | RoundTime=34.44s | TotalTime=1776.56s | Method=fedcda
[Round 063/100] Acc=84.010 | RoundTime=34.22s | TotalTime=1810.78s | Method=fedcda
[Round 064/100] Acc=83.690 | RoundTime=34.03s | TotalTime=1844.81s | Method=fedcda
[Round 065/100] Acc=83.910 | RoundTime=34.45s | TotalTime=1879.25s | Method=fedcda
[Round 066/100] Acc=83.850 | RoundTime=34.13s | TotalTime=1913.39s | Method=fedcda
[Round 067/100] Acc=83.800 | RoundTime=34.62s | TotalTime=1948.00s | Method=fedcda
[Round 068/100] Acc=84.020 | RoundTime=33.23s | TotalTime=1981.24s | Method=fedcda
[Round 069/100] Acc=84.140 | RoundTime=34.09s | TotalTime=2015.33s | Method=fedcda
[Round 070/100] Acc=83.870 | RoundTime=33.75s | TotalTime=2049.08s | Method=fedcda
[Round 071/100] Acc=83.680 | RoundTime=33.61s | TotalTime=2082.69s | Method=fedcda
[Round 072/100] Acc=83.460 | RoundTime=34.18s | TotalTime=2116.87s | Method=fedcda
[Round 073/100] Acc=83.300 | RoundTime=33.99s | TotalTime=2150.86s | Method=fedcda
[Round 074/100] Acc=83.110 | RoundTime=33.43s | TotalTime=2184.29s | Method=fedcda
[Round 075/100] Acc=83.120 | RoundTime=33.56s | TotalTime=2217.85s | Method=fedcda
[Round 076/100] Acc=83.060 | RoundTime=33.70s | TotalTime=2251.55s | Method=fedcda
[Round 077/100] Acc=82.940 | RoundTime=33.78s | TotalTime=2285.33s | Method=fedcda
[Round 078/100] Acc=82.900 | RoundTime=33.80s | TotalTime=2319.13s | Method=fedcda
[Round 079/100] Acc=82.760 | RoundTime=33.76s | TotalTime=2352.89s | Method=fedcda
[Round 080/100] Acc=82.700 | RoundTime=35.07s | TotalTime=2387.96s | Method=fedcda
[Round 081/100] Acc=82.670 | RoundTime=33.97s | TotalTime=2421.93s | Method=fedcda
[Round 082/100] Acc=82.780 | RoundTime=33.63s | TotalTime=2455.56s | Method=fedcda
[Round 083/100] Acc=82.560 | RoundTime=33.50s | TotalTime=2489.06s | Method=fedcda
[Round 084/100] Acc=82.710 | RoundTime=34.02s | TotalTime=2523.08s | Method=fedcda
[Round 085/100] Acc=82.580 | RoundTime=36.65s | TotalTime=2559.73s | Method=fedcda
[Round 086/100] Acc=82.600 | RoundTime=34.24s | TotalTime=2593.97s | Method=fedcda
[Round 087/100] Acc=82.810 | RoundTime=34.02s | TotalTime=2627.99s | Method=fedcda
[Round 088/100] Acc=82.670 | RoundTime=34.10s | TotalTime=2662.09s | Method=fedcda
[Round 089/100] Acc=82.740 | RoundTime=33.95s | TotalTime=2696.04s | Method=fedcda
[Round 090/100] Acc=82.520 | RoundTime=34.33s | TotalTime=2730.37s | Method=fedcda
[Round 091/100] Acc=82.450 | RoundTime=33.67s | TotalTime=2764.04s | Method=fedcda
[Round 092/100] Acc=84.810 | RoundTime=33.88s | TotalTime=2797.91s | Method=fedcda
[Round 093/100] Acc=84.640 | RoundTime=36.15s | TotalTime=2834.07s | Method=fedcda
[Round 094/100] Acc=84.670 | RoundTime=34.06s | TotalTime=2868.12s | Method=fedcda
[Round 095/100] Acc=84.600 | RoundTime=34.08s | TotalTime=2902.20s | Method=fedcda
[Round 096/100] Acc=83.210 | RoundTime=33.68s | TotalTime=2935.88s | Method=fedcda
[Round 097/100] Acc=83.110 | RoundTime=33.81s | TotalTime=2969.69s | Method=fedcda
[Round 098/100] Acc=83.070 | RoundTime=34.16s | TotalTime=3003.85s | Method=fedcda
[Round 099/100] Acc=83.000 | RoundTime=33.91s | TotalTime=3037.76s | Method=fedcda
[Round 100/100] Acc=83.100 | RoundTime=34.27s | TotalTime=3072.03s | Method=fedcda
====================================================================================================
Training finished at: 2026-03-27 03:48:51
Total elapsed time: 3072.03s
Final Acc: 83.100
Best Acc : 89.820
====================================================================================================
