nohup: 忽略输入
[Info] Total jobs: 16
[Info] GPU: 6
[Info] Max parallel jobs: 3
[Info] Logs: /root/workspace/test/kiwi/DenoiseFL/ours_logs_e5
[Launch] feddenoise_v3_fl_cifar10_alpha0.1
[Log] /root/workspace/test/kiwi/DenoiseFL/ours_logs_e5/feddenoise_v3_fl_cifar10_alpha0.1.log
[Launch] feddenoise_v3_fl_cifar10_alpha0.3
[Log] /root/workspace/test/kiwi/DenoiseFL/ours_logs_e5/feddenoise_v3_fl_cifar10_alpha0.3.log
[Launch] feddenoise_v3_fl_cifar10_alpha0.5
[Log] /root/workspace/test/kiwi/DenoiseFL/ours_logs_e5/feddenoise_v3_fl_cifar10_alpha0.5.log
[Launch] feddenoise_v3_fl_cifar10_alpha0.8
[Log] /root/workspace/test/kiwi/DenoiseFL/ours_logs_e5/feddenoise_v3_fl_cifar10_alpha0.8.log
[Launch] feddenoise_v3_fl_cifar100_alpha0.1
[Log] /root/workspace/test/kiwi/DenoiseFL/ours_logs_e5/feddenoise_v3_fl_cifar100_alpha0.1.log
[Launch] feddenoise_v3_fl_cifar100_alpha0.3
[Log] /root/workspace/test/kiwi/DenoiseFL/ours_logs_e5/feddenoise_v3_fl_cifar100_alpha0.3.log
[Launch] feddenoise_v3_fl_cifar100_alpha0.5
[Log] /root/workspace/test/kiwi/DenoiseFL/ours_logs_e5/feddenoise_v3_fl_cifar100_alpha0.5.log
[Launch] feddenoise_v3_fl_cifar100_alpha0.8
[Log] /root/workspace/test/kiwi/DenoiseFL/ours_logs_e5/feddenoise_v3_fl_cifar100_alpha0.8.log
[Launch] feddenoise_v3_fl_mnist_alpha0.1
[Log] /root/workspace/test/kiwi/DenoiseFL/ours_logs_e5/feddenoise_v3_fl_mnist_alpha0.1.log
[Launch] feddenoise_v3_fl_mnist_alpha0.3
[Log] /root/workspace/test/kiwi/DenoiseFL/ours_logs_e5/feddenoise_v3_fl_mnist_alpha0.3.log
[Launch] feddenoise_v3_fl_mnist_alpha0.5
[Log] /root/workspace/test/kiwi/DenoiseFL/ours_logs_e5/feddenoise_v3_fl_mnist_alpha0.5.log
[Launch] feddenoise_v3_fl_mnist_alpha0.8
[Log] /root/workspace/test/kiwi/DenoiseFL/ours_logs_e5/feddenoise_v3_fl_mnist_alpha0.8.log
[Launch] feddenoise_v3_fl_svhn_alpha0.1
[Log] /root/workspace/test/kiwi/DenoiseFL/ours_logs_e5/feddenoise_v3_fl_svhn_alpha0.1.log
[Launch] feddenoise_v3_fl_svhn_alpha0.3
[Log] /root/workspace/test/kiwi/DenoiseFL/ours_logs_e5/feddenoise_v3_fl_svhn_alpha0.3.log
[Launch] feddenoise_v3_fl_svhn_alpha0.5
[Log] /root/workspace/test/kiwi/DenoiseFL/ours_logs_e5/feddenoise_v3_fl_svhn_alpha0.5.log
[Launch] feddenoise_v3_fl_svhn_alpha0.8
[Log] /root/workspace/test/kiwi/DenoiseFL/ours_logs_e5/feddenoise_v3_fl_svhn_alpha0.8.log
[Info] All jobs submitted. Waiting...
