====================================================================================================
Training started at: 2026-03-31 20:16:52
Result directory: results/fl_cifar10/fedcda/pm-dir_a-0.5_nm-uni_nr-0.5_nt-symmetric_st-least_sim_dr-0.15
Result txt file : results/fl_cifar10/fedcda/pm-dir_a-0.5_nm-uni_nr-0.5_nt-symmetric_st-least_sim_dr-0.15/fedcda_fl_cifar10_20260331-201652-801616_pid1297702.txt
Result log file : results/fl_cifar10/fedcda/pm-dir_a-0.5_nm-uni_nr-0.5_nt-symmetric_st-least_sim_dr-0.15/fedcda_fl_cifar10_20260331-201652-801616_pid1297702.log
----------------------------------------------------------------------------------------------------
Model: fedcda
Dataset: fl_cifar10
Structure: homogeneity
Participants: 100
Online ratio: 0.1
Communication epochs: 100
Local epoch: 10
Local batch size: 60
Local lr: 0.01
Partition mode: dirichlet
Dirichlet alpha: 0.5
Noise mode: uniform
Noise rate: 0.5
Noise type: symmetric
Noise max: 0.3
Denoise score alpha: 0.5
Drop rate: 0.15
Denoise strategy: least_sim
FedProx mu: 0.01
FedRDN std: 0.01
FedCDA history size: NA
FedGLoSS beta: 0.01
Averaging: weight
Seed: 0
====================================================================================================
[Round 001/100] Acc=10.000 | RoundTime=24.73s | TotalTime=24.73s | Method=fedcda
[Round 002/100] Acc=18.220 | RoundTime=25.03s | TotalTime=49.77s | Method=fedcda
[Round 003/100] Acc=12.750 | RoundTime=25.74s | TotalTime=75.51s | Method=fedcda
[Round 004/100] Acc=34.310 | RoundTime=25.02s | TotalTime=100.53s | Method=fedcda
[Round 005/100] Acc=27.840 | RoundTime=25.74s | TotalTime=126.27s | Method=fedcda
[Round 006/100] Acc=27.640 | RoundTime=24.64s | TotalTime=150.91s | Method=fedcda
[Round 007/100] Acc=31.590 | RoundTime=25.31s | TotalTime=176.22s | Method=fedcda
[Round 008/100] Acc=30.110 | RoundTime=25.21s | TotalTime=201.43s | Method=fedcda
[Round 009/100] Acc=34.770 | RoundTime=25.98s | TotalTime=227.41s | Method=fedcda
[Round 010/100] Acc=27.360 | RoundTime=25.64s | TotalTime=253.05s | Method=fedcda
[Round 011/100] Acc=29.100 | RoundTime=27.60s | TotalTime=280.65s | Method=fedcda
