====================================================================================================
Training started at: 2026-04-01 11:45:07
Result directory: results/fl_cifar100/feddenoise_v2/pm-dir_a-0.3_nm-uni_nr-0.3_nt-symmetric_st-least_sim_dr-0.35
Result txt file : results/fl_cifar100/feddenoise_v2/pm-dir_a-0.3_nm-uni_nr-0.3_nt-symmetric_st-least_sim_dr-0.35/feddenoise_v2_fl_cifar100_20260401-114507-405955_pid953973.txt
Result log file : results/fl_cifar100/feddenoise_v2/pm-dir_a-0.3_nm-uni_nr-0.3_nt-symmetric_st-least_sim_dr-0.35/feddenoise_v2_fl_cifar100_20260401-114507-405955_pid953973.log
----------------------------------------------------------------------------------------------------
Model: feddenoise_v2
Dataset: fl_cifar100
Structure: homogeneity
Participants: 100
Online ratio: 0.1
Communication epochs: 100
Local epoch: 10
Local batch size: 32
Local lr: 0.1
Partition mode: dirichlet
Dirichlet alpha: 0.3
Noise mode: uniform
Noise rate: 0.3
Noise type: symmetric
Noise max: 0.3
Denoise score alpha: 0.5
Drop rate: 0.35
Denoise strategy: least_sim
FedProx mu: 0.01
FedRDN std: 0.01
FedCDA history size: NA
FedGLoSS beta: 0.01
Averaging: weight
Seed: 0
====================================================================================================
[Round 001/100] Acc=1.000 | Pure=70.016 | RoundTime=23.52s | TotalTime=23.52s | Method=feddenoise_v2
[Round 002/100] Acc=1.000 | Pure=69.960 | RoundTime=23.03s | TotalTime=46.55s | Method=feddenoise_v2
[Round 003/100] Acc=3.380 | Pure=69.980 | RoundTime=22.76s | TotalTime=69.32s | Method=feddenoise_v2
[Round 004/100] Acc=5.860 | Pure=69.980 | RoundTime=23.55s | TotalTime=92.87s | Method=feddenoise_v2
[Round 005/100] Acc=8.310 | Pure=70.045 | RoundTime=23.40s | TotalTime=116.26s | Method=feddenoise_v2
[Round 006/100] Acc=9.740 | Pure=70.015 | RoundTime=24.17s | TotalTime=140.44s | Method=feddenoise_v2
[Round 007/100] Acc=9.760 | Pure=69.977 | RoundTime=29.71s | TotalTime=170.15s | Method=feddenoise_v2
[Round 008/100] Acc=10.630 | Pure=70.036 | RoundTime=23.29s | TotalTime=193.43s | Method=feddenoise_v2
[Round 009/100] Acc=12.270 | Pure=70.020 | RoundTime=23.61s | TotalTime=217.04s | Method=feddenoise_v2
[Round 010/100] Acc=12.740 | Pure=70.021 | RoundTime=23.61s | TotalTime=240.66s | Method=feddenoise_v2
[Round 011/100] Acc=12.510 | Pure=80.625 | RoundTime=49.73s | TotalTime=290.39s | Method=feddenoise_v2
[Round 012/100] Acc=14.380 | Pure=80.290 | RoundTime=50.49s | TotalTime=340.88s | Method=feddenoise_v2
[Round 013/100] Acc=15.430 | Pure=80.617 | RoundTime=49.66s | TotalTime=390.54s | Method=feddenoise_v2
[Round 014/100] Acc=16.130 | Pure=81.202 | RoundTime=49.85s | TotalTime=440.39s | Method=feddenoise_v2
[Round 015/100] Acc=16.310 | Pure=82.525 | RoundTime=49.76s | TotalTime=490.15s | Method=feddenoise_v2
[Round 016/100] Acc=16.860 | Pure=80.226 | RoundTime=51.38s | TotalTime=541.54s | Method=feddenoise_v2
[Round 017/100] Acc=17.850 | Pure=82.340 | RoundTime=51.02s | TotalTime=592.56s | Method=feddenoise_v2
[Round 018/100] Acc=18.690 | Pure=81.054 | RoundTime=51.04s | TotalTime=643.61s | Method=feddenoise_v2
[Round 019/100] Acc=18.740 | Pure=81.783 | RoundTime=50.81s | TotalTime=694.41s | Method=feddenoise_v2
[Round 020/100] Acc=19.420 | Pure=81.513 | RoundTime=51.68s | TotalTime=746.10s | Method=feddenoise_v2
[Round 021/100] Acc=18.720 | Pure=83.749 | RoundTime=44.67s | TotalTime=790.77s | Method=feddenoise_v2
[Round 022/100] Acc=20.420 | Pure=83.372 | RoundTime=44.42s | TotalTime=835.19s | Method=feddenoise_v2
[Round 023/100] Acc=21.420 | Pure=83.213 | RoundTime=43.09s | TotalTime=878.28s | Method=feddenoise_v2
[Round 024/100] Acc=21.380 | Pure=83.363 | RoundTime=42.86s | TotalTime=921.15s | Method=feddenoise_v2
[Round 025/100] Acc=21.250 | Pure=84.111 | RoundTime=44.34s | TotalTime=965.49s | Method=feddenoise_v2
[Round 026/100] Acc=21.600 | Pure=83.668 | RoundTime=44.21s | TotalTime=1009.70s | Method=feddenoise_v2
[Round 027/100] Acc=21.450 | Pure=83.475 | RoundTime=46.35s | TotalTime=1056.05s | Method=feddenoise_v2
[Round 028/100] Acc=22.110 | Pure=82.415 | RoundTime=45.36s | TotalTime=1101.41s | Method=feddenoise_v2
[Round 029/100] Acc=22.410 | Pure=84.027 | RoundTime=45.39s | TotalTime=1146.79s | Method=feddenoise_v2
[Round 030/100] Acc=22.210 | Pure=83.498 | RoundTime=43.90s | TotalTime=1190.69s | Method=feddenoise_v2
[Round 031/100] Acc=23.710 | Pure=83.919 | RoundTime=38.02s | TotalTime=1228.72s | Method=feddenoise_v2
[Round 032/100] Acc=23.650 | Pure=84.210 | RoundTime=37.33s | TotalTime=1266.05s | Method=feddenoise_v2
[Round 033/100] Acc=23.620 | Pure=84.397 | RoundTime=35.66s | TotalTime=1301.71s | Method=feddenoise_v2
[Round 034/100] Acc=23.490 | Pure=84.502 | RoundTime=37.41s | TotalTime=1339.12s | Method=feddenoise_v2
[Round 035/100] Acc=24.250 | Pure=83.347 | RoundTime=36.77s | TotalTime=1375.89s | Method=feddenoise_v2
[Round 036/100] Acc=25.150 | Pure=83.919 | RoundTime=37.28s | TotalTime=1413.17s | Method=feddenoise_v2
[Round 037/100] Acc=24.430 | Pure=84.290 | RoundTime=38.36s | TotalTime=1451.53s | Method=feddenoise_v2
[Round 038/100] Acc=25.460 | Pure=84.265 | RoundTime=37.28s | TotalTime=1488.81s | Method=feddenoise_v2
[Round 039/100] Acc=26.210 | Pure=83.212 | RoundTime=37.94s | TotalTime=1526.75s | Method=feddenoise_v2
[Round 040/100] Acc=25.520 | Pure=83.974 | RoundTime=38.07s | TotalTime=1564.82s | Method=feddenoise_v2
[Round 041/100] Acc=25.660 | Pure=83.122 | RoundTime=32.05s | TotalTime=1596.86s | Method=feddenoise_v2
[Round 042/100] Acc=26.030 | Pure=83.422 | RoundTime=30.40s | TotalTime=1627.26s | Method=feddenoise_v2
[Round 043/100] Acc=25.740 | Pure=83.184 | RoundTime=31.49s | TotalTime=1658.75s | Method=feddenoise_v2
[Round 044/100] Acc=26.220 | Pure=83.007 | RoundTime=30.48s | TotalTime=1689.22s | Method=feddenoise_v2
[Round 045/100] Acc=26.280 | Pure=83.464 | RoundTime=30.55s | TotalTime=1719.78s | Method=feddenoise_v2
[Round 046/100] Acc=26.570 | Pure=83.490 | RoundTime=30.51s | TotalTime=1750.28s | Method=feddenoise_v2
[Round 047/100] Acc=27.100 | Pure=84.380 | RoundTime=30.93s | TotalTime=1781.22s | Method=feddenoise_v2
[Round 048/100] Acc=27.110 | Pure=83.306 | RoundTime=30.21s | TotalTime=1811.43s | Method=feddenoise_v2
[Round 049/100] Acc=26.550 | Pure=82.775 | RoundTime=30.04s | TotalTime=1841.47s | Method=feddenoise_v2
[Round 050/100] Acc=28.180 | Pure=83.201 | RoundTime=30.56s | TotalTime=1872.03s | Method=feddenoise_v2
[Round 051/100] Acc=26.410 | Pure=82.698 | RoundTime=30.63s | TotalTime=1902.66s | Method=feddenoise_v2
[Round 052/100] Acc=27.790 | Pure=83.795 | RoundTime=30.51s | TotalTime=1933.17s | Method=feddenoise_v2
[Round 053/100] Acc=28.280 | Pure=82.662 | RoundTime=29.93s | TotalTime=1963.09s | Method=feddenoise_v2
[Round 054/100] Acc=27.980 | Pure=82.206 | RoundTime=30.07s | TotalTime=1993.16s | Method=feddenoise_v2
[Round 055/100] Acc=27.420 | Pure=81.764 | RoundTime=30.11s | TotalTime=2023.27s | Method=feddenoise_v2
[Round 056/100] Acc=28.580 | Pure=82.668 | RoundTime=30.54s | TotalTime=2053.81s | Method=feddenoise_v2
[Round 057/100] Acc=28.410 | Pure=81.910 | RoundTime=30.85s | TotalTime=2084.66s | Method=feddenoise_v2
[Round 058/100] Acc=28.330 | Pure=83.412 | RoundTime=29.99s | TotalTime=2114.65s | Method=feddenoise_v2
[Round 059/100] Acc=29.280 | Pure=83.604 | RoundTime=30.39s | TotalTime=2145.04s | Method=feddenoise_v2
[Round 060/100] Acc=28.530 | Pure=82.185 | RoundTime=31.87s | TotalTime=2176.92s | Method=feddenoise_v2
[Round 061/100] Acc=28.540 | Pure=83.466 | RoundTime=31.74s | TotalTime=2208.66s | Method=feddenoise_v2
[Round 062/100] Acc=29.180 | Pure=82.320 | RoundTime=31.62s | TotalTime=2240.28s | Method=feddenoise_v2
[Round 063/100] Acc=29.440 | Pure=83.252 | RoundTime=30.89s | TotalTime=2271.16s | Method=feddenoise_v2
[Round 064/100] Acc=28.220 | Pure=82.987 | RoundTime=30.90s | TotalTime=2302.07s | Method=feddenoise_v2
[Round 065/100] Acc=29.430 | Pure=83.516 | RoundTime=32.22s | TotalTime=2334.29s | Method=feddenoise_v2
[Round 066/100] Acc=29.800 | Pure=83.796 | RoundTime=30.94s | TotalTime=2365.23s | Method=feddenoise_v2
[Round 067/100] Acc=29.710 | Pure=83.004 | RoundTime=30.27s | TotalTime=2395.50s | Method=feddenoise_v2
[Round 068/100] Acc=29.450 | Pure=82.739 | RoundTime=31.34s | TotalTime=2426.84s | Method=feddenoise_v2
[Round 069/100] Acc=29.880 | Pure=83.267 | RoundTime=31.91s | TotalTime=2458.75s | Method=feddenoise_v2
[Round 070/100] Acc=29.150 | Pure=83.262 | RoundTime=32.32s | TotalTime=2491.08s | Method=feddenoise_v2
[Round 071/100] Acc=29.850 | Pure=84.372 | RoundTime=31.52s | TotalTime=2522.60s | Method=feddenoise_v2
[Round 072/100] Acc=29.460 | Pure=83.909 | RoundTime=33.51s | TotalTime=2556.10s | Method=feddenoise_v2
[Round 073/100] Acc=30.590 | Pure=83.646 | RoundTime=31.77s | TotalTime=2587.87s | Method=feddenoise_v2
[Round 074/100] Acc=30.000 | Pure=83.492 | RoundTime=31.72s | TotalTime=2619.59s | Method=feddenoise_v2
[Round 075/100] Acc=29.670 | Pure=83.899 | RoundTime=32.14s | TotalTime=2651.72s | Method=feddenoise_v2
[Round 076/100] Acc=30.550 | Pure=83.514 | RoundTime=31.97s | TotalTime=2683.70s | Method=feddenoise_v2
[Round 077/100] Acc=30.240 | Pure=82.979 | RoundTime=32.02s | TotalTime=2715.72s | Method=feddenoise_v2
[Round 078/100] Acc=30.360 | Pure=83.538 | RoundTime=31.70s | TotalTime=2747.42s | Method=feddenoise_v2
[Round 079/100] Acc=30.120 | Pure=84.013 | RoundTime=31.72s | TotalTime=2779.14s | Method=feddenoise_v2
[Round 080/100] Acc=30.730 | Pure=83.938 | RoundTime=31.93s | TotalTime=2811.07s | Method=feddenoise_v2
[Round 081/100] Acc=30.600 | Pure=83.389 | RoundTime=32.20s | TotalTime=2843.27s | Method=feddenoise_v2
[Round 082/100] Acc=31.090 | Pure=83.190 | RoundTime=31.61s | TotalTime=2874.88s | Method=feddenoise_v2
[Round 083/100] Acc=31.140 | Pure=82.862 | RoundTime=32.11s | TotalTime=2906.99s | Method=feddenoise_v2
[Round 084/100] Acc=31.190 | Pure=82.682 | RoundTime=31.66s | TotalTime=2938.65s | Method=feddenoise_v2
[Round 085/100] Acc=31.320 | Pure=83.713 | RoundTime=32.12s | TotalTime=2970.77s | Method=feddenoise_v2
[Round 086/100] Acc=31.130 | Pure=83.816 | RoundTime=32.08s | TotalTime=3002.85s | Method=feddenoise_v2
[Round 087/100] Acc=31.240 | Pure=84.125 | RoundTime=32.16s | TotalTime=3035.01s | Method=feddenoise_v2
[Round 088/100] Acc=30.400 | Pure=83.613 | RoundTime=31.75s | TotalTime=3066.76s | Method=feddenoise_v2
[Round 089/100] Acc=30.510 | Pure=83.646 | RoundTime=32.39s | TotalTime=3099.15s | Method=feddenoise_v2
[Round 090/100] Acc=30.150 | Pure=84.216 | RoundTime=32.50s | TotalTime=3131.65s | Method=feddenoise_v2
[Round 091/100] Acc=31.430 | Pure=83.593 | RoundTime=32.09s | TotalTime=3163.74s | Method=feddenoise_v2
[Round 092/100] Acc=32.120 | Pure=83.258 | RoundTime=32.14s | TotalTime=3195.88s | Method=feddenoise_v2
[Round 093/100] Acc=31.440 | Pure=83.637 | RoundTime=31.57s | TotalTime=3227.46s | Method=feddenoise_v2
[Round 094/100] Acc=30.960 | Pure=83.688 | RoundTime=31.41s | TotalTime=3258.87s | Method=feddenoise_v2
[Round 095/100] Acc=32.100 | Pure=84.141 | RoundTime=32.14s | TotalTime=3291.01s | Method=feddenoise_v2
[Round 096/100] Acc=31.140 | Pure=84.896 | RoundTime=32.28s | TotalTime=3323.29s | Method=feddenoise_v2
[Round 097/100] Acc=30.950 | Pure=84.218 | RoundTime=31.89s | TotalTime=3355.18s | Method=feddenoise_v2
[Round 098/100] Acc=32.130 | Pure=83.741 | RoundTime=31.22s | TotalTime=3386.40s | Method=feddenoise_v2
[Round 099/100] Acc=31.680 | Pure=83.533 | RoundTime=31.28s | TotalTime=3417.68s | Method=feddenoise_v2
[Round 100/100] Acc=31.890 | Pure=82.613 | RoundTime=30.97s | TotalTime=3448.65s | Method=feddenoise_v2
====================================================================================================
Training finished at: 2026-04-01 12:42:36
Total elapsed time: 3448.65s
Final Acc: 31.890
Best Acc : 32.130
Final Pure: 82.613
Best Pure : 84.896
====================================================================================================
