====================================================================================================
Training started at: 2026-03-31 17:56:01
Result directory: results/fl_cifar10/fedcda/pm-dir_a-0.5_nm-uni_nr-0.4_nt-symmetric_st-least_sim_dr-0.25
Result txt file : results/fl_cifar10/fedcda/pm-dir_a-0.5_nm-uni_nr-0.4_nt-symmetric_st-least_sim_dr-0.25/fedcda_fl_cifar10_20260331-175601-071474_pid115779.txt
Result log file : results/fl_cifar10/fedcda/pm-dir_a-0.5_nm-uni_nr-0.4_nt-symmetric_st-least_sim_dr-0.25/fedcda_fl_cifar10_20260331-175601-071474_pid115779.log
----------------------------------------------------------------------------------------------------
Model: fedcda
Dataset: fl_cifar10
Structure: homogeneity
Participants: 100
Online ratio: 0.1
Communication epochs: 100
Local epoch: 10
Local batch size: 54
Local lr: 0.01
Partition mode: dirichlet
Dirichlet alpha: 0.5
Noise mode: uniform
Noise rate: 0.4
Noise type: symmetric
Noise max: 0.3
Denoise score alpha: 0.5
Drop rate: 0.25
Denoise strategy: least_sim
FedProx mu: 0.01
FedRDN std: 0.01
FedCDA history size: NA
FedGLoSS beta: 0.01
Averaging: weight
Seed: 0
====================================================================================================
[Round 001/100] Acc=10.000 | RoundTime=27.87s | TotalTime=27.87s | Method=fedcda
[Round 002/100] Acc=17.060 | RoundTime=26.70s | TotalTime=54.57s | Method=fedcda
[Round 003/100] Acc=22.550 | RoundTime=26.29s | TotalTime=80.86s | Method=fedcda
[Round 004/100] Acc=15.690 | RoundTime=27.66s | TotalTime=108.51s | Method=fedcda
[Round 005/100] Acc=31.120 | RoundTime=26.54s | TotalTime=135.05s | Method=fedcda
[Round 006/100] Acc=37.020 | RoundTime=26.20s | TotalTime=161.25s | Method=fedcda
[Round 007/100] Acc=38.730 | RoundTime=26.81s | TotalTime=188.06s | Method=fedcda
[Round 008/100] Acc=30.420 | RoundTime=27.53s | TotalTime=215.59s | Method=fedcda
[Round 009/100] Acc=33.300 | RoundTime=27.08s | TotalTime=242.67s | Method=fedcda
[Round 010/100] Acc=16.960 | RoundTime=27.02s | TotalTime=269.69s | Method=fedcda
[Round 011/100] Acc=30.690 | RoundTime=28.27s | TotalTime=297.96s | Method=fedcda
[Round 012/100] Acc=31.290 | RoundTime=23.68s | TotalTime=321.64s | Method=fedcda
[Round 013/100] Acc=35.180 | RoundTime=22.34s | TotalTime=343.98s | Method=fedcda
[Round 014/100] Acc=43.950 | RoundTime=22.99s | TotalTime=366.97s | Method=fedcda
[Round 015/100] Acc=24.890 | RoundTime=22.88s | TotalTime=389.84s | Method=fedcda
[Round 016/100] Acc=29.950 | RoundTime=22.59s | TotalTime=412.44s | Method=fedcda
[Round 017/100] Acc=36.580 | RoundTime=22.36s | TotalTime=434.80s | Method=fedcda
[Round 018/100] Acc=32.280 | RoundTime=22.64s | TotalTime=457.44s | Method=fedcda
[Round 019/100] Acc=32.230 | RoundTime=22.32s | TotalTime=479.76s | Method=fedcda
[Round 020/100] Acc=36.580 | RoundTime=22.77s | TotalTime=502.53s | Method=fedcda
[Round 021/100] Acc=26.080 | RoundTime=22.85s | TotalTime=525.37s | Method=fedcda
[Round 022/100] Acc=30.160 | RoundTime=22.51s | TotalTime=547.88s | Method=fedcda
[Round 023/100] Acc=39.090 | RoundTime=23.02s | TotalTime=570.91s | Method=fedcda
[Round 024/100] Acc=30.670 | RoundTime=25.40s | TotalTime=596.30s | Method=fedcda
[Round 025/100] Acc=34.250 | RoundTime=23.16s | TotalTime=619.46s | Method=fedcda
[Round 026/100] Acc=26.200 | RoundTime=23.28s | TotalTime=642.74s | Method=fedcda
[Round 027/100] Acc=38.930 | RoundTime=23.03s | TotalTime=665.77s | Method=fedcda
[Round 028/100] Acc=35.950 | RoundTime=24.34s | TotalTime=690.11s | Method=fedcda
[Round 029/100] Acc=36.090 | RoundTime=23.30s | TotalTime=713.41s | Method=fedcda
[Round 030/100] Acc=30.470 | RoundTime=22.98s | TotalTime=736.40s | Method=fedcda
[Round 031/100] Acc=43.050 | RoundTime=23.90s | TotalTime=760.30s | Method=fedcda
[Round 032/100] Acc=43.610 | RoundTime=23.50s | TotalTime=783.80s | Method=fedcda
[Round 033/100] Acc=38.160 | RoundTime=23.28s | TotalTime=807.08s | Method=fedcda
[Round 034/100] Acc=38.180 | RoundTime=23.75s | TotalTime=830.83s | Method=fedcda
[Round 035/100] Acc=34.450 | RoundTime=23.76s | TotalTime=854.59s | Method=fedcda
[Round 036/100] Acc=36.670 | RoundTime=23.57s | TotalTime=878.16s | Method=fedcda
[Round 037/100] Acc=34.610 | RoundTime=25.98s | TotalTime=904.14s | Method=fedcda
[Round 038/100] Acc=40.550 | RoundTime=23.21s | TotalTime=927.35s | Method=fedcda
[Round 039/100] Acc=31.410 | RoundTime=24.49s | TotalTime=951.84s | Method=fedcda
[Round 040/100] Acc=44.530 | RoundTime=24.22s | TotalTime=976.07s | Method=fedcda
[Round 041/100] Acc=40.930 | RoundTime=23.86s | TotalTime=999.92s | Method=fedcda
[Round 042/100] Acc=36.770 | RoundTime=23.65s | TotalTime=1023.58s | Method=fedcda
[Round 043/100] Acc=41.880 | RoundTime=23.93s | TotalTime=1047.50s | Method=fedcda
[Round 044/100] Acc=36.950 | RoundTime=24.45s | TotalTime=1071.95s | Method=fedcda
[Round 045/100] Acc=34.920 | RoundTime=24.48s | TotalTime=1096.44s | Method=fedcda
[Round 046/100] Acc=36.130 | RoundTime=23.44s | TotalTime=1119.87s | Method=fedcda
[Round 047/100] Acc=40.300 | RoundTime=23.78s | TotalTime=1143.65s | Method=fedcda
[Round 048/100] Acc=37.720 | RoundTime=23.42s | TotalTime=1167.07s | Method=fedcda
[Round 049/100] Acc=40.020 | RoundTime=22.72s | TotalTime=1189.79s | Method=fedcda
[Round 050/100] Acc=42.280 | RoundTime=21.27s | TotalTime=1211.05s | Method=fedcda
[Round 051/100] Acc=43.020 | RoundTime=32.85s | TotalTime=1243.90s | Method=fedcda
[Round 052/100] Acc=43.390 | RoundTime=32.04s | TotalTime=1275.94s | Method=fedcda
[Round 053/100] Acc=43.960 | RoundTime=32.46s | TotalTime=1308.40s | Method=fedcda
[Round 054/100] Acc=44.500 | RoundTime=32.09s | TotalTime=1340.48s | Method=fedcda
[Round 055/100] Acc=44.590 | RoundTime=31.85s | TotalTime=1372.33s | Method=fedcda
[Round 056/100] Acc=45.010 | RoundTime=32.49s | TotalTime=1404.82s | Method=fedcda
[Round 057/100] Acc=45.140 | RoundTime=31.96s | TotalTime=1436.78s | Method=fedcda
[Round 058/100] Acc=45.280 | RoundTime=32.44s | TotalTime=1469.23s | Method=fedcda
[Round 059/100] Acc=45.590 | RoundTime=32.57s | TotalTime=1501.80s | Method=fedcda
[Round 060/100] Acc=42.260 | RoundTime=33.00s | TotalTime=1534.80s | Method=fedcda
[Round 061/100] Acc=42.580 | RoundTime=33.16s | TotalTime=1567.96s | Method=fedcda
[Round 062/100] Acc=42.770 | RoundTime=32.79s | TotalTime=1600.75s | Method=fedcda
[Round 063/100] Acc=42.530 | RoundTime=32.88s | TotalTime=1633.63s | Method=fedcda
[Round 064/100] Acc=42.510 | RoundTime=32.76s | TotalTime=1666.39s | Method=fedcda
[Round 065/100] Acc=42.800 | RoundTime=33.10s | TotalTime=1699.49s | Method=fedcda
[Round 066/100] Acc=43.050 | RoundTime=33.04s | TotalTime=1732.53s | Method=fedcda
[Round 067/100] Acc=43.740 | RoundTime=33.10s | TotalTime=1765.63s | Method=fedcda
[Round 068/100] Acc=43.590 | RoundTime=32.69s | TotalTime=1798.32s | Method=fedcda
[Round 069/100] Acc=43.700 | RoundTime=32.60s | TotalTime=1830.93s | Method=fedcda
[Round 070/100] Acc=43.410 | RoundTime=32.57s | TotalTime=1863.50s | Method=fedcda
[Round 071/100] Acc=43.350 | RoundTime=32.87s | TotalTime=1896.37s | Method=fedcda
[Round 072/100] Acc=43.380 | RoundTime=32.66s | TotalTime=1929.03s | Method=fedcda
[Round 073/100] Acc=43.080 | RoundTime=32.20s | TotalTime=1961.23s | Method=fedcda
[Round 074/100] Acc=42.830 | RoundTime=32.45s | TotalTime=1993.68s | Method=fedcda
[Round 075/100] Acc=43.230 | RoundTime=32.45s | TotalTime=2026.13s | Method=fedcda
[Round 076/100] Acc=43.260 | RoundTime=32.59s | TotalTime=2058.72s | Method=fedcda
[Round 077/100] Acc=43.240 | RoundTime=33.77s | TotalTime=2092.49s | Method=fedcda
[Round 078/100] Acc=43.290 | RoundTime=33.10s | TotalTime=2125.59s | Method=fedcda
[Round 079/100] Acc=43.300 | RoundTime=32.71s | TotalTime=2158.29s | Method=fedcda
[Round 080/100] Acc=43.210 | RoundTime=32.42s | TotalTime=2190.71s | Method=fedcda
[Round 081/100] Acc=43.220 | RoundTime=32.21s | TotalTime=2222.92s | Method=fedcda
[Round 082/100] Acc=43.380 | RoundTime=32.25s | TotalTime=2255.16s | Method=fedcda
[Round 083/100] Acc=45.720 | RoundTime=33.30s | TotalTime=2288.46s | Method=fedcda
[Round 084/100] Acc=45.770 | RoundTime=32.23s | TotalTime=2320.69s | Method=fedcda
[Round 085/100] Acc=45.700 | RoundTime=34.17s | TotalTime=2354.86s | Method=fedcda
[Round 086/100] Acc=45.640 | RoundTime=34.81s | TotalTime=2389.67s | Method=fedcda
[Round 087/100] Acc=43.670 | RoundTime=34.85s | TotalTime=2424.52s | Method=fedcda
[Round 088/100] Acc=43.590 | RoundTime=34.88s | TotalTime=2459.40s | Method=fedcda
[Round 089/100] Acc=43.590 | RoundTime=34.40s | TotalTime=2493.79s | Method=fedcda
[Round 090/100] Acc=35.790 | RoundTime=34.40s | TotalTime=2528.19s | Method=fedcda
[Round 091/100] Acc=35.800 | RoundTime=34.76s | TotalTime=2562.95s | Method=fedcda
[Round 092/100] Acc=36.250 | RoundTime=34.41s | TotalTime=2597.36s | Method=fedcda
[Round 093/100] Acc=36.080 | RoundTime=34.76s | TotalTime=2632.11s | Method=fedcda
[Round 094/100] Acc=36.720 | RoundTime=36.01s | TotalTime=2668.12s | Method=fedcda
[Round 095/100] Acc=36.790 | RoundTime=34.17s | TotalTime=2702.29s | Method=fedcda
[Round 096/100] Acc=36.960 | RoundTime=33.53s | TotalTime=2735.82s | Method=fedcda
[Round 097/100] Acc=37.090 | RoundTime=34.88s | TotalTime=2770.70s | Method=fedcda
[Round 098/100] Acc=36.650 | RoundTime=34.06s | TotalTime=2804.76s | Method=fedcda
[Round 099/100] Acc=36.760 | RoundTime=33.99s | TotalTime=2838.75s | Method=fedcda
[Round 100/100] Acc=36.380 | RoundTime=34.26s | TotalTime=2873.01s | Method=fedcda
====================================================================================================
Training finished at: 2026-03-31 18:43:54
Total elapsed time: 2873.01s
Final Acc: 36.380
Best Acc : 45.770
====================================================================================================
