========================================================================================================================
Training started at: 2026-04-09 22:34:13
Result directory: results/fl_cifar100/fedgloss/pm-dir_a-0.8_nm-uni_nr-0.5_nt-symmetric_rho-0.05_beta-1.0_slr-1.0
Result txt file : results/fl_cifar100/fedgloss/pm-dir_a-0.8_nm-uni_nr-0.5_nt-symmetric_rho-0.05_beta-1.0_slr-1.0/fedgloss_fl_cifar100_20260409-223413-461157_pid2180848.txt
Result log file : results/fl_cifar100/fedgloss/pm-dir_a-0.8_nm-uni_nr-0.5_nt-symmetric_rho-0.05_beta-1.0_slr-1.0/fedgloss_fl_cifar100_20260409-223413-461157_pid2180848.log
------------------------------------------------------------------------------------------------------------------------
Model: fedgloss
Dataset: fl_cifar100
Structure: homogeneity
Participants: 10
Online ratio: 1.0
Communication epochs: 100
Local epoch: 5
Local batch size: 64
Local lr: 0.1
Partition mode: dirichlet
Dirichlet alpha: 0.8
Noise mode: uniform
Noise rate: 0.5
Noise type: symmetric
Noise max: 0.3
Averaging: weight
Seed: 0
FedGLoSS rho: 0.05
FedGLoSS beta: 1.0
FedGLoSS server lr: 1.0
========================================================================================================================
[Round 001/100] Phase=standard | Stage=warmup | Acc=1.000 | RoundTime=162.03s | TotalTime=162.04s | Method=fedgloss
[Round 002/100] Phase=standard | Stage=warmup | Acc=2.040 | RoundTime=161.13s | TotalTime=323.18s | Method=fedgloss
[Round 003/100] Phase=standard | Stage=warmup | Acc=7.260 | RoundTime=161.32s | TotalTime=484.51s | Method=fedgloss
[Round 004/100] Phase=standard | Stage=warmup | Acc=11.630 | RoundTime=160.77s | TotalTime=645.29s | Method=fedgloss
[Round 005/100] Phase=standard | Stage=warmup | Acc=14.020 | RoundTime=161.81s | TotalTime=807.11s | Method=fedgloss
[Round 006/100] Phase=standard | Stage=warmup | Acc=16.410 | RoundTime=160.54s | TotalTime=967.65s | Method=fedgloss
[Round 007/100] Phase=standard | Stage=warmup | Acc=18.230 | RoundTime=162.36s | TotalTime=1130.02s | Method=fedgloss
[Round 008/100] Phase=standard | Stage=warmup | Acc=20.480 | RoundTime=161.56s | TotalTime=1291.59s | Method=fedgloss
[Round 009/100] Phase=standard | Stage=warmup | Acc=22.280 | RoundTime=160.41s | TotalTime=1452.01s | Method=fedgloss
[Round 010/100] Phase=standard | Stage=warmup | Acc=23.840 | RoundTime=159.89s | TotalTime=1611.91s | Method=fedgloss
[Round 011/100] Phase=standard | Stage=warmup | Acc=24.900 | RoundTime=161.07s | TotalTime=1772.99s | Method=fedgloss
[Round 012/100] Phase=standard | Stage=warmup | Acc=25.950 | RoundTime=160.93s | TotalTime=1933.93s | Method=fedgloss
[Round 013/100] Phase=standard | Stage=warmup | Acc=27.460 | RoundTime=160.47s | TotalTime=2094.42s | Method=fedgloss
[Round 014/100] Phase=standard | Stage=warmup | Acc=27.860 | RoundTime=161.09s | TotalTime=2255.52s | Method=fedgloss
[Round 015/100] Phase=standard | Stage=warmup | Acc=28.870 | RoundTime=158.97s | TotalTime=2414.51s | Method=fedgloss
[Round 016/100] Phase=standard | Stage=warmup | Acc=30.120 | RoundTime=160.33s | TotalTime=2574.85s | Method=fedgloss
[Round 017/100] Phase=standard | Stage=warmup | Acc=30.410 | RoundTime=162.41s | TotalTime=2737.27s | Method=fedgloss
[Round 018/100] Phase=standard | Stage=warmup | Acc=30.790 | RoundTime=160.01s | TotalTime=2897.29s | Method=fedgloss
[Round 019/100] Phase=standard | Stage=warmup | Acc=31.360 | RoundTime=160.33s | TotalTime=3057.63s | Method=fedgloss
[Round 020/100] Phase=standard | Stage=warmup | Acc=31.520 | RoundTime=159.11s | TotalTime=3216.75s | Method=fedgloss
[Round 021/100] Phase=standard | Stage=warmup | Acc=31.580 | RoundTime=160.38s | TotalTime=3377.13s | Method=fedgloss
[Round 022/100] Phase=standard | Stage=warmup | Acc=31.590 | RoundTime=160.61s | TotalTime=3537.75s | Method=fedgloss
[Round 023/100] Phase=standard | Stage=warmup | Acc=31.490 | RoundTime=160.00s | TotalTime=3697.77s | Method=fedgloss
[Round 024/100] Phase=standard | Stage=warmup | Acc=32.200 | RoundTime=159.64s | TotalTime=3857.42s | Method=fedgloss
[Round 025/100] Phase=standard | Stage=warmup | Acc=32.020 | RoundTime=160.37s | TotalTime=4017.80s | Method=fedgloss
[Round 026/100] Phase=standard | Stage=warmup | Acc=31.810 | RoundTime=162.81s | TotalTime=4180.62s | Method=fedgloss
[Round 027/100] Phase=standard | Stage=warmup | Acc=31.990 | RoundTime=159.73s | TotalTime=4340.36s | Method=fedgloss
[Round 028/100] Phase=standard | Stage=warmup | Acc=32.050 | RoundTime=162.44s | TotalTime=4502.81s | Method=fedgloss
[Round 029/100] Phase=standard | Stage=warmup | Acc=32.220 | RoundTime=160.77s | TotalTime=4663.59s | Method=fedgloss
[Round 030/100] Phase=standard | Stage=warmup | Acc=31.580 | RoundTime=161.19s | TotalTime=4824.79s | Method=fedgloss
[Round 031/100] Phase=standard | Stage=warmup | Acc=31.610 | RoundTime=161.76s | TotalTime=4986.55s | Method=fedgloss
[Round 032/100] Phase=standard | Stage=warmup | Acc=31.370 | RoundTime=160.23s | TotalTime=5146.79s | Method=fedgloss
[Round 033/100] Phase=standard | Stage=warmup | Acc=31.380 | RoundTime=160.63s | TotalTime=5307.42s | Method=fedgloss
[Round 034/100] Phase=standard | Stage=warmup | Acc=31.080 | RoundTime=160.62s | TotalTime=5468.05s | Method=fedgloss
[Round 035/100] Phase=standard | Stage=warmup | Acc=30.440 | RoundTime=159.87s | TotalTime=5627.93s | Method=fedgloss
[Round 036/100] Phase=standard | Stage=warmup | Acc=30.870 | RoundTime=160.80s | TotalTime=5788.73s | Method=fedgloss
[Round 037/100] Phase=standard | Stage=warmup | Acc=30.730 | RoundTime=160.11s | TotalTime=5948.85s | Method=fedgloss
[Round 038/100] Phase=standard | Stage=warmup | Acc=30.200 | RoundTime=162.44s | TotalTime=6111.30s | Method=fedgloss
[Round 039/100] Phase=standard | Stage=warmup | Acc=30.230 | RoundTime=160.30s | TotalTime=6271.61s | Method=fedgloss
[Round 040/100] Phase=standard | Stage=warmup | Acc=30.620 | RoundTime=161.93s | TotalTime=6433.56s | Method=fedgloss
[Round 041/100] Phase=standard | Stage=warmup | Acc=30.190 | RoundTime=160.11s | TotalTime=6593.67s | Method=fedgloss
[Round 042/100] Phase=standard | Stage=warmup | Acc=29.810 | RoundTime=159.33s | TotalTime=6753.02s | Method=fedgloss
[Round 043/100] Phase=standard | Stage=warmup | Acc=29.540 | RoundTime=160.64s | TotalTime=6913.66s | Method=fedgloss
[Round 044/100] Phase=standard | Stage=warmup | Acc=29.690 | RoundTime=159.61s | TotalTime=7073.28s | Method=fedgloss
[Round 045/100] Phase=standard | Stage=warmup | Acc=29.770 | RoundTime=160.52s | TotalTime=7233.80s | Method=fedgloss
[Round 046/100] Phase=standard | Stage=warmup | Acc=29.430 | RoundTime=159.96s | TotalTime=7393.77s | Method=fedgloss
[Round 047/100] Phase=standard | Stage=warmup | Acc=29.340 | RoundTime=159.16s | TotalTime=7552.94s | Method=fedgloss
