====================================================================================================
Training started at: 2026-03-31 17:34:15
Result directory: results/fl_cifar10/fedcda/pm-dir_a-0.5_nm-uni_nr-0.4_nt-symmetric_st-least_sim_dr-0.2
Result txt file : results/fl_cifar10/fedcda/pm-dir_a-0.5_nm-uni_nr-0.4_nt-symmetric_st-least_sim_dr-0.2/fedcda_fl_cifar10_20260331-173415-281293_pid4134065.txt
Result log file : results/fl_cifar10/fedcda/pm-dir_a-0.5_nm-uni_nr-0.4_nt-symmetric_st-least_sim_dr-0.2/fedcda_fl_cifar10_20260331-173415-281293_pid4134065.log
----------------------------------------------------------------------------------------------------
Model: fedcda
Dataset: fl_cifar10
Structure: homogeneity
Participants: 100
Online ratio: 0.1
Communication epochs: 100
Local epoch: 10
Local batch size: 40
Local lr: 0.01
Partition mode: dirichlet
Dirichlet alpha: 0.5
Noise mode: uniform
Noise rate: 0.4
Noise type: symmetric
Noise max: 0.3
Denoise score alpha: 0.5
Drop rate: 0.2
Denoise strategy: least_sim
FedProx mu: 0.01
FedRDN std: 0.01
FedCDA history size: NA
FedGLoSS beta: 0.01
Averaging: weight
Seed: 0
====================================================================================================
[Round 001/100] Acc=14.680 | RoundTime=25.57s | TotalTime=25.57s | Method=fedcda
[Round 002/100] Acc=15.190 | RoundTime=24.84s | TotalTime=50.41s | Method=fedcda
[Round 003/100] Acc=19.730 | RoundTime=25.62s | TotalTime=76.04s | Method=fedcda
[Round 004/100] Acc=18.960 | RoundTime=25.95s | TotalTime=101.99s | Method=fedcda
[Round 005/100] Acc=33.510 | RoundTime=25.34s | TotalTime=127.32s | Method=fedcda
[Round 006/100] Acc=24.070 | RoundTime=25.01s | TotalTime=152.33s | Method=fedcda
[Round 007/100] Acc=37.200 | RoundTime=25.36s | TotalTime=177.69s | Method=fedcda
[Round 008/100] Acc=35.380 | RoundTime=26.16s | TotalTime=203.85s | Method=fedcda
[Round 009/100] Acc=34.470 | RoundTime=26.13s | TotalTime=229.98s | Method=fedcda
[Round 010/100] Acc=25.790 | RoundTime=25.72s | TotalTime=255.70s | Method=fedcda
[Round 011/100] Acc=31.970 | RoundTime=27.40s | TotalTime=283.10s | Method=fedcda
[Round 012/100] Acc=33.190 | RoundTime=25.65s | TotalTime=308.75s | Method=fedcda
