====================================================================================================
Training started at: 2026-03-30 20:02:28
Result directory: results/fl_cifar10/fedcda/pm-dir_a-0.3_nm-uni_nr-0.2_nt-symmetric_st-least_sim_dr-0.45
Result txt file : results/fl_cifar10/fedcda/pm-dir_a-0.3_nm-uni_nr-0.2_nt-symmetric_st-least_sim_dr-0.45/fedcda_fl_cifar10_20260330-200228-496445_pid2358614.txt
Result log file : results/fl_cifar10/fedcda/pm-dir_a-0.3_nm-uni_nr-0.2_nt-symmetric_st-least_sim_dr-0.45/fedcda_fl_cifar10_20260330-200228-496445_pid2358614.log
----------------------------------------------------------------------------------------------------
Model: fedcda
Dataset: fl_cifar10
Structure: homogeneity
Participants: 100
Online ratio: 0.1
Communication epochs: 100
Local epoch: 10
Local batch size: 54
Local lr: 0.01
Partition mode: dirichlet
Dirichlet alpha: 0.3
Noise mode: uniform
Noise rate: 0.2
Noise type: symmetric
Noise max: 0.3
Denoise score alpha: 0.5
Drop rate: 0.45
Denoise strategy: least_sim
FedProx mu: 0.01
FedRDN std: 0.01
FedCDA history size: NA
FedGLoSS beta: 0.01
Averaging: weight
Seed: 0
====================================================================================================
[Round 001/100] Acc=10.000 | RoundTime=26.77s | TotalTime=26.77s | Method=fedcda
[Round 002/100] Acc=16.650 | RoundTime=27.00s | TotalTime=53.78s | Method=fedcda
[Round 003/100] Acc=25.350 | RoundTime=26.92s | TotalTime=80.69s | Method=fedcda
[Round 004/100] Acc=30.520 | RoundTime=27.13s | TotalTime=107.82s | Method=fedcda
[Round 005/100] Acc=27.390 | RoundTime=27.64s | TotalTime=135.46s | Method=fedcda
[Round 006/100] Acc=30.030 | RoundTime=27.82s | TotalTime=163.28s | Method=fedcda
[Round 007/100] Acc=31.270 | RoundTime=27.91s | TotalTime=191.19s | Method=fedcda
[Round 008/100] Acc=31.800 | RoundTime=26.10s | TotalTime=217.29s | Method=fedcda
[Round 009/100] Acc=36.700 | RoundTime=26.65s | TotalTime=243.95s | Method=fedcda
[Round 010/100] Acc=44.000 | RoundTime=26.29s | TotalTime=270.24s | Method=fedcda
