[Launch] model=feddenoise_v3 | dataset=fl_cifar100 | clients=10 | rounds=96 | local_epoch=5 | batch_size=64 | noise_mode=uniform | noise_value=0.5
Files already downloaded and verified
Files already downloaded and verified
mean: 5000.0
std: 0.0
Data statistics: {0: {0: 38, 1: 20, 2: 107, 3: 77, 4: 23, 5: 24, 6: 118, 7: 189, 8: 24, 9: 32, 10: 25, 11: 33, 12: 25, 13: 28, 14: 33, 15: 35, 16: 31, 17: 26, 18: 20, 19: 45, 20: 28, 21: 19, 22: 26, 23: 20, 24: 23, 25: 28, 26: 38, 27: 136, 28: 262, 29: 155, 30: 88, 31: 36, 32: 23, 33: 24, 34: 31, 35: 34, 36: 88, 37: 26, 38: 21, 39: 29, 40: 153, 41: 25, 42: 232, 43: 31, 44: 36, 45: 24, 46: 222, 47: 61, 48: 24, 49: 29, 50: 30, 51: 28, 52: 180, 53: 133, 54: 61, 55: 16, 56: 43, 57: 26, 58: 52, 59: 24, 60: 183, 61: 69, 62: 27, 63: 25, 64: 26, 65: 32, 66: 32, 67: 31, 68: 38, 69: 38, 70: 23, 71: 20, 72: 54, 73: 99, 74: 72, 75: 19, 76: 106, 77: 22, 78: 23, 79: 42, 80: 28, 81: 44, 82: 17, 83: 22, 84: 24, 85: 26, 86: 21, 87: 22, 88: 26, 89: 15, 90: 24, 91: 30, 92: 29, 93: 26, 94: 19, 95: 32, 96: 31, 97: 21, 98: 19, 99: 25}, 1: {0: 45, 1: 21, 2: 32, 3: 20, 4: 27, 5: 31, 6: 27, 7: 45, 8: 37, 9: 46, 10: 35, 11: 24, 12: 96, 13: 25, 14: 22, 15: 32, 16: 20, 17: 24, 18: 39, 19: 258, 20: 118, 21: 25, 22: 27, 23: 31, 24: 30, 25: 183, 26: 23, 27: 120, 28: 32, 29: 36, 30: 36, 31: 27, 32: 40, 33: 214, 34: 67, 35: 121, 36: 22, 37: 123, 38: 25, 39: 56, 40: 26, 41: 27, 42: 50, 43: 21, 44: 30, 45: 21, 46: 24, 47: 162, 48: 95, 49: 27, 50: 36, 51: 22, 52: 25, 53: 18, 54: 23, 55: 32, 56: 77, 57: 23, 58: 22, 59: 67, 60: 20, 61: 18, 62: 25, 63: 27, 64: 24, 65: 44, 66: 32, 67: 26, 68: 23, 69: 129, 70: 191, 71: 135, 72: 220, 73: 39, 74: 33, 75: 152, 76: 28, 77: 192, 78: 29, 79: 26, 80: 17, 81: 29, 82: 26, 83: 24, 84: 25, 85: 25, 86: 25, 87: 27, 88: 17, 89: 24, 90: 30, 91: 31, 92: 15, 93: 22, 94: 33, 95: 25, 96: 17, 97: 28, 98: 26, 99: 31}, 2: {0: 77, 1: 15, 2: 22, 3: 47, 4: 130, 5: 22, 6: 77, 7: 38, 8: 30, 9: 24, 10: 37, 11: 126, 12: 30, 13: 37, 14: 30, 15: 34, 16: 16, 17: 24, 18: 49, 19: 26, 20: 31, 21: 101, 22: 18, 23: 59, 24: 29, 25: 29, 26: 26, 27: 31, 28: 20, 29: 25, 30: 19, 31: 34, 32: 22, 33: 19, 34: 77, 35: 39, 36: 24, 37: 34, 38: 33, 39: 17, 40: 37, 41: 30, 42: 35, 43: 23, 44: 192, 45: 20, 46: 27, 47: 30, 48: 22, 49: 27, 50: 25, 51: 224, 52: 26, 53: 38, 54: 33, 55: 37, 56: 34, 57: 26, 58: 29, 59: 94, 60: 25, 61: 26, 62: 29, 63: 28, 64: 61, 65: 25, 66: 23, 67: 28, 68: 30, 69: 122, 70: 21, 71: 86, 72: 26, 73: 30, 74: 38, 75: 19, 76: 28, 77: 79, 78: 31, 79: 177, 80: 19, 81: 30, 82: 16, 83: 34, 84: 26, 85: 21, 86: 58, 87: 25, 88: 233, 89: 28, 90: 295, 91: 46, 92: 30, 93: 22, 94: 26, 95: 24, 96: 23, 97: 35, 98: 205, 99: 285}, 3: {0: 143, 1: 23, 2: 50, 3: 45, 4: 181, 5: 23, 6: 21, 7: 22, 8: 45, 9: 28, 10: 25, 11: 137, 12: 87, 13: 23, 14: 179, 15: 27, 16: 34, 17: 26, 18: 20, 19: 32, 20: 28, 21: 26, 22: 30, 23: 30, 24: 26, 25: 14, 26: 101, 27: 27, 28: 22, 29: 28, 30: 31, 31: 29, 32: 60, 33: 24, 34: 22, 35: 24, 36: 27, 37: 26, 38: 27, 39: 71, 40: 21, 41: 25, 42: 22, 43: 28, 44: 25, 45: 41, 46: 61, 47: 26, 48: 41, 49: 30, 50: 28, 51: 35, 52: 25, 53: 23, 54: 34, 55: 24, 56: 28, 57: 41, 58: 28, 59: 66, 60: 39, 61: 31, 62: 34, 63: 38, 64: 171, 65: 25, 66: 23, 67: 32, 68: 25, 69: 25, 70: 28, 71: 32, 72: 25, 73: 199, 74: 26, 75: 26, 76: 36, 77: 43, 78: 20, 79: 13, 80: 23, 81: 25, 82: 29, 83: 24, 84: 27, 85: 33, 86: 15, 87: 268, 88: 24, 89: 34, 90: 16, 91: 247, 92: 55, 93: 174, 94: 55, 95: 283, 96: 216, 97: 23, 98: 17, 99: 25}, 4: {0: 27, 1: 24, 2: 28, 3: 26, 4: 22, 5: 194, 6: 27, 7: 73, 8: 23, 9: 218, 10: 33, 11: 33, 12: 30, 13: 30, 14: 24, 15: 22, 16: 35, 17: 22, 18: 29, 19: 20, 20: 42, 21: 21, 22: 24, 23: 28, 24: 154, 25: 24, 26: 22, 27: 21, 28: 26, 29: 26, 30: 21, 31: 37, 32: 25, 33: 25, 34: 157, 35: 27, 36: 38, 37: 26, 38: 30, 39: 26, 40: 25, 41: 23, 42: 28, 43: 164, 44: 29, 45: 190, 46: 25, 47: 28, 48: 26, 49: 31, 50: 38, 51: 26, 52: 107, 53: 16, 54: 22, 55: 26, 56: 136, 57: 29, 58: 19, 59: 30, 60: 32, 61: 21, 62: 97, 63: 22, 64: 27, 65: 76, 66: 238, 67: 26, 68: 35, 69: 23, 70: 120, 71: 76, 72: 25, 73: 19, 74: 31, 75: 114, 76: 31, 77: 28, 78: 227, 79: 30, 80: 233, 81: 23, 82: 42, 83: 188, 84: 29, 85: 55, 86: 29, 87: 33, 88: 26, 89: 23, 90: 35, 91: 16, 92: 32, 93: 23, 94: 33, 95: 33, 96: 33, 97: 20, 98: 16, 99: 22}, 5: {0: 49, 1: 167, 2: 25, 3: 30, 4: 24, 5: 27, 6: 28, 7: 35, 8: 24, 9: 27, 10: 265, 11: 19, 12: 27, 13: 34, 14: 31, 15: 28, 16: 25, 17: 18, 18: 25, 19: 19, 20: 167, 21: 177, 22: 32, 23: 26, 24: 117, 25: 28, 26: 140, 27: 56, 28: 31, 29: 35, 30: 25, 31: 64, 32: 85, 33: 32, 34: 35, 35: 24, 36: 155, 37: 150, 38: 23, 39: 20, 40: 28, 41: 24, 42: 24, 43: 29, 44: 23, 45: 25, 46: 21, 47: 31, 48: 119, 49: 30, 50: 38, 51: 32, 52: 31, 53: 135, 54: 20, 55: 28, 56: 30, 57: 34, 58: 50, 59: 28, 60: 26, 61: 25, 62: 218, 63: 148, 64: 92, 65: 24, 66: 26, 67: 236, 68: 25, 69: 28, 70: 27, 71: 50, 72: 25, 73: 18, 74: 33, 75: 20, 76: 26, 77: 22, 78: 31, 79: 18, 80: 26, 81: 23, 82: 265, 83: 31, 84: 23, 85: 17, 86: 47, 87: 24, 88: 31, 89: 18, 90: 26, 91: 23, 92: 18, 93: 20, 94: 28, 95: 30, 96: 26, 97: 34, 98: 22, 99: 21}, 6: {0: 26, 1: 23, 2: 23, 3: 54, 4: 20, 5: 114, 6: 40, 7: 32, 8: 32, 9: 41, 10: 20, 11: 27, 12: 22, 13: 19, 14: 26, 15: 20, 16: 75, 17: 50, 18: 216, 19: 28, 20: 19, 21: 45, 22: 250, 23: 43, 24: 23, 25: 32, 26: 26, 27: 24, 28: 27, 29: 20, 30: 30, 31: 204, 32: 57, 33: 31, 34: 21, 35: 33, 36: 27, 37: 25, 38: 29, 39: 151, 40: 51, 41: 19, 42: 28, 43: 20, 44: 39, 45: 22, 46: 24, 47: 18, 48: 28, 49: 161, 50: 24, 51: 54, 52: 37, 53: 25, 54: 24, 55: 249, 56: 26, 57: 22, 58: 228, 59: 102, 60: 54, 61: 62, 62: 22, 63: 26, 64: 24, 65: 28, 66: 25, 67: 27, 68: 34, 69: 22, 70: 26, 71: 27, 72: 25, 73: 20, 74: 34, 75: 30, 76: 168, 77: 25, 78: 25, 79: 30, 80: 78, 81: 241, 82: 21, 83: 80, 84: 27, 85: 211, 86: 33, 87: 25, 88: 35, 89: 27, 90: 26, 91: 22, 92: 28, 93: 34, 94: 30, 95: 30, 96: 20, 97: 20, 98: 31, 99: 21}, 7: {0: 29, 1: 32, 2: 167, 3: 22, 4: 18, 5: 31, 6: 96, 7: 30, 8: 25, 9: 42, 10: 19, 11: 22, 12: 153, 13: 252, 14: 25, 15: 242, 16: 235, 17: 222, 18: 18, 19: 27, 20: 26, 21: 23, 22: 37, 23: 17, 24: 23, 25: 98, 26: 24, 27: 24, 28: 29, 29: 124, 30: 30, 31: 19, 32: 27, 33: 22, 34: 26, 35: 29, 36: 35, 37: 29, 38: 30, 39: 24, 40: 30, 41: 219, 42: 26, 43: 27, 44: 26, 45: 83, 46: 28, 47: 32, 48: 88, 49: 130, 50: 25, 51: 16, 52: 26, 53: 14, 54: 22, 55: 31, 56: 26, 57: 280, 58: 31, 59: 29, 60: 37, 61: 179, 62: 30, 63: 22, 64: 22, 65: 26, 66: 21, 67: 33, 68: 172, 69: 21, 70: 28, 71: 15, 72: 21, 73: 25, 74: 30, 75: 23, 76: 37, 77: 31, 78: 62, 79: 77, 80: 30, 81: 31, 82: 25, 83: 24, 84: 26, 85: 26, 86: 28, 87: 35, 88: 27, 89: 18, 90: 14, 91: 18, 92: 21, 93: 19, 94: 27, 95: 25, 96: 35, 97: 18, 98: 29, 99: 20}, 8: {0: 33, 1: 69, 2: 22, 3: 128, 4: 19, 5: 28, 6: 20, 7: 35, 8: 264, 9: 14, 10: 25, 11: 27, 12: 25, 13: 29, 14: 125, 15: 27, 16: 31, 17: 20, 18: 57, 19: 21, 20: 24, 21: 30, 22: 28, 23: 216, 24: 29, 25: 19, 26: 69, 27: 22, 28: 35, 29: 44, 30: 30, 31: 24, 32: 25, 33: 69, 34: 22, 35: 182, 36: 48, 37: 38, 38: 237, 39: 26, 40: 110, 41: 22, 42: 44, 43: 134, 44: 67, 45: 29, 46: 32, 47: 29, 48: 30, 49: 17, 50: 68, 51: 24, 52: 26, 53: 25, 54: 33, 55: 22, 56: 88, 57: 23, 58: 24, 59: 26, 60: 80, 61: 23, 62: 21, 63: 132, 64: 24, 65: 27, 66: 31, 67: 21, 68: 31, 69: 49, 70: 27, 71: 25, 72: 26, 73: 28, 74: 24, 75: 25, 76: 35, 77: 31, 78: 32, 79: 25, 80: 25, 81: 35, 82: 25, 83: 26, 84: 22, 85: 26, 86: 214, 87: 32, 88: 21, 89: 231, 90: 30, 91: 29, 92: 26, 93: 110, 94: 24, 95: 29, 96: 36, 97: 135, 98: 73, 99: 25}, 9: {0: 53, 1: 76, 2: 21, 3: 28, 4: 21, 5: 27, 6: 26, 7: 33, 8: 20, 9: 31, 10: 21, 11: 33, 12: 38, 13: 32, 14: 23, 15: 36, 16: 28, 17: 26, 18: 25, 19: 40, 20: 19, 21: 22, 22: 37, 23: 26, 24: 28, 25: 24, 26: 24, 27: 20, 28: 25, 29: 26, 30: 204, 31: 22, 32: 114, 33: 26, 34: 26, 35: 25, 36: 50, 37: 34, 38: 58, 39: 70, 40: 26, 41: 71, 42: 33, 43: 34, 44: 19, 45: 19, 46: 31, 47: 89, 48: 28, 49: 32, 50: 211, 51: 29, 52: 23, 53: 36, 54: 235, 55: 32, 56: 30, 57: 21, 58: 24, 59: 24, 60: 32, 61: 21, 62: 31, 63: 27, 64: 23, 65: 197, 66: 23, 67: 25, 68: 95, 69: 29, 70: 19, 71: 22, 72: 30, 73: 24, 74: 202, 75: 46, 76: 30, 77: 28, 78: 24, 79: 60, 80: 21, 81: 34, 82: 34, 83: 49, 84: 288, 85: 35, 86: 22, 87: 24, 88: 67, 89: 40, 90: 33, 91: 24, 92: 241, 93: 21, 94: 246, 95: 21, 96: 68, 97: 128, 98: 23, 99: 28}}
========================================================================================================================
Training started at: 2026-04-09 13:59:21
Result directory: results/fl_cifar100/feddenoise_v3/pm-dir_a-0.1_nm-uni_nr-0.5_nt-symmetric_wr-20_sr-19_ts-4,3,2,1_tss-random_tsim-full_model_cosine_wm-full_model_dr-0.15_drs-0.1,0.3,0.4,0.5
Result txt file : results/fl_cifar100/feddenoise_v3/pm-dir_a-0.1_nm-uni_nr-0.5_nt-symmetric_wr-20_sr-19_ts-4,3,2,1_tss-random_tsim-full_model_cosine_wm-full_model_dr-0.15_drs-0.1,0.3,0.4,0.5/feddenoise_v3_fl_cifar100_20260409-135921-259605_pid4012206.txt
Result log file : results/fl_cifar100/feddenoise_v3/pm-dir_a-0.1_nm-uni_nr-0.5_nt-symmetric_wr-20_sr-19_ts-4,3,2,1_tss-random_tsim-full_model_cosine_wm-full_model_dr-0.15_drs-0.1,0.3,0.4,0.5/feddenoise_v3_fl_cifar100_20260409-135921-259605_pid4012206.log
------------------------------------------------------------------------------------------------------------------------
Model: feddenoise_v3
Dataset: fl_cifar100
Structure: homogeneity
Participants: 10
Online ratio: 1.0
Communication epochs: 96
Local epoch: 5
Local batch size: 64
Local lr: 0.1
Partition mode: dirichlet
Dirichlet alpha: 0.1
Noise mode: uniform
Noise rate: 0.5
Noise type: symmetric
Noise max: 0.3
Averaging: weight
Seed: 0
Warmup round: 20
Stage round: 19
Teacher schedule: 4,3,2,1
Teacher select strategy: random
Teacher similarity: full_model_cosine
Teacher score mode: teacher_mean
Warmup mode: full_model
Drop rate: 0.15
Drop rate schedule: 0.1,0.3,0.4,0.5
Exclude self teacher: True
========================================================================================================================
Backbone: NoiseFLCNN NoiseFLCNN
[Round 001/096] Phase=warmup | Stage=warmup | Acc=1.000 | RoundTime=110.04s | TotalTime=110.05s | Method=feddenoise_v3
[Round 002/096] Phase=warmup | Stage=warmup | Acc=1.150 | RoundTime=126.95s | TotalTime=237.00s | Method=feddenoise_v3
[Round 003/096] Phase=warmup | Stage=warmup | Acc=4.050 | RoundTime=126.38s | TotalTime=363.38s | Method=feddenoise_v3
[Round 004/096] Phase=warmup | Stage=warmup | Acc=7.990 | RoundTime=126.87s | TotalTime=490.26s | Method=feddenoise_v3
[Round 005/096] Phase=warmup | Stage=warmup | Acc=10.240 | RoundTime=127.32s | TotalTime=617.58s | Method=feddenoise_v3
[Round 006/096] Phase=warmup | Stage=warmup | Acc=12.080 | RoundTime=127.73s | TotalTime=745.31s | Method=feddenoise_v3
[Round 007/096] Phase=warmup | Stage=warmup | Acc=13.630 | RoundTime=126.99s | TotalTime=872.31s | Method=feddenoise_v3
[Round 008/096] Phase=warmup | Stage=warmup | Acc=15.330 | RoundTime=127.90s | TotalTime=1000.21s | Method=feddenoise_v3
[Round 009/096] Phase=warmup | Stage=warmup | Acc=16.970 | RoundTime=127.07s | TotalTime=1127.30s | Method=feddenoise_v3
[Round 010/096] Phase=warmup | Stage=warmup | Acc=18.260 | RoundTime=128.38s | TotalTime=1255.68s | Method=feddenoise_v3
[Round 011/096] Phase=warmup | Stage=warmup | Acc=18.810 | RoundTime=126.94s | TotalTime=1382.63s | Method=feddenoise_v3
[Round 012/096] Phase=warmup | Stage=warmup | Acc=19.890 | RoundTime=126.96s | TotalTime=1509.60s | Method=feddenoise_v3
[Round 013/096] Phase=warmup | Stage=warmup | Acc=20.960 | RoundTime=125.33s | TotalTime=1634.94s | Method=feddenoise_v3
[Round 014/096] Phase=warmup | Stage=warmup | Acc=21.610 | RoundTime=127.28s | TotalTime=1762.22s | Method=feddenoise_v3
[Round 015/096] Phase=warmup | Stage=warmup | Acc=22.720 | RoundTime=126.10s | TotalTime=1888.32s | Method=feddenoise_v3
[Round 016/096] Phase=warmup | Stage=warmup | Acc=23.030 | RoundTime=126.59s | TotalTime=2014.92s | Method=feddenoise_v3
[Round 017/096] Phase=warmup | Stage=warmup | Acc=23.230 | RoundTime=127.44s | TotalTime=2142.37s | Method=feddenoise_v3
[Round 018/096] Phase=warmup | Stage=warmup | Acc=23.700 | RoundTime=127.00s | TotalTime=2269.38s | Method=feddenoise_v3
[Round 019/096] Phase=warmup | Stage=warmup | Acc=23.830 | RoundTime=125.46s | TotalTime=2394.84s | Method=feddenoise_v3

[Teacher Selection] Building clean subsets for stage 1 ...
[Stage 1] Client 0: teachers=[3, 5, 4, 7], avg_teacher_sim=0.9869, selected=4500
[Stage 1] Client 1: teachers=[5, 3, 9, 0], avg_teacher_sim=0.9860, selected=4500
[Stage 1] Client 2: teachers=[3, 5, 1, 4], avg_teacher_sim=0.9876, selected=4500
[Stage 1] Client 3: teachers=[8, 0, 2, 5], avg_teacher_sim=0.9867, selected=4500
[Stage 1] Client 4: teachers=[1, 7, 5, 8], avg_teacher_sim=0.9864, selected=4500
[Stage 1] Client 5: teachers=[1, 2, 4, 0], avg_teacher_sim=0.9871, selected=4500
[Stage 1] Client 6: teachers=[1, 2, 0, 8], avg_teacher_sim=0.9863, selected=4500
[Stage 1] Client 7: teachers=[0, 2, 6, 8], avg_teacher_sim=0.9866, selected=4500
[Stage 1] Client 8: teachers=[4, 0, 2, 9], avg_teacher_sim=0.9859, selected=4500
[Stage 1] Client 9: teachers=[0, 7, 5, 6], avg_teacher_sim=0.9870, selected=4500
[Stage 1] Selection summary | clean_precision=53.25 | clean_recall=95.86 | noisy_precision=79.28 | noisy_recall=15.86 | keep_ratio=90.00 | avg_teacher_similarity=0.9867
[Round 020/096] Phase=warmup | Stage=warmup | Acc=24.730 | RoundTime=160.07s | TotalTime=2554.91s | Method=feddenoise_v3
[Round 021/096] Phase=stage_1 | Stage=0 | Acc=23.860 | StagePure=53.253 | CPrec=53.253 | CRec=95.856 | NPrec=79.280 | NRec=15.856 | Keep=90.000 | TSim=0.987 | RoundTime=114.08s | TotalTime=2669.00s | Method=feddenoise_v3
[Round 022/096] Phase=stage_1 | Stage=0 | Acc=24.600 | StagePure=53.253 | CPrec=53.253 | CRec=95.856 | NPrec=79.280 | NRec=15.856 | Keep=90.000 | TSim=0.987 | RoundTime=117.34s | TotalTime=2786.35s | Method=feddenoise_v3
[Round 023/096] Phase=stage_1 | Stage=0 | Acc=23.960 | StagePure=53.253 | CPrec=53.253 | CRec=95.856 | NPrec=79.280 | NRec=15.856 | Keep=90.000 | TSim=0.987 | RoundTime=117.91s | TotalTime=2904.26s | Method=feddenoise_v3
[Round 024/096] Phase=stage_1 | Stage=0 | Acc=24.280 | StagePure=53.253 | CPrec=53.253 | CRec=95.856 | NPrec=79.280 | NRec=15.856 | Keep=90.000 | TSim=0.987 | RoundTime=119.74s | TotalTime=3024.01s | Method=feddenoise_v3
[Round 025/096] Phase=stage_1 | Stage=0 | Acc=24.410 | StagePure=53.253 | CPrec=53.253 | CRec=95.856 | NPrec=79.280 | NRec=15.856 | Keep=90.000 | TSim=0.987 | RoundTime=120.20s | TotalTime=3144.21s | Method=feddenoise_v3
[Round 026/096] Phase=stage_1 | Stage=0 | Acc=23.780 | StagePure=53.253 | CPrec=53.253 | CRec=95.856 | NPrec=79.280 | NRec=15.856 | Keep=90.000 | TSim=0.987 | RoundTime=120.06s | TotalTime=3264.28s | Method=feddenoise_v3
[Round 027/096] Phase=stage_1 | Stage=0 | Acc=23.980 | StagePure=53.253 | CPrec=53.253 | CRec=95.856 | NPrec=79.280 | NRec=15.856 | Keep=90.000 | TSim=0.987 | RoundTime=119.77s | TotalTime=3384.05s | Method=feddenoise_v3
[Round 028/096] Phase=stage_1 | Stage=0 | Acc=23.640 | StagePure=53.253 | CPrec=53.253 | CRec=95.856 | NPrec=79.280 | NRec=15.856 | Keep=90.000 | TSim=0.987 | RoundTime=119.57s | TotalTime=3503.63s | Method=feddenoise_v3
[Round 029/096] Phase=stage_1 | Stage=0 | Acc=23.430 | StagePure=53.253 | CPrec=53.253 | CRec=95.856 | NPrec=79.280 | NRec=15.856 | Keep=90.000 | TSim=0.987 | RoundTime=118.96s | TotalTime=3622.60s | Method=feddenoise_v3
[Round 030/096] Phase=stage_1 | Stage=0 | Acc=23.480 | StagePure=53.253 | CPrec=53.253 | CRec=95.856 | NPrec=79.280 | NRec=15.856 | Keep=90.000 | TSim=0.987 | RoundTime=117.94s | TotalTime=3740.55s | Method=feddenoise_v3
[Round 031/096] Phase=stage_1 | Stage=0 | Acc=22.640 | StagePure=53.253 | CPrec=53.253 | CRec=95.856 | NPrec=79.280 | NRec=15.856 | Keep=90.000 | TSim=0.987 | RoundTime=118.71s | TotalTime=3859.26s | Method=feddenoise_v3
[Round 032/096] Phase=stage_1 | Stage=0 | Acc=23.290 | StagePure=53.253 | CPrec=53.253 | CRec=95.856 | NPrec=79.280 | NRec=15.856 | Keep=90.000 | TSim=0.987 | RoundTime=119.22s | TotalTime=3978.49s | Method=feddenoise_v3
[Round 033/096] Phase=stage_1 | Stage=0 | Acc=22.890 | StagePure=53.253 | CPrec=53.253 | CRec=95.856 | NPrec=79.280 | NRec=15.856 | Keep=90.000 | TSim=0.987 | RoundTime=117.64s | TotalTime=4096.14s | Method=feddenoise_v3
[Round 034/096] Phase=stage_1 | Stage=0 | Acc=22.800 | StagePure=53.253 | CPrec=53.253 | CRec=95.856 | NPrec=79.280 | NRec=15.856 | Keep=90.000 | TSim=0.987 | RoundTime=117.99s | TotalTime=4214.14s | Method=feddenoise_v3
[Round 035/096] Phase=stage_1 | Stage=0 | Acc=22.650 | StagePure=53.253 | CPrec=53.253 | CRec=95.856 | NPrec=79.280 | NRec=15.856 | Keep=90.000 | TSim=0.987 | RoundTime=119.74s | TotalTime=4333.89s | Method=feddenoise_v3
[Round 036/096] Phase=stage_1 | Stage=0 | Acc=22.120 | StagePure=53.253 | CPrec=53.253 | CRec=95.856 | NPrec=79.280 | NRec=15.856 | Keep=90.000 | TSim=0.987 | RoundTime=122.51s | TotalTime=4456.42s | Method=feddenoise_v3
[Round 037/096] Phase=stage_1 | Stage=0 | Acc=22.290 | StagePure=53.253 | CPrec=53.253 | CRec=95.856 | NPrec=79.280 | NRec=15.856 | Keep=90.000 | TSim=0.987 | RoundTime=119.05s | TotalTime=4575.48s | Method=feddenoise_v3
[Round 038/096] Phase=stage_1 | Stage=0 | Acc=21.850 | StagePure=53.253 | CPrec=53.253 | CRec=95.856 | NPrec=79.280 | NRec=15.856 | Keep=90.000 | TSim=0.987 | RoundTime=118.87s | TotalTime=4694.36s | Method=feddenoise_v3

[Teacher Selection] Building clean subsets for stage 2 ...
[Stage 2] Client 0: teachers=[4, 9, 2], avg_teacher_sim=0.9921, selected=3500
[Stage 2] Client 1: teachers=[0, 3, 9], avg_teacher_sim=0.9925, selected=3500
[Stage 2] Client 2: teachers=[7, 0, 3], avg_teacher_sim=0.9921, selected=3500
[Stage 2] Client 3: teachers=[2, 9, 8], avg_teacher_sim=0.9927, selected=3500
[Stage 2] Client 4: teachers=[3, 9, 2], avg_teacher_sim=0.9922, selected=3500
[Stage 2] Client 5: teachers=[6, 0, 1], avg_teacher_sim=0.9921, selected=3500
[Stage 2] Client 6: teachers=[0, 7, 8], avg_teacher_sim=0.9923, selected=3500
[Stage 2] Client 7: teachers=[5, 9, 0], avg_teacher_sim=0.9917, selected=3500
[Stage 2] Client 8: teachers=[6, 0, 1], avg_teacher_sim=0.9922, selected=3500
[Stage 2] Client 9: teachers=[3, 5, 8], avg_teacher_sim=0.9924, selected=3500
[Stage 2] Selection summary | clean_precision=57.39 | clean_recall=80.35 | noisy_precision=67.25 | noisy_recall=40.35 | keep_ratio=70.00 | avg_teacher_similarity=0.9922
[Round 039/096] Phase=stage_1 | Stage=0 | Acc=21.980 | StagePure=53.253 | CPrec=53.253 | CRec=95.856 | NPrec=79.280 | NRec=15.856 | Keep=90.000 | TSim=0.987 | RoundTime=142.97s | TotalTime=4837.33s | Method=feddenoise_v3
[Round 040/096] Phase=stage_2 | Stage=1 | Acc=22.830 | StagePure=57.391 | CPrec=57.391 | CRec=80.348 | NPrec=67.247 | NRec=40.348 | Keep=70.000 | TSim=0.992 | RoundTime=95.20s | TotalTime=4932.54s | Method=feddenoise_v3
[Round 041/096] Phase=stage_2 | Stage=1 | Acc=23.350 | StagePure=57.391 | CPrec=57.391 | CRec=80.348 | NPrec=67.247 | NRec=40.348 | Keep=70.000 | TSim=0.992 | RoundTime=95.63s | TotalTime=5028.18s | Method=feddenoise_v3
[Round 042/096] Phase=stage_2 | Stage=1 | Acc=23.160 | StagePure=57.391 | CPrec=57.391 | CRec=80.348 | NPrec=67.247 | NRec=40.348 | Keep=70.000 | TSim=0.992 | RoundTime=95.22s | TotalTime=5123.41s | Method=feddenoise_v3
[Round 043/096] Phase=stage_2 | Stage=1 | Acc=23.280 | StagePure=57.391 | CPrec=57.391 | CRec=80.348 | NPrec=67.247 | NRec=40.348 | Keep=70.000 | TSim=0.992 | RoundTime=96.18s | TotalTime=5219.59s | Method=feddenoise_v3
[Round 044/096] Phase=stage_2 | Stage=1 | Acc=23.240 | StagePure=57.391 | CPrec=57.391 | CRec=80.348 | NPrec=67.247 | NRec=40.348 | Keep=70.000 | TSim=0.992 | RoundTime=99.54s | TotalTime=5319.15s | Method=feddenoise_v3
[Round 045/096] Phase=stage_2 | Stage=1 | Acc=23.580 | StagePure=57.391 | CPrec=57.391 | CRec=80.348 | NPrec=67.247 | NRec=40.348 | Keep=70.000 | TSim=0.992 | RoundTime=97.10s | TotalTime=5416.26s | Method=feddenoise_v3
[Round 046/096] Phase=stage_2 | Stage=1 | Acc=23.130 | StagePure=57.391 | CPrec=57.391 | CRec=80.348 | NPrec=67.247 | NRec=40.348 | Keep=70.000 | TSim=0.992 | RoundTime=96.76s | TotalTime=5513.03s | Method=feddenoise_v3
[Round 047/096] Phase=stage_2 | Stage=1 | Acc=23.300 | StagePure=57.391 | CPrec=57.391 | CRec=80.348 | NPrec=67.247 | NRec=40.348 | Keep=70.000 | TSim=0.992 | RoundTime=96.31s | TotalTime=5609.35s | Method=feddenoise_v3
[Round 048/096] Phase=stage_2 | Stage=1 | Acc=22.870 | StagePure=57.391 | CPrec=57.391 | CRec=80.348 | NPrec=67.247 | NRec=40.348 | Keep=70.000 | TSim=0.992 | RoundTime=97.39s | TotalTime=5706.74s | Method=feddenoise_v3
[Round 049/096] Phase=stage_2 | Stage=1 | Acc=22.940 | StagePure=57.391 | CPrec=57.391 | CRec=80.348 | NPrec=67.247 | NRec=40.348 | Keep=70.000 | TSim=0.992 | RoundTime=97.79s | TotalTime=5804.54s | Method=feddenoise_v3
[Round 050/096] Phase=stage_2 | Stage=1 | Acc=22.830 | StagePure=57.391 | CPrec=57.391 | CRec=80.348 | NPrec=67.247 | NRec=40.348 | Keep=70.000 | TSim=0.992 | RoundTime=96.23s | TotalTime=5900.78s | Method=feddenoise_v3
[Round 051/096] Phase=stage_2 | Stage=1 | Acc=22.430 | StagePure=57.391 | CPrec=57.391 | CRec=80.348 | NPrec=67.247 | NRec=40.348 | Keep=70.000 | TSim=0.992 | RoundTime=96.12s | TotalTime=5996.91s | Method=feddenoise_v3
[Round 052/096] Phase=stage_2 | Stage=1 | Acc=22.710 | StagePure=57.391 | CPrec=57.391 | CRec=80.348 | NPrec=67.247 | NRec=40.348 | Keep=70.000 | TSim=0.992 | RoundTime=95.72s | TotalTime=6092.64s | Method=feddenoise_v3
[Round 053/096] Phase=stage_2 | Stage=1 | Acc=22.680 | StagePure=57.391 | CPrec=57.391 | CRec=80.348 | NPrec=67.247 | NRec=40.348 | Keep=70.000 | TSim=0.992 | RoundTime=96.66s | TotalTime=6189.31s | Method=feddenoise_v3
[Round 054/096] Phase=stage_2 | Stage=1 | Acc=22.690 | StagePure=57.391 | CPrec=57.391 | CRec=80.348 | NPrec=67.247 | NRec=40.348 | Keep=70.000 | TSim=0.992 | RoundTime=96.76s | TotalTime=6286.07s | Method=feddenoise_v3
[Round 055/096] Phase=stage_2 | Stage=1 | Acc=22.430 | StagePure=57.391 | CPrec=57.391 | CRec=80.348 | NPrec=67.247 | NRec=40.348 | Keep=70.000 | TSim=0.992 | RoundTime=96.15s | TotalTime=6382.24s | Method=feddenoise_v3
[Round 056/096] Phase=stage_2 | Stage=1 | Acc=22.440 | StagePure=57.391 | CPrec=57.391 | CRec=80.348 | NPrec=67.247 | NRec=40.348 | Keep=70.000 | TSim=0.992 | RoundTime=97.42s | TotalTime=6479.67s | Method=feddenoise_v3
[Round 057/096] Phase=stage_2 | Stage=1 | Acc=22.680 | StagePure=57.391 | CPrec=57.391 | CRec=80.348 | NPrec=67.247 | NRec=40.348 | Keep=70.000 | TSim=0.992 | RoundTime=98.45s | TotalTime=6578.12s | Method=feddenoise_v3

[Teacher Selection] Building clean subsets for stage 3 ...
[Stage 3] Client 0: teachers=[9, 5], avg_teacher_sim=0.9935, selected=3000
[Stage 3] Client 1: teachers=[7, 8], avg_teacher_sim=0.9937, selected=3000
[Stage 3] Client 2: teachers=[0, 7], avg_teacher_sim=0.9927, selected=3000
[Stage 3] Client 3: teachers=[6, 9], avg_teacher_sim=0.9935, selected=3000
[Stage 3] Client 4: teachers=[9, 6], avg_teacher_sim=0.9935, selected=3000
[Stage 3] Client 5: teachers=[3, 6], avg_teacher_sim=0.9939, selected=3000
[Stage 3] Client 6: teachers=[2, 7], avg_teacher_sim=0.9932, selected=3000
[Stage 3] Client 7: teachers=[9, 4], avg_teacher_sim=0.9925, selected=3000
[Stage 3] Client 8: teachers=[6, 5], avg_teacher_sim=0.9936, selected=3000
[Stage 3] Client 9: teachers=[5, 1], avg_teacher_sim=0.9937, selected=3000
[Stage 3] Selection summary | clean_precision=58.42 | clean_recall=70.10 | noisy_precision=62.63 | noisy_recall=50.10 | keep_ratio=60.00 | avg_teacher_similarity=0.9934
[Round 058/096] Phase=stage_2 | Stage=1 | Acc=22.300 | StagePure=57.391 | CPrec=57.391 | CRec=80.348 | NPrec=67.247 | NRec=40.348 | Keep=70.000 | TSim=0.992 | RoundTime=117.53s | TotalTime=6695.66s | Method=feddenoise_v3
[Round 059/096] Phase=stage_3 | Stage=2 | Acc=22.880 | StagePure=58.420 | CPrec=58.420 | CRec=70.104 | NPrec=62.630 | NRec=50.104 | Keep=60.000 | TSim=0.993 | RoundTime=85.16s | TotalTime=6780.84s | Method=feddenoise_v3
[Round 060/096] Phase=stage_3 | Stage=2 | Acc=23.250 | StagePure=58.420 | CPrec=58.420 | CRec=70.104 | NPrec=62.630 | NRec=50.104 | Keep=60.000 | TSim=0.993 | RoundTime=88.00s | TotalTime=6868.85s | Method=feddenoise_v3
[Round 061/096] Phase=stage_3 | Stage=2 | Acc=23.120 | StagePure=58.420 | CPrec=58.420 | CRec=70.104 | NPrec=62.630 | NRec=50.104 | Keep=60.000 | TSim=0.993 | RoundTime=88.27s | TotalTime=6957.12s | Method=feddenoise_v3
[Round 062/096] Phase=stage_3 | Stage=2 | Acc=23.240 | StagePure=58.420 | CPrec=58.420 | CRec=70.104 | NPrec=62.630 | NRec=50.104 | Keep=60.000 | TSim=0.993 | RoundTime=88.42s | TotalTime=7045.55s | Method=feddenoise_v3
[Round 063/096] Phase=stage_3 | Stage=2 | Acc=23.120 | StagePure=58.420 | CPrec=58.420 | CRec=70.104 | NPrec=62.630 | NRec=50.104 | Keep=60.000 | TSim=0.993 | RoundTime=88.04s | TotalTime=7133.60s | Method=feddenoise_v3
[Round 064/096] Phase=stage_3 | Stage=2 | Acc=23.270 | StagePure=58.420 | CPrec=58.420 | CRec=70.104 | NPrec=62.630 | NRec=50.104 | Keep=60.000 | TSim=0.993 | RoundTime=87.88s | TotalTime=7221.49s | Method=feddenoise_v3
[Round 065/096] Phase=stage_3 | Stage=2 | Acc=23.060 | StagePure=58.420 | CPrec=58.420 | CRec=70.104 | NPrec=62.630 | NRec=50.104 | Keep=60.000 | TSim=0.993 | RoundTime=88.51s | TotalTime=7310.00s | Method=feddenoise_v3
[Round 066/096] Phase=stage_3 | Stage=2 | Acc=23.000 | StagePure=58.420 | CPrec=58.420 | CRec=70.104 | NPrec=62.630 | NRec=50.104 | Keep=60.000 | TSim=0.993 | RoundTime=88.41s | TotalTime=7398.42s | Method=feddenoise_v3
[Round 067/096] Phase=stage_3 | Stage=2 | Acc=23.010 | StagePure=58.420 | CPrec=58.420 | CRec=70.104 | NPrec=62.630 | NRec=50.104 | Keep=60.000 | TSim=0.993 | RoundTime=88.05s | TotalTime=7486.48s | Method=feddenoise_v3
[Round 068/096] Phase=stage_3 | Stage=2 | Acc=22.950 | StagePure=58.420 | CPrec=58.420 | CRec=70.104 | NPrec=62.630 | NRec=50.104 | Keep=60.000 | TSim=0.993 | RoundTime=88.36s | TotalTime=7574.85s | Method=feddenoise_v3
[Round 069/096] Phase=stage_3 | Stage=2 | Acc=22.880 | StagePure=58.420 | CPrec=58.420 | CRec=70.104 | NPrec=62.630 | NRec=50.104 | Keep=60.000 | TSim=0.993 | RoundTime=88.47s | TotalTime=7663.33s | Method=feddenoise_v3
[Round 070/096] Phase=stage_3 | Stage=2 | Acc=22.800 | StagePure=58.420 | CPrec=58.420 | CRec=70.104 | NPrec=62.630 | NRec=50.104 | Keep=60.000 | TSim=0.993 | RoundTime=89.75s | TotalTime=7753.09s | Method=feddenoise_v3
[Round 071/096] Phase=stage_3 | Stage=2 | Acc=22.960 | StagePure=58.420 | CPrec=58.420 | CRec=70.104 | NPrec=62.630 | NRec=50.104 | Keep=60.000 | TSim=0.993 | RoundTime=88.45s | TotalTime=7841.55s | Method=feddenoise_v3
[Round 072/096] Phase=stage_3 | Stage=2 | Acc=22.920 | StagePure=58.420 | CPrec=58.420 | CRec=70.104 | NPrec=62.630 | NRec=50.104 | Keep=60.000 | TSim=0.993 | RoundTime=86.35s | TotalTime=7927.90s | Method=feddenoise_v3
[Round 073/096] Phase=stage_3 | Stage=2 | Acc=22.810 | StagePure=58.420 | CPrec=58.420 | CRec=70.104 | NPrec=62.630 | NRec=50.104 | Keep=60.000 | TSim=0.993 | RoundTime=86.47s | TotalTime=8014.38s | Method=feddenoise_v3
[Round 074/096] Phase=stage_3 | Stage=2 | Acc=22.910 | StagePure=58.420 | CPrec=58.420 | CRec=70.104 | NPrec=62.630 | NRec=50.104 | Keep=60.000 | TSim=0.993 | RoundTime=87.38s | TotalTime=8101.76s | Method=feddenoise_v3
[Round 075/096] Phase=stage_3 | Stage=2 | Acc=23.050 | StagePure=58.420 | CPrec=58.420 | CRec=70.104 | NPrec=62.630 | NRec=50.104 | Keep=60.000 | TSim=0.993 | RoundTime=86.88s | TotalTime=8188.66s | Method=feddenoise_v3
[Round 076/096] Phase=stage_3 | Stage=2 | Acc=22.940 | StagePure=58.420 | CPrec=58.420 | CRec=70.104 | NPrec=62.630 | NRec=50.104 | Keep=60.000 | TSim=0.993 | RoundTime=85.67s | TotalTime=8274.34s | Method=feddenoise_v3

[Teacher Selection] Building clean subsets for stage 4 ...
[Stage 4] Client 0: teachers=[9], avg_teacher_sim=0.9945, selected=2500
[Stage 4] Client 1: teachers=[3], avg_teacher_sim=0.9946, selected=2500
[Stage 4] Client 2: teachers=[9], avg_teacher_sim=0.9934, selected=2500
[Stage 4] Client 3: teachers=[0], avg_teacher_sim=0.9955, selected=2500
[Stage 4] Client 4: teachers=[8], avg_teacher_sim=0.9934, selected=2500
[Stage 4] Client 5: teachers=[7], avg_teacher_sim=0.9921, selected=2500
[Stage 4] Client 6: teachers=[2], avg_teacher_sim=0.9942, selected=2500
[Stage 4] Client 7: teachers=[4], avg_teacher_sim=0.9928, selected=2500
[Stage 4] Client 8: teachers=[2], avg_teacher_sim=0.9946, selected=2500
[Stage 4] Client 9: teachers=[0], avg_teacher_sim=0.9945, selected=2500
[Stage 4] Selection summary | clean_precision=58.52 | clean_recall=58.52 | noisy_precision=58.52 | noisy_recall=58.52 | keep_ratio=50.00 | avg_teacher_similarity=0.9940
[Round 077/096] Phase=stage_3 | Stage=2 | Acc=22.610 | StagePure=58.420 | CPrec=58.420 | CRec=70.104 | NPrec=62.630 | NRec=50.104 | Keep=60.000 | TSim=0.993 | RoundTime=101.92s | TotalTime=8376.27s | Method=feddenoise_v3
[Round 078/096] Phase=stage_4 | Stage=3 | Acc=23.280 | StagePure=58.520 | CPrec=58.520 | CRec=58.520 | NPrec=58.520 | NRec=58.520 | Keep=50.000 | TSim=0.994 | RoundTime=77.61s | TotalTime=8453.89s | Method=feddenoise_v3
[Round 079/096] Phase=stage_4 | Stage=3 | Acc=23.730 | StagePure=58.520 | CPrec=58.520 | CRec=58.520 | NPrec=58.520 | NRec=58.520 | Keep=50.000 | TSim=0.994 | RoundTime=80.86s | TotalTime=8534.76s | Method=feddenoise_v3
[Round 080/096] Phase=stage_4 | Stage=3 | Acc=23.380 | StagePure=58.520 | CPrec=58.520 | CRec=58.520 | NPrec=58.520 | NRec=58.520 | Keep=50.000 | TSim=0.994 | RoundTime=80.14s | TotalTime=8614.90s | Method=feddenoise_v3
[Round 081/096] Phase=stage_4 | Stage=3 | Acc=23.230 | StagePure=58.520 | CPrec=58.520 | CRec=58.520 | NPrec=58.520 | NRec=58.520 | Keep=50.000 | TSim=0.994 | RoundTime=80.24s | TotalTime=8695.15s | Method=feddenoise_v3
[Round 082/096] Phase=stage_4 | Stage=3 | Acc=23.510 | StagePure=58.520 | CPrec=58.520 | CRec=58.520 | NPrec=58.520 | NRec=58.520 | Keep=50.000 | TSim=0.994 | RoundTime=80.04s | TotalTime=8775.20s | Method=feddenoise_v3
[Round 083/096] Phase=stage_4 | Stage=3 | Acc=23.550 | StagePure=58.520 | CPrec=58.520 | CRec=58.520 | NPrec=58.520 | NRec=58.520 | Keep=50.000 | TSim=0.994 | RoundTime=80.60s | TotalTime=8855.81s | Method=feddenoise_v3
[Round 084/096] Phase=stage_4 | Stage=3 | Acc=23.880 | StagePure=58.520 | CPrec=58.520 | CRec=58.520 | NPrec=58.520 | NRec=58.520 | Keep=50.000 | TSim=0.994 | RoundTime=82.18s | TotalTime=8938.00s | Method=feddenoise_v3
[Round 085/096] Phase=stage_4 | Stage=3 | Acc=23.270 | StagePure=58.520 | CPrec=58.520 | CRec=58.520 | NPrec=58.520 | NRec=58.520 | Keep=50.000 | TSim=0.994 | RoundTime=78.53s | TotalTime=9016.54s | Method=feddenoise_v3
[Round 086/096] Phase=stage_4 | Stage=3 | Acc=23.190 | StagePure=58.520 | CPrec=58.520 | CRec=58.520 | NPrec=58.520 | NRec=58.520 | Keep=50.000 | TSim=0.994 | RoundTime=80.43s | TotalTime=9096.97s | Method=feddenoise_v3
[Round 087/096] Phase=stage_4 | Stage=3 | Acc=23.050 | StagePure=58.520 | CPrec=58.520 | CRec=58.520 | NPrec=58.520 | NRec=58.520 | Keep=50.000 | TSim=0.994 | RoundTime=79.97s | TotalTime=9176.95s | Method=feddenoise_v3
[Round 088/096] Phase=stage_4 | Stage=3 | Acc=23.130 | StagePure=58.520 | CPrec=58.520 | CRec=58.520 | NPrec=58.520 | NRec=58.520 | Keep=50.000 | TSim=0.994 | RoundTime=82.49s | TotalTime=9259.45s | Method=feddenoise_v3
[Round 089/096] Phase=stage_4 | Stage=3 | Acc=23.730 | StagePure=58.520 | CPrec=58.520 | CRec=58.520 | NPrec=58.520 | NRec=58.520 | Keep=50.000 | TSim=0.994 | RoundTime=82.88s | TotalTime=9342.34s | Method=feddenoise_v3
[Round 090/096] Phase=stage_4 | Stage=3 | Acc=23.690 | StagePure=58.520 | CPrec=58.520 | CRec=58.520 | NPrec=58.520 | NRec=58.520 | Keep=50.000 | TSim=0.994 | RoundTime=82.34s | TotalTime=9424.69s | Method=feddenoise_v3
[Round 091/096] Phase=stage_4 | Stage=3 | Acc=23.370 | StagePure=58.520 | CPrec=58.520 | CRec=58.520 | NPrec=58.520 | NRec=58.520 | Keep=50.000 | TSim=0.994 | RoundTime=79.53s | TotalTime=9504.23s | Method=feddenoise_v3
[Round 092/096] Phase=stage_4 | Stage=3 | Acc=23.200 | StagePure=58.520 | CPrec=58.520 | CRec=58.520 | NPrec=58.520 | NRec=58.520 | Keep=50.000 | TSim=0.994 | RoundTime=79.98s | TotalTime=9584.22s | Method=feddenoise_v3
[Round 093/096] Phase=stage_4 | Stage=3 | Acc=22.960 | StagePure=58.520 | CPrec=58.520 | CRec=58.520 | NPrec=58.520 | NRec=58.520 | Keep=50.000 | TSim=0.994 | RoundTime=80.15s | TotalTime=9664.38s | Method=feddenoise_v3
[Round 094/096] Phase=stage_4 | Stage=3 | Acc=23.020 | StagePure=58.520 | CPrec=58.520 | CRec=58.520 | NPrec=58.520 | NRec=58.520 | Keep=50.000 | TSim=0.994 | RoundTime=79.28s | TotalTime=9743.67s | Method=feddenoise_v3
[Round 095/096] Phase=stage_4 | Stage=3 | Acc=23.170 | StagePure=58.520 | CPrec=58.520 | CRec=58.520 | NPrec=58.520 | NRec=58.520 | Keep=50.000 | TSim=0.994 | RoundTime=77.93s | TotalTime=9821.62s | Method=feddenoise_v3
[Round 096/096] Phase=stage_4 | Stage=3 | Acc=23.120 | StagePure=58.520 | CPrec=58.520 | CRec=58.520 | NPrec=58.520 | NRec=58.520 | Keep=50.000 | TSim=0.994 | RoundTime=77.60s | TotalTime=9899.22s | Method=feddenoise_v3
========================================================================================================================
Training finished at: 2026-04-09 16:44:20
Total elapsed time: 9899.23s
Final Acc: 23.120
Best Acc : 24.730
Final StagePure: 58.520
Best StagePure : 58.520
========================================================================================================================
