[Launch] model=feddenoise_v3 | dataset=fl_cifar100 | clients=10 | rounds=96 | local_epoch=5 | batch_size=64 | noise_mode=uniform | noise_value=0.5
Files already downloaded and verified
Files already downloaded and verified
mean: 5000.0
std: 0.0
Data statistics: {0: {0: 82, 1: 44, 2: 25, 3: 62, 4: 25, 5: 40, 6: 69, 7: 118, 8: 91, 9: 23, 10: 30, 11: 189, 12: 34, 13: 58, 14: 34, 15: 64, 16: 29, 17: 50, 18: 50, 19: 37, 20: 49, 21: 54, 22: 34, 23: 42, 24: 86, 25: 29, 26: 48, 27: 113, 28: 94, 29: 115, 30: 95, 31: 27, 32: 29, 33: 44, 34: 63, 35: 28, 36: 34, 37: 26, 38: 38, 39: 25, 40: 45, 41: 44, 42: 101, 43: 39, 44: 109, 45: 36, 46: 24, 47: 28, 48: 21, 49: 49, 50: 53, 51: 22, 52: 35, 53: 107, 54: 85, 55: 42, 56: 22, 57: 25, 58: 101, 59: 72, 60: 70, 61: 37, 62: 103, 63: 24, 64: 40, 65: 56, 66: 36, 67: 57, 68: 24, 69: 41, 70: 24, 71: 52, 72: 40, 73: 43, 74: 80, 75: 25, 76: 36, 77: 21, 78: 36, 79: 75, 80: 25, 81: 35, 82: 26, 83: 30, 84: 174, 85: 88, 86: 29, 87: 54, 88: 31, 89: 37, 90: 21, 91: 33, 92: 30, 93: 24, 94: 25, 95: 32, 96: 32, 97: 20, 98: 22, 99: 25}, 1: {0: 47, 1: 31, 2: 40, 3: 37, 4: 81, 5: 36, 6: 41, 7: 58, 8: 37, 9: 75, 10: 74, 11: 39, 12: 85, 13: 36, 14: 43, 15: 44, 16: 23, 17: 36, 18: 50, 19: 85, 20: 41, 21: 27, 22: 32, 23: 49, 24: 38, 25: 77, 26: 70, 27: 111, 28: 45, 29: 35, 30: 66, 31: 55, 32: 31, 33: 74, 34: 70, 35: 34, 36: 23, 37: 161, 38: 100, 39: 108, 40: 78, 41: 26, 42: 37, 43: 22, 44: 33, 45: 30, 46: 268, 47: 34, 48: 89, 49: 28, 50: 25, 51: 29, 52: 50, 53: 27, 54: 43, 55: 50, 56: 27, 57: 21, 58: 28, 59: 29, 60: 22, 61: 32, 62: 64, 63: 42, 64: 29, 65: 34, 66: 20, 67: 60, 68: 92, 69: 85, 70: 27, 71: 26, 72: 25, 73: 41, 74: 31, 75: 59, 76: 34, 77: 56, 78: 30, 79: 106, 80: 26, 81: 124, 82: 38, 83: 33, 84: 23, 85: 33, 86: 41, 87: 24, 88: 23, 89: 144, 90: 44, 91: 34, 92: 29, 93: 40, 94: 92, 95: 25, 96: 17, 97: 22, 98: 23, 99: 31}, 2: {0: 47, 1: 21, 2: 97, 3: 24, 4: 107, 5: 37, 6: 26, 7: 43, 8: 40, 9: 26, 10: 194, 11: 41, 12: 45, 13: 27, 14: 37, 15: 43, 16: 25, 17: 48, 18: 55, 19: 86, 20: 36, 21: 27, 22: 18, 23: 119, 24: 32, 25: 42, 26: 26, 27: 31, 28: 26, 29: 48, 30: 24, 31: 60, 32: 89, 33: 24, 34: 53, 35: 147, 36: 47, 37: 61, 38: 50, 39: 25, 40: 36, 41: 85, 42: 29, 43: 42, 44: 28, 45: 17, 46: 18, 47: 39, 48: 62, 49: 17, 50: 101, 51: 114, 52: 27, 53: 37, 54: 38, 55: 82, 56: 27, 57: 76, 58: 122, 59: 53, 60: 38, 61: 28, 62: 27, 63: 109, 64: 65, 65: 94, 66: 27, 67: 26, 68: 24, 69: 97, 70: 39, 71: 32, 72: 22, 73: 31, 74: 93, 75: 31, 76: 69, 77: 30, 78: 36, 79: 49, 80: 61, 81: 31, 82: 130, 83: 35, 84: 28, 85: 23, 86: 34, 87: 75, 88: 35, 89: 32, 90: 43, 91: 26, 92: 77, 93: 124, 94: 39, 95: 24, 96: 26, 97: 32, 98: 21, 99: 33}, 3: {0: 50, 1: 23, 2: 40, 3: 60, 4: 30, 5: 116, 6: 25, 7: 71, 8: 25, 9: 102, 10: 32, 11: 28, 12: 29, 13: 28, 14: 21, 15: 33, 16: 29, 17: 41, 18: 23, 19: 42, 20: 34, 21: 34, 22: 50, 23: 32, 24: 41, 25: 33, 26: 72, 27: 42, 28: 38, 29: 37, 30: 58, 31: 48, 32: 19, 33: 88, 34: 39, 35: 28, 36: 53, 37: 39, 38: 25, 39: 27, 40: 69, 41: 29, 42: 29, 43: 46, 44: 32, 45: 58, 46: 27, 47: 36, 48: 36, 49: 34, 50: 43, 51: 49, 52: 72, 53: 45, 54: 52, 55: 25, 56: 60, 57: 26, 58: 48, 59: 87, 60: 32, 61: 37, 62: 32, 63: 55, 64: 92, 65: 62, 66: 27, 67: 38, 68: 57, 69: 32, 70: 56, 71: 28, 72: 28, 73: 30, 74: 30, 75: 46, 76: 46, 77: 60, 78: 24, 79: 23, 80: 100, 81: 51, 82: 32, 83: 69, 84: 49, 85: 33, 86: 56, 87: 71, 88: 34, 89: 30, 90: 35, 91: 75, 92: 113, 93: 64, 94: 54, 95: 134, 96: 98, 97: 158, 98: 228, 99: 93}, 4: {0: 46, 1: 35, 2: 56, 3: 51, 4: 21, 5: 57, 6: 40, 7: 63, 8: 61, 9: 34, 10: 28, 11: 45, 12: 36, 13: 105, 14: 45, 15: 37, 16: 45, 17: 23, 18: 31, 19: 25, 20: 29, 21: 40, 22: 54, 23: 27, 24: 117, 25: 60, 26: 30, 27: 29, 28: 52, 29: 22, 30: 50, 31: 168, 32: 46, 33: 39, 34: 78, 35: 27, 36: 22, 37: 37, 38: 49, 39: 68, 40: 43, 41: 132, 42: 84, 43: 109, 44: 73, 45: 59, 46: 25, 47: 34, 48: 97, 49: 96, 50: 33, 51: 24, 52: 24, 53: 24, 54: 24, 55: 27, 56: 197, 57: 27, 58: 24, 59: 110, 60: 89, 61: 65, 62: 33, 63: 24, 64: 23, 65: 39, 66: 149, 67: 20, 68: 30, 69: 63, 70: 34, 71: 46, 72: 26, 73: 81, 74: 30, 75: 107, 76: 46, 77: 21, 78: 26, 79: 27, 80: 35, 81: 73, 82: 26, 83: 152, 84: 48, 85: 28, 86: 46, 87: 37, 88: 28, 89: 22, 90: 106, 91: 20, 92: 32, 93: 23, 94: 34, 95: 30, 96: 29, 97: 23, 98: 14, 99: 21}, 5: {0: 26, 1: 99, 2: 61, 3: 16, 4: 36, 5: 85, 6: 49, 7: 27, 8: 40, 9: 30, 10: 24, 11: 21, 12: 138, 13: 30, 14: 33, 15: 57, 16: 95, 17: 22, 18: 44, 19: 38, 20: 42, 21: 36, 22: 125, 23: 57, 24: 31, 25: 94, 26: 77, 27: 30, 28: 30, 29: 34, 30: 58, 31: 32, 32: 36, 33: 24, 34: 30, 35: 26, 36: 42, 37: 58, 38: 20, 39: 47, 40: 70, 41: 31, 42: 34, 43: 24, 44: 54, 45: 113, 46: 23, 47: 27, 48: 31, 49: 91, 50: 107, 51: 35, 52: 61, 53: 103, 54: 98, 55: 18, 56: 32, 57: 76, 58: 35, 59: 29, 60: 28, 61: 105, 62: 36, 63: 40, 64: 127, 65: 36, 66: 130, 67: 24, 68: 32, 69: 24, 70: 28, 71: 118, 72: 130, 73: 24, 74: 32, 75: 73, 76: 69, 77: 39, 78: 46, 79: 55, 80: 50, 81: 69, 82: 38, 83: 44, 84: 31, 85: 31, 86: 46, 87: 67, 88: 31, 89: 63, 90: 106, 91: 22, 92: 25, 93: 22, 94: 28, 95: 27, 96: 25, 97: 37, 98: 26, 99: 24}, 6: {0: 37, 1: 19, 2: 22, 3: 89, 4: 35, 5: 20, 6: 56, 7: 33, 8: 40, 9: 95, 10: 42, 11: 31, 12: 23, 13: 68, 14: 30, 15: 25, 16: 37, 17: 21, 18: 113, 19: 24, 20: 123, 21: 28, 22: 25, 23: 24, 24: 36, 25: 45, 26: 26, 27: 70, 28: 36, 29: 28, 30: 36, 31: 28, 32: 25, 33: 25, 34: 27, 35: 89, 36: 41, 37: 23, 38: 94, 39: 26, 40: 83, 41: 25, 42: 55, 43: 29, 44: 32, 45: 26, 46: 19, 47: 73, 48: 76, 49: 51, 50: 35, 51: 21, 52: 95, 53: 32, 54: 26, 55: 26, 56: 33, 57: 82, 58: 35, 59: 29, 60: 55, 61: 86, 62: 26, 63: 35, 64: 49, 65: 29, 66: 18, 67: 104, 68: 33, 69: 25, 70: 22, 71: 87, 72: 49, 73: 34, 74: 26, 75: 33, 76: 33, 77: 50, 78: 24, 79: 82, 80: 49, 81: 30, 82: 24, 83: 29, 84: 64, 85: 67, 86: 62, 87: 55, 88: 26, 89: 23, 90: 21, 91: 68, 92: 67, 93: 31, 94: 196, 95: 97, 96: 188, 97: 148, 98: 66, 99: 191}, 7: {0: 28, 1: 64, 2: 30, 3: 23, 4: 22, 5: 36, 6: 41, 7: 58, 8: 25, 9: 68, 10: 31, 11: 28, 12: 24, 13: 104, 14: 61, 15: 23, 16: 71, 17: 17, 18: 31, 19: 83, 20: 67, 21: 201, 22: 86, 23: 23, 24: 56, 25: 54, 26: 27, 27: 24, 28: 53, 29: 83, 30: 30, 31: 32, 32: 160, 33: 90, 34: 57, 35: 29, 36: 105, 37: 32, 38: 47, 39: 45, 40: 40, 41: 23, 42: 50, 43: 27, 44: 60, 45: 23, 46: 28, 47: 65, 48: 29, 49: 78, 50: 42, 51: 46, 52: 74, 53: 27, 54: 35, 55: 31, 56: 28, 57: 34, 58: 33, 59: 24, 60: 122, 61: 52, 62: 32, 63: 26, 64: 22, 65: 23, 66: 35, 67: 62, 68: 57, 69: 29, 70: 53, 71: 71, 72: 21, 73: 148, 74: 25, 75: 32, 76: 49, 77: 40, 78: 60, 79: 38, 80: 27, 81: 34, 82: 110, 83: 39, 84: 27, 85: 43, 86: 79, 87: 79, 88: 195, 89: 27, 90: 32, 91: 122, 92: 42, 93: 39, 94: 24, 95: 23, 96: 27, 97: 16, 98: 28, 99: 24}, 8: {0: 47, 1: 75, 2: 40, 3: 25, 4: 76, 5: 60, 6: 123, 7: 49, 8: 90, 9: 16, 10: 27, 11: 81, 12: 42, 13: 39, 14: 36, 15: 163, 16: 110, 17: 56, 18: 28, 19: 43, 20: 18, 21: 36, 22: 59, 23: 59, 24: 26, 25: 26, 26: 67, 27: 24, 28: 47, 29: 60, 30: 27, 31: 23, 32: 30, 33: 20, 34: 62, 35: 49, 36: 72, 37: 49, 38: 35, 39: 64, 40: 26, 41: 39, 42: 38, 43: 94, 44: 36, 45: 52, 46: 32, 47: 76, 48: 24, 49: 18, 50: 39, 51: 112, 52: 30, 53: 28, 54: 43, 55: 135, 56: 40, 57: 41, 58: 76, 59: 25, 60: 24, 61: 16, 62: 26, 63: 41, 64: 54, 65: 50, 66: 19, 67: 26, 68: 46, 69: 34, 70: 108, 71: 24, 72: 104, 73: 25, 74: 138, 75: 44, 76: 30, 77: 55, 78: 197, 79: 24, 80: 64, 81: 27, 82: 49, 83: 41, 84: 38, 85: 125, 86: 32, 87: 33, 88: 34, 89: 47, 90: 38, 91: 52, 92: 43, 93: 71, 94: 22, 95: 19, 96: 29, 97: 17, 98: 23, 99: 28}, 9: {0: 105, 1: 75, 2: 93, 3: 78, 4: 21, 5: 19, 6: 25, 7: 21, 8: 58, 9: 60, 10: 19, 11: 26, 12: 78, 13: 28, 14: 159, 15: 35, 16: 46, 17: 144, 18: 80, 19: 45, 20: 41, 21: 30, 22: 27, 23: 57, 24: 49, 25: 28, 26: 37, 27: 35, 28: 47, 29: 37, 30: 49, 31: 24, 32: 47, 33: 44, 34: 39, 35: 46, 36: 61, 37: 34, 38: 25, 39: 35, 40: 51, 41: 36, 42: 36, 43: 79, 44: 49, 45: 72, 46: 27, 47: 112, 48: 26, 49: 40, 50: 61, 51: 58, 52: 33, 53: 85, 54: 32, 55: 72, 56: 27, 57: 92, 58: 22, 59: 24, 60: 29, 61: 68, 62: 158, 63: 77, 64: 19, 65: 75, 66: 26, 67: 26, 68: 103, 69: 78, 70: 101, 71: 42, 72: 53, 73: 47, 74: 24, 75: 23, 76: 83, 77: 122, 78: 31, 79: 24, 80: 45, 81: 30, 82: 36, 83: 33, 84: 34, 85: 28, 86: 87, 87: 30, 88: 76, 89: 23, 90: 34, 91: 24, 92: 29, 93: 47, 94: 28, 95: 61, 96: 27, 97: 28, 98: 25, 99: 25}}
========================================================================================================================
Training started at: 2026-04-09 13:59:56
Result directory: results/fl_cifar100/feddenoise_v3/pm-dir_a-0.5_nm-uni_nr-0.5_nt-symmetric_wr-20_sr-19_ts-4,3,2,1_tss-random_tsim-full_model_cosine_wm-full_model_dr-0.15_drs-0.1,0.3,0.4,0.5
Result txt file : results/fl_cifar100/feddenoise_v3/pm-dir_a-0.5_nm-uni_nr-0.5_nt-symmetric_wr-20_sr-19_ts-4,3,2,1_tss-random_tsim-full_model_cosine_wm-full_model_dr-0.15_drs-0.1,0.3,0.4,0.5/feddenoise_v3_fl_cifar100_20260409-135956-209180_pid4020469.txt
Result log file : results/fl_cifar100/feddenoise_v3/pm-dir_a-0.5_nm-uni_nr-0.5_nt-symmetric_wr-20_sr-19_ts-4,3,2,1_tss-random_tsim-full_model_cosine_wm-full_model_dr-0.15_drs-0.1,0.3,0.4,0.5/feddenoise_v3_fl_cifar100_20260409-135956-209180_pid4020469.log
------------------------------------------------------------------------------------------------------------------------
Model: feddenoise_v3
Dataset: fl_cifar100
Structure: homogeneity
Participants: 10
Online ratio: 1.0
Communication epochs: 96
Local epoch: 5
Local batch size: 64
Local lr: 0.1
Partition mode: dirichlet
Dirichlet alpha: 0.5
Noise mode: uniform
Noise rate: 0.5
Noise type: symmetric
Noise max: 0.3
Averaging: weight
Seed: 0
Warmup round: 20
Stage round: 19
Teacher schedule: 4,3,2,1
Teacher select strategy: random
Teacher similarity: full_model_cosine
Teacher score mode: teacher_mean
Warmup mode: full_model
Drop rate: 0.15
Drop rate schedule: 0.1,0.3,0.4,0.5
Exclude self teacher: True
========================================================================================================================
Backbone: NoiseFLCNN NoiseFLCNN
[Round 001/096] Phase=warmup | Stage=warmup | Acc=1.000 | RoundTime=125.19s | TotalTime=125.20s | Method=feddenoise_v3
[Round 002/096] Phase=warmup | Stage=warmup | Acc=1.580 | RoundTime=126.69s | TotalTime=251.89s | Method=feddenoise_v3
[Round 003/096] Phase=warmup | Stage=warmup | Acc=6.440 | RoundTime=126.36s | TotalTime=378.26s | Method=feddenoise_v3
[Round 004/096] Phase=warmup | Stage=warmup | Acc=10.520 | RoundTime=128.91s | TotalTime=507.18s | Method=feddenoise_v3
[Round 005/096] Phase=warmup | Stage=warmup | Acc=13.630 | RoundTime=127.06s | TotalTime=634.25s | Method=feddenoise_v3
[Round 006/096] Phase=warmup | Stage=warmup | Acc=16.080 | RoundTime=127.53s | TotalTime=761.78s | Method=feddenoise_v3
[Round 007/096] Phase=warmup | Stage=warmup | Acc=17.890 | RoundTime=126.76s | TotalTime=888.55s | Method=feddenoise_v3
[Round 008/096] Phase=warmup | Stage=warmup | Acc=19.960 | RoundTime=126.28s | TotalTime=1014.84s | Method=feddenoise_v3
[Round 009/096] Phase=warmup | Stage=warmup | Acc=21.440 | RoundTime=127.78s | TotalTime=1142.64s | Method=feddenoise_v3
[Round 010/096] Phase=warmup | Stage=warmup | Acc=22.840 | RoundTime=126.34s | TotalTime=1268.98s | Method=feddenoise_v3
[Round 011/096] Phase=warmup | Stage=warmup | Acc=24.420 | RoundTime=126.88s | TotalTime=1395.86s | Method=feddenoise_v3
[Round 012/096] Phase=warmup | Stage=warmup | Acc=25.750 | RoundTime=127.10s | TotalTime=1522.97s | Method=feddenoise_v3
[Round 013/096] Phase=warmup | Stage=warmup | Acc=26.400 | RoundTime=125.98s | TotalTime=1648.95s | Method=feddenoise_v3
[Round 014/096] Phase=warmup | Stage=warmup | Acc=27.690 | RoundTime=128.71s | TotalTime=1777.67s | Method=feddenoise_v3
[Round 015/096] Phase=warmup | Stage=warmup | Acc=28.490 | RoundTime=126.57s | TotalTime=1904.25s | Method=feddenoise_v3
[Round 016/096] Phase=warmup | Stage=warmup | Acc=29.560 | RoundTime=127.48s | TotalTime=2031.73s | Method=feddenoise_v3
[Round 017/096] Phase=warmup | Stage=warmup | Acc=29.820 | RoundTime=128.10s | TotalTime=2159.84s | Method=feddenoise_v3
[Round 018/096] Phase=warmup | Stage=warmup | Acc=30.330 | RoundTime=126.22s | TotalTime=2286.07s | Method=feddenoise_v3
[Round 019/096] Phase=warmup | Stage=warmup | Acc=30.840 | RoundTime=128.38s | TotalTime=2414.46s | Method=feddenoise_v3

[Teacher Selection] Building clean subsets for stage 1 ...
[Stage 1] Client 0: teachers=[3, 5, 4, 7], avg_teacher_sim=0.9876, selected=4500
[Stage 1] Client 1: teachers=[5, 3, 9, 0], avg_teacher_sim=0.9888, selected=4500
[Stage 1] Client 2: teachers=[3, 5, 1, 4], avg_teacher_sim=0.9888, selected=4500
[Stage 1] Client 3: teachers=[8, 0, 2, 5], avg_teacher_sim=0.9882, selected=4500
[Stage 1] Client 4: teachers=[1, 7, 5, 8], avg_teacher_sim=0.9881, selected=4500
[Stage 1] Client 5: teachers=[1, 2, 4, 0], avg_teacher_sim=0.9883, selected=4500
[Stage 1] Client 6: teachers=[1, 2, 0, 8], avg_teacher_sim=0.9889, selected=4500
[Stage 1] Client 7: teachers=[0, 2, 6, 8], avg_teacher_sim=0.9889, selected=4500
[Stage 1] Client 8: teachers=[4, 0, 2, 9], avg_teacher_sim=0.9882, selected=4500
[Stage 1] Client 9: teachers=[0, 7, 5, 6], avg_teacher_sim=0.9892, selected=4500
[Stage 1] Selection summary | clean_precision=54.30 | clean_recall=97.74 | noisy_precision=88.72 | noisy_recall=17.74 | keep_ratio=90.00 | avg_teacher_similarity=0.9885
[Round 020/096] Phase=warmup | Stage=warmup | Acc=30.980 | RoundTime=157.01s | TotalTime=2571.47s | Method=feddenoise_v3
[Round 021/096] Phase=stage_1 | Stage=0 | Acc=31.740 | StagePure=54.302 | CPrec=54.302 | CRec=97.744 | NPrec=88.720 | NRec=17.744 | Keep=90.000 | TSim=0.988 | RoundTime=119.27s | TotalTime=2690.75s | Method=feddenoise_v3
[Round 022/096] Phase=stage_1 | Stage=0 | Acc=31.850 | StagePure=54.302 | CPrec=54.302 | CRec=97.744 | NPrec=88.720 | NRec=17.744 | Keep=90.000 | TSim=0.988 | RoundTime=119.57s | TotalTime=2810.33s | Method=feddenoise_v3
[Round 023/096] Phase=stage_1 | Stage=0 | Acc=32.620 | StagePure=54.302 | CPrec=54.302 | CRec=97.744 | NPrec=88.720 | NRec=17.744 | Keep=90.000 | TSim=0.988 | RoundTime=118.32s | TotalTime=2928.65s | Method=feddenoise_v3
[Round 024/096] Phase=stage_1 | Stage=0 | Acc=32.410 | StagePure=54.302 | CPrec=54.302 | CRec=97.744 | NPrec=88.720 | NRec=17.744 | Keep=90.000 | TSim=0.988 | RoundTime=122.05s | TotalTime=3050.71s | Method=feddenoise_v3
[Round 025/096] Phase=stage_1 | Stage=0 | Acc=32.600 | StagePure=54.302 | CPrec=54.302 | CRec=97.744 | NPrec=88.720 | NRec=17.744 | Keep=90.000 | TSim=0.988 | RoundTime=120.17s | TotalTime=3170.89s | Method=feddenoise_v3
[Round 026/096] Phase=stage_1 | Stage=0 | Acc=32.880 | StagePure=54.302 | CPrec=54.302 | CRec=97.744 | NPrec=88.720 | NRec=17.744 | Keep=90.000 | TSim=0.988 | RoundTime=118.55s | TotalTime=3289.45s | Method=feddenoise_v3
[Round 027/096] Phase=stage_1 | Stage=0 | Acc=32.570 | StagePure=54.302 | CPrec=54.302 | CRec=97.744 | NPrec=88.720 | NRec=17.744 | Keep=90.000 | TSim=0.988 | RoundTime=119.38s | TotalTime=3408.83s | Method=feddenoise_v3
[Round 028/096] Phase=stage_1 | Stage=0 | Acc=32.930 | StagePure=54.302 | CPrec=54.302 | CRec=97.744 | NPrec=88.720 | NRec=17.744 | Keep=90.000 | TSim=0.988 | RoundTime=118.61s | TotalTime=3527.45s | Method=feddenoise_v3
[Round 029/096] Phase=stage_1 | Stage=0 | Acc=32.860 | StagePure=54.302 | CPrec=54.302 | CRec=97.744 | NPrec=88.720 | NRec=17.744 | Keep=90.000 | TSim=0.988 | RoundTime=118.35s | TotalTime=3645.80s | Method=feddenoise_v3
[Round 030/096] Phase=stage_1 | Stage=0 | Acc=32.660 | StagePure=54.302 | CPrec=54.302 | CRec=97.744 | NPrec=88.720 | NRec=17.744 | Keep=90.000 | TSim=0.988 | RoundTime=119.37s | TotalTime=3765.18s | Method=feddenoise_v3
[Round 031/096] Phase=stage_1 | Stage=0 | Acc=32.980 | StagePure=54.302 | CPrec=54.302 | CRec=97.744 | NPrec=88.720 | NRec=17.744 | Keep=90.000 | TSim=0.988 | RoundTime=118.26s | TotalTime=3883.45s | Method=feddenoise_v3
[Round 032/096] Phase=stage_1 | Stage=0 | Acc=32.030 | StagePure=54.302 | CPrec=54.302 | CRec=97.744 | NPrec=88.720 | NRec=17.744 | Keep=90.000 | TSim=0.988 | RoundTime=120.00s | TotalTime=4003.45s | Method=feddenoise_v3
[Round 033/096] Phase=stage_1 | Stage=0 | Acc=32.200 | StagePure=54.302 | CPrec=54.302 | CRec=97.744 | NPrec=88.720 | NRec=17.744 | Keep=90.000 | TSim=0.988 | RoundTime=118.33s | TotalTime=4121.80s | Method=feddenoise_v3
[Round 034/096] Phase=stage_1 | Stage=0 | Acc=32.560 | StagePure=54.302 | CPrec=54.302 | CRec=97.744 | NPrec=88.720 | NRec=17.744 | Keep=90.000 | TSim=0.988 | RoundTime=119.64s | TotalTime=4241.44s | Method=feddenoise_v3
[Round 035/096] Phase=stage_1 | Stage=0 | Acc=31.790 | StagePure=54.302 | CPrec=54.302 | CRec=97.744 | NPrec=88.720 | NRec=17.744 | Keep=90.000 | TSim=0.988 | RoundTime=119.35s | TotalTime=4360.80s | Method=feddenoise_v3
[Round 036/096] Phase=stage_1 | Stage=0 | Acc=32.240 | StagePure=54.302 | CPrec=54.302 | CRec=97.744 | NPrec=88.720 | NRec=17.744 | Keep=90.000 | TSim=0.988 | RoundTime=120.24s | TotalTime=4481.06s | Method=feddenoise_v3
[Round 037/096] Phase=stage_1 | Stage=0 | Acc=31.930 | StagePure=54.302 | CPrec=54.302 | CRec=97.744 | NPrec=88.720 | NRec=17.744 | Keep=90.000 | TSim=0.988 | RoundTime=118.50s | TotalTime=4599.57s | Method=feddenoise_v3
[Round 038/096] Phase=stage_1 | Stage=0 | Acc=31.750 | StagePure=54.302 | CPrec=54.302 | CRec=97.744 | NPrec=88.720 | NRec=17.744 | Keep=90.000 | TSim=0.988 | RoundTime=118.59s | TotalTime=4718.16s | Method=feddenoise_v3

[Teacher Selection] Building clean subsets for stage 2 ...
[Stage 2] Client 0: teachers=[4, 9, 2], avg_teacher_sim=0.9931, selected=3500
[Stage 2] Client 1: teachers=[0, 3, 9], avg_teacher_sim=0.9936, selected=3500
[Stage 2] Client 2: teachers=[7, 0, 3], avg_teacher_sim=0.9935, selected=3500
[Stage 2] Client 3: teachers=[2, 9, 8], avg_teacher_sim=0.9929, selected=3500
[Stage 2] Client 4: teachers=[3, 9, 2], avg_teacher_sim=0.9920, selected=3500
[Stage 2] Client 5: teachers=[6, 0, 1], avg_teacher_sim=0.9937, selected=3500
[Stage 2] Client 6: teachers=[0, 7, 8], avg_teacher_sim=0.9933, selected=3500
[Stage 2] Client 7: teachers=[5, 9, 0], avg_teacher_sim=0.9927, selected=3500
[Stage 2] Client 8: teachers=[6, 0, 1], avg_teacher_sim=0.9925, selected=3500
[Stage 2] Client 9: teachers=[3, 5, 8], avg_teacher_sim=0.9915, selected=3500
[Stage 2] Selection summary | clean_precision=61.72 | clean_recall=86.41 | noisy_precision=77.35 | noisy_recall=46.41 | keep_ratio=70.00 | avg_teacher_similarity=0.9929
[Round 039/096] Phase=stage_1 | Stage=0 | Acc=31.900 | StagePure=54.302 | CPrec=54.302 | CRec=97.744 | NPrec=88.720 | NRec=17.744 | Keep=90.000 | TSim=0.988 | RoundTime=139.66s | TotalTime=4857.83s | Method=feddenoise_v3
[Round 040/096] Phase=stage_2 | Stage=1 | Acc=33.630 | StagePure=61.720 | CPrec=61.720 | CRec=86.408 | NPrec=77.347 | NRec=46.408 | Keep=70.000 | TSim=0.993 | RoundTime=96.46s | TotalTime=4954.30s | Method=feddenoise_v3
[Round 041/096] Phase=stage_2 | Stage=1 | Acc=33.750 | StagePure=61.720 | CPrec=61.720 | CRec=86.408 | NPrec=77.347 | NRec=46.408 | Keep=70.000 | TSim=0.993 | RoundTime=94.62s | TotalTime=5048.93s | Method=feddenoise_v3
[Round 042/096] Phase=stage_2 | Stage=1 | Acc=33.880 | StagePure=61.720 | CPrec=61.720 | CRec=86.408 | NPrec=77.347 | NRec=46.408 | Keep=70.000 | TSim=0.993 | RoundTime=95.95s | TotalTime=5144.88s | Method=feddenoise_v3
[Round 043/096] Phase=stage_2 | Stage=1 | Acc=34.060 | StagePure=61.720 | CPrec=61.720 | CRec=86.408 | NPrec=77.347 | NRec=46.408 | Keep=70.000 | TSim=0.993 | RoundTime=98.72s | TotalTime=5243.61s | Method=feddenoise_v3
[Round 044/096] Phase=stage_2 | Stage=1 | Acc=34.240 | StagePure=61.720 | CPrec=61.720 | CRec=86.408 | NPrec=77.347 | NRec=46.408 | Keep=70.000 | TSim=0.993 | RoundTime=95.78s | TotalTime=5339.40s | Method=feddenoise_v3
[Round 045/096] Phase=stage_2 | Stage=1 | Acc=34.440 | StagePure=61.720 | CPrec=61.720 | CRec=86.408 | NPrec=77.347 | NRec=46.408 | Keep=70.000 | TSim=0.993 | RoundTime=96.46s | TotalTime=5435.87s | Method=feddenoise_v3
[Round 046/096] Phase=stage_2 | Stage=1 | Acc=33.820 | StagePure=61.720 | CPrec=61.720 | CRec=86.408 | NPrec=77.347 | NRec=46.408 | Keep=70.000 | TSim=0.993 | RoundTime=97.58s | TotalTime=5533.46s | Method=feddenoise_v3
[Round 047/096] Phase=stage_2 | Stage=1 | Acc=33.820 | StagePure=61.720 | CPrec=61.720 | CRec=86.408 | NPrec=77.347 | NRec=46.408 | Keep=70.000 | TSim=0.993 | RoundTime=95.08s | TotalTime=5628.55s | Method=feddenoise_v3
[Round 048/096] Phase=stage_2 | Stage=1 | Acc=33.240 | StagePure=61.720 | CPrec=61.720 | CRec=86.408 | NPrec=77.347 | NRec=46.408 | Keep=70.000 | TSim=0.993 | RoundTime=98.48s | TotalTime=5727.04s | Method=feddenoise_v3
[Round 049/096] Phase=stage_2 | Stage=1 | Acc=33.540 | StagePure=61.720 | CPrec=61.720 | CRec=86.408 | NPrec=77.347 | NRec=46.408 | Keep=70.000 | TSim=0.993 | RoundTime=96.17s | TotalTime=5823.21s | Method=feddenoise_v3
[Round 050/096] Phase=stage_2 | Stage=1 | Acc=33.670 | StagePure=61.720 | CPrec=61.720 | CRec=86.408 | NPrec=77.347 | NRec=46.408 | Keep=70.000 | TSim=0.993 | RoundTime=94.39s | TotalTime=5917.61s | Method=feddenoise_v3
[Round 051/096] Phase=stage_2 | Stage=1 | Acc=33.230 | StagePure=61.720 | CPrec=61.720 | CRec=86.408 | NPrec=77.347 | NRec=46.408 | Keep=70.000 | TSim=0.993 | RoundTime=95.67s | TotalTime=6013.29s | Method=feddenoise_v3
[Round 052/096] Phase=stage_2 | Stage=1 | Acc=33.410 | StagePure=61.720 | CPrec=61.720 | CRec=86.408 | NPrec=77.347 | NRec=46.408 | Keep=70.000 | TSim=0.993 | RoundTime=94.31s | TotalTime=6107.61s | Method=feddenoise_v3
[Round 053/096] Phase=stage_2 | Stage=1 | Acc=33.430 | StagePure=61.720 | CPrec=61.720 | CRec=86.408 | NPrec=77.347 | NRec=46.408 | Keep=70.000 | TSim=0.993 | RoundTime=96.70s | TotalTime=6204.31s | Method=feddenoise_v3
[Round 054/096] Phase=stage_2 | Stage=1 | Acc=33.480 | StagePure=61.720 | CPrec=61.720 | CRec=86.408 | NPrec=77.347 | NRec=46.408 | Keep=70.000 | TSim=0.993 | RoundTime=95.09s | TotalTime=6299.42s | Method=feddenoise_v3
[Round 055/096] Phase=stage_2 | Stage=1 | Acc=33.420 | StagePure=61.720 | CPrec=61.720 | CRec=86.408 | NPrec=77.347 | NRec=46.408 | Keep=70.000 | TSim=0.993 | RoundTime=95.53s | TotalTime=6394.95s | Method=feddenoise_v3
[Round 056/096] Phase=stage_2 | Stage=1 | Acc=33.800 | StagePure=61.720 | CPrec=61.720 | CRec=86.408 | NPrec=77.347 | NRec=46.408 | Keep=70.000 | TSim=0.993 | RoundTime=98.03s | TotalTime=6492.99s | Method=feddenoise_v3
[Round 057/096] Phase=stage_2 | Stage=1 | Acc=33.190 | StagePure=61.720 | CPrec=61.720 | CRec=86.408 | NPrec=77.347 | NRec=46.408 | Keep=70.000 | TSim=0.993 | RoundTime=98.53s | TotalTime=6591.53s | Method=feddenoise_v3

[Teacher Selection] Building clean subsets for stage 3 ...
[Stage 3] Client 0: teachers=[9, 5], avg_teacher_sim=0.9942, selected=3000
[Stage 3] Client 1: teachers=[7, 8], avg_teacher_sim=0.9942, selected=3000
[Stage 3] Client 2: teachers=[0, 7], avg_teacher_sim=0.9950, selected=3000
[Stage 3] Client 3: teachers=[6, 9], avg_teacher_sim=0.9943, selected=3000
[Stage 3] Client 4: teachers=[9, 6], avg_teacher_sim=0.9946, selected=3000
[Stage 3] Client 5: teachers=[3, 6], avg_teacher_sim=0.9939, selected=3000
[Stage 3] Client 6: teachers=[2, 7], avg_teacher_sim=0.9944, selected=3000
[Stage 3] Client 7: teachers=[9, 4], avg_teacher_sim=0.9948, selected=3000
[Stage 3] Client 8: teachers=[6, 5], avg_teacher_sim=0.9938, selected=3000
[Stage 3] Client 9: teachers=[5, 1], avg_teacher_sim=0.9945, selected=3000
[Stage 3] Selection summary | clean_precision=66.29 | clean_recall=79.55 | noisy_precision=74.44 | noisy_recall=59.55 | keep_ratio=60.00 | avg_teacher_similarity=0.9944
[Round 058/096] Phase=stage_2 | Stage=1 | Acc=33.350 | StagePure=61.720 | CPrec=61.720 | CRec=86.408 | NPrec=77.347 | NRec=46.408 | Keep=70.000 | TSim=0.993 | RoundTime=111.90s | TotalTime=6703.44s | Method=feddenoise_v3
[Round 059/096] Phase=stage_3 | Stage=2 | Acc=34.540 | StagePure=66.293 | CPrec=66.293 | CRec=79.552 | NPrec=74.440 | NRec=59.552 | Keep=60.000 | TSim=0.994 | RoundTime=88.71s | TotalTime=6792.15s | Method=feddenoise_v3
[Round 060/096] Phase=stage_3 | Stage=2 | Acc=34.690 | StagePure=66.293 | CPrec=66.293 | CRec=79.552 | NPrec=74.440 | NRec=59.552 | Keep=60.000 | TSim=0.994 | RoundTime=86.58s | TotalTime=6878.74s | Method=feddenoise_v3
[Round 061/096] Phase=stage_3 | Stage=2 | Acc=34.970 | StagePure=66.293 | CPrec=66.293 | CRec=79.552 | NPrec=74.440 | NRec=59.552 | Keep=60.000 | TSim=0.994 | RoundTime=89.59s | TotalTime=6968.34s | Method=feddenoise_v3
[Round 062/096] Phase=stage_3 | Stage=2 | Acc=34.920 | StagePure=66.293 | CPrec=66.293 | CRec=79.552 | NPrec=74.440 | NRec=59.552 | Keep=60.000 | TSim=0.994 | RoundTime=88.35s | TotalTime=7056.70s | Method=feddenoise_v3
[Round 063/096] Phase=stage_3 | Stage=2 | Acc=35.120 | StagePure=66.293 | CPrec=66.293 | CRec=79.552 | NPrec=74.440 | NRec=59.552 | Keep=60.000 | TSim=0.994 | RoundTime=87.54s | TotalTime=7144.25s | Method=feddenoise_v3
[Round 064/096] Phase=stage_3 | Stage=2 | Acc=35.350 | StagePure=66.293 | CPrec=66.293 | CRec=79.552 | NPrec=74.440 | NRec=59.552 | Keep=60.000 | TSim=0.994 | RoundTime=88.13s | TotalTime=7232.38s | Method=feddenoise_v3
[Round 065/096] Phase=stage_3 | Stage=2 | Acc=35.280 | StagePure=66.293 | CPrec=66.293 | CRec=79.552 | NPrec=74.440 | NRec=59.552 | Keep=60.000 | TSim=0.994 | RoundTime=89.24s | TotalTime=7321.64s | Method=feddenoise_v3
[Round 066/096] Phase=stage_3 | Stage=2 | Acc=35.460 | StagePure=66.293 | CPrec=66.293 | CRec=79.552 | NPrec=74.440 | NRec=59.552 | Keep=60.000 | TSim=0.994 | RoundTime=88.99s | TotalTime=7410.64s | Method=feddenoise_v3
[Round 067/096] Phase=stage_3 | Stage=2 | Acc=35.590 | StagePure=66.293 | CPrec=66.293 | CRec=79.552 | NPrec=74.440 | NRec=59.552 | Keep=60.000 | TSim=0.994 | RoundTime=86.31s | TotalTime=7496.96s | Method=feddenoise_v3
[Round 068/096] Phase=stage_3 | Stage=2 | Acc=35.520 | StagePure=66.293 | CPrec=66.293 | CRec=79.552 | NPrec=74.440 | NRec=59.552 | Keep=60.000 | TSim=0.994 | RoundTime=87.70s | TotalTime=7584.67s | Method=feddenoise_v3
[Round 069/096] Phase=stage_3 | Stage=2 | Acc=35.490 | StagePure=66.293 | CPrec=66.293 | CRec=79.552 | NPrec=74.440 | NRec=59.552 | Keep=60.000 | TSim=0.994 | RoundTime=87.39s | TotalTime=7672.07s | Method=feddenoise_v3
[Round 070/096] Phase=stage_3 | Stage=2 | Acc=35.520 | StagePure=66.293 | CPrec=66.293 | CRec=79.552 | NPrec=74.440 | NRec=59.552 | Keep=60.000 | TSim=0.994 | RoundTime=87.95s | TotalTime=7760.03s | Method=feddenoise_v3
[Round 071/096] Phase=stage_3 | Stage=2 | Acc=34.770 | StagePure=66.293 | CPrec=66.293 | CRec=79.552 | NPrec=74.440 | NRec=59.552 | Keep=60.000 | TSim=0.994 | RoundTime=88.44s | TotalTime=7848.48s | Method=feddenoise_v3
[Round 072/096] Phase=stage_3 | Stage=2 | Acc=35.080 | StagePure=66.293 | CPrec=66.293 | CRec=79.552 | NPrec=74.440 | NRec=59.552 | Keep=60.000 | TSim=0.994 | RoundTime=85.85s | TotalTime=7934.38s | Method=feddenoise_v3
[Round 073/096] Phase=stage_3 | Stage=2 | Acc=34.840 | StagePure=66.293 | CPrec=66.293 | CRec=79.552 | NPrec=74.440 | NRec=59.552 | Keep=60.000 | TSim=0.994 | RoundTime=87.32s | TotalTime=8021.71s | Method=feddenoise_v3
[Round 074/096] Phase=stage_3 | Stage=2 | Acc=35.160 | StagePure=66.293 | CPrec=66.293 | CRec=79.552 | NPrec=74.440 | NRec=59.552 | Keep=60.000 | TSim=0.994 | RoundTime=86.27s | TotalTime=8107.99s | Method=feddenoise_v3
[Round 075/096] Phase=stage_3 | Stage=2 | Acc=35.260 | StagePure=66.293 | CPrec=66.293 | CRec=79.552 | NPrec=74.440 | NRec=59.552 | Keep=60.000 | TSim=0.994 | RoundTime=86.19s | TotalTime=8194.19s | Method=feddenoise_v3
[Round 076/096] Phase=stage_3 | Stage=2 | Acc=35.200 | StagePure=66.293 | CPrec=66.293 | CRec=79.552 | NPrec=74.440 | NRec=59.552 | Keep=60.000 | TSim=0.994 | RoundTime=86.04s | TotalTime=8280.24s | Method=feddenoise_v3

[Teacher Selection] Building clean subsets for stage 4 ...
[Stage 4] Client 0: teachers=[9], avg_teacher_sim=0.9952, selected=2500
[Stage 4] Client 1: teachers=[3], avg_teacher_sim=0.9948, selected=2500
[Stage 4] Client 2: teachers=[9], avg_teacher_sim=0.9944, selected=2500
[Stage 4] Client 3: teachers=[0], avg_teacher_sim=0.9950, selected=2500
[Stage 4] Client 4: teachers=[8], avg_teacher_sim=0.9944, selected=2500
[Stage 4] Client 5: teachers=[7], avg_teacher_sim=0.9941, selected=2500
[Stage 4] Client 6: teachers=[2], avg_teacher_sim=0.9931, selected=2500
[Stage 4] Client 7: teachers=[4], avg_teacher_sim=0.9943, selected=2500
[Stage 4] Client 8: teachers=[2], avg_teacher_sim=0.9947, selected=2500
[Stage 4] Client 9: teachers=[0], avg_teacher_sim=0.9952, selected=2500
[Stage 4] Selection summary | clean_precision=69.64 | clean_recall=69.64 | noisy_precision=69.64 | noisy_recall=69.64 | keep_ratio=50.00 | avg_teacher_similarity=0.9945
[Round 077/096] Phase=stage_3 | Stage=2 | Acc=34.910 | StagePure=66.293 | CPrec=66.293 | CRec=79.552 | NPrec=74.440 | NRec=59.552 | Keep=60.000 | TSim=0.994 | RoundTime=97.27s | TotalTime=8377.51s | Method=feddenoise_v3
[Round 078/096] Phase=stage_4 | Stage=3 | Acc=35.680 | StagePure=69.640 | CPrec=69.640 | CRec=69.640 | NPrec=69.640 | NRec=69.640 | Keep=50.000 | TSim=0.995 | RoundTime=80.28s | TotalTime=8457.80s | Method=feddenoise_v3
[Round 079/096] Phase=stage_4 | Stage=3 | Acc=36.450 | StagePure=69.640 | CPrec=69.640 | CRec=69.640 | NPrec=69.640 | NRec=69.640 | Keep=50.000 | TSim=0.995 | RoundTime=80.18s | TotalTime=8537.99s | Method=feddenoise_v3
[Round 080/096] Phase=stage_4 | Stage=3 | Acc=35.940 | StagePure=69.640 | CPrec=69.640 | CRec=69.640 | NPrec=69.640 | NRec=69.640 | Keep=50.000 | TSim=0.995 | RoundTime=79.74s | TotalTime=8617.75s | Method=feddenoise_v3
[Round 081/096] Phase=stage_4 | Stage=3 | Acc=36.210 | StagePure=69.640 | CPrec=69.640 | CRec=69.640 | NPrec=69.640 | NRec=69.640 | Keep=50.000 | TSim=0.995 | RoundTime=78.99s | TotalTime=8696.74s | Method=feddenoise_v3
[Round 082/096] Phase=stage_4 | Stage=3 | Acc=36.460 | StagePure=69.640 | CPrec=69.640 | CRec=69.640 | NPrec=69.640 | NRec=69.640 | Keep=50.000 | TSim=0.995 | RoundTime=80.50s | TotalTime=8777.25s | Method=feddenoise_v3
[Round 083/096] Phase=stage_4 | Stage=3 | Acc=36.520 | StagePure=69.640 | CPrec=69.640 | CRec=69.640 | NPrec=69.640 | NRec=69.640 | Keep=50.000 | TSim=0.995 | RoundTime=79.05s | TotalTime=8856.31s | Method=feddenoise_v3
[Round 084/096] Phase=stage_4 | Stage=3 | Acc=36.050 | StagePure=69.640 | CPrec=69.640 | CRec=69.640 | NPrec=69.640 | NRec=69.640 | Keep=50.000 | TSim=0.995 | RoundTime=82.18s | TotalTime=8938.50s | Method=feddenoise_v3
[Round 085/096] Phase=stage_4 | Stage=3 | Acc=36.440 | StagePure=69.640 | CPrec=69.640 | CRec=69.640 | NPrec=69.640 | NRec=69.640 | Keep=50.000 | TSim=0.995 | RoundTime=78.84s | TotalTime=9017.35s | Method=feddenoise_v3
[Round 086/096] Phase=stage_4 | Stage=3 | Acc=36.360 | StagePure=69.640 | CPrec=69.640 | CRec=69.640 | NPrec=69.640 | NRec=69.640 | Keep=50.000 | TSim=0.995 | RoundTime=79.22s | TotalTime=9096.58s | Method=feddenoise_v3
[Round 087/096] Phase=stage_4 | Stage=3 | Acc=36.400 | StagePure=69.640 | CPrec=69.640 | CRec=69.640 | NPrec=69.640 | NRec=69.640 | Keep=50.000 | TSim=0.995 | RoundTime=80.76s | TotalTime=9177.36s | Method=feddenoise_v3
[Round 088/096] Phase=stage_4 | Stage=3 | Acc=36.370 | StagePure=69.640 | CPrec=69.640 | CRec=69.640 | NPrec=69.640 | NRec=69.640 | Keep=50.000 | TSim=0.995 | RoundTime=80.83s | TotalTime=9258.20s | Method=feddenoise_v3
[Round 089/096] Phase=stage_4 | Stage=3 | Acc=36.870 | StagePure=69.640 | CPrec=69.640 | CRec=69.640 | NPrec=69.640 | NRec=69.640 | Keep=50.000 | TSim=0.995 | RoundTime=81.91s | TotalTime=9340.11s | Method=feddenoise_v3
[Round 090/096] Phase=stage_4 | Stage=3 | Acc=36.160 | StagePure=69.640 | CPrec=69.640 | CRec=69.640 | NPrec=69.640 | NRec=69.640 | Keep=50.000 | TSim=0.995 | RoundTime=80.14s | TotalTime=9420.27s | Method=feddenoise_v3
[Round 091/096] Phase=stage_4 | Stage=3 | Acc=36.620 | StagePure=69.640 | CPrec=69.640 | CRec=69.640 | NPrec=69.640 | NRec=69.640 | Keep=50.000 | TSim=0.995 | RoundTime=79.26s | TotalTime=9499.53s | Method=feddenoise_v3
[Round 092/096] Phase=stage_4 | Stage=3 | Acc=36.360 | StagePure=69.640 | CPrec=69.640 | CRec=69.640 | NPrec=69.640 | NRec=69.640 | Keep=50.000 | TSim=0.995 | RoundTime=79.59s | TotalTime=9579.14s | Method=feddenoise_v3
[Round 093/096] Phase=stage_4 | Stage=3 | Acc=36.750 | StagePure=69.640 | CPrec=69.640 | CRec=69.640 | NPrec=69.640 | NRec=69.640 | Keep=50.000 | TSim=0.995 | RoundTime=78.77s | TotalTime=9657.92s | Method=feddenoise_v3
[Round 094/096] Phase=stage_4 | Stage=3 | Acc=36.380 | StagePure=69.640 | CPrec=69.640 | CRec=69.640 | NPrec=69.640 | NRec=69.640 | Keep=50.000 | TSim=0.995 | RoundTime=78.34s | TotalTime=9736.26s | Method=feddenoise_v3
[Round 095/096] Phase=stage_4 | Stage=3 | Acc=36.650 | StagePure=69.640 | CPrec=69.640 | CRec=69.640 | NPrec=69.640 | NRec=69.640 | Keep=50.000 | TSim=0.995 | RoundTime=78.86s | TotalTime=9815.13s | Method=feddenoise_v3
[Round 096/096] Phase=stage_4 | Stage=3 | Acc=35.900 | StagePure=69.640 | CPrec=69.640 | CRec=69.640 | NPrec=69.640 | NRec=69.640 | Keep=50.000 | TSim=0.995 | RoundTime=76.76s | TotalTime=9891.89s | Method=feddenoise_v3
========================================================================================================================
Training finished at: 2026-04-09 16:44:48
Total elapsed time: 9891.90s
Final Acc: 35.900
Best Acc : 36.870
Final StagePure: 69.640
Best StagePure : 69.640
========================================================================================================================
