========================================================================================================================
Training started at: 2026-04-10 08:18:43
Result directory: results/fl_svhn/fedgloss/pm-dir_a-0.1_nm-uni_nr-0.5_nt-symmetric_rho-0.05_beta-1.0_slr-1.0
Result txt file : results/fl_svhn/fedgloss/pm-dir_a-0.1_nm-uni_nr-0.5_nt-symmetric_rho-0.05_beta-1.0_slr-1.0/fedgloss_fl_svhn_20260410-081843-475663_pid3683829.txt
Result log file : results/fl_svhn/fedgloss/pm-dir_a-0.1_nm-uni_nr-0.5_nt-symmetric_rho-0.05_beta-1.0_slr-1.0/fedgloss_fl_svhn_20260410-081843-475663_pid3683829.log
------------------------------------------------------------------------------------------------------------------------
Model: fedgloss
Dataset: fl_svhn
Structure: homogeneity
Participants: 10
Online ratio: 1.0
Communication epochs: 100
Local epoch: 5
Local batch size: 64
Local lr: 0.01
Partition mode: dirichlet
Dirichlet alpha: 0.1
Noise mode: uniform
Noise rate: 0.5
Noise type: symmetric
Noise max: 0.3
Averaging: weight
Seed: 0
FedGLoSS rho: 0.05
FedGLoSS beta: 1.0
FedGLoSS server lr: 1.0
========================================================================================================================
[Round 001/100] Phase=standard | Stage=warmup | Acc=15.940 | RoundTime=222.66s | TotalTime=222.66s | Method=fedgloss
[Round 002/100] Phase=standard | Stage=warmup | Acc=14.430 | RoundTime=236.28s | TotalTime=458.96s | Method=fedgloss
[Round 003/100] Phase=standard | Stage=warmup | Acc=41.000 | RoundTime=238.35s | TotalTime=697.32s | Method=fedgloss
[Round 004/100] Phase=standard | Stage=warmup | Acc=45.920 | RoundTime=237.17s | TotalTime=934.50s | Method=fedgloss
[Round 005/100] Phase=standard | Stage=warmup | Acc=50.490 | RoundTime=237.28s | TotalTime=1171.79s | Method=fedgloss
[Round 006/100] Phase=standard | Stage=warmup | Acc=52.230 | RoundTime=236.86s | TotalTime=1408.66s | Method=fedgloss
[Round 007/100] Phase=standard | Stage=warmup | Acc=50.470 | RoundTime=236.30s | TotalTime=1644.97s | Method=fedgloss
[Round 008/100] Phase=standard | Stage=warmup | Acc=45.640 | RoundTime=232.74s | TotalTime=1877.72s | Method=fedgloss
[Round 009/100] Phase=standard | Stage=warmup | Acc=39.740 | RoundTime=235.92s | TotalTime=2113.65s | Method=fedgloss
[Round 010/100] Phase=standard | Stage=warmup | Acc=33.970 | RoundTime=236.24s | TotalTime=2349.90s | Method=fedgloss
[Round 011/100] Phase=standard | Stage=warmup | Acc=31.650 | RoundTime=236.03s | TotalTime=2585.94s | Method=fedgloss
[Round 012/100] Phase=standard | Stage=warmup | Acc=29.740 | RoundTime=234.36s | TotalTime=2820.31s | Method=fedgloss
[Round 013/100] Phase=standard | Stage=warmup | Acc=28.100 | RoundTime=236.05s | TotalTime=3056.37s | Method=fedgloss
[Round 014/100] Phase=standard | Stage=warmup | Acc=27.620 | RoundTime=235.72s | TotalTime=3292.11s | Method=fedgloss
[Round 015/100] Phase=standard | Stage=warmup | Acc=25.800 | RoundTime=236.36s | TotalTime=3528.48s | Method=fedgloss
[Round 016/100] Phase=standard | Stage=warmup | Acc=24.620 | RoundTime=235.07s | TotalTime=3763.56s | Method=fedgloss
[Round 017/100] Phase=standard | Stage=warmup | Acc=26.200 | RoundTime=235.53s | TotalTime=3999.09s | Method=fedgloss
[Round 018/100] Phase=standard | Stage=warmup | Acc=25.680 | RoundTime=235.56s | TotalTime=4234.67s | Method=fedgloss
[Round 019/100] Phase=standard | Stage=warmup | Acc=25.040 | RoundTime=236.04s | TotalTime=4470.71s | Method=fedgloss
[Round 020/100] Phase=standard | Stage=warmup | Acc=24.220 | RoundTime=235.04s | TotalTime=4705.76s | Method=fedgloss
[Round 021/100] Phase=standard | Stage=warmup | Acc=24.470 | RoundTime=236.13s | TotalTime=4941.90s | Method=fedgloss
[Round 022/100] Phase=standard | Stage=warmup | Acc=24.440 | RoundTime=235.22s | TotalTime=5177.14s | Method=fedgloss
