[Launch] model=feddenoise_v3 | dataset=fl_svhn | clients=10 | rounds=96 | local_epoch=5 | batch_size=32 | noise_mode=uniform | noise_value=0.5
Using downloaded and verified file: /mnt/workspace/shiyl/CodeScout/test/kiwi/DenoiseFL/data/train_32x32.mat
Using downloaded and verified file: /mnt/workspace/shiyl/CodeScout/test/kiwi/DenoiseFL/data/test_32x32.mat
mean: 7325.7
std: 0.45825756949558405
Data statistics: {0: {0: 422, 1: 1578, 2: 956, 3: 704, 4: 1620, 5: 395, 6: 448, 7: 395, 8: 381, 9: 427}, 1: {0: 396, 1: 408, 2: 509, 3: 2301, 4: 429, 5: 913, 6: 487, 7: 790, 8: 677, 9: 416}, 2: {0: 420, 1: 375, 2: 423, 3: 429, 4: 403, 5: 2555, 6: 392, 7: 416, 8: 1497, 9: 416}, 3: {0: 414, 1: 694, 2: 432, 3: 407, 4: 436, 5: 566, 6: 659, 7: 485, 8: 733, 9: 2500}, 4: {0: 2311, 1: 398, 2: 807, 3: 1345, 4: 438, 5: 400, 6: 402, 7: 392, 8: 384, 9: 449}, 5: {0: 426, 1: 547, 2: 496, 3: 406, 4: 2019, 5: 443, 6: 1791, 7: 386, 8: 427, 9: 385}, 6: {0: 406, 1: 2051, 2: 438, 3: 663, 4: 600, 5: 416, 6: 630, 7: 684, 8: 1032, 9: 406}, 7: {0: 407, 1: 3253, 2: 775, 3: 419, 4: 414, 5: 449, 6: 417, 7: 372, 8: 419, 9: 400}, 8: {0: 646, 1: 417, 2: 2051, 3: 400, 4: 630, 5: 434, 6: 986, 7: 956, 8: 413, 9: 392}, 9: {0: 418, 1: 423, 2: 1916, 3: 661, 4: 411, 5: 639, 6: 388, 7: 1685, 8: 390, 9: 394}}
========================================================================================================================
Training started at: 2026-04-10 10:47:39
Result directory: results/fl_svhn/feddenoise_v3/pm-dir_a-0.3_nm-uni_nr-0.5_nt-symmetric_wr-20_sr-19_ts-4,3,2,1_tss-least_sim_tsim-full_model_cosine_wm-full_model_dr-0.15_drs-0.1,0.3,0.4,0.5
Result txt file : results/fl_svhn/feddenoise_v3/pm-dir_a-0.3_nm-uni_nr-0.5_nt-symmetric_wr-20_sr-19_ts-4,3,2,1_tss-least_sim_tsim-full_model_cosine_wm-full_model_dr-0.15_drs-0.1,0.3,0.4,0.5/feddenoise_v3_fl_svhn_20260410-104739-168562_pid3981661.txt
Result log file : results/fl_svhn/feddenoise_v3/pm-dir_a-0.3_nm-uni_nr-0.5_nt-symmetric_wr-20_sr-19_ts-4,3,2,1_tss-least_sim_tsim-full_model_cosine_wm-full_model_dr-0.15_drs-0.1,0.3,0.4,0.5/feddenoise_v3_fl_svhn_20260410-104739-168562_pid3981661.log
------------------------------------------------------------------------------------------------------------------------
Model: feddenoise_v3
Dataset: fl_svhn
Structure: homogeneity
Participants: 10
Online ratio: 1.0
Communication epochs: 96
Local epoch: 5
Local batch size: 32
Local lr: 0.01
Partition mode: dirichlet
Dirichlet alpha: 0.3
Noise mode: uniform
Noise rate: 0.5
Noise type: symmetric
Noise max: 0.3
Averaging: weight
Seed: 0
Warmup round: 20
Stage round: 19
Teacher schedule: 4,3,2,1
Teacher select strategy: least_sim
Teacher similarity: full_model_cosine
Teacher score mode: teacher_mean
Warmup mode: full_model
Drop rate: 0.15
Drop rate schedule: 0.1,0.3,0.4,0.5
Exclude self teacher: True
========================================================================================================================
Backbone: NoiseFLCNN NoiseFLCNN
[Round 001/096] Phase=warmup | Stage=warmup | Acc=15.940 | RoundTime=213.72s | TotalTime=213.73s | Method=feddenoise_v3
[Round 002/096] Phase=warmup | Stage=warmup | Acc=18.090 | RoundTime=216.51s | TotalTime=430.25s | Method=feddenoise_v3
[Round 003/096] Phase=warmup | Stage=warmup | Acc=56.480 | RoundTime=216.73s | TotalTime=646.99s | Method=feddenoise_v3
[Round 004/096] Phase=warmup | Stage=warmup | Acc=69.590 | RoundTime=219.46s | TotalTime=866.46s | Method=feddenoise_v3
[Round 005/096] Phase=warmup | Stage=warmup | Acc=73.490 | RoundTime=215.40s | TotalTime=1081.87s | Method=feddenoise_v3
[Round 006/096] Phase=warmup | Stage=warmup | Acc=73.430 | RoundTime=219.10s | TotalTime=1300.98s | Method=feddenoise_v3
[Round 007/096] Phase=warmup | Stage=warmup | Acc=70.540 | RoundTime=215.78s | TotalTime=1516.76s | Method=feddenoise_v3
[Round 008/096] Phase=warmup | Stage=warmup | Acc=66.460 | RoundTime=213.25s | TotalTime=1730.02s | Method=feddenoise_v3
[Round 009/096] Phase=warmup | Stage=warmup | Acc=59.870 | RoundTime=217.90s | TotalTime=1947.93s | Method=feddenoise_v3
[Round 010/096] Phase=warmup | Stage=warmup | Acc=54.190 | RoundTime=218.96s | TotalTime=2166.90s | Method=feddenoise_v3
[Round 011/096] Phase=warmup | Stage=warmup | Acc=51.820 | RoundTime=218.63s | TotalTime=2385.54s | Method=feddenoise_v3
[Round 012/096] Phase=warmup | Stage=warmup | Acc=49.090 | RoundTime=215.61s | TotalTime=2601.16s | Method=feddenoise_v3
[Round 013/096] Phase=warmup | Stage=warmup | Acc=47.110 | RoundTime=217.15s | TotalTime=2818.32s | Method=feddenoise_v3
[Round 014/096] Phase=warmup | Stage=warmup | Acc=46.740 | RoundTime=218.24s | TotalTime=3036.56s | Method=feddenoise_v3
[Round 015/096] Phase=warmup | Stage=warmup | Acc=45.090 | RoundTime=218.74s | TotalTime=3255.32s | Method=feddenoise_v3
[Round 016/096] Phase=warmup | Stage=warmup | Acc=44.930 | RoundTime=216.72s | TotalTime=3472.04s | Method=feddenoise_v3
[Round 017/096] Phase=warmup | Stage=warmup | Acc=44.610 | RoundTime=218.52s | TotalTime=3690.57s | Method=feddenoise_v3
[Round 018/096] Phase=warmup | Stage=warmup | Acc=45.010 | RoundTime=217.07s | TotalTime=3907.65s | Method=feddenoise_v3
[Round 019/096] Phase=warmup | Stage=warmup | Acc=44.110 | RoundTime=217.31s | TotalTime=4124.96s | Method=feddenoise_v3

[Teacher Selection] Building clean subsets for stage 1 ...
[Stage 1] Client 0: teachers=[8, 5, 9, 6], avg_teacher_sim=0.9675, selected=6593
[Stage 1] Client 1: teachers=[8, 5, 4, 7], avg_teacher_sim=0.9690, selected=6593
[Stage 1] Client 2: teachers=[0, 8, 6, 4], avg_teacher_sim=0.9694, selected=6593
[Stage 1] Client 3: teachers=[0, 4, 7, 9], avg_teacher_sim=0.9691, selected=6593
[Stage 1] Client 4: teachers=[7, 6, 0, 9], avg_teacher_sim=0.9678, selected=6593
[Stage 1] Client 5: teachers=[0, 6, 9, 8], avg_teacher_sim=0.9679, selected=6593
[Stage 1] Client 6: teachers=[7, 4, 5, 8], avg_teacher_sim=0.9675, selected=6593
[Stage 1] Client 7: teachers=[6, 4, 9, 0], avg_teacher_sim=0.9678, selected=6592
[Stage 1] Client 8: teachers=[0, 6, 1, 5], avg_teacher_sim=0.9681, selected=6592
[Stage 1] Client 9: teachers=[0, 5, 4, 7], avg_teacher_sim=0.9682, selected=6592
[Stage 1] Selection summary | clean_precision=52.05 | clean_recall=93.69 | noisy_precision=68.44 | noisy_recall=13.70 | keep_ratio=89.99 | avg_teacher_similarity=0.9682
[Round 020/096] Phase=warmup | Stage=warmup | Acc=43.600 | RoundTime=268.11s | TotalTime=4393.09s | Method=feddenoise_v3
[Round 021/096] Phase=stage_1 | Stage=0 | Acc=46.260 | StagePure=52.053 | CPrec=52.053 | CRec=93.686 | NPrec=68.445 | NRec=13.698 | Keep=89.994 | TSim=0.968 | RoundTime=216.37s | TotalTime=4609.47s | Method=feddenoise_v3
[Round 022/096] Phase=stage_1 | Stage=0 | Acc=46.480 | StagePure=52.053 | CPrec=52.053 | CRec=93.686 | NPrec=68.445 | NRec=13.698 | Keep=89.994 | TSim=0.968 | RoundTime=214.73s | TotalTime=4824.21s | Method=feddenoise_v3
[Round 023/096] Phase=stage_1 | Stage=0 | Acc=45.640 | StagePure=52.053 | CPrec=52.053 | CRec=93.686 | NPrec=68.445 | NRec=13.698 | Keep=89.994 | TSim=0.968 | RoundTime=213.42s | TotalTime=5037.63s | Method=feddenoise_v3
[Round 024/096] Phase=stage_1 | Stage=0 | Acc=45.660 | StagePure=52.053 | CPrec=52.053 | CRec=93.686 | NPrec=68.445 | NRec=13.698 | Keep=89.994 | TSim=0.968 | RoundTime=215.53s | TotalTime=5253.17s | Method=feddenoise_v3
[Round 025/096] Phase=stage_1 | Stage=0 | Acc=45.180 | StagePure=52.053 | CPrec=52.053 | CRec=93.686 | NPrec=68.445 | NRec=13.698 | Keep=89.994 | TSim=0.968 | RoundTime=218.00s | TotalTime=5471.18s | Method=feddenoise_v3
[Round 026/096] Phase=stage_1 | Stage=0 | Acc=45.860 | StagePure=52.053 | CPrec=52.053 | CRec=93.686 | NPrec=68.445 | NRec=13.698 | Keep=89.994 | TSim=0.968 | RoundTime=214.40s | TotalTime=5685.58s | Method=feddenoise_v3
[Round 027/096] Phase=stage_1 | Stage=0 | Acc=45.570 | StagePure=52.053 | CPrec=52.053 | CRec=93.686 | NPrec=68.445 | NRec=13.698 | Keep=89.994 | TSim=0.968 | RoundTime=214.84s | TotalTime=5900.43s | Method=feddenoise_v3
[Round 028/096] Phase=stage_1 | Stage=0 | Acc=44.910 | StagePure=52.053 | CPrec=52.053 | CRec=93.686 | NPrec=68.445 | NRec=13.698 | Keep=89.994 | TSim=0.968 | RoundTime=214.77s | TotalTime=6115.21s | Method=feddenoise_v3
[Round 029/096] Phase=stage_1 | Stage=0 | Acc=44.910 | StagePure=52.053 | CPrec=52.053 | CRec=93.686 | NPrec=68.445 | NRec=13.698 | Keep=89.994 | TSim=0.968 | RoundTime=215.62s | TotalTime=6330.84s | Method=feddenoise_v3
[Round 030/096] Phase=stage_1 | Stage=0 | Acc=43.450 | StagePure=52.053 | CPrec=52.053 | CRec=93.686 | NPrec=68.445 | NRec=13.698 | Keep=89.994 | TSim=0.968 | RoundTime=214.22s | TotalTime=6545.07s | Method=feddenoise_v3
[Round 031/096] Phase=stage_1 | Stage=0 | Acc=44.350 | StagePure=52.053 | CPrec=52.053 | CRec=93.686 | NPrec=68.445 | NRec=13.698 | Keep=89.994 | TSim=0.968 | RoundTime=214.92s | TotalTime=6760.00s | Method=feddenoise_v3
[Round 032/096] Phase=stage_1 | Stage=0 | Acc=43.870 | StagePure=52.053 | CPrec=52.053 | CRec=93.686 | NPrec=68.445 | NRec=13.698 | Keep=89.994 | TSim=0.968 | RoundTime=215.14s | TotalTime=6975.15s | Method=feddenoise_v3
[Round 033/096] Phase=stage_1 | Stage=0 | Acc=43.490 | StagePure=52.053 | CPrec=52.053 | CRec=93.686 | NPrec=68.445 | NRec=13.698 | Keep=89.994 | TSim=0.968 | RoundTime=216.43s | TotalTime=7191.58s | Method=feddenoise_v3
[Round 034/096] Phase=stage_1 | Stage=0 | Acc=43.350 | StagePure=52.053 | CPrec=52.053 | CRec=93.686 | NPrec=68.445 | NRec=13.698 | Keep=89.994 | TSim=0.968 | RoundTime=214.39s | TotalTime=7405.98s | Method=feddenoise_v3
[Round 035/096] Phase=stage_1 | Stage=0 | Acc=44.330 | StagePure=52.053 | CPrec=52.053 | CRec=93.686 | NPrec=68.445 | NRec=13.698 | Keep=89.994 | TSim=0.968 | RoundTime=213.99s | TotalTime=7619.98s | Method=feddenoise_v3
[Round 036/096] Phase=stage_1 | Stage=0 | Acc=43.110 | StagePure=52.053 | CPrec=52.053 | CRec=93.686 | NPrec=68.445 | NRec=13.698 | Keep=89.994 | TSim=0.968 | RoundTime=217.89s | TotalTime=7837.88s | Method=feddenoise_v3
[Round 037/096] Phase=stage_1 | Stage=0 | Acc=42.690 | StagePure=52.053 | CPrec=52.053 | CRec=93.686 | NPrec=68.445 | NRec=13.698 | Keep=89.994 | TSim=0.968 | RoundTime=215.90s | TotalTime=8053.79s | Method=feddenoise_v3
[Round 038/096] Phase=stage_1 | Stage=0 | Acc=43.220 | StagePure=52.053 | CPrec=52.053 | CRec=93.686 | NPrec=68.445 | NRec=13.698 | Keep=89.994 | TSim=0.968 | RoundTime=215.44s | TotalTime=8269.24s | Method=feddenoise_v3

[Teacher Selection] Building clean subsets for stage 2 ...
[Stage 2] Client 0: teachers=[3, 4, 7], avg_teacher_sim=0.9867, selected=5128
[Stage 2] Client 1: teachers=[7, 3, 4], avg_teacher_sim=0.9864, selected=5128
[Stage 2] Client 2: teachers=[7, 4, 3], avg_teacher_sim=0.9864, selected=5128
[Stage 2] Client 3: teachers=[7, 4, 6], avg_teacher_sim=0.9853, selected=5128
[Stage 2] Client 4: teachers=[7, 3, 2], avg_teacher_sim=0.9853, selected=5128
[Stage 2] Client 5: teachers=[3, 7, 4], avg_teacher_sim=0.9862, selected=5128
[Stage 2] Client 6: teachers=[3, 7, 4], avg_teacher_sim=0.9866, selected=5128
[Stage 2] Client 7: teachers=[4, 3, 1], avg_teacher_sim=0.9852, selected=5127
[Stage 2] Client 8: teachers=[7, 3, 4], avg_teacher_sim=0.9866, selected=5127
[Stage 2] Client 9: teachers=[7, 4, 3], avg_teacher_sim=0.9863, selected=5127
[Stage 2] Selection summary | clean_precision=50.67 | clean_recall=70.94 | noisy_precision=51.57 | noisy_recall=30.94 | keep_ratio=70.00 | avg_teacher_similarity=0.9861
[Round 039/096] Phase=stage_1 | Stage=0 | Acc=43.190 | StagePure=52.053 | CPrec=52.053 | CRec=93.686 | NPrec=68.445 | NRec=13.698 | Keep=89.994 | TSim=0.968 | RoundTime=252.72s | TotalTime=8521.97s | Method=feddenoise_v3
[Round 040/096] Phase=stage_2 | Stage=1 | Acc=46.820 | StagePure=50.674 | CPrec=50.674 | CRec=70.936 | NPrec=51.565 | NRec=30.945 | Keep=69.996 | TSim=0.986 | RoundTime=172.35s | TotalTime=8694.33s | Method=feddenoise_v3
[Round 041/096] Phase=stage_2 | Stage=1 | Acc=44.330 | StagePure=50.674 | CPrec=50.674 | CRec=70.936 | NPrec=51.565 | NRec=30.945 | Keep=69.996 | TSim=0.986 | RoundTime=177.84s | TotalTime=8872.19s | Method=feddenoise_v3
[Round 042/096] Phase=stage_2 | Stage=1 | Acc=44.600 | StagePure=50.674 | CPrec=50.674 | CRec=70.936 | NPrec=51.565 | NRec=30.945 | Keep=69.996 | TSim=0.986 | RoundTime=175.90s | TotalTime=9048.10s | Method=feddenoise_v3
[Round 043/096] Phase=stage_2 | Stage=1 | Acc=43.740 | StagePure=50.674 | CPrec=50.674 | CRec=70.936 | NPrec=51.565 | NRec=30.945 | Keep=69.996 | TSim=0.986 | RoundTime=178.18s | TotalTime=9226.29s | Method=feddenoise_v3
[Round 044/096] Phase=stage_2 | Stage=1 | Acc=44.190 | StagePure=50.674 | CPrec=50.674 | CRec=70.936 | NPrec=51.565 | NRec=30.945 | Keep=69.996 | TSim=0.986 | RoundTime=175.47s | TotalTime=9401.77s | Method=feddenoise_v3
[Round 045/096] Phase=stage_2 | Stage=1 | Acc=43.770 | StagePure=50.674 | CPrec=50.674 | CRec=70.936 | NPrec=51.565 | NRec=30.945 | Keep=69.996 | TSim=0.986 | RoundTime=175.14s | TotalTime=9576.93s | Method=feddenoise_v3
[Round 046/096] Phase=stage_2 | Stage=1 | Acc=43.110 | StagePure=50.674 | CPrec=50.674 | CRec=70.936 | NPrec=51.565 | NRec=30.945 | Keep=69.996 | TSim=0.986 | RoundTime=176.43s | TotalTime=9753.36s | Method=feddenoise_v3
[Round 047/096] Phase=stage_2 | Stage=1 | Acc=43.340 | StagePure=50.674 | CPrec=50.674 | CRec=70.936 | NPrec=51.565 | NRec=30.945 | Keep=69.996 | TSim=0.986 | RoundTime=175.57s | TotalTime=9928.94s | Method=feddenoise_v3
[Round 048/096] Phase=stage_2 | Stage=1 | Acc=43.830 | StagePure=50.674 | CPrec=50.674 | CRec=70.936 | NPrec=51.565 | NRec=30.945 | Keep=69.996 | TSim=0.986 | RoundTime=178.31s | TotalTime=10107.26s | Method=feddenoise_v3
[Round 049/096] Phase=stage_2 | Stage=1 | Acc=43.760 | StagePure=50.674 | CPrec=50.674 | CRec=70.936 | NPrec=51.565 | NRec=30.945 | Keep=69.996 | TSim=0.986 | RoundTime=176.73s | TotalTime=10284.00s | Method=feddenoise_v3
[Round 050/096] Phase=stage_2 | Stage=1 | Acc=43.860 | StagePure=50.674 | CPrec=50.674 | CRec=70.936 | NPrec=51.565 | NRec=30.945 | Keep=69.996 | TSim=0.986 | RoundTime=174.84s | TotalTime=10458.85s | Method=feddenoise_v3
[Round 051/096] Phase=stage_2 | Stage=1 | Acc=44.030 | StagePure=50.674 | CPrec=50.674 | CRec=70.936 | NPrec=51.565 | NRec=30.945 | Keep=69.996 | TSim=0.986 | RoundTime=175.98s | TotalTime=10634.85s | Method=feddenoise_v3
[Round 052/096] Phase=stage_2 | Stage=1 | Acc=43.820 | StagePure=50.674 | CPrec=50.674 | CRec=70.936 | NPrec=51.565 | NRec=30.945 | Keep=69.996 | TSim=0.986 | RoundTime=177.01s | TotalTime=10811.87s | Method=feddenoise_v3
[Round 053/096] Phase=stage_2 | Stage=1 | Acc=43.860 | StagePure=50.674 | CPrec=50.674 | CRec=70.936 | NPrec=51.565 | NRec=30.945 | Keep=69.996 | TSim=0.986 | RoundTime=175.70s | TotalTime=10987.58s | Method=feddenoise_v3
[Round 054/096] Phase=stage_2 | Stage=1 | Acc=44.150 | StagePure=50.674 | CPrec=50.674 | CRec=70.936 | NPrec=51.565 | NRec=30.945 | Keep=69.996 | TSim=0.986 | RoundTime=174.97s | TotalTime=11162.55s | Method=feddenoise_v3
[Round 055/096] Phase=stage_2 | Stage=1 | Acc=43.450 | StagePure=50.674 | CPrec=50.674 | CRec=70.936 | NPrec=51.565 | NRec=30.945 | Keep=69.996 | TSim=0.986 | RoundTime=175.47s | TotalTime=11338.04s | Method=feddenoise_v3
[Round 056/096] Phase=stage_2 | Stage=1 | Acc=44.430 | StagePure=50.674 | CPrec=50.674 | CRec=70.936 | NPrec=51.565 | NRec=30.945 | Keep=69.996 | TSim=0.986 | RoundTime=175.61s | TotalTime=11513.66s | Method=feddenoise_v3
[Round 057/096] Phase=stage_2 | Stage=1 | Acc=43.850 | StagePure=50.674 | CPrec=50.674 | CRec=70.936 | NPrec=51.565 | NRec=30.945 | Keep=69.996 | TSim=0.986 | RoundTime=176.76s | TotalTime=11690.43s | Method=feddenoise_v3

[Teacher Selection] Building clean subsets for stage 3 ...
[Stage 3] Client 0: teachers=[1, 8], avg_teacher_sim=0.9938, selected=4395
[Stage 3] Client 1: teachers=[9, 8], avg_teacher_sim=0.9920, selected=4395
[Stage 3] Client 2: teachers=[1, 9], avg_teacher_sim=0.9933, selected=4395
[Stage 3] Client 3: teachers=[1, 9], avg_teacher_sim=0.9933, selected=4395
[Stage 3] Client 4: teachers=[1, 9], avg_teacher_sim=0.9930, selected=4395
[Stage 3] Client 5: teachers=[1, 9], avg_teacher_sim=0.9934, selected=4395
[Stage 3] Client 6: teachers=[1, 8], avg_teacher_sim=0.9935, selected=4395
[Stage 3] Client 7: teachers=[1, 9], avg_teacher_sim=0.9933, selected=4395
[Stage 3] Client 8: teachers=[1, 9], avg_teacher_sim=0.9924, selected=4395
[Stage 3] Client 9: teachers=[1, 8], avg_teacher_sim=0.9922, selected=4395
[Stage 3] Selection summary | clean_precision=51.80 | clean_recall=62.15 | noisy_precision=52.69 | noisy_recall=42.16 | keep_ratio=59.99 | avg_teacher_similarity=0.9930
[Round 058/096] Phase=stage_2 | Stage=1 | Acc=44.330 | StagePure=50.674 | CPrec=50.674 | CRec=70.936 | NPrec=51.565 | NRec=30.945 | Keep=69.996 | TSim=0.986 | RoundTime=212.15s | TotalTime=11902.59s | Method=feddenoise_v3
[Round 059/096] Phase=stage_3 | Stage=2 | Acc=49.730 | StagePure=51.795 | CPrec=51.795 | CRec=62.146 | NPrec=52.688 | NRec=42.158 | Keep=59.994 | TSim=0.993 | RoundTime=160.53s | TotalTime=12063.13s | Method=feddenoise_v3
[Round 060/096] Phase=stage_3 | Stage=2 | Acc=46.350 | StagePure=51.795 | CPrec=51.795 | CRec=62.146 | NPrec=52.688 | NRec=42.158 | Keep=59.994 | TSim=0.993 | RoundTime=163.25s | TotalTime=12226.39s | Method=feddenoise_v3
[Round 061/096] Phase=stage_3 | Stage=2 | Acc=45.740 | StagePure=51.795 | CPrec=51.795 | CRec=62.146 | NPrec=52.688 | NRec=42.158 | Keep=59.994 | TSim=0.993 | RoundTime=164.77s | TotalTime=12391.17s | Method=feddenoise_v3
[Round 062/096] Phase=stage_3 | Stage=2 | Acc=45.680 | StagePure=51.795 | CPrec=51.795 | CRec=62.146 | NPrec=52.688 | NRec=42.158 | Keep=59.994 | TSim=0.993 | RoundTime=165.03s | TotalTime=12556.22s | Method=feddenoise_v3
[Round 063/096] Phase=stage_3 | Stage=2 | Acc=45.400 | StagePure=51.795 | CPrec=51.795 | CRec=62.146 | NPrec=52.688 | NRec=42.158 | Keep=59.994 | TSim=0.993 | RoundTime=165.36s | TotalTime=12721.59s | Method=feddenoise_v3
[Round 064/096] Phase=stage_3 | Stage=2 | Acc=45.890 | StagePure=51.795 | CPrec=51.795 | CRec=62.146 | NPrec=52.688 | NRec=42.158 | Keep=59.994 | TSim=0.993 | RoundTime=166.61s | TotalTime=12888.21s | Method=feddenoise_v3
[Round 065/096] Phase=stage_3 | Stage=2 | Acc=45.970 | StagePure=51.795 | CPrec=51.795 | CRec=62.146 | NPrec=52.688 | NRec=42.158 | Keep=59.994 | TSim=0.993 | RoundTime=164.65s | TotalTime=13052.88s | Method=feddenoise_v3
[Round 066/096] Phase=stage_3 | Stage=2 | Acc=46.830 | StagePure=51.795 | CPrec=51.795 | CRec=62.146 | NPrec=52.688 | NRec=42.158 | Keep=59.994 | TSim=0.993 | RoundTime=165.19s | TotalTime=13218.07s | Method=feddenoise_v3
[Round 067/096] Phase=stage_3 | Stage=2 | Acc=46.400 | StagePure=51.795 | CPrec=51.795 | CRec=62.146 | NPrec=52.688 | NRec=42.158 | Keep=59.994 | TSim=0.993 | RoundTime=166.61s | TotalTime=13384.70s | Method=feddenoise_v3
[Round 068/096] Phase=stage_3 | Stage=2 | Acc=46.440 | StagePure=51.795 | CPrec=51.795 | CRec=62.146 | NPrec=52.688 | NRec=42.158 | Keep=59.994 | TSim=0.993 | RoundTime=164.90s | TotalTime=13549.60s | Method=feddenoise_v3
[Round 069/096] Phase=stage_3 | Stage=2 | Acc=46.100 | StagePure=51.795 | CPrec=51.795 | CRec=62.146 | NPrec=52.688 | NRec=42.158 | Keep=59.994 | TSim=0.993 | RoundTime=166.09s | TotalTime=13715.70s | Method=feddenoise_v3
[Round 070/096] Phase=stage_3 | Stage=2 | Acc=46.400 | StagePure=51.795 | CPrec=51.795 | CRec=62.146 | NPrec=52.688 | NRec=42.158 | Keep=59.994 | TSim=0.993 | RoundTime=165.20s | TotalTime=13880.91s | Method=feddenoise_v3
[Round 071/096] Phase=stage_3 | Stage=2 | Acc=46.850 | StagePure=51.795 | CPrec=51.795 | CRec=62.146 | NPrec=52.688 | NRec=42.158 | Keep=59.994 | TSim=0.993 | RoundTime=167.92s | TotalTime=14048.85s | Method=feddenoise_v3
[Round 072/096] Phase=stage_3 | Stage=2 | Acc=46.890 | StagePure=51.795 | CPrec=51.795 | CRec=62.146 | NPrec=52.688 | NRec=42.158 | Keep=59.994 | TSim=0.993 | RoundTime=162.91s | TotalTime=14211.77s | Method=feddenoise_v3
[Round 073/096] Phase=stage_3 | Stage=2 | Acc=46.630 | StagePure=51.795 | CPrec=51.795 | CRec=62.146 | NPrec=52.688 | NRec=42.158 | Keep=59.994 | TSim=0.993 | RoundTime=165.61s | TotalTime=14377.39s | Method=feddenoise_v3
[Round 074/096] Phase=stage_3 | Stage=2 | Acc=46.620 | StagePure=51.795 | CPrec=51.795 | CRec=62.146 | NPrec=52.688 | NRec=42.158 | Keep=59.994 | TSim=0.993 | RoundTime=165.22s | TotalTime=14542.62s | Method=feddenoise_v3
[Round 075/096] Phase=stage_3 | Stage=2 | Acc=46.560 | StagePure=51.795 | CPrec=51.795 | CRec=62.146 | NPrec=52.688 | NRec=42.158 | Keep=59.994 | TSim=0.993 | RoundTime=165.17s | TotalTime=14707.80s | Method=feddenoise_v3
[Round 076/096] Phase=stage_3 | Stage=2 | Acc=46.420 | StagePure=51.795 | CPrec=51.795 | CRec=62.146 | NPrec=52.688 | NRec=42.158 | Keep=59.994 | TSim=0.993 | RoundTime=164.00s | TotalTime=14871.81s | Method=feddenoise_v3

[Teacher Selection] Building clean subsets for stage 4 ...
[Stage 4] Client 0: teachers=[1], avg_teacher_sim=0.9922, selected=3663
[Stage 4] Client 1: teachers=[4], avg_teacher_sim=0.9917, selected=3663
[Stage 4] Client 2: teachers=[1], avg_teacher_sim=0.9941, selected=3663
[Stage 4] Client 3: teachers=[1], avg_teacher_sim=0.9946, selected=3663
[Stage 4] Client 4: teachers=[1], avg_teacher_sim=0.9917, selected=3663
[Stage 4] Client 5: teachers=[1], avg_teacher_sim=0.9936, selected=3663
[Stage 4] Client 6: teachers=[1], avg_teacher_sim=0.9942, selected=3663
[Stage 4] Client 7: teachers=[1], avg_teacher_sim=0.9924, selected=3662
[Stage 4] Client 8: teachers=[1], avg_teacher_sim=0.9949, selected=3662
[Stage 4] Client 9: teachers=[4], avg_teacher_sim=0.9945, selected=3662
[Stage 4] Selection summary | clean_precision=54.41 | clean_recall=54.40 | noisy_precision=54.40 | noisy_recall=54.41 | keep_ratio=50.00 | avg_teacher_similarity=0.9934
[Round 077/096] Phase=stage_3 | Stage=2 | Acc=45.940 | StagePure=51.795 | CPrec=51.795 | CRec=62.146 | NPrec=52.688 | NRec=42.158 | Keep=59.994 | TSim=0.993 | RoundTime=181.34s | TotalTime=15053.16s | Method=feddenoise_v3
[Round 078/096] Phase=stage_4 | Stage=3 | Acc=51.840 | StagePure=54.405 | CPrec=54.405 | CRec=54.401 | NPrec=54.401 | NRec=54.405 | Keep=49.998 | TSim=0.993 | RoundTime=147.38s | TotalTime=15200.55s | Method=feddenoise_v3
[Round 079/096] Phase=stage_4 | Stage=3 | Acc=48.190 | StagePure=54.405 | CPrec=54.405 | CRec=54.401 | NPrec=54.401 | NRec=54.405 | Keep=49.998 | TSim=0.993 | RoundTime=156.22s | TotalTime=15356.78s | Method=feddenoise_v3
[Round 080/096] Phase=stage_4 | Stage=3 | Acc=47.960 | StagePure=54.405 | CPrec=54.405 | CRec=54.401 | NPrec=54.401 | NRec=54.405 | Keep=49.998 | TSim=0.993 | RoundTime=155.17s | TotalTime=15511.97s | Method=feddenoise_v3
[Round 081/096] Phase=stage_4 | Stage=3 | Acc=47.770 | StagePure=54.405 | CPrec=54.405 | CRec=54.401 | NPrec=54.401 | NRec=54.405 | Keep=49.998 | TSim=0.993 | RoundTime=153.10s | TotalTime=15665.08s | Method=feddenoise_v3
[Round 082/096] Phase=stage_4 | Stage=3 | Acc=47.890 | StagePure=54.405 | CPrec=54.405 | CRec=54.401 | NPrec=54.401 | NRec=54.405 | Keep=49.998 | TSim=0.993 | RoundTime=152.59s | TotalTime=15817.69s | Method=feddenoise_v3
[Round 083/096] Phase=stage_4 | Stage=3 | Acc=48.410 | StagePure=54.405 | CPrec=54.405 | CRec=54.401 | NPrec=54.401 | NRec=54.405 | Keep=49.998 | TSim=0.993 | RoundTime=153.27s | TotalTime=15970.96s | Method=feddenoise_v3
[Round 084/096] Phase=stage_4 | Stage=3 | Acc=48.310 | StagePure=54.405 | CPrec=54.405 | CRec=54.401 | NPrec=54.401 | NRec=54.405 | Keep=49.998 | TSim=0.993 | RoundTime=153.07s | TotalTime=16124.05s | Method=feddenoise_v3
[Round 085/096] Phase=stage_4 | Stage=3 | Acc=48.280 | StagePure=54.405 | CPrec=54.405 | CRec=54.401 | NPrec=54.401 | NRec=54.405 | Keep=49.998 | TSim=0.993 | RoundTime=151.89s | TotalTime=16275.95s | Method=feddenoise_v3
[Round 086/096] Phase=stage_4 | Stage=3 | Acc=48.610 | StagePure=54.405 | CPrec=54.405 | CRec=54.401 | NPrec=54.401 | NRec=54.405 | Keep=49.998 | TSim=0.993 | RoundTime=152.43s | TotalTime=16428.39s | Method=feddenoise_v3
[Round 087/096] Phase=stage_4 | Stage=3 | Acc=48.330 | StagePure=54.405 | CPrec=54.405 | CRec=54.401 | NPrec=54.401 | NRec=54.405 | Keep=49.998 | TSim=0.993 | RoundTime=151.66s | TotalTime=16580.06s | Method=feddenoise_v3
[Round 088/096] Phase=stage_4 | Stage=3 | Acc=48.240 | StagePure=54.405 | CPrec=54.405 | CRec=54.401 | NPrec=54.401 | NRec=54.405 | Keep=49.998 | TSim=0.993 | RoundTime=153.69s | TotalTime=16733.76s | Method=feddenoise_v3
[Round 089/096] Phase=stage_4 | Stage=3 | Acc=47.770 | StagePure=54.405 | CPrec=54.405 | CRec=54.401 | NPrec=54.401 | NRec=54.405 | Keep=49.998 | TSim=0.993 | RoundTime=152.36s | TotalTime=16886.14s | Method=feddenoise_v3
[Round 090/096] Phase=stage_4 | Stage=3 | Acc=49.000 | StagePure=54.405 | CPrec=54.405 | CRec=54.401 | NPrec=54.401 | NRec=54.405 | Keep=49.998 | TSim=0.993 | RoundTime=153.92s | TotalTime=17040.06s | Method=feddenoise_v3
[Round 091/096] Phase=stage_4 | Stage=3 | Acc=48.040 | StagePure=54.405 | CPrec=54.405 | CRec=54.401 | NPrec=54.401 | NRec=54.405 | Keep=49.998 | TSim=0.993 | RoundTime=153.35s | TotalTime=17193.43s | Method=feddenoise_v3
[Round 092/096] Phase=stage_4 | Stage=3 | Acc=49.260 | StagePure=54.405 | CPrec=54.405 | CRec=54.401 | NPrec=54.401 | NRec=54.405 | Keep=49.998 | TSim=0.993 | RoundTime=152.04s | TotalTime=17345.48s | Method=feddenoise_v3
[Round 093/096] Phase=stage_4 | Stage=3 | Acc=48.180 | StagePure=54.405 | CPrec=54.405 | CRec=54.401 | NPrec=54.401 | NRec=54.405 | Keep=49.998 | TSim=0.993 | RoundTime=152.46s | TotalTime=17497.96s | Method=feddenoise_v3
[Round 094/096] Phase=stage_4 | Stage=3 | Acc=48.130 | StagePure=54.405 | CPrec=54.405 | CRec=54.401 | NPrec=54.401 | NRec=54.405 | Keep=49.998 | TSim=0.993 | RoundTime=152.80s | TotalTime=17650.77s | Method=feddenoise_v3
[Round 095/096] Phase=stage_4 | Stage=3 | Acc=48.160 | StagePure=54.405 | CPrec=54.405 | CRec=54.401 | NPrec=54.401 | NRec=54.405 | Keep=49.998 | TSim=0.993 | RoundTime=154.06s | TotalTime=17804.84s | Method=feddenoise_v3
[Round 096/096] Phase=stage_4 | Stage=3 | Acc=49.130 | StagePure=54.405 | CPrec=54.405 | CRec=54.401 | NPrec=54.401 | NRec=54.405 | Keep=49.998 | TSim=0.993 | RoundTime=142.43s | TotalTime=17947.28s | Method=feddenoise_v3
========================================================================================================================
Training finished at: 2026-04-10 15:46:46
Total elapsed time: 17947.29s
Final Acc: 49.130
Best Acc : 73.490
Final StagePure: 54.405
Best StagePure : 54.405
========================================================================================================================
