====================================================================================================
Training started at: 2026-03-30 23:45:56
Result directory: results/fl_cifar10/fedcda/pm-dir_a-0.3_nm-uni_nr-0.3_nt-symmetric_st-least_sim_dr-0.25
Result txt file : results/fl_cifar10/fedcda/pm-dir_a-0.3_nm-uni_nr-0.3_nt-symmetric_st-least_sim_dr-0.25/fedcda_fl_cifar10_20260330-234556-990357_pid4115547.txt
Result log file : results/fl_cifar10/fedcda/pm-dir_a-0.3_nm-uni_nr-0.3_nt-symmetric_st-least_sim_dr-0.25/fedcda_fl_cifar10_20260330-234556-990357_pid4115547.log
----------------------------------------------------------------------------------------------------
Model: fedcda
Dataset: fl_cifar10
Structure: homogeneity
Participants: 100
Online ratio: 0.1
Communication epochs: 100
Local epoch: 10
Local batch size: 40
Local lr: 0.01
Partition mode: dirichlet
Dirichlet alpha: 0.3
Noise mode: uniform
Noise rate: 0.3
Noise type: symmetric
Noise max: 0.3
Denoise score alpha: 0.5
Drop rate: 0.25
Denoise strategy: least_sim
FedProx mu: 0.01
FedRDN std: 0.01
FedCDA history size: NA
FedGLoSS beta: 0.01
Averaging: weight
Seed: 0
====================================================================================================
[Round 001/100] Acc=10.000 | RoundTime=26.25s | TotalTime=26.25s | Method=fedcda
[Round 002/100] Acc=10.250 | RoundTime=25.33s | TotalTime=51.58s | Method=fedcda
[Round 003/100] Acc=19.110 | RoundTime=26.62s | TotalTime=78.20s | Method=fedcda
[Round 004/100] Acc=28.750 | RoundTime=26.49s | TotalTime=104.69s | Method=fedcda
[Round 005/100] Acc=29.270 | RoundTime=26.23s | TotalTime=130.92s | Method=fedcda
[Round 006/100] Acc=25.150 | RoundTime=27.04s | TotalTime=157.96s | Method=fedcda
[Round 007/100] Acc=33.350 | RoundTime=26.13s | TotalTime=184.09s | Method=fedcda
[Round 008/100] Acc=35.660 | RoundTime=26.60s | TotalTime=210.69s | Method=fedcda
[Round 009/100] Acc=39.150 | RoundTime=26.48s | TotalTime=237.18s | Method=fedcda
[Round 010/100] Acc=27.800 | RoundTime=25.76s | TotalTime=262.94s | Method=fedcda
[Round 011/100] Acc=28.870 | RoundTime=27.91s | TotalTime=290.85s | Method=fedcda
[Round 012/100] Acc=29.680 | RoundTime=26.16s | TotalTime=317.01s | Method=fedcda
[Round 013/100] Acc=29.980 | RoundTime=21.75s | TotalTime=338.76s | Method=fedcda
[Round 014/100] Acc=41.140 | RoundTime=21.37s | TotalTime=360.13s | Method=fedcda
[Round 015/100] Acc=35.120 | RoundTime=21.17s | TotalTime=381.31s | Method=fedcda
[Round 016/100] Acc=26.870 | RoundTime=21.01s | TotalTime=402.32s | Method=fedcda
[Round 017/100] Acc=23.030 | RoundTime=21.19s | TotalTime=423.51s | Method=fedcda
[Round 018/100] Acc=37.520 | RoundTime=21.62s | TotalTime=445.13s | Method=fedcda
[Round 019/100] Acc=33.590 | RoundTime=21.28s | TotalTime=466.40s | Method=fedcda
[Round 020/100] Acc=27.350 | RoundTime=21.19s | TotalTime=487.60s | Method=fedcda
[Round 021/100] Acc=34.770 | RoundTime=21.36s | TotalTime=508.95s | Method=fedcda
[Round 022/100] Acc=42.780 | RoundTime=21.27s | TotalTime=530.22s | Method=fedcda
[Round 023/100] Acc=31.120 | RoundTime=23.26s | TotalTime=553.48s | Method=fedcda
[Round 024/100] Acc=39.510 | RoundTime=21.44s | TotalTime=574.91s | Method=fedcda
[Round 025/100] Acc=32.950 | RoundTime=21.15s | TotalTime=596.07s | Method=fedcda
[Round 026/100] Acc=33.190 | RoundTime=21.84s | TotalTime=617.91s | Method=fedcda
[Round 027/100] Acc=36.620 | RoundTime=21.56s | TotalTime=639.46s | Method=fedcda
[Round 028/100] Acc=27.720 | RoundTime=21.23s | TotalTime=660.70s | Method=fedcda
[Round 029/100] Acc=26.770 | RoundTime=21.60s | TotalTime=682.30s | Method=fedcda
[Round 030/100] Acc=42.820 | RoundTime=21.12s | TotalTime=703.42s | Method=fedcda
[Round 031/100] Acc=25.950 | RoundTime=21.80s | TotalTime=725.22s | Method=fedcda
[Round 032/100] Acc=41.310 | RoundTime=22.07s | TotalTime=747.29s | Method=fedcda
[Round 033/100] Acc=40.280 | RoundTime=21.76s | TotalTime=769.06s | Method=fedcda
[Round 034/100] Acc=27.980 | RoundTime=21.12s | TotalTime=790.18s | Method=fedcda
[Round 035/100] Acc=42.110 | RoundTime=21.49s | TotalTime=811.67s | Method=fedcda
[Round 036/100] Acc=34.300 | RoundTime=21.01s | TotalTime=832.68s | Method=fedcda
[Round 037/100] Acc=41.340 | RoundTime=23.81s | TotalTime=856.49s | Method=fedcda
[Round 038/100] Acc=33.300 | RoundTime=21.53s | TotalTime=878.02s | Method=fedcda
[Round 039/100] Acc=29.160 | RoundTime=21.13s | TotalTime=899.16s | Method=fedcda
[Round 040/100] Acc=42.310 | RoundTime=21.55s | TotalTime=920.71s | Method=fedcda
[Round 041/100] Acc=42.000 | RoundTime=21.30s | TotalTime=942.00s | Method=fedcda
[Round 042/100] Acc=31.770 | RoundTime=21.02s | TotalTime=963.02s | Method=fedcda
[Round 043/100] Acc=40.660 | RoundTime=21.20s | TotalTime=984.22s | Method=fedcda
[Round 044/100] Acc=30.480 | RoundTime=21.23s | TotalTime=1005.45s | Method=fedcda
[Round 045/100] Acc=36.040 | RoundTime=21.76s | TotalTime=1027.21s | Method=fedcda
[Round 046/100] Acc=35.430 | RoundTime=21.68s | TotalTime=1048.90s | Method=fedcda
[Round 047/100] Acc=30.880 | RoundTime=21.92s | TotalTime=1070.82s | Method=fedcda
[Round 048/100] Acc=29.430 | RoundTime=21.83s | TotalTime=1092.64s | Method=fedcda
[Round 049/100] Acc=41.140 | RoundTime=21.71s | TotalTime=1114.35s | Method=fedcda
[Round 050/100] Acc=34.380 | RoundTime=21.49s | TotalTime=1135.84s | Method=fedcda
[Round 051/100] Acc=42.510 | RoundTime=34.23s | TotalTime=1170.07s | Method=fedcda
[Round 052/100] Acc=42.610 | RoundTime=32.31s | TotalTime=1202.39s | Method=fedcda
[Round 053/100] Acc=43.120 | RoundTime=32.45s | TotalTime=1234.84s | Method=fedcda
[Round 054/100] Acc=43.250 | RoundTime=32.43s | TotalTime=1267.26s | Method=fedcda
[Round 055/100] Acc=43.860 | RoundTime=32.60s | TotalTime=1299.86s | Method=fedcda
[Round 056/100] Acc=44.130 | RoundTime=31.49s | TotalTime=1331.36s | Method=fedcda
[Round 057/100] Acc=44.510 | RoundTime=32.97s | TotalTime=1364.33s | Method=fedcda
[Round 058/100] Acc=44.330 | RoundTime=34.27s | TotalTime=1398.60s | Method=fedcda
[Round 059/100] Acc=44.440 | RoundTime=32.17s | TotalTime=1430.77s | Method=fedcda
[Round 060/100] Acc=44.580 | RoundTime=33.48s | TotalTime=1464.24s | Method=fedcda
[Round 061/100] Acc=44.450 | RoundTime=34.47s | TotalTime=1498.72s | Method=fedcda
[Round 062/100] Acc=44.730 | RoundTime=33.96s | TotalTime=1532.67s | Method=fedcda
[Round 063/100] Acc=44.720 | RoundTime=33.36s | TotalTime=1566.04s | Method=fedcda
[Round 064/100] Acc=44.980 | RoundTime=33.44s | TotalTime=1599.48s | Method=fedcda
[Round 065/100] Acc=35.250 | RoundTime=34.06s | TotalTime=1633.53s | Method=fedcda
[Round 066/100] Acc=35.310 | RoundTime=33.49s | TotalTime=1667.02s | Method=fedcda
[Round 067/100] Acc=35.300 | RoundTime=33.72s | TotalTime=1700.74s | Method=fedcda
[Round 068/100] Acc=35.310 | RoundTime=33.56s | TotalTime=1734.30s | Method=fedcda
[Round 069/100] Acc=35.570 | RoundTime=33.56s | TotalTime=1767.85s | Method=fedcda
[Round 070/100] Acc=35.460 | RoundTime=33.91s | TotalTime=1801.76s | Method=fedcda
[Round 071/100] Acc=35.750 | RoundTime=33.59s | TotalTime=1835.36s | Method=fedcda
[Round 072/100] Acc=35.960 | RoundTime=33.37s | TotalTime=1868.73s | Method=fedcda
[Round 073/100] Acc=35.900 | RoundTime=33.79s | TotalTime=1902.52s | Method=fedcda
[Round 074/100] Acc=35.690 | RoundTime=35.31s | TotalTime=1937.83s | Method=fedcda
[Round 075/100] Acc=35.660 | RoundTime=32.87s | TotalTime=1970.70s | Method=fedcda
[Round 076/100] Acc=35.830 | RoundTime=31.46s | TotalTime=2002.16s | Method=fedcda
[Round 077/100] Acc=35.800 | RoundTime=32.72s | TotalTime=2034.89s | Method=fedcda
[Round 078/100] Acc=35.740 | RoundTime=31.61s | TotalTime=2066.50s | Method=fedcda
[Round 079/100] Acc=35.900 | RoundTime=31.90s | TotalTime=2098.41s | Method=fedcda
[Round 080/100] Acc=35.950 | RoundTime=31.50s | TotalTime=2129.91s | Method=fedcda
[Round 081/100] Acc=35.930 | RoundTime=32.02s | TotalTime=2161.93s | Method=fedcda
[Round 082/100] Acc=35.430 | RoundTime=31.59s | TotalTime=2193.52s | Method=fedcda
[Round 083/100] Acc=35.440 | RoundTime=32.73s | TotalTime=2226.25s | Method=fedcda
[Round 084/100] Acc=35.560 | RoundTime=31.83s | TotalTime=2258.08s | Method=fedcda
[Round 085/100] Acc=35.650 | RoundTime=31.81s | TotalTime=2289.90s | Method=fedcda
[Round 086/100] Acc=35.270 | RoundTime=32.51s | TotalTime=2322.41s | Method=fedcda
[Round 087/100] Acc=35.320 | RoundTime=31.88s | TotalTime=2354.29s | Method=fedcda
[Round 088/100] Acc=35.520 | RoundTime=31.99s | TotalTime=2386.28s | Method=fedcda
[Round 089/100] Acc=35.240 | RoundTime=31.55s | TotalTime=2417.83s | Method=fedcda
[Round 090/100] Acc=35.240 | RoundTime=32.11s | TotalTime=2449.95s | Method=fedcda
[Round 091/100] Acc=35.400 | RoundTime=33.80s | TotalTime=2483.75s | Method=fedcda
[Round 092/100] Acc=35.470 | RoundTime=32.94s | TotalTime=2516.69s | Method=fedcda
[Round 093/100] Acc=35.520 | RoundTime=32.38s | TotalTime=2549.07s | Method=fedcda
[Round 094/100] Acc=35.470 | RoundTime=32.41s | TotalTime=2581.48s | Method=fedcda
[Round 095/100] Acc=35.450 | RoundTime=32.89s | TotalTime=2614.38s | Method=fedcda
[Round 096/100] Acc=35.370 | RoundTime=32.20s | TotalTime=2646.58s | Method=fedcda
[Round 097/100] Acc=35.430 | RoundTime=32.35s | TotalTime=2678.93s | Method=fedcda
[Round 098/100] Acc=35.230 | RoundTime=33.06s | TotalTime=2711.99s | Method=fedcda
[Round 099/100] Acc=35.080 | RoundTime=32.23s | TotalTime=2744.22s | Method=fedcda
[Round 100/100] Acc=35.190 | RoundTime=31.95s | TotalTime=2776.17s | Method=fedcda
====================================================================================================
Training finished at: 2026-03-31 00:32:13
Total elapsed time: 2776.17s
Final Acc: 35.190
Best Acc : 44.980
====================================================================================================
