====================================================================================================
Training started at: 2026-03-31 02:18:31
Result directory: results/fl_cifar10/fedcda/pm-dir_a-0.3_nm-uni_nr-0.4_nt-symmetric_st-least_sim_dr-0.4
Result txt file : results/fl_cifar10/fedcda/pm-dir_a-0.3_nm-uni_nr-0.4_nt-symmetric_st-least_sim_dr-0.4/fedcda_fl_cifar10_20260331-021831-097920_pid1086192.txt
Result log file : results/fl_cifar10/fedcda/pm-dir_a-0.3_nm-uni_nr-0.4_nt-symmetric_st-least_sim_dr-0.4/fedcda_fl_cifar10_20260331-021831-097920_pid1086192.log
----------------------------------------------------------------------------------------------------
Model: fedcda
Dataset: fl_cifar10
Structure: homogeneity
Participants: 100
Online ratio: 0.1
Communication epochs: 100
Local epoch: 10
Local batch size: 54
Local lr: 0.01
Partition mode: dirichlet
Dirichlet alpha: 0.3
Noise mode: uniform
Noise rate: 0.4
Noise type: symmetric
Noise max: 0.3
Denoise score alpha: 0.5
Drop rate: 0.4
Denoise strategy: least_sim
FedProx mu: 0.01
FedRDN std: 0.01
FedCDA history size: NA
FedGLoSS beta: 0.01
Averaging: weight
Seed: 0
====================================================================================================
[Round 001/100] Acc=10.000 | RoundTime=26.88s | TotalTime=26.88s | Method=fedcda
[Round 002/100] Acc=21.680 | RoundTime=26.69s | TotalTime=53.57s | Method=fedcda
[Round 003/100] Acc=22.850 | RoundTime=26.40s | TotalTime=79.97s | Method=fedcda
[Round 004/100] Acc=21.530 | RoundTime=27.06s | TotalTime=107.04s | Method=fedcda
[Round 005/100] Acc=26.350 | RoundTime=27.08s | TotalTime=134.11s | Method=fedcda
[Round 006/100] Acc=25.530 | RoundTime=27.64s | TotalTime=161.75s | Method=fedcda
[Round 007/100] Acc=30.200 | RoundTime=27.23s | TotalTime=188.98s | Method=fedcda
[Round 008/100] Acc=31.100 | RoundTime=27.85s | TotalTime=216.83s | Method=fedcda
[Round 009/100] Acc=28.630 | RoundTime=27.29s | TotalTime=244.13s | Method=fedcda
[Round 010/100] Acc=18.030 | RoundTime=26.48s | TotalTime=270.61s | Method=fedcda
