[Launch] model=feddenoise_v3 | dataset=fl_cifar10 | clients=10 | rounds=96 | local_epoch=5 | batch_size=64 | noise_mode=uniform | noise_value=0.5
Files already downloaded and verified
Files already downloaded and verified
mean: 5000.0
std: 0.0
Data statistics: {0: {0: 719, 1: 396, 2: 874, 3: 532, 4: 547, 5: 324, 6: 620, 7: 275, 8: 433, 9: 280}, 1: {0: 255, 1: 284, 2: 321, 3: 348, 4: 387, 5: 449, 6: 267, 7: 291, 8: 302, 9: 2096}, 2: {0: 274, 1: 883, 2: 381, 3: 532, 4: 279, 5: 279, 6: 336, 7: 1069, 8: 535, 9: 432}, 3: {0: 470, 1: 302, 2: 299, 3: 674, 4: 294, 5: 487, 6: 1273, 7: 617, 8: 303, 9: 281}, 4: {0: 508, 1: 1014, 2: 271, 3: 357, 4: 764, 5: 762, 6: 310, 7: 443, 8: 283, 9: 288}, 5: {0: 858, 1: 406, 2: 349, 3: 514, 4: 535, 5: 461, 6: 292, 7: 720, 8: 589, 9: 276}, 6: {0: 301, 1: 413, 2: 1344, 3: 387, 4: 344, 5: 342, 6: 435, 7: 760, 8: 401, 9: 273}, 7: {0: 622, 1: 444, 2: 379, 3: 287, 4: 467, 5: 312, 6: 853, 7: 279, 8: 844, 9: 513}, 8: {0: 767, 1: 509, 2: 481, 3: 977, 4: 887, 5: 291, 6: 247, 7: 255, 8: 310, 9: 276}, 9: {0: 267, 1: 319, 2: 351, 3: 381, 4: 366, 5: 1362, 6: 290, 7: 291, 8: 1082, 9: 291}}
========================================================================================================================
Training started at: 2026-04-10 20:06:54
Result directory: results/fl_cifar10/feddenoise_v3/pm-dir_a-0.5_nm-uni_nr-0.5_nt-symmetric_wr-20_sr-19_ts-4,3,2,1_tss-least_sim_tsim-full_model_cosine_wm-full_model_dr-0.62_drs-None
Result txt file : results/fl_cifar10/feddenoise_v3/pm-dir_a-0.5_nm-uni_nr-0.5_nt-symmetric_wr-20_sr-19_ts-4,3,2,1_tss-least_sim_tsim-full_model_cosine_wm-full_model_dr-0.62_drs-None/feddenoise_v3_fl_cifar10_20260410-200654-725168_pid704977.txt
Result log file : results/fl_cifar10/feddenoise_v3/pm-dir_a-0.5_nm-uni_nr-0.5_nt-symmetric_wr-20_sr-19_ts-4,3,2,1_tss-least_sim_tsim-full_model_cosine_wm-full_model_dr-0.62_drs-None/feddenoise_v3_fl_cifar10_20260410-200654-725168_pid704977.log
------------------------------------------------------------------------------------------------------------------------
Model: feddenoise_v3
Dataset: fl_cifar10
Structure: homogeneity
Participants: 10
Online ratio: 1.0
Communication epochs: 96
Local epoch: 5
Local batch size: 64
Local lr: 0.01
Partition mode: dirichlet
Dirichlet alpha: 0.5
Noise mode: uniform
Noise rate: 0.5
Noise type: symmetric
Noise max: 0.3
Averaging: weight
Seed: 0
Warmup round: 20
Stage round: 19
Teacher schedule: 4,3,2,1
Teacher select strategy: least_sim
Teacher similarity: full_model_cosine
Teacher score mode: teacher_mean
Warmup mode: full_model
Drop rate: 0.62
Drop rate schedule: None
Exclude self teacher: True
========================================================================================================================
Backbone: NoiseFLCNN NoiseFLCNN
[Round 001/096] Phase=warmup | Stage=warmup | Acc=10.000 | RoundTime=127.64s | TotalTime=127.65s | Method=feddenoise_v3
[Round 002/096] Phase=warmup | Stage=warmup | Acc=20.170 | RoundTime=125.25s | TotalTime=252.90s | Method=feddenoise_v3
[Round 003/096] Phase=warmup | Stage=warmup | Acc=31.630 | RoundTime=125.60s | TotalTime=378.52s | Method=feddenoise_v3
[Round 004/096] Phase=warmup | Stage=warmup | Acc=40.100 | RoundTime=126.02s | TotalTime=504.54s | Method=feddenoise_v3
[Round 005/096] Phase=warmup | Stage=warmup | Acc=43.930 | RoundTime=126.34s | TotalTime=630.88s | Method=feddenoise_v3
[Round 006/096] Phase=warmup | Stage=warmup | Acc=48.060 | RoundTime=127.43s | TotalTime=758.33s | Method=feddenoise_v3
[Round 007/096] Phase=warmup | Stage=warmup | Acc=49.920 | RoundTime=125.10s | TotalTime=883.44s | Method=feddenoise_v3
[Round 008/096] Phase=warmup | Stage=warmup | Acc=53.290 | RoundTime=127.36s | TotalTime=1010.81s | Method=feddenoise_v3
[Round 009/096] Phase=warmup | Stage=warmup | Acc=52.660 | RoundTime=127.44s | TotalTime=1138.26s | Method=feddenoise_v3
[Round 010/096] Phase=warmup | Stage=warmup | Acc=56.180 | RoundTime=127.48s | TotalTime=1265.75s | Method=feddenoise_v3
[Round 011/096] Phase=warmup | Stage=warmup | Acc=58.380 | RoundTime=124.94s | TotalTime=1390.69s | Method=feddenoise_v3
[Round 012/096] Phase=warmup | Stage=warmup | Acc=59.360 | RoundTime=126.27s | TotalTime=1516.97s | Method=feddenoise_v3
[Round 013/096] Phase=warmup | Stage=warmup | Acc=61.200 | RoundTime=126.52s | TotalTime=1643.50s | Method=feddenoise_v3
[Round 014/096] Phase=warmup | Stage=warmup | Acc=62.210 | RoundTime=123.73s | TotalTime=1767.24s | Method=feddenoise_v3
[Round 015/096] Phase=warmup | Stage=warmup | Acc=63.800 | RoundTime=126.65s | TotalTime=1893.89s | Method=feddenoise_v3
[Round 016/096] Phase=warmup | Stage=warmup | Acc=63.970 | RoundTime=124.82s | TotalTime=2018.72s | Method=feddenoise_v3
[Round 017/096] Phase=warmup | Stage=warmup | Acc=63.740 | RoundTime=124.36s | TotalTime=2143.09s | Method=feddenoise_v3
[Round 018/096] Phase=warmup | Stage=warmup | Acc=65.400 | RoundTime=125.66s | TotalTime=2268.76s | Method=feddenoise_v3
[Round 019/096] Phase=warmup | Stage=warmup | Acc=65.970 | RoundTime=127.08s | TotalTime=2395.85s | Method=feddenoise_v3

[Teacher Selection] Building clean subsets for stage 1 ...
[Stage 1] Client 0: teachers=[1, 9, 4, 2], avg_teacher_sim=0.9783, selected=1900
[Stage 1] Client 1: teachers=[9, 7, 3, 0], avg_teacher_sim=0.9770, selected=1900
[Stage 1] Client 2: teachers=[3, 9, 7, 6], avg_teacher_sim=0.9781, selected=1900
[Stage 1] Client 3: teachers=[9, 2, 6, 1], avg_teacher_sim=0.9773, selected=1900
[Stage 1] Client 4: teachers=[9, 3, 6, 5], avg_teacher_sim=0.9779, selected=1900
[Stage 1] Client 5: teachers=[3, 7, 4, 6], avg_teacher_sim=0.9782, selected=1900
[Stage 1] Client 6: teachers=[3, 1, 9, 4], avg_teacher_sim=0.9778, selected=1900
[Stage 1] Client 7: teachers=[1, 9, 3, 5], avg_teacher_sim=0.9777, selected=1900
[Stage 1] Client 8: teachers=[3, 1, 6, 7], avg_teacher_sim=0.9789, selected=1900
[Stage 1] Client 9: teachers=[1, 3, 7, 4], avg_teacher_sim=0.9769, selected=1900
[Stage 1] Selection summary | clean_precision=87.99 | clean_recall=66.87 | noisy_precision=73.28 | noisy_recall=90.87 | keep_ratio=38.00 | avg_teacher_similarity=0.9778
[Round 020/096] Phase=warmup | Stage=warmup | Acc=66.860 | RoundTime=158.20s | TotalTime=2554.06s | Method=feddenoise_v3
[Round 021/096] Phase=stage_1 | Stage=0 | Acc=61.360 | StagePure=87.989 | CPrec=87.989 | CRec=66.872 | NPrec=73.284 | NRec=90.872 | Keep=38.000 | TSim=0.978 | RoundTime=66.50s | TotalTime=2620.57s | Method=feddenoise_v3
[Round 022/096] Phase=stage_1 | Stage=0 | Acc=64.990 | StagePure=87.989 | CPrec=87.989 | CRec=66.872 | NPrec=73.284 | NRec=90.872 | Keep=38.000 | TSim=0.978 | RoundTime=66.11s | TotalTime=2686.69s | Method=feddenoise_v3
[Round 023/096] Phase=stage_1 | Stage=0 | Acc=67.030 | StagePure=87.989 | CPrec=87.989 | CRec=66.872 | NPrec=73.284 | NRec=90.872 | Keep=38.000 | TSim=0.978 | RoundTime=67.12s | TotalTime=2753.82s | Method=feddenoise_v3
[Round 024/096] Phase=stage_1 | Stage=0 | Acc=67.060 | StagePure=87.989 | CPrec=87.989 | CRec=66.872 | NPrec=73.284 | NRec=90.872 | Keep=38.000 | TSim=0.978 | RoundTime=69.40s | TotalTime=2823.22s | Method=feddenoise_v3
[Round 025/096] Phase=stage_1 | Stage=0 | Acc=68.560 | StagePure=87.989 | CPrec=87.989 | CRec=66.872 | NPrec=73.284 | NRec=90.872 | Keep=38.000 | TSim=0.978 | RoundTime=66.02s | TotalTime=2889.25s | Method=feddenoise_v3
[Round 026/096] Phase=stage_1 | Stage=0 | Acc=69.200 | StagePure=87.989 | CPrec=87.989 | CRec=66.872 | NPrec=73.284 | NRec=90.872 | Keep=38.000 | TSim=0.978 | RoundTime=67.40s | TotalTime=2956.66s | Method=feddenoise_v3
[Round 027/096] Phase=stage_1 | Stage=0 | Acc=69.430 | StagePure=87.989 | CPrec=87.989 | CRec=66.872 | NPrec=73.284 | NRec=90.872 | Keep=38.000 | TSim=0.978 | RoundTime=68.73s | TotalTime=3025.40s | Method=feddenoise_v3
[Round 028/096] Phase=stage_1 | Stage=0 | Acc=70.140 | StagePure=87.989 | CPrec=87.989 | CRec=66.872 | NPrec=73.284 | NRec=90.872 | Keep=38.000 | TSim=0.978 | RoundTime=68.09s | TotalTime=3093.50s | Method=feddenoise_v3
[Round 029/096] Phase=stage_1 | Stage=0 | Acc=70.060 | StagePure=87.989 | CPrec=87.989 | CRec=66.872 | NPrec=73.284 | NRec=90.872 | Keep=38.000 | TSim=0.978 | RoundTime=68.75s | TotalTime=3162.26s | Method=feddenoise_v3
[Round 030/096] Phase=stage_1 | Stage=0 | Acc=70.810 | StagePure=87.989 | CPrec=87.989 | CRec=66.872 | NPrec=73.284 | NRec=90.872 | Keep=38.000 | TSim=0.978 | RoundTime=69.15s | TotalTime=3231.42s | Method=feddenoise_v3
[Round 031/096] Phase=stage_1 | Stage=0 | Acc=71.420 | StagePure=87.989 | CPrec=87.989 | CRec=66.872 | NPrec=73.284 | NRec=90.872 | Keep=38.000 | TSim=0.978 | RoundTime=69.46s | TotalTime=3300.89s | Method=feddenoise_v3
[Round 032/096] Phase=stage_1 | Stage=0 | Acc=70.660 | StagePure=87.989 | CPrec=87.989 | CRec=66.872 | NPrec=73.284 | NRec=90.872 | Keep=38.000 | TSim=0.978 | RoundTime=67.22s | TotalTime=3368.12s | Method=feddenoise_v3
[Round 033/096] Phase=stage_1 | Stage=0 | Acc=70.560 | StagePure=87.989 | CPrec=87.989 | CRec=66.872 | NPrec=73.284 | NRec=90.872 | Keep=38.000 | TSim=0.978 | RoundTime=66.68s | TotalTime=3434.81s | Method=feddenoise_v3
[Round 034/096] Phase=stage_1 | Stage=0 | Acc=71.030 | StagePure=87.989 | CPrec=87.989 | CRec=66.872 | NPrec=73.284 | NRec=90.872 | Keep=38.000 | TSim=0.978 | RoundTime=68.94s | TotalTime=3503.77s | Method=feddenoise_v3
[Round 035/096] Phase=stage_1 | Stage=0 | Acc=70.970 | StagePure=87.989 | CPrec=87.989 | CRec=66.872 | NPrec=73.284 | NRec=90.872 | Keep=38.000 | TSim=0.978 | RoundTime=67.81s | TotalTime=3571.59s | Method=feddenoise_v3
[Round 036/096] Phase=stage_1 | Stage=0 | Acc=71.480 | StagePure=87.989 | CPrec=87.989 | CRec=66.872 | NPrec=73.284 | NRec=90.872 | Keep=38.000 | TSim=0.978 | RoundTime=66.66s | TotalTime=3638.25s | Method=feddenoise_v3
[Round 037/096] Phase=stage_1 | Stage=0 | Acc=71.350 | StagePure=87.989 | CPrec=87.989 | CRec=66.872 | NPrec=73.284 | NRec=90.872 | Keep=38.000 | TSim=0.978 | RoundTime=67.17s | TotalTime=3705.43s | Method=feddenoise_v3
[Round 038/096] Phase=stage_1 | Stage=0 | Acc=71.620 | StagePure=87.989 | CPrec=87.989 | CRec=66.872 | NPrec=73.284 | NRec=90.872 | Keep=38.000 | TSim=0.978 | RoundTime=68.32s | TotalTime=3773.76s | Method=feddenoise_v3

[Teacher Selection] Building clean subsets for stage 2 ...
[Stage 2] Client 0: teachers=[1, 3, 9], avg_teacher_sim=0.9797, selected=1900
[Stage 2] Client 1: teachers=[3, 9, 5], avg_teacher_sim=0.9760, selected=1900
[Stage 2] Client 2: teachers=[3, 1, 9], avg_teacher_sim=0.9803, selected=1900
[Stage 2] Client 3: teachers=[1, 4, 7], avg_teacher_sim=0.9747, selected=1900
[Stage 2] Client 4: teachers=[3, 1, 9], avg_teacher_sim=0.9785, selected=1900
[Stage 2] Client 5: teachers=[3, 1, 9], avg_teacher_sim=0.9784, selected=1900
[Stage 2] Client 6: teachers=[1, 3, 9], avg_teacher_sim=0.9787, selected=1900
[Stage 2] Client 7: teachers=[3, 1, 6], avg_teacher_sim=0.9786, selected=1900
[Stage 2] Client 8: teachers=[3, 1, 6], avg_teacher_sim=0.9797, selected=1900
[Stage 2] Client 9: teachers=[3, 1, 6], avg_teacher_sim=0.9778, selected=1900
[Stage 2] Selection summary | clean_precision=90.57 | clean_recall=68.83 | noisy_precision=74.86 | noisy_recall=92.83 | keep_ratio=38.00 | avg_teacher_similarity=0.9782
[Round 039/096] Phase=stage_1 | Stage=0 | Acc=71.760 | StagePure=87.989 | CPrec=87.989 | CRec=66.872 | NPrec=73.284 | NRec=90.872 | Keep=38.000 | TSim=0.978 | RoundTime=89.36s | TotalTime=3863.13s | Method=feddenoise_v3
[Round 040/096] Phase=stage_2 | Stage=1 | Acc=71.480 | StagePure=90.568 | CPrec=90.568 | CRec=68.832 | NPrec=74.865 | NRec=92.832 | Keep=38.000 | TSim=0.978 | RoundTime=68.52s | TotalTime=3931.66s | Method=feddenoise_v3
[Round 041/096] Phase=stage_2 | Stage=1 | Acc=71.680 | StagePure=90.568 | CPrec=90.568 | CRec=68.832 | NPrec=74.865 | NRec=92.832 | Keep=38.000 | TSim=0.978 | RoundTime=68.84s | TotalTime=4000.51s | Method=feddenoise_v3
[Round 042/096] Phase=stage_2 | Stage=1 | Acc=71.410 | StagePure=90.568 | CPrec=90.568 | CRec=68.832 | NPrec=74.865 | NRec=92.832 | Keep=38.000 | TSim=0.978 | RoundTime=68.37s | TotalTime=4068.88s | Method=feddenoise_v3
[Round 043/096] Phase=stage_2 | Stage=1 | Acc=72.020 | StagePure=90.568 | CPrec=90.568 | CRec=68.832 | NPrec=74.865 | NRec=92.832 | Keep=38.000 | TSim=0.978 | RoundTime=68.26s | TotalTime=4137.15s | Method=feddenoise_v3
[Round 044/096] Phase=stage_2 | Stage=1 | Acc=72.180 | StagePure=90.568 | CPrec=90.568 | CRec=68.832 | NPrec=74.865 | NRec=92.832 | Keep=38.000 | TSim=0.978 | RoundTime=66.89s | TotalTime=4204.05s | Method=feddenoise_v3
[Round 045/096] Phase=stage_2 | Stage=1 | Acc=71.710 | StagePure=90.568 | CPrec=90.568 | CRec=68.832 | NPrec=74.865 | NRec=92.832 | Keep=38.000 | TSim=0.978 | RoundTime=67.24s | TotalTime=4271.30s | Method=feddenoise_v3
[Round 046/096] Phase=stage_2 | Stage=1 | Acc=72.150 | StagePure=90.568 | CPrec=90.568 | CRec=68.832 | NPrec=74.865 | NRec=92.832 | Keep=38.000 | TSim=0.978 | RoundTime=68.24s | TotalTime=4339.54s | Method=feddenoise_v3
[Round 047/096] Phase=stage_2 | Stage=1 | Acc=73.100 | StagePure=90.568 | CPrec=90.568 | CRec=68.832 | NPrec=74.865 | NRec=92.832 | Keep=38.000 | TSim=0.978 | RoundTime=68.72s | TotalTime=4408.27s | Method=feddenoise_v3
[Round 048/096] Phase=stage_2 | Stage=1 | Acc=72.890 | StagePure=90.568 | CPrec=90.568 | CRec=68.832 | NPrec=74.865 | NRec=92.832 | Keep=38.000 | TSim=0.978 | RoundTime=67.29s | TotalTime=4475.57s | Method=feddenoise_v3
[Round 049/096] Phase=stage_2 | Stage=1 | Acc=72.480 | StagePure=90.568 | CPrec=90.568 | CRec=68.832 | NPrec=74.865 | NRec=92.832 | Keep=38.000 | TSim=0.978 | RoundTime=68.57s | TotalTime=4544.15s | Method=feddenoise_v3
[Round 050/096] Phase=stage_2 | Stage=1 | Acc=72.920 | StagePure=90.568 | CPrec=90.568 | CRec=68.832 | NPrec=74.865 | NRec=92.832 | Keep=38.000 | TSim=0.978 | RoundTime=68.08s | TotalTime=4612.24s | Method=feddenoise_v3
[Round 051/096] Phase=stage_2 | Stage=1 | Acc=72.130 | StagePure=90.568 | CPrec=90.568 | CRec=68.832 | NPrec=74.865 | NRec=92.832 | Keep=38.000 | TSim=0.978 | RoundTime=68.59s | TotalTime=4680.84s | Method=feddenoise_v3
[Round 052/096] Phase=stage_2 | Stage=1 | Acc=72.950 | StagePure=90.568 | CPrec=90.568 | CRec=68.832 | NPrec=74.865 | NRec=92.832 | Keep=38.000 | TSim=0.978 | RoundTime=68.67s | TotalTime=4749.52s | Method=feddenoise_v3
[Round 053/096] Phase=stage_2 | Stage=1 | Acc=72.490 | StagePure=90.568 | CPrec=90.568 | CRec=68.832 | NPrec=74.865 | NRec=92.832 | Keep=38.000 | TSim=0.978 | RoundTime=69.05s | TotalTime=4818.59s | Method=feddenoise_v3
[Round 054/096] Phase=stage_2 | Stage=1 | Acc=72.640 | StagePure=90.568 | CPrec=90.568 | CRec=68.832 | NPrec=74.865 | NRec=92.832 | Keep=38.000 | TSim=0.978 | RoundTime=67.75s | TotalTime=4886.35s | Method=feddenoise_v3
[Round 055/096] Phase=stage_2 | Stage=1 | Acc=73.100 | StagePure=90.568 | CPrec=90.568 | CRec=68.832 | NPrec=74.865 | NRec=92.832 | Keep=38.000 | TSim=0.978 | RoundTime=67.01s | TotalTime=4953.37s | Method=feddenoise_v3
[Round 056/096] Phase=stage_2 | Stage=1 | Acc=72.640 | StagePure=90.568 | CPrec=90.568 | CRec=68.832 | NPrec=74.865 | NRec=92.832 | Keep=38.000 | TSim=0.978 | RoundTime=67.67s | TotalTime=5021.05s | Method=feddenoise_v3
[Round 057/096] Phase=stage_2 | Stage=1 | Acc=72.620 | StagePure=90.568 | CPrec=90.568 | CRec=68.832 | NPrec=74.865 | NRec=92.832 | Keep=38.000 | TSim=0.978 | RoundTime=68.04s | TotalTime=5089.10s | Method=feddenoise_v3

[Teacher Selection] Building clean subsets for stage 3 ...
[Stage 3] Client 0: teachers=[4, 1], avg_teacher_sim=0.9806, selected=1900
[Stage 3] Client 1: teachers=[4, 9], avg_teacher_sim=0.9776, selected=1900
[Stage 3] Client 2: teachers=[9, 4], avg_teacher_sim=0.9825, selected=1900
[Stage 3] Client 3: teachers=[4, 1], avg_teacher_sim=0.9785, selected=1900
[Stage 3] Client 4: teachers=[3, 1], avg_teacher_sim=0.9755, selected=1900
[Stage 3] Client 5: teachers=[4, 1], avg_teacher_sim=0.9822, selected=1900
[Stage 3] Client 6: teachers=[4, 9], avg_teacher_sim=0.9797, selected=1900
[Stage 3] Client 7: teachers=[4, 9], avg_teacher_sim=0.9822, selected=1900
[Stage 3] Client 8: teachers=[4, 9], avg_teacher_sim=0.9803, selected=1900
[Stage 3] Client 9: teachers=[4, 1], avg_teacher_sim=0.9783, selected=1900
[Stage 3] Selection summary | clean_precision=90.49 | clean_recall=68.77 | noisy_precision=74.82 | noisy_recall=92.77 | keep_ratio=38.00 | avg_teacher_similarity=0.9797
[Round 058/096] Phase=stage_2 | Stage=1 | Acc=72.790 | StagePure=90.568 | CPrec=90.568 | CRec=68.832 | NPrec=74.865 | NRec=92.832 | Keep=38.000 | TSim=0.978 | RoundTime=84.33s | TotalTime=5173.44s | Method=feddenoise_v3
[Round 059/096] Phase=stage_3 | Stage=2 | Acc=72.080 | StagePure=90.489 | CPrec=90.489 | CRec=68.772 | NPrec=74.816 | NRec=92.772 | Keep=38.000 | TSim=0.980 | RoundTime=68.17s | TotalTime=5241.62s | Method=feddenoise_v3
[Round 060/096] Phase=stage_3 | Stage=2 | Acc=71.830 | StagePure=90.489 | CPrec=90.489 | CRec=68.772 | NPrec=74.816 | NRec=92.772 | Keep=38.000 | TSim=0.980 | RoundTime=67.41s | TotalTime=5309.05s | Method=feddenoise_v3
[Round 061/096] Phase=stage_3 | Stage=2 | Acc=71.750 | StagePure=90.489 | CPrec=90.489 | CRec=68.772 | NPrec=74.816 | NRec=92.772 | Keep=38.000 | TSim=0.980 | RoundTime=67.89s | TotalTime=5376.95s | Method=feddenoise_v3
[Round 062/096] Phase=stage_3 | Stage=2 | Acc=72.010 | StagePure=90.489 | CPrec=90.489 | CRec=68.772 | NPrec=74.816 | NRec=92.772 | Keep=38.000 | TSim=0.980 | RoundTime=67.75s | TotalTime=5444.71s | Method=feddenoise_v3
[Round 063/096] Phase=stage_3 | Stage=2 | Acc=71.620 | StagePure=90.489 | CPrec=90.489 | CRec=68.772 | NPrec=74.816 | NRec=92.772 | Keep=38.000 | TSim=0.980 | RoundTime=67.39s | TotalTime=5512.11s | Method=feddenoise_v3
[Round 064/096] Phase=stage_3 | Stage=2 | Acc=72.890 | StagePure=90.489 | CPrec=90.489 | CRec=68.772 | NPrec=74.816 | NRec=92.772 | Keep=38.000 | TSim=0.980 | RoundTime=66.85s | TotalTime=5578.98s | Method=feddenoise_v3
[Round 065/096] Phase=stage_3 | Stage=2 | Acc=72.580 | StagePure=90.489 | CPrec=90.489 | CRec=68.772 | NPrec=74.816 | NRec=92.772 | Keep=38.000 | TSim=0.980 | RoundTime=68.16s | TotalTime=5647.15s | Method=feddenoise_v3
[Round 066/096] Phase=stage_3 | Stage=2 | Acc=72.390 | StagePure=90.489 | CPrec=90.489 | CRec=68.772 | NPrec=74.816 | NRec=92.772 | Keep=38.000 | TSim=0.980 | RoundTime=67.54s | TotalTime=5714.70s | Method=feddenoise_v3
[Round 067/096] Phase=stage_3 | Stage=2 | Acc=72.720 | StagePure=90.489 | CPrec=90.489 | CRec=68.772 | NPrec=74.816 | NRec=92.772 | Keep=38.000 | TSim=0.980 | RoundTime=69.12s | TotalTime=5783.83s | Method=feddenoise_v3
[Round 068/096] Phase=stage_3 | Stage=2 | Acc=72.480 | StagePure=90.489 | CPrec=90.489 | CRec=68.772 | NPrec=74.816 | NRec=92.772 | Keep=38.000 | TSim=0.980 | RoundTime=66.56s | TotalTime=5850.41s | Method=feddenoise_v3
[Round 069/096] Phase=stage_3 | Stage=2 | Acc=72.410 | StagePure=90.489 | CPrec=90.489 | CRec=68.772 | NPrec=74.816 | NRec=92.772 | Keep=38.000 | TSim=0.980 | RoundTime=69.02s | TotalTime=5919.44s | Method=feddenoise_v3
[Round 070/096] Phase=stage_3 | Stage=2 | Acc=72.240 | StagePure=90.489 | CPrec=90.489 | CRec=68.772 | NPrec=74.816 | NRec=92.772 | Keep=38.000 | TSim=0.980 | RoundTime=69.49s | TotalTime=5988.95s | Method=feddenoise_v3
[Round 071/096] Phase=stage_3 | Stage=2 | Acc=72.080 | StagePure=90.489 | CPrec=90.489 | CRec=68.772 | NPrec=74.816 | NRec=92.772 | Keep=38.000 | TSim=0.980 | RoundTime=67.56s | TotalTime=6056.52s | Method=feddenoise_v3
[Round 072/096] Phase=stage_3 | Stage=2 | Acc=72.690 | StagePure=90.489 | CPrec=90.489 | CRec=68.772 | NPrec=74.816 | NRec=92.772 | Keep=38.000 | TSim=0.980 | RoundTime=67.51s | TotalTime=6124.04s | Method=feddenoise_v3
[Round 073/096] Phase=stage_3 | Stage=2 | Acc=72.140 | StagePure=90.489 | CPrec=90.489 | CRec=68.772 | NPrec=74.816 | NRec=92.772 | Keep=38.000 | TSim=0.980 | RoundTime=67.92s | TotalTime=6191.97s | Method=feddenoise_v3
[Round 074/096] Phase=stage_3 | Stage=2 | Acc=72.990 | StagePure=90.489 | CPrec=90.489 | CRec=68.772 | NPrec=74.816 | NRec=92.772 | Keep=38.000 | TSim=0.980 | RoundTime=68.75s | TotalTime=6260.73s | Method=feddenoise_v3
[Round 075/096] Phase=stage_3 | Stage=2 | Acc=72.200 | StagePure=90.489 | CPrec=90.489 | CRec=68.772 | NPrec=74.816 | NRec=92.772 | Keep=38.000 | TSim=0.980 | RoundTime=67.82s | TotalTime=6328.57s | Method=feddenoise_v3
[Round 076/096] Phase=stage_3 | Stage=2 | Acc=72.460 | StagePure=90.489 | CPrec=90.489 | CRec=68.772 | NPrec=74.816 | NRec=92.772 | Keep=38.000 | TSim=0.980 | RoundTime=67.32s | TotalTime=6395.90s | Method=feddenoise_v3

[Teacher Selection] Building clean subsets for stage 4 ...
[Stage 4] Client 0: teachers=[9], avg_teacher_sim=0.9822, selected=1900
[Stage 4] Client 1: teachers=[9], avg_teacher_sim=0.9762, selected=1900
[Stage 4] Client 2: teachers=[9], avg_teacher_sim=0.9805, selected=1900
[Stage 4] Client 3: teachers=[1], avg_teacher_sim=0.9795, selected=1900
[Stage 4] Client 4: teachers=[9], avg_teacher_sim=0.9787, selected=1900
[Stage 4] Client 5: teachers=[9], avg_teacher_sim=0.9806, selected=1900
[Stage 4] Client 6: teachers=[9], avg_teacher_sim=0.9806, selected=1900
[Stage 4] Client 7: teachers=[9], avg_teacher_sim=0.9814, selected=1900
[Stage 4] Client 8: teachers=[9], avg_teacher_sim=0.9789, selected=1900
[Stage 4] Client 9: teachers=[1], avg_teacher_sim=0.9762, selected=1900
[Stage 4] Selection summary | clean_precision=89.15 | clean_recall=67.76 | noisy_precision=74.00 | noisy_recall=91.76 | keep_ratio=38.00 | avg_teacher_similarity=0.9795
[Round 077/096] Phase=stage_3 | Stage=2 | Acc=73.020 | StagePure=90.489 | CPrec=90.489 | CRec=68.772 | NPrec=74.816 | NRec=92.772 | Keep=38.000 | TSim=0.980 | RoundTime=82.81s | TotalTime=6478.72s | Method=feddenoise_v3
[Round 078/096] Phase=stage_4 | Stage=3 | Acc=71.800 | StagePure=89.153 | CPrec=89.153 | CRec=67.756 | NPrec=73.997 | NRec=91.756 | Keep=38.000 | TSim=0.979 | RoundTime=67.63s | TotalTime=6546.36s | Method=feddenoise_v3
[Round 079/096] Phase=stage_4 | Stage=3 | Acc=71.570 | StagePure=89.153 | CPrec=89.153 | CRec=67.756 | NPrec=73.997 | NRec=91.756 | Keep=38.000 | TSim=0.979 | RoundTime=69.77s | TotalTime=6616.14s | Method=feddenoise_v3
[Round 080/096] Phase=stage_4 | Stage=3 | Acc=71.620 | StagePure=89.153 | CPrec=89.153 | CRec=67.756 | NPrec=73.997 | NRec=91.756 | Keep=38.000 | TSim=0.979 | RoundTime=68.53s | TotalTime=6684.69s | Method=feddenoise_v3
[Round 081/096] Phase=stage_4 | Stage=3 | Acc=71.960 | StagePure=89.153 | CPrec=89.153 | CRec=67.756 | NPrec=73.997 | NRec=91.756 | Keep=38.000 | TSim=0.979 | RoundTime=68.68s | TotalTime=6753.37s | Method=feddenoise_v3
[Round 082/096] Phase=stage_4 | Stage=3 | Acc=71.760 | StagePure=89.153 | CPrec=89.153 | CRec=67.756 | NPrec=73.997 | NRec=91.756 | Keep=38.000 | TSim=0.979 | RoundTime=68.59s | TotalTime=6821.97s | Method=feddenoise_v3
[Round 083/096] Phase=stage_4 | Stage=3 | Acc=71.290 | StagePure=89.153 | CPrec=89.153 | CRec=67.756 | NPrec=73.997 | NRec=91.756 | Keep=38.000 | TSim=0.979 | RoundTime=68.19s | TotalTime=6890.18s | Method=feddenoise_v3
[Round 084/096] Phase=stage_4 | Stage=3 | Acc=71.180 | StagePure=89.153 | CPrec=89.153 | CRec=67.756 | NPrec=73.997 | NRec=91.756 | Keep=38.000 | TSim=0.979 | RoundTime=68.00s | TotalTime=6958.19s | Method=feddenoise_v3
[Round 085/096] Phase=stage_4 | Stage=3 | Acc=70.900 | StagePure=89.153 | CPrec=89.153 | CRec=67.756 | NPrec=73.997 | NRec=91.756 | Keep=38.000 | TSim=0.979 | RoundTime=68.46s | TotalTime=7026.65s | Method=feddenoise_v3
[Round 086/096] Phase=stage_4 | Stage=3 | Acc=71.790 | StagePure=89.153 | CPrec=89.153 | CRec=67.756 | NPrec=73.997 | NRec=91.756 | Keep=38.000 | TSim=0.979 | RoundTime=68.24s | TotalTime=7094.91s | Method=feddenoise_v3
[Round 087/096] Phase=stage_4 | Stage=3 | Acc=71.840 | StagePure=89.153 | CPrec=89.153 | CRec=67.756 | NPrec=73.997 | NRec=91.756 | Keep=38.000 | TSim=0.979 | RoundTime=68.42s | TotalTime=7163.34s | Method=feddenoise_v3
[Round 088/096] Phase=stage_4 | Stage=3 | Acc=71.620 | StagePure=89.153 | CPrec=89.153 | CRec=67.756 | NPrec=73.997 | NRec=91.756 | Keep=38.000 | TSim=0.979 | RoundTime=68.59s | TotalTime=7231.94s | Method=feddenoise_v3
