[Launch] model=feddenoise_v3 | dataset=fl_mnist | clients=10 | rounds=96 | local_epoch=5 | batch_size=64 | noise_mode=uniform | noise_value=0.5
mean: 6000.0
std: 0.0
Data statistics: {0: {0: 666, 1: 356, 2: 638, 3: 1164, 4: 409, 5: 822, 6: 368, 7: 492, 8: 772, 9: 313}, 1: {0: 677, 1: 778, 2: 1526, 3: 995, 4: 328, 5: 336, 6: 326, 7: 334, 8: 352, 9: 348}, 2: {0: 667, 1: 761, 2: 606, 3: 511, 4: 740, 5: 370, 6: 590, 7: 853, 8: 575, 9: 327}, 3: {0: 479, 1: 746, 2: 428, 3: 786, 4: 806, 5: 664, 6: 885, 7: 499, 8: 376, 9: 331}, 4: {0: 449, 1: 488, 2: 726, 3: 669, 4: 364, 5: 681, 6: 389, 7: 409, 8: 1288, 9: 537}, 5: {0: 404, 1: 747, 2: 417, 3: 426, 4: 470, 5: 410, 6: 1014, 7: 663, 8: 701, 9: 748}, 6: {0: 942, 1: 363, 2: 504, 3: 447, 4: 1217, 5: 418, 6: 402, 7: 944, 8: 436, 9: 327}, 7: {0: 601, 1: 977, 2: 433, 3: 350, 4: 450, 5: 551, 6: 776, 7: 1149, 8: 366, 9: 347}, 8: {0: 448, 1: 373, 2: 352, 3: 334, 4: 631, 5: 950, 6: 632, 7: 350, 8: 514, 9: 1416}, 9: {0: 744, 1: 716, 2: 366, 3: 392, 4: 399, 5: 442, 6: 567, 7: 337, 8: 720, 9: 1317}}
========================================================================================================================
Training started at: 2026-04-09 16:39:18
Result directory: results/fl_mnist/feddenoise_v3/pm-dir_a-0.8_nm-uni_nr-0.5_nt-symmetric_wr-20_sr-19_ts-4,3,2,1_tss-most_sim_tsim-full_model_cosine_wm-full_model_dr-0.15_drs-0.1,0.3,0.4,0.5
Result txt file : results/fl_mnist/feddenoise_v3/pm-dir_a-0.8_nm-uni_nr-0.5_nt-symmetric_wr-20_sr-19_ts-4,3,2,1_tss-most_sim_tsim-full_model_cosine_wm-full_model_dr-0.15_drs-0.1,0.3,0.4,0.5/feddenoise_v3_fl_mnist_20260409-163918-897303_pid828881.txt
Result log file : results/fl_mnist/feddenoise_v3/pm-dir_a-0.8_nm-uni_nr-0.5_nt-symmetric_wr-20_sr-19_ts-4,3,2,1_tss-most_sim_tsim-full_model_cosine_wm-full_model_dr-0.15_drs-0.1,0.3,0.4,0.5/feddenoise_v3_fl_mnist_20260409-163918-897303_pid828881.log
------------------------------------------------------------------------------------------------------------------------
Model: feddenoise_v3
Dataset: fl_mnist
Structure: homogeneity
Participants: 10
Online ratio: 1.0
Communication epochs: 96
Local epoch: 5
Local batch size: 64
Local lr: 0.01
Partition mode: dirichlet
Dirichlet alpha: 0.8
Noise mode: uniform
Noise rate: 0.5
Noise type: symmetric
Noise max: 0.3
Averaging: weight
Seed: 0
Warmup round: 20
Stage round: 19
Teacher schedule: 4,3,2,1
Teacher select strategy: most_sim
Teacher similarity: full_model_cosine
Teacher score mode: teacher_mean
Warmup mode: full_model
Drop rate: 0.15
Drop rate schedule: 0.1,0.3,0.4,0.5
Exclude self teacher: True
========================================================================================================================
Backbone: NoiseFLCNN NoiseFLCNN
[Round 001/096] Phase=warmup | Stage=warmup | Acc=11.350 | RoundTime=150.53s | TotalTime=150.53s | Method=feddenoise_v3
[Round 002/096] Phase=warmup | Stage=warmup | Acc=82.710 | RoundTime=149.96s | TotalTime=300.50s | Method=feddenoise_v3
[Round 003/096] Phase=warmup | Stage=warmup | Acc=96.300 | RoundTime=149.64s | TotalTime=450.15s | Method=feddenoise_v3
[Round 004/096] Phase=warmup | Stage=warmup | Acc=97.860 | RoundTime=149.79s | TotalTime=599.95s | Method=feddenoise_v3
[Round 005/096] Phase=warmup | Stage=warmup | Acc=98.240 | RoundTime=147.94s | TotalTime=747.91s | Method=feddenoise_v3
[Round 006/096] Phase=warmup | Stage=warmup | Acc=98.230 | RoundTime=149.68s | TotalTime=897.60s | Method=feddenoise_v3
[Round 007/096] Phase=warmup | Stage=warmup | Acc=97.670 | RoundTime=149.19s | TotalTime=1046.80s | Method=feddenoise_v3
[Round 008/096] Phase=warmup | Stage=warmup | Acc=97.170 | RoundTime=148.10s | TotalTime=1194.91s | Method=feddenoise_v3
[Round 009/096] Phase=warmup | Stage=warmup | Acc=95.580 | RoundTime=149.38s | TotalTime=1344.30s | Method=feddenoise_v3
[Round 010/096] Phase=warmup | Stage=warmup | Acc=93.240 | RoundTime=148.86s | TotalTime=1493.28s | Method=feddenoise_v3
[Round 011/096] Phase=warmup | Stage=warmup | Acc=91.260 | RoundTime=148.76s | TotalTime=1642.05s | Method=feddenoise_v3
[Round 012/096] Phase=warmup | Stage=warmup | Acc=88.090 | RoundTime=149.12s | TotalTime=1791.18s | Method=feddenoise_v3
[Round 013/096] Phase=warmup | Stage=warmup | Acc=86.270 | RoundTime=147.60s | TotalTime=1938.79s | Method=feddenoise_v3
[Round 014/096] Phase=warmup | Stage=warmup | Acc=84.640 | RoundTime=149.97s | TotalTime=2088.76s | Method=feddenoise_v3
[Round 015/096] Phase=warmup | Stage=warmup | Acc=84.880 | RoundTime=148.86s | TotalTime=2237.63s | Method=feddenoise_v3
[Round 016/096] Phase=warmup | Stage=warmup | Acc=83.030 | RoundTime=148.82s | TotalTime=2386.46s | Method=feddenoise_v3
[Round 017/096] Phase=warmup | Stage=warmup | Acc=82.690 | RoundTime=149.07s | TotalTime=2535.53s | Method=feddenoise_v3
[Round 018/096] Phase=warmup | Stage=warmup | Acc=82.170 | RoundTime=149.40s | TotalTime=2684.93s | Method=feddenoise_v3
[Round 019/096] Phase=warmup | Stage=warmup | Acc=81.310 | RoundTime=150.87s | TotalTime=2835.81s | Method=feddenoise_v3
