====================================================================================================
Training started at: 2026-03-31 10:03:47
Result directory: results/fl_cifar10/fedcda/pm-dir_a-0.5_nm-uni_nr-0.2_nt-symmetric_st-least_sim_dr-0.15
Result txt file : results/fl_cifar10/fedcda/pm-dir_a-0.5_nm-uni_nr-0.2_nt-symmetric_st-least_sim_dr-0.15/fedcda_fl_cifar10_20260331-100347-732303_pid561767.txt
Result log file : results/fl_cifar10/fedcda/pm-dir_a-0.5_nm-uni_nr-0.2_nt-symmetric_st-least_sim_dr-0.15/fedcda_fl_cifar10_20260331-100347-732303_pid561767.log
----------------------------------------------------------------------------------------------------
Model: fedcda
Dataset: fl_cifar10
Structure: homogeneity
Participants: 100
Online ratio: 0.1
Communication epochs: 100
Local epoch: 10
Local batch size: 32
Local lr: 0.01
Partition mode: dirichlet
Dirichlet alpha: 0.5
Noise mode: uniform
Noise rate: 0.2
Noise type: symmetric
Noise max: 0.3
Denoise score alpha: 0.5
Drop rate: 0.15
Denoise strategy: least_sim
FedProx mu: 0.01
FedRDN std: 0.01
FedCDA history size: NA
FedGLoSS beta: 0.01
Averaging: weight
Seed: 0
====================================================================================================
[Round 001/100] Acc=10.000 | RoundTime=27.80s | TotalTime=27.80s | Method=fedcda
[Round 002/100] Acc=10.000 | RoundTime=26.86s | TotalTime=54.66s | Method=fedcda
[Round 003/100] Acc=21.990 | RoundTime=27.40s | TotalTime=82.06s | Method=fedcda
[Round 004/100] Acc=31.060 | RoundTime=27.46s | TotalTime=109.52s | Method=fedcda
[Round 005/100] Acc=25.210 | RoundTime=26.43s | TotalTime=135.96s | Method=fedcda
[Round 006/100] Acc=45.910 | RoundTime=26.54s | TotalTime=162.50s | Method=fedcda
[Round 007/100] Acc=33.700 | RoundTime=26.67s | TotalTime=189.17s | Method=fedcda
[Round 008/100] Acc=39.140 | RoundTime=27.71s | TotalTime=216.89s | Method=fedcda
[Round 009/100] Acc=39.640 | RoundTime=28.24s | TotalTime=245.12s | Method=fedcda
[Round 010/100] Acc=34.040 | RoundTime=29.35s | TotalTime=274.47s | Method=fedcda
[Round 011/100] Acc=45.030 | RoundTime=27.03s | TotalTime=301.50s | Method=fedcda
[Round 012/100] Acc=36.850 | RoundTime=28.05s | TotalTime=329.54s | Method=fedcda
