========================================================================================================================
Training started at: 2026-04-07 01:44:50
Result directory: results/fl_mnist/fedavg/pm-dir_a-0.1_nm-uni_nr-0.3_nt-symmetric
Result txt file : results/fl_mnist/fedavg/pm-dir_a-0.1_nm-uni_nr-0.3_nt-symmetric/fedavg_fl_mnist_20260407-014450-947394_pid3605250.txt
Result log file : results/fl_mnist/fedavg/pm-dir_a-0.1_nm-uni_nr-0.3_nt-symmetric/fedavg_fl_mnist_20260407-014450-947394_pid3605250.log
------------------------------------------------------------------------------------------------------------------------
Model: fedavg
Dataset: fl_mnist
Structure: homogeneity
Participants: 10
Online ratio: 1.0
Communication epochs: 210
Local epoch: 1
Local batch size: 64
Local lr: 0.01
Partition mode: dirichlet
Dirichlet alpha: 0.1
Noise mode: uniform
Noise rate: 0.3
Noise type: symmetric
Noise max: 0.3
Averaging: weight
Seed: 0
========================================================================================================================
[Round 001/210] Phase=standard | Stage=warmup | Acc=11.350 | RoundTime=30.96s | TotalTime=30.96s | Method=fedavg
[Round 002/210] Phase=standard | Stage=warmup | Acc=11.350 | RoundTime=35.24s | TotalTime=66.21s | Method=fedavg
