====================================================================================================
Training started at: 2026-03-27 01:23:24
Result directory: results/fl_cifar10/fedrdn/pm-dir_a-0.3_nm-uni_nr-0.3_nt-symmetric_st-least_sim_dr-0.15
Result txt file : results/fl_cifar10/fedrdn/pm-dir_a-0.3_nm-uni_nr-0.3_nt-symmetric_st-least_sim_dr-0.15/fedrdn_fl_cifar10_20260327-012324-261237_pid2853972.txt
Result log file : results/fl_cifar10/fedrdn/pm-dir_a-0.3_nm-uni_nr-0.3_nt-symmetric_st-least_sim_dr-0.15/fedrdn_fl_cifar10_20260327-012324-261237_pid2853972.log
----------------------------------------------------------------------------------------------------
Model: fedrdn
Dataset: fl_cifar10
Structure: homogeneity
Participants: 100
Online ratio: 0.1
Communication epochs: 100
Local epoch: 10
Local batch size: 64
Local lr: 0.01
Partition mode: dirichlet
Dirichlet alpha: 0.3
Noise mode: uniform
Noise rate: 0.3
Noise type: symmetric
Noise max: 0.3
Denoise score alpha: 0.5
Drop rate: 0.15
Denoise strategy: least_sim
FedProx mu: 0.01
FedRDN std: 0.01
FedCDA history size: NA
FedGLoSS beta: 0.01
Averaging: weight
Seed: 0
====================================================================================================
[Round 001/100] Acc=10.870 | RoundTime=42.85s | TotalTime=42.85s | Method=fedrdn
[Round 002/100] Acc=16.320 | RoundTime=26.37s | TotalTime=69.22s | Method=fedrdn
[Round 003/100] Acc=26.610 | RoundTime=25.99s | TotalTime=95.21s | Method=fedrdn
[Round 004/100] Acc=35.030 | RoundTime=25.78s | TotalTime=121.00s | Method=fedrdn
[Round 005/100] Acc=33.460 | RoundTime=26.17s | TotalTime=147.17s | Method=fedrdn
[Round 006/100] Acc=36.860 | RoundTime=38.27s | TotalTime=185.44s | Method=fedrdn
[Round 007/100] Acc=41.440 | RoundTime=25.13s | TotalTime=210.57s | Method=fedrdn
[Round 008/100] Acc=42.150 | RoundTime=25.41s | TotalTime=235.98s | Method=fedrdn
[Round 009/100] Acc=38.610 | RoundTime=25.20s | TotalTime=261.18s | Method=fedrdn
[Round 010/100] Acc=42.560 | RoundTime=25.82s | TotalTime=287.00s | Method=fedrdn
[Round 011/100] Acc=48.870 | RoundTime=25.61s | TotalTime=312.61s | Method=fedrdn
[Round 012/100] Acc=46.480 | RoundTime=25.54s | TotalTime=338.15s | Method=fedrdn
[Round 013/100] Acc=47.450 | RoundTime=24.82s | TotalTime=362.98s | Method=fedrdn
[Round 014/100] Acc=47.710 | RoundTime=26.14s | TotalTime=389.12s | Method=fedrdn
[Round 015/100] Acc=48.280 | RoundTime=25.05s | TotalTime=414.17s | Method=fedrdn
[Round 016/100] Acc=51.300 | RoundTime=26.02s | TotalTime=440.19s | Method=fedrdn
[Round 017/100] Acc=46.310 | RoundTime=26.54s | TotalTime=466.72s | Method=fedrdn
[Round 018/100] Acc=49.210 | RoundTime=25.85s | TotalTime=492.57s | Method=fedrdn
[Round 019/100] Acc=47.080 | RoundTime=26.78s | TotalTime=519.35s | Method=fedrdn
[Round 020/100] Acc=49.120 | RoundTime=26.19s | TotalTime=545.55s | Method=fedrdn
[Round 021/100] Acc=50.270 | RoundTime=26.12s | TotalTime=571.66s | Method=fedrdn
[Round 022/100] Acc=48.070 | RoundTime=24.94s | TotalTime=596.60s | Method=fedrdn
[Round 023/100] Acc=50.350 | RoundTime=23.28s | TotalTime=619.89s | Method=fedrdn
[Round 024/100] Acc=38.940 | RoundTime=22.06s | TotalTime=641.95s | Method=fedrdn
[Round 025/100] Acc=49.270 | RoundTime=21.78s | TotalTime=663.72s | Method=fedrdn
[Round 026/100] Acc=46.830 | RoundTime=22.23s | TotalTime=685.95s | Method=fedrdn
[Round 027/100] Acc=47.050 | RoundTime=22.72s | TotalTime=708.67s | Method=fedrdn
[Round 028/100] Acc=47.580 | RoundTime=22.59s | TotalTime=731.26s | Method=fedrdn
[Round 029/100] Acc=48.320 | RoundTime=22.42s | TotalTime=753.68s | Method=fedrdn
[Round 030/100] Acc=50.830 | RoundTime=22.08s | TotalTime=775.77s | Method=fedrdn
[Round 031/100] Acc=48.680 | RoundTime=22.06s | TotalTime=797.82s | Method=fedrdn
[Round 032/100] Acc=48.980 | RoundTime=22.02s | TotalTime=819.84s | Method=fedrdn
[Round 033/100] Acc=49.190 | RoundTime=22.04s | TotalTime=841.88s | Method=fedrdn
[Round 034/100] Acc=47.640 | RoundTime=22.43s | TotalTime=864.30s | Method=fedrdn
[Round 035/100] Acc=55.070 | RoundTime=22.69s | TotalTime=887.00s | Method=fedrdn
[Round 036/100] Acc=51.530 | RoundTime=22.75s | TotalTime=909.75s | Method=fedrdn
[Round 037/100] Acc=45.670 | RoundTime=22.30s | TotalTime=932.05s | Method=fedrdn
[Round 038/100] Acc=49.930 | RoundTime=22.08s | TotalTime=954.13s | Method=fedrdn
[Round 039/100] Acc=47.960 | RoundTime=22.23s | TotalTime=976.36s | Method=fedrdn
[Round 040/100] Acc=52.640 | RoundTime=23.32s | TotalTime=999.68s | Method=fedrdn
[Round 041/100] Acc=44.180 | RoundTime=22.53s | TotalTime=1022.21s | Method=fedrdn
[Round 042/100] Acc=48.400 | RoundTime=22.46s | TotalTime=1044.67s | Method=fedrdn
[Round 043/100] Acc=46.960 | RoundTime=23.13s | TotalTime=1067.80s | Method=fedrdn
[Round 044/100] Acc=46.220 | RoundTime=23.18s | TotalTime=1090.99s | Method=fedrdn
[Round 045/100] Acc=47.620 | RoundTime=22.84s | TotalTime=1113.83s | Method=fedrdn
[Round 046/100] Acc=48.510 | RoundTime=22.54s | TotalTime=1136.37s | Method=fedrdn
[Round 047/100] Acc=52.260 | RoundTime=21.66s | TotalTime=1158.03s | Method=fedrdn
[Round 048/100] Acc=51.300 | RoundTime=22.20s | TotalTime=1180.23s | Method=fedrdn
[Round 049/100] Acc=47.230 | RoundTime=22.05s | TotalTime=1202.28s | Method=fedrdn
[Round 050/100] Acc=50.510 | RoundTime=22.24s | TotalTime=1224.53s | Method=fedrdn
[Round 051/100] Acc=49.870 | RoundTime=22.24s | TotalTime=1246.76s | Method=fedrdn
[Round 052/100] Acc=49.260 | RoundTime=21.91s | TotalTime=1268.67s | Method=fedrdn
[Round 053/100] Acc=45.790 | RoundTime=23.01s | TotalTime=1291.68s | Method=fedrdn
[Round 054/100] Acc=43.260 | RoundTime=22.27s | TotalTime=1313.95s | Method=fedrdn
[Round 055/100] Acc=53.880 | RoundTime=21.75s | TotalTime=1335.71s | Method=fedrdn
[Round 056/100] Acc=51.430 | RoundTime=22.37s | TotalTime=1358.08s | Method=fedrdn
[Round 057/100] Acc=46.770 | RoundTime=22.96s | TotalTime=1381.04s | Method=fedrdn
[Round 058/100] Acc=54.580 | RoundTime=22.45s | TotalTime=1403.49s | Method=fedrdn
[Round 059/100] Acc=51.790 | RoundTime=22.26s | TotalTime=1425.74s | Method=fedrdn
[Round 060/100] Acc=49.590 | RoundTime=22.76s | TotalTime=1448.50s | Method=fedrdn
[Round 061/100] Acc=47.550 | RoundTime=22.82s | TotalTime=1471.32s | Method=fedrdn
[Round 062/100] Acc=52.880 | RoundTime=22.30s | TotalTime=1493.63s | Method=fedrdn
[Round 063/100] Acc=52.110 | RoundTime=21.84s | TotalTime=1515.47s | Method=fedrdn
[Round 064/100] Acc=53.990 | RoundTime=21.24s | TotalTime=1536.71s | Method=fedrdn
[Round 065/100] Acc=48.810 | RoundTime=21.98s | TotalTime=1558.69s | Method=fedrdn
[Round 066/100] Acc=53.160 | RoundTime=21.76s | TotalTime=1580.45s | Method=fedrdn
[Round 067/100] Acc=48.200 | RoundTime=21.79s | TotalTime=1602.24s | Method=fedrdn
[Round 068/100] Acc=49.160 | RoundTime=21.51s | TotalTime=1623.75s | Method=fedrdn
[Round 069/100] Acc=51.020 | RoundTime=21.75s | TotalTime=1645.50s | Method=fedrdn
[Round 070/100] Acc=50.450 | RoundTime=21.69s | TotalTime=1667.19s | Method=fedrdn
[Round 071/100] Acc=51.850 | RoundTime=22.20s | TotalTime=1689.39s | Method=fedrdn
[Round 072/100] Acc=47.470 | RoundTime=21.89s | TotalTime=1711.28s | Method=fedrdn
[Round 073/100] Acc=55.490 | RoundTime=21.72s | TotalTime=1733.01s | Method=fedrdn
[Round 074/100] Acc=51.250 | RoundTime=21.78s | TotalTime=1754.79s | Method=fedrdn
[Round 075/100] Acc=52.080 | RoundTime=21.78s | TotalTime=1776.57s | Method=fedrdn
[Round 076/100] Acc=53.160 | RoundTime=22.04s | TotalTime=1798.61s | Method=fedrdn
[Round 077/100] Acc=53.020 | RoundTime=22.08s | TotalTime=1820.69s | Method=fedrdn
[Round 078/100] Acc=52.580 | RoundTime=22.11s | TotalTime=1842.81s | Method=fedrdn
[Round 079/100] Acc=50.140 | RoundTime=21.91s | TotalTime=1864.72s | Method=fedrdn
[Round 080/100] Acc=53.640 | RoundTime=22.74s | TotalTime=1887.47s | Method=fedrdn
[Round 081/100] Acc=51.950 | RoundTime=22.99s | TotalTime=1910.45s | Method=fedrdn
[Round 082/100] Acc=48.380 | RoundTime=22.19s | TotalTime=1932.65s | Method=fedrdn
[Round 083/100] Acc=55.880 | RoundTime=22.03s | TotalTime=1954.68s | Method=fedrdn
[Round 084/100] Acc=57.890 | RoundTime=21.61s | TotalTime=1976.29s | Method=fedrdn
[Round 085/100] Acc=55.190 | RoundTime=21.59s | TotalTime=1997.87s | Method=fedrdn
[Round 086/100] Acc=51.920 | RoundTime=23.25s | TotalTime=2021.13s | Method=fedrdn
[Round 087/100] Acc=53.460 | RoundTime=21.97s | TotalTime=2043.10s | Method=fedrdn
[Round 088/100] Acc=51.080 | RoundTime=22.03s | TotalTime=2065.13s | Method=fedrdn
[Round 089/100] Acc=51.260 | RoundTime=22.36s | TotalTime=2087.49s | Method=fedrdn
[Round 090/100] Acc=52.250 | RoundTime=22.08s | TotalTime=2109.57s | Method=fedrdn
[Round 091/100] Acc=54.220 | RoundTime=22.30s | TotalTime=2131.87s | Method=fedrdn
[Round 092/100] Acc=51.320 | RoundTime=22.94s | TotalTime=2154.82s | Method=fedrdn
[Round 093/100] Acc=49.460 | RoundTime=21.89s | TotalTime=2176.71s | Method=fedrdn
[Round 094/100] Acc=49.840 | RoundTime=22.29s | TotalTime=2199.00s | Method=fedrdn
[Round 095/100] Acc=51.540 | RoundTime=22.90s | TotalTime=2221.90s | Method=fedrdn
[Round 096/100] Acc=56.030 | RoundTime=22.67s | TotalTime=2244.57s | Method=fedrdn
[Round 097/100] Acc=50.420 | RoundTime=21.59s | TotalTime=2266.16s | Method=fedrdn
[Round 098/100] Acc=56.340 | RoundTime=21.64s | TotalTime=2287.80s | Method=fedrdn
[Round 099/100] Acc=55.130 | RoundTime=22.18s | TotalTime=2309.99s | Method=fedrdn
[Round 100/100] Acc=53.590 | RoundTime=21.72s | TotalTime=2331.71s | Method=fedrdn
====================================================================================================
Training finished at: 2026-03-27 02:02:16
Total elapsed time: 2331.71s
Final Acc: 53.590
Best Acc : 57.890
====================================================================================================
