====================================================================================================
Training started at: 2026-03-30 18:38:28
Result directory: results/fl_cifar10/fedcda/pm-dir_a-0.3_nm-uni_nr-0.2_nt-symmetric_st-least_sim_dr-0.2
Result txt file : results/fl_cifar10/fedcda/pm-dir_a-0.3_nm-uni_nr-0.2_nt-symmetric_st-least_sim_dr-0.2/fedcda_fl_cifar10_20260330-183828-203852_pid1709250.txt
Result log file : results/fl_cifar10/fedcda/pm-dir_a-0.3_nm-uni_nr-0.2_nt-symmetric_st-least_sim_dr-0.2/fedcda_fl_cifar10_20260330-183828-203852_pid1709250.log
----------------------------------------------------------------------------------------------------
Model: fedcda
Dataset: fl_cifar10
Structure: homogeneity
Participants: 100
Online ratio: 0.1
Communication epochs: 100
Local epoch: 10
Local batch size: 64
Local lr: 0.01
Partition mode: dirichlet
Dirichlet alpha: 0.3
Noise mode: uniform
Noise rate: 0.2
Noise type: symmetric
Noise max: 0.3
Denoise score alpha: 0.5
Drop rate: 0.2
Denoise strategy: least_sim
FedProx mu: 0.01
FedRDN std: 0.01
FedCDA history size: NA
FedGLoSS beta: 0.01
Averaging: weight
Seed: 0
====================================================================================================
[Round 001/100] Acc=10.000 | RoundTime=24.92s | TotalTime=24.92s | Method=fedcda
[Round 002/100] Acc=10.880 | RoundTime=24.92s | TotalTime=49.84s | Method=fedcda
[Round 003/100] Acc=26.520 | RoundTime=24.34s | TotalTime=74.18s | Method=fedcda
[Round 004/100] Acc=29.110 | RoundTime=24.19s | TotalTime=98.37s | Method=fedcda
[Round 005/100] Acc=32.390 | RoundTime=24.92s | TotalTime=123.30s | Method=fedcda
[Round 006/100] Acc=38.910 | RoundTime=25.00s | TotalTime=148.30s | Method=fedcda
[Round 007/100] Acc=36.050 | RoundTime=24.15s | TotalTime=172.45s | Method=fedcda
[Round 008/100] Acc=30.250 | RoundTime=24.57s | TotalTime=197.02s | Method=fedcda
[Round 009/100] Acc=34.150 | RoundTime=25.02s | TotalTime=222.04s | Method=fedcda
[Round 010/100] Acc=33.420 | RoundTime=26.42s | TotalTime=248.46s | Method=fedcda
[Round 011/100] Acc=30.240 | RoundTime=24.98s | TotalTime=273.43s | Method=fedcda
