[Launch] model=feddenoise_v3 | dataset=fl_cifar100 | clients=10 | rounds=96 | local_epoch=1 | batch_size=64 | noise_mode=uniform | noise_value=0.3
Files already downloaded and verified
Files already downloaded and verified
mean: 5000.0
std: 0.0
Data statistics: {0: {0: 97, 1: 44, 2: 15, 3: 64, 4: 16, 5: 31, 6: 79, 7: 135, 8: 101, 9: 11, 10: 23, 11: 222, 12: 22, 13: 62, 14: 19, 15: 64, 16: 17, 17: 45, 18: 58, 19: 33, 20: 51, 21: 59, 22: 15, 23: 47, 24: 94, 25: 24, 26: 41, 27: 141, 28: 129, 29: 137, 30: 124, 31: 19, 32: 26, 33: 35, 34: 64, 35: 15, 36: 29, 37: 18, 38: 31, 39: 16, 40: 44, 41: 40, 42: 131, 43: 33, 44: 134, 45: 29, 46: 21, 47: 20, 48: 9, 49: 37, 50: 52, 51: 17, 52: 26, 53: 136, 54: 110, 55: 45, 56: 14, 57: 19, 58: 125, 59: 83, 60: 88, 61: 20, 62: 131, 63: 20, 64: 24, 65: 68, 66: 23, 67: 62, 68: 9, 69: 41, 70: 14, 71: 45, 72: 38, 73: 37, 74: 98, 75: 16, 76: 34, 77: 14, 78: 30, 79: 74, 80: 15, 81: 31, 82: 22, 83: 28, 84: 222, 85: 104, 86: 15, 87: 63, 88: 26, 89: 36, 90: 14, 91: 13, 92: 23, 93: 11, 94: 13, 95: 22, 96: 18, 97: 9, 98: 12, 99: 19}, 1: {0: 46, 1: 24, 2: 27, 3: 47, 4: 112, 5: 20, 6: 56, 7: 61, 8: 19, 9: 77, 10: 69, 11: 39, 12: 120, 13: 25, 14: 49, 15: 42, 16: 21, 17: 31, 18: 46, 19: 87, 20: 22, 21: 19, 22: 16, 23: 46, 24: 32, 25: 90, 26: 89, 27: 135, 28: 34, 29: 12, 30: 58, 31: 46, 32: 28, 33: 104, 34: 74, 35: 15, 36: 14, 37: 177, 38: 116, 39: 130, 40: 82, 41: 17, 42: 34, 43: 5, 44: 27, 45: 15, 46: 325, 47: 19, 48: 98, 49: 12, 50: 22, 51: 23, 52: 44, 53: 15, 54: 68, 55: 46, 56: 16, 57: 17, 58: 16, 59: 24, 60: 12, 61: 15, 62: 54, 63: 42, 64: 32, 65: 15, 66: 16, 67: 81, 68: 104, 69: 110, 70: 14, 71: 25, 72: 19, 73: 31, 74: 17, 75: 74, 76: 34, 77: 62, 78: 16, 79: 137, 80: 26, 81: 154, 82: 26, 83: 30, 84: 22, 85: 34, 86: 34, 87: 19, 88: 26, 89: 194, 90: 50, 91: 32, 92: 36, 93: 43, 94: 95, 95: 8, 96: 13, 97: 17, 98: 13, 99: 18}, 2: {0: 40, 1: 16, 2: 116, 3: 18, 4: 132, 5: 18, 6: 28, 7: 25, 8: 38, 9: 17, 10: 247, 11: 37, 12: 31, 13: 25, 14: 22, 15: 48, 16: 12, 17: 45, 18: 67, 19: 98, 20: 22, 21: 19, 22: 18, 23: 156, 24: 13, 25: 21, 26: 19, 27: 18, 28: 12, 29: 49, 30: 22, 31: 57, 32: 123, 33: 17, 34: 54, 35: 182, 36: 49, 37: 62, 38: 52, 39: 27, 40: 19, 41: 87, 42: 21, 43: 31, 44: 20, 45: 12, 46: 18, 47: 45, 48: 55, 49: 24, 50: 111, 51: 135, 52: 28, 53: 17, 54: 32, 55: 78, 56: 16, 57: 86, 58: 167, 59: 61, 60: 28, 61: 22, 62: 13, 63: 133, 64: 54, 65: 118, 66: 17, 67: 20, 68: 15, 69: 105, 70: 48, 71: 37, 72: 23, 73: 16, 74: 110, 75: 33, 76: 73, 77: 10, 78: 21, 79: 27, 80: 63, 81: 21, 82: 166, 83: 33, 84: 22, 85: 24, 86: 27, 87: 92, 88: 42, 89: 25, 90: 58, 91: 26, 92: 78, 93: 166, 94: 30, 95: 12, 96: 17, 97: 13, 98: 13, 99: 14}, 3: {0: 43, 1: 25, 2: 27, 3: 65, 4: 27, 5: 135, 6: 24, 7: 85, 8: 11, 9: 112, 10: 34, 11: 28, 12: 21, 13: 17, 14: 14, 15: 14, 16: 9, 17: 44, 18: 15, 19: 30, 20: 25, 21: 26, 22: 56, 23: 18, 24: 42, 25: 39, 26: 93, 27: 26, 28: 45, 29: 25, 30: 48, 31: 44, 32: 21, 33: 91, 34: 39, 35: 23, 36: 38, 37: 52, 38: 15, 39: 11, 40: 69, 41: 22, 42: 28, 43: 45, 44: 29, 45: 58, 46: 27, 47: 25, 48: 31, 49: 20, 50: 44, 51: 34, 52: 63, 53: 40, 54: 50, 55: 15, 56: 49, 57: 20, 58: 39, 59: 114, 60: 19, 61: 9, 62: 11, 63: 43, 64: 100, 65: 80, 66: 22, 67: 34, 68: 67, 69: 22, 70: 64, 71: 28, 72: 23, 73: 17, 74: 15, 75: 33, 76: 50, 77: 65, 78: 23, 79: 19, 80: 140, 81: 64, 82: 24, 83: 79, 84: 37, 85: 24, 86: 69, 87: 90, 88: 20, 89: 28, 90: 25, 91: 85, 92: 136, 93: 77, 94: 52, 95: 158, 96: 115, 97: 193, 98: 328, 99: 133}, 4: {0: 40, 1: 30, 2: 48, 3: 63, 4: 16, 5: 55, 6: 15, 7: 52, 8: 71, 9: 13, 10: 20, 11: 43, 12: 26, 13: 119, 14: 57, 15: 23, 16: 42, 17: 16, 18: 16, 19: 19, 20: 25, 21: 25, 22: 48, 23: 18, 24: 139, 25: 70, 26: 21, 27: 12, 28: 61, 29: 22, 30: 58, 31: 217, 32: 35, 33: 49, 34: 78, 35: 18, 36: 22, 37: 28, 38: 43, 39: 69, 40: 34, 41: 194, 42: 112, 43: 123, 44: 66, 45: 65, 46: 25, 47: 27, 48: 129, 49: 128, 50: 22, 51: 12, 52: 16, 53: 17, 54: 20, 55: 24, 56: 269, 57: 32, 58: 18, 59: 131, 60: 126, 61: 67, 62: 22, 63: 16, 64: 14, 65: 34, 66: 172, 67: 6, 68: 25, 69: 77, 70: 19, 71: 39, 72: 14, 73: 104, 74: 15, 75: 124, 76: 44, 77: 21, 78: 17, 79: 17, 80: 34, 81: 93, 82: 18, 83: 206, 84: 32, 85: 12, 86: 33, 87: 18, 88: 15, 89: 16, 90: 121, 91: 16, 92: 14, 93: 10, 94: 13, 95: 17, 96: 12, 97: 17, 98: 11, 99: 13}, 5: {0: 25, 1: 120, 2: 74, 3: 19, 4: 29, 5: 105, 6: 27, 7: 17, 8: 45, 9: 10, 10: 10, 11: 22, 12: 181, 13: 9, 14: 25, 15: 57, 16: 107, 17: 18, 18: 47, 19: 33, 20: 50, 21: 13, 22: 163, 23: 42, 24: 28, 25: 105, 26: 99, 27: 21, 28: 20, 29: 24, 30: 58, 31: 21, 32: 12, 33: 13, 34: 13, 35: 18, 36: 46, 37: 59, 38: 12, 39: 56, 40: 77, 41: 27, 42: 28, 43: 13, 44: 36, 45: 132, 46: 21, 47: 19, 48: 16, 49: 111, 50: 98, 51: 18, 52: 59, 53: 127, 54: 135, 55: 16, 56: 20, 57: 78, 58: 25, 59: 28, 60: 23, 61: 113, 62: 30, 63: 36, 64: 154, 65: 38, 66: 170, 67: 26, 68: 20, 69: 18, 70: 16, 71: 129, 72: 156, 73: 18, 74: 13, 75: 90, 76: 78, 77: 39, 78: 47, 79: 77, 80: 42, 81: 85, 82: 22, 83: 28, 84: 41, 85: 39, 86: 45, 87: 63, 88: 20, 89: 90, 90: 132, 91: 16, 92: 32, 93: 18, 94: 13, 95: 8, 96: 18, 97: 19, 98: 21, 99: 20}, 6: {0: 29, 1: 8, 2: 14, 3: 110, 4: 34, 5: 14, 6: 63, 7: 14, 8: 18, 9: 107, 10: 52, 11: 12, 12: 20, 13: 91, 14: 25, 15: 25, 16: 29, 17: 15, 18: 139, 19: 18, 20: 160, 21: 19, 22: 15, 23: 21, 24: 24, 25: 30, 26: 22, 27: 68, 28: 34, 29: 15, 30: 49, 31: 19, 32: 14, 33: 13, 34: 15, 35: 103, 36: 34, 37: 12, 38: 101, 39: 19, 40: 79, 41: 12, 42: 93, 43: 17, 44: 18, 45: 29, 46: 20, 47: 73, 48: 103, 49: 34, 50: 27, 51: 16, 52: 94, 53: 20, 54: 20, 55: 20, 56: 20, 57: 97, 58: 18, 59: 11, 60: 39, 61: 119, 62: 18, 63: 21, 64: 53, 65: 14, 66: 22, 67: 141, 68: 21, 69: 16, 70: 19, 71: 87, 72: 50, 73: 25, 74: 17, 75: 20, 76: 20, 77: 46, 78: 10, 79: 104, 80: 46, 81: 17, 82: 26, 83: 18, 84: 58, 85: 61, 86: 71, 87: 41, 88: 21, 89: 14, 90: 14, 91: 78, 92: 76, 93: 16, 94: 232, 95: 147, 96: 265, 97: 179, 98: 67, 99: 246}, 7: {0: 15, 1: 64, 2: 15, 3: 20, 4: 16, 5: 23, 6: 42, 7: 53, 8: 23, 9: 70, 10: 12, 11: 21, 12: 17, 13: 89, 14: 80, 15: 19, 16: 58, 17: 12, 18: 17, 19: 106, 20: 94, 21: 245, 22: 90, 23: 17, 24: 54, 25: 60, 26: 31, 27: 19, 28: 67, 29: 122, 30: 14, 31: 33, 32: 190, 33: 102, 34: 58, 35: 15, 36: 135, 37: 23, 38: 52, 39: 46, 40: 30, 41: 12, 42: 45, 43: 8, 44: 69, 45: 21, 46: 19, 47: 69, 48: 15, 49: 90, 50: 37, 51: 46, 52: 78, 53: 28, 54: 31, 55: 33, 56: 12, 57: 17, 58: 5, 59: 22, 60: 134, 61: 49, 62: 20, 63: 26, 64: 19, 65: 12, 66: 8, 67: 59, 68: 62, 69: 19, 70: 58, 71: 71, 72: 13, 73: 193, 74: 26, 75: 28, 76: 47, 77: 27, 78: 68, 79: 34, 80: 15, 81: 23, 82: 149, 83: 34, 84: 15, 85: 41, 86: 81, 87: 76, 88: 261, 89: 21, 90: 45, 91: 148, 92: 41, 93: 59, 94: 19, 95: 13, 96: 18, 97: 12, 98: 17, 99: 13}, 8: {0: 36, 1: 75, 2: 42, 3: 19, 4: 96, 5: 50, 6: 171, 7: 55, 8: 125, 9: 20, 10: 12, 11: 89, 12: 28, 13: 35, 14: 14, 15: 199, 16: 142, 17: 55, 18: 17, 19: 30, 20: 20, 21: 17, 22: 47, 23: 62, 24: 21, 25: 18, 26: 61, 27: 14, 28: 65, 29: 67, 30: 18, 31: 16, 32: 13, 33: 25, 34: 76, 35: 29, 36: 61, 37: 69, 38: 27, 39: 79, 40: 18, 41: 41, 42: 19, 43: 120, 44: 49, 45: 48, 46: 16, 47: 91, 48: 18, 49: 27, 50: 21, 51: 139, 52: 22, 53: 14, 54: 40, 55: 143, 56: 69, 57: 35, 58: 83, 59: 14, 60: 23, 61: 17, 62: 16, 63: 54, 64: 45, 65: 51, 66: 22, 67: 26, 68: 35, 69: 17, 70: 99, 71: 13, 72: 104, 73: 8, 74: 165, 75: 40, 76: 15, 77: 52, 78: 259, 79: 19, 80: 80, 81: 19, 82: 46, 83: 37, 84: 42, 85: 172, 86: 23, 87: 27, 88: 25, 89: 42, 90: 28, 91: 42, 92: 50, 93: 60, 94: 12, 95: 12, 96: 20, 97: 8, 98: 19, 99: 14}, 9: {0: 142, 1: 82, 2: 122, 3: 79, 4: 14, 5: 21, 6: 21, 7: 19, 8: 79, 9: 51, 10: 17, 11: 13, 12: 57, 13: 20, 14: 217, 15: 22, 16: 42, 17: 186, 18: 79, 19: 52, 20: 57, 21: 24, 22: 21, 23: 68, 24: 48, 25: 15, 26: 31, 27: 25, 28: 39, 29: 40, 30: 47, 31: 18, 32: 27, 33: 43, 34: 34, 35: 54, 36: 62, 37: 19, 38: 12, 39: 30, 40: 31, 41: 31, 42: 18, 43: 95, 44: 40, 45: 87, 46: 17, 47: 118, 48: 12, 49: 21, 50: 81, 51: 43, 52: 56, 53: 89, 54: 15, 55: 76, 56: 9, 57: 95, 58: 15, 59: 10, 60: 24, 61: 61, 62: 195, 63: 92, 64: 17, 65: 82, 66: 20, 67: 17, 68: 136, 69: 84, 70: 124, 71: 38, 72: 52, 73: 57, 74: 20, 75: 14, 76: 119, 77: 152, 78: 27, 79: 17, 80: 47, 81: 22, 82: 14, 83: 18, 84: 31, 85: 19, 86: 120, 87: 15, 88: 82, 89: 14, 90: 21, 91: 21, 92: 24, 93: 39, 94: 12, 95: 70, 96: 27, 97: 18, 98: 13, 99: 17}}
========================================================================================================================
Training started at: 2026-04-08 18:01:21
Result directory: results/fl_cifar100/feddenoise_v3/pm-dir_a-0.5_nm-uni_nr-0.3_nt-symmetric_wr-20_sr-19_ts-4,3,2,1_tss-least_sim_tsim-backbone_cosine_wm-no_comm_dr-0.35_drs-None
Result txt file : results/fl_cifar100/feddenoise_v3/pm-dir_a-0.5_nm-uni_nr-0.3_nt-symmetric_wr-20_sr-19_ts-4,3,2,1_tss-least_sim_tsim-backbone_cosine_wm-no_comm_dr-0.35_drs-None/feddenoise_v3_fl_cifar100_20260408-180121-041006_pid1409217.txt
Result log file : results/fl_cifar100/feddenoise_v3/pm-dir_a-0.5_nm-uni_nr-0.3_nt-symmetric_wr-20_sr-19_ts-4,3,2,1_tss-least_sim_tsim-backbone_cosine_wm-no_comm_dr-0.35_drs-None/feddenoise_v3_fl_cifar100_20260408-180121-041006_pid1409217.log
------------------------------------------------------------------------------------------------------------------------
Model: feddenoise_v3
Dataset: fl_cifar100
Structure: homogeneity
Participants: 10
Online ratio: 1.0
Communication epochs: 96
Local epoch: 1
Local batch size: 64
Local lr: 0.1
Partition mode: dirichlet
Dirichlet alpha: 0.5
Noise mode: uniform
Noise rate: 0.3
Noise type: symmetric
Noise max: 0.3
Averaging: weight
Seed: 0
Warmup round: 20
Stage round: 19
Teacher schedule: 4,3,2,1
Teacher select strategy: least_sim
Teacher similarity: backbone_cosine
Teacher score mode: teacher_mean
Warmup mode: no_comm
Drop rate: 0.35
Drop rate schedule: None
Exclude self teacher: True
========================================================================================================================
Backbone: NoiseFLCNN NoiseFLCNN
[Round 001/096] Phase=warmup | Stage=warmup | Acc=1.000 | RoundTime=65.38s | TotalTime=65.39s | Method=feddenoise_v3
[Round 002/096] Phase=warmup | Stage=warmup | Acc=1.000 | RoundTime=65.84s | TotalTime=131.24s | Method=feddenoise_v3
[Round 003/096] Phase=warmup | Stage=warmup | Acc=1.000 | RoundTime=66.04s | TotalTime=197.28s | Method=feddenoise_v3
[Round 004/096] Phase=warmup | Stage=warmup | Acc=1.000 | RoundTime=66.50s | TotalTime=263.79s | Method=feddenoise_v3
[Round 005/096] Phase=warmup | Stage=warmup | Acc=1.000 | RoundTime=66.39s | TotalTime=330.19s | Method=feddenoise_v3
[Round 006/096] Phase=warmup | Stage=warmup | Acc=1.000 | RoundTime=66.78s | TotalTime=396.97s | Method=feddenoise_v3
[Round 007/096] Phase=warmup | Stage=warmup | Acc=1.000 | RoundTime=66.88s | TotalTime=463.86s | Method=feddenoise_v3
[Round 008/096] Phase=warmup | Stage=warmup | Acc=1.000 | RoundTime=66.33s | TotalTime=530.20s | Method=feddenoise_v3
[Round 009/096] Phase=warmup | Stage=warmup | Acc=1.000 | RoundTime=66.14s | TotalTime=596.35s | Method=feddenoise_v3
[Round 010/096] Phase=warmup | Stage=warmup | Acc=1.000 | RoundTime=66.59s | TotalTime=662.94s | Method=feddenoise_v3
[Round 011/096] Phase=warmup | Stage=warmup | Acc=1.000 | RoundTime=66.45s | TotalTime=729.40s | Method=feddenoise_v3
[Round 012/096] Phase=warmup | Stage=warmup | Acc=1.000 | RoundTime=66.52s | TotalTime=795.94s | Method=feddenoise_v3
[Round 013/096] Phase=warmup | Stage=warmup | Acc=1.000 | RoundTime=66.99s | TotalTime=862.93s | Method=feddenoise_v3
[Round 014/096] Phase=warmup | Stage=warmup | Acc=1.000 | RoundTime=66.77s | TotalTime=929.72s | Method=feddenoise_v3
[Round 015/096] Phase=warmup | Stage=warmup | Acc=1.000 | RoundTime=66.04s | TotalTime=995.76s | Method=feddenoise_v3
[Round 016/096] Phase=warmup | Stage=warmup | Acc=1.000 | RoundTime=63.74s | TotalTime=1059.52s | Method=feddenoise_v3
[Round 017/096] Phase=warmup | Stage=warmup | Acc=1.000 | RoundTime=62.84s | TotalTime=1122.37s | Method=feddenoise_v3
[Round 018/096] Phase=warmup | Stage=warmup | Acc=1.000 | RoundTime=63.85s | TotalTime=1186.22s | Method=feddenoise_v3
[Round 019/096] Phase=warmup | Stage=warmup | Acc=1.000 | RoundTime=64.34s | TotalTime=1250.58s | Method=feddenoise_v3

[Teacher Selection] Building clean subsets for stage 1 ...
[Stage 1] Client 0: teachers=[5, 2, 8, 6], avg_teacher_sim=0.8452, selected=3250
[Stage 1] Client 1: teachers=[5, 2, 9, 6], avg_teacher_sim=0.8421, selected=3250
[Stage 1] Client 2: teachers=[5, 6, 9, 0], avg_teacher_sim=0.8374, selected=3250
[Stage 1] Client 3: teachers=[5, 1, 6, 4], avg_teacher_sim=0.8482, selected=3250
[Stage 1] Client 4: teachers=[5, 9, 0, 2], avg_teacher_sim=0.8430, selected=3250
[Stage 1] Client 5: teachers=[8, 1, 6, 4], avg_teacher_sim=0.8101, selected=3250
[Stage 1] Client 6: teachers=[5, 2, 9, 0], avg_teacher_sim=0.8372, selected=3250
[Stage 1] Client 7: teachers=[5, 6, 9, 2], avg_teacher_sim=0.8517, selected=3250
[Stage 1] Client 8: teachers=[5, 0, 6, 9], avg_teacher_sim=0.8436, selected=3250
[Stage 1] Client 9: teachers=[5, 6, 2, 4], avg_teacher_sim=0.8409, selected=3250
[Stage 1] Selection summary | clean_precision=82.86 | clean_recall=76.94 | noisy_precision=53.89 | noisy_recall=62.87 | keep_ratio=65.00 | avg_teacher_similarity=0.8399
[Round 020/096] Phase=warmup | Stage=warmup | Acc=1.000 | RoundTime=146.02s | TotalTime=1396.61s | Method=feddenoise_v3
[Round 021/096] Phase=stage_1 | Stage=0 | Acc=3.620 | StagePure=82.862 | CPrec=82.862 | CRec=76.943 | NPrec=53.886 | NRec=62.867 | Keep=65.000 | TSim=0.840 | RoundTime=50.83s | TotalTime=1447.45s | Method=feddenoise_v3
[Round 022/096] Phase=stage_1 | Stage=0 | Acc=9.060 | StagePure=82.862 | CPrec=82.862 | CRec=76.943 | NPrec=53.886 | NRec=62.867 | Keep=65.000 | TSim=0.840 | RoundTime=50.34s | TotalTime=1497.80s | Method=feddenoise_v3
[Round 023/096] Phase=stage_1 | Stage=0 | Acc=10.870 | StagePure=82.862 | CPrec=82.862 | CRec=76.943 | NPrec=53.886 | NRec=62.867 | Keep=65.000 | TSim=0.840 | RoundTime=49.46s | TotalTime=1547.27s | Method=feddenoise_v3
[Round 024/096] Phase=stage_1 | Stage=0 | Acc=12.330 | StagePure=82.862 | CPrec=82.862 | CRec=76.943 | NPrec=53.886 | NRec=62.867 | Keep=65.000 | TSim=0.840 | RoundTime=46.56s | TotalTime=1593.83s | Method=feddenoise_v3
[Round 025/096] Phase=stage_1 | Stage=0 | Acc=13.600 | StagePure=82.862 | CPrec=82.862 | CRec=76.943 | NPrec=53.886 | NRec=62.867 | Keep=65.000 | TSim=0.840 | RoundTime=49.10s | TotalTime=1642.94s | Method=feddenoise_v3
[Round 026/096] Phase=stage_1 | Stage=0 | Acc=15.430 | StagePure=82.862 | CPrec=82.862 | CRec=76.943 | NPrec=53.886 | NRec=62.867 | Keep=65.000 | TSim=0.840 | RoundTime=48.88s | TotalTime=1691.83s | Method=feddenoise_v3
[Round 027/096] Phase=stage_1 | Stage=0 | Acc=15.860 | StagePure=82.862 | CPrec=82.862 | CRec=76.943 | NPrec=53.886 | NRec=62.867 | Keep=65.000 | TSim=0.840 | RoundTime=48.89s | TotalTime=1740.72s | Method=feddenoise_v3
[Round 028/096] Phase=stage_1 | Stage=0 | Acc=16.720 | StagePure=82.862 | CPrec=82.862 | CRec=76.943 | NPrec=53.886 | NRec=62.867 | Keep=65.000 | TSim=0.840 | RoundTime=49.68s | TotalTime=1790.41s | Method=feddenoise_v3
[Round 029/096] Phase=stage_1 | Stage=0 | Acc=17.740 | StagePure=82.862 | CPrec=82.862 | CRec=76.943 | NPrec=53.886 | NRec=62.867 | Keep=65.000 | TSim=0.840 | RoundTime=48.72s | TotalTime=1839.14s | Method=feddenoise_v3
[Round 030/096] Phase=stage_1 | Stage=0 | Acc=18.460 | StagePure=82.862 | CPrec=82.862 | CRec=76.943 | NPrec=53.886 | NRec=62.867 | Keep=65.000 | TSim=0.840 | RoundTime=50.52s | TotalTime=1889.67s | Method=feddenoise_v3
[Round 031/096] Phase=stage_1 | Stage=0 | Acc=18.570 | StagePure=82.862 | CPrec=82.862 | CRec=76.943 | NPrec=53.886 | NRec=62.867 | Keep=65.000 | TSim=0.840 | RoundTime=48.88s | TotalTime=1938.56s | Method=feddenoise_v3
[Round 032/096] Phase=stage_1 | Stage=0 | Acc=19.520 | StagePure=82.862 | CPrec=82.862 | CRec=76.943 | NPrec=53.886 | NRec=62.867 | Keep=65.000 | TSim=0.840 | RoundTime=49.08s | TotalTime=1987.65s | Method=feddenoise_v3
[Round 033/096] Phase=stage_1 | Stage=0 | Acc=20.510 | StagePure=82.862 | CPrec=82.862 | CRec=76.943 | NPrec=53.886 | NRec=62.867 | Keep=65.000 | TSim=0.840 | RoundTime=49.06s | TotalTime=2036.72s | Method=feddenoise_v3
[Round 034/096] Phase=stage_1 | Stage=0 | Acc=21.150 | StagePure=82.862 | CPrec=82.862 | CRec=76.943 | NPrec=53.886 | NRec=62.867 | Keep=65.000 | TSim=0.840 | RoundTime=48.16s | TotalTime=2084.88s | Method=feddenoise_v3
[Round 035/096] Phase=stage_1 | Stage=0 | Acc=21.350 | StagePure=82.862 | CPrec=82.862 | CRec=76.943 | NPrec=53.886 | NRec=62.867 | Keep=65.000 | TSim=0.840 | RoundTime=47.31s | TotalTime=2132.20s | Method=feddenoise_v3
[Round 036/096] Phase=stage_1 | Stage=0 | Acc=21.100 | StagePure=82.862 | CPrec=82.862 | CRec=76.943 | NPrec=53.886 | NRec=62.867 | Keep=65.000 | TSim=0.840 | RoundTime=48.95s | TotalTime=2181.16s | Method=feddenoise_v3
[Round 037/096] Phase=stage_1 | Stage=0 | Acc=21.910 | StagePure=82.862 | CPrec=82.862 | CRec=76.943 | NPrec=53.886 | NRec=62.867 | Keep=65.000 | TSim=0.840 | RoundTime=48.90s | TotalTime=2230.06s | Method=feddenoise_v3
[Round 038/096] Phase=stage_1 | Stage=0 | Acc=23.980 | StagePure=82.862 | CPrec=82.862 | CRec=76.943 | NPrec=53.886 | NRec=62.867 | Keep=65.000 | TSim=0.840 | RoundTime=48.91s | TotalTime=2278.98s | Method=feddenoise_v3

[Teacher Selection] Building clean subsets for stage 2 ...
[Stage 2] Client 0: teachers=[9, 1, 7], avg_teacher_sim=0.9859, selected=3250
[Stage 2] Client 1: teachers=[4, 5, 6], avg_teacher_sim=0.9827, selected=3250
[Stage 2] Client 2: teachers=[4, 6, 3], avg_teacher_sim=0.9845, selected=3250
[Stage 2] Client 3: teachers=[4, 5, 9], avg_teacher_sim=0.9829, selected=3250
[Stage 2] Client 4: teachers=[1, 9, 3], avg_teacher_sim=0.9817, selected=3250
[Stage 2] Client 5: teachers=[6, 1, 3], avg_teacher_sim=0.9820, selected=3250
[Stage 2] Client 6: teachers=[5, 4, 9], avg_teacher_sim=0.9818, selected=3250
[Stage 2] Client 7: teachers=[5, 4, 9], avg_teacher_sim=0.9840, selected=3250
[Stage 2] Client 8: teachers=[9, 6, 1], avg_teacher_sim=0.9839, selected=3250
[Stage 2] Client 9: teachers=[4, 6, 5], avg_teacher_sim=0.9824, selected=3250
[Stage 2] Selection summary | clean_precision=86.45 | clean_recall=80.27 | noisy_precision=60.55 | noisy_recall=70.64 | keep_ratio=65.00 | avg_teacher_similarity=0.9832
[Round 039/096] Phase=stage_1 | Stage=0 | Acc=23.900 | StagePure=82.862 | CPrec=82.862 | CRec=76.943 | NPrec=53.886 | NRec=62.867 | Keep=65.000 | TSim=0.840 | RoundTime=113.50s | TotalTime=2392.49s | Method=feddenoise_v3
[Round 040/096] Phase=stage_2 | Stage=1 | Acc=24.290 | StagePure=86.449 | CPrec=86.449 | CRec=80.274 | NPrec=60.549 | NRec=70.640 | Keep=65.000 | TSim=0.983 | RoundTime=48.35s | TotalTime=2440.85s | Method=feddenoise_v3
[Round 041/096] Phase=stage_2 | Stage=1 | Acc=25.500 | StagePure=86.449 | CPrec=86.449 | CRec=80.274 | NPrec=60.549 | NRec=70.640 | Keep=65.000 | TSim=0.983 | RoundTime=47.06s | TotalTime=2487.92s | Method=feddenoise_v3
[Round 042/096] Phase=stage_2 | Stage=1 | Acc=25.430 | StagePure=86.449 | CPrec=86.449 | CRec=80.274 | NPrec=60.549 | NRec=70.640 | Keep=65.000 | TSim=0.983 | RoundTime=49.03s | TotalTime=2536.95s | Method=feddenoise_v3
[Round 043/096] Phase=stage_2 | Stage=1 | Acc=26.610 | StagePure=86.449 | CPrec=86.449 | CRec=80.274 | NPrec=60.549 | NRec=70.640 | Keep=65.000 | TSim=0.983 | RoundTime=48.64s | TotalTime=2585.61s | Method=feddenoise_v3
[Round 044/096] Phase=stage_2 | Stage=1 | Acc=26.740 | StagePure=86.449 | CPrec=86.449 | CRec=80.274 | NPrec=60.549 | NRec=70.640 | Keep=65.000 | TSim=0.983 | RoundTime=48.76s | TotalTime=2634.37s | Method=feddenoise_v3
[Round 045/096] Phase=stage_2 | Stage=1 | Acc=27.310 | StagePure=86.449 | CPrec=86.449 | CRec=80.274 | NPrec=60.549 | NRec=70.640 | Keep=65.000 | TSim=0.983 | RoundTime=48.85s | TotalTime=2683.23s | Method=feddenoise_v3
[Round 046/096] Phase=stage_2 | Stage=1 | Acc=27.860 | StagePure=86.449 | CPrec=86.449 | CRec=80.274 | NPrec=60.549 | NRec=70.640 | Keep=65.000 | TSim=0.983 | RoundTime=47.35s | TotalTime=2730.59s | Method=feddenoise_v3
[Round 047/096] Phase=stage_2 | Stage=1 | Acc=27.950 | StagePure=86.449 | CPrec=86.449 | CRec=80.274 | NPrec=60.549 | NRec=70.640 | Keep=65.000 | TSim=0.983 | RoundTime=48.33s | TotalTime=2778.93s | Method=feddenoise_v3
[Round 048/096] Phase=stage_2 | Stage=1 | Acc=28.800 | StagePure=86.449 | CPrec=86.449 | CRec=80.274 | NPrec=60.549 | NRec=70.640 | Keep=65.000 | TSim=0.983 | RoundTime=49.46s | TotalTime=2828.39s | Method=feddenoise_v3
[Round 049/096] Phase=stage_2 | Stage=1 | Acc=28.680 | StagePure=86.449 | CPrec=86.449 | CRec=80.274 | NPrec=60.549 | NRec=70.640 | Keep=65.000 | TSim=0.983 | RoundTime=48.70s | TotalTime=2877.10s | Method=feddenoise_v3
[Round 050/096] Phase=stage_2 | Stage=1 | Acc=29.620 | StagePure=86.449 | CPrec=86.449 | CRec=80.274 | NPrec=60.549 | NRec=70.640 | Keep=65.000 | TSim=0.983 | RoundTime=49.26s | TotalTime=2926.38s | Method=feddenoise_v3
[Round 051/096] Phase=stage_2 | Stage=1 | Acc=30.040 | StagePure=86.449 | CPrec=86.449 | CRec=80.274 | NPrec=60.549 | NRec=70.640 | Keep=65.000 | TSim=0.983 | RoundTime=49.13s | TotalTime=2975.51s | Method=feddenoise_v3
[Round 052/096] Phase=stage_2 | Stage=1 | Acc=29.670 | StagePure=86.449 | CPrec=86.449 | CRec=80.274 | NPrec=60.549 | NRec=70.640 | Keep=65.000 | TSim=0.983 | RoundTime=50.75s | TotalTime=3026.27s | Method=feddenoise_v3
[Round 053/096] Phase=stage_2 | Stage=1 | Acc=30.690 | StagePure=86.449 | CPrec=86.449 | CRec=80.274 | NPrec=60.549 | NRec=70.640 | Keep=65.000 | TSim=0.983 | RoundTime=47.28s | TotalTime=3073.56s | Method=feddenoise_v3
[Round 054/096] Phase=stage_2 | Stage=1 | Acc=31.200 | StagePure=86.449 | CPrec=86.449 | CRec=80.274 | NPrec=60.549 | NRec=70.640 | Keep=65.000 | TSim=0.983 | RoundTime=47.42s | TotalTime=3120.99s | Method=feddenoise_v3
[Round 055/096] Phase=stage_2 | Stage=1 | Acc=31.650 | StagePure=86.449 | CPrec=86.449 | CRec=80.274 | NPrec=60.549 | NRec=70.640 | Keep=65.000 | TSim=0.983 | RoundTime=48.88s | TotalTime=3169.87s | Method=feddenoise_v3
[Round 056/096] Phase=stage_2 | Stage=1 | Acc=31.930 | StagePure=86.449 | CPrec=86.449 | CRec=80.274 | NPrec=60.549 | NRec=70.640 | Keep=65.000 | TSim=0.983 | RoundTime=48.85s | TotalTime=3218.73s | Method=feddenoise_v3
[Round 057/096] Phase=stage_2 | Stage=1 | Acc=32.460 | StagePure=86.449 | CPrec=86.449 | CRec=80.274 | NPrec=60.549 | NRec=70.640 | Keep=65.000 | TSim=0.983 | RoundTime=48.66s | TotalTime=3267.40s | Method=feddenoise_v3

[Teacher Selection] Building clean subsets for stage 3 ...
[Stage 3] Client 0: teachers=[6, 1], avg_teacher_sim=0.9869, selected=3250
[Stage 3] Client 1: teachers=[9, 0], avg_teacher_sim=0.9873, selected=3250
[Stage 3] Client 2: teachers=[6, 1], avg_teacher_sim=0.9889, selected=3250
[Stage 3] Client 3: teachers=[1, 5], avg_teacher_sim=0.9895, selected=3250
[Stage 3] Client 4: teachers=[0, 9], avg_teacher_sim=0.9896, selected=3250
[Stage 3] Client 5: teachers=[6, 7], avg_teacher_sim=0.9884, selected=3250
[Stage 3] Client 6: teachers=[0, 5], avg_teacher_sim=0.9868, selected=3250
[Stage 3] Client 7: teachers=[6, 1], avg_teacher_sim=0.9887, selected=3250
[Stage 3] Client 8: teachers=[6, 1], avg_teacher_sim=0.9884, selected=3250
[Stage 3] Client 9: teachers=[1, 6], avg_teacher_sim=0.9876, selected=3250
[Stage 3] Selection summary | clean_precision=88.57 | clean_recall=82.25 | noisy_precision=64.49 | noisy_recall=75.24 | keep_ratio=65.00 | avg_teacher_similarity=0.9882
[Round 058/096] Phase=stage_2 | Stage=1 | Acc=32.640 | StagePure=86.449 | CPrec=86.449 | CRec=80.274 | NPrec=60.549 | NRec=70.640 | Keep=65.000 | TSim=0.983 | RoundTime=94.40s | TotalTime=3361.81s | Method=feddenoise_v3
[Round 059/096] Phase=stage_3 | Stage=2 | Acc=32.930 | StagePure=88.572 | CPrec=88.572 | CRec=82.246 | NPrec=64.491 | NRec=75.240 | Keep=65.000 | TSim=0.988 | RoundTime=48.81s | TotalTime=3410.63s | Method=feddenoise_v3
[Round 060/096] Phase=stage_3 | Stage=2 | Acc=34.080 | StagePure=88.572 | CPrec=88.572 | CRec=82.246 | NPrec=64.491 | NRec=75.240 | Keep=65.000 | TSim=0.988 | RoundTime=47.99s | TotalTime=3458.62s | Method=feddenoise_v3
[Round 061/096] Phase=stage_3 | Stage=2 | Acc=34.360 | StagePure=88.572 | CPrec=88.572 | CRec=82.246 | NPrec=64.491 | NRec=75.240 | Keep=65.000 | TSim=0.988 | RoundTime=49.24s | TotalTime=3507.88s | Method=feddenoise_v3
[Round 062/096] Phase=stage_3 | Stage=2 | Acc=34.430 | StagePure=88.572 | CPrec=88.572 | CRec=82.246 | NPrec=64.491 | NRec=75.240 | Keep=65.000 | TSim=0.988 | RoundTime=49.18s | TotalTime=3557.06s | Method=feddenoise_v3
[Round 063/096] Phase=stage_3 | Stage=2 | Acc=34.720 | StagePure=88.572 | CPrec=88.572 | CRec=82.246 | NPrec=64.491 | NRec=75.240 | Keep=65.000 | TSim=0.988 | RoundTime=47.08s | TotalTime=3604.15s | Method=feddenoise_v3
[Round 064/096] Phase=stage_3 | Stage=2 | Acc=35.360 | StagePure=88.572 | CPrec=88.572 | CRec=82.246 | NPrec=64.491 | NRec=75.240 | Keep=65.000 | TSim=0.988 | RoundTime=48.75s | TotalTime=3652.91s | Method=feddenoise_v3
[Round 065/096] Phase=stage_3 | Stage=2 | Acc=35.490 | StagePure=88.572 | CPrec=88.572 | CRec=82.246 | NPrec=64.491 | NRec=75.240 | Keep=65.000 | TSim=0.988 | RoundTime=49.43s | TotalTime=3702.35s | Method=feddenoise_v3
[Round 066/096] Phase=stage_3 | Stage=2 | Acc=36.060 | StagePure=88.572 | CPrec=88.572 | CRec=82.246 | NPrec=64.491 | NRec=75.240 | Keep=65.000 | TSim=0.988 | RoundTime=48.60s | TotalTime=3750.96s | Method=feddenoise_v3
[Round 067/096] Phase=stage_3 | Stage=2 | Acc=36.260 | StagePure=88.572 | CPrec=88.572 | CRec=82.246 | NPrec=64.491 | NRec=75.240 | Keep=65.000 | TSim=0.988 | RoundTime=50.40s | TotalTime=3801.37s | Method=feddenoise_v3
[Round 068/096] Phase=stage_3 | Stage=2 | Acc=36.590 | StagePure=88.572 | CPrec=88.572 | CRec=82.246 | NPrec=64.491 | NRec=75.240 | Keep=65.000 | TSim=0.988 | RoundTime=47.77s | TotalTime=3849.15s | Method=feddenoise_v3
[Round 069/096] Phase=stage_3 | Stage=2 | Acc=36.880 | StagePure=88.572 | CPrec=88.572 | CRec=82.246 | NPrec=64.491 | NRec=75.240 | Keep=65.000 | TSim=0.988 | RoundTime=47.39s | TotalTime=3896.55s | Method=feddenoise_v3
[Round 070/096] Phase=stage_3 | Stage=2 | Acc=37.250 | StagePure=88.572 | CPrec=88.572 | CRec=82.246 | NPrec=64.491 | NRec=75.240 | Keep=65.000 | TSim=0.988 | RoundTime=48.89s | TotalTime=3945.45s | Method=feddenoise_v3
[Round 071/096] Phase=stage_3 | Stage=2 | Acc=37.580 | StagePure=88.572 | CPrec=88.572 | CRec=82.246 | NPrec=64.491 | NRec=75.240 | Keep=65.000 | TSim=0.988 | RoundTime=48.47s | TotalTime=3993.93s | Method=feddenoise_v3
[Round 072/096] Phase=stage_3 | Stage=2 | Acc=38.030 | StagePure=88.572 | CPrec=88.572 | CRec=82.246 | NPrec=64.491 | NRec=75.240 | Keep=65.000 | TSim=0.988 | RoundTime=46.70s | TotalTime=4040.64s | Method=feddenoise_v3
[Round 073/096] Phase=stage_3 | Stage=2 | Acc=38.240 | StagePure=88.572 | CPrec=88.572 | CRec=82.246 | NPrec=64.491 | NRec=75.240 | Keep=65.000 | TSim=0.988 | RoundTime=47.95s | TotalTime=4088.60s | Method=feddenoise_v3
[Round 074/096] Phase=stage_3 | Stage=2 | Acc=38.940 | StagePure=88.572 | CPrec=88.572 | CRec=82.246 | NPrec=64.491 | NRec=75.240 | Keep=65.000 | TSim=0.988 | RoundTime=48.53s | TotalTime=4137.14s | Method=feddenoise_v3
[Round 075/096] Phase=stage_3 | Stage=2 | Acc=38.890 | StagePure=88.572 | CPrec=88.572 | CRec=82.246 | NPrec=64.491 | NRec=75.240 | Keep=65.000 | TSim=0.988 | RoundTime=48.75s | TotalTime=4185.90s | Method=feddenoise_v3
[Round 076/096] Phase=stage_3 | Stage=2 | Acc=39.170 | StagePure=88.572 | CPrec=88.572 | CRec=82.246 | NPrec=64.491 | NRec=75.240 | Keep=65.000 | TSim=0.988 | RoundTime=48.81s | TotalTime=4234.72s | Method=feddenoise_v3

[Teacher Selection] Building clean subsets for stage 4 ...
[Stage 4] Client 0: teachers=[5], avg_teacher_sim=0.9895, selected=3250
[Stage 4] Client 1: teachers=[5], avg_teacher_sim=0.9886, selected=3250
[Stage 4] Client 2: teachers=[5], avg_teacher_sim=0.9886, selected=3250
[Stage 4] Client 3: teachers=[5], avg_teacher_sim=0.9881, selected=3250
[Stage 4] Client 4: teachers=[8], avg_teacher_sim=0.9895, selected=3250
[Stage 4] Client 5: teachers=[7], avg_teacher_sim=0.9857, selected=3250
[Stage 4] Client 6: teachers=[5], avg_teacher_sim=0.9889, selected=3250
[Stage 4] Client 7: teachers=[5], avg_teacher_sim=0.9857, selected=3250
[Stage 4] Client 8: teachers=[5], avg_teacher_sim=0.9869, selected=3250
[Stage 4] Client 9: teachers=[5], avg_teacher_sim=0.9894, selected=3250
[Stage 4] Selection summary | clean_precision=89.53 | clean_recall=83.13 | noisy_precision=66.26 | noisy_recall=77.31 | keep_ratio=65.00 | avg_teacher_similarity=0.9881
[Round 077/096] Phase=stage_3 | Stage=2 | Acc=39.040 | StagePure=88.572 | CPrec=88.572 | CRec=82.246 | NPrec=64.491 | NRec=75.240 | Keep=65.000 | TSim=0.988 | RoundTime=75.97s | TotalTime=4310.70s | Method=feddenoise_v3
[Round 078/096] Phase=stage_4 | Stage=3 | Acc=39.730 | StagePure=89.526 | CPrec=89.526 | CRec=83.131 | NPrec=66.263 | NRec=77.307 | Keep=65.000 | TSim=0.988 | RoundTime=48.75s | TotalTime=4359.47s | Method=feddenoise_v3
[Round 079/096] Phase=stage_4 | Stage=3 | Acc=40.760 | StagePure=89.526 | CPrec=89.526 | CRec=83.131 | NPrec=66.263 | NRec=77.307 | Keep=65.000 | TSim=0.988 | RoundTime=49.04s | TotalTime=4408.52s | Method=feddenoise_v3
[Round 080/096] Phase=stage_4 | Stage=3 | Acc=40.860 | StagePure=89.526 | CPrec=89.526 | CRec=83.131 | NPrec=66.263 | NRec=77.307 | Keep=65.000 | TSim=0.988 | RoundTime=48.86s | TotalTime=4457.39s | Method=feddenoise_v3
[Round 081/096] Phase=stage_4 | Stage=3 | Acc=41.210 | StagePure=89.526 | CPrec=89.526 | CRec=83.131 | NPrec=66.263 | NRec=77.307 | Keep=65.000 | TSim=0.988 | RoundTime=48.88s | TotalTime=4506.27s | Method=feddenoise_v3
[Round 082/096] Phase=stage_4 | Stage=3 | Acc=41.690 | StagePure=89.526 | CPrec=89.526 | CRec=83.131 | NPrec=66.263 | NRec=77.307 | Keep=65.000 | TSim=0.988 | RoundTime=49.10s | TotalTime=4555.38s | Method=feddenoise_v3
[Round 083/096] Phase=stage_4 | Stage=3 | Acc=41.500 | StagePure=89.526 | CPrec=89.526 | CRec=83.131 | NPrec=66.263 | NRec=77.307 | Keep=65.000 | TSim=0.988 | RoundTime=48.90s | TotalTime=4604.29s | Method=feddenoise_v3
[Round 084/096] Phase=stage_4 | Stage=3 | Acc=42.070 | StagePure=89.526 | CPrec=89.526 | CRec=83.131 | NPrec=66.263 | NRec=77.307 | Keep=65.000 | TSim=0.988 | RoundTime=49.11s | TotalTime=4653.41s | Method=feddenoise_v3
[Round 085/096] Phase=stage_4 | Stage=3 | Acc=42.390 | StagePure=89.526 | CPrec=89.526 | CRec=83.131 | NPrec=66.263 | NRec=77.307 | Keep=65.000 | TSim=0.988 | RoundTime=47.43s | TotalTime=4700.84s | Method=feddenoise_v3
[Round 086/096] Phase=stage_4 | Stage=3 | Acc=42.440 | StagePure=89.526 | CPrec=89.526 | CRec=83.131 | NPrec=66.263 | NRec=77.307 | Keep=65.000 | TSim=0.988 | RoundTime=47.76s | TotalTime=4748.60s | Method=feddenoise_v3
[Round 087/096] Phase=stage_4 | Stage=3 | Acc=42.870 | StagePure=89.526 | CPrec=89.526 | CRec=83.131 | NPrec=66.263 | NRec=77.307 | Keep=65.000 | TSim=0.988 | RoundTime=48.84s | TotalTime=4797.46s | Method=feddenoise_v3
[Round 088/096] Phase=stage_4 | Stage=3 | Acc=43.140 | StagePure=89.526 | CPrec=89.526 | CRec=83.131 | NPrec=66.263 | NRec=77.307 | Keep=65.000 | TSim=0.988 | RoundTime=50.19s | TotalTime=4847.65s | Method=feddenoise_v3
[Round 089/096] Phase=stage_4 | Stage=3 | Acc=43.300 | StagePure=89.526 | CPrec=89.526 | CRec=83.131 | NPrec=66.263 | NRec=77.307 | Keep=65.000 | TSim=0.988 | RoundTime=48.64s | TotalTime=4896.30s | Method=feddenoise_v3
[Round 090/096] Phase=stage_4 | Stage=3 | Acc=43.360 | StagePure=89.526 | CPrec=89.526 | CRec=83.131 | NPrec=66.263 | NRec=77.307 | Keep=65.000 | TSim=0.988 | RoundTime=48.43s | TotalTime=4944.74s | Method=feddenoise_v3
[Round 091/096] Phase=stage_4 | Stage=3 | Acc=43.400 | StagePure=89.526 | CPrec=89.526 | CRec=83.131 | NPrec=66.263 | NRec=77.307 | Keep=65.000 | TSim=0.988 | RoundTime=43.34s | TotalTime=4988.08s | Method=feddenoise_v3
[Round 092/096] Phase=stage_4 | Stage=3 | Acc=43.510 | StagePure=89.526 | CPrec=89.526 | CRec=83.131 | NPrec=66.263 | NRec=77.307 | Keep=65.000 | TSim=0.988 | RoundTime=49.16s | TotalTime=5037.25s | Method=feddenoise_v3
[Round 093/096] Phase=stage_4 | Stage=3 | Acc=43.720 | StagePure=89.526 | CPrec=89.526 | CRec=83.131 | NPrec=66.263 | NRec=77.307 | Keep=65.000 | TSim=0.988 | RoundTime=50.83s | TotalTime=5088.09s | Method=feddenoise_v3
[Round 094/096] Phase=stage_4 | Stage=3 | Acc=44.070 | StagePure=89.526 | CPrec=89.526 | CRec=83.131 | NPrec=66.263 | NRec=77.307 | Keep=65.000 | TSim=0.988 | RoundTime=50.61s | TotalTime=5138.70s | Method=feddenoise_v3
[Round 095/096] Phase=stage_4 | Stage=3 | Acc=44.480 | StagePure=89.526 | CPrec=89.526 | CRec=83.131 | NPrec=66.263 | NRec=77.307 | Keep=65.000 | TSim=0.988 | RoundTime=50.57s | TotalTime=5189.28s | Method=feddenoise_v3
[Round 096/096] Phase=stage_4 | Stage=3 | Acc=44.570 | StagePure=89.526 | CPrec=89.526 | CRec=83.131 | NPrec=66.263 | NRec=77.307 | Keep=65.000 | TSim=0.988 | RoundTime=49.82s | TotalTime=5239.10s | Method=feddenoise_v3
========================================================================================================================
Training finished at: 2026-04-08 19:28:40
Total elapsed time: 5239.11s
Final Acc: 44.570
Best Acc : 44.570
Final StagePure: 89.526
Best StagePure : 89.526
========================================================================================================================
