[Launch] model=feddenoise_v3 | dataset=fl_cifar10 | clients=10 | rounds=96 | local_epoch=1 | batch_size=64 | noise_mode=uniform | noise_value=0.3
Files already downloaded and verified
Files already downloaded and verified
mean: 5000.0
std: 0.0
Data statistics: {0: {0: 816, 1: 358, 2: 1028, 3: 553, 4: 591, 5: 245, 6: 691, 7: 167, 8: 389, 9: 162}, 1: {0: 192, 1: 156, 2: 220, 3: 242, 4: 321, 5: 414, 6: 176, 7: 176, 8: 180, 9: 2923}, 2: {0: 169, 1: 1111, 2: 240, 3: 518, 4: 214, 5: 207, 6: 282, 7: 1362, 8: 522, 9: 375}, 3: {0: 424, 1: 224, 2: 216, 3: 723, 4: 223, 5: 500, 6: 1678, 7: 667, 8: 176, 9: 169}, 4: {0: 500, 1: 1256, 2: 154, 3: 274, 4: 910, 5: 893, 6: 163, 7: 491, 8: 181, 9: 178}, 5: {0: 1058, 1: 361, 2: 231, 3: 546, 4: 569, 5: 440, 6: 152, 7: 822, 8: 655, 9: 166}, 6: {0: 173, 1: 379, 2: 1795, 3: 294, 4: 254, 5: 277, 6: 413, 7: 874, 8: 368, 9: 173}, 7: {0: 654, 1: 462, 2: 314, 3: 212, 4: 468, 5: 173, 6: 1023, 7: 174, 8: 987, 9: 533}, 8: {0: 862, 1: 482, 2: 452, 3: 1257, 4: 1133, 5: 170, 6: 167, 7: 165, 8: 155, 9: 157}, 9: {0: 166, 1: 216, 2: 278, 3: 348, 4: 319, 5: 1731, 6: 202, 7: 188, 8: 1380, 9: 172}}
========================================================================================================================
Training started at: 2026-04-08 16:30:49
Result directory: results/fl_cifar10/feddenoise_v3/pm-dir_a-0.5_nm-uni_nr-0.3_nt-symmetric_wr-20_sr-19_ts-4,3,2,1_tss-least_sim_tsim-backbone_cosine_wm-no_comm_dr-0.35_drs-None
Result txt file : results/fl_cifar10/feddenoise_v3/pm-dir_a-0.5_nm-uni_nr-0.3_nt-symmetric_wr-20_sr-19_ts-4,3,2,1_tss-least_sim_tsim-backbone_cosine_wm-no_comm_dr-0.35_drs-None/feddenoise_v3_fl_cifar10_20260408-163049-912038_pid831488.txt
Result log file : results/fl_cifar10/feddenoise_v3/pm-dir_a-0.5_nm-uni_nr-0.3_nt-symmetric_wr-20_sr-19_ts-4,3,2,1_tss-least_sim_tsim-backbone_cosine_wm-no_comm_dr-0.35_drs-None/feddenoise_v3_fl_cifar10_20260408-163049-912038_pid831488.log
------------------------------------------------------------------------------------------------------------------------
Model: feddenoise_v3
Dataset: fl_cifar10
Structure: homogeneity
Participants: 10
Online ratio: 1.0
Communication epochs: 96
Local epoch: 1
Local batch size: 64
Local lr: 0.01
Partition mode: dirichlet
Dirichlet alpha: 0.5
Noise mode: uniform
Noise rate: 0.3
Noise type: symmetric
Noise max: 0.3
Averaging: weight
Seed: 0
Warmup round: 20
Stage round: 19
Teacher schedule: 4,3,2,1
Teacher select strategy: least_sim
Teacher similarity: backbone_cosine
Teacher score mode: teacher_mean
Warmup mode: no_comm
Drop rate: 0.35
Drop rate schedule: None
Exclude self teacher: True
========================================================================================================================
Backbone: NoiseFLCNN NoiseFLCNN
[Round 001/096] Phase=warmup | Stage=warmup | Acc=10.000 | RoundTime=69.80s | TotalTime=69.81s | Method=feddenoise_v3
[Round 002/096] Phase=warmup | Stage=warmup | Acc=10.000 | RoundTime=65.98s | TotalTime=135.80s | Method=feddenoise_v3
[Round 003/096] Phase=warmup | Stage=warmup | Acc=10.000 | RoundTime=66.06s | TotalTime=201.87s | Method=feddenoise_v3
[Round 004/096] Phase=warmup | Stage=warmup | Acc=10.000 | RoundTime=66.50s | TotalTime=268.37s | Method=feddenoise_v3
[Round 005/096] Phase=warmup | Stage=warmup | Acc=10.000 | RoundTime=68.33s | TotalTime=336.71s | Method=feddenoise_v3
[Round 006/096] Phase=warmup | Stage=warmup | Acc=10.000 | RoundTime=71.47s | TotalTime=408.19s | Method=feddenoise_v3
[Round 007/096] Phase=warmup | Stage=warmup | Acc=10.000 | RoundTime=71.62s | TotalTime=479.82s | Method=feddenoise_v3
[Round 008/096] Phase=warmup | Stage=warmup | Acc=10.000 | RoundTime=71.85s | TotalTime=551.68s | Method=feddenoise_v3
[Round 009/096] Phase=warmup | Stage=warmup | Acc=10.000 | RoundTime=71.92s | TotalTime=623.61s | Method=feddenoise_v3
[Round 010/096] Phase=warmup | Stage=warmup | Acc=10.000 | RoundTime=72.12s | TotalTime=695.73s | Method=feddenoise_v3
[Round 011/096] Phase=warmup | Stage=warmup | Acc=10.000 | RoundTime=72.11s | TotalTime=767.84s | Method=feddenoise_v3
[Round 012/096] Phase=warmup | Stage=warmup | Acc=10.000 | RoundTime=72.13s | TotalTime=839.98s | Method=feddenoise_v3
[Round 013/096] Phase=warmup | Stage=warmup | Acc=10.000 | RoundTime=72.02s | TotalTime=912.01s | Method=feddenoise_v3
[Round 014/096] Phase=warmup | Stage=warmup | Acc=10.000 | RoundTime=71.96s | TotalTime=983.97s | Method=feddenoise_v3
[Round 015/096] Phase=warmup | Stage=warmup | Acc=10.000 | RoundTime=71.77s | TotalTime=1055.75s | Method=feddenoise_v3
[Round 016/096] Phase=warmup | Stage=warmup | Acc=10.000 | RoundTime=69.54s | TotalTime=1125.30s | Method=feddenoise_v3
[Round 017/096] Phase=warmup | Stage=warmup | Acc=10.000 | RoundTime=65.73s | TotalTime=1191.03s | Method=feddenoise_v3
[Round 018/096] Phase=warmup | Stage=warmup | Acc=10.000 | RoundTime=64.72s | TotalTime=1255.76s | Method=feddenoise_v3
[Round 019/096] Phase=warmup | Stage=warmup | Acc=10.000 | RoundTime=63.34s | TotalTime=1319.11s | Method=feddenoise_v3

[Teacher Selection] Building clean subsets for stage 1 ...
[Stage 1] Client 0: teachers=[1, 2, 6, 4], avg_teacher_sim=0.8394, selected=3250
[Stage 1] Client 1: teachers=[0, 4, 2, 6], avg_teacher_sim=0.8223, selected=3250
[Stage 1] Client 2: teachers=[1, 0, 3, 6], avg_teacher_sim=0.8400, selected=3250
[Stage 1] Client 3: teachers=[1, 2, 0, 6], avg_teacher_sim=0.8470, selected=3250
[Stage 1] Client 4: teachers=[1, 6, 0, 3], avg_teacher_sim=0.8458, selected=3250
[Stage 1] Client 5: teachers=[1, 6, 9, 0], avg_teacher_sim=0.8488, selected=3250
[Stage 1] Client 6: teachers=[1, 8, 0, 2], avg_teacher_sim=0.8406, selected=3250
[Stage 1] Client 7: teachers=[1, 6, 2, 0], avg_teacher_sim=0.8514, selected=3250
[Stage 1] Client 8: teachers=[1, 6, 2, 3], avg_teacher_sim=0.8468, selected=3250
[Stage 1] Client 9: teachers=[1, 6, 2, 0], avg_teacher_sim=0.8504, selected=3250
[Stage 1] Selection summary | clean_precision=86.41 | clean_recall=80.24 | noisy_precision=60.48 | noisy_recall=70.56 | keep_ratio=65.00 | avg_teacher_similarity=0.8432
[Round 020/096] Phase=warmup | Stage=warmup | Acc=10.950 | RoundTime=154.44s | TotalTime=1473.56s | Method=feddenoise_v3
[Round 021/096] Phase=stage_1 | Stage=0 | Acc=21.240 | StagePure=86.412 | CPrec=86.412 | CRec=80.240 | NPrec=60.480 | NRec=70.560 | Keep=65.000 | TSim=0.843 | RoundTime=55.18s | TotalTime=1528.75s | Method=feddenoise_v3
[Round 022/096] Phase=stage_1 | Stage=0 | Acc=40.530 | StagePure=86.412 | CPrec=86.412 | CRec=80.240 | NPrec=60.480 | NRec=70.560 | Keep=65.000 | TSim=0.843 | RoundTime=54.33s | TotalTime=1583.08s | Method=feddenoise_v3
[Round 023/096] Phase=stage_1 | Stage=0 | Acc=44.800 | StagePure=86.412 | CPrec=86.412 | CRec=80.240 | NPrec=60.480 | NRec=70.560 | Keep=65.000 | TSim=0.843 | RoundTime=53.10s | TotalTime=1636.19s | Method=feddenoise_v3
[Round 024/096] Phase=stage_1 | Stage=0 | Acc=46.420 | StagePure=86.412 | CPrec=86.412 | CRec=80.240 | NPrec=60.480 | NRec=70.560 | Keep=65.000 | TSim=0.843 | RoundTime=53.41s | TotalTime=1689.61s | Method=feddenoise_v3
[Round 025/096] Phase=stage_1 | Stage=0 | Acc=49.980 | StagePure=86.412 | CPrec=86.412 | CRec=80.240 | NPrec=60.480 | NRec=70.560 | Keep=65.000 | TSim=0.843 | RoundTime=53.00s | TotalTime=1742.62s | Method=feddenoise_v3
[Round 026/096] Phase=stage_1 | Stage=0 | Acc=50.830 | StagePure=86.412 | CPrec=86.412 | CRec=80.240 | NPrec=60.480 | NRec=70.560 | Keep=65.000 | TSim=0.843 | RoundTime=52.16s | TotalTime=1794.79s | Method=feddenoise_v3
[Round 027/096] Phase=stage_1 | Stage=0 | Acc=52.950 | StagePure=86.412 | CPrec=86.412 | CRec=80.240 | NPrec=60.480 | NRec=70.560 | Keep=65.000 | TSim=0.843 | RoundTime=52.96s | TotalTime=1847.76s | Method=feddenoise_v3
[Round 028/096] Phase=stage_1 | Stage=0 | Acc=53.700 | StagePure=86.412 | CPrec=86.412 | CRec=80.240 | NPrec=60.480 | NRec=70.560 | Keep=65.000 | TSim=0.843 | RoundTime=53.37s | TotalTime=1901.14s | Method=feddenoise_v3
[Round 029/096] Phase=stage_1 | Stage=0 | Acc=55.150 | StagePure=86.412 | CPrec=86.412 | CRec=80.240 | NPrec=60.480 | NRec=70.560 | Keep=65.000 | TSim=0.843 | RoundTime=53.59s | TotalTime=1954.73s | Method=feddenoise_v3
[Round 030/096] Phase=stage_1 | Stage=0 | Acc=56.260 | StagePure=86.412 | CPrec=86.412 | CRec=80.240 | NPrec=60.480 | NRec=70.560 | Keep=65.000 | TSim=0.843 | RoundTime=53.97s | TotalTime=2008.71s | Method=feddenoise_v3
[Round 031/096] Phase=stage_1 | Stage=0 | Acc=57.320 | StagePure=86.412 | CPrec=86.412 | CRec=80.240 | NPrec=60.480 | NRec=70.560 | Keep=65.000 | TSim=0.843 | RoundTime=53.53s | TotalTime=2062.25s | Method=feddenoise_v3
[Round 032/096] Phase=stage_1 | Stage=0 | Acc=57.690 | StagePure=86.412 | CPrec=86.412 | CRec=80.240 | NPrec=60.480 | NRec=70.560 | Keep=65.000 | TSim=0.843 | RoundTime=53.37s | TotalTime=2115.63s | Method=feddenoise_v3
[Round 033/096] Phase=stage_1 | Stage=0 | Acc=58.530 | StagePure=86.412 | CPrec=86.412 | CRec=80.240 | NPrec=60.480 | NRec=70.560 | Keep=65.000 | TSim=0.843 | RoundTime=53.73s | TotalTime=2169.37s | Method=feddenoise_v3
[Round 034/096] Phase=stage_1 | Stage=0 | Acc=58.380 | StagePure=86.412 | CPrec=86.412 | CRec=80.240 | NPrec=60.480 | NRec=70.560 | Keep=65.000 | TSim=0.843 | RoundTime=54.42s | TotalTime=2223.79s | Method=feddenoise_v3
[Round 035/096] Phase=stage_1 | Stage=0 | Acc=59.670 | StagePure=86.412 | CPrec=86.412 | CRec=80.240 | NPrec=60.480 | NRec=70.560 | Keep=65.000 | TSim=0.843 | RoundTime=52.13s | TotalTime=2275.92s | Method=feddenoise_v3
[Round 036/096] Phase=stage_1 | Stage=0 | Acc=60.490 | StagePure=86.412 | CPrec=86.412 | CRec=80.240 | NPrec=60.480 | NRec=70.560 | Keep=65.000 | TSim=0.843 | RoundTime=54.96s | TotalTime=2330.89s | Method=feddenoise_v3
[Round 037/096] Phase=stage_1 | Stage=0 | Acc=61.250 | StagePure=86.412 | CPrec=86.412 | CRec=80.240 | NPrec=60.480 | NRec=70.560 | Keep=65.000 | TSim=0.843 | RoundTime=55.92s | TotalTime=2386.82s | Method=feddenoise_v3
[Round 038/096] Phase=stage_1 | Stage=0 | Acc=61.110 | StagePure=86.412 | CPrec=86.412 | CRec=80.240 | NPrec=60.480 | NRec=70.560 | Keep=65.000 | TSim=0.843 | RoundTime=54.98s | TotalTime=2441.80s | Method=feddenoise_v3

[Teacher Selection] Building clean subsets for stage 2 ...
[Stage 2] Client 0: teachers=[1, 9, 4], avg_teacher_sim=0.9741, selected=3250
[Stage 2] Client 1: teachers=[9, 3, 0], avg_teacher_sim=0.9658, selected=3250
[Stage 2] Client 2: teachers=[9, 1, 3], avg_teacher_sim=0.9753, selected=3250
[Stage 2] Client 3: teachers=[1, 9, 4], avg_teacher_sim=0.9725, selected=3250
[Stage 2] Client 4: teachers=[9, 1, 3], avg_teacher_sim=0.9752, selected=3250
[Stage 2] Client 5: teachers=[1, 9, 4], avg_teacher_sim=0.9784, selected=3250
[Stage 2] Client 6: teachers=[9, 1, 4], avg_teacher_sim=0.9744, selected=3250
[Stage 2] Client 7: teachers=[9, 1, 4], avg_teacher_sim=0.9761, selected=3250
[Stage 2] Client 8: teachers=[9, 1, 3], avg_teacher_sim=0.9753, selected=3250
[Stage 2] Client 9: teachers=[1, 4, 2], avg_teacher_sim=0.9648, selected=3250
[Stage 2] Selection summary | clean_precision=89.10 | clean_recall=82.73 | noisy_precision=65.46 | noisy_recall=76.37 | keep_ratio=65.00 | avg_teacher_similarity=0.9732
[Round 039/096] Phase=stage_1 | Stage=0 | Acc=61.330 | StagePure=86.412 | CPrec=86.412 | CRec=80.240 | NPrec=60.480 | NRec=70.560 | Keep=65.000 | TSim=0.843 | RoundTime=125.93s | TotalTime=2567.75s | Method=feddenoise_v3
[Round 040/096] Phase=stage_2 | Stage=1 | Acc=58.620 | StagePure=89.095 | CPrec=89.095 | CRec=82.731 | NPrec=65.463 | NRec=76.373 | Keep=65.000 | TSim=0.973 | RoundTime=55.63s | TotalTime=2623.39s | Method=feddenoise_v3
[Round 041/096] Phase=stage_2 | Stage=1 | Acc=59.450 | StagePure=89.095 | CPrec=89.095 | CRec=82.731 | NPrec=65.463 | NRec=76.373 | Keep=65.000 | TSim=0.973 | RoundTime=56.62s | TotalTime=2680.02s | Method=feddenoise_v3
[Round 042/096] Phase=stage_2 | Stage=1 | Acc=61.650 | StagePure=89.095 | CPrec=89.095 | CRec=82.731 | NPrec=65.463 | NRec=76.373 | Keep=65.000 | TSim=0.973 | RoundTime=50.52s | TotalTime=2730.55s | Method=feddenoise_v3
[Round 043/096] Phase=stage_2 | Stage=1 | Acc=61.990 | StagePure=89.095 | CPrec=89.095 | CRec=82.731 | NPrec=65.463 | NRec=76.373 | Keep=65.000 | TSim=0.973 | RoundTime=48.51s | TotalTime=2779.07s | Method=feddenoise_v3
[Round 044/096] Phase=stage_2 | Stage=1 | Acc=63.240 | StagePure=89.095 | CPrec=89.095 | CRec=82.731 | NPrec=65.463 | NRec=76.373 | Keep=65.000 | TSim=0.973 | RoundTime=48.63s | TotalTime=2827.71s | Method=feddenoise_v3
[Round 045/096] Phase=stage_2 | Stage=1 | Acc=62.120 | StagePure=89.095 | CPrec=89.095 | CRec=82.731 | NPrec=65.463 | NRec=76.373 | Keep=65.000 | TSim=0.973 | RoundTime=48.71s | TotalTime=2876.42s | Method=feddenoise_v3
[Round 046/096] Phase=stage_2 | Stage=1 | Acc=64.690 | StagePure=89.095 | CPrec=89.095 | CRec=82.731 | NPrec=65.463 | NRec=76.373 | Keep=65.000 | TSim=0.973 | RoundTime=48.39s | TotalTime=2924.81s | Method=feddenoise_v3
[Round 047/096] Phase=stage_2 | Stage=1 | Acc=63.340 | StagePure=89.095 | CPrec=89.095 | CRec=82.731 | NPrec=65.463 | NRec=76.373 | Keep=65.000 | TSim=0.973 | RoundTime=48.52s | TotalTime=2973.35s | Method=feddenoise_v3
[Round 048/096] Phase=stage_2 | Stage=1 | Acc=64.900 | StagePure=89.095 | CPrec=89.095 | CRec=82.731 | NPrec=65.463 | NRec=76.373 | Keep=65.000 | TSim=0.973 | RoundTime=48.70s | TotalTime=3022.06s | Method=feddenoise_v3
[Round 049/096] Phase=stage_2 | Stage=1 | Acc=64.560 | StagePure=89.095 | CPrec=89.095 | CRec=82.731 | NPrec=65.463 | NRec=76.373 | Keep=65.000 | TSim=0.973 | RoundTime=48.51s | TotalTime=3070.58s | Method=feddenoise_v3
[Round 050/096] Phase=stage_2 | Stage=1 | Acc=65.040 | StagePure=89.095 | CPrec=89.095 | CRec=82.731 | NPrec=65.463 | NRec=76.373 | Keep=65.000 | TSim=0.973 | RoundTime=48.53s | TotalTime=3119.13s | Method=feddenoise_v3
[Round 051/096] Phase=stage_2 | Stage=1 | Acc=64.710 | StagePure=89.095 | CPrec=89.095 | CRec=82.731 | NPrec=65.463 | NRec=76.373 | Keep=65.000 | TSim=0.973 | RoundTime=49.62s | TotalTime=3168.75s | Method=feddenoise_v3
[Round 052/096] Phase=stage_2 | Stage=1 | Acc=66.590 | StagePure=89.095 | CPrec=89.095 | CRec=82.731 | NPrec=65.463 | NRec=76.373 | Keep=65.000 | TSim=0.973 | RoundTime=49.45s | TotalTime=3218.21s | Method=feddenoise_v3
[Round 053/096] Phase=stage_2 | Stage=1 | Acc=65.840 | StagePure=89.095 | CPrec=89.095 | CRec=82.731 | NPrec=65.463 | NRec=76.373 | Keep=65.000 | TSim=0.973 | RoundTime=46.61s | TotalTime=3264.83s | Method=feddenoise_v3
[Round 054/096] Phase=stage_2 | Stage=1 | Acc=66.400 | StagePure=89.095 | CPrec=89.095 | CRec=82.731 | NPrec=65.463 | NRec=76.373 | Keep=65.000 | TSim=0.973 | RoundTime=44.47s | TotalTime=3309.31s | Method=feddenoise_v3
[Round 055/096] Phase=stage_2 | Stage=1 | Acc=65.910 | StagePure=89.095 | CPrec=89.095 | CRec=82.731 | NPrec=65.463 | NRec=76.373 | Keep=65.000 | TSim=0.973 | RoundTime=48.57s | TotalTime=3357.89s | Method=feddenoise_v3
[Round 056/096] Phase=stage_2 | Stage=1 | Acc=66.610 | StagePure=89.095 | CPrec=89.095 | CRec=82.731 | NPrec=65.463 | NRec=76.373 | Keep=65.000 | TSim=0.973 | RoundTime=48.44s | TotalTime=3406.34s | Method=feddenoise_v3
[Round 057/096] Phase=stage_2 | Stage=1 | Acc=67.440 | StagePure=89.095 | CPrec=89.095 | CRec=82.731 | NPrec=65.463 | NRec=76.373 | Keep=65.000 | TSim=0.973 | RoundTime=48.52s | TotalTime=3454.88s | Method=feddenoise_v3

[Teacher Selection] Building clean subsets for stage 3 ...
[Stage 3] Client 0: teachers=[1, 2], avg_teacher_sim=0.9760, selected=3250
[Stage 3] Client 1: teachers=[9, 3], avg_teacher_sim=0.9675, selected=3250
[Stage 3] Client 2: teachers=[1, 9], avg_teacher_sim=0.9755, selected=3250
[Stage 3] Client 3: teachers=[1, 9], avg_teacher_sim=0.9735, selected=3250
[Stage 3] Client 4: teachers=[1, 9], avg_teacher_sim=0.9788, selected=3250
[Stage 3] Client 5: teachers=[1, 3], avg_teacher_sim=0.9772, selected=3250
[Stage 3] Client 6: teachers=[1, 9], avg_teacher_sim=0.9762, selected=3250
[Stage 3] Client 7: teachers=[1, 9], avg_teacher_sim=0.9780, selected=3250
[Stage 3] Client 8: teachers=[1, 9], avg_teacher_sim=0.9756, selected=3250
[Stage 3] Client 9: teachers=[1, 2], avg_teacher_sim=0.9718, selected=3250
[Stage 3] Selection summary | clean_precision=89.92 | clean_recall=83.50 | noisy_precision=67.00 | noisy_recall=78.17 | keep_ratio=65.00 | avg_teacher_similarity=0.9750
[Round 058/096] Phase=stage_2 | Stage=1 | Acc=66.500 | StagePure=89.095 | CPrec=89.095 | CRec=82.731 | NPrec=65.463 | NRec=76.373 | Keep=65.000 | TSim=0.973 | RoundTime=91.47s | TotalTime=3546.35s | Method=feddenoise_v3
[Round 059/096] Phase=stage_3 | Stage=2 | Acc=66.270 | StagePure=89.923 | CPrec=89.923 | CRec=83.500 | NPrec=67.000 | NRec=78.167 | Keep=65.000 | TSim=0.975 | RoundTime=48.97s | TotalTime=3595.33s | Method=feddenoise_v3
[Round 060/096] Phase=stage_3 | Stage=2 | Acc=67.060 | StagePure=89.923 | CPrec=89.923 | CRec=83.500 | NPrec=67.000 | NRec=78.167 | Keep=65.000 | TSim=0.975 | RoundTime=48.16s | TotalTime=3643.50s | Method=feddenoise_v3
[Round 061/096] Phase=stage_3 | Stage=2 | Acc=67.500 | StagePure=89.923 | CPrec=89.923 | CRec=83.500 | NPrec=67.000 | NRec=78.167 | Keep=65.000 | TSim=0.975 | RoundTime=48.36s | TotalTime=3691.87s | Method=feddenoise_v3
[Round 062/096] Phase=stage_3 | Stage=2 | Acc=67.570 | StagePure=89.923 | CPrec=89.923 | CRec=83.500 | NPrec=67.000 | NRec=78.167 | Keep=65.000 | TSim=0.975 | RoundTime=48.48s | TotalTime=3740.36s | Method=feddenoise_v3
[Round 063/096] Phase=stage_3 | Stage=2 | Acc=68.300 | StagePure=89.923 | CPrec=89.923 | CRec=83.500 | NPrec=67.000 | NRec=78.167 | Keep=65.000 | TSim=0.975 | RoundTime=49.29s | TotalTime=3789.66s | Method=feddenoise_v3
[Round 064/096] Phase=stage_3 | Stage=2 | Acc=68.780 | StagePure=89.923 | CPrec=89.923 | CRec=83.500 | NPrec=67.000 | NRec=78.167 | Keep=65.000 | TSim=0.975 | RoundTime=48.95s | TotalTime=3838.61s | Method=feddenoise_v3
[Round 065/096] Phase=stage_3 | Stage=2 | Acc=69.590 | StagePure=89.923 | CPrec=89.923 | CRec=83.500 | NPrec=67.000 | NRec=78.167 | Keep=65.000 | TSim=0.975 | RoundTime=49.72s | TotalTime=3888.34s | Method=feddenoise_v3
[Round 066/096] Phase=stage_3 | Stage=2 | Acc=68.890 | StagePure=89.923 | CPrec=89.923 | CRec=83.500 | NPrec=67.000 | NRec=78.167 | Keep=65.000 | TSim=0.975 | RoundTime=48.15s | TotalTime=3936.50s | Method=feddenoise_v3
[Round 067/096] Phase=stage_3 | Stage=2 | Acc=69.230 | StagePure=89.923 | CPrec=89.923 | CRec=83.500 | NPrec=67.000 | NRec=78.167 | Keep=65.000 | TSim=0.975 | RoundTime=48.56s | TotalTime=3985.06s | Method=feddenoise_v3
[Round 068/096] Phase=stage_3 | Stage=2 | Acc=69.390 | StagePure=89.923 | CPrec=89.923 | CRec=83.500 | NPrec=67.000 | NRec=78.167 | Keep=65.000 | TSim=0.975 | RoundTime=48.17s | TotalTime=4033.24s | Method=feddenoise_v3
[Round 069/096] Phase=stage_3 | Stage=2 | Acc=69.260 | StagePure=89.923 | CPrec=89.923 | CRec=83.500 | NPrec=67.000 | NRec=78.167 | Keep=65.000 | TSim=0.975 | RoundTime=48.60s | TotalTime=4081.85s | Method=feddenoise_v3
[Round 070/096] Phase=stage_3 | Stage=2 | Acc=69.330 | StagePure=89.923 | CPrec=89.923 | CRec=83.500 | NPrec=67.000 | NRec=78.167 | Keep=65.000 | TSim=0.975 | RoundTime=49.69s | TotalTime=4131.55s | Method=feddenoise_v3
[Round 071/096] Phase=stage_3 | Stage=2 | Acc=70.310 | StagePure=89.923 | CPrec=89.923 | CRec=83.500 | NPrec=67.000 | NRec=78.167 | Keep=65.000 | TSim=0.975 | RoundTime=48.23s | TotalTime=4179.78s | Method=feddenoise_v3
[Round 072/096] Phase=stage_3 | Stage=2 | Acc=70.360 | StagePure=89.923 | CPrec=89.923 | CRec=83.500 | NPrec=67.000 | NRec=78.167 | Keep=65.000 | TSim=0.975 | RoundTime=44.27s | TotalTime=4224.07s | Method=feddenoise_v3
[Round 073/096] Phase=stage_3 | Stage=2 | Acc=70.190 | StagePure=89.923 | CPrec=89.923 | CRec=83.500 | NPrec=67.000 | NRec=78.167 | Keep=65.000 | TSim=0.975 | RoundTime=45.56s | TotalTime=4269.63s | Method=feddenoise_v3
[Round 074/096] Phase=stage_3 | Stage=2 | Acc=70.100 | StagePure=89.923 | CPrec=89.923 | CRec=83.500 | NPrec=67.000 | NRec=78.167 | Keep=65.000 | TSim=0.975 | RoundTime=48.35s | TotalTime=4317.99s | Method=feddenoise_v3
[Round 075/096] Phase=stage_3 | Stage=2 | Acc=70.420 | StagePure=89.923 | CPrec=89.923 | CRec=83.500 | NPrec=67.000 | NRec=78.167 | Keep=65.000 | TSim=0.975 | RoundTime=48.21s | TotalTime=4366.21s | Method=feddenoise_v3
[Round 076/096] Phase=stage_3 | Stage=2 | Acc=70.930 | StagePure=89.923 | CPrec=89.923 | CRec=83.500 | NPrec=67.000 | NRec=78.167 | Keep=65.000 | TSim=0.975 | RoundTime=48.74s | TotalTime=4414.95s | Method=feddenoise_v3

[Teacher Selection] Building clean subsets for stage 4 ...
[Stage 4] Client 0: teachers=[1], avg_teacher_sim=0.9774, selected=3250
[Stage 4] Client 1: teachers=[9], avg_teacher_sim=0.9683, selected=3250
[Stage 4] Client 2: teachers=[9], avg_teacher_sim=0.9791, selected=3250
[Stage 4] Client 3: teachers=[1], avg_teacher_sim=0.9749, selected=3250
[Stage 4] Client 4: teachers=[9], avg_teacher_sim=0.9760, selected=3250
[Stage 4] Client 5: teachers=[1], avg_teacher_sim=0.9793, selected=3250
[Stage 4] Client 6: teachers=[1], avg_teacher_sim=0.9763, selected=3250
[Stage 4] Client 7: teachers=[1], avg_teacher_sim=0.9794, selected=3250
[Stage 4] Client 8: teachers=[1], avg_teacher_sim=0.9794, selected=3250
[Stage 4] Client 9: teachers=[1], avg_teacher_sim=0.9683, selected=3250
[Stage 4] Selection summary | clean_precision=90.29 | clean_recall=83.84 | noisy_precision=67.67 | noisy_recall=78.95 | keep_ratio=65.00 | avg_teacher_similarity=0.9758
[Round 077/096] Phase=stage_3 | Stage=2 | Acc=71.470 | StagePure=89.923 | CPrec=89.923 | CRec=83.500 | NPrec=67.000 | NRec=78.167 | Keep=65.000 | TSim=0.975 | RoundTime=73.82s | TotalTime=4488.78s | Method=feddenoise_v3
[Round 078/096] Phase=stage_4 | Stage=3 | Acc=71.620 | StagePure=90.286 | CPrec=90.286 | CRec=83.837 | NPrec=67.674 | NRec=78.953 | Keep=65.000 | TSim=0.976 | RoundTime=48.26s | TotalTime=4537.05s | Method=feddenoise_v3
[Round 079/096] Phase=stage_4 | Stage=3 | Acc=72.970 | StagePure=90.286 | CPrec=90.286 | CRec=83.837 | NPrec=67.674 | NRec=78.953 | Keep=65.000 | TSim=0.976 | RoundTime=48.92s | TotalTime=4585.98s | Method=feddenoise_v3
[Round 080/096] Phase=stage_4 | Stage=3 | Acc=72.590 | StagePure=90.286 | CPrec=90.286 | CRec=83.837 | NPrec=67.674 | NRec=78.953 | Keep=65.000 | TSim=0.976 | RoundTime=48.13s | TotalTime=4634.11s | Method=feddenoise_v3
[Round 081/096] Phase=stage_4 | Stage=3 | Acc=73.360 | StagePure=90.286 | CPrec=90.286 | CRec=83.837 | NPrec=67.674 | NRec=78.953 | Keep=65.000 | TSim=0.976 | RoundTime=48.28s | TotalTime=4682.41s | Method=feddenoise_v3
[Round 082/096] Phase=stage_4 | Stage=3 | Acc=73.120 | StagePure=90.286 | CPrec=90.286 | CRec=83.837 | NPrec=67.674 | NRec=78.953 | Keep=65.000 | TSim=0.976 | RoundTime=48.20s | TotalTime=4730.61s | Method=feddenoise_v3
[Round 083/096] Phase=stage_4 | Stage=3 | Acc=73.390 | StagePure=90.286 | CPrec=90.286 | CRec=83.837 | NPrec=67.674 | NRec=78.953 | Keep=65.000 | TSim=0.976 | RoundTime=48.29s | TotalTime=4778.91s | Method=feddenoise_v3
[Round 084/096] Phase=stage_4 | Stage=3 | Acc=72.740 | StagePure=90.286 | CPrec=90.286 | CRec=83.837 | NPrec=67.674 | NRec=78.953 | Keep=65.000 | TSim=0.976 | RoundTime=48.38s | TotalTime=4827.29s | Method=feddenoise_v3
[Round 085/096] Phase=stage_4 | Stage=3 | Acc=73.740 | StagePure=90.286 | CPrec=90.286 | CRec=83.837 | NPrec=67.674 | NRec=78.953 | Keep=65.000 | TSim=0.976 | RoundTime=51.05s | TotalTime=4878.34s | Method=feddenoise_v3
[Round 086/096] Phase=stage_4 | Stage=3 | Acc=72.940 | StagePure=90.286 | CPrec=90.286 | CRec=83.837 | NPrec=67.674 | NRec=78.953 | Keep=65.000 | TSim=0.976 | RoundTime=48.74s | TotalTime=4927.10s | Method=feddenoise_v3
[Round 087/096] Phase=stage_4 | Stage=3 | Acc=73.440 | StagePure=90.286 | CPrec=90.286 | CRec=83.837 | NPrec=67.674 | NRec=78.953 | Keep=65.000 | TSim=0.976 | RoundTime=48.48s | TotalTime=4975.59s | Method=feddenoise_v3
[Round 088/096] Phase=stage_4 | Stage=3 | Acc=73.750 | StagePure=90.286 | CPrec=90.286 | CRec=83.837 | NPrec=67.674 | NRec=78.953 | Keep=65.000 | TSim=0.976 | RoundTime=48.94s | TotalTime=5024.54s | Method=feddenoise_v3
[Round 089/096] Phase=stage_4 | Stage=3 | Acc=73.830 | StagePure=90.286 | CPrec=90.286 | CRec=83.837 | NPrec=67.674 | NRec=78.953 | Keep=65.000 | TSim=0.976 | RoundTime=48.64s | TotalTime=5073.18s | Method=feddenoise_v3
[Round 090/096] Phase=stage_4 | Stage=3 | Acc=74.180 | StagePure=90.286 | CPrec=90.286 | CRec=83.837 | NPrec=67.674 | NRec=78.953 | Keep=65.000 | TSim=0.976 | RoundTime=48.53s | TotalTime=5121.72s | Method=feddenoise_v3
[Round 091/096] Phase=stage_4 | Stage=3 | Acc=73.990 | StagePure=90.286 | CPrec=90.286 | CRec=83.837 | NPrec=67.674 | NRec=78.953 | Keep=65.000 | TSim=0.976 | RoundTime=41.34s | TotalTime=5163.08s | Method=feddenoise_v3
[Round 092/096] Phase=stage_4 | Stage=3 | Acc=74.610 | StagePure=90.286 | CPrec=90.286 | CRec=83.837 | NPrec=67.674 | NRec=78.953 | Keep=65.000 | TSim=0.976 | RoundTime=45.88s | TotalTime=5208.96s | Method=feddenoise_v3
[Round 093/096] Phase=stage_4 | Stage=3 | Acc=74.300 | StagePure=90.286 | CPrec=90.286 | CRec=83.837 | NPrec=67.674 | NRec=78.953 | Keep=65.000 | TSim=0.976 | RoundTime=52.10s | TotalTime=5261.07s | Method=feddenoise_v3
[Round 094/096] Phase=stage_4 | Stage=3 | Acc=74.290 | StagePure=90.286 | CPrec=90.286 | CRec=83.837 | NPrec=67.674 | NRec=78.953 | Keep=65.000 | TSim=0.976 | RoundTime=52.18s | TotalTime=5313.26s | Method=feddenoise_v3
[Round 095/096] Phase=stage_4 | Stage=3 | Acc=74.330 | StagePure=90.286 | CPrec=90.286 | CRec=83.837 | NPrec=67.674 | NRec=78.953 | Keep=65.000 | TSim=0.976 | RoundTime=51.44s | TotalTime=5364.71s | Method=feddenoise_v3
[Round 096/096] Phase=stage_4 | Stage=3 | Acc=74.670 | StagePure=90.286 | CPrec=90.286 | CRec=83.837 | NPrec=67.674 | NRec=78.953 | Keep=65.000 | TSim=0.976 | RoundTime=49.75s | TotalTime=5414.46s | Method=feddenoise_v3
========================================================================================================================
Training finished at: 2026-04-08 18:01:04
Total elapsed time: 5414.47s
Final Acc: 74.670
Best Acc : 74.670
Final StagePure: 90.286
Best StagePure : 90.286
========================================================================================================================
