====================================================================================================
Training started at: 2026-03-15 02:00:17
Result directory: results/fl_mnist/feddenoise/pm-dir_a-0.8_nm-uni_nr-0.3
Result txt file : results/fl_mnist/feddenoise/pm-dir_a-0.8_nm-uni_nr-0.3/feddenoise_fl_mnist_20260315-020017.txt
Result log file : results/fl_mnist/feddenoise/pm-dir_a-0.8_nm-uni_nr-0.3/feddenoise_fl_mnist_20260315-020017.log
----------------------------------------------------------------------------------------------------
Model: feddenoise
Dataset: fl_mnist
Structure: homogeneity
Participants: 100
Online ratio: 0.1
Communication epochs: 100
Local epoch: 10
Local batch size: 64
Local lr: 0.01
Partition mode: dirichlet
Dirichlet alpha: 0.8
Noise mode: uniform
Noise rate: 0.3
Noise type: symmetric
Noise max: 0.3
Denoise score alpha: 0.5
Drop rate: 0.15
Denoise strategy: most_sim
FedProx mu: 0.01
FedRDN std: 0.01
FedCDA history size: NA
FedGLoSS beta: 0.01
Averaging: weight
Seed: 0
====================================================================================================
[Round 001/100] Acc=11.350 | Pure=70.021 | RoundTime=46.92s | TotalTime=46.92s | Method=feddenoise
[Round 002/100] Acc=75.990 | Pure=69.964 | RoundTime=48.09s | TotalTime=95.01s | Method=feddenoise
[Round 003/100] Acc=95.970 | Pure=69.997 | RoundTime=46.52s | TotalTime=141.52s | Method=feddenoise
[Round 004/100] Acc=96.800 | Pure=69.990 | RoundTime=47.53s | TotalTime=189.06s | Method=feddenoise
[Round 005/100] Acc=96.570 | Pure=69.932 | RoundTime=46.70s | TotalTime=235.76s | Method=feddenoise
[Round 006/100] Acc=96.900 | Pure=69.901 | RoundTime=46.22s | TotalTime=281.98s | Method=feddenoise
[Round 007/100] Acc=91.000 | Pure=69.977 | RoundTime=47.18s | TotalTime=329.16s | Method=feddenoise
[Round 008/100] Acc=95.160 | Pure=69.974 | RoundTime=48.21s | TotalTime=377.37s | Method=feddenoise
[Round 009/100] Acc=95.950 | Pure=70.029 | RoundTime=48.55s | TotalTime=425.92s | Method=feddenoise
[Round 010/100] Acc=94.590 | Pure=69.977 | RoundTime=48.30s | TotalTime=474.22s | Method=feddenoise
[Round 011/100] Acc=94.940 | Pure=81.012 | RoundTime=58.13s | TotalTime=532.35s | Method=feddenoise
[Round 012/100] Acc=94.740 | Pure=80.981 | RoundTime=63.93s | TotalTime=596.28s | Method=feddenoise
[Round 013/100] Acc=95.250 | Pure=80.805 | RoundTime=63.71s | TotalTime=660.00s | Method=feddenoise
[Round 014/100] Acc=96.440 | Pure=80.331 | RoundTime=64.00s | TotalTime=724.00s | Method=feddenoise
[Round 015/100] Acc=94.920 | Pure=80.412 | RoundTime=63.26s | TotalTime=787.25s | Method=feddenoise
[Round 016/100] Acc=96.320 | Pure=80.862 | RoundTime=62.66s | TotalTime=849.92s | Method=feddenoise
[Round 017/100] Acc=96.500 | Pure=80.509 | RoundTime=64.31s | TotalTime=914.22s | Method=feddenoise
[Round 018/100] Acc=96.960 | Pure=80.862 | RoundTime=65.51s | TotalTime=979.73s | Method=feddenoise
[Round 019/100] Acc=97.190 | Pure=80.492 | RoundTime=66.04s | TotalTime=1045.77s | Method=feddenoise
[Round 020/100] Acc=96.680 | Pure=81.034 | RoundTime=65.88s | TotalTime=1111.65s | Method=feddenoise
[Round 021/100] Acc=97.080 | Pure=81.303 | RoundTime=62.87s | TotalTime=1174.52s | Method=feddenoise
[Round 022/100] Acc=96.240 | Pure=81.104 | RoundTime=62.97s | TotalTime=1237.49s | Method=feddenoise
[Round 023/100] Acc=96.920 | Pure=81.321 | RoundTime=63.84s | TotalTime=1301.33s | Method=feddenoise
[Round 024/100] Acc=96.800 | Pure=81.221 | RoundTime=63.35s | TotalTime=1364.68s | Method=feddenoise
[Round 025/100] Acc=96.780 | Pure=81.374 | RoundTime=63.66s | TotalTime=1428.34s | Method=feddenoise
[Round 026/100] Acc=96.820 | Pure=81.279 | RoundTime=65.87s | TotalTime=1494.21s | Method=feddenoise
[Round 027/100] Acc=97.270 | Pure=81.258 | RoundTime=64.48s | TotalTime=1558.68s | Method=feddenoise
[Round 028/100] Acc=96.830 | Pure=81.384 | RoundTime=63.07s | TotalTime=1621.76s | Method=feddenoise
[Round 029/100] Acc=96.930 | Pure=81.346 | RoundTime=62.75s | TotalTime=1684.51s | Method=feddenoise
[Round 030/100] Acc=96.670 | Pure=81.337 | RoundTime=65.41s | TotalTime=1749.92s | Method=feddenoise
[Round 031/100] Acc=96.220 | Pure=81.273 | RoundTime=64.42s | TotalTime=1814.34s | Method=feddenoise
[Round 032/100] Acc=96.260 | Pure=81.175 | RoundTime=63.85s | TotalTime=1878.19s | Method=feddenoise
[Round 033/100] Acc=96.510 | Pure=81.057 | RoundTime=65.36s | TotalTime=1943.55s | Method=feddenoise
[Round 034/100] Acc=96.540 | Pure=81.130 | RoundTime=64.17s | TotalTime=2007.72s | Method=feddenoise
[Round 035/100] Acc=95.930 | Pure=81.159 | RoundTime=63.48s | TotalTime=2071.19s | Method=feddenoise
[Round 036/100] Acc=96.070 | Pure=81.279 | RoundTime=65.61s | TotalTime=2136.80s | Method=feddenoise
[Round 037/100] Acc=96.620 | Pure=81.093 | RoundTime=64.84s | TotalTime=2201.64s | Method=feddenoise
[Round 038/100] Acc=95.090 | Pure=81.171 | RoundTime=63.94s | TotalTime=2265.59s | Method=feddenoise
[Round 039/100] Acc=96.440 | Pure=81.308 | RoundTime=64.53s | TotalTime=2330.12s | Method=feddenoise
[Round 040/100] Acc=96.390 | Pure=81.269 | RoundTime=64.68s | TotalTime=2394.81s | Method=feddenoise
[Round 041/100] Acc=96.660 | Pure=81.187 | RoundTime=64.36s | TotalTime=2459.17s | Method=feddenoise
[Round 042/100] Acc=96.600 | Pure=81.303 | RoundTime=64.85s | TotalTime=2524.02s | Method=feddenoise
[Round 043/100] Acc=96.410 | Pure=81.056 | RoundTime=64.79s | TotalTime=2588.81s | Method=feddenoise
[Round 044/100] Acc=96.710 | Pure=81.255 | RoundTime=64.51s | TotalTime=2653.32s | Method=feddenoise
[Round 045/100] Acc=96.590 | Pure=81.109 | RoundTime=64.63s | TotalTime=2717.95s | Method=feddenoise
[Round 046/100] Acc=96.880 | Pure=81.302 | RoundTime=63.23s | TotalTime=2781.18s | Method=feddenoise
[Round 047/100] Acc=96.480 | Pure=81.166 | RoundTime=65.38s | TotalTime=2846.55s | Method=feddenoise
[Round 048/100] Acc=96.020 | Pure=81.169 | RoundTime=64.89s | TotalTime=2911.44s | Method=feddenoise
[Round 049/100] Acc=96.390 | Pure=81.308 | RoundTime=65.24s | TotalTime=2976.68s | Method=feddenoise
[Round 050/100] Acc=96.550 | Pure=81.211 | RoundTime=65.04s | TotalTime=3041.72s | Method=feddenoise
[Round 051/100] Acc=96.650 | Pure=81.353 | RoundTime=63.70s | TotalTime=3105.42s | Method=feddenoise
[Round 052/100] Acc=96.560 | Pure=81.256 | RoundTime=64.64s | TotalTime=3170.06s | Method=feddenoise
[Round 053/100] Acc=96.790 | Pure=81.261 | RoundTime=66.29s | TotalTime=3236.35s | Method=feddenoise
[Round 054/100] Acc=96.820 | Pure=81.193 | RoundTime=65.70s | TotalTime=3302.06s | Method=feddenoise
[Round 055/100] Acc=96.770 | Pure=81.132 | RoundTime=66.26s | TotalTime=3368.31s | Method=feddenoise
[Round 056/100] Acc=96.580 | Pure=81.268 | RoundTime=64.11s | TotalTime=3432.42s | Method=feddenoise
[Round 057/100] Acc=96.440 | Pure=81.007 | RoundTime=63.87s | TotalTime=3496.29s | Method=feddenoise
[Round 058/100] Acc=96.300 | Pure=81.107 | RoundTime=63.33s | TotalTime=3559.63s | Method=feddenoise
[Round 059/100] Acc=96.560 | Pure=81.283 | RoundTime=62.68s | TotalTime=3622.31s | Method=feddenoise
[Round 060/100] Acc=96.950 | Pure=81.409 | RoundTime=63.36s | TotalTime=3685.67s | Method=feddenoise
[Round 061/100] Acc=96.440 | Pure=81.208 | RoundTime=62.59s | TotalTime=3748.27s | Method=feddenoise
[Round 062/100] Acc=96.850 | Pure=81.277 | RoundTime=64.83s | TotalTime=3813.10s | Method=feddenoise
[Round 063/100] Acc=96.270 | Pure=81.267 | RoundTime=65.99s | TotalTime=3879.09s | Method=feddenoise
[Round 064/100] Acc=96.450 | Pure=81.234 | RoundTime=63.57s | TotalTime=3942.66s | Method=feddenoise
[Round 065/100] Acc=96.710 | Pure=81.299 | RoundTime=64.34s | TotalTime=4007.00s | Method=feddenoise
[Round 066/100] Acc=96.440 | Pure=81.264 | RoundTime=64.59s | TotalTime=4071.58s | Method=feddenoise
[Round 067/100] Acc=96.630 | Pure=81.285 | RoundTime=63.48s | TotalTime=4135.07s | Method=feddenoise
[Round 068/100] Acc=96.090 | Pure=81.188 | RoundTime=63.96s | TotalTime=4199.03s | Method=feddenoise
[Round 069/100] Acc=96.290 | Pure=81.232 | RoundTime=64.97s | TotalTime=4264.00s | Method=feddenoise
[Round 070/100] Acc=95.910 | Pure=81.298 | RoundTime=64.73s | TotalTime=4328.72s | Method=feddenoise
[Round 071/100] Acc=96.100 | Pure=81.276 | RoundTime=64.10s | TotalTime=4392.83s | Method=feddenoise
[Round 072/100] Acc=96.400 | Pure=81.145 | RoundTime=64.22s | TotalTime=4457.05s | Method=feddenoise
[Round 073/100] Acc=96.360 | Pure=81.254 | RoundTime=63.38s | TotalTime=4520.44s | Method=feddenoise
[Round 074/100] Acc=96.280 | Pure=81.150 | RoundTime=64.18s | TotalTime=4584.62s | Method=feddenoise
[Round 075/100] Acc=96.360 | Pure=81.185 | RoundTime=62.69s | TotalTime=4647.31s | Method=feddenoise
[Round 076/100] Acc=96.230 | Pure=81.177 | RoundTime=65.58s | TotalTime=4712.88s | Method=feddenoise
[Round 077/100] Acc=96.450 | Pure=81.198 | RoundTime=63.73s | TotalTime=4776.62s | Method=feddenoise
[Round 078/100] Acc=96.400 | Pure=81.305 | RoundTime=64.07s | TotalTime=4840.69s | Method=feddenoise
[Round 079/100] Acc=96.280 | Pure=81.225 | RoundTime=64.80s | TotalTime=4905.49s | Method=feddenoise
[Round 080/100] Acc=96.020 | Pure=81.200 | RoundTime=64.24s | TotalTime=4969.73s | Method=feddenoise
[Round 081/100] Acc=96.530 | Pure=81.170 | RoundTime=64.12s | TotalTime=5033.84s | Method=feddenoise
[Round 082/100] Acc=96.170 | Pure=81.228 | RoundTime=63.55s | TotalTime=5097.39s | Method=feddenoise
[Round 083/100] Acc=96.390 | Pure=80.950 | RoundTime=64.46s | TotalTime=5161.85s | Method=feddenoise
[Round 084/100] Acc=96.060 | Pure=81.076 | RoundTime=64.34s | TotalTime=5226.20s | Method=feddenoise
[Round 085/100] Acc=96.180 | Pure=81.177 | RoundTime=64.36s | TotalTime=5290.55s | Method=feddenoise
[Round 086/100] Acc=95.910 | Pure=81.286 | RoundTime=63.49s | TotalTime=5354.05s | Method=feddenoise
[Round 087/100] Acc=96.270 | Pure=80.981 | RoundTime=65.13s | TotalTime=5419.18s | Method=feddenoise
[Round 088/100] Acc=96.390 | Pure=81.155 | RoundTime=64.56s | TotalTime=5483.74s | Method=feddenoise
[Round 089/100] Acc=96.040 | Pure=81.212 | RoundTime=65.05s | TotalTime=5548.79s | Method=feddenoise
[Round 090/100] Acc=95.920 | Pure=81.157 | RoundTime=64.55s | TotalTime=5613.34s | Method=feddenoise
[Round 091/100] Acc=95.860 | Pure=81.195 | RoundTime=63.49s | TotalTime=5676.82s | Method=feddenoise
[Round 092/100] Acc=95.940 | Pure=81.122 | RoundTime=63.86s | TotalTime=5740.68s | Method=feddenoise
[Round 093/100] Acc=96.190 | Pure=81.220 | RoundTime=63.87s | TotalTime=5804.55s | Method=feddenoise
[Round 094/100] Acc=96.150 | Pure=81.175 | RoundTime=63.43s | TotalTime=5867.98s | Method=feddenoise
[Round 095/100] Acc=95.570 | Pure=81.169 | RoundTime=64.27s | TotalTime=5932.25s | Method=feddenoise
[Round 096/100] Acc=95.830 | Pure=81.089 | RoundTime=64.42s | TotalTime=5996.67s | Method=feddenoise
[Round 097/100] Acc=95.820 | Pure=81.263 | RoundTime=64.11s | TotalTime=6060.78s | Method=feddenoise
[Round 098/100] Acc=96.240 | Pure=81.237 | RoundTime=65.18s | TotalTime=6125.96s | Method=feddenoise
[Round 099/100] Acc=95.990 | Pure=81.368 | RoundTime=65.12s | TotalTime=6191.08s | Method=feddenoise
[Round 100/100] Acc=96.070 | Pure=81.255 | RoundTime=65.17s | TotalTime=6256.25s | Method=feddenoise
====================================================================================================
Training finished at: 2026-03-15 03:44:34
Total elapsed time: 6256.25s
Final Acc: 96.070
Best Acc : 97.270
Final Pure: 81.255
Best Pure : 81.409
====================================================================================================
