========================================================================================================================
Training started at: 2026-04-09 16:46:32
Result directory: results/fl_mnist/feddenoise_v3/pm-dir_a-0.1_nm-uni_nr-0.5_nt-symmetric_wr-20_sr-19_ts-4,3,2,1_tss-all_tsim-full_model_cosine_wm-full_model_dr-0.15_drs-0.1,0.3,0.4,0.5
Result txt file : results/fl_mnist/feddenoise_v3/pm-dir_a-0.1_nm-uni_nr-0.5_nt-symmetric_wr-20_sr-19_ts-4,3,2,1_tss-all_tsim-full_model_cosine_wm-full_model_dr-0.15_drs-0.1,0.3,0.4,0.5/feddenoise_v3_fl_mnist_20260409-164632-866470_pid863567.txt
Result log file : results/fl_mnist/feddenoise_v3/pm-dir_a-0.1_nm-uni_nr-0.5_nt-symmetric_wr-20_sr-19_ts-4,3,2,1_tss-all_tsim-full_model_cosine_wm-full_model_dr-0.15_drs-0.1,0.3,0.4,0.5/feddenoise_v3_fl_mnist_20260409-164632-866470_pid863567.log
------------------------------------------------------------------------------------------------------------------------
Model: feddenoise_v3
Dataset: fl_mnist
Structure: homogeneity
Participants: 10
Online ratio: 1.0
Communication epochs: 96
Local epoch: 5
Local batch size: 64
Local lr: 0.01
Partition mode: dirichlet
Dirichlet alpha: 0.1
Noise mode: uniform
Noise rate: 0.5
Noise type: symmetric
Noise max: 0.3
Averaging: weight
Seed: 0
Warmup round: 20
Stage round: 19
Teacher schedule: 4,3,2,1
Teacher select strategy: all
Teacher similarity: full_model_cosine
Teacher score mode: teacher_mean
Warmup mode: full_model
Drop rate: 0.15
Drop rate schedule: 0.1,0.3,0.4,0.5
Exclude self teacher: True
========================================================================================================================
[Round 001/096] Phase=warmup | Stage=warmup | Acc=11.350 | RoundTime=138.41s | TotalTime=138.42s | Method=feddenoise_v3
[Round 002/096] Phase=warmup | Stage=warmup | Acc=11.350 | RoundTime=149.36s | TotalTime=287.79s | Method=feddenoise_v3
[Round 003/096] Phase=warmup | Stage=warmup | Acc=74.610 | RoundTime=148.47s | TotalTime=436.27s | Method=feddenoise_v3
[Round 004/096] Phase=warmup | Stage=warmup | Acc=88.350 | RoundTime=148.59s | TotalTime=584.87s | Method=feddenoise_v3
[Round 005/096] Phase=warmup | Stage=warmup | Acc=91.400 | RoundTime=148.52s | TotalTime=733.41s | Method=feddenoise_v3
[Round 006/096] Phase=warmup | Stage=warmup | Acc=92.030 | RoundTime=147.77s | TotalTime=881.19s | Method=feddenoise_v3
[Round 007/096] Phase=warmup | Stage=warmup | Acc=90.860 | RoundTime=150.43s | TotalTime=1031.63s | Method=feddenoise_v3
[Round 008/096] Phase=warmup | Stage=warmup | Acc=90.170 | RoundTime=149.33s | TotalTime=1180.97s | Method=feddenoise_v3
[Round 009/096] Phase=warmup | Stage=warmup | Acc=87.280 | RoundTime=148.22s | TotalTime=1329.20s | Method=feddenoise_v3
[Round 010/096] Phase=warmup | Stage=warmup | Acc=78.440 | RoundTime=148.08s | TotalTime=1477.29s | Method=feddenoise_v3
[Round 011/096] Phase=warmup | Stage=warmup | Acc=74.000 | RoundTime=149.13s | TotalTime=1626.43s | Method=feddenoise_v3
[Round 012/096] Phase=warmup | Stage=warmup | Acc=68.610 | RoundTime=148.16s | TotalTime=1774.61s | Method=feddenoise_v3
[Round 013/096] Phase=warmup | Stage=warmup | Acc=63.470 | RoundTime=148.36s | TotalTime=1922.98s | Method=feddenoise_v3
[Round 014/096] Phase=warmup | Stage=warmup | Acc=61.160 | RoundTime=147.57s | TotalTime=2070.56s | Method=feddenoise_v3
[Round 015/096] Phase=warmup | Stage=warmup | Acc=59.670 | RoundTime=147.90s | TotalTime=2218.47s | Method=feddenoise_v3
[Round 016/096] Phase=warmup | Stage=warmup | Acc=57.540 | RoundTime=148.60s | TotalTime=2367.08s | Method=feddenoise_v3
[Round 017/096] Phase=warmup | Stage=warmup | Acc=57.080 | RoundTime=151.59s | TotalTime=2518.68s | Method=feddenoise_v3
[Round 018/096] Phase=warmup | Stage=warmup | Acc=55.730 | RoundTime=148.39s | TotalTime=2667.08s | Method=feddenoise_v3
[Round 019/096] Phase=warmup | Stage=warmup | Acc=55.300 | RoundTime=149.24s | TotalTime=2816.33s | Method=feddenoise_v3
[Round 020/096] Phase=warmup | Stage=warmup | Acc=54.960 | RoundTime=229.50s | TotalTime=3045.84s | Method=feddenoise_v3
[Round 021/096] Phase=stage_1 | Stage=0 | Acc=58.590 | StagePure=53.969 | CPrec=53.969 | CRec=97.143 | NPrec=85.717 | NRec=17.143 | Keep=90.000 | TSim=0.959 | RoundTime=140.12s | TotalTime=3185.97s | Method=feddenoise_v3
[Round 022/096] Phase=stage_1 | Stage=0 | Acc=58.440 | StagePure=53.969 | CPrec=53.969 | CRec=97.143 | NPrec=85.717 | NRec=17.143 | Keep=90.000 | TSim=0.959 | RoundTime=141.29s | TotalTime=3327.27s | Method=feddenoise_v3
[Round 023/096] Phase=stage_1 | Stage=0 | Acc=58.620 | StagePure=53.969 | CPrec=53.969 | CRec=97.143 | NPrec=85.717 | NRec=17.143 | Keep=90.000 | TSim=0.959 | RoundTime=142.20s | TotalTime=3469.48s | Method=feddenoise_v3
[Round 024/096] Phase=stage_1 | Stage=0 | Acc=58.240 | StagePure=53.969 | CPrec=53.969 | CRec=97.143 | NPrec=85.717 | NRec=17.143 | Keep=90.000 | TSim=0.959 | RoundTime=141.59s | TotalTime=3611.08s | Method=feddenoise_v3
[Round 025/096] Phase=stage_1 | Stage=0 | Acc=59.050 | StagePure=53.969 | CPrec=53.969 | CRec=97.143 | NPrec=85.717 | NRec=17.143 | Keep=90.000 | TSim=0.959 | RoundTime=140.99s | TotalTime=3752.08s | Method=feddenoise_v3
[Round 026/096] Phase=stage_1 | Stage=0 | Acc=59.190 | StagePure=53.969 | CPrec=53.969 | CRec=97.143 | NPrec=85.717 | NRec=17.143 | Keep=90.000 | TSim=0.959 | RoundTime=141.02s | TotalTime=3893.10s | Method=feddenoise_v3
[Round 027/096] Phase=stage_1 | Stage=0 | Acc=58.710 | StagePure=53.969 | CPrec=53.969 | CRec=97.143 | NPrec=85.717 | NRec=17.143 | Keep=90.000 | TSim=0.959 | RoundTime=140.88s | TotalTime=4033.99s | Method=feddenoise_v3
[Round 028/096] Phase=stage_1 | Stage=0 | Acc=59.670 | StagePure=53.969 | CPrec=53.969 | CRec=97.143 | NPrec=85.717 | NRec=17.143 | Keep=90.000 | TSim=0.959 | RoundTime=141.84s | TotalTime=4175.84s | Method=feddenoise_v3
[Round 029/096] Phase=stage_1 | Stage=0 | Acc=58.790 | StagePure=53.969 | CPrec=53.969 | CRec=97.143 | NPrec=85.717 | NRec=17.143 | Keep=90.000 | TSim=0.959 | RoundTime=140.97s | TotalTime=4316.82s | Method=feddenoise_v3
[Round 030/096] Phase=stage_1 | Stage=0 | Acc=58.510 | StagePure=53.969 | CPrec=53.969 | CRec=97.143 | NPrec=85.717 | NRec=17.143 | Keep=90.000 | TSim=0.959 | RoundTime=141.91s | TotalTime=4458.74s | Method=feddenoise_v3
[Round 031/096] Phase=stage_1 | Stage=0 | Acc=57.950 | StagePure=53.969 | CPrec=53.969 | CRec=97.143 | NPrec=85.717 | NRec=17.143 | Keep=90.000 | TSim=0.959 | RoundTime=140.87s | TotalTime=4599.62s | Method=feddenoise_v3
[Round 032/096] Phase=stage_1 | Stage=0 | Acc=58.340 | StagePure=53.969 | CPrec=53.969 | CRec=97.143 | NPrec=85.717 | NRec=17.143 | Keep=90.000 | TSim=0.959 | RoundTime=140.73s | TotalTime=4740.35s | Method=feddenoise_v3
[Round 033/096] Phase=stage_1 | Stage=0 | Acc=57.740 | StagePure=53.969 | CPrec=53.969 | CRec=97.143 | NPrec=85.717 | NRec=17.143 | Keep=90.000 | TSim=0.959 | RoundTime=140.27s | TotalTime=4880.63s | Method=feddenoise_v3
[Round 034/096] Phase=stage_1 | Stage=0 | Acc=58.170 | StagePure=53.969 | CPrec=53.969 | CRec=97.143 | NPrec=85.717 | NRec=17.143 | Keep=90.000 | TSim=0.959 | RoundTime=140.95s | TotalTime=5021.59s | Method=feddenoise_v3
[Round 035/096] Phase=stage_1 | Stage=0 | Acc=56.980 | StagePure=53.969 | CPrec=53.969 | CRec=97.143 | NPrec=85.717 | NRec=17.143 | Keep=90.000 | TSim=0.959 | RoundTime=140.62s | TotalTime=5162.22s | Method=feddenoise_v3
[Round 036/096] Phase=stage_1 | Stage=0 | Acc=57.320 | StagePure=53.969 | CPrec=53.969 | CRec=97.143 | NPrec=85.717 | NRec=17.143 | Keep=90.000 | TSim=0.959 | RoundTime=140.54s | TotalTime=5302.77s | Method=feddenoise_v3
[Round 037/096] Phase=stage_1 | Stage=0 | Acc=57.550 | StagePure=53.969 | CPrec=53.969 | CRec=97.143 | NPrec=85.717 | NRec=17.143 | Keep=90.000 | TSim=0.959 | RoundTime=142.79s | TotalTime=5445.57s | Method=feddenoise_v3
[Round 038/096] Phase=stage_1 | Stage=0 | Acc=57.700 | StagePure=53.969 | CPrec=53.969 | CRec=97.143 | NPrec=85.717 | NRec=17.143 | Keep=90.000 | TSim=0.959 | RoundTime=140.68s | TotalTime=5586.25s | Method=feddenoise_v3
[Round 039/096] Phase=stage_1 | Stage=0 | Acc=57.180 | StagePure=53.969 | CPrec=53.969 | CRec=97.143 | NPrec=85.717 | NRec=17.143 | Keep=90.000 | TSim=0.959 | RoundTime=220.39s | TotalTime=5806.66s | Method=feddenoise_v3
[Round 040/096] Phase=stage_2 | Stage=1 | Acc=60.020 | StagePure=54.524 | CPrec=54.524 | CRec=76.333 | NPrec=60.556 | NRec=36.333 | Keep=70.000 | TSim=0.980 | RoundTime=111.86s | TotalTime=5918.53s | Method=feddenoise_v3
[Round 041/096] Phase=stage_2 | Stage=1 | Acc=58.760 | StagePure=54.524 | CPrec=54.524 | CRec=76.333 | NPrec=60.556 | NRec=36.333 | Keep=70.000 | TSim=0.980 | RoundTime=114.00s | TotalTime=6032.54s | Method=feddenoise_v3
[Round 042/096] Phase=stage_2 | Stage=1 | Acc=59.540 | StagePure=54.524 | CPrec=54.524 | CRec=76.333 | NPrec=60.556 | NRec=36.333 | Keep=70.000 | TSim=0.980 | RoundTime=113.45s | TotalTime=6146.00s | Method=feddenoise_v3
[Round 043/096] Phase=stage_2 | Stage=1 | Acc=59.420 | StagePure=54.524 | CPrec=54.524 | CRec=76.333 | NPrec=60.556 | NRec=36.333 | Keep=70.000 | TSim=0.980 | RoundTime=114.42s | TotalTime=6260.43s | Method=feddenoise_v3
[Round 044/096] Phase=stage_2 | Stage=1 | Acc=59.670 | StagePure=54.524 | CPrec=54.524 | CRec=76.333 | NPrec=60.556 | NRec=36.333 | Keep=70.000 | TSim=0.980 | RoundTime=114.40s | TotalTime=6374.84s | Method=feddenoise_v3
[Round 045/096] Phase=stage_2 | Stage=1 | Acc=59.410 | StagePure=54.524 | CPrec=54.524 | CRec=76.333 | NPrec=60.556 | NRec=36.333 | Keep=70.000 | TSim=0.980 | RoundTime=112.48s | TotalTime=6487.33s | Method=feddenoise_v3
[Round 046/096] Phase=stage_2 | Stage=1 | Acc=59.570 | StagePure=54.524 | CPrec=54.524 | CRec=76.333 | NPrec=60.556 | NRec=36.333 | Keep=70.000 | TSim=0.980 | RoundTime=113.49s | TotalTime=6600.84s | Method=feddenoise_v3
[Round 047/096] Phase=stage_2 | Stage=1 | Acc=60.500 | StagePure=54.524 | CPrec=54.524 | CRec=76.333 | NPrec=60.556 | NRec=36.333 | Keep=70.000 | TSim=0.980 | RoundTime=114.30s | TotalTime=6715.14s | Method=feddenoise_v3
[Round 048/096] Phase=stage_2 | Stage=1 | Acc=59.920 | StagePure=54.524 | CPrec=54.524 | CRec=76.333 | NPrec=60.556 | NRec=36.333 | Keep=70.000 | TSim=0.980 | RoundTime=112.89s | TotalTime=6828.04s | Method=feddenoise_v3
[Round 049/096] Phase=stage_2 | Stage=1 | Acc=60.590 | StagePure=54.524 | CPrec=54.524 | CRec=76.333 | NPrec=60.556 | NRec=36.333 | Keep=70.000 | TSim=0.980 | RoundTime=112.68s | TotalTime=6940.74s | Method=feddenoise_v3
[Round 050/096] Phase=stage_2 | Stage=1 | Acc=60.150 | StagePure=54.524 | CPrec=54.524 | CRec=76.333 | NPrec=60.556 | NRec=36.333 | Keep=70.000 | TSim=0.980 | RoundTime=114.43s | TotalTime=7055.18s | Method=feddenoise_v3
[Round 051/096] Phase=stage_2 | Stage=1 | Acc=60.710 | StagePure=54.524 | CPrec=54.524 | CRec=76.333 | NPrec=60.556 | NRec=36.333 | Keep=70.000 | TSim=0.980 | RoundTime=112.70s | TotalTime=7167.89s | Method=feddenoise_v3
[Round 052/096] Phase=stage_2 | Stage=1 | Acc=60.780 | StagePure=54.524 | CPrec=54.524 | CRec=76.333 | NPrec=60.556 | NRec=36.333 | Keep=70.000 | TSim=0.980 | RoundTime=113.55s | TotalTime=7281.45s | Method=feddenoise_v3
[Round 053/096] Phase=stage_2 | Stage=1 | Acc=60.890 | StagePure=54.524 | CPrec=54.524 | CRec=76.333 | NPrec=60.556 | NRec=36.333 | Keep=70.000 | TSim=0.980 | RoundTime=112.65s | TotalTime=7394.12s | Method=feddenoise_v3
[Round 054/096] Phase=stage_2 | Stage=1 | Acc=61.290 | StagePure=54.524 | CPrec=54.524 | CRec=76.333 | NPrec=60.556 | NRec=36.333 | Keep=70.000 | TSim=0.980 | RoundTime=113.11s | TotalTime=7507.24s | Method=feddenoise_v3
[Round 055/096] Phase=stage_2 | Stage=1 | Acc=61.260 | StagePure=54.524 | CPrec=54.524 | CRec=76.333 | NPrec=60.556 | NRec=36.333 | Keep=70.000 | TSim=0.980 | RoundTime=112.76s | TotalTime=7620.01s | Method=feddenoise_v3
[Round 056/096] Phase=stage_2 | Stage=1 | Acc=61.640 | StagePure=54.524 | CPrec=54.524 | CRec=76.333 | NPrec=60.556 | NRec=36.333 | Keep=70.000 | TSim=0.980 | RoundTime=114.02s | TotalTime=7734.04s | Method=feddenoise_v3
[Round 057/096] Phase=stage_2 | Stage=1 | Acc=61.470 | StagePure=54.524 | CPrec=54.524 | CRec=76.333 | NPrec=60.556 | NRec=36.333 | Keep=70.000 | TSim=0.980 | RoundTime=113.79s | TotalTime=7847.84s | Method=feddenoise_v3
[Round 058/096] Phase=stage_2 | Stage=1 | Acc=62.070 | StagePure=54.524 | CPrec=54.524 | CRec=76.333 | NPrec=60.556 | NRec=36.333 | Keep=70.000 | TSim=0.980 | RoundTime=193.28s | TotalTime=8041.13s | Method=feddenoise_v3
[Round 059/096] Phase=stage_3 | Stage=2 | Acc=61.370 | StagePure=53.547 | CPrec=53.547 | CRec=64.257 | NPrec=55.321 | NRec=44.257 | Keep=60.000 | TSim=0.993 | RoundTime=105.69s | TotalTime=8146.83s | Method=feddenoise_v3
[Round 060/096] Phase=stage_3 | Stage=2 | Acc=61.900 | StagePure=53.547 | CPrec=53.547 | CRec=64.257 | NPrec=55.321 | NRec=44.257 | Keep=60.000 | TSim=0.993 | RoundTime=104.24s | TotalTime=8251.08s | Method=feddenoise_v3
[Round 061/096] Phase=stage_3 | Stage=2 | Acc=62.580 | StagePure=53.547 | CPrec=53.547 | CRec=64.257 | NPrec=55.321 | NRec=44.257 | Keep=60.000 | TSim=0.993 | RoundTime=101.58s | TotalTime=8352.67s | Method=feddenoise_v3
[Round 062/096] Phase=stage_3 | Stage=2 | Acc=62.120 | StagePure=53.547 | CPrec=53.547 | CRec=64.257 | NPrec=55.321 | NRec=44.257 | Keep=60.000 | TSim=0.993 | RoundTime=101.43s | TotalTime=8454.10s | Method=feddenoise_v3
[Round 063/096] Phase=stage_3 | Stage=2 | Acc=62.980 | StagePure=53.547 | CPrec=53.547 | CRec=64.257 | NPrec=55.321 | NRec=44.257 | Keep=60.000 | TSim=0.993 | RoundTime=101.32s | TotalTime=8555.43s | Method=feddenoise_v3
[Round 064/096] Phase=stage_3 | Stage=2 | Acc=62.380 | StagePure=53.547 | CPrec=53.547 | CRec=64.257 | NPrec=55.321 | NRec=44.257 | Keep=60.000 | TSim=0.993 | RoundTime=103.93s | TotalTime=8659.37s | Method=feddenoise_v3
[Round 065/096] Phase=stage_3 | Stage=2 | Acc=63.190 | StagePure=53.547 | CPrec=53.547 | CRec=64.257 | NPrec=55.321 | NRec=44.257 | Keep=60.000 | TSim=0.993 | RoundTime=102.06s | TotalTime=8761.44s | Method=feddenoise_v3
[Round 066/096] Phase=stage_3 | Stage=2 | Acc=63.030 | StagePure=53.547 | CPrec=53.547 | CRec=64.257 | NPrec=55.321 | NRec=44.257 | Keep=60.000 | TSim=0.993 | RoundTime=101.32s | TotalTime=8862.76s | Method=feddenoise_v3
[Round 067/096] Phase=stage_3 | Stage=2 | Acc=63.190 | StagePure=53.547 | CPrec=53.547 | CRec=64.257 | NPrec=55.321 | NRec=44.257 | Keep=60.000 | TSim=0.993 | RoundTime=105.35s | TotalTime=8968.12s | Method=feddenoise_v3
[Round 068/096] Phase=stage_3 | Stage=2 | Acc=63.790 | StagePure=53.547 | CPrec=53.547 | CRec=64.257 | NPrec=55.321 | NRec=44.257 | Keep=60.000 | TSim=0.993 | RoundTime=101.50s | TotalTime=9069.63s | Method=feddenoise_v3
[Round 069/096] Phase=stage_3 | Stage=2 | Acc=63.570 | StagePure=53.547 | CPrec=53.547 | CRec=64.257 | NPrec=55.321 | NRec=44.257 | Keep=60.000 | TSim=0.993 | RoundTime=101.64s | TotalTime=9171.29s | Method=feddenoise_v3
[Round 070/096] Phase=stage_3 | Stage=2 | Acc=64.360 | StagePure=53.547 | CPrec=53.547 | CRec=64.257 | NPrec=55.321 | NRec=44.257 | Keep=60.000 | TSim=0.993 | RoundTime=101.82s | TotalTime=9273.12s | Method=feddenoise_v3
[Round 071/096] Phase=stage_3 | Stage=2 | Acc=64.330 | StagePure=53.547 | CPrec=53.547 | CRec=64.257 | NPrec=55.321 | NRec=44.257 | Keep=60.000 | TSim=0.993 | RoundTime=102.77s | TotalTime=9375.91s | Method=feddenoise_v3
[Round 072/096] Phase=stage_3 | Stage=2 | Acc=64.290 | StagePure=53.547 | CPrec=53.547 | CRec=64.257 | NPrec=55.321 | NRec=44.257 | Keep=60.000 | TSim=0.993 | RoundTime=105.16s | TotalTime=9481.08s | Method=feddenoise_v3
[Round 073/096] Phase=stage_3 | Stage=2 | Acc=64.390 | StagePure=53.547 | CPrec=53.547 | CRec=64.257 | NPrec=55.321 | NRec=44.257 | Keep=60.000 | TSim=0.993 | RoundTime=103.08s | TotalTime=9584.17s | Method=feddenoise_v3
[Round 074/096] Phase=stage_3 | Stage=2 | Acc=64.340 | StagePure=53.547 | CPrec=53.547 | CRec=64.257 | NPrec=55.321 | NRec=44.257 | Keep=60.000 | TSim=0.993 | RoundTime=102.56s | TotalTime=9686.74s | Method=feddenoise_v3
[Round 075/096] Phase=stage_3 | Stage=2 | Acc=64.400 | StagePure=53.547 | CPrec=53.547 | CRec=64.257 | NPrec=55.321 | NRec=44.257 | Keep=60.000 | TSim=0.993 | RoundTime=101.92s | TotalTime=9788.67s | Method=feddenoise_v3
[Round 076/096] Phase=stage_3 | Stage=2 | Acc=64.030 | StagePure=53.547 | CPrec=53.547 | CRec=64.257 | NPrec=55.321 | NRec=44.257 | Keep=60.000 | TSim=0.993 | RoundTime=104.82s | TotalTime=9893.50s | Method=feddenoise_v3
[Round 077/096] Phase=stage_3 | Stage=2 | Acc=64.910 | StagePure=53.547 | CPrec=53.547 | CRec=64.257 | NPrec=55.321 | NRec=44.257 | Keep=60.000 | TSim=0.993 | RoundTime=178.38s | TotalTime=10071.89s | Method=feddenoise_v3
[Round 078/096] Phase=stage_4 | Stage=3 | Acc=64.810 | StagePure=55.897 | CPrec=55.897 | CRec=55.897 | NPrec=55.897 | NRec=55.897 | Keep=50.000 | TSim=0.995 | RoundTime=96.34s | TotalTime=10168.24s | Method=feddenoise_v3
[Round 079/096] Phase=stage_4 | Stage=3 | Acc=64.770 | StagePure=55.897 | CPrec=55.897 | CRec=55.897 | NPrec=55.897 | NRec=55.897 | Keep=50.000 | TSim=0.995 | RoundTime=91.59s | TotalTime=10259.84s | Method=feddenoise_v3
[Round 080/096] Phase=stage_4 | Stage=3 | Acc=64.740 | StagePure=55.897 | CPrec=55.897 | CRec=55.897 | NPrec=55.897 | NRec=55.897 | Keep=50.000 | TSim=0.995 | RoundTime=91.74s | TotalTime=10351.59s | Method=feddenoise_v3
[Round 081/096] Phase=stage_4 | Stage=3 | Acc=64.530 | StagePure=55.897 | CPrec=55.897 | CRec=55.897 | NPrec=55.897 | NRec=55.897 | Keep=50.000 | TSim=0.995 | RoundTime=92.44s | TotalTime=10444.04s | Method=feddenoise_v3
[Round 082/096] Phase=stage_4 | Stage=3 | Acc=64.570 | StagePure=55.897 | CPrec=55.897 | CRec=55.897 | NPrec=55.897 | NRec=55.897 | Keep=50.000 | TSim=0.995 | RoundTime=92.21s | TotalTime=10536.25s | Method=feddenoise_v3
[Round 083/096] Phase=stage_4 | Stage=3 | Acc=64.460 | StagePure=55.897 | CPrec=55.897 | CRec=55.897 | NPrec=55.897 | NRec=55.897 | Keep=50.000 | TSim=0.995 | RoundTime=91.48s | TotalTime=10627.74s | Method=feddenoise_v3
[Round 084/096] Phase=stage_4 | Stage=3 | Acc=63.760 | StagePure=55.897 | CPrec=55.897 | CRec=55.897 | NPrec=55.897 | NRec=55.897 | Keep=50.000 | TSim=0.995 | RoundTime=91.30s | TotalTime=10719.06s | Method=feddenoise_v3
[Round 085/096] Phase=stage_4 | Stage=3 | Acc=64.360 | StagePure=55.897 | CPrec=55.897 | CRec=55.897 | NPrec=55.897 | NRec=55.897 | Keep=50.000 | TSim=0.995 | RoundTime=92.03s | TotalTime=10811.10s | Method=feddenoise_v3
[Round 086/096] Phase=stage_4 | Stage=3 | Acc=64.980 | StagePure=55.897 | CPrec=55.897 | CRec=55.897 | NPrec=55.897 | NRec=55.897 | Keep=50.000 | TSim=0.995 | RoundTime=91.57s | TotalTime=10902.68s | Method=feddenoise_v3
[Round 087/096] Phase=stage_4 | Stage=3 | Acc=65.460 | StagePure=55.897 | CPrec=55.897 | CRec=55.897 | NPrec=55.897 | NRec=55.897 | Keep=50.000 | TSim=0.995 | RoundTime=93.25s | TotalTime=10995.94s | Method=feddenoise_v3
[Round 088/096] Phase=stage_4 | Stage=3 | Acc=64.960 | StagePure=55.897 | CPrec=55.897 | CRec=55.897 | NPrec=55.897 | NRec=55.897 | Keep=50.000 | TSim=0.995 | RoundTime=91.97s | TotalTime=11087.92s | Method=feddenoise_v3
[Round 089/096] Phase=stage_4 | Stage=3 | Acc=64.830 | StagePure=55.897 | CPrec=55.897 | CRec=55.897 | NPrec=55.897 | NRec=55.897 | Keep=50.000 | TSim=0.995 | RoundTime=91.68s | TotalTime=11179.61s | Method=feddenoise_v3
[Round 090/096] Phase=stage_4 | Stage=3 | Acc=66.040 | StagePure=55.897 | CPrec=55.897 | CRec=55.897 | NPrec=55.897 | NRec=55.897 | Keep=50.000 | TSim=0.995 | RoundTime=91.88s | TotalTime=11271.50s | Method=feddenoise_v3
[Round 091/096] Phase=stage_4 | Stage=3 | Acc=66.580 | StagePure=55.897 | CPrec=55.897 | CRec=55.897 | NPrec=55.897 | NRec=55.897 | Keep=50.000 | TSim=0.995 | RoundTime=93.26s | TotalTime=11364.77s | Method=feddenoise_v3
[Round 092/096] Phase=stage_4 | Stage=3 | Acc=66.800 | StagePure=55.897 | CPrec=55.897 | CRec=55.897 | NPrec=55.897 | NRec=55.897 | Keep=50.000 | TSim=0.995 | RoundTime=93.84s | TotalTime=11458.62s | Method=feddenoise_v3
[Round 093/096] Phase=stage_4 | Stage=3 | Acc=66.860 | StagePure=55.897 | CPrec=55.897 | CRec=55.897 | NPrec=55.897 | NRec=55.897 | Keep=50.000 | TSim=0.995 | RoundTime=91.32s | TotalTime=11549.95s | Method=feddenoise_v3
[Round 094/096] Phase=stage_4 | Stage=3 | Acc=66.790 | StagePure=55.897 | CPrec=55.897 | CRec=55.897 | NPrec=55.897 | NRec=55.897 | Keep=50.000 | TSim=0.995 | RoundTime=91.20s | TotalTime=11641.15s | Method=feddenoise_v3
[Round 095/096] Phase=stage_4 | Stage=3 | Acc=67.270 | StagePure=55.897 | CPrec=55.897 | CRec=55.897 | NPrec=55.897 | NRec=55.897 | Keep=50.000 | TSim=0.995 | RoundTime=91.48s | TotalTime=11732.65s | Method=feddenoise_v3
[Round 096/096] Phase=stage_4 | Stage=3 | Acc=67.610 | StagePure=55.897 | CPrec=55.897 | CRec=55.897 | NPrec=55.897 | NRec=55.897 | Keep=50.000 | TSim=0.995 | RoundTime=88.70s | TotalTime=11821.36s | Method=feddenoise_v3
========================================================================================================================
Training finished at: 2026-04-09 20:03:34
Total elapsed time: 11821.36s
Final Acc: 67.610
Best Acc : 92.030
Final StagePure: 55.897
Best StagePure : 55.897
========================================================================================================================
