[Launch] model=fedcda | dataset=fl_svhn | clients=10 | rounds=100 | local_epoch=5 | batch_size=64 | noise_mode=uniform | noise_value=0.5
Using downloaded and verified file: /mnt/workspace/shiyl/CodeScout/test/kiwi/DenoiseFL/data/train_32x32.mat
Using downloaded and verified file: /mnt/workspace/shiyl/CodeScout/test/kiwi/DenoiseFL/data/test_32x32.mat
mean: 7325.7
std: 0.45825756949558405
Data statistics: {0: {0: 422, 1: 1578, 2: 956, 3: 704, 4: 1620, 5: 395, 6: 448, 7: 395, 8: 381, 9: 427}, 1: {0: 396, 1: 408, 2: 509, 3: 2301, 4: 429, 5: 913, 6: 487, 7: 790, 8: 677, 9: 416}, 2: {0: 420, 1: 375, 2: 423, 3: 429, 4: 403, 5: 2555, 6: 392, 7: 416, 8: 1497, 9: 416}, 3: {0: 414, 1: 694, 2: 432, 3: 407, 4: 436, 5: 566, 6: 659, 7: 485, 8: 733, 9: 2500}, 4: {0: 2311, 1: 398, 2: 807, 3: 1345, 4: 438, 5: 400, 6: 402, 7: 392, 8: 384, 9: 449}, 5: {0: 426, 1: 547, 2: 496, 3: 406, 4: 2019, 5: 443, 6: 1791, 7: 386, 8: 427, 9: 385}, 6: {0: 406, 1: 2051, 2: 438, 3: 663, 4: 600, 5: 416, 6: 630, 7: 684, 8: 1032, 9: 406}, 7: {0: 407, 1: 3253, 2: 775, 3: 419, 4: 414, 5: 449, 6: 417, 7: 372, 8: 419, 9: 400}, 8: {0: 646, 1: 417, 2: 2051, 3: 400, 4: 630, 5: 434, 6: 986, 7: 956, 8: 413, 9: 392}, 9: {0: 418, 1: 423, 2: 1916, 3: 661, 4: 411, 5: 639, 6: 388, 7: 1685, 8: 390, 9: 394}}
========================================================================================================================
Training started at: 2026-04-10 21:04:12
Result directory: results/fl_svhn/fedcda/pm-dir_a-0.3_nm-uni_nr-0.5_nt-symmetric_hs-3_bn-3_wr-30_L-1.0
Result txt file : results/fl_svhn/fedcda/pm-dir_a-0.3_nm-uni_nr-0.5_nt-symmetric_hs-3_bn-3_wr-30_L-1.0/fedcda_fl_svhn_20260410-210412-109108_pid928443.txt
Result log file : results/fl_svhn/fedcda/pm-dir_a-0.3_nm-uni_nr-0.5_nt-symmetric_hs-3_bn-3_wr-30_L-1.0/fedcda_fl_svhn_20260410-210412-109108_pid928443.log
------------------------------------------------------------------------------------------------------------------------
Model: fedcda
Dataset: fl_svhn
Structure: homogeneity
Participants: 10
Online ratio: 1.0
Communication epochs: 100
Local epoch: 5
Local batch size: 64
Local lr: 0.01
Partition mode: dirichlet
Dirichlet alpha: 0.3
Noise mode: uniform
Noise rate: 0.5
Noise type: symmetric
Noise max: 0.3
Averaging: weight
Seed: 0
FedCDA history size: 3
FedCDA batch num: 3
FedCDA warmup round: 30
FedCDA L: 1.0
========================================================================================================================
[Round 001/100] Phase=standard | Stage=warmup | Acc=9.690 | RoundTime=186.22s | TotalTime=186.22s | Method=fedcda
[Round 002/100] Phase=standard | Stage=warmup | Acc=27.720 | RoundTime=185.92s | TotalTime=372.16s | Method=fedcda
[Round 003/100] Phase=standard | Stage=warmup | Acc=34.390 | RoundTime=184.00s | TotalTime=556.17s | Method=fedcda
[Round 004/100] Phase=standard | Stage=warmup | Acc=57.170 | RoundTime=185.32s | TotalTime=741.50s | Method=fedcda
[Round 005/100] Phase=standard | Stage=warmup | Acc=67.180 | RoundTime=184.65s | TotalTime=926.16s | Method=fedcda
[Round 006/100] Phase=standard | Stage=warmup | Acc=54.190 | RoundTime=184.64s | TotalTime=1110.81s | Method=fedcda
[Round 007/100] Phase=standard | Stage=warmup | Acc=40.320 | RoundTime=183.44s | TotalTime=1294.26s | Method=fedcda
[Round 008/100] Phase=standard | Stage=warmup | Acc=42.190 | RoundTime=185.09s | TotalTime=1479.36s | Method=fedcda
[Round 009/100] Phase=standard | Stage=warmup | Acc=38.190 | RoundTime=183.68s | TotalTime=1663.06s | Method=fedcda
[Round 010/100] Phase=standard | Stage=warmup | Acc=34.490 | RoundTime=184.86s | TotalTime=1847.92s | Method=fedcda
[Round 011/100] Phase=standard | Stage=warmup | Acc=37.800 | RoundTime=182.81s | TotalTime=2030.74s | Method=fedcda
[Round 012/100] Phase=standard | Stage=warmup | Acc=35.240 | RoundTime=184.65s | TotalTime=2215.40s | Method=fedcda
[Round 013/100] Phase=standard | Stage=warmup | Acc=41.970 | RoundTime=185.01s | TotalTime=2400.43s | Method=fedcda
[Round 014/100] Phase=standard | Stage=warmup | Acc=41.380 | RoundTime=182.88s | TotalTime=2583.32s | Method=fedcda
[Round 015/100] Phase=standard | Stage=warmup | Acc=42.350 | RoundTime=183.53s | TotalTime=2766.86s | Method=fedcda
[Round 016/100] Phase=standard | Stage=warmup | Acc=33.290 | RoundTime=184.00s | TotalTime=2950.87s | Method=fedcda
[Round 017/100] Phase=standard | Stage=warmup | Acc=38.080 | RoundTime=184.07s | TotalTime=3134.95s | Method=fedcda
[Round 018/100] Phase=standard | Stage=warmup | Acc=35.770 | RoundTime=184.20s | TotalTime=3319.16s | Method=fedcda
[Round 019/100] Phase=standard | Stage=warmup | Acc=33.740 | RoundTime=183.52s | TotalTime=3502.69s | Method=fedcda
[Round 020/100] Phase=standard | Stage=warmup | Acc=41.130 | RoundTime=184.76s | TotalTime=3687.46s | Method=fedcda
[Round 021/100] Phase=standard | Stage=warmup | Acc=38.560 | RoundTime=185.17s | TotalTime=3872.63s | Method=fedcda
[Round 022/100] Phase=standard | Stage=warmup | Acc=37.050 | RoundTime=183.77s | TotalTime=4056.40s | Method=fedcda
[Round 023/100] Phase=standard | Stage=warmup | Acc=34.870 | RoundTime=184.65s | TotalTime=4241.07s | Method=fedcda
[Round 024/100] Phase=standard | Stage=warmup | Acc=33.060 | RoundTime=184.16s | TotalTime=4425.24s | Method=fedcda
