[Launch] model=fedcda | dataset=fl_svhn | clients=10 | rounds=100 | local_epoch=5 | batch_size=64 | noise_mode=uniform | noise_value=0.5
Using downloaded and verified file: /mnt/workspace/shiyl/CodeScout/test/kiwi/DenoiseFL/data/train_32x32.mat
Using downloaded and verified file: /mnt/workspace/shiyl/CodeScout/test/kiwi/DenoiseFL/data/test_32x32.mat
mean: 7325.7
std: 0.45825756949558405
Data statistics: {0: {0: 523, 1: 1575, 2: 1234, 3: 697, 4: 1263, 5: 383, 6: 448, 7: 395, 8: 381, 9: 427}, 1: {0: 439, 1: 442, 2: 696, 3: 1232, 4: 440, 5: 523, 6: 630, 7: 729, 8: 972, 9: 1223}, 2: {0: 459, 1: 424, 2: 538, 3: 453, 4: 403, 5: 797, 6: 509, 7: 896, 8: 1185, 9: 1662}, 3: {0: 481, 1: 852, 2: 443, 3: 463, 4: 539, 5: 1278, 6: 471, 7: 1001, 8: 1339, 9: 459}, 4: {0: 1801, 1: 455, 2: 1007, 3: 1598, 4: 438, 5: 400, 6: 402, 7: 392, 8: 384, 9: 449}, 5: {0: 439, 1: 961, 2: 648, 3: 437, 4: 768, 5: 748, 6: 1604, 7: 909, 8: 427, 9: 385}, 6: {0: 407, 1: 762, 2: 513, 3: 674, 4: 1561, 5: 1321, 6: 828, 7: 434, 8: 420, 9: 406}, 7: {0: 467, 1: 1895, 2: 1048, 3: 1074, 4: 718, 5: 448, 6: 484, 7: 372, 8: 419, 9: 400}, 8: {0: 846, 1: 2343, 2: 736, 3: 414, 4: 489, 5: 862, 6: 417, 7: 413, 8: 413, 9: 392}, 9: {0: 422, 1: 464, 2: 1908, 3: 651, 4: 751, 5: 513, 6: 808, 7: 1024, 8: 390, 9: 394}}
========================================================================================================================
Training started at: 2026-04-10 21:04:12
Result directory: results/fl_svhn/fedcda/pm-dir_a-0.8_nm-uni_nr-0.5_nt-symmetric_hs-3_bn-3_wr-30_L-1.0
Result txt file : results/fl_svhn/fedcda/pm-dir_a-0.8_nm-uni_nr-0.5_nt-symmetric_hs-3_bn-3_wr-30_L-1.0/fedcda_fl_svhn_20260410-210412-415691_pid928455.txt
Result log file : results/fl_svhn/fedcda/pm-dir_a-0.8_nm-uni_nr-0.5_nt-symmetric_hs-3_bn-3_wr-30_L-1.0/fedcda_fl_svhn_20260410-210412-415691_pid928455.log
------------------------------------------------------------------------------------------------------------------------
Model: fedcda
Dataset: fl_svhn
Structure: homogeneity
Participants: 10
Online ratio: 1.0
Communication epochs: 100
Local epoch: 5
Local batch size: 64
Local lr: 0.01
Partition mode: dirichlet
Dirichlet alpha: 0.8
Noise mode: uniform
Noise rate: 0.5
Noise type: symmetric
Noise max: 0.3
Averaging: weight
Seed: 0
FedCDA history size: 3
FedCDA batch num: 3
FedCDA warmup round: 30
FedCDA L: 1.0
========================================================================================================================
[Round 001/100] Phase=standard | Stage=warmup | Acc=7.590 | RoundTime=188.82s | TotalTime=188.83s | Method=fedcda
[Round 002/100] Phase=standard | Stage=warmup | Acc=33.890 | RoundTime=184.95s | TotalTime=373.78s | Method=fedcda
[Round 003/100] Phase=standard | Stage=warmup | Acc=61.990 | RoundTime=183.78s | TotalTime=557.57s | Method=fedcda
[Round 004/100] Phase=standard | Stage=warmup | Acc=71.300 | RoundTime=186.12s | TotalTime=743.70s | Method=fedcda
[Round 005/100] Phase=standard | Stage=warmup | Acc=74.870 | RoundTime=184.39s | TotalTime=928.09s | Method=fedcda
[Round 006/100] Phase=standard | Stage=warmup | Acc=59.040 | RoundTime=185.38s | TotalTime=1113.48s | Method=fedcda
[Round 007/100] Phase=standard | Stage=warmup | Acc=65.400 | RoundTime=184.15s | TotalTime=1297.64s | Method=fedcda
[Round 008/100] Phase=standard | Stage=warmup | Acc=44.220 | RoundTime=183.67s | TotalTime=1481.32s | Method=fedcda
[Round 009/100] Phase=standard | Stage=warmup | Acc=43.930 | RoundTime=184.55s | TotalTime=1665.88s | Method=fedcda
[Round 010/100] Phase=standard | Stage=warmup | Acc=45.340 | RoundTime=184.83s | TotalTime=1850.72s | Method=fedcda
[Round 011/100] Phase=standard | Stage=warmup | Acc=41.550 | RoundTime=184.51s | TotalTime=2035.23s | Method=fedcda
[Round 012/100] Phase=standard | Stage=warmup | Acc=50.610 | RoundTime=185.25s | TotalTime=2220.49s | Method=fedcda
[Round 013/100] Phase=standard | Stage=warmup | Acc=50.330 | RoundTime=182.82s | TotalTime=2403.32s | Method=fedcda
[Round 014/100] Phase=standard | Stage=warmup | Acc=49.200 | RoundTime=182.91s | TotalTime=2586.24s | Method=fedcda
[Round 015/100] Phase=standard | Stage=warmup | Acc=52.040 | RoundTime=184.10s | TotalTime=2770.36s | Method=fedcda
[Round 016/100] Phase=standard | Stage=warmup | Acc=51.990 | RoundTime=184.56s | TotalTime=2954.92s | Method=fedcda
[Round 017/100] Phase=standard | Stage=warmup | Acc=52.330 | RoundTime=184.89s | TotalTime=3139.82s | Method=fedcda
[Round 018/100] Phase=standard | Stage=warmup | Acc=51.530 | RoundTime=184.93s | TotalTime=3324.76s | Method=fedcda
[Round 019/100] Phase=standard | Stage=warmup | Acc=51.780 | RoundTime=183.82s | TotalTime=3508.59s | Method=fedcda
[Round 020/100] Phase=standard | Stage=warmup | Acc=50.800 | RoundTime=184.92s | TotalTime=3693.52s | Method=fedcda
