[Launch] model=fedcda | dataset=fl_svhn | clients=10 | rounds=100 | local_epoch=5 | batch_size=64 | noise_mode=uniform | noise_value=0.5
Using downloaded and verified file: /mnt/workspace/shiyl/CodeScout/test/kiwi/DenoiseFL/data/train_32x32.mat
Using downloaded and verified file: /mnt/workspace/shiyl/CodeScout/test/kiwi/DenoiseFL/data/test_32x32.mat
mean: 7325.7
std: 0.45825756949558405
Data statistics: {0: {0: 472, 1: 1578, 2: 1463, 3: 830, 4: 949, 5: 383, 6: 448, 7: 395, 8: 381, 9: 427}, 1: {0: 413, 1: 415, 2: 690, 3: 2064, 4: 436, 5: 540, 6: 671, 7: 571, 8: 1110, 9: 416}, 2: {0: 429, 1: 392, 2: 463, 3: 452, 4: 401, 5: 973, 6: 525, 7: 749, 8: 654, 9: 2288}, 3: {0: 439, 1: 799, 2: 433, 3: 446, 4: 572, 5: 2252, 6: 452, 7: 1114, 8: 414, 9: 405}, 4: {0: 2104, 1: 405, 2: 1178, 3: 1174, 4: 438, 5: 400, 6: 402, 7: 392, 8: 384, 9: 449}, 5: {0: 426, 1: 851, 2: 642, 3: 429, 4: 1029, 5: 875, 6: 1876, 7: 386, 8: 427, 9: 385}, 6: {0: 406, 1: 1957, 2: 534, 3: 784, 4: 1576, 5: 418, 6: 391, 7: 434, 8: 420, 9: 406}, 7: {0: 424, 1: 2838, 2: 1176, 3: 416, 4: 414, 5: 449, 6: 417, 7: 372, 8: 419, 9: 400}, 8: {0: 733, 1: 453, 2: 1803, 3: 411, 4: 498, 5: 483, 6: 484, 7: 1596, 8: 472, 9: 392}, 9: {0: 419, 1: 494, 2: 400, 3: 746, 4: 1070, 5: 411, 6: 956, 7: 506, 8: 1723, 9: 600}}
========================================================================================================================
Training started at: 2026-04-10 21:04:12
Result directory: results/fl_svhn/fedcda/pm-dir_a-0.5_nm-uni_nr-0.5_nt-symmetric_hs-3_bn-3_wr-30_L-1.0
Result txt file : results/fl_svhn/fedcda/pm-dir_a-0.5_nm-uni_nr-0.5_nt-symmetric_hs-3_bn-3_wr-30_L-1.0/fedcda_fl_svhn_20260410-210412-450105_pid928454.txt
Result log file : results/fl_svhn/fedcda/pm-dir_a-0.5_nm-uni_nr-0.5_nt-symmetric_hs-3_bn-3_wr-30_L-1.0/fedcda_fl_svhn_20260410-210412-450105_pid928454.log
------------------------------------------------------------------------------------------------------------------------
Model: fedcda
Dataset: fl_svhn
Structure: homogeneity
Participants: 10
Online ratio: 1.0
Communication epochs: 100
Local epoch: 5
Local batch size: 64
Local lr: 0.01
Partition mode: dirichlet
Dirichlet alpha: 0.5
Noise mode: uniform
Noise rate: 0.5
Noise type: symmetric
Noise max: 0.3
Averaging: weight
Seed: 0
FedCDA history size: 3
FedCDA batch num: 3
FedCDA warmup round: 30
FedCDA L: 1.0
========================================================================================================================
[Round 001/100] Phase=standard | Stage=warmup | Acc=7.590 | RoundTime=186.09s | TotalTime=186.10s | Method=fedcda
[Round 002/100] Phase=standard | Stage=warmup | Acc=32.150 | RoundTime=185.90s | TotalTime=372.01s | Method=fedcda
[Round 003/100] Phase=standard | Stage=warmup | Acc=56.660 | RoundTime=185.57s | TotalTime=557.58s | Method=fedcda
[Round 004/100] Phase=standard | Stage=warmup | Acc=68.400 | RoundTime=186.09s | TotalTime=743.68s | Method=fedcda
[Round 005/100] Phase=standard | Stage=warmup | Acc=66.930 | RoundTime=184.75s | TotalTime=928.43s | Method=fedcda
[Round 006/100] Phase=standard | Stage=warmup | Acc=52.910 | RoundTime=185.26s | TotalTime=1113.70s | Method=fedcda
[Round 007/100] Phase=standard | Stage=warmup | Acc=48.450 | RoundTime=184.72s | TotalTime=1298.42s | Method=fedcda
[Round 008/100] Phase=standard | Stage=warmup | Acc=50.600 | RoundTime=186.04s | TotalTime=1484.47s | Method=fedcda
[Round 009/100] Phase=standard | Stage=warmup | Acc=46.000 | RoundTime=183.71s | TotalTime=1668.19s | Method=fedcda
[Round 010/100] Phase=standard | Stage=warmup | Acc=39.470 | RoundTime=185.29s | TotalTime=1853.49s | Method=fedcda
[Round 011/100] Phase=standard | Stage=warmup | Acc=39.320 | RoundTime=184.55s | TotalTime=2038.05s | Method=fedcda
[Round 012/100] Phase=standard | Stage=warmup | Acc=37.320 | RoundTime=185.62s | TotalTime=2223.67s | Method=fedcda
[Round 013/100] Phase=standard | Stage=warmup | Acc=44.410 | RoundTime=185.38s | TotalTime=2409.06s | Method=fedcda
[Round 014/100] Phase=standard | Stage=warmup | Acc=45.270 | RoundTime=186.69s | TotalTime=2595.76s | Method=fedcda
[Round 015/100] Phase=standard | Stage=warmup | Acc=42.020 | RoundTime=183.72s | TotalTime=2779.50s | Method=fedcda
[Round 016/100] Phase=standard | Stage=warmup | Acc=36.370 | RoundTime=183.62s | TotalTime=2963.12s | Method=fedcda
[Round 017/100] Phase=standard | Stage=warmup | Acc=40.640 | RoundTime=184.38s | TotalTime=3147.51s | Method=fedcda
[Round 018/100] Phase=standard | Stage=warmup | Acc=39.920 | RoundTime=184.28s | TotalTime=3331.80s | Method=fedcda
[Round 019/100] Phase=standard | Stage=warmup | Acc=36.710 | RoundTime=184.85s | TotalTime=3516.65s | Method=fedcda
[Round 020/100] Phase=standard | Stage=warmup | Acc=38.780 | RoundTime=186.11s | TotalTime=3702.77s | Method=fedcda
[Round 021/100] Phase=standard | Stage=warmup | Acc=42.280 | RoundTime=184.08s | TotalTime=3886.86s | Method=fedcda
[Round 022/100] Phase=standard | Stage=warmup | Acc=39.380 | RoundTime=184.56s | TotalTime=4071.42s | Method=fedcda
[Round 023/100] Phase=standard | Stage=warmup | Acc=44.930 | RoundTime=185.08s | TotalTime=4256.51s | Method=fedcda
[Round 024/100] Phase=standard | Stage=warmup | Acc=42.000 | RoundTime=185.01s | TotalTime=4441.53s | Method=fedcda
