[Launch] model=fedrdn | dataset=fl_cifar10 | clients=10 | rounds=100 | local_epoch=5 | batch_size=64 | noise_mode=uniform | noise_value=0.5
Files already downloaded and verified
Files already downloaded and verified
mean: 5000.0
std: 0.0
Data statistics: {0: {0: 719, 1: 396, 2: 874, 3: 532, 4: 547, 5: 324, 6: 620, 7: 275, 8: 433, 9: 280}, 1: {0: 255, 1: 284, 2: 321, 3: 348, 4: 387, 5: 449, 6: 267, 7: 291, 8: 302, 9: 2096}, 2: {0: 274, 1: 883, 2: 381, 3: 532, 4: 279, 5: 279, 6: 336, 7: 1069, 8: 535, 9: 432}, 3: {0: 470, 1: 302, 2: 299, 3: 674, 4: 294, 5: 487, 6: 1273, 7: 617, 8: 303, 9: 281}, 4: {0: 508, 1: 1014, 2: 271, 3: 357, 4: 764, 5: 762, 6: 310, 7: 443, 8: 283, 9: 288}, 5: {0: 858, 1: 406, 2: 349, 3: 514, 4: 535, 5: 461, 6: 292, 7: 720, 8: 589, 9: 276}, 6: {0: 301, 1: 413, 2: 1344, 3: 387, 4: 344, 5: 342, 6: 435, 7: 760, 8: 401, 9: 273}, 7: {0: 622, 1: 444, 2: 379, 3: 287, 4: 467, 5: 312, 6: 853, 7: 279, 8: 844, 9: 513}, 8: {0: 767, 1: 509, 2: 481, 3: 977, 4: 887, 5: 291, 6: 247, 7: 255, 8: 310, 9: 276}, 9: {0: 267, 1: 319, 2: 351, 3: 381, 4: 366, 5: 1362, 6: 290, 7: 291, 8: 1082, 9: 291}}
========================================================================================================================
Training started at: 2026-04-09 01:37:29
Result directory: results/fl_cifar10/fedrdn/pm-dir_a-0.5_nm-uni_nr-0.5_nt-symmetric_std-0.01_eps-1e-06
Result txt file : results/fl_cifar10/fedrdn/pm-dir_a-0.5_nm-uni_nr-0.5_nt-symmetric_std-0.01_eps-1e-06/fedrdn_fl_cifar10_20260409-013729-151557_pid4193318.txt
Result log file : results/fl_cifar10/fedrdn/pm-dir_a-0.5_nm-uni_nr-0.5_nt-symmetric_std-0.01_eps-1e-06/fedrdn_fl_cifar10_20260409-013729-151557_pid4193318.log
------------------------------------------------------------------------------------------------------------------------
Model: fedrdn
Dataset: fl_cifar10
Structure: homogeneity
Participants: 10
Online ratio: 1.0
Communication epochs: 100
Local epoch: 5
Local batch size: 64
Local lr: 0.01
Partition mode: dirichlet
Dirichlet alpha: 0.5
Noise mode: uniform
Noise rate: 0.5
Noise type: symmetric
Noise max: 0.3
Averaging: weight
Seed: 0
FedRDN std: 0.01
FedRDN eps: 1e-06
========================================================================================================================
[Round 001/100] Phase=standard | Stage=warmup | Acc=10.000 | RoundTime=162.30s | TotalTime=162.30s | Method=fedrdn
[Round 002/100] Phase=standard | Stage=warmup | Acc=18.650 | RoundTime=146.20s | TotalTime=308.51s | Method=fedrdn
[Round 003/100] Phase=standard | Stage=warmup | Acc=34.790 | RoundTime=145.62s | TotalTime=454.14s | Method=fedrdn
[Round 004/100] Phase=standard | Stage=warmup | Acc=39.510 | RoundTime=146.72s | TotalTime=600.86s | Method=fedrdn
[Round 005/100] Phase=standard | Stage=warmup | Acc=44.250 | RoundTime=145.57s | TotalTime=746.44s | Method=fedrdn
[Round 006/100] Phase=standard | Stage=warmup | Acc=46.680 | RoundTime=145.56s | TotalTime=892.00s | Method=fedrdn
[Round 007/100] Phase=standard | Stage=warmup | Acc=51.410 | RoundTime=127.04s | TotalTime=1019.05s | Method=fedrdn
[Round 008/100] Phase=standard | Stage=warmup | Acc=52.100 | RoundTime=127.84s | TotalTime=1146.89s | Method=fedrdn
[Round 009/100] Phase=standard | Stage=warmup | Acc=54.420 | RoundTime=127.00s | TotalTime=1273.89s | Method=fedrdn
[Round 010/100] Phase=standard | Stage=warmup | Acc=56.340 | RoundTime=127.82s | TotalTime=1401.74s | Method=fedrdn
[Round 011/100] Phase=standard | Stage=warmup | Acc=58.690 | RoundTime=127.31s | TotalTime=1529.06s | Method=fedrdn
[Round 012/100] Phase=standard | Stage=warmup | Acc=59.620 | RoundTime=127.08s | TotalTime=1656.14s | Method=fedrdn
[Round 013/100] Phase=standard | Stage=warmup | Acc=60.590 | RoundTime=127.99s | TotalTime=1784.14s | Method=fedrdn
[Round 014/100] Phase=standard | Stage=warmup | Acc=62.560 | RoundTime=127.68s | TotalTime=1911.83s | Method=fedrdn
[Round 015/100] Phase=standard | Stage=warmup | Acc=63.760 | RoundTime=127.27s | TotalTime=2039.14s | Method=fedrdn
[Round 016/100] Phase=standard | Stage=warmup | Acc=64.450 | RoundTime=127.85s | TotalTime=2167.00s | Method=fedrdn
[Round 017/100] Phase=standard | Stage=warmup | Acc=64.620 | RoundTime=127.03s | TotalTime=2294.04s | Method=fedrdn
[Round 018/100] Phase=standard | Stage=warmup | Acc=66.540 | RoundTime=127.23s | TotalTime=2421.27s | Method=fedrdn
[Round 019/100] Phase=standard | Stage=warmup | Acc=66.280 | RoundTime=128.35s | TotalTime=2549.64s | Method=fedrdn
[Round 020/100] Phase=standard | Stage=warmup | Acc=67.040 | RoundTime=128.67s | TotalTime=2678.31s | Method=fedrdn
[Round 021/100] Phase=standard | Stage=warmup | Acc=66.860 | RoundTime=127.84s | TotalTime=2806.17s | Method=fedrdn
[Round 022/100] Phase=standard | Stage=warmup | Acc=67.420 | RoundTime=127.88s | TotalTime=2934.06s | Method=fedrdn
[Round 023/100] Phase=standard | Stage=warmup | Acc=68.560 | RoundTime=128.54s | TotalTime=3062.61s | Method=fedrdn
[Round 024/100] Phase=standard | Stage=warmup | Acc=68.640 | RoundTime=127.42s | TotalTime=3190.04s | Method=fedrdn
[Round 025/100] Phase=standard | Stage=warmup | Acc=69.350 | RoundTime=126.94s | TotalTime=3317.00s | Method=fedrdn
[Round 026/100] Phase=standard | Stage=warmup | Acc=69.020 | RoundTime=127.22s | TotalTime=3444.23s | Method=fedrdn
[Round 027/100] Phase=standard | Stage=warmup | Acc=68.730 | RoundTime=126.10s | TotalTime=3570.34s | Method=fedrdn
[Round 028/100] Phase=standard | Stage=warmup | Acc=68.420 | RoundTime=126.66s | TotalTime=3697.01s | Method=fedrdn
[Round 029/100] Phase=standard | Stage=warmup | Acc=68.830 | RoundTime=127.13s | TotalTime=3824.15s | Method=fedrdn
[Round 030/100] Phase=standard | Stage=warmup | Acc=68.530 | RoundTime=127.21s | TotalTime=3951.36s | Method=fedrdn
[Round 031/100] Phase=standard | Stage=warmup | Acc=68.010 | RoundTime=127.19s | TotalTime=4078.56s | Method=fedrdn
[Round 032/100] Phase=standard | Stage=warmup | Acc=67.980 | RoundTime=127.76s | TotalTime=4206.33s | Method=fedrdn
[Round 033/100] Phase=standard | Stage=warmup | Acc=68.190 | RoundTime=127.73s | TotalTime=4334.06s | Method=fedrdn
[Round 034/100] Phase=standard | Stage=warmup | Acc=67.900 | RoundTime=127.49s | TotalTime=4461.56s | Method=fedrdn
[Round 035/100] Phase=standard | Stage=warmup | Acc=67.280 | RoundTime=128.11s | TotalTime=4589.68s | Method=fedrdn
[Round 036/100] Phase=standard | Stage=warmup | Acc=67.250 | RoundTime=128.02s | TotalTime=4717.72s | Method=fedrdn
[Round 037/100] Phase=standard | Stage=warmup | Acc=67.240 | RoundTime=127.64s | TotalTime=4845.37s | Method=fedrdn
[Round 038/100] Phase=standard | Stage=warmup | Acc=67.140 | RoundTime=128.34s | TotalTime=4973.71s | Method=fedrdn
[Round 039/100] Phase=standard | Stage=warmup | Acc=66.170 | RoundTime=128.16s | TotalTime=5101.88s | Method=fedrdn
[Round 040/100] Phase=standard | Stage=warmup | Acc=66.140 | RoundTime=127.85s | TotalTime=5229.74s | Method=fedrdn
[Round 041/100] Phase=standard | Stage=warmup | Acc=65.410 | RoundTime=126.96s | TotalTime=5356.71s | Method=fedrdn
[Round 042/100] Phase=standard | Stage=warmup | Acc=65.210 | RoundTime=127.90s | TotalTime=5484.62s | Method=fedrdn
[Round 043/100] Phase=standard | Stage=warmup | Acc=64.120 | RoundTime=126.28s | TotalTime=5610.91s | Method=fedrdn
[Round 044/100] Phase=standard | Stage=warmup | Acc=64.040 | RoundTime=128.21s | TotalTime=5739.12s | Method=fedrdn
[Round 045/100] Phase=standard | Stage=warmup | Acc=63.880 | RoundTime=127.83s | TotalTime=5866.97s | Method=fedrdn
[Round 046/100] Phase=standard | Stage=warmup | Acc=63.620 | RoundTime=127.78s | TotalTime=5994.76s | Method=fedrdn
[Round 047/100] Phase=standard | Stage=warmup | Acc=63.070 | RoundTime=127.26s | TotalTime=6122.03s | Method=fedrdn
[Round 048/100] Phase=standard | Stage=warmup | Acc=62.890 | RoundTime=127.31s | TotalTime=6249.35s | Method=fedrdn
[Round 049/100] Phase=standard | Stage=warmup | Acc=62.340 | RoundTime=126.89s | TotalTime=6376.28s | Method=fedrdn
[Round 050/100] Phase=standard | Stage=warmup | Acc=61.380 | RoundTime=128.36s | TotalTime=6504.64s | Method=fedrdn
[Round 051/100] Phase=standard | Stage=warmup | Acc=60.760 | RoundTime=126.93s | TotalTime=6631.63s | Method=fedrdn
[Round 052/100] Phase=standard | Stage=warmup | Acc=60.460 | RoundTime=125.67s | TotalTime=6757.31s | Method=fedrdn
[Round 053/100] Phase=standard | Stage=warmup | Acc=60.240 | RoundTime=126.56s | TotalTime=6883.87s | Method=fedrdn
[Round 054/100] Phase=standard | Stage=warmup | Acc=59.330 | RoundTime=129.01s | TotalTime=7012.89s | Method=fedrdn
[Round 055/100] Phase=standard | Stage=warmup | Acc=58.950 | RoundTime=125.99s | TotalTime=7138.92s | Method=fedrdn
[Round 056/100] Phase=standard | Stage=warmup | Acc=57.760 | RoundTime=127.75s | TotalTime=7266.68s | Method=fedrdn
[Round 057/100] Phase=standard | Stage=warmup | Acc=57.620 | RoundTime=126.97s | TotalTime=7393.66s | Method=fedrdn
[Round 058/100] Phase=standard | Stage=warmup | Acc=57.870 | RoundTime=126.19s | TotalTime=7519.86s | Method=fedrdn
[Round 059/100] Phase=standard | Stage=warmup | Acc=56.890 | RoundTime=126.53s | TotalTime=7646.40s | Method=fedrdn
[Round 060/100] Phase=standard | Stage=warmup | Acc=56.460 | RoundTime=127.65s | TotalTime=7774.06s | Method=fedrdn
[Round 061/100] Phase=standard | Stage=warmup | Acc=56.390 | RoundTime=127.91s | TotalTime=7901.97s | Method=fedrdn
[Round 062/100] Phase=standard | Stage=warmup | Acc=55.570 | RoundTime=126.99s | TotalTime=8028.97s | Method=fedrdn
[Round 063/100] Phase=standard | Stage=warmup | Acc=55.870 | RoundTime=127.86s | TotalTime=8156.84s | Method=fedrdn
[Round 064/100] Phase=standard | Stage=warmup | Acc=55.200 | RoundTime=127.52s | TotalTime=8284.41s | Method=fedrdn
[Round 065/100] Phase=standard | Stage=warmup | Acc=54.920 | RoundTime=128.00s | TotalTime=8412.43s | Method=fedrdn
[Round 066/100] Phase=standard | Stage=warmup | Acc=54.800 | RoundTime=127.60s | TotalTime=8540.04s | Method=fedrdn
[Round 067/100] Phase=standard | Stage=warmup | Acc=54.210 | RoundTime=127.05s | TotalTime=8667.10s | Method=fedrdn
[Round 068/100] Phase=standard | Stage=warmup | Acc=53.350 | RoundTime=127.80s | TotalTime=8794.91s | Method=fedrdn
[Round 069/100] Phase=standard | Stage=warmup | Acc=53.890 | RoundTime=127.03s | TotalTime=8921.95s | Method=fedrdn
[Round 070/100] Phase=standard | Stage=warmup | Acc=53.180 | RoundTime=126.38s | TotalTime=9048.34s | Method=fedrdn
[Round 071/100] Phase=standard | Stage=warmup | Acc=53.000 | RoundTime=128.43s | TotalTime=9176.78s | Method=fedrdn
[Round 072/100] Phase=standard | Stage=warmup | Acc=52.770 | RoundTime=127.83s | TotalTime=9304.64s | Method=fedrdn
[Round 073/100] Phase=standard | Stage=warmup | Acc=51.850 | RoundTime=126.86s | TotalTime=9431.51s | Method=fedrdn
[Round 074/100] Phase=standard | Stage=warmup | Acc=51.780 | RoundTime=127.17s | TotalTime=9558.72s | Method=fedrdn
[Round 075/100] Phase=standard | Stage=warmup | Acc=51.410 | RoundTime=128.33s | TotalTime=9687.06s | Method=fedrdn
[Round 076/100] Phase=standard | Stage=warmup | Acc=51.620 | RoundTime=127.02s | TotalTime=9814.10s | Method=fedrdn
[Round 077/100] Phase=standard | Stage=warmup | Acc=50.110 | RoundTime=127.87s | TotalTime=9941.98s | Method=fedrdn
[Round 078/100] Phase=standard | Stage=warmup | Acc=49.840 | RoundTime=127.17s | TotalTime=10069.16s | Method=fedrdn
[Round 079/100] Phase=standard | Stage=warmup | Acc=50.110 | RoundTime=127.32s | TotalTime=10196.48s | Method=fedrdn
[Round 080/100] Phase=standard | Stage=warmup | Acc=50.100 | RoundTime=125.46s | TotalTime=10321.96s | Method=fedrdn
[Round 081/100] Phase=standard | Stage=warmup | Acc=50.090 | RoundTime=126.71s | TotalTime=10448.68s | Method=fedrdn
[Round 082/100] Phase=standard | Stage=warmup | Acc=49.540 | RoundTime=127.24s | TotalTime=10575.92s | Method=fedrdn
[Round 083/100] Phase=standard | Stage=warmup | Acc=49.740 | RoundTime=128.22s | TotalTime=10704.15s | Method=fedrdn
[Round 084/100] Phase=standard | Stage=warmup | Acc=49.630 | RoundTime=127.84s | TotalTime=10832.00s | Method=fedrdn
[Round 085/100] Phase=standard | Stage=warmup | Acc=49.230 | RoundTime=126.21s | TotalTime=10958.22s | Method=fedrdn
[Round 086/100] Phase=standard | Stage=warmup | Acc=49.670 | RoundTime=127.61s | TotalTime=11085.84s | Method=fedrdn
[Round 087/100] Phase=standard | Stage=warmup | Acc=48.620 | RoundTime=128.30s | TotalTime=11214.16s | Method=fedrdn
[Round 088/100] Phase=standard | Stage=warmup | Acc=49.430 | RoundTime=127.96s | TotalTime=11342.13s | Method=fedrdn
[Round 089/100] Phase=standard | Stage=warmup | Acc=49.270 | RoundTime=127.10s | TotalTime=11469.23s | Method=fedrdn
[Round 090/100] Phase=standard | Stage=warmup | Acc=49.130 | RoundTime=127.71s | TotalTime=11596.95s | Method=fedrdn
[Round 091/100] Phase=standard | Stage=warmup | Acc=48.770 | RoundTime=127.65s | TotalTime=11724.61s | Method=fedrdn
[Round 092/100] Phase=standard | Stage=warmup | Acc=49.140 | RoundTime=127.51s | TotalTime=11852.12s | Method=fedrdn
[Round 093/100] Phase=standard | Stage=warmup | Acc=48.530 | RoundTime=127.04s | TotalTime=11979.17s | Method=fedrdn
[Round 094/100] Phase=standard | Stage=warmup | Acc=48.450 | RoundTime=126.92s | TotalTime=12106.10s | Method=fedrdn
[Round 095/100] Phase=standard | Stage=warmup | Acc=48.560 | RoundTime=127.46s | TotalTime=12233.57s | Method=fedrdn
[Round 096/100] Phase=standard | Stage=warmup | Acc=48.860 | RoundTime=126.70s | TotalTime=12360.28s | Method=fedrdn
[Round 097/100] Phase=standard | Stage=warmup | Acc=48.170 | RoundTime=126.68s | TotalTime=12486.97s | Method=fedrdn
[Round 098/100] Phase=standard | Stage=warmup | Acc=47.830 | RoundTime=126.75s | TotalTime=12613.73s | Method=fedrdn
[Round 099/100] Phase=standard | Stage=warmup | Acc=47.890 | RoundTime=127.62s | TotalTime=12741.36s | Method=fedrdn
[Round 100/100] Phase=standard | Stage=warmup | Acc=47.620 | RoundTime=111.56s | TotalTime=12852.93s | Method=fedrdn
========================================================================================================================
Training finished at: 2026-04-09 05:11:42
Total elapsed time: 12852.94s
Final Acc: 47.620
Best Acc : 69.350
========================================================================================================================
