====================================================================================================
Training started at: 2026-03-31 19:42:52
Result directory: results/fl_cifar10/fedcda/pm-dir_a-0.5_nm-uni_nr-0.5_nt-symmetric_st-least_sim_dr-0.4
Result txt file : results/fl_cifar10/fedcda/pm-dir_a-0.5_nm-uni_nr-0.5_nt-symmetric_st-least_sim_dr-0.4/fedcda_fl_cifar10_20260331-194252-545655_pid1028826.txt
Result log file : results/fl_cifar10/fedcda/pm-dir_a-0.5_nm-uni_nr-0.5_nt-symmetric_st-least_sim_dr-0.4/fedcda_fl_cifar10_20260331-194252-545655_pid1028826.log
----------------------------------------------------------------------------------------------------
Model: fedcda
Dataset: fl_cifar10
Structure: homogeneity
Participants: 100
Online ratio: 0.1
Communication epochs: 100
Local epoch: 10
Local batch size: 64
Local lr: 0.01
Partition mode: dirichlet
Dirichlet alpha: 0.5
Noise mode: uniform
Noise rate: 0.5
Noise type: symmetric
Noise max: 0.3
Denoise score alpha: 0.5
Drop rate: 0.4
Denoise strategy: least_sim
FedProx mu: 0.01
FedRDN std: 0.01
FedCDA history size: NA
FedGLoSS beta: 0.01
Averaging: weight
Seed: 0
====================================================================================================
[Round 001/100] Acc=10.000 | RoundTime=23.36s | TotalTime=23.37s | Method=fedcda
[Round 002/100] Acc=10.170 | RoundTime=22.83s | TotalTime=46.20s | Method=fedcda
[Round 003/100] Acc=15.090 | RoundTime=23.46s | TotalTime=69.66s | Method=fedcda
[Round 004/100] Acc=22.090 | RoundTime=23.24s | TotalTime=92.90s | Method=fedcda
[Round 005/100] Acc=24.060 | RoundTime=22.54s | TotalTime=115.44s | Method=fedcda
[Round 006/100] Acc=32.730 | RoundTime=22.81s | TotalTime=138.26s | Method=fedcda
[Round 007/100] Acc=24.630 | RoundTime=22.92s | TotalTime=161.18s | Method=fedcda
[Round 008/100] Acc=11.310 | RoundTime=23.12s | TotalTime=184.30s | Method=fedcda
[Round 009/100] Acc=28.160 | RoundTime=23.43s | TotalTime=207.73s | Method=fedcda
[Round 010/100] Acc=29.400 | RoundTime=23.41s | TotalTime=231.14s | Method=fedcda
[Round 011/100] Acc=30.500 | RoundTime=25.61s | TotalTime=256.75s | Method=fedcda
