====================================================================================================
Training started at: 2026-03-08 10:06:30
Result directory: results/fl_cifar100/feddenoise
Result txt file : results/fl_cifar100/feddenoise/model=feddenoise_dataset=fl_cifar100_structure=homogeneity_parti=100_onlineRatio=0.1_commE=100_localE=10_bs=64_lr=0.1_alpha=0.5_drop=0.15_denoise=most_sim_noiseType=asymmetric_noiseMax=0.3_avg=weight_seed=0_20260308-100630.txt
Result log file : results/fl_cifar100/feddenoise/model=feddenoise_dataset=fl_cifar100_structure=homogeneity_parti=100_onlineRatio=0.1_commE=100_localE=10_bs=64_lr=0.1_alpha=0.5_drop=0.15_denoise=most_sim_noiseType=asymmetric_noiseMax=0.3_avg=weight_seed=0_20260308-100630.log
----------------------------------------------------------------------------------------------------
Model: feddenoise
Dataset: fl_cifar100
Structure: homogeneity
Participants: 100
Online ratio: 0.1
Communication epochs: 100
Local epoch: 10
Local batch size: 64
Local lr: 0.1
Alpha: 0.5
Drop rate: 0.15
Denoise strategy: most_sim
Noise type: asymmetric
Noise max: 0.3
Averaging: weight
Seed: 0
====================================================================================================
[Round 001/100] Acc=1.000 | Pure=85.567 | RoundTime=35.40s | TotalTime=35.40s | Method=feddenoise
[Round 002/100] Acc=2.410 | Pure=87.737 | RoundTime=36.18s | TotalTime=71.58s | Method=feddenoise
[Round 003/100] Acc=10.530 | Pure=87.869 | RoundTime=34.68s | TotalTime=106.26s | Method=feddenoise
[Round 004/100] Acc=16.280 | Pure=84.595 | RoundTime=33.99s | TotalTime=140.24s | Method=feddenoise
[Round 005/100] Acc=18.940 | Pure=87.579 | RoundTime=34.99s | TotalTime=175.23s | Method=feddenoise
[Round 006/100] Acc=20.650 | Pure=86.260 | RoundTime=35.12s | TotalTime=210.36s | Method=feddenoise
[Round 007/100] Acc=21.180 | Pure=84.271 | RoundTime=34.12s | TotalTime=244.47s | Method=feddenoise
[Round 008/100] Acc=22.860 | Pure=85.420 | RoundTime=34.67s | TotalTime=279.15s | Method=feddenoise
[Round 009/100] Acc=23.390 | Pure=82.790 | RoundTime=35.91s | TotalTime=315.06s | Method=feddenoise
[Round 010/100] Acc=24.030 | Pure=83.146 | RoundTime=35.81s | TotalTime=350.87s | Method=feddenoise
[Round 011/100] Acc=24.240 | Pure=86.785 | RoundTime=50.93s | TotalTime=401.80s | Method=feddenoise
[Round 012/100] Acc=25.270 | Pure=90.207 | RoundTime=51.16s | TotalTime=452.96s | Method=feddenoise
[Round 013/100] Acc=26.140 | Pure=89.355 | RoundTime=50.93s | TotalTime=503.88s | Method=feddenoise
[Round 014/100] Acc=26.400 | Pure=87.058 | RoundTime=52.48s | TotalTime=556.37s | Method=feddenoise
[Round 015/100] Acc=27.010 | Pure=84.863 | RoundTime=54.79s | TotalTime=611.16s | Method=feddenoise
[Round 016/100] Acc=27.740 | Pure=91.886 | RoundTime=53.73s | TotalTime=664.89s | Method=feddenoise
[Round 017/100] Acc=27.970 | Pure=89.541 | RoundTime=56.09s | TotalTime=720.98s | Method=feddenoise
[Round 018/100] Acc=28.130 | Pure=90.635 | RoundTime=55.11s | TotalTime=776.08s | Method=feddenoise
[Round 019/100] Acc=28.420 | Pure=87.694 | RoundTime=51.66s | TotalTime=827.75s | Method=feddenoise
[Round 020/100] Acc=30.050 | Pure=88.837 | RoundTime=53.00s | TotalTime=880.75s | Method=feddenoise
[Round 021/100] Acc=29.850 | Pure=90.584 | RoundTime=54.01s | TotalTime=934.76s | Method=feddenoise
[Round 022/100] Acc=29.640 | Pure=88.348 | RoundTime=52.27s | TotalTime=987.03s | Method=feddenoise
[Round 023/100] Acc=30.780 | Pure=88.998 | RoundTime=52.60s | TotalTime=1039.64s | Method=feddenoise
[Round 024/100] Acc=30.290 | Pure=86.405 | RoundTime=52.97s | TotalTime=1092.61s | Method=feddenoise
[Round 025/100] Acc=30.730 | Pure=89.502 | RoundTime=51.85s | TotalTime=1144.46s | Method=feddenoise
[Round 026/100] Acc=30.540 | Pure=87.696 | RoundTime=52.08s | TotalTime=1196.54s | Method=feddenoise
[Round 027/100] Acc=31.750 | Pure=90.140 | RoundTime=52.71s | TotalTime=1249.25s | Method=feddenoise
[Round 028/100] Acc=31.600 | Pure=89.540 | RoundTime=51.54s | TotalTime=1300.79s | Method=feddenoise
[Round 029/100] Acc=31.630 | Pure=90.232 | RoundTime=51.37s | TotalTime=1352.16s | Method=feddenoise
[Round 030/100] Acc=31.860 | Pure=88.716 | RoundTime=55.74s | TotalTime=1407.90s | Method=feddenoise
[Round 031/100] Acc=32.280 | Pure=90.954 | RoundTime=52.01s | TotalTime=1459.91s | Method=feddenoise
[Round 032/100] Acc=31.380 | Pure=87.712 | RoundTime=52.24s | TotalTime=1512.15s | Method=feddenoise
[Round 033/100] Acc=32.680 | Pure=91.548 | RoundTime=51.70s | TotalTime=1563.84s | Method=feddenoise
[Round 034/100] Acc=33.060 | Pure=88.828 | RoundTime=54.19s | TotalTime=1618.04s | Method=feddenoise
[Round 035/100] Acc=32.490 | Pure=84.187 | RoundTime=52.78s | TotalTime=1670.82s | Method=feddenoise
[Round 036/100] Acc=33.200 | Pure=89.522 | RoundTime=51.45s | TotalTime=1722.27s | Method=feddenoise
[Round 037/100] Acc=33.330 | Pure=88.393 | RoundTime=51.20s | TotalTime=1773.47s | Method=feddenoise
[Round 038/100] Acc=32.760 | Pure=86.067 | RoundTime=51.35s | TotalTime=1824.82s | Method=feddenoise
[Round 039/100] Acc=33.250 | Pure=86.684 | RoundTime=52.34s | TotalTime=1877.16s | Method=feddenoise
[Round 040/100] Acc=33.690 | Pure=89.994 | RoundTime=53.41s | TotalTime=1930.57s | Method=feddenoise
[Round 041/100] Acc=34.130 | Pure=91.752 | RoundTime=52.51s | TotalTime=1983.08s | Method=feddenoise
[Round 042/100] Acc=33.970 | Pure=90.485 | RoundTime=53.11s | TotalTime=2036.19s | Method=feddenoise
[Round 043/100] Acc=33.680 | Pure=89.352 | RoundTime=50.70s | TotalTime=2086.89s | Method=feddenoise
[Round 044/100] Acc=34.310 | Pure=91.730 | RoundTime=52.46s | TotalTime=2139.35s | Method=feddenoise
[Round 045/100] Acc=35.370 | Pure=92.101 | RoundTime=54.06s | TotalTime=2193.41s | Method=feddenoise
[Round 046/100] Acc=35.320 | Pure=92.822 | RoundTime=52.80s | TotalTime=2246.21s | Method=feddenoise
[Round 047/100] Acc=34.310 | Pure=85.915 | RoundTime=51.62s | TotalTime=2297.83s | Method=feddenoise
[Round 048/100] Acc=34.950 | Pure=89.383 | RoundTime=52.37s | TotalTime=2350.20s | Method=feddenoise
[Round 049/100] Acc=35.110 | Pure=92.561 | RoundTime=53.15s | TotalTime=2403.34s | Method=feddenoise
[Round 050/100] Acc=34.760 | Pure=89.280 | RoundTime=51.16s | TotalTime=2454.51s | Method=feddenoise
[Round 051/100] Acc=35.470 | Pure=89.146 | RoundTime=51.72s | TotalTime=2506.23s | Method=feddenoise
[Round 052/100] Acc=34.980 | Pure=88.829 | RoundTime=51.46s | TotalTime=2557.69s | Method=feddenoise
[Round 053/100] Acc=35.070 | Pure=88.950 | RoundTime=51.36s | TotalTime=2609.05s | Method=feddenoise
[Round 054/100] Acc=35.650 | Pure=88.645 | RoundTime=53.07s | TotalTime=2662.12s | Method=feddenoise
[Round 055/100] Acc=35.520 | Pure=89.719 | RoundTime=52.31s | TotalTime=2714.43s | Method=feddenoise
[Round 056/100] Acc=35.780 | Pure=88.874 | RoundTime=52.07s | TotalTime=2766.50s | Method=feddenoise
[Round 057/100] Acc=35.940 | Pure=89.249 | RoundTime=51.73s | TotalTime=2818.23s | Method=feddenoise
[Round 058/100] Acc=35.900 | Pure=90.326 | RoundTime=52.36s | TotalTime=2870.59s | Method=feddenoise
[Round 059/100] Acc=35.620 | Pure=86.758 | RoundTime=53.46s | TotalTime=2924.05s | Method=feddenoise
[Round 060/100] Acc=35.330 | Pure=87.593 | RoundTime=51.71s | TotalTime=2975.76s | Method=feddenoise
[Round 061/100] Acc=35.730 | Pure=87.068 | RoundTime=53.28s | TotalTime=3029.05s | Method=feddenoise
[Round 062/100] Acc=36.100 | Pure=94.410 | RoundTime=52.62s | TotalTime=3081.67s | Method=feddenoise
[Round 063/100] Acc=36.790 | Pure=92.599 | RoundTime=52.28s | TotalTime=3133.95s | Method=feddenoise
[Round 064/100] Acc=36.600 | Pure=94.182 | RoundTime=53.33s | TotalTime=3187.29s | Method=feddenoise
[Round 065/100] Acc=36.350 | Pure=92.694 | RoundTime=54.12s | TotalTime=3241.41s | Method=feddenoise
[Round 066/100] Acc=36.960 | Pure=91.234 | RoundTime=53.95s | TotalTime=3295.36s | Method=feddenoise
[Round 067/100] Acc=37.050 | Pure=92.001 | RoundTime=54.33s | TotalTime=3349.68s | Method=feddenoise
[Round 068/100] Acc=37.850 | Pure=91.155 | RoundTime=53.03s | TotalTime=3402.71s | Method=feddenoise
[Round 069/100] Acc=37.200 | Pure=90.753 | RoundTime=51.16s | TotalTime=3453.87s | Method=feddenoise
[Round 070/100] Acc=36.940 | Pure=90.052 | RoundTime=51.07s | TotalTime=3504.94s | Method=feddenoise
[Round 071/100] Acc=37.260 | Pure=88.247 | RoundTime=52.51s | TotalTime=3557.45s | Method=feddenoise
[Round 072/100] Acc=36.550 | Pure=91.644 | RoundTime=51.91s | TotalTime=3609.37s | Method=feddenoise
[Round 073/100] Acc=36.720 | Pure=87.908 | RoundTime=52.40s | TotalTime=3661.76s | Method=feddenoise
[Round 074/100] Acc=37.240 | Pure=88.068 | RoundTime=53.70s | TotalTime=3715.46s | Method=feddenoise
[Round 075/100] Acc=36.570 | Pure=88.242 | RoundTime=53.07s | TotalTime=3768.54s | Method=feddenoise
[Round 076/100] Acc=36.990 | Pure=92.007 | RoundTime=52.07s | TotalTime=3820.61s | Method=feddenoise
[Round 077/100] Acc=37.000 | Pure=92.250 | RoundTime=52.01s | TotalTime=3872.63s | Method=feddenoise
[Round 078/100] Acc=36.690 | Pure=88.549 | RoundTime=51.13s | TotalTime=3923.75s | Method=feddenoise
[Round 079/100] Acc=36.950 | Pure=89.748 | RoundTime=51.28s | TotalTime=3975.03s | Method=feddenoise
[Round 080/100] Acc=36.830 | Pure=90.722 | RoundTime=51.66s | TotalTime=4026.69s | Method=feddenoise
[Round 081/100] Acc=36.960 | Pure=91.359 | RoundTime=52.37s | TotalTime=4079.06s | Method=feddenoise
[Round 082/100] Acc=36.640 | Pure=87.765 | RoundTime=53.45s | TotalTime=4132.51s | Method=feddenoise
[Round 083/100] Acc=37.350 | Pure=91.646 | RoundTime=51.70s | TotalTime=4184.21s | Method=feddenoise
[Round 084/100] Acc=37.120 | Pure=89.778 | RoundTime=52.05s | TotalTime=4236.26s | Method=feddenoise
[Round 085/100] Acc=37.040 | Pure=90.549 | RoundTime=51.46s | TotalTime=4287.72s | Method=feddenoise
[Round 086/100] Acc=38.240 | Pure=95.091 | RoundTime=54.25s | TotalTime=4341.97s | Method=feddenoise
[Round 087/100] Acc=36.830 | Pure=87.324 | RoundTime=51.63s | TotalTime=4393.61s | Method=feddenoise
[Round 088/100] Acc=37.240 | Pure=88.903 | RoundTime=52.11s | TotalTime=4445.71s | Method=feddenoise
[Round 089/100] Acc=36.980 | Pure=89.065 | RoundTime=52.22s | TotalTime=4497.93s | Method=feddenoise
[Round 090/100] Acc=37.120 | Pure=88.765 | RoundTime=51.67s | TotalTime=4549.59s | Method=feddenoise
[Round 091/100] Acc=37.370 | Pure=88.272 | RoundTime=52.87s | TotalTime=4602.46s | Method=feddenoise
[Round 092/100] Acc=37.800 | Pure=88.083 | RoundTime=53.03s | TotalTime=4655.49s | Method=feddenoise
[Round 093/100] Acc=36.990 | Pure=87.620 | RoundTime=53.26s | TotalTime=4708.75s | Method=feddenoise
[Round 094/100] Acc=37.010 | Pure=90.477 | RoundTime=52.76s | TotalTime=4761.51s | Method=feddenoise
[Round 095/100] Acc=37.810 | Pure=92.983 | RoundTime=53.44s | TotalTime=4814.96s | Method=feddenoise
[Round 096/100] Acc=37.910 | Pure=89.963 | RoundTime=53.76s | TotalTime=4868.71s | Method=feddenoise
[Round 097/100] Acc=38.610 | Pure=93.072 | RoundTime=52.77s | TotalTime=4921.49s | Method=feddenoise
[Round 098/100] Acc=37.730 | Pure=90.798 | RoundTime=51.96s | TotalTime=4973.44s | Method=feddenoise
[Round 099/100] Acc=38.430 | Pure=90.198 | RoundTime=52.01s | TotalTime=5025.46s | Method=feddenoise
[Round 100/100] Acc=38.270 | Pure=89.915 | RoundTime=44.78s | TotalTime=5070.24s | Method=feddenoise
====================================================================================================
Training finished at: 2026-03-08 11:31:00
Total elapsed time: 5070.24s
Final Acc: 38.270
Best Acc : 38.610
Final Pure: 89.915
Best Pure : 95.091
====================================================================================================
