====================================================================================================
Training started at: 2026-03-30 10:05:09
Result directory: results/fl_cifar10/fedcda/pm-dir_a-0.1_nm-uni_nr-0.4_nt-symmetric_st-least_sim_dr-0.2
Result txt file : results/fl_cifar10/fedcda/pm-dir_a-0.1_nm-uni_nr-0.4_nt-symmetric_st-least_sim_dr-0.2/fedcda_fl_cifar10_20260330-100509-737393_pid1623928.txt
Result log file : results/fl_cifar10/fedcda/pm-dir_a-0.1_nm-uni_nr-0.4_nt-symmetric_st-least_sim_dr-0.2/fedcda_fl_cifar10_20260330-100509-737393_pid1623928.log
----------------------------------------------------------------------------------------------------
Model: fedcda
Dataset: fl_cifar10
Structure: homogeneity
Participants: 100
Online ratio: 0.1
Communication epochs: 100
Local epoch: 10
Local batch size: 48
Local lr: 0.01
Partition mode: dirichlet
Dirichlet alpha: 0.1
Noise mode: uniform
Noise rate: 0.4
Noise type: symmetric
Noise max: 0.3
Denoise score alpha: 0.5
Drop rate: 0.2
Denoise strategy: least_sim
FedProx mu: 0.01
FedRDN std: 0.01
FedCDA history size: NA
FedGLoSS beta: 0.01
Averaging: weight
Seed: 0
====================================================================================================
[Round 001/100] Acc=10.000 | RoundTime=24.60s | TotalTime=24.60s | Method=fedcda
[Round 002/100] Acc=10.000 | RoundTime=24.24s | TotalTime=48.84s | Method=fedcda
[Round 003/100] Acc=12.570 | RoundTime=24.48s | TotalTime=73.32s | Method=fedcda
[Round 004/100] Acc=18.270 | RoundTime=24.43s | TotalTime=97.75s | Method=fedcda
[Round 005/100] Acc=18.240 | RoundTime=24.30s | TotalTime=122.05s | Method=fedcda
[Round 006/100] Acc=23.250 | RoundTime=24.16s | TotalTime=146.22s | Method=fedcda
[Round 007/100] Acc=23.070 | RoundTime=24.57s | TotalTime=170.79s | Method=fedcda
[Round 008/100] Acc=26.240 | RoundTime=24.44s | TotalTime=195.23s | Method=fedcda
[Round 009/100] Acc=16.750 | RoundTime=24.62s | TotalTime=219.86s | Method=fedcda
[Round 010/100] Acc=21.080 | RoundTime=24.44s | TotalTime=244.30s | Method=fedcda
[Round 011/100] Acc=20.030 | RoundTime=26.70s | TotalTime=271.00s | Method=fedcda
[Round 012/100] Acc=17.500 | RoundTime=24.52s | TotalTime=295.53s | Method=fedcda
