====================================================================================================
Training started at: 2026-04-01 11:08:06
Result directory: results/fl_svhn/feddenoise_v2/pm-dir_a-0.1_nm-uni_nr-0.3_nt-symmetric_st-least_sim_dr-0.4
Result txt file : results/fl_svhn/feddenoise_v2/pm-dir_a-0.1_nm-uni_nr-0.3_nt-symmetric_st-least_sim_dr-0.4/feddenoise_v2_fl_svhn_20260401-110806-683402_pid566673.txt
Result log file : results/fl_svhn/feddenoise_v2/pm-dir_a-0.1_nm-uni_nr-0.3_nt-symmetric_st-least_sim_dr-0.4/feddenoise_v2_fl_svhn_20260401-110806-683402_pid566673.log
----------------------------------------------------------------------------------------------------
Model: feddenoise_v2
Dataset: fl_svhn
Structure: homogeneity
Participants: 100
Online ratio: 0.1
Communication epochs: 100
Local epoch: 10
Local batch size: 32
Local lr: 0.01
Partition mode: dirichlet
Dirichlet alpha: 0.1
Noise mode: uniform
Noise rate: 0.3
Noise type: symmetric
Noise max: 0.3
Denoise score alpha: 0.5
Drop rate: 0.4
Denoise strategy: least_sim
FedProx mu: 0.01
FedRDN std: 0.01
FedCDA history size: NA
FedGLoSS beta: 0.01
Averaging: weight
Seed: 0
====================================================================================================
[Round 001/100] Acc=7.590 | Pure=70.093 | RoundTime=30.61s | TotalTime=30.61s | Method=feddenoise_v2
[Round 002/100] Acc=15.940 | Pure=70.103 | RoundTime=29.68s | TotalTime=60.30s | Method=feddenoise_v2
[Round 003/100] Acc=25.130 | Pure=70.113 | RoundTime=31.23s | TotalTime=91.52s | Method=feddenoise_v2
[Round 004/100] Acc=41.170 | Pure=70.113 | RoundTime=31.23s | TotalTime=122.75s | Method=feddenoise_v2
[Round 005/100] Acc=47.170 | Pure=70.095 | RoundTime=30.42s | TotalTime=153.17s | Method=feddenoise_v2
[Round 006/100] Acc=41.610 | Pure=70.100 | RoundTime=31.46s | TotalTime=184.63s | Method=feddenoise_v2
[Round 007/100] Acc=42.430 | Pure=70.080 | RoundTime=29.61s | TotalTime=214.24s | Method=feddenoise_v2
[Round 008/100] Acc=56.750 | Pure=70.104 | RoundTime=31.13s | TotalTime=245.37s | Method=feddenoise_v2
[Round 009/100] Acc=53.260 | Pure=70.114 | RoundTime=32.00s | TotalTime=277.37s | Method=feddenoise_v2
[Round 010/100] Acc=50.320 | Pure=70.112 | RoundTime=31.10s | TotalTime=308.47s | Method=feddenoise_v2
[Round 011/100] Acc=58.690 | Pure=82.672 | RoundTime=70.09s | TotalTime=378.56s | Method=feddenoise_v2
[Round 012/100] Acc=60.040 | Pure=85.113 | RoundTime=66.80s | TotalTime=445.35s | Method=feddenoise_v2
[Round 013/100] Acc=60.010 | Pure=86.351 | RoundTime=68.88s | TotalTime=514.23s | Method=feddenoise_v2
[Round 014/100] Acc=64.980 | Pure=82.084 | RoundTime=66.95s | TotalTime=581.18s | Method=feddenoise_v2
[Round 015/100] Acc=66.330 | Pure=85.732 | RoundTime=68.82s | TotalTime=650.00s | Method=feddenoise_v2
[Round 016/100] Acc=65.510 | Pure=84.350 | RoundTime=67.36s | TotalTime=717.36s | Method=feddenoise_v2
[Round 017/100] Acc=62.430 | Pure=87.029 | RoundTime=66.41s | TotalTime=783.77s | Method=feddenoise_v2
[Round 018/100] Acc=61.550 | Pure=84.032 | RoundTime=67.89s | TotalTime=851.66s | Method=feddenoise_v2
[Round 019/100] Acc=66.220 | Pure=85.583 | RoundTime=66.69s | TotalTime=918.35s | Method=feddenoise_v2
[Round 020/100] Acc=65.470 | Pure=86.427 | RoundTime=67.26s | TotalTime=985.60s | Method=feddenoise_v2
[Round 021/100] Acc=71.290 | Pure=85.523 | RoundTime=59.29s | TotalTime=1044.90s | Method=feddenoise_v2
[Round 022/100] Acc=71.540 | Pure=90.883 | RoundTime=57.79s | TotalTime=1102.69s | Method=feddenoise_v2
[Round 023/100] Acc=69.920 | Pure=89.486 | RoundTime=58.00s | TotalTime=1160.70s | Method=feddenoise_v2
[Round 024/100] Acc=71.840 | Pure=90.244 | RoundTime=59.78s | TotalTime=1220.47s | Method=feddenoise_v2
[Round 025/100] Acc=72.950 | Pure=88.257 | RoundTime=57.13s | TotalTime=1277.61s | Method=feddenoise_v2
[Round 026/100] Acc=68.650 | Pure=87.627 | RoundTime=57.38s | TotalTime=1334.99s | Method=feddenoise_v2
[Round 027/100] Acc=69.260 | Pure=87.935 | RoundTime=57.01s | TotalTime=1392.00s | Method=feddenoise_v2
[Round 028/100] Acc=70.640 | Pure=86.041 | RoundTime=57.72s | TotalTime=1449.72s | Method=feddenoise_v2
[Round 029/100] Acc=69.100 | Pure=93.038 | RoundTime=57.86s | TotalTime=1507.58s | Method=feddenoise_v2
[Round 030/100] Acc=72.070 | Pure=90.808 | RoundTime=59.51s | TotalTime=1567.09s | Method=feddenoise_v2
[Round 031/100] Acc=72.910 | Pure=92.641 | RoundTime=53.69s | TotalTime=1620.78s | Method=feddenoise_v2
[Round 032/100] Acc=73.330 | Pure=92.016 | RoundTime=49.75s | TotalTime=1670.53s | Method=feddenoise_v2
[Round 033/100] Acc=70.540 | Pure=90.567 | RoundTime=50.00s | TotalTime=1720.52s | Method=feddenoise_v2
[Round 034/100] Acc=73.080 | Pure=92.057 | RoundTime=50.86s | TotalTime=1771.39s | Method=feddenoise_v2
[Round 035/100] Acc=70.960 | Pure=90.544 | RoundTime=51.03s | TotalTime=1822.42s | Method=feddenoise_v2
[Round 036/100] Acc=71.700 | Pure=89.810 | RoundTime=52.16s | TotalTime=1874.58s | Method=feddenoise_v2
[Round 037/100] Acc=72.500 | Pure=91.991 | RoundTime=51.74s | TotalTime=1926.32s | Method=feddenoise_v2
[Round 038/100] Acc=73.430 | Pure=91.490 | RoundTime=49.52s | TotalTime=1975.84s | Method=feddenoise_v2
[Round 039/100] Acc=68.890 | Pure=92.442 | RoundTime=49.82s | TotalTime=2025.66s | Method=feddenoise_v2
[Round 040/100] Acc=73.970 | Pure=91.919 | RoundTime=49.26s | TotalTime=2074.92s | Method=feddenoise_v2
[Round 041/100] Acc=70.800 | Pure=86.077 | RoundTime=44.27s | TotalTime=2119.19s | Method=feddenoise_v2
[Round 042/100] Acc=73.910 | Pure=84.368 | RoundTime=39.79s | TotalTime=2158.98s | Method=feddenoise_v2
[Round 043/100] Acc=69.220 | Pure=87.073 | RoundTime=40.38s | TotalTime=2199.35s | Method=feddenoise_v2
[Round 044/100] Acc=70.470 | Pure=86.212 | RoundTime=40.52s | TotalTime=2239.87s | Method=feddenoise_v2
[Round 045/100] Acc=72.500 | Pure=86.228 | RoundTime=41.02s | TotalTime=2280.89s | Method=feddenoise_v2
[Round 046/100] Acc=73.610 | Pure=87.455 | RoundTime=41.36s | TotalTime=2322.24s | Method=feddenoise_v2
[Round 047/100] Acc=74.930 | Pure=83.856 | RoundTime=40.36s | TotalTime=2362.61s | Method=feddenoise_v2
[Round 048/100] Acc=73.960 | Pure=85.338 | RoundTime=40.56s | TotalTime=2403.16s | Method=feddenoise_v2
[Round 049/100] Acc=69.990 | Pure=87.967 | RoundTime=40.65s | TotalTime=2443.82s | Method=feddenoise_v2
[Round 050/100] Acc=71.700 | Pure=87.189 | RoundTime=40.18s | TotalTime=2484.00s | Method=feddenoise_v2
[Round 051/100] Acc=73.320 | Pure=86.113 | RoundTime=40.94s | TotalTime=2524.94s | Method=feddenoise_v2
[Round 052/100] Acc=73.590 | Pure=86.037 | RoundTime=40.18s | TotalTime=2565.11s | Method=feddenoise_v2
[Round 053/100] Acc=73.360 | Pure=87.196 | RoundTime=40.03s | TotalTime=2605.14s | Method=feddenoise_v2
[Round 054/100] Acc=72.780 | Pure=87.554 | RoundTime=43.75s | TotalTime=2648.89s | Method=feddenoise_v2
[Round 055/100] Acc=73.380 | Pure=89.071 | RoundTime=43.72s | TotalTime=2692.62s | Method=feddenoise_v2
[Round 056/100] Acc=76.890 | Pure=86.649 | RoundTime=45.08s | TotalTime=2737.70s | Method=feddenoise_v2
[Round 057/100] Acc=73.560 | Pure=88.469 | RoundTime=43.71s | TotalTime=2781.41s | Method=feddenoise_v2
[Round 058/100] Acc=76.980 | Pure=87.584 | RoundTime=42.94s | TotalTime=2824.35s | Method=feddenoise_v2
[Round 059/100] Acc=74.220 | Pure=88.814 | RoundTime=43.90s | TotalTime=2868.25s | Method=feddenoise_v2
[Round 060/100] Acc=75.090 | Pure=87.476 | RoundTime=43.30s | TotalTime=2911.55s | Method=feddenoise_v2
[Round 061/100] Acc=72.530 | Pure=88.550 | RoundTime=41.91s | TotalTime=2953.46s | Method=feddenoise_v2
[Round 062/100] Acc=74.300 | Pure=88.901 | RoundTime=40.34s | TotalTime=2993.79s | Method=feddenoise_v2
[Round 063/100] Acc=74.170 | Pure=87.797 | RoundTime=39.54s | TotalTime=3033.33s | Method=feddenoise_v2
[Round 064/100] Acc=73.460 | Pure=85.800 | RoundTime=40.46s | TotalTime=3073.79s | Method=feddenoise_v2
[Round 065/100] Acc=72.920 | Pure=87.058 | RoundTime=40.03s | TotalTime=3113.81s | Method=feddenoise_v2
[Round 066/100] Acc=74.570 | Pure=85.766 | RoundTime=42.08s | TotalTime=3155.89s | Method=feddenoise_v2
[Round 067/100] Acc=76.290 | Pure=88.212 | RoundTime=39.64s | TotalTime=3195.53s | Method=feddenoise_v2
[Round 068/100] Acc=72.210 | Pure=88.791 | RoundTime=40.99s | TotalTime=3236.52s | Method=feddenoise_v2
[Round 069/100] Acc=72.090 | Pure=90.534 | RoundTime=40.99s | TotalTime=3277.50s | Method=feddenoise_v2
[Round 070/100] Acc=72.790 | Pure=86.426 | RoundTime=39.62s | TotalTime=3317.13s | Method=feddenoise_v2
[Round 071/100] Acc=69.610 | Pure=86.112 | RoundTime=41.96s | TotalTime=3359.08s | Method=feddenoise_v2
[Round 072/100] Acc=69.950 | Pure=86.433 | RoundTime=40.51s | TotalTime=3399.60s | Method=feddenoise_v2
[Round 073/100] Acc=71.360 | Pure=85.665 | RoundTime=40.85s | TotalTime=3440.45s | Method=feddenoise_v2
[Round 074/100] Acc=70.060 | Pure=87.416 | RoundTime=40.03s | TotalTime=3480.47s | Method=feddenoise_v2
[Round 075/100] Acc=72.720 | Pure=87.677 | RoundTime=41.89s | TotalTime=3522.36s | Method=feddenoise_v2
[Round 076/100] Acc=71.140 | Pure=89.083 | RoundTime=43.18s | TotalTime=3565.54s | Method=feddenoise_v2
[Round 077/100] Acc=74.400 | Pure=85.241 | RoundTime=43.49s | TotalTime=3609.03s | Method=feddenoise_v2
[Round 078/100] Acc=73.330 | Pure=86.544 | RoundTime=43.27s | TotalTime=3652.30s | Method=feddenoise_v2
[Round 079/100] Acc=73.120 | Pure=86.336 | RoundTime=42.51s | TotalTime=3694.82s | Method=feddenoise_v2
[Round 080/100] Acc=72.400 | Pure=87.597 | RoundTime=42.90s | TotalTime=3737.71s | Method=feddenoise_v2
[Round 081/100] Acc=72.320 | Pure=85.006 | RoundTime=41.92s | TotalTime=3779.63s | Method=feddenoise_v2
[Round 082/100] Acc=70.690 | Pure=88.077 | RoundTime=42.76s | TotalTime=3822.39s | Method=feddenoise_v2
[Round 083/100] Acc=74.110 | Pure=86.453 | RoundTime=42.32s | TotalTime=3864.71s | Method=feddenoise_v2
[Round 084/100] Acc=74.960 | Pure=87.169 | RoundTime=42.74s | TotalTime=3907.45s | Method=feddenoise_v2
[Round 085/100] Acc=74.200 | Pure=88.081 | RoundTime=43.19s | TotalTime=3950.64s | Method=feddenoise_v2
[Round 086/100] Acc=76.890 | Pure=86.059 | RoundTime=43.23s | TotalTime=3993.87s | Method=feddenoise_v2
[Round 087/100] Acc=71.590 | Pure=85.696 | RoundTime=41.80s | TotalTime=4035.67s | Method=feddenoise_v2
[Round 088/100] Acc=73.820 | Pure=87.028 | RoundTime=40.85s | TotalTime=4076.52s | Method=feddenoise_v2
[Round 089/100] Acc=74.150 | Pure=87.207 | RoundTime=41.88s | TotalTime=4118.41s | Method=feddenoise_v2
[Round 090/100] Acc=75.740 | Pure=86.410 | RoundTime=40.94s | TotalTime=4159.35s | Method=feddenoise_v2
[Round 091/100] Acc=72.960 | Pure=88.833 | RoundTime=39.94s | TotalTime=4199.29s | Method=feddenoise_v2
[Round 092/100] Acc=76.520 | Pure=89.588 | RoundTime=40.38s | TotalTime=4239.67s | Method=feddenoise_v2
[Round 093/100] Acc=74.850 | Pure=86.104 | RoundTime=39.80s | TotalTime=4279.48s | Method=feddenoise_v2
[Round 094/100] Acc=73.160 | Pure=88.111 | RoundTime=41.26s | TotalTime=4320.73s | Method=feddenoise_v2
[Round 095/100] Acc=72.260 | Pure=90.537 | RoundTime=41.95s | TotalTime=4362.69s | Method=feddenoise_v2
[Round 096/100] Acc=75.810 | Pure=86.873 | RoundTime=42.84s | TotalTime=4405.53s | Method=feddenoise_v2
[Round 097/100] Acc=74.600 | Pure=88.094 | RoundTime=42.26s | TotalTime=4447.79s | Method=feddenoise_v2
[Round 098/100] Acc=74.670 | Pure=88.685 | RoundTime=41.74s | TotalTime=4489.53s | Method=feddenoise_v2
[Round 099/100] Acc=73.840 | Pure=89.599 | RoundTime=44.54s | TotalTime=4534.07s | Method=feddenoise_v2
[Round 100/100] Acc=73.020 | Pure=88.060 | RoundTime=43.63s | TotalTime=4577.70s | Method=feddenoise_v2
====================================================================================================
Training finished at: 2026-04-01 12:24:24
Total elapsed time: 4577.70s
Final Acc: 73.020
Best Acc : 76.980
Final Pure: 88.060
Best Pure : 93.038
====================================================================================================
