====================================================================================================
Training started at: 2026-04-01 11:45:07
Result directory: results/fl_cifar100/feddenoise_v2/pm-dir_a-0.3_nm-uni_nr-0.3_nt-symmetric_st-least_sim_dr-0.3
Result txt file : results/fl_cifar100/feddenoise_v2/pm-dir_a-0.3_nm-uni_nr-0.3_nt-symmetric_st-least_sim_dr-0.3/feddenoise_v2_fl_cifar100_20260401-114507-417011_pid953972.txt
Result log file : results/fl_cifar100/feddenoise_v2/pm-dir_a-0.3_nm-uni_nr-0.3_nt-symmetric_st-least_sim_dr-0.3/feddenoise_v2_fl_cifar100_20260401-114507-417011_pid953972.log
----------------------------------------------------------------------------------------------------
Model: feddenoise_v2
Dataset: fl_cifar100
Structure: homogeneity
Participants: 100
Online ratio: 0.1
Communication epochs: 100
Local epoch: 10
Local batch size: 32
Local lr: 0.1
Partition mode: dirichlet
Dirichlet alpha: 0.3
Noise mode: uniform
Noise rate: 0.3
Noise type: symmetric
Noise max: 0.3
Denoise score alpha: 0.5
Drop rate: 0.3
Denoise strategy: least_sim
FedProx mu: 0.01
FedRDN std: 0.01
FedCDA history size: NA
FedGLoSS beta: 0.01
Averaging: weight
Seed: 0
====================================================================================================
[Round 001/100] Acc=1.000 | Pure=70.020 | RoundTime=23.03s | TotalTime=23.03s | Method=feddenoise_v2
[Round 002/100] Acc=1.000 | Pure=69.989 | RoundTime=22.93s | TotalTime=45.96s | Method=feddenoise_v2
[Round 003/100] Acc=2.850 | Pure=70.021 | RoundTime=22.87s | TotalTime=68.83s | Method=feddenoise_v2
[Round 004/100] Acc=6.740 | Pure=69.995 | RoundTime=23.79s | TotalTime=92.62s | Method=feddenoise_v2
[Round 005/100] Acc=8.780 | Pure=69.958 | RoundTime=23.30s | TotalTime=115.92s | Method=feddenoise_v2
[Round 006/100] Acc=9.470 | Pure=70.025 | RoundTime=25.04s | TotalTime=140.96s | Method=feddenoise_v2
[Round 007/100] Acc=10.470 | Pure=70.036 | RoundTime=32.48s | TotalTime=173.44s | Method=feddenoise_v2
[Round 008/100] Acc=11.040 | Pure=70.011 | RoundTime=24.30s | TotalTime=197.74s | Method=feddenoise_v2
[Round 009/100] Acc=12.630 | Pure=70.025 | RoundTime=24.50s | TotalTime=222.24s | Method=feddenoise_v2
[Round 010/100] Acc=13.530 | Pure=70.030 | RoundTime=25.28s | TotalTime=247.52s | Method=feddenoise_v2
[Round 011/100] Acc=13.850 | Pure=80.260 | RoundTime=51.59s | TotalTime=299.11s | Method=feddenoise_v2
[Round 012/100] Acc=15.000 | Pure=79.793 | RoundTime=51.30s | TotalTime=350.41s | Method=feddenoise_v2
[Round 013/100] Acc=15.990 | Pure=80.309 | RoundTime=50.93s | TotalTime=401.34s | Method=feddenoise_v2
[Round 014/100] Acc=17.480 | Pure=79.606 | RoundTime=50.04s | TotalTime=451.38s | Method=feddenoise_v2
[Round 015/100] Acc=17.920 | Pure=79.490 | RoundTime=49.86s | TotalTime=501.24s | Method=feddenoise_v2
[Round 016/100] Acc=18.760 | Pure=78.931 | RoundTime=53.01s | TotalTime=554.25s | Method=feddenoise_v2
[Round 017/100] Acc=19.630 | Pure=79.171 | RoundTime=50.88s | TotalTime=605.13s | Method=feddenoise_v2
[Round 018/100] Acc=19.050 | Pure=80.339 | RoundTime=51.66s | TotalTime=656.79s | Method=feddenoise_v2
[Round 019/100] Acc=20.430 | Pure=79.897 | RoundTime=52.11s | TotalTime=708.89s | Method=feddenoise_v2
[Round 020/100] Acc=20.960 | Pure=80.072 | RoundTime=50.75s | TotalTime=759.64s | Method=feddenoise_v2
[Round 021/100] Acc=20.570 | Pure=81.268 | RoundTime=44.87s | TotalTime=804.50s | Method=feddenoise_v2
[Round 022/100] Acc=21.200 | Pure=81.206 | RoundTime=43.93s | TotalTime=848.43s | Method=feddenoise_v2
[Round 023/100] Acc=21.280 | Pure=82.149 | RoundTime=44.64s | TotalTime=893.08s | Method=feddenoise_v2
[Round 024/100] Acc=21.260 | Pure=81.596 | RoundTime=44.33s | TotalTime=937.41s | Method=feddenoise_v2
[Round 025/100] Acc=22.230 | Pure=81.678 | RoundTime=45.57s | TotalTime=982.97s | Method=feddenoise_v2
[Round 026/100] Acc=22.550 | Pure=81.313 | RoundTime=45.31s | TotalTime=1028.28s | Method=feddenoise_v2
[Round 027/100] Acc=22.560 | Pure=81.248 | RoundTime=46.15s | TotalTime=1074.43s | Method=feddenoise_v2
[Round 028/100] Acc=23.680 | Pure=80.630 | RoundTime=46.05s | TotalTime=1120.48s | Method=feddenoise_v2
[Round 029/100] Acc=23.490 | Pure=82.233 | RoundTime=46.07s | TotalTime=1166.55s | Method=feddenoise_v2
[Round 030/100] Acc=23.560 | Pure=82.038 | RoundTime=43.87s | TotalTime=1210.42s | Method=feddenoise_v2
[Round 031/100] Acc=23.790 | Pure=80.672 | RoundTime=38.30s | TotalTime=1248.72s | Method=feddenoise_v2
[Round 032/100] Acc=23.470 | Pure=81.881 | RoundTime=37.54s | TotalTime=1286.26s | Method=feddenoise_v2
[Round 033/100] Acc=24.080 | Pure=81.272 | RoundTime=38.81s | TotalTime=1325.07s | Method=feddenoise_v2
[Round 034/100] Acc=24.660 | Pure=81.466 | RoundTime=38.38s | TotalTime=1363.45s | Method=feddenoise_v2
[Round 035/100] Acc=25.080 | Pure=80.982 | RoundTime=37.65s | TotalTime=1401.10s | Method=feddenoise_v2
[Round 036/100] Acc=24.990 | Pure=80.669 | RoundTime=39.65s | TotalTime=1440.76s | Method=feddenoise_v2
[Round 037/100] Acc=25.170 | Pure=81.207 | RoundTime=38.16s | TotalTime=1478.92s | Method=feddenoise_v2
[Round 038/100] Acc=25.520 | Pure=81.217 | RoundTime=39.18s | TotalTime=1518.10s | Method=feddenoise_v2
[Round 039/100] Acc=25.960 | Pure=81.027 | RoundTime=37.99s | TotalTime=1556.09s | Method=feddenoise_v2
[Round 040/100] Acc=26.480 | Pure=81.574 | RoundTime=36.75s | TotalTime=1592.84s | Method=feddenoise_v2
[Round 041/100] Acc=26.470 | Pure=79.812 | RoundTime=31.16s | TotalTime=1624.01s | Method=feddenoise_v2
[Round 042/100] Acc=25.910 | Pure=79.283 | RoundTime=32.21s | TotalTime=1656.22s | Method=feddenoise_v2
[Round 043/100] Acc=25.920 | Pure=80.639 | RoundTime=31.72s | TotalTime=1687.94s | Method=feddenoise_v2
[Round 044/100] Acc=26.170 | Pure=79.960 | RoundTime=31.55s | TotalTime=1719.49s | Method=feddenoise_v2
[Round 045/100] Acc=27.010 | Pure=81.045 | RoundTime=31.41s | TotalTime=1750.90s | Method=feddenoise_v2
[Round 046/100] Acc=26.160 | Pure=79.916 | RoundTime=31.66s | TotalTime=1782.57s | Method=feddenoise_v2
[Round 047/100] Acc=26.370 | Pure=79.621 | RoundTime=30.93s | TotalTime=1813.49s | Method=feddenoise_v2
[Round 048/100] Acc=26.800 | Pure=80.963 | RoundTime=31.06s | TotalTime=1844.55s | Method=feddenoise_v2
[Round 049/100] Acc=27.760 | Pure=79.185 | RoundTime=31.46s | TotalTime=1876.01s | Method=feddenoise_v2
[Round 050/100] Acc=27.030 | Pure=80.194 | RoundTime=31.65s | TotalTime=1907.66s | Method=feddenoise_v2
[Round 051/100] Acc=27.050 | Pure=80.697 | RoundTime=31.15s | TotalTime=1938.82s | Method=feddenoise_v2
[Round 052/100] Acc=26.360 | Pure=79.931 | RoundTime=30.92s | TotalTime=1969.73s | Method=feddenoise_v2
[Round 053/100] Acc=28.360 | Pure=80.388 | RoundTime=31.16s | TotalTime=2000.90s | Method=feddenoise_v2
[Round 054/100] Acc=28.390 | Pure=80.433 | RoundTime=31.17s | TotalTime=2032.07s | Method=feddenoise_v2
[Round 055/100] Acc=27.640 | Pure=80.277 | RoundTime=31.23s | TotalTime=2063.30s | Method=feddenoise_v2
[Round 056/100] Acc=28.170 | Pure=80.413 | RoundTime=30.91s | TotalTime=2094.21s | Method=feddenoise_v2
[Round 057/100] Acc=28.420 | Pure=79.776 | RoundTime=31.29s | TotalTime=2125.50s | Method=feddenoise_v2
[Round 058/100] Acc=28.150 | Pure=80.594 | RoundTime=31.33s | TotalTime=2156.83s | Method=feddenoise_v2
[Round 059/100] Acc=28.440 | Pure=81.049 | RoundTime=31.48s | TotalTime=2188.31s | Method=feddenoise_v2
[Round 060/100] Acc=29.290 | Pure=79.795 | RoundTime=31.80s | TotalTime=2220.11s | Method=feddenoise_v2
[Round 061/100] Acc=27.740 | Pure=80.521 | RoundTime=30.29s | TotalTime=2250.41s | Method=feddenoise_v2
[Round 062/100] Acc=28.460 | Pure=79.965 | RoundTime=30.36s | TotalTime=2280.76s | Method=feddenoise_v2
[Round 063/100] Acc=29.050 | Pure=80.276 | RoundTime=30.83s | TotalTime=2311.59s | Method=feddenoise_v2
[Round 064/100] Acc=28.420 | Pure=79.982 | RoundTime=31.49s | TotalTime=2343.08s | Method=feddenoise_v2
[Round 065/100] Acc=28.750 | Pure=80.055 | RoundTime=30.23s | TotalTime=2373.31s | Method=feddenoise_v2
[Round 066/100] Acc=29.140 | Pure=79.428 | RoundTime=29.51s | TotalTime=2402.82s | Method=feddenoise_v2
[Round 067/100] Acc=29.400 | Pure=79.973 | RoundTime=31.32s | TotalTime=2434.14s | Method=feddenoise_v2
[Round 068/100] Acc=29.500 | Pure=80.019 | RoundTime=32.20s | TotalTime=2466.34s | Method=feddenoise_v2
[Round 069/100] Acc=29.690 | Pure=79.765 | RoundTime=31.60s | TotalTime=2497.93s | Method=feddenoise_v2
[Round 070/100] Acc=28.940 | Pure=80.712 | RoundTime=32.30s | TotalTime=2530.24s | Method=feddenoise_v2
[Round 071/100] Acc=29.690 | Pure=80.429 | RoundTime=33.27s | TotalTime=2563.51s | Method=feddenoise_v2
[Round 072/100] Acc=30.400 | Pure=80.798 | RoundTime=31.35s | TotalTime=2594.86s | Method=feddenoise_v2
[Round 073/100] Acc=29.740 | Pure=80.291 | RoundTime=31.85s | TotalTime=2626.70s | Method=feddenoise_v2
[Round 074/100] Acc=30.300 | Pure=81.859 | RoundTime=29.96s | TotalTime=2656.66s | Method=feddenoise_v2
[Round 075/100] Acc=30.010 | Pure=80.983 | RoundTime=29.98s | TotalTime=2686.64s | Method=feddenoise_v2
[Round 076/100] Acc=29.350 | Pure=80.554 | RoundTime=30.13s | TotalTime=2716.77s | Method=feddenoise_v2
[Round 077/100] Acc=29.760 | Pure=81.479 | RoundTime=29.99s | TotalTime=2746.77s | Method=feddenoise_v2
[Round 078/100] Acc=30.530 | Pure=80.859 | RoundTime=30.14s | TotalTime=2776.91s | Method=feddenoise_v2
[Round 079/100] Acc=30.220 | Pure=80.499 | RoundTime=30.04s | TotalTime=2806.95s | Method=feddenoise_v2
[Round 080/100] Acc=30.390 | Pure=80.511 | RoundTime=30.65s | TotalTime=2837.60s | Method=feddenoise_v2
[Round 081/100] Acc=30.040 | Pure=81.005 | RoundTime=29.93s | TotalTime=2867.53s | Method=feddenoise_v2
[Round 082/100] Acc=30.920 | Pure=80.975 | RoundTime=30.72s | TotalTime=2898.25s | Method=feddenoise_v2
[Round 083/100] Acc=30.710 | Pure=80.751 | RoundTime=30.04s | TotalTime=2928.30s | Method=feddenoise_v2
[Round 084/100] Acc=30.320 | Pure=80.776 | RoundTime=30.03s | TotalTime=2958.33s | Method=feddenoise_v2
[Round 085/100] Acc=30.220 | Pure=81.186 | RoundTime=29.99s | TotalTime=2988.31s | Method=feddenoise_v2
[Round 086/100] Acc=30.680 | Pure=80.229 | RoundTime=30.18s | TotalTime=3018.49s | Method=feddenoise_v2
[Round 087/100] Acc=31.050 | Pure=80.176 | RoundTime=29.56s | TotalTime=3048.05s | Method=feddenoise_v2
[Round 088/100] Acc=32.190 | Pure=79.780 | RoundTime=30.15s | TotalTime=3078.21s | Method=feddenoise_v2
[Round 089/100] Acc=30.960 | Pure=79.816 | RoundTime=30.64s | TotalTime=3108.85s | Method=feddenoise_v2
[Round 090/100] Acc=31.770 | Pure=81.462 | RoundTime=30.37s | TotalTime=3139.22s | Method=feddenoise_v2
[Round 091/100] Acc=31.670 | Pure=80.849 | RoundTime=30.29s | TotalTime=3169.51s | Method=feddenoise_v2
[Round 092/100] Acc=31.290 | Pure=79.966 | RoundTime=30.29s | TotalTime=3199.81s | Method=feddenoise_v2
[Round 093/100] Acc=31.250 | Pure=81.086 | RoundTime=29.79s | TotalTime=3229.60s | Method=feddenoise_v2
[Round 094/100] Acc=30.780 | Pure=80.657 | RoundTime=29.77s | TotalTime=3259.37s | Method=feddenoise_v2
[Round 095/100] Acc=31.380 | Pure=81.439 | RoundTime=30.84s | TotalTime=3290.21s | Method=feddenoise_v2
[Round 096/100] Acc=31.710 | Pure=81.623 | RoundTime=30.62s | TotalTime=3320.83s | Method=feddenoise_v2
[Round 097/100] Acc=31.980 | Pure=80.920 | RoundTime=30.52s | TotalTime=3351.35s | Method=feddenoise_v2
[Round 098/100] Acc=31.770 | Pure=81.457 | RoundTime=29.90s | TotalTime=3381.25s | Method=feddenoise_v2
[Round 099/100] Acc=31.090 | Pure=80.817 | RoundTime=30.36s | TotalTime=3411.61s | Method=feddenoise_v2
[Round 100/100] Acc=32.570 | Pure=79.772 | RoundTime=30.63s | TotalTime=3442.23s | Method=feddenoise_v2
====================================================================================================
Training finished at: 2026-04-01 12:42:29
Total elapsed time: 3442.23s
Final Acc: 32.570
Best Acc : 32.570
Final Pure: 79.772
Best Pure : 82.233
====================================================================================================
