[Launch] model=feddenoise_v3 | dataset=fl_cifar100 | clients=10 | rounds=96 | local_epoch=5 | batch_size=64 | noise_mode=uniform | noise_value=0.5
Files already downloaded and verified
Files already downloaded and verified
mean: 5000.0
std: 0.0
Data statistics: {0: {0: 82, 1: 44, 2: 25, 3: 62, 4: 25, 5: 40, 6: 69, 7: 118, 8: 91, 9: 23, 10: 30, 11: 189, 12: 34, 13: 58, 14: 34, 15: 64, 16: 29, 17: 50, 18: 50, 19: 37, 20: 49, 21: 54, 22: 34, 23: 42, 24: 86, 25: 29, 26: 48, 27: 113, 28: 94, 29: 115, 30: 95, 31: 27, 32: 29, 33: 44, 34: 63, 35: 28, 36: 34, 37: 26, 38: 38, 39: 25, 40: 45, 41: 44, 42: 101, 43: 39, 44: 109, 45: 36, 46: 24, 47: 28, 48: 21, 49: 49, 50: 53, 51: 22, 52: 35, 53: 107, 54: 85, 55: 42, 56: 22, 57: 25, 58: 101, 59: 72, 60: 70, 61: 37, 62: 103, 63: 24, 64: 40, 65: 56, 66: 36, 67: 57, 68: 24, 69: 41, 70: 24, 71: 52, 72: 40, 73: 43, 74: 80, 75: 25, 76: 36, 77: 21, 78: 36, 79: 75, 80: 25, 81: 35, 82: 26, 83: 30, 84: 174, 85: 88, 86: 29, 87: 54, 88: 31, 89: 37, 90: 21, 91: 33, 92: 30, 93: 24, 94: 25, 95: 32, 96: 32, 97: 20, 98: 22, 99: 25}, 1: {0: 47, 1: 31, 2: 40, 3: 37, 4: 81, 5: 36, 6: 41, 7: 58, 8: 37, 9: 75, 10: 74, 11: 39, 12: 85, 13: 36, 14: 43, 15: 44, 16: 23, 17: 36, 18: 50, 19: 85, 20: 41, 21: 27, 22: 32, 23: 49, 24: 38, 25: 77, 26: 70, 27: 111, 28: 45, 29: 35, 30: 66, 31: 55, 32: 31, 33: 74, 34: 70, 35: 34, 36: 23, 37: 161, 38: 100, 39: 108, 40: 78, 41: 26, 42: 37, 43: 22, 44: 33, 45: 30, 46: 268, 47: 34, 48: 89, 49: 28, 50: 25, 51: 29, 52: 50, 53: 27, 54: 43, 55: 50, 56: 27, 57: 21, 58: 28, 59: 29, 60: 22, 61: 32, 62: 64, 63: 42, 64: 29, 65: 34, 66: 20, 67: 60, 68: 92, 69: 85, 70: 27, 71: 26, 72: 25, 73: 41, 74: 31, 75: 59, 76: 34, 77: 56, 78: 30, 79: 106, 80: 26, 81: 124, 82: 38, 83: 33, 84: 23, 85: 33, 86: 41, 87: 24, 88: 23, 89: 144, 90: 44, 91: 34, 92: 29, 93: 40, 94: 92, 95: 25, 96: 17, 97: 22, 98: 23, 99: 31}, 2: {0: 47, 1: 21, 2: 97, 3: 24, 4: 107, 5: 37, 6: 26, 7: 43, 8: 40, 9: 26, 10: 194, 11: 41, 12: 45, 13: 27, 14: 37, 15: 43, 16: 25, 17: 48, 18: 55, 19: 86, 20: 36, 21: 27, 22: 18, 23: 119, 24: 32, 25: 42, 26: 26, 27: 31, 28: 26, 29: 48, 30: 24, 31: 60, 32: 89, 33: 24, 34: 53, 35: 147, 36: 47, 37: 61, 38: 50, 39: 25, 40: 36, 41: 85, 42: 29, 43: 42, 44: 28, 45: 17, 46: 18, 47: 39, 48: 62, 49: 17, 50: 101, 51: 114, 52: 27, 53: 37, 54: 38, 55: 82, 56: 27, 57: 76, 58: 122, 59: 53, 60: 38, 61: 28, 62: 27, 63: 109, 64: 65, 65: 94, 66: 27, 67: 26, 68: 24, 69: 97, 70: 39, 71: 32, 72: 22, 73: 31, 74: 93, 75: 31, 76: 69, 77: 30, 78: 36, 79: 49, 80: 61, 81: 31, 82: 130, 83: 35, 84: 28, 85: 23, 86: 34, 87: 75, 88: 35, 89: 32, 90: 43, 91: 26, 92: 77, 93: 124, 94: 39, 95: 24, 96: 26, 97: 32, 98: 21, 99: 33}, 3: {0: 50, 1: 23, 2: 40, 3: 60, 4: 30, 5: 116, 6: 25, 7: 71, 8: 25, 9: 102, 10: 32, 11: 28, 12: 29, 13: 28, 14: 21, 15: 33, 16: 29, 17: 41, 18: 23, 19: 42, 20: 34, 21: 34, 22: 50, 23: 32, 24: 41, 25: 33, 26: 72, 27: 42, 28: 38, 29: 37, 30: 58, 31: 48, 32: 19, 33: 88, 34: 39, 35: 28, 36: 53, 37: 39, 38: 25, 39: 27, 40: 69, 41: 29, 42: 29, 43: 46, 44: 32, 45: 58, 46: 27, 47: 36, 48: 36, 49: 34, 50: 43, 51: 49, 52: 72, 53: 45, 54: 52, 55: 25, 56: 60, 57: 26, 58: 48, 59: 87, 60: 32, 61: 37, 62: 32, 63: 55, 64: 92, 65: 62, 66: 27, 67: 38, 68: 57, 69: 32, 70: 56, 71: 28, 72: 28, 73: 30, 74: 30, 75: 46, 76: 46, 77: 60, 78: 24, 79: 23, 80: 100, 81: 51, 82: 32, 83: 69, 84: 49, 85: 33, 86: 56, 87: 71, 88: 34, 89: 30, 90: 35, 91: 75, 92: 113, 93: 64, 94: 54, 95: 134, 96: 98, 97: 158, 98: 228, 99: 93}, 4: {0: 46, 1: 35, 2: 56, 3: 51, 4: 21, 5: 57, 6: 40, 7: 63, 8: 61, 9: 34, 10: 28, 11: 45, 12: 36, 13: 105, 14: 45, 15: 37, 16: 45, 17: 23, 18: 31, 19: 25, 20: 29, 21: 40, 22: 54, 23: 27, 24: 117, 25: 60, 26: 30, 27: 29, 28: 52, 29: 22, 30: 50, 31: 168, 32: 46, 33: 39, 34: 78, 35: 27, 36: 22, 37: 37, 38: 49, 39: 68, 40: 43, 41: 132, 42: 84, 43: 109, 44: 73, 45: 59, 46: 25, 47: 34, 48: 97, 49: 96, 50: 33, 51: 24, 52: 24, 53: 24, 54: 24, 55: 27, 56: 197, 57: 27, 58: 24, 59: 110, 60: 89, 61: 65, 62: 33, 63: 24, 64: 23, 65: 39, 66: 149, 67: 20, 68: 30, 69: 63, 70: 34, 71: 46, 72: 26, 73: 81, 74: 30, 75: 107, 76: 46, 77: 21, 78: 26, 79: 27, 80: 35, 81: 73, 82: 26, 83: 152, 84: 48, 85: 28, 86: 46, 87: 37, 88: 28, 89: 22, 90: 106, 91: 20, 92: 32, 93: 23, 94: 34, 95: 30, 96: 29, 97: 23, 98: 14, 99: 21}, 5: {0: 26, 1: 99, 2: 61, 3: 16, 4: 36, 5: 85, 6: 49, 7: 27, 8: 40, 9: 30, 10: 24, 11: 21, 12: 138, 13: 30, 14: 33, 15: 57, 16: 95, 17: 22, 18: 44, 19: 38, 20: 42, 21: 36, 22: 125, 23: 57, 24: 31, 25: 94, 26: 77, 27: 30, 28: 30, 29: 34, 30: 58, 31: 32, 32: 36, 33: 24, 34: 30, 35: 26, 36: 42, 37: 58, 38: 20, 39: 47, 40: 70, 41: 31, 42: 34, 43: 24, 44: 54, 45: 113, 46: 23, 47: 27, 48: 31, 49: 91, 50: 107, 51: 35, 52: 61, 53: 103, 54: 98, 55: 18, 56: 32, 57: 76, 58: 35, 59: 29, 60: 28, 61: 105, 62: 36, 63: 40, 64: 127, 65: 36, 66: 130, 67: 24, 68: 32, 69: 24, 70: 28, 71: 118, 72: 130, 73: 24, 74: 32, 75: 73, 76: 69, 77: 39, 78: 46, 79: 55, 80: 50, 81: 69, 82: 38, 83: 44, 84: 31, 85: 31, 86: 46, 87: 67, 88: 31, 89: 63, 90: 106, 91: 22, 92: 25, 93: 22, 94: 28, 95: 27, 96: 25, 97: 37, 98: 26, 99: 24}, 6: {0: 37, 1: 19, 2: 22, 3: 89, 4: 35, 5: 20, 6: 56, 7: 33, 8: 40, 9: 95, 10: 42, 11: 31, 12: 23, 13: 68, 14: 30, 15: 25, 16: 37, 17: 21, 18: 113, 19: 24, 20: 123, 21: 28, 22: 25, 23: 24, 24: 36, 25: 45, 26: 26, 27: 70, 28: 36, 29: 28, 30: 36, 31: 28, 32: 25, 33: 25, 34: 27, 35: 89, 36: 41, 37: 23, 38: 94, 39: 26, 40: 83, 41: 25, 42: 55, 43: 29, 44: 32, 45: 26, 46: 19, 47: 73, 48: 76, 49: 51, 50: 35, 51: 21, 52: 95, 53: 32, 54: 26, 55: 26, 56: 33, 57: 82, 58: 35, 59: 29, 60: 55, 61: 86, 62: 26, 63: 35, 64: 49, 65: 29, 66: 18, 67: 104, 68: 33, 69: 25, 70: 22, 71: 87, 72: 49, 73: 34, 74: 26, 75: 33, 76: 33, 77: 50, 78: 24, 79: 82, 80: 49, 81: 30, 82: 24, 83: 29, 84: 64, 85: 67, 86: 62, 87: 55, 88: 26, 89: 23, 90: 21, 91: 68, 92: 67, 93: 31, 94: 196, 95: 97, 96: 188, 97: 148, 98: 66, 99: 191}, 7: {0: 28, 1: 64, 2: 30, 3: 23, 4: 22, 5: 36, 6: 41, 7: 58, 8: 25, 9: 68, 10: 31, 11: 28, 12: 24, 13: 104, 14: 61, 15: 23, 16: 71, 17: 17, 18: 31, 19: 83, 20: 67, 21: 201, 22: 86, 23: 23, 24: 56, 25: 54, 26: 27, 27: 24, 28: 53, 29: 83, 30: 30, 31: 32, 32: 160, 33: 90, 34: 57, 35: 29, 36: 105, 37: 32, 38: 47, 39: 45, 40: 40, 41: 23, 42: 50, 43: 27, 44: 60, 45: 23, 46: 28, 47: 65, 48: 29, 49: 78, 50: 42, 51: 46, 52: 74, 53: 27, 54: 35, 55: 31, 56: 28, 57: 34, 58: 33, 59: 24, 60: 122, 61: 52, 62: 32, 63: 26, 64: 22, 65: 23, 66: 35, 67: 62, 68: 57, 69: 29, 70: 53, 71: 71, 72: 21, 73: 148, 74: 25, 75: 32, 76: 49, 77: 40, 78: 60, 79: 38, 80: 27, 81: 34, 82: 110, 83: 39, 84: 27, 85: 43, 86: 79, 87: 79, 88: 195, 89: 27, 90: 32, 91: 122, 92: 42, 93: 39, 94: 24, 95: 23, 96: 27, 97: 16, 98: 28, 99: 24}, 8: {0: 47, 1: 75, 2: 40, 3: 25, 4: 76, 5: 60, 6: 123, 7: 49, 8: 90, 9: 16, 10: 27, 11: 81, 12: 42, 13: 39, 14: 36, 15: 163, 16: 110, 17: 56, 18: 28, 19: 43, 20: 18, 21: 36, 22: 59, 23: 59, 24: 26, 25: 26, 26: 67, 27: 24, 28: 47, 29: 60, 30: 27, 31: 23, 32: 30, 33: 20, 34: 62, 35: 49, 36: 72, 37: 49, 38: 35, 39: 64, 40: 26, 41: 39, 42: 38, 43: 94, 44: 36, 45: 52, 46: 32, 47: 76, 48: 24, 49: 18, 50: 39, 51: 112, 52: 30, 53: 28, 54: 43, 55: 135, 56: 40, 57: 41, 58: 76, 59: 25, 60: 24, 61: 16, 62: 26, 63: 41, 64: 54, 65: 50, 66: 19, 67: 26, 68: 46, 69: 34, 70: 108, 71: 24, 72: 104, 73: 25, 74: 138, 75: 44, 76: 30, 77: 55, 78: 197, 79: 24, 80: 64, 81: 27, 82: 49, 83: 41, 84: 38, 85: 125, 86: 32, 87: 33, 88: 34, 89: 47, 90: 38, 91: 52, 92: 43, 93: 71, 94: 22, 95: 19, 96: 29, 97: 17, 98: 23, 99: 28}, 9: {0: 105, 1: 75, 2: 93, 3: 78, 4: 21, 5: 19, 6: 25, 7: 21, 8: 58, 9: 60, 10: 19, 11: 26, 12: 78, 13: 28, 14: 159, 15: 35, 16: 46, 17: 144, 18: 80, 19: 45, 20: 41, 21: 30, 22: 27, 23: 57, 24: 49, 25: 28, 26: 37, 27: 35, 28: 47, 29: 37, 30: 49, 31: 24, 32: 47, 33: 44, 34: 39, 35: 46, 36: 61, 37: 34, 38: 25, 39: 35, 40: 51, 41: 36, 42: 36, 43: 79, 44: 49, 45: 72, 46: 27, 47: 112, 48: 26, 49: 40, 50: 61, 51: 58, 52: 33, 53: 85, 54: 32, 55: 72, 56: 27, 57: 92, 58: 22, 59: 24, 60: 29, 61: 68, 62: 158, 63: 77, 64: 19, 65: 75, 66: 26, 67: 26, 68: 103, 69: 78, 70: 101, 71: 42, 72: 53, 73: 47, 74: 24, 75: 23, 76: 83, 77: 122, 78: 31, 79: 24, 80: 45, 81: 30, 82: 36, 83: 33, 84: 34, 85: 28, 86: 87, 87: 30, 88: 76, 89: 23, 90: 34, 91: 24, 92: 29, 93: 47, 94: 28, 95: 61, 96: 27, 97: 28, 98: 25, 99: 25}}
========================================================================================================================
Training started at: 2026-04-10 20:07:50
Result directory: results/fl_cifar100/feddenoise_v3/pm-dir_a-0.5_nm-uni_nr-0.5_nt-symmetric_wr-20_sr-19_ts-4,3,2,1_tss-least_sim_tsim-full_model_cosine_wm-full_model_dr-0.62_drs-None
Result txt file : results/fl_cifar100/feddenoise_v3/pm-dir_a-0.5_nm-uni_nr-0.5_nt-symmetric_wr-20_sr-19_ts-4,3,2,1_tss-least_sim_tsim-full_model_cosine_wm-full_model_dr-0.62_drs-None/feddenoise_v3_fl_cifar100_20260410-200750-500139_pid707272.txt
Result log file : results/fl_cifar100/feddenoise_v3/pm-dir_a-0.5_nm-uni_nr-0.5_nt-symmetric_wr-20_sr-19_ts-4,3,2,1_tss-least_sim_tsim-full_model_cosine_wm-full_model_dr-0.62_drs-None/feddenoise_v3_fl_cifar100_20260410-200750-500139_pid707272.log
------------------------------------------------------------------------------------------------------------------------
Model: feddenoise_v3
Dataset: fl_cifar100
Structure: homogeneity
Participants: 10
Online ratio: 1.0
Communication epochs: 96
Local epoch: 5
Local batch size: 64
Local lr: 0.1
Partition mode: dirichlet
Dirichlet alpha: 0.5
Noise mode: uniform
Noise rate: 0.5
Noise type: symmetric
Noise max: 0.3
Averaging: weight
Seed: 0
Warmup round: 20
Stage round: 19
Teacher schedule: 4,3,2,1
Teacher select strategy: least_sim
Teacher similarity: full_model_cosine
Teacher score mode: teacher_mean
Warmup mode: full_model
Drop rate: 0.62
Drop rate schedule: None
Exclude self teacher: True
========================================================================================================================
Backbone: NoiseFLCNN NoiseFLCNN
[Round 001/096] Phase=warmup | Stage=warmup | Acc=1.000 | RoundTime=127.39s | TotalTime=127.40s | Method=feddenoise_v3
[Round 002/096] Phase=warmup | Stage=warmup | Acc=2.200 | RoundTime=125.34s | TotalTime=252.75s | Method=feddenoise_v3
[Round 003/096] Phase=warmup | Stage=warmup | Acc=6.520 | RoundTime=126.87s | TotalTime=379.62s | Method=feddenoise_v3
[Round 004/096] Phase=warmup | Stage=warmup | Acc=10.520 | RoundTime=125.51s | TotalTime=505.14s | Method=feddenoise_v3
[Round 005/096] Phase=warmup | Stage=warmup | Acc=13.770 | RoundTime=127.28s | TotalTime=632.42s | Method=feddenoise_v3
[Round 006/096] Phase=warmup | Stage=warmup | Acc=16.160 | RoundTime=125.01s | TotalTime=757.44s | Method=feddenoise_v3
[Round 007/096] Phase=warmup | Stage=warmup | Acc=18.260 | RoundTime=124.78s | TotalTime=882.23s | Method=feddenoise_v3
[Round 008/096] Phase=warmup | Stage=warmup | Acc=20.080 | RoundTime=125.73s | TotalTime=1007.97s | Method=feddenoise_v3
[Round 009/096] Phase=warmup | Stage=warmup | Acc=21.390 | RoundTime=127.33s | TotalTime=1135.31s | Method=feddenoise_v3
[Round 010/096] Phase=warmup | Stage=warmup | Acc=23.430 | RoundTime=127.75s | TotalTime=1263.06s | Method=feddenoise_v3
[Round 011/096] Phase=warmup | Stage=warmup | Acc=24.480 | RoundTime=126.60s | TotalTime=1389.68s | Method=feddenoise_v3
[Round 012/096] Phase=warmup | Stage=warmup | Acc=25.590 | RoundTime=124.82s | TotalTime=1514.50s | Method=feddenoise_v3
[Round 013/096] Phase=warmup | Stage=warmup | Acc=26.560 | RoundTime=125.04s | TotalTime=1639.55s | Method=feddenoise_v3
[Round 014/096] Phase=warmup | Stage=warmup | Acc=27.900 | RoundTime=125.53s | TotalTime=1765.09s | Method=feddenoise_v3
[Round 015/096] Phase=warmup | Stage=warmup | Acc=28.490 | RoundTime=124.68s | TotalTime=1889.77s | Method=feddenoise_v3
[Round 016/096] Phase=warmup | Stage=warmup | Acc=29.560 | RoundTime=125.73s | TotalTime=2015.51s | Method=feddenoise_v3
[Round 017/096] Phase=warmup | Stage=warmup | Acc=30.090 | RoundTime=126.06s | TotalTime=2141.58s | Method=feddenoise_v3
[Round 018/096] Phase=warmup | Stage=warmup | Acc=30.350 | RoundTime=125.87s | TotalTime=2267.45s | Method=feddenoise_v3
[Round 019/096] Phase=warmup | Stage=warmup | Acc=30.770 | RoundTime=127.67s | TotalTime=2395.14s | Method=feddenoise_v3

[Teacher Selection] Building clean subsets for stage 1 ...
[Stage 1] Client 0: teachers=[2, 7, 3, 8], avg_teacher_sim=0.9878, selected=1900
[Stage 1] Client 1: teachers=[2, 8, 7, 5], avg_teacher_sim=0.9878, selected=1900
[Stage 1] Client 2: teachers=[1, 0, 5, 4], avg_teacher_sim=0.9875, selected=1900
[Stage 1] Client 3: teachers=[0, 4, 8, 1], avg_teacher_sim=0.9882, selected=1900
[Stage 1] Client 4: teachers=[3, 2, 7, 0], avg_teacher_sim=0.9884, selected=1900
[Stage 1] Client 5: teachers=[2, 7, 6, 1], avg_teacher_sim=0.9879, selected=1900
[Stage 1] Client 6: teachers=[5, 8, 3, 2], avg_teacher_sim=0.9884, selected=1900
[Stage 1] Client 7: teachers=[5, 0, 9, 1], avg_teacher_sim=0.9879, selected=1900
[Stage 1] Client 8: teachers=[1, 9, 0, 3], avg_teacher_sim=0.9880, selected=1900
[Stage 1] Client 9: teachers=[7, 8, 2, 6], avg_teacher_sim=0.9883, selected=1900
[Stage 1] Selection summary | clean_precision=81.58 | clean_recall=62.00 | noisy_precision=69.35 | noisy_recall=86.00 | keep_ratio=38.00 | avg_teacher_similarity=0.9880
[Round 020/096] Phase=warmup | Stage=warmup | Acc=30.350 | RoundTime=157.61s | TotalTime=2552.75s | Method=feddenoise_v3
[Round 021/096] Phase=stage_1 | Stage=0 | Acc=29.030 | StagePure=81.579 | CPrec=81.579 | CRec=62.000 | NPrec=69.355 | NRec=86.000 | Keep=38.000 | TSim=0.988 | RoundTime=68.36s | TotalTime=2621.12s | Method=feddenoise_v3
[Round 022/096] Phase=stage_1 | Stage=0 | Acc=31.590 | StagePure=81.579 | CPrec=81.579 | CRec=62.000 | NPrec=69.355 | NRec=86.000 | Keep=38.000 | TSim=0.988 | RoundTime=68.00s | TotalTime=2689.13s | Method=feddenoise_v3
[Round 023/096] Phase=stage_1 | Stage=0 | Acc=32.340 | StagePure=81.579 | CPrec=81.579 | CRec=62.000 | NPrec=69.355 | NRec=86.000 | Keep=38.000 | TSim=0.988 | RoundTime=68.84s | TotalTime=2757.98s | Method=feddenoise_v3
[Round 024/096] Phase=stage_1 | Stage=0 | Acc=33.470 | StagePure=81.579 | CPrec=81.579 | CRec=62.000 | NPrec=69.355 | NRec=86.000 | Keep=38.000 | TSim=0.988 | RoundTime=67.66s | TotalTime=2825.65s | Method=feddenoise_v3
[Round 025/096] Phase=stage_1 | Stage=0 | Acc=34.540 | StagePure=81.579 | CPrec=81.579 | CRec=62.000 | NPrec=69.355 | NRec=86.000 | Keep=38.000 | TSim=0.988 | RoundTime=68.59s | TotalTime=2894.25s | Method=feddenoise_v3
[Round 026/096] Phase=stage_1 | Stage=0 | Acc=34.670 | StagePure=81.579 | CPrec=81.579 | CRec=62.000 | NPrec=69.355 | NRec=86.000 | Keep=38.000 | TSim=0.988 | RoundTime=68.63s | TotalTime=2962.88s | Method=feddenoise_v3
[Round 027/096] Phase=stage_1 | Stage=0 | Acc=35.220 | StagePure=81.579 | CPrec=81.579 | CRec=62.000 | NPrec=69.355 | NRec=86.000 | Keep=38.000 | TSim=0.988 | RoundTime=68.00s | TotalTime=3030.89s | Method=feddenoise_v3
[Round 028/096] Phase=stage_1 | Stage=0 | Acc=35.810 | StagePure=81.579 | CPrec=81.579 | CRec=62.000 | NPrec=69.355 | NRec=86.000 | Keep=38.000 | TSim=0.988 | RoundTime=68.68s | TotalTime=3099.57s | Method=feddenoise_v3
[Round 029/096] Phase=stage_1 | Stage=0 | Acc=36.250 | StagePure=81.579 | CPrec=81.579 | CRec=62.000 | NPrec=69.355 | NRec=86.000 | Keep=38.000 | TSim=0.988 | RoundTime=68.62s | TotalTime=3168.20s | Method=feddenoise_v3
[Round 030/096] Phase=stage_1 | Stage=0 | Acc=36.500 | StagePure=81.579 | CPrec=81.579 | CRec=62.000 | NPrec=69.355 | NRec=86.000 | Keep=38.000 | TSim=0.988 | RoundTime=68.76s | TotalTime=3236.97s | Method=feddenoise_v3
[Round 031/096] Phase=stage_1 | Stage=0 | Acc=36.680 | StagePure=81.579 | CPrec=81.579 | CRec=62.000 | NPrec=69.355 | NRec=86.000 | Keep=38.000 | TSim=0.988 | RoundTime=68.38s | TotalTime=3305.36s | Method=feddenoise_v3
[Round 032/096] Phase=stage_1 | Stage=0 | Acc=37.040 | StagePure=81.579 | CPrec=81.579 | CRec=62.000 | NPrec=69.355 | NRec=86.000 | Keep=38.000 | TSim=0.988 | RoundTime=67.86s | TotalTime=3373.22s | Method=feddenoise_v3
[Round 033/096] Phase=stage_1 | Stage=0 | Acc=37.190 | StagePure=81.579 | CPrec=81.579 | CRec=62.000 | NPrec=69.355 | NRec=86.000 | Keep=38.000 | TSim=0.988 | RoundTime=68.15s | TotalTime=3441.38s | Method=feddenoise_v3
[Round 034/096] Phase=stage_1 | Stage=0 | Acc=37.500 | StagePure=81.579 | CPrec=81.579 | CRec=62.000 | NPrec=69.355 | NRec=86.000 | Keep=38.000 | TSim=0.988 | RoundTime=68.74s | TotalTime=3510.13s | Method=feddenoise_v3
[Round 035/096] Phase=stage_1 | Stage=0 | Acc=37.160 | StagePure=81.579 | CPrec=81.579 | CRec=62.000 | NPrec=69.355 | NRec=86.000 | Keep=38.000 | TSim=0.988 | RoundTime=67.83s | TotalTime=3577.98s | Method=feddenoise_v3
[Round 036/096] Phase=stage_1 | Stage=0 | Acc=38.020 | StagePure=81.579 | CPrec=81.579 | CRec=62.000 | NPrec=69.355 | NRec=86.000 | Keep=38.000 | TSim=0.988 | RoundTime=68.04s | TotalTime=3646.03s | Method=feddenoise_v3
[Round 037/096] Phase=stage_1 | Stage=0 | Acc=37.790 | StagePure=81.579 | CPrec=81.579 | CRec=62.000 | NPrec=69.355 | NRec=86.000 | Keep=38.000 | TSim=0.988 | RoundTime=67.46s | TotalTime=3713.50s | Method=feddenoise_v3
[Round 038/096] Phase=stage_1 | Stage=0 | Acc=38.150 | StagePure=81.579 | CPrec=81.579 | CRec=62.000 | NPrec=69.355 | NRec=86.000 | Keep=38.000 | TSim=0.988 | RoundTime=67.62s | TotalTime=3781.13s | Method=feddenoise_v3

[Teacher Selection] Building clean subsets for stage 2 ...
[Stage 2] Client 0: teachers=[8, 5, 2], avg_teacher_sim=0.9865, selected=1900
[Stage 2] Client 1: teachers=[8, 5, 9], avg_teacher_sim=0.9861, selected=1900
[Stage 2] Client 2: teachers=[8, 9, 5], avg_teacher_sim=0.9863, selected=1900
[Stage 2] Client 3: teachers=[8, 0, 4], avg_teacher_sim=0.9865, selected=1900
[Stage 2] Client 4: teachers=[8, 6, 9], avg_teacher_sim=0.9856, selected=1900
[Stage 2] Client 5: teachers=[8, 2, 0], avg_teacher_sim=0.9856, selected=1900
[Stage 2] Client 6: teachers=[8, 4, 5], avg_teacher_sim=0.9860, selected=1900
[Stage 2] Client 7: teachers=[8, 9, 5], avg_teacher_sim=0.9876, selected=1900
[Stage 2] Client 8: teachers=[9, 1, 5], avg_teacher_sim=0.9780, selected=1900
[Stage 2] Client 9: teachers=[8, 2, 4], avg_teacher_sim=0.9852, selected=1900
[Stage 2] Selection summary | clean_precision=86.64 | clean_recall=65.84 | noisy_precision=72.45 | noisy_recall=89.84 | keep_ratio=38.00 | avg_teacher_similarity=0.9853
[Round 039/096] Phase=stage_1 | Stage=0 | Acc=38.190 | StagePure=81.579 | CPrec=81.579 | CRec=62.000 | NPrec=69.355 | NRec=86.000 | Keep=38.000 | TSim=0.988 | RoundTime=91.48s | TotalTime=3872.61s | Method=feddenoise_v3
[Round 040/096] Phase=stage_2 | Stage=1 | Acc=39.650 | StagePure=86.637 | CPrec=86.637 | CRec=65.844 | NPrec=72.455 | NRec=89.844 | Keep=38.000 | TSim=0.985 | RoundTime=71.24s | TotalTime=3943.86s | Method=feddenoise_v3
[Round 041/096] Phase=stage_2 | Stage=1 | Acc=39.880 | StagePure=86.637 | CPrec=86.637 | CRec=65.844 | NPrec=72.455 | NRec=89.844 | Keep=38.000 | TSim=0.985 | RoundTime=69.26s | TotalTime=4013.13s | Method=feddenoise_v3
[Round 042/096] Phase=stage_2 | Stage=1 | Acc=40.430 | StagePure=86.637 | CPrec=86.637 | CRec=65.844 | NPrec=72.455 | NRec=89.844 | Keep=38.000 | TSim=0.985 | RoundTime=69.40s | TotalTime=4082.55s | Method=feddenoise_v3
[Round 043/096] Phase=stage_2 | Stage=1 | Acc=40.390 | StagePure=86.637 | CPrec=86.637 | CRec=65.844 | NPrec=72.455 | NRec=89.844 | Keep=38.000 | TSim=0.985 | RoundTime=68.95s | TotalTime=4151.51s | Method=feddenoise_v3
[Round 044/096] Phase=stage_2 | Stage=1 | Acc=40.480 | StagePure=86.637 | CPrec=86.637 | CRec=65.844 | NPrec=72.455 | NRec=89.844 | Keep=38.000 | TSim=0.985 | RoundTime=69.18s | TotalTime=4220.70s | Method=feddenoise_v3
[Round 045/096] Phase=stage_2 | Stage=1 | Acc=41.010 | StagePure=86.637 | CPrec=86.637 | CRec=65.844 | NPrec=72.455 | NRec=89.844 | Keep=38.000 | TSim=0.985 | RoundTime=68.41s | TotalTime=4289.11s | Method=feddenoise_v3
[Round 046/096] Phase=stage_2 | Stage=1 | Acc=40.770 | StagePure=86.637 | CPrec=86.637 | CRec=65.844 | NPrec=72.455 | NRec=89.844 | Keep=38.000 | TSim=0.985 | RoundTime=70.09s | TotalTime=4359.21s | Method=feddenoise_v3
[Round 047/096] Phase=stage_2 | Stage=1 | Acc=40.780 | StagePure=86.637 | CPrec=86.637 | CRec=65.844 | NPrec=72.455 | NRec=89.844 | Keep=38.000 | TSim=0.985 | RoundTime=69.92s | TotalTime=4429.13s | Method=feddenoise_v3
[Round 048/096] Phase=stage_2 | Stage=1 | Acc=40.640 | StagePure=86.637 | CPrec=86.637 | CRec=65.844 | NPrec=72.455 | NRec=89.844 | Keep=38.000 | TSim=0.985 | RoundTime=67.97s | TotalTime=4497.11s | Method=feddenoise_v3
[Round 049/096] Phase=stage_2 | Stage=1 | Acc=41.160 | StagePure=86.637 | CPrec=86.637 | CRec=65.844 | NPrec=72.455 | NRec=89.844 | Keep=38.000 | TSim=0.985 | RoundTime=70.46s | TotalTime=4567.58s | Method=feddenoise_v3
[Round 050/096] Phase=stage_2 | Stage=1 | Acc=41.480 | StagePure=86.637 | CPrec=86.637 | CRec=65.844 | NPrec=72.455 | NRec=89.844 | Keep=38.000 | TSim=0.985 | RoundTime=71.02s | TotalTime=4638.62s | Method=feddenoise_v3
[Round 051/096] Phase=stage_2 | Stage=1 | Acc=41.450 | StagePure=86.637 | CPrec=86.637 | CRec=65.844 | NPrec=72.455 | NRec=89.844 | Keep=38.000 | TSim=0.985 | RoundTime=69.15s | TotalTime=4707.78s | Method=feddenoise_v3
[Round 052/096] Phase=stage_2 | Stage=1 | Acc=41.660 | StagePure=86.637 | CPrec=86.637 | CRec=65.844 | NPrec=72.455 | NRec=89.844 | Keep=38.000 | TSim=0.985 | RoundTime=70.09s | TotalTime=4777.87s | Method=feddenoise_v3
[Round 053/096] Phase=stage_2 | Stage=1 | Acc=41.510 | StagePure=86.637 | CPrec=86.637 | CRec=65.844 | NPrec=72.455 | NRec=89.844 | Keep=38.000 | TSim=0.985 | RoundTime=67.31s | TotalTime=4845.19s | Method=feddenoise_v3
[Round 054/096] Phase=stage_2 | Stage=1 | Acc=41.460 | StagePure=86.637 | CPrec=86.637 | CRec=65.844 | NPrec=72.455 | NRec=89.844 | Keep=38.000 | TSim=0.985 | RoundTime=68.19s | TotalTime=4913.39s | Method=feddenoise_v3
[Round 055/096] Phase=stage_2 | Stage=1 | Acc=41.890 | StagePure=86.637 | CPrec=86.637 | CRec=65.844 | NPrec=72.455 | NRec=89.844 | Keep=38.000 | TSim=0.985 | RoundTime=68.78s | TotalTime=4982.18s | Method=feddenoise_v3
[Round 056/096] Phase=stage_2 | Stage=1 | Acc=42.020 | StagePure=86.637 | CPrec=86.637 | CRec=65.844 | NPrec=72.455 | NRec=89.844 | Keep=38.000 | TSim=0.985 | RoundTime=68.09s | TotalTime=5050.28s | Method=feddenoise_v3
[Round 057/096] Phase=stage_2 | Stage=1 | Acc=42.210 | StagePure=86.637 | CPrec=86.637 | CRec=65.844 | NPrec=72.455 | NRec=89.844 | Keep=38.000 | TSim=0.985 | RoundTime=70.23s | TotalTime=5120.52s | Method=feddenoise_v3

[Teacher Selection] Building clean subsets for stage 3 ...
[Stage 3] Client 0: teachers=[6, 4], avg_teacher_sim=0.9741, selected=1900
[Stage 3] Client 1: teachers=[6, 7], avg_teacher_sim=0.9709, selected=1900
[Stage 3] Client 2: teachers=[6, 7], avg_teacher_sim=0.9736, selected=1900
[Stage 3] Client 3: teachers=[6, 7], avg_teacher_sim=0.9721, selected=1900
[Stage 3] Client 4: teachers=[6, 1], avg_teacher_sim=0.9719, selected=1900
[Stage 3] Client 5: teachers=[6, 4], avg_teacher_sim=0.9710, selected=1900
[Stage 3] Client 6: teachers=[7, 5], avg_teacher_sim=0.9539, selected=1900
[Stage 3] Client 7: teachers=[6, 1], avg_teacher_sim=0.9704, selected=1900
[Stage 3] Client 8: teachers=[6, 4], avg_teacher_sim=0.9737, selected=1900
[Stage 3] Client 9: teachers=[6, 1], avg_teacher_sim=0.9722, selected=1900
[Stage 3] Selection summary | clean_precision=87.50 | clean_recall=66.50 | noisy_precision=72.98 | noisy_recall=90.50 | keep_ratio=38.00 | avg_teacher_similarity=0.9704
[Round 058/096] Phase=stage_2 | Stage=1 | Acc=41.770 | StagePure=86.637 | CPrec=86.637 | CRec=65.844 | NPrec=72.455 | NRec=89.844 | Keep=38.000 | TSim=0.985 | RoundTime=84.32s | TotalTime=5204.85s | Method=feddenoise_v3
[Round 059/096] Phase=stage_3 | Stage=2 | Acc=42.700 | StagePure=87.500 | CPrec=87.500 | CRec=66.500 | NPrec=72.984 | NRec=90.500 | Keep=38.000 | TSim=0.970 | RoundTime=68.23s | TotalTime=5273.08s | Method=feddenoise_v3
[Round 060/096] Phase=stage_3 | Stage=2 | Acc=42.620 | StagePure=87.500 | CPrec=87.500 | CRec=66.500 | NPrec=72.984 | NRec=90.500 | Keep=38.000 | TSim=0.970 | RoundTime=67.71s | TotalTime=5340.80s | Method=feddenoise_v3
[Round 061/096] Phase=stage_3 | Stage=2 | Acc=42.970 | StagePure=87.500 | CPrec=87.500 | CRec=66.500 | NPrec=72.984 | NRec=90.500 | Keep=38.000 | TSim=0.970 | RoundTime=68.54s | TotalTime=5409.35s | Method=feddenoise_v3
[Round 062/096] Phase=stage_3 | Stage=2 | Acc=42.840 | StagePure=87.500 | CPrec=87.500 | CRec=66.500 | NPrec=72.984 | NRec=90.500 | Keep=38.000 | TSim=0.970 | RoundTime=68.17s | TotalTime=5477.53s | Method=feddenoise_v3
[Round 063/096] Phase=stage_3 | Stage=2 | Acc=43.160 | StagePure=87.500 | CPrec=87.500 | CRec=66.500 | NPrec=72.984 | NRec=90.500 | Keep=38.000 | TSim=0.970 | RoundTime=69.52s | TotalTime=5547.07s | Method=feddenoise_v3
[Round 064/096] Phase=stage_3 | Stage=2 | Acc=43.210 | StagePure=87.500 | CPrec=87.500 | CRec=66.500 | NPrec=72.984 | NRec=90.500 | Keep=38.000 | TSim=0.970 | RoundTime=69.03s | TotalTime=5616.10s | Method=feddenoise_v3
[Round 065/096] Phase=stage_3 | Stage=2 | Acc=42.990 | StagePure=87.500 | CPrec=87.500 | CRec=66.500 | NPrec=72.984 | NRec=90.500 | Keep=38.000 | TSim=0.970 | RoundTime=67.68s | TotalTime=5683.79s | Method=feddenoise_v3
[Round 066/096] Phase=stage_3 | Stage=2 | Acc=43.090 | StagePure=87.500 | CPrec=87.500 | CRec=66.500 | NPrec=72.984 | NRec=90.500 | Keep=38.000 | TSim=0.970 | RoundTime=69.74s | TotalTime=5753.54s | Method=feddenoise_v3
[Round 067/096] Phase=stage_3 | Stage=2 | Acc=43.230 | StagePure=87.500 | CPrec=87.500 | CRec=66.500 | NPrec=72.984 | NRec=90.500 | Keep=38.000 | TSim=0.970 | RoundTime=68.99s | TotalTime=5822.54s | Method=feddenoise_v3
[Round 068/096] Phase=stage_3 | Stage=2 | Acc=43.620 | StagePure=87.500 | CPrec=87.500 | CRec=66.500 | NPrec=72.984 | NRec=90.500 | Keep=38.000 | TSim=0.970 | RoundTime=71.14s | TotalTime=5893.69s | Method=feddenoise_v3
[Round 069/096] Phase=stage_3 | Stage=2 | Acc=43.450 | StagePure=87.500 | CPrec=87.500 | CRec=66.500 | NPrec=72.984 | NRec=90.500 | Keep=38.000 | TSim=0.970 | RoundTime=68.58s | TotalTime=5962.27s | Method=feddenoise_v3
[Round 070/096] Phase=stage_3 | Stage=2 | Acc=43.690 | StagePure=87.500 | CPrec=87.500 | CRec=66.500 | NPrec=72.984 | NRec=90.500 | Keep=38.000 | TSim=0.970 | RoundTime=68.46s | TotalTime=6030.74s | Method=feddenoise_v3
[Round 071/096] Phase=stage_3 | Stage=2 | Acc=43.530 | StagePure=87.500 | CPrec=87.500 | CRec=66.500 | NPrec=72.984 | NRec=90.500 | Keep=38.000 | TSim=0.970 | RoundTime=68.26s | TotalTime=6099.01s | Method=feddenoise_v3
[Round 072/096] Phase=stage_3 | Stage=2 | Acc=43.880 | StagePure=87.500 | CPrec=87.500 | CRec=66.500 | NPrec=72.984 | NRec=90.500 | Keep=38.000 | TSim=0.970 | RoundTime=67.69s | TotalTime=6166.71s | Method=feddenoise_v3
[Round 073/096] Phase=stage_3 | Stage=2 | Acc=43.410 | StagePure=87.500 | CPrec=87.500 | CRec=66.500 | NPrec=72.984 | NRec=90.500 | Keep=38.000 | TSim=0.970 | RoundTime=70.86s | TotalTime=6237.58s | Method=feddenoise_v3
[Round 074/096] Phase=stage_3 | Stage=2 | Acc=43.530 | StagePure=87.500 | CPrec=87.500 | CRec=66.500 | NPrec=72.984 | NRec=90.500 | Keep=38.000 | TSim=0.970 | RoundTime=70.17s | TotalTime=6307.76s | Method=feddenoise_v3
[Round 075/096] Phase=stage_3 | Stage=2 | Acc=43.790 | StagePure=87.500 | CPrec=87.500 | CRec=66.500 | NPrec=72.984 | NRec=90.500 | Keep=38.000 | TSim=0.970 | RoundTime=68.64s | TotalTime=6376.41s | Method=feddenoise_v3
[Round 076/096] Phase=stage_3 | Stage=2 | Acc=43.960 | StagePure=87.500 | CPrec=87.500 | CRec=66.500 | NPrec=72.984 | NRec=90.500 | Keep=38.000 | TSim=0.970 | RoundTime=69.10s | TotalTime=6445.52s | Method=feddenoise_v3

[Teacher Selection] Building clean subsets for stage 4 ...
[Stage 4] Client 0: teachers=[2], avg_teacher_sim=0.9919, selected=1900
[Stage 4] Client 1: teachers=[9], avg_teacher_sim=0.9919, selected=1900
[Stage 4] Client 2: teachers=[9], avg_teacher_sim=0.9898, selected=1900
[Stage 4] Client 3: teachers=[9], avg_teacher_sim=0.9926, selected=1900
[Stage 4] Client 4: teachers=[2], avg_teacher_sim=0.9919, selected=1900
[Stage 4] Client 5: teachers=[2], avg_teacher_sim=0.9915, selected=1900
[Stage 4] Client 6: teachers=[9], avg_teacher_sim=0.9919, selected=1900
[Stage 4] Client 7: teachers=[8], avg_teacher_sim=0.9922, selected=1900
[Stage 4] Client 8: teachers=[9], avg_teacher_sim=0.9914, selected=1900
[Stage 4] Client 9: teachers=[2], avg_teacher_sim=0.9898, selected=1900
[Stage 4] Selection summary | clean_precision=87.05 | clean_recall=66.16 | noisy_precision=72.71 | noisy_recall=90.16 | keep_ratio=38.00 | avg_teacher_similarity=0.9915
[Round 077/096] Phase=stage_3 | Stage=2 | Acc=44.180 | StagePure=87.500 | CPrec=87.500 | CRec=66.500 | NPrec=72.984 | NRec=90.500 | Keep=38.000 | TSim=0.970 | RoundTime=83.40s | TotalTime=6528.92s | Method=feddenoise_v3
[Round 078/096] Phase=stage_4 | Stage=3 | Acc=44.720 | StagePure=87.047 | CPrec=87.047 | CRec=66.156 | NPrec=72.706 | NRec=90.156 | Keep=38.000 | TSim=0.992 | RoundTime=70.06s | TotalTime=6598.99s | Method=feddenoise_v3
[Round 079/096] Phase=stage_4 | Stage=3 | Acc=44.170 | StagePure=87.047 | CPrec=87.047 | CRec=66.156 | NPrec=72.706 | NRec=90.156 | Keep=38.000 | TSim=0.992 | RoundTime=68.64s | TotalTime=6667.64s | Method=feddenoise_v3
[Round 080/096] Phase=stage_4 | Stage=3 | Acc=44.630 | StagePure=87.047 | CPrec=87.047 | CRec=66.156 | NPrec=72.706 | NRec=90.156 | Keep=38.000 | TSim=0.992 | RoundTime=69.41s | TotalTime=6737.05s | Method=feddenoise_v3
[Round 081/096] Phase=stage_4 | Stage=3 | Acc=44.570 | StagePure=87.047 | CPrec=87.047 | CRec=66.156 | NPrec=72.706 | NRec=90.156 | Keep=38.000 | TSim=0.992 | RoundTime=69.36s | TotalTime=6806.42s | Method=feddenoise_v3
[Round 082/096] Phase=stage_4 | Stage=3 | Acc=44.700 | StagePure=87.047 | CPrec=87.047 | CRec=66.156 | NPrec=72.706 | NRec=90.156 | Keep=38.000 | TSim=0.992 | RoundTime=68.44s | TotalTime=6874.87s | Method=feddenoise_v3
[Round 083/096] Phase=stage_4 | Stage=3 | Acc=44.020 | StagePure=87.047 | CPrec=87.047 | CRec=66.156 | NPrec=72.706 | NRec=90.156 | Keep=38.000 | TSim=0.992 | RoundTime=69.42s | TotalTime=6944.30s | Method=feddenoise_v3
[Round 084/096] Phase=stage_4 | Stage=3 | Acc=44.240 | StagePure=87.047 | CPrec=87.047 | CRec=66.156 | NPrec=72.706 | NRec=90.156 | Keep=38.000 | TSim=0.992 | RoundTime=69.32s | TotalTime=7013.63s | Method=feddenoise_v3
[Round 085/096] Phase=stage_4 | Stage=3 | Acc=44.540 | StagePure=87.047 | CPrec=87.047 | CRec=66.156 | NPrec=72.706 | NRec=90.156 | Keep=38.000 | TSim=0.992 | RoundTime=68.36s | TotalTime=7081.99s | Method=feddenoise_v3
[Round 086/096] Phase=stage_4 | Stage=3 | Acc=44.560 | StagePure=87.047 | CPrec=87.047 | CRec=66.156 | NPrec=72.706 | NRec=90.156 | Keep=38.000 | TSim=0.992 | RoundTime=69.42s | TotalTime=7151.43s | Method=feddenoise_v3
[Round 087/096] Phase=stage_4 | Stage=3 | Acc=44.520 | StagePure=87.047 | CPrec=87.047 | CRec=66.156 | NPrec=72.706 | NRec=90.156 | Keep=38.000 | TSim=0.992 | RoundTime=69.01s | TotalTime=7220.44s | Method=feddenoise_v3
[Round 088/096] Phase=stage_4 | Stage=3 | Acc=44.460 | StagePure=87.047 | CPrec=87.047 | CRec=66.156 | NPrec=72.706 | NRec=90.156 | Keep=38.000 | TSim=0.992 | RoundTime=68.67s | TotalTime=7289.12s | Method=feddenoise_v3
[Round 089/096] Phase=stage_4 | Stage=3 | Acc=44.440 | StagePure=87.047 | CPrec=87.047 | CRec=66.156 | NPrec=72.706 | NRec=90.156 | Keep=38.000 | TSim=0.992 | RoundTime=68.76s | TotalTime=7357.88s | Method=feddenoise_v3
[Round 090/096] Phase=stage_4 | Stage=3 | Acc=44.540 | StagePure=87.047 | CPrec=87.047 | CRec=66.156 | NPrec=72.706 | NRec=90.156 | Keep=38.000 | TSim=0.992 | RoundTime=68.81s | TotalTime=7426.71s | Method=feddenoise_v3
[Round 091/096] Phase=stage_4 | Stage=3 | Acc=44.750 | StagePure=87.047 | CPrec=87.047 | CRec=66.156 | NPrec=72.706 | NRec=90.156 | Keep=38.000 | TSim=0.992 | RoundTime=67.75s | TotalTime=7494.47s | Method=feddenoise_v3
[Round 092/096] Phase=stage_4 | Stage=3 | Acc=45.240 | StagePure=87.047 | CPrec=87.047 | CRec=66.156 | NPrec=72.706 | NRec=90.156 | Keep=38.000 | TSim=0.992 | RoundTime=68.90s | TotalTime=7563.38s | Method=feddenoise_v3
[Round 093/096] Phase=stage_4 | Stage=3 | Acc=44.670 | StagePure=87.047 | CPrec=87.047 | CRec=66.156 | NPrec=72.706 | NRec=90.156 | Keep=38.000 | TSim=0.992 | RoundTime=69.61s | TotalTime=7633.00s | Method=feddenoise_v3
[Round 094/096] Phase=stage_4 | Stage=3 | Acc=44.620 | StagePure=87.047 | CPrec=87.047 | CRec=66.156 | NPrec=72.706 | NRec=90.156 | Keep=38.000 | TSim=0.992 | RoundTime=70.04s | TotalTime=7703.05s | Method=feddenoise_v3
[Round 095/096] Phase=stage_4 | Stage=3 | Acc=44.980 | StagePure=87.047 | CPrec=87.047 | CRec=66.156 | NPrec=72.706 | NRec=90.156 | Keep=38.000 | TSim=0.992 | RoundTime=66.22s | TotalTime=7769.28s | Method=feddenoise_v3
[Round 096/096] Phase=stage_4 | Stage=3 | Acc=44.700 | StagePure=87.047 | CPrec=87.047 | CRec=66.156 | NPrec=72.706 | NRec=90.156 | Keep=38.000 | TSim=0.992 | RoundTime=64.23s | TotalTime=7833.53s | Method=feddenoise_v3
========================================================================================================================
Training finished at: 2026-04-10 22:18:24
Total elapsed time: 7833.54s
Final Acc: 44.700
Best Acc : 45.240
Final StagePure: 87.047
Best StagePure : 87.500
========================================================================================================================
