[Launch] model=fedavg | dataset=fl_mnist | clients=10 | rounds=210 | local_epoch=1 | batch_size=64 | noise_mode=uniform | noise_value=0.3
mean: 6000.0
std: 0.0
Data statistics: {0: {0: 634, 1: 221, 2: 649, 3: 1494, 4: 344, 5: 938, 6: 235, 7: 469, 8: 837, 9: 179}, 1: {0: 723, 1: 860, 2: 2069, 3: 1136, 4: 210, 5: 197, 6: 202, 7: 187, 8: 213, 9: 203}, 2: {0: 684, 1: 826, 2: 628, 3: 422, 4: 855, 5: 232, 6: 544, 7: 1042, 8: 563, 9: 204}, 3: {0: 409, 1: 841, 2: 333, 3: 903, 4: 841, 5: 740, 6: 1063, 7: 479, 8: 183, 9: 208}, 4: {0: 412, 1: 429, 2: 827, 3: 657, 4: 290, 5: 759, 6: 258, 7: 247, 8: 1632, 9: 489}, 5: {0: 302, 1: 854, 2: 310, 3: 390, 4: 391, 5: 304, 6: 1135, 7: 712, 8: 701, 9: 901}, 6: {0: 1049, 1: 253, 2: 405, 3: 376, 4: 1561, 5: 350, 6: 348, 7: 1131, 8: 340, 9: 187}, 7: {0: 564, 1: 1230, 2: 307, 3: 203, 4: 415, 5: 535, 6: 923, 7: 1396, 8: 224, 9: 203}, 8: {0: 381, 1: 203, 2: 235, 3: 229, 4: 626, 5: 1110, 6: 667, 7: 207, 8: 505, 9: 1837}, 9: {0: 768, 1: 766, 2: 266, 3: 259, 4: 340, 5: 412, 6: 538, 7: 226, 8: 785, 9: 1640}}
========================================================================================================================
Training started at: 2026-04-07 01:46:13
Result directory: results/fl_mnist/fedavg/pm-dir_a-0.8_nm-uni_nr-0.3_nt-symmetric
Result txt file : results/fl_mnist/fedavg/pm-dir_a-0.8_nm-uni_nr-0.3_nt-symmetric/fedavg_fl_mnist_20260407-014613-255586_pid3608611.txt
Result log file : results/fl_mnist/fedavg/pm-dir_a-0.8_nm-uni_nr-0.3_nt-symmetric/fedavg_fl_mnist_20260407-014613-255586_pid3608611.log
------------------------------------------------------------------------------------------------------------------------
Model: fedavg
Dataset: fl_mnist
Structure: homogeneity
Participants: 10
Online ratio: 1.0
Communication epochs: 210
Local epoch: 1
Local batch size: 64
Local lr: 0.01
Partition mode: dirichlet
Dirichlet alpha: 0.8
Noise mode: uniform
Noise rate: 0.3
Noise type: symmetric
Noise max: 0.3
Averaging: weight
Seed: 0
========================================================================================================================
[Round 001/210] Phase=standard | Stage=warmup | Acc=11.350 | RoundTime=33.05s | TotalTime=33.06s | Method=fedavg
[Round 002/210] Phase=standard | Stage=warmup | Acc=67.710 | RoundTime=34.01s | TotalTime=67.07s | Method=fedavg
[Round 003/210] Phase=standard | Stage=warmup | Acc=93.780 | RoundTime=34.25s | TotalTime=101.34s | Method=fedavg
[Round 004/210] Phase=standard | Stage=warmup | Acc=96.440 | RoundTime=35.90s | TotalTime=137.24s | Method=fedavg
[Round 005/210] Phase=standard | Stage=warmup | Acc=97.280 | RoundTime=34.20s | TotalTime=171.45s | Method=fedavg
[Round 006/210] Phase=standard | Stage=warmup | Acc=97.880 | RoundTime=34.41s | TotalTime=205.87s | Method=fedavg
[Round 007/210] Phase=standard | Stage=warmup | Acc=98.080 | RoundTime=34.45s | TotalTime=240.33s | Method=fedavg
[Round 008/210] Phase=standard | Stage=warmup | Acc=98.330 | RoundTime=35.74s | TotalTime=276.08s | Method=fedavg
[Round 009/210] Phase=standard | Stage=warmup | Acc=98.050 | RoundTime=34.20s | TotalTime=310.29s | Method=fedavg
[Round 010/210] Phase=standard | Stage=warmup | Acc=98.510 | RoundTime=34.14s | TotalTime=344.44s | Method=fedavg
[Round 011/210] Phase=standard | Stage=warmup | Acc=98.600 | RoundTime=35.17s | TotalTime=379.62s | Method=fedavg
[Round 012/210] Phase=standard | Stage=warmup | Acc=98.830 | RoundTime=35.59s | TotalTime=415.22s | Method=fedavg
[Round 013/210] Phase=standard | Stage=warmup | Acc=98.720 | RoundTime=35.01s | TotalTime=450.23s | Method=fedavg
[Round 014/210] Phase=standard | Stage=warmup | Acc=98.890 | RoundTime=34.50s | TotalTime=484.74s | Method=fedavg
[Round 015/210] Phase=standard | Stage=warmup | Acc=98.840 | RoundTime=35.69s | TotalTime=520.44s | Method=fedavg
[Round 016/210] Phase=standard | Stage=warmup | Acc=98.900 | RoundTime=35.73s | TotalTime=556.17s | Method=fedavg
[Round 017/210] Phase=standard | Stage=warmup | Acc=98.980 | RoundTime=34.80s | TotalTime=590.98s | Method=fedavg
[Round 018/210] Phase=standard | Stage=warmup | Acc=99.000 | RoundTime=33.52s | TotalTime=624.52s | Method=fedavg
[Round 019/210] Phase=standard | Stage=warmup | Acc=98.950 | RoundTime=34.98s | TotalTime=659.50s | Method=fedavg
[Round 020/210] Phase=standard | Stage=warmup | Acc=98.910 | RoundTime=37.00s | TotalTime=696.51s | Method=fedavg
已终止
