[Launch] model=fedavg | dataset=fl_svhn | clients=10 | rounds=210 | local_epoch=1 | batch_size=64 | noise_mode=uniform | noise_value=0.3
Using downloaded and verified file: /mnt/workspace/shiyl/CodeScout/test/kiwi/DenoiseFL/data/train_32x32.mat
Using downloaded and verified file: /mnt/workspace/shiyl/CodeScout/test/kiwi/DenoiseFL/data/test_32x32.mat
mean: 7325.7
std: 0.45825756949558405
Data statistics: {0: {0: 369, 1: 2018, 2: 1794, 3: 837, 4: 1079, 5: 222, 6: 271, 7: 248, 8: 227, 9: 261}, 1: {0: 275, 1: 253, 2: 667, 3: 2745, 4: 258, 5: 508, 6: 644, 7: 479, 8: 1252, 9: 245}, 2: {0: 257, 1: 261, 2: 321, 3: 292, 4: 250, 5: 1117, 6: 491, 7: 711, 8: 562, 9: 3064}, 3: {0: 291, 1: 811, 2: 247, 3: 311, 4: 549, 5: 2963, 6: 278, 7: 1344, 8: 257, 9: 275}, 4: {0: 2772, 1: 269, 2: 1413, 3: 1441, 4: 241, 5: 230, 6: 250, 7: 212, 8: 242, 9: 256}, 5: {0: 230, 1: 919, 2: 570, 3: 279, 4: 1200, 5: 918, 6: 2461, 7: 240, 8: 252, 9: 257}, 6: {0: 254, 1: 2618, 2: 396, 3: 876, 4: 1975, 5: 243, 6: 261, 7: 233, 8: 250, 9: 220}, 7: {0: 268, 1: 3845, 2: 1485, 3: 239, 4: 243, 5: 256, 6: 228, 7: 259, 8: 267, 9: 235}, 8: {0: 780, 1: 261, 2: 2369, 3: 240, 4: 417, 5: 332, 6: 356, 7: 1988, 8: 312, 9: 270}, 9: {0: 232, 1: 403, 2: 255, 3: 798, 4: 1198, 5: 247, 6: 1050, 7: 349, 8: 2250, 9: 543}}
========================================================================================================================
Training started at: 2026-04-07 01:58:37
Result directory: results/fl_svhn/fedavg/pm-dir_a-0.5_nm-uni_nr-0.3_nt-symmetric
Result txt file : results/fl_svhn/fedavg/pm-dir_a-0.5_nm-uni_nr-0.3_nt-symmetric/fedavg_fl_svhn_20260407-015837-557475_pid3634037.txt
Result log file : results/fl_svhn/fedavg/pm-dir_a-0.5_nm-uni_nr-0.3_nt-symmetric/fedavg_fl_svhn_20260407-015837-557475_pid3634037.log
------------------------------------------------------------------------------------------------------------------------
Model: fedavg
Dataset: fl_svhn
Structure: homogeneity
Participants: 10
Online ratio: 1.0
Communication epochs: 210
Local epoch: 1
Local batch size: 64
Local lr: 0.01
Partition mode: dirichlet
Dirichlet alpha: 0.5
Noise mode: uniform
Noise rate: 0.3
Noise type: symmetric
Noise max: 0.3
Averaging: weight
Seed: 0
========================================================================================================================
[Round 001/210] Phase=standard | Stage=warmup | Acc=21.020 | RoundTime=48.03s | TotalTime=48.04s | Method=fedavg
[Round 002/210] Phase=standard | Stage=warmup | Acc=41.470 | RoundTime=46.70s | TotalTime=94.75s | Method=fedavg
[Round 003/210] Phase=standard | Stage=warmup | Acc=67.030 | RoundTime=46.38s | TotalTime=141.13s | Method=fedavg
[Round 004/210] Phase=standard | Stage=warmup | Acc=71.750 | RoundTime=46.61s | TotalTime=187.74s | Method=fedavg
[Round 005/210] Phase=standard | Stage=warmup | Acc=77.340 | RoundTime=46.31s | TotalTime=234.06s | Method=fedavg
[Round 006/210] Phase=standard | Stage=warmup | Acc=79.850 | RoundTime=46.77s | TotalTime=280.84s | Method=fedavg
[Round 007/210] Phase=standard | Stage=warmup | Acc=82.610 | RoundTime=46.84s | TotalTime=327.68s | Method=fedavg
[Round 008/210] Phase=standard | Stage=warmup | Acc=83.160 | RoundTime=46.64s | TotalTime=374.33s | Method=fedavg
[Round 009/210] Phase=standard | Stage=warmup | Acc=83.940 | RoundTime=46.74s | TotalTime=421.08s | Method=fedavg
[Round 010/210] Phase=standard | Stage=warmup | Acc=84.690 | RoundTime=46.56s | TotalTime=467.64s | Method=fedavg
[Round 011/210] Phase=standard | Stage=warmup | Acc=86.230 | RoundTime=46.83s | TotalTime=514.48s | Method=fedavg
[Round 012/210] Phase=standard | Stage=warmup | Acc=86.180 | RoundTime=47.89s | TotalTime=562.37s | Method=fedavg
[Round 013/210] Phase=standard | Stage=warmup | Acc=86.470 | RoundTime=46.63s | TotalTime=609.01s | Method=fedavg
[Round 014/210] Phase=standard | Stage=warmup | Acc=87.430 | RoundTime=47.38s | TotalTime=656.40s | Method=fedavg
[Round 015/210] Phase=standard | Stage=warmup | Acc=88.030 | RoundTime=46.35s | TotalTime=702.75s | Method=fedavg
[Round 016/210] Phase=standard | Stage=warmup | Acc=87.850 | RoundTime=46.56s | TotalTime=749.32s | Method=fedavg
[Round 017/210] Phase=standard | Stage=warmup | Acc=88.130 | RoundTime=47.20s | TotalTime=796.53s | Method=fedavg
[Round 018/210] Phase=standard | Stage=warmup | Acc=87.750 | RoundTime=46.94s | TotalTime=843.47s | Method=fedavg
[Round 019/210] Phase=standard | Stage=warmup | Acc=89.150 | RoundTime=46.22s | TotalTime=889.70s | Method=fedavg
[Round 020/210] Phase=standard | Stage=warmup | Acc=89.750 | RoundTime=47.37s | TotalTime=937.07s | Method=fedavg
[Round 021/210] Phase=standard | Stage=warmup | Acc=89.370 | RoundTime=46.69s | TotalTime=983.77s | Method=fedavg
[Round 022/210] Phase=standard | Stage=warmup | Acc=89.840 | RoundTime=46.98s | TotalTime=1030.75s | Method=fedavg
[Round 023/210] Phase=standard | Stage=warmup | Acc=89.910 | RoundTime=47.03s | TotalTime=1077.79s | Method=fedavg
[Round 024/210] Phase=standard | Stage=warmup | Acc=89.700 | RoundTime=47.03s | TotalTime=1124.83s | Method=fedavg
[Round 025/210] Phase=standard | Stage=warmup | Acc=89.990 | RoundTime=46.21s | TotalTime=1171.05s | Method=fedavg
[Round 026/210] Phase=standard | Stage=warmup | Acc=90.250 | RoundTime=46.57s | TotalTime=1217.63s | Method=fedavg
[Round 027/210] Phase=standard | Stage=warmup | Acc=90.400 | RoundTime=46.68s | TotalTime=1264.32s | Method=fedavg
[Round 028/210] Phase=standard | Stage=warmup | Acc=90.220 | RoundTime=46.21s | TotalTime=1310.54s | Method=fedavg
[Round 029/210] Phase=standard | Stage=warmup | Acc=90.680 | RoundTime=46.50s | TotalTime=1357.04s | Method=fedavg
[Round 030/210] Phase=standard | Stage=warmup | Acc=90.620 | RoundTime=46.46s | TotalTime=1403.51s | Method=fedavg
[Round 031/210] Phase=standard | Stage=warmup | Acc=90.710 | RoundTime=46.22s | TotalTime=1449.74s | Method=fedavg
[Round 032/210] Phase=standard | Stage=warmup | Acc=90.400 | RoundTime=46.65s | TotalTime=1496.40s | Method=fedavg
[Round 033/210] Phase=standard | Stage=warmup | Acc=90.330 | RoundTime=48.15s | TotalTime=1544.56s | Method=fedavg
[Round 034/210] Phase=standard | Stage=warmup | Acc=91.020 | RoundTime=46.09s | TotalTime=1590.66s | Method=fedavg
[Round 035/210] Phase=standard | Stage=warmup | Acc=90.500 | RoundTime=47.45s | TotalTime=1638.11s | Method=fedavg
[Round 036/210] Phase=standard | Stage=warmup | Acc=90.470 | RoundTime=46.96s | TotalTime=1685.08s | Method=fedavg
[Round 037/210] Phase=standard | Stage=warmup | Acc=90.390 | RoundTime=46.84s | TotalTime=1731.93s | Method=fedavg
[Round 038/210] Phase=standard | Stage=warmup | Acc=90.430 | RoundTime=46.67s | TotalTime=1778.61s | Method=fedavg
[Round 039/210] Phase=standard | Stage=warmup | Acc=91.080 | RoundTime=45.69s | TotalTime=1824.30s | Method=fedavg
[Round 040/210] Phase=standard | Stage=warmup | Acc=90.920 | RoundTime=47.16s | TotalTime=1871.47s | Method=fedavg
[Round 041/210] Phase=standard | Stage=warmup | Acc=90.780 | RoundTime=47.23s | TotalTime=1918.71s | Method=fedavg
[Round 042/210] Phase=standard | Stage=warmup | Acc=90.550 | RoundTime=46.75s | TotalTime=1965.47s | Method=fedavg
[Round 043/210] Phase=standard | Stage=warmup | Acc=91.060 | RoundTime=46.43s | TotalTime=2011.91s | Method=fedavg
[Round 044/210] Phase=standard | Stage=warmup | Acc=90.720 | RoundTime=46.52s | TotalTime=2058.44s | Method=fedavg
[Round 045/210] Phase=standard | Stage=warmup | Acc=90.730 | RoundTime=46.50s | TotalTime=2104.96s | Method=fedavg
[Round 046/210] Phase=standard | Stage=warmup | Acc=90.370 | RoundTime=46.96s | TotalTime=2151.92s | Method=fedavg
[Round 047/210] Phase=standard | Stage=warmup | Acc=90.410 | RoundTime=46.81s | TotalTime=2198.74s | Method=fedavg
[Round 048/210] Phase=standard | Stage=warmup | Acc=90.500 | RoundTime=46.75s | TotalTime=2245.49s | Method=fedavg
[Round 049/210] Phase=standard | Stage=warmup | Acc=90.400 | RoundTime=47.36s | TotalTime=2292.86s | Method=fedavg
[Round 050/210] Phase=standard | Stage=warmup | Acc=90.090 | RoundTime=46.65s | TotalTime=2339.52s | Method=fedavg
[Round 051/210] Phase=standard | Stage=warmup | Acc=90.160 | RoundTime=47.87s | TotalTime=2387.40s | Method=fedavg
[Round 052/210] Phase=standard | Stage=warmup | Acc=89.940 | RoundTime=46.11s | TotalTime=2433.51s | Method=fedavg
[Round 053/210] Phase=standard | Stage=warmup | Acc=90.220 | RoundTime=47.13s | TotalTime=2480.65s | Method=fedavg
[Round 054/210] Phase=standard | Stage=warmup | Acc=90.060 | RoundTime=46.88s | TotalTime=2527.54s | Method=fedavg
[Round 055/210] Phase=standard | Stage=warmup | Acc=89.830 | RoundTime=46.16s | TotalTime=2573.71s | Method=fedavg
[Round 056/210] Phase=standard | Stage=warmup | Acc=89.390 | RoundTime=47.24s | TotalTime=2620.96s | Method=fedavg
[Round 057/210] Phase=standard | Stage=warmup | Acc=90.150 | RoundTime=48.16s | TotalTime=2669.14s | Method=fedavg
[Round 058/210] Phase=standard | Stage=warmup | Acc=89.540 | RoundTime=47.11s | TotalTime=2716.25s | Method=fedavg
[Round 059/210] Phase=standard | Stage=warmup | Acc=89.340 | RoundTime=46.73s | TotalTime=2763.09s | Method=fedavg
[Round 060/210] Phase=standard | Stage=warmup | Acc=89.560 | RoundTime=46.85s | TotalTime=2809.95s | Method=fedavg
[Round 061/210] Phase=standard | Stage=warmup | Acc=88.840 | RoundTime=46.03s | TotalTime=2855.99s | Method=fedavg
[Round 062/210] Phase=standard | Stage=warmup | Acc=88.380 | RoundTime=47.40s | TotalTime=2903.40s | Method=fedavg
[Round 063/210] Phase=standard | Stage=warmup | Acc=88.560 | RoundTime=46.37s | TotalTime=2949.78s | Method=fedavg
[Round 064/210] Phase=standard | Stage=warmup | Acc=88.300 | RoundTime=46.23s | TotalTime=2996.02s | Method=fedavg
[Round 065/210] Phase=standard | Stage=warmup | Acc=88.160 | RoundTime=46.91s | TotalTime=3042.94s | Method=fedavg
[Round 066/210] Phase=standard | Stage=warmup | Acc=88.540 | RoundTime=46.52s | TotalTime=3089.46s | Method=fedavg
[Round 067/210] Phase=standard | Stage=warmup | Acc=87.740 | RoundTime=46.06s | TotalTime=3135.53s | Method=fedavg
[Round 068/210] Phase=standard | Stage=warmup | Acc=87.730 | RoundTime=47.23s | TotalTime=3182.77s | Method=fedavg
[Round 069/210] Phase=standard | Stage=warmup | Acc=87.490 | RoundTime=46.71s | TotalTime=3229.49s | Method=fedavg
[Round 070/210] Phase=standard | Stage=warmup | Acc=87.420 | RoundTime=45.95s | TotalTime=3275.45s | Method=fedavg
[Round 071/210] Phase=standard | Stage=warmup | Acc=87.150 | RoundTime=47.06s | TotalTime=3322.52s | Method=fedavg
[Round 072/210] Phase=standard | Stage=warmup | Acc=86.840 | RoundTime=46.93s | TotalTime=3369.47s | Method=fedavg
[Round 073/210] Phase=standard | Stage=warmup | Acc=86.280 | RoundTime=46.41s | TotalTime=3415.89s | Method=fedavg
[Round 074/210] Phase=standard | Stage=warmup | Acc=86.030 | RoundTime=46.56s | TotalTime=3462.46s | Method=fedavg
[Round 075/210] Phase=standard | Stage=warmup | Acc=86.120 | RoundTime=46.54s | TotalTime=3509.01s | Method=fedavg
[Round 076/210] Phase=standard | Stage=warmup | Acc=86.530 | RoundTime=46.16s | TotalTime=3555.18s | Method=fedavg
[Round 077/210] Phase=standard | Stage=warmup | Acc=85.770 | RoundTime=46.59s | TotalTime=3601.78s | Method=fedavg
[Round 078/210] Phase=standard | Stage=warmup | Acc=84.780 | RoundTime=46.75s | TotalTime=3648.54s | Method=fedavg
[Round 079/210] Phase=standard | Stage=warmup | Acc=84.860 | RoundTime=46.36s | TotalTime=3694.91s | Method=fedavg
[Round 080/210] Phase=standard | Stage=warmup | Acc=84.020 | RoundTime=47.61s | TotalTime=3742.52s | Method=fedavg
[Round 081/210] Phase=standard | Stage=warmup | Acc=83.920 | RoundTime=46.62s | TotalTime=3789.16s | Method=fedavg
[Round 082/210] Phase=standard | Stage=warmup | Acc=84.430 | RoundTime=46.13s | TotalTime=3835.30s | Method=fedavg
[Round 083/210] Phase=standard | Stage=warmup | Acc=83.970 | RoundTime=46.83s | TotalTime=3882.14s | Method=fedavg
[Round 084/210] Phase=standard | Stage=warmup | Acc=83.160 | RoundTime=46.63s | TotalTime=3928.78s | Method=fedavg
[Round 085/210] Phase=standard | Stage=warmup | Acc=82.640 | RoundTime=46.31s | TotalTime=3975.09s | Method=fedavg
[Round 086/210] Phase=standard | Stage=warmup | Acc=82.950 | RoundTime=46.34s | TotalTime=4021.44s | Method=fedavg
[Round 087/210] Phase=standard | Stage=warmup | Acc=82.560 | RoundTime=35.17s | TotalTime=4056.62s | Method=fedavg
[Round 088/210] Phase=standard | Stage=warmup | Acc=81.280 | RoundTime=34.10s | TotalTime=4090.73s | Method=fedavg
[Round 089/210] Phase=standard | Stage=warmup | Acc=81.530 | RoundTime=46.07s | TotalTime=4136.82s | Method=fedavg
[Round 090/210] Phase=standard | Stage=warmup | Acc=81.340 | RoundTime=46.68s | TotalTime=4183.50s | Method=fedavg
[Round 091/210] Phase=standard | Stage=warmup | Acc=81.130 | RoundTime=46.58s | TotalTime=4230.09s | Method=fedavg
[Round 092/210] Phase=standard | Stage=warmup | Acc=80.440 | RoundTime=46.96s | TotalTime=4277.06s | Method=fedavg
[Round 093/210] Phase=standard | Stage=warmup | Acc=80.450 | RoundTime=46.46s | TotalTime=4323.53s | Method=fedavg
[Round 094/210] Phase=standard | Stage=warmup | Acc=80.970 | RoundTime=46.19s | TotalTime=4369.73s | Method=fedavg
[Round 095/210] Phase=standard | Stage=warmup | Acc=79.400 | RoundTime=46.09s | TotalTime=4415.83s | Method=fedavg
[Round 096/210] Phase=standard | Stage=warmup | Acc=79.170 | RoundTime=46.07s | TotalTime=4461.90s | Method=fedavg
[Round 097/210] Phase=standard | Stage=warmup | Acc=77.910 | RoundTime=46.25s | TotalTime=4508.16s | Method=fedavg
[Round 098/210] Phase=standard | Stage=warmup | Acc=78.110 | RoundTime=46.32s | TotalTime=4554.49s | Method=fedavg
[Round 099/210] Phase=standard | Stage=warmup | Acc=78.070 | RoundTime=45.67s | TotalTime=4600.17s | Method=fedavg
[Round 100/210] Phase=standard | Stage=warmup | Acc=77.810 | RoundTime=46.33s | TotalTime=4646.51s | Method=fedavg
[Round 101/210] Phase=standard | Stage=warmup | Acc=77.080 | RoundTime=46.19s | TotalTime=4692.71s | Method=fedavg
[Round 102/210] Phase=standard | Stage=warmup | Acc=77.240 | RoundTime=46.72s | TotalTime=4739.44s | Method=fedavg
[Round 103/210] Phase=standard | Stage=warmup | Acc=77.140 | RoundTime=46.34s | TotalTime=4785.79s | Method=fedavg
[Round 104/210] Phase=standard | Stage=warmup | Acc=77.130 | RoundTime=46.35s | TotalTime=4832.15s | Method=fedavg
[Round 105/210] Phase=standard | Stage=warmup | Acc=76.230 | RoundTime=46.46s | TotalTime=4878.62s | Method=fedavg
[Round 106/210] Phase=standard | Stage=warmup | Acc=76.470 | RoundTime=46.48s | TotalTime=4925.10s | Method=fedavg
[Round 107/210] Phase=standard | Stage=warmup | Acc=76.390 | RoundTime=46.42s | TotalTime=4971.53s | Method=fedavg
[Round 108/210] Phase=standard | Stage=warmup | Acc=75.380 | RoundTime=46.53s | TotalTime=5018.06s | Method=fedavg
[Round 109/210] Phase=standard | Stage=warmup | Acc=75.900 | RoundTime=46.98s | TotalTime=5065.06s | Method=fedavg
[Round 110/210] Phase=standard | Stage=warmup | Acc=73.840 | RoundTime=46.55s | TotalTime=5111.62s | Method=fedavg
[Round 111/210] Phase=standard | Stage=warmup | Acc=74.350 | RoundTime=46.90s | TotalTime=5158.53s | Method=fedavg
[Round 112/210] Phase=standard | Stage=warmup | Acc=73.330 | RoundTime=47.08s | TotalTime=5205.62s | Method=fedavg
[Round 113/210] Phase=standard | Stage=warmup | Acc=74.090 | RoundTime=46.09s | TotalTime=5251.73s | Method=fedavg
[Round 114/210] Phase=standard | Stage=warmup | Acc=74.260 | RoundTime=46.42s | TotalTime=5298.16s | Method=fedavg
[Round 115/210] Phase=standard | Stage=warmup | Acc=74.930 | RoundTime=46.48s | TotalTime=5344.65s | Method=fedavg
[Round 116/210] Phase=standard | Stage=warmup | Acc=72.510 | RoundTime=46.21s | TotalTime=5390.87s | Method=fedavg
[Round 117/210] Phase=standard | Stage=warmup | Acc=74.390 | RoundTime=47.25s | TotalTime=5438.13s | Method=fedavg
[Round 118/210] Phase=standard | Stage=warmup | Acc=73.720 | RoundTime=46.60s | TotalTime=5484.74s | Method=fedavg
[Round 119/210] Phase=standard | Stage=warmup | Acc=72.890 | RoundTime=46.40s | TotalTime=5531.15s | Method=fedavg
[Round 120/210] Phase=standard | Stage=warmup | Acc=72.990 | RoundTime=46.24s | TotalTime=5577.39s | Method=fedavg
[Round 121/210] Phase=standard | Stage=warmup | Acc=72.080 | RoundTime=46.29s | TotalTime=5623.70s | Method=fedavg
[Round 122/210] Phase=standard | Stage=warmup | Acc=72.590 | RoundTime=45.98s | TotalTime=5669.69s | Method=fedavg
[Round 123/210] Phase=standard | Stage=warmup | Acc=72.800 | RoundTime=46.43s | TotalTime=5716.13s | Method=fedavg
[Round 124/210] Phase=standard | Stage=warmup | Acc=72.370 | RoundTime=48.17s | TotalTime=5764.31s | Method=fedavg
[Round 125/210] Phase=standard | Stage=warmup | Acc=72.400 | RoundTime=46.23s | TotalTime=5810.55s | Method=fedavg
[Round 126/210] Phase=standard | Stage=warmup | Acc=72.680 | RoundTime=46.73s | TotalTime=5857.28s | Method=fedavg
[Round 127/210] Phase=standard | Stage=warmup | Acc=72.210 | RoundTime=47.46s | TotalTime=5904.74s | Method=fedavg
[Round 128/210] Phase=standard | Stage=warmup | Acc=71.610 | RoundTime=46.30s | TotalTime=5951.05s | Method=fedavg
[Round 129/210] Phase=standard | Stage=warmup | Acc=72.360 | RoundTime=47.09s | TotalTime=5998.15s | Method=fedavg
[Round 130/210] Phase=standard | Stage=warmup | Acc=72.350 | RoundTime=46.32s | TotalTime=6044.49s | Method=fedavg
[Round 131/210] Phase=standard | Stage=warmup | Acc=72.450 | RoundTime=45.98s | TotalTime=6090.48s | Method=fedavg
[Round 132/210] Phase=standard | Stage=warmup | Acc=71.570 | RoundTime=46.21s | TotalTime=6136.70s | Method=fedavg
[Round 133/210] Phase=standard | Stage=warmup | Acc=73.010 | RoundTime=46.56s | TotalTime=6183.27s | Method=fedavg
[Round 134/210] Phase=standard | Stage=warmup | Acc=72.410 | RoundTime=45.88s | TotalTime=6229.16s | Method=fedavg
[Round 135/210] Phase=standard | Stage=warmup | Acc=71.400 | RoundTime=46.49s | TotalTime=6275.66s | Method=fedavg
[Round 136/210] Phase=standard | Stage=warmup | Acc=71.730 | RoundTime=46.48s | TotalTime=6322.15s | Method=fedavg
[Round 137/210] Phase=standard | Stage=warmup | Acc=71.710 | RoundTime=45.96s | TotalTime=6368.13s | Method=fedavg
[Round 138/210] Phase=standard | Stage=warmup | Acc=71.630 | RoundTime=46.12s | TotalTime=6414.25s | Method=fedavg
[Round 139/210] Phase=standard | Stage=warmup | Acc=71.770 | RoundTime=46.50s | TotalTime=6460.76s | Method=fedavg
[Round 140/210] Phase=standard | Stage=warmup | Acc=71.770 | RoundTime=45.91s | TotalTime=6506.68s | Method=fedavg
[Round 141/210] Phase=standard | Stage=warmup | Acc=71.340 | RoundTime=46.48s | TotalTime=6553.17s | Method=fedavg
[Round 142/210] Phase=standard | Stage=warmup | Acc=70.910 | RoundTime=46.58s | TotalTime=6599.76s | Method=fedavg
[Round 143/210] Phase=standard | Stage=warmup | Acc=71.470 | RoundTime=46.36s | TotalTime=6646.13s | Method=fedavg
[Round 144/210] Phase=standard | Stage=warmup | Acc=71.860 | RoundTime=47.08s | TotalTime=6693.22s | Method=fedavg
[Round 145/210] Phase=standard | Stage=warmup | Acc=70.710 | RoundTime=46.55s | TotalTime=6739.77s | Method=fedavg
[Round 146/210] Phase=standard | Stage=warmup | Acc=71.540 | RoundTime=46.25s | TotalTime=6786.03s | Method=fedavg
[Round 147/210] Phase=standard | Stage=warmup | Acc=72.510 | RoundTime=46.44s | TotalTime=6832.47s | Method=fedavg
[Round 148/210] Phase=standard | Stage=warmup | Acc=72.070 | RoundTime=46.31s | TotalTime=6878.79s | Method=fedavg
[Round 149/210] Phase=standard | Stage=warmup | Acc=71.920 | RoundTime=46.11s | TotalTime=6924.92s | Method=fedavg
[Round 150/210] Phase=standard | Stage=warmup | Acc=70.730 | RoundTime=46.62s | TotalTime=6971.54s | Method=fedavg
[Round 151/210] Phase=standard | Stage=warmup | Acc=72.110 | RoundTime=47.05s | TotalTime=7018.60s | Method=fedavg
[Round 152/210] Phase=standard | Stage=warmup | Acc=72.170 | RoundTime=45.98s | TotalTime=7064.59s | Method=fedavg
[Round 153/210] Phase=standard | Stage=warmup | Acc=71.320 | RoundTime=46.40s | TotalTime=7111.00s | Method=fedavg
[Round 154/210] Phase=standard | Stage=warmup | Acc=71.650 | RoundTime=46.15s | TotalTime=7157.16s | Method=fedavg
[Round 155/210] Phase=standard | Stage=warmup | Acc=71.590 | RoundTime=33.99s | TotalTime=7191.16s | Method=fedavg
[Round 156/210] Phase=standard | Stage=warmup | Acc=71.240 | RoundTime=32.89s | TotalTime=7224.06s | Method=fedavg
[Round 157/210] Phase=standard | Stage=warmup | Acc=71.770 | RoundTime=46.69s | TotalTime=7270.76s | Method=fedavg
[Round 158/210] Phase=standard | Stage=warmup | Acc=71.280 | RoundTime=44.75s | TotalTime=7315.52s | Method=fedavg
[Round 159/210] Phase=standard | Stage=warmup | Acc=71.510 | RoundTime=40.39s | TotalTime=7355.93s | Method=fedavg
[Round 160/210] Phase=standard | Stage=warmup | Acc=70.890 | RoundTime=46.56s | TotalTime=7402.49s | Method=fedavg
[Round 161/210] Phase=standard | Stage=warmup | Acc=72.080 | RoundTime=46.18s | TotalTime=7448.69s | Method=fedavg
[Round 162/210] Phase=standard | Stage=warmup | Acc=70.870 | RoundTime=46.55s | TotalTime=7495.25s | Method=fedavg
[Round 163/210] Phase=standard | Stage=warmup | Acc=72.050 | RoundTime=46.60s | TotalTime=7541.86s | Method=fedavg
[Round 164/210] Phase=standard | Stage=warmup | Acc=71.300 | RoundTime=46.14s | TotalTime=7588.01s | Method=fedavg
[Round 165/210] Phase=standard | Stage=warmup | Acc=71.170 | RoundTime=46.59s | TotalTime=7634.61s | Method=fedavg
[Round 166/210] Phase=standard | Stage=warmup | Acc=71.230 | RoundTime=46.74s | TotalTime=7681.36s | Method=fedavg
[Round 167/210] Phase=standard | Stage=warmup | Acc=71.570 | RoundTime=46.10s | TotalTime=7727.47s | Method=fedavg
[Round 168/210] Phase=standard | Stage=warmup | Acc=70.920 | RoundTime=46.58s | TotalTime=7774.07s | Method=fedavg
[Round 169/210] Phase=standard | Stage=warmup | Acc=70.890 | RoundTime=46.48s | TotalTime=7820.56s | Method=fedavg
[Round 170/210] Phase=standard | Stage=warmup | Acc=70.930 | RoundTime=46.75s | TotalTime=7867.32s | Method=fedavg
[Round 171/210] Phase=standard | Stage=warmup | Acc=72.350 | RoundTime=46.22s | TotalTime=7913.56s | Method=fedavg
[Round 172/210] Phase=standard | Stage=warmup | Acc=71.580 | RoundTime=46.95s | TotalTime=7960.52s | Method=fedavg
[Round 173/210] Phase=standard | Stage=warmup | Acc=71.910 | RoundTime=46.22s | TotalTime=8006.75s | Method=fedavg
[Round 174/210] Phase=standard | Stage=warmup | Acc=71.120 | RoundTime=46.66s | TotalTime=8053.42s | Method=fedavg
[Round 175/210] Phase=standard | Stage=warmup | Acc=71.700 | RoundTime=46.68s | TotalTime=8100.11s | Method=fedavg
[Round 176/210] Phase=standard | Stage=warmup | Acc=72.120 | RoundTime=46.35s | TotalTime=8146.47s | Method=fedavg
[Round 177/210] Phase=standard | Stage=warmup | Acc=71.660 | RoundTime=46.64s | TotalTime=8193.13s | Method=fedavg
[Round 178/210] Phase=standard | Stage=warmup | Acc=71.220 | RoundTime=46.40s | TotalTime=8239.54s | Method=fedavg
[Round 179/210] Phase=standard | Stage=warmup | Acc=72.450 | RoundTime=46.30s | TotalTime=8285.85s | Method=fedavg
[Round 180/210] Phase=standard | Stage=warmup | Acc=71.970 | RoundTime=46.47s | TotalTime=8332.34s | Method=fedavg
[Round 181/210] Phase=standard | Stage=warmup | Acc=71.890 | RoundTime=46.87s | TotalTime=8379.22s | Method=fedavg
[Round 182/210] Phase=standard | Stage=warmup | Acc=72.350 | RoundTime=46.42s | TotalTime=8425.65s | Method=fedavg
[Round 183/210] Phase=standard | Stage=warmup | Acc=72.320 | RoundTime=47.27s | TotalTime=8472.92s | Method=fedavg
[Round 184/210] Phase=standard | Stage=warmup | Acc=72.070 | RoundTime=46.53s | TotalTime=8519.46s | Method=fedavg
[Round 185/210] Phase=standard | Stage=warmup | Acc=72.250 | RoundTime=46.61s | TotalTime=8566.08s | Method=fedavg
[Round 186/210] Phase=standard | Stage=warmup | Acc=72.580 | RoundTime=46.38s | TotalTime=8612.48s | Method=fedavg
[Round 187/210] Phase=standard | Stage=warmup | Acc=72.100 | RoundTime=46.92s | TotalTime=8659.40s | Method=fedavg
[Round 188/210] Phase=standard | Stage=warmup | Acc=72.810 | RoundTime=46.73s | TotalTime=8706.14s | Method=fedavg
[Round 189/210] Phase=standard | Stage=warmup | Acc=72.140 | RoundTime=46.86s | TotalTime=8753.02s | Method=fedavg
[Round 190/210] Phase=standard | Stage=warmup | Acc=72.710 | RoundTime=46.82s | TotalTime=8799.85s | Method=fedavg
[Round 191/210] Phase=standard | Stage=warmup | Acc=72.810 | RoundTime=46.43s | TotalTime=8846.28s | Method=fedavg
[Round 192/210] Phase=standard | Stage=warmup | Acc=72.760 | RoundTime=47.81s | TotalTime=8894.11s | Method=fedavg
[Round 193/210] Phase=standard | Stage=warmup | Acc=72.790 | RoundTime=47.74s | TotalTime=8941.86s | Method=fedavg
[Round 194/210] Phase=standard | Stage=warmup | Acc=72.640 | RoundTime=46.59s | TotalTime=8988.46s | Method=fedavg
[Round 195/210] Phase=standard | Stage=warmup | Acc=72.730 | RoundTime=46.18s | TotalTime=9034.65s | Method=fedavg
[Round 196/210] Phase=standard | Stage=warmup | Acc=71.930 | RoundTime=47.82s | TotalTime=9082.48s | Method=fedavg
[Round 197/210] Phase=standard | Stage=warmup | Acc=72.090 | RoundTime=46.50s | TotalTime=9129.00s | Method=fedavg
[Round 198/210] Phase=standard | Stage=warmup | Acc=72.890 | RoundTime=46.40s | TotalTime=9175.41s | Method=fedavg
[Round 199/210] Phase=standard | Stage=warmup | Acc=72.450 | RoundTime=47.47s | TotalTime=9222.90s | Method=fedavg
[Round 200/210] Phase=standard | Stage=warmup | Acc=72.670 | RoundTime=46.64s | TotalTime=9269.55s | Method=fedavg
[Round 201/210] Phase=standard | Stage=warmup | Acc=72.930 | RoundTime=46.69s | TotalTime=9316.25s | Method=fedavg
[Round 202/210] Phase=standard | Stage=warmup | Acc=73.250 | RoundTime=46.61s | TotalTime=9362.88s | Method=fedavg
[Round 203/210] Phase=standard | Stage=warmup | Acc=72.890 | RoundTime=46.61s | TotalTime=9409.50s | Method=fedavg
[Round 204/210] Phase=standard | Stage=warmup | Acc=72.670 | RoundTime=46.26s | TotalTime=9455.77s | Method=fedavg
[Round 205/210] Phase=standard | Stage=warmup | Acc=73.060 | RoundTime=47.78s | TotalTime=9503.56s | Method=fedavg
[Round 206/210] Phase=standard | Stage=warmup | Acc=72.330 | RoundTime=46.61s | TotalTime=9550.19s | Method=fedavg
[Round 207/210] Phase=standard | Stage=warmup | Acc=72.860 | RoundTime=46.47s | TotalTime=9596.67s | Method=fedavg
[Round 208/210] Phase=standard | Stage=warmup | Acc=73.230 | RoundTime=46.57s | TotalTime=9643.26s | Method=fedavg
[Round 209/210] Phase=standard | Stage=warmup | Acc=73.340 | RoundTime=47.19s | TotalTime=9690.46s | Method=fedavg
[Round 210/210] Phase=standard | Stage=warmup | Acc=72.610 | RoundTime=41.66s | TotalTime=9732.13s | Method=fedavg
========================================================================================================================
Training finished at: 2026-04-07 04:40:49
Total elapsed time: 9732.14s
Final Acc: 72.610
Best Acc : 91.080
========================================================================================================================
