[Launch] model=fedgloss | dataset=fl_cifar100 | clients=10 | rounds=210 | local_epoch=1 | batch_size=64 | noise_mode=uniform | noise_value=0.3
Files already downloaded and verified
Files already downloaded and verified
mean: 5000.0
std: 0.0
Data statistics: {0: {0: 97, 1: 44, 2: 15, 3: 64, 4: 16, 5: 31, 6: 79, 7: 135, 8: 101, 9: 11, 10: 23, 11: 222, 12: 22, 13: 62, 14: 19, 15: 64, 16: 17, 17: 45, 18: 58, 19: 33, 20: 51, 21: 59, 22: 15, 23: 47, 24: 94, 25: 24, 26: 41, 27: 141, 28: 129, 29: 137, 30: 124, 31: 19, 32: 26, 33: 35, 34: 64, 35: 15, 36: 29, 37: 18, 38: 31, 39: 16, 40: 44, 41: 40, 42: 131, 43: 33, 44: 134, 45: 29, 46: 21, 47: 20, 48: 9, 49: 37, 50: 52, 51: 17, 52: 26, 53: 136, 54: 110, 55: 45, 56: 14, 57: 19, 58: 125, 59: 83, 60: 88, 61: 20, 62: 131, 63: 20, 64: 24, 65: 68, 66: 23, 67: 62, 68: 9, 69: 41, 70: 14, 71: 45, 72: 38, 73: 37, 74: 98, 75: 16, 76: 34, 77: 14, 78: 30, 79: 74, 80: 15, 81: 31, 82: 22, 83: 28, 84: 222, 85: 104, 86: 15, 87: 63, 88: 26, 89: 36, 90: 14, 91: 13, 92: 23, 93: 11, 94: 13, 95: 22, 96: 18, 97: 9, 98: 12, 99: 19}, 1: {0: 46, 1: 24, 2: 27, 3: 47, 4: 112, 5: 20, 6: 56, 7: 61, 8: 19, 9: 77, 10: 69, 11: 39, 12: 120, 13: 25, 14: 49, 15: 42, 16: 21, 17: 31, 18: 46, 19: 87, 20: 22, 21: 19, 22: 16, 23: 46, 24: 32, 25: 90, 26: 89, 27: 135, 28: 34, 29: 12, 30: 58, 31: 46, 32: 28, 33: 104, 34: 74, 35: 15, 36: 14, 37: 177, 38: 116, 39: 130, 40: 82, 41: 17, 42: 34, 43: 5, 44: 27, 45: 15, 46: 325, 47: 19, 48: 98, 49: 12, 50: 22, 51: 23, 52: 44, 53: 15, 54: 68, 55: 46, 56: 16, 57: 17, 58: 16, 59: 24, 60: 12, 61: 15, 62: 54, 63: 42, 64: 32, 65: 15, 66: 16, 67: 81, 68: 104, 69: 110, 70: 14, 71: 25, 72: 19, 73: 31, 74: 17, 75: 74, 76: 34, 77: 62, 78: 16, 79: 137, 80: 26, 81: 154, 82: 26, 83: 30, 84: 22, 85: 34, 86: 34, 87: 19, 88: 26, 89: 194, 90: 50, 91: 32, 92: 36, 93: 43, 94: 95, 95: 8, 96: 13, 97: 17, 98: 13, 99: 18}, 2: {0: 40, 1: 16, 2: 116, 3: 18, 4: 132, 5: 18, 6: 28, 7: 25, 8: 38, 9: 17, 10: 247, 11: 37, 12: 31, 13: 25, 14: 22, 15: 48, 16: 12, 17: 45, 18: 67, 19: 98, 20: 22, 21: 19, 22: 18, 23: 156, 24: 13, 25: 21, 26: 19, 27: 18, 28: 12, 29: 49, 30: 22, 31: 57, 32: 123, 33: 17, 34: 54, 35: 182, 36: 49, 37: 62, 38: 52, 39: 27, 40: 19, 41: 87, 42: 21, 43: 31, 44: 20, 45: 12, 46: 18, 47: 45, 48: 55, 49: 24, 50: 111, 51: 135, 52: 28, 53: 17, 54: 32, 55: 78, 56: 16, 57: 86, 58: 167, 59: 61, 60: 28, 61: 22, 62: 13, 63: 133, 64: 54, 65: 118, 66: 17, 67: 20, 68: 15, 69: 105, 70: 48, 71: 37, 72: 23, 73: 16, 74: 110, 75: 33, 76: 73, 77: 10, 78: 21, 79: 27, 80: 63, 81: 21, 82: 166, 83: 33, 84: 22, 85: 24, 86: 27, 87: 92, 88: 42, 89: 25, 90: 58, 91: 26, 92: 78, 93: 166, 94: 30, 95: 12, 96: 17, 97: 13, 98: 13, 99: 14}, 3: {0: 43, 1: 25, 2: 27, 3: 65, 4: 27, 5: 135, 6: 24, 7: 85, 8: 11, 9: 112, 10: 34, 11: 28, 12: 21, 13: 17, 14: 14, 15: 14, 16: 9, 17: 44, 18: 15, 19: 30, 20: 25, 21: 26, 22: 56, 23: 18, 24: 42, 25: 39, 26: 93, 27: 26, 28: 45, 29: 25, 30: 48, 31: 44, 32: 21, 33: 91, 34: 39, 35: 23, 36: 38, 37: 52, 38: 15, 39: 11, 40: 69, 41: 22, 42: 28, 43: 45, 44: 29, 45: 58, 46: 27, 47: 25, 48: 31, 49: 20, 50: 44, 51: 34, 52: 63, 53: 40, 54: 50, 55: 15, 56: 49, 57: 20, 58: 39, 59: 114, 60: 19, 61: 9, 62: 11, 63: 43, 64: 100, 65: 80, 66: 22, 67: 34, 68: 67, 69: 22, 70: 64, 71: 28, 72: 23, 73: 17, 74: 15, 75: 33, 76: 50, 77: 65, 78: 23, 79: 19, 80: 140, 81: 64, 82: 24, 83: 79, 84: 37, 85: 24, 86: 69, 87: 90, 88: 20, 89: 28, 90: 25, 91: 85, 92: 136, 93: 77, 94: 52, 95: 158, 96: 115, 97: 193, 98: 328, 99: 133}, 4: {0: 40, 1: 30, 2: 48, 3: 63, 4: 16, 5: 55, 6: 15, 7: 52, 8: 71, 9: 13, 10: 20, 11: 43, 12: 26, 13: 119, 14: 57, 15: 23, 16: 42, 17: 16, 18: 16, 19: 19, 20: 25, 21: 25, 22: 48, 23: 18, 24: 139, 25: 70, 26: 21, 27: 12, 28: 61, 29: 22, 30: 58, 31: 217, 32: 35, 33: 49, 34: 78, 35: 18, 36: 22, 37: 28, 38: 43, 39: 69, 40: 34, 41: 194, 42: 112, 43: 123, 44: 66, 45: 65, 46: 25, 47: 27, 48: 129, 49: 128, 50: 22, 51: 12, 52: 16, 53: 17, 54: 20, 55: 24, 56: 269, 57: 32, 58: 18, 59: 131, 60: 126, 61: 67, 62: 22, 63: 16, 64: 14, 65: 34, 66: 172, 67: 6, 68: 25, 69: 77, 70: 19, 71: 39, 72: 14, 73: 104, 74: 15, 75: 124, 76: 44, 77: 21, 78: 17, 79: 17, 80: 34, 81: 93, 82: 18, 83: 206, 84: 32, 85: 12, 86: 33, 87: 18, 88: 15, 89: 16, 90: 121, 91: 16, 92: 14, 93: 10, 94: 13, 95: 17, 96: 12, 97: 17, 98: 11, 99: 13}, 5: {0: 25, 1: 120, 2: 74, 3: 19, 4: 29, 5: 105, 6: 27, 7: 17, 8: 45, 9: 10, 10: 10, 11: 22, 12: 181, 13: 9, 14: 25, 15: 57, 16: 107, 17: 18, 18: 47, 19: 33, 20: 50, 21: 13, 22: 163, 23: 42, 24: 28, 25: 105, 26: 99, 27: 21, 28: 20, 29: 24, 30: 58, 31: 21, 32: 12, 33: 13, 34: 13, 35: 18, 36: 46, 37: 59, 38: 12, 39: 56, 40: 77, 41: 27, 42: 28, 43: 13, 44: 36, 45: 132, 46: 21, 47: 19, 48: 16, 49: 111, 50: 98, 51: 18, 52: 59, 53: 127, 54: 135, 55: 16, 56: 20, 57: 78, 58: 25, 59: 28, 60: 23, 61: 113, 62: 30, 63: 36, 64: 154, 65: 38, 66: 170, 67: 26, 68: 20, 69: 18, 70: 16, 71: 129, 72: 156, 73: 18, 74: 13, 75: 90, 76: 78, 77: 39, 78: 47, 79: 77, 80: 42, 81: 85, 82: 22, 83: 28, 84: 41, 85: 39, 86: 45, 87: 63, 88: 20, 89: 90, 90: 132, 91: 16, 92: 32, 93: 18, 94: 13, 95: 8, 96: 18, 97: 19, 98: 21, 99: 20}, 6: {0: 29, 1: 8, 2: 14, 3: 110, 4: 34, 5: 14, 6: 63, 7: 14, 8: 18, 9: 107, 10: 52, 11: 12, 12: 20, 13: 91, 14: 25, 15: 25, 16: 29, 17: 15, 18: 139, 19: 18, 20: 160, 21: 19, 22: 15, 23: 21, 24: 24, 25: 30, 26: 22, 27: 68, 28: 34, 29: 15, 30: 49, 31: 19, 32: 14, 33: 13, 34: 15, 35: 103, 36: 34, 37: 12, 38: 101, 39: 19, 40: 79, 41: 12, 42: 93, 43: 17, 44: 18, 45: 29, 46: 20, 47: 73, 48: 103, 49: 34, 50: 27, 51: 16, 52: 94, 53: 20, 54: 20, 55: 20, 56: 20, 57: 97, 58: 18, 59: 11, 60: 39, 61: 119, 62: 18, 63: 21, 64: 53, 65: 14, 66: 22, 67: 141, 68: 21, 69: 16, 70: 19, 71: 87, 72: 50, 73: 25, 74: 17, 75: 20, 76: 20, 77: 46, 78: 10, 79: 104, 80: 46, 81: 17, 82: 26, 83: 18, 84: 58, 85: 61, 86: 71, 87: 41, 88: 21, 89: 14, 90: 14, 91: 78, 92: 76, 93: 16, 94: 232, 95: 147, 96: 265, 97: 179, 98: 67, 99: 246}, 7: {0: 15, 1: 64, 2: 15, 3: 20, 4: 16, 5: 23, 6: 42, 7: 53, 8: 23, 9: 70, 10: 12, 11: 21, 12: 17, 13: 89, 14: 80, 15: 19, 16: 58, 17: 12, 18: 17, 19: 106, 20: 94, 21: 245, 22: 90, 23: 17, 24: 54, 25: 60, 26: 31, 27: 19, 28: 67, 29: 122, 30: 14, 31: 33, 32: 190, 33: 102, 34: 58, 35: 15, 36: 135, 37: 23, 38: 52, 39: 46, 40: 30, 41: 12, 42: 45, 43: 8, 44: 69, 45: 21, 46: 19, 47: 69, 48: 15, 49: 90, 50: 37, 51: 46, 52: 78, 53: 28, 54: 31, 55: 33, 56: 12, 57: 17, 58: 5, 59: 22, 60: 134, 61: 49, 62: 20, 63: 26, 64: 19, 65: 12, 66: 8, 67: 59, 68: 62, 69: 19, 70: 58, 71: 71, 72: 13, 73: 193, 74: 26, 75: 28, 76: 47, 77: 27, 78: 68, 79: 34, 80: 15, 81: 23, 82: 149, 83: 34, 84: 15, 85: 41, 86: 81, 87: 76, 88: 261, 89: 21, 90: 45, 91: 148, 92: 41, 93: 59, 94: 19, 95: 13, 96: 18, 97: 12, 98: 17, 99: 13}, 8: {0: 36, 1: 75, 2: 42, 3: 19, 4: 96, 5: 50, 6: 171, 7: 55, 8: 125, 9: 20, 10: 12, 11: 89, 12: 28, 13: 35, 14: 14, 15: 199, 16: 142, 17: 55, 18: 17, 19: 30, 20: 20, 21: 17, 22: 47, 23: 62, 24: 21, 25: 18, 26: 61, 27: 14, 28: 65, 29: 67, 30: 18, 31: 16, 32: 13, 33: 25, 34: 76, 35: 29, 36: 61, 37: 69, 38: 27, 39: 79, 40: 18, 41: 41, 42: 19, 43: 120, 44: 49, 45: 48, 46: 16, 47: 91, 48: 18, 49: 27, 50: 21, 51: 139, 52: 22, 53: 14, 54: 40, 55: 143, 56: 69, 57: 35, 58: 83, 59: 14, 60: 23, 61: 17, 62: 16, 63: 54, 64: 45, 65: 51, 66: 22, 67: 26, 68: 35, 69: 17, 70: 99, 71: 13, 72: 104, 73: 8, 74: 165, 75: 40, 76: 15, 77: 52, 78: 259, 79: 19, 80: 80, 81: 19, 82: 46, 83: 37, 84: 42, 85: 172, 86: 23, 87: 27, 88: 25, 89: 42, 90: 28, 91: 42, 92: 50, 93: 60, 94: 12, 95: 12, 96: 20, 97: 8, 98: 19, 99: 14}, 9: {0: 142, 1: 82, 2: 122, 3: 79, 4: 14, 5: 21, 6: 21, 7: 19, 8: 79, 9: 51, 10: 17, 11: 13, 12: 57, 13: 20, 14: 217, 15: 22, 16: 42, 17: 186, 18: 79, 19: 52, 20: 57, 21: 24, 22: 21, 23: 68, 24: 48, 25: 15, 26: 31, 27: 25, 28: 39, 29: 40, 30: 47, 31: 18, 32: 27, 33: 43, 34: 34, 35: 54, 36: 62, 37: 19, 38: 12, 39: 30, 40: 31, 41: 31, 42: 18, 43: 95, 44: 40, 45: 87, 46: 17, 47: 118, 48: 12, 49: 21, 50: 81, 51: 43, 52: 56, 53: 89, 54: 15, 55: 76, 56: 9, 57: 95, 58: 15, 59: 10, 60: 24, 61: 61, 62: 195, 63: 92, 64: 17, 65: 82, 66: 20, 67: 17, 68: 136, 69: 84, 70: 124, 71: 38, 72: 52, 73: 57, 74: 20, 75: 14, 76: 119, 77: 152, 78: 27, 79: 17, 80: 47, 81: 22, 82: 14, 83: 18, 84: 31, 85: 19, 86: 120, 87: 15, 88: 82, 89: 14, 90: 21, 91: 21, 92: 24, 93: 39, 94: 12, 95: 70, 96: 27, 97: 18, 98: 13, 99: 17}}
========================================================================================================================
Training started at: 2026-04-09 03:38:30
Result directory: results/fl_cifar100/fedgloss/pm-dir_a-0.5_nm-uni_nr-0.3_nt-symmetric_rho-0.05_beta-1.0_slr-1.0
Result txt file : results/fl_cifar100/fedgloss/pm-dir_a-0.5_nm-uni_nr-0.3_nt-symmetric_rho-0.05_beta-1.0_slr-1.0/fedgloss_fl_cifar100_20260409-033830-433763_pid1549608.txt
Result log file : results/fl_cifar100/fedgloss/pm-dir_a-0.5_nm-uni_nr-0.3_nt-symmetric_rho-0.05_beta-1.0_slr-1.0/fedgloss_fl_cifar100_20260409-033830-433763_pid1549608.log
------------------------------------------------------------------------------------------------------------------------
Model: fedgloss
Dataset: fl_cifar100
Structure: homogeneity
Participants: 10
Online ratio: 1.0
Communication epochs: 210
Local epoch: 1
Local batch size: 64
Local lr: 0.1
Partition mode: dirichlet
Dirichlet alpha: 0.5
Noise mode: uniform
Noise rate: 0.3
Noise type: symmetric
Noise max: 0.3
Averaging: weight
Seed: 0
FedGLoSS rho: 0.05
FedGLoSS beta: 1.0
FedGLoSS server lr: 1.0
========================================================================================================================
[Round 001/210] Phase=standard | Stage=warmup | Acc=1.000 | RoundTime=29.39s | TotalTime=29.39s | Method=fedgloss
[Round 002/210] Phase=standard | Stage=warmup | Acc=1.470 | RoundTime=27.22s | TotalTime=56.62s | Method=fedgloss
[Round 003/210] Phase=standard | Stage=warmup | Acc=4.520 | RoundTime=28.82s | TotalTime=85.44s | Method=fedgloss
[Round 004/210] Phase=standard | Stage=warmup | Acc=6.900 | RoundTime=27.71s | TotalTime=113.16s | Method=fedgloss
[Round 005/210] Phase=standard | Stage=warmup | Acc=8.850 | RoundTime=27.18s | TotalTime=140.34s | Method=fedgloss
[Round 006/210] Phase=standard | Stage=warmup | Acc=9.430 | RoundTime=27.08s | TotalTime=167.43s | Method=fedgloss
[Round 007/210] Phase=standard | Stage=warmup | Acc=10.870 | RoundTime=27.31s | TotalTime=194.75s | Method=fedgloss
[Round 008/210] Phase=standard | Stage=warmup | Acc=11.320 | RoundTime=26.96s | TotalTime=221.71s | Method=fedgloss
[Round 009/210] Phase=standard | Stage=warmup | Acc=12.490 | RoundTime=28.33s | TotalTime=250.05s | Method=fedgloss
[Round 010/210] Phase=standard | Stage=warmup | Acc=13.060 | RoundTime=27.59s | TotalTime=277.66s | Method=fedgloss
[Round 011/210] Phase=standard | Stage=warmup | Acc=14.400 | RoundTime=26.64s | TotalTime=304.31s | Method=fedgloss
[Round 012/210] Phase=standard | Stage=warmup | Acc=15.730 | RoundTime=28.63s | TotalTime=332.95s | Method=fedgloss
[Round 013/210] Phase=standard | Stage=warmup | Acc=16.490 | RoundTime=26.52s | TotalTime=359.47s | Method=fedgloss
[Round 014/210] Phase=standard | Stage=warmup | Acc=16.990 | RoundTime=27.20s | TotalTime=386.68s | Method=fedgloss
[Round 015/210] Phase=standard | Stage=warmup | Acc=18.480 | RoundTime=27.94s | TotalTime=414.63s | Method=fedgloss
[Round 016/210] Phase=standard | Stage=warmup | Acc=18.340 | RoundTime=26.62s | TotalTime=441.26s | Method=fedgloss
[Round 017/210] Phase=standard | Stage=warmup | Acc=19.430 | RoundTime=26.91s | TotalTime=468.17s | Method=fedgloss
[Round 018/210] Phase=standard | Stage=warmup | Acc=19.800 | RoundTime=27.46s | TotalTime=495.64s | Method=fedgloss
[Round 019/210] Phase=standard | Stage=warmup | Acc=21.360 | RoundTime=26.23s | TotalTime=521.94s | Method=fedgloss
[Round 020/210] Phase=standard | Stage=warmup | Acc=21.920 | RoundTime=27.47s | TotalTime=549.41s | Method=fedgloss
[Round 021/210] Phase=standard | Stage=warmup | Acc=22.060 | RoundTime=28.67s | TotalTime=578.09s | Method=fedgloss
[Round 022/210] Phase=standard | Stage=warmup | Acc=23.310 | RoundTime=27.64s | TotalTime=605.74s | Method=fedgloss
[Round 023/210] Phase=standard | Stage=warmup | Acc=23.190 | RoundTime=27.09s | TotalTime=632.83s | Method=fedgloss
[Round 024/210] Phase=standard | Stage=warmup | Acc=24.460 | RoundTime=27.83s | TotalTime=660.67s | Method=fedgloss
[Round 025/210] Phase=standard | Stage=warmup | Acc=25.230 | RoundTime=26.95s | TotalTime=687.63s | Method=fedgloss
[Round 026/210] Phase=standard | Stage=warmup | Acc=25.920 | RoundTime=27.84s | TotalTime=715.47s | Method=fedgloss
[Round 027/210] Phase=standard | Stage=warmup | Acc=26.300 | RoundTime=26.49s | TotalTime=741.97s | Method=fedgloss
[Round 028/210] Phase=standard | Stage=warmup | Acc=26.970 | RoundTime=26.00s | TotalTime=767.98s | Method=fedgloss
[Round 029/210] Phase=standard | Stage=warmup | Acc=27.860 | RoundTime=27.82s | TotalTime=795.81s | Method=fedgloss
[Round 030/210] Phase=standard | Stage=warmup | Acc=28.690 | RoundTime=26.98s | TotalTime=822.80s | Method=fedgloss
[Round 031/210] Phase=standard | Stage=warmup | Acc=29.270 | RoundTime=26.94s | TotalTime=849.74s | Method=fedgloss
[Round 032/210] Phase=standard | Stage=warmup | Acc=29.990 | RoundTime=26.40s | TotalTime=876.16s | Method=fedgloss
[Round 033/210] Phase=standard | Stage=warmup | Acc=30.850 | RoundTime=25.97s | TotalTime=902.13s | Method=fedgloss
[Round 034/210] Phase=standard | Stage=warmup | Acc=30.550 | RoundTime=27.76s | TotalTime=929.90s | Method=fedgloss
[Round 035/210] Phase=standard | Stage=warmup | Acc=31.690 | RoundTime=28.14s | TotalTime=958.04s | Method=fedgloss
[Round 036/210] Phase=standard | Stage=warmup | Acc=32.200 | RoundTime=26.00s | TotalTime=984.05s | Method=fedgloss
[Round 037/210] Phase=standard | Stage=warmup | Acc=32.610 | RoundTime=26.92s | TotalTime=1010.99s | Method=fedgloss
[Round 038/210] Phase=standard | Stage=warmup | Acc=33.120 | RoundTime=27.49s | TotalTime=1038.48s | Method=fedgloss
[Round 039/210] Phase=standard | Stage=warmup | Acc=33.500 | RoundTime=26.73s | TotalTime=1065.21s | Method=fedgloss
[Round 040/210] Phase=standard | Stage=warmup | Acc=33.980 | RoundTime=26.21s | TotalTime=1091.43s | Method=fedgloss
[Round 041/210] Phase=standard | Stage=warmup | Acc=34.480 | RoundTime=26.33s | TotalTime=1117.77s | Method=fedgloss
[Round 042/210] Phase=standard | Stage=warmup | Acc=34.780 | RoundTime=28.11s | TotalTime=1145.89s | Method=fedgloss
[Round 043/210] Phase=standard | Stage=warmup | Acc=35.950 | RoundTime=28.26s | TotalTime=1174.15s | Method=fedgloss
[Round 044/210] Phase=standard | Stage=warmup | Acc=36.470 | RoundTime=26.13s | TotalTime=1200.29s | Method=fedgloss
[Round 045/210] Phase=standard | Stage=warmup | Acc=37.060 | RoundTime=26.78s | TotalTime=1227.08s | Method=fedgloss
[Round 046/210] Phase=standard | Stage=warmup | Acc=36.870 | RoundTime=28.58s | TotalTime=1255.67s | Method=fedgloss
[Round 047/210] Phase=standard | Stage=warmup | Acc=37.410 | RoundTime=28.01s | TotalTime=1283.68s | Method=fedgloss
[Round 048/210] Phase=standard | Stage=warmup | Acc=37.650 | RoundTime=26.83s | TotalTime=1310.52s | Method=fedgloss
[Round 049/210] Phase=standard | Stage=warmup | Acc=38.760 | RoundTime=26.59s | TotalTime=1337.19s | Method=fedgloss
[Round 050/210] Phase=standard | Stage=warmup | Acc=38.710 | RoundTime=27.89s | TotalTime=1365.09s | Method=fedgloss
[Round 051/210] Phase=standard | Stage=warmup | Acc=39.000 | RoundTime=26.46s | TotalTime=1391.57s | Method=fedgloss
[Round 052/210] Phase=standard | Stage=warmup | Acc=39.930 | RoundTime=27.32s | TotalTime=1418.90s | Method=fedgloss
[Round 053/210] Phase=standard | Stage=warmup | Acc=40.210 | RoundTime=27.04s | TotalTime=1445.95s | Method=fedgloss
[Round 054/210] Phase=standard | Stage=warmup | Acc=40.460 | RoundTime=29.24s | TotalTime=1475.20s | Method=fedgloss
[Round 055/210] Phase=standard | Stage=warmup | Acc=41.160 | RoundTime=27.16s | TotalTime=1502.37s | Method=fedgloss
[Round 056/210] Phase=standard | Stage=warmup | Acc=41.550 | RoundTime=27.55s | TotalTime=1529.93s | Method=fedgloss
[Round 057/210] Phase=standard | Stage=warmup | Acc=41.790 | RoundTime=28.02s | TotalTime=1557.96s | Method=fedgloss
[Round 058/210] Phase=standard | Stage=warmup | Acc=42.140 | RoundTime=26.48s | TotalTime=1584.48s | Method=fedgloss
[Round 059/210] Phase=standard | Stage=warmup | Acc=42.780 | RoundTime=27.95s | TotalTime=1612.44s | Method=fedgloss
[Round 060/210] Phase=standard | Stage=warmup | Acc=42.970 | RoundTime=27.52s | TotalTime=1639.97s | Method=fedgloss
[Round 061/210] Phase=standard | Stage=warmup | Acc=42.640 | RoundTime=27.63s | TotalTime=1667.62s | Method=fedgloss
[Round 062/210] Phase=standard | Stage=warmup | Acc=43.580 | RoundTime=26.21s | TotalTime=1693.84s | Method=fedgloss
[Round 063/210] Phase=standard | Stage=warmup | Acc=43.930 | RoundTime=26.81s | TotalTime=1720.65s | Method=fedgloss
[Round 064/210] Phase=standard | Stage=warmup | Acc=43.670 | RoundTime=26.54s | TotalTime=1747.20s | Method=fedgloss
[Round 065/210] Phase=standard | Stage=warmup | Acc=44.460 | RoundTime=27.55s | TotalTime=1774.76s | Method=fedgloss
[Round 066/210] Phase=standard | Stage=warmup | Acc=45.040 | RoundTime=26.16s | TotalTime=1800.93s | Method=fedgloss
[Round 067/210] Phase=standard | Stage=warmup | Acc=45.280 | RoundTime=27.17s | TotalTime=1828.11s | Method=fedgloss
[Round 068/210] Phase=standard | Stage=warmup | Acc=45.590 | RoundTime=27.43s | TotalTime=1855.56s | Method=fedgloss
[Round 069/210] Phase=standard | Stage=warmup | Acc=45.760 | RoundTime=27.17s | TotalTime=1882.74s | Method=fedgloss
[Round 070/210] Phase=standard | Stage=warmup | Acc=45.390 | RoundTime=27.78s | TotalTime=1910.53s | Method=fedgloss
[Round 071/210] Phase=standard | Stage=warmup | Acc=46.090 | RoundTime=27.52s | TotalTime=1938.06s | Method=fedgloss
[Round 072/210] Phase=standard | Stage=warmup | Acc=46.550 | RoundTime=26.33s | TotalTime=1964.40s | Method=fedgloss
[Round 073/210] Phase=standard | Stage=warmup | Acc=46.930 | RoundTime=26.75s | TotalTime=1991.16s | Method=fedgloss
[Round 074/210] Phase=standard | Stage=warmup | Acc=47.190 | RoundTime=21.03s | TotalTime=2012.19s | Method=fedgloss
[Round 075/210] Phase=standard | Stage=warmup | Acc=47.360 | RoundTime=25.89s | TotalTime=2038.09s | Method=fedgloss
[Round 076/210] Phase=standard | Stage=warmup | Acc=47.600 | RoundTime=26.61s | TotalTime=2064.72s | Method=fedgloss
[Round 077/210] Phase=standard | Stage=warmup | Acc=47.730 | RoundTime=26.78s | TotalTime=2091.51s | Method=fedgloss
[Round 078/210] Phase=standard | Stage=warmup | Acc=47.420 | RoundTime=25.06s | TotalTime=2116.58s | Method=fedgloss
[Round 079/210] Phase=standard | Stage=warmup | Acc=48.230 | RoundTime=26.03s | TotalTime=2142.62s | Method=fedgloss
[Round 080/210] Phase=standard | Stage=warmup | Acc=48.500 | RoundTime=26.82s | TotalTime=2169.44s | Method=fedgloss
[Round 081/210] Phase=standard | Stage=warmup | Acc=48.780 | RoundTime=28.00s | TotalTime=2197.52s | Method=fedgloss
[Round 082/210] Phase=standard | Stage=warmup | Acc=49.250 | RoundTime=28.22s | TotalTime=2225.74s | Method=fedgloss
[Round 083/210] Phase=standard | Stage=warmup | Acc=48.900 | RoundTime=26.91s | TotalTime=2252.67s | Method=fedgloss
[Round 084/210] Phase=standard | Stage=warmup | Acc=49.470 | RoundTime=28.01s | TotalTime=2280.68s | Method=fedgloss
[Round 085/210] Phase=standard | Stage=warmup | Acc=49.490 | RoundTime=26.19s | TotalTime=2306.88s | Method=fedgloss
[Round 086/210] Phase=standard | Stage=warmup | Acc=49.820 | RoundTime=25.83s | TotalTime=2332.72s | Method=fedgloss
[Round 087/210] Phase=standard | Stage=warmup | Acc=49.950 | RoundTime=26.93s | TotalTime=2359.66s | Method=fedgloss
[Round 088/210] Phase=standard | Stage=warmup | Acc=50.640 | RoundTime=28.38s | TotalTime=2388.05s | Method=fedgloss
[Round 089/210] Phase=standard | Stage=warmup | Acc=50.330 | RoundTime=26.36s | TotalTime=2414.43s | Method=fedgloss
[Round 090/210] Phase=standard | Stage=warmup | Acc=50.300 | RoundTime=25.50s | TotalTime=2439.93s | Method=fedgloss
[Round 091/210] Phase=standard | Stage=warmup | Acc=50.950 | RoundTime=25.74s | TotalTime=2465.68s | Method=fedgloss
[Round 092/210] Phase=standard | Stage=warmup | Acc=51.160 | RoundTime=26.57s | TotalTime=2492.26s | Method=fedgloss
[Round 093/210] Phase=standard | Stage=warmup | Acc=51.220 | RoundTime=27.93s | TotalTime=2520.24s | Method=fedgloss
[Round 094/210] Phase=standard | Stage=warmup | Acc=51.800 | RoundTime=26.35s | TotalTime=2546.60s | Method=fedgloss
[Round 095/210] Phase=standard | Stage=warmup | Acc=51.510 | RoundTime=25.58s | TotalTime=2572.19s | Method=fedgloss
[Round 096/210] Phase=standard | Stage=warmup | Acc=51.690 | RoundTime=27.54s | TotalTime=2599.74s | Method=fedgloss
[Round 097/210] Phase=standard | Stage=warmup | Acc=51.180 | RoundTime=27.26s | TotalTime=2627.01s | Method=fedgloss
[Round 098/210] Phase=standard | Stage=warmup | Acc=51.340 | RoundTime=25.77s | TotalTime=2652.79s | Method=fedgloss
[Round 099/210] Phase=standard | Stage=warmup | Acc=52.080 | RoundTime=27.35s | TotalTime=2680.15s | Method=fedgloss
[Round 100/210] Phase=standard | Stage=warmup | Acc=52.280 | RoundTime=26.81s | TotalTime=2706.97s | Method=fedgloss
[Round 101/210] Phase=standard | Stage=warmup | Acc=52.440 | RoundTime=26.31s | TotalTime=2733.29s | Method=fedgloss
[Round 102/210] Phase=standard | Stage=warmup | Acc=52.180 | RoundTime=26.53s | TotalTime=2759.83s | Method=fedgloss
[Round 103/210] Phase=standard | Stage=warmup | Acc=51.630 | RoundTime=28.07s | TotalTime=2787.90s | Method=fedgloss
[Round 104/210] Phase=standard | Stage=warmup | Acc=52.540 | RoundTime=26.90s | TotalTime=2814.81s | Method=fedgloss
[Round 105/210] Phase=standard | Stage=warmup | Acc=53.050 | RoundTime=26.05s | TotalTime=2840.88s | Method=fedgloss
[Round 106/210] Phase=standard | Stage=warmup | Acc=52.690 | RoundTime=27.18s | TotalTime=2868.06s | Method=fedgloss
[Round 107/210] Phase=standard | Stage=warmup | Acc=52.950 | RoundTime=26.16s | TotalTime=2894.23s | Method=fedgloss
[Round 108/210] Phase=standard | Stage=warmup | Acc=52.770 | RoundTime=27.79s | TotalTime=2922.03s | Method=fedgloss
[Round 109/210] Phase=standard | Stage=warmup | Acc=53.360 | RoundTime=26.83s | TotalTime=2948.86s | Method=fedgloss
[Round 110/210] Phase=standard | Stage=warmup | Acc=52.930 | RoundTime=26.89s | TotalTime=2975.81s | Method=fedgloss
[Round 111/210] Phase=standard | Stage=warmup | Acc=53.350 | RoundTime=26.54s | TotalTime=3002.36s | Method=fedgloss
[Round 112/210] Phase=standard | Stage=warmup | Acc=53.530 | RoundTime=26.57s | TotalTime=3028.94s | Method=fedgloss
[Round 113/210] Phase=standard | Stage=warmup | Acc=53.370 | RoundTime=26.52s | TotalTime=3055.47s | Method=fedgloss
[Round 114/210] Phase=standard | Stage=warmup | Acc=53.700 | RoundTime=26.81s | TotalTime=3082.29s | Method=fedgloss
[Round 115/210] Phase=standard | Stage=warmup | Acc=54.310 | RoundTime=27.36s | TotalTime=3109.65s | Method=fedgloss
[Round 116/210] Phase=standard | Stage=warmup | Acc=53.800 | RoundTime=26.19s | TotalTime=3135.85s | Method=fedgloss
[Round 117/210] Phase=standard | Stage=warmup | Acc=53.710 | RoundTime=25.44s | TotalTime=3161.30s | Method=fedgloss
[Round 118/210] Phase=standard | Stage=warmup | Acc=54.000 | RoundTime=25.50s | TotalTime=3186.81s | Method=fedgloss
[Round 119/210] Phase=standard | Stage=warmup | Acc=53.830 | RoundTime=25.98s | TotalTime=3212.79s | Method=fedgloss
[Round 120/210] Phase=standard | Stage=warmup | Acc=53.920 | RoundTime=26.26s | TotalTime=3239.05s | Method=fedgloss
[Round 121/210] Phase=standard | Stage=warmup | Acc=54.270 | RoundTime=25.81s | TotalTime=3264.87s | Method=fedgloss
[Round 122/210] Phase=standard | Stage=warmup | Acc=54.380 | RoundTime=27.22s | TotalTime=3292.10s | Method=fedgloss
[Round 123/210] Phase=standard | Stage=warmup | Acc=54.610 | RoundTime=25.75s | TotalTime=3317.86s | Method=fedgloss
[Round 124/210] Phase=standard | Stage=warmup | Acc=54.510 | RoundTime=25.88s | TotalTime=3343.75s | Method=fedgloss
[Round 125/210] Phase=standard | Stage=warmup | Acc=54.680 | RoundTime=26.08s | TotalTime=3369.84s | Method=fedgloss
[Round 126/210] Phase=standard | Stage=warmup | Acc=54.330 | RoundTime=26.89s | TotalTime=3396.74s | Method=fedgloss
[Round 127/210] Phase=standard | Stage=warmup | Acc=54.640 | RoundTime=25.63s | TotalTime=3422.37s | Method=fedgloss
[Round 128/210] Phase=standard | Stage=warmup | Acc=54.570 | RoundTime=26.19s | TotalTime=3448.57s | Method=fedgloss
[Round 129/210] Phase=standard | Stage=warmup | Acc=54.710 | RoundTime=27.21s | TotalTime=3475.79s | Method=fedgloss
[Round 130/210] Phase=standard | Stage=warmup | Acc=54.910 | RoundTime=26.82s | TotalTime=3502.62s | Method=fedgloss
[Round 131/210] Phase=standard | Stage=warmup | Acc=54.750 | RoundTime=26.70s | TotalTime=3529.33s | Method=fedgloss
[Round 132/210] Phase=standard | Stage=warmup | Acc=54.830 | RoundTime=26.04s | TotalTime=3555.37s | Method=fedgloss
[Round 133/210] Phase=standard | Stage=warmup | Acc=54.310 | RoundTime=26.23s | TotalTime=3581.61s | Method=fedgloss
[Round 134/210] Phase=standard | Stage=warmup | Acc=55.120 | RoundTime=25.73s | TotalTime=3607.35s | Method=fedgloss
[Round 135/210] Phase=standard | Stage=warmup | Acc=55.180 | RoundTime=26.99s | TotalTime=3634.34s | Method=fedgloss
[Round 136/210] Phase=standard | Stage=warmup | Acc=54.820 | RoundTime=26.56s | TotalTime=3660.92s | Method=fedgloss
[Round 137/210] Phase=standard | Stage=warmup | Acc=54.470 | RoundTime=27.17s | TotalTime=3688.10s | Method=fedgloss
[Round 138/210] Phase=standard | Stage=warmup | Acc=55.040 | RoundTime=26.48s | TotalTime=3714.65s | Method=fedgloss
[Round 139/210] Phase=standard | Stage=warmup | Acc=55.170 | RoundTime=27.09s | TotalTime=3741.75s | Method=fedgloss
[Round 140/210] Phase=standard | Stage=warmup | Acc=54.930 | RoundTime=27.42s | TotalTime=3769.17s | Method=fedgloss
[Round 141/210] Phase=standard | Stage=warmup | Acc=55.250 | RoundTime=26.30s | TotalTime=3795.49s | Method=fedgloss
[Round 142/210] Phase=standard | Stage=warmup | Acc=54.950 | RoundTime=26.90s | TotalTime=3822.39s | Method=fedgloss
[Round 143/210] Phase=standard | Stage=warmup | Acc=54.600 | RoundTime=27.14s | TotalTime=3849.53s | Method=fedgloss
[Round 144/210] Phase=standard | Stage=warmup | Acc=54.710 | RoundTime=26.51s | TotalTime=3876.05s | Method=fedgloss
[Round 145/210] Phase=standard | Stage=warmup | Acc=54.740 | RoundTime=25.98s | TotalTime=3902.04s | Method=fedgloss
[Round 146/210] Phase=standard | Stage=warmup | Acc=55.130 | RoundTime=26.07s | TotalTime=3928.12s | Method=fedgloss
[Round 147/210] Phase=standard | Stage=warmup | Acc=54.560 | RoundTime=26.36s | TotalTime=3954.48s | Method=fedgloss
[Round 148/210] Phase=standard | Stage=warmup | Acc=54.630 | RoundTime=26.60s | TotalTime=3981.09s | Method=fedgloss
[Round 149/210] Phase=standard | Stage=warmup | Acc=55.000 | RoundTime=25.87s | TotalTime=4006.97s | Method=fedgloss
[Round 150/210] Phase=standard | Stage=warmup | Acc=54.610 | RoundTime=26.41s | TotalTime=4033.38s | Method=fedgloss
[Round 151/210] Phase=standard | Stage=warmup | Acc=54.790 | RoundTime=25.81s | TotalTime=4059.20s | Method=fedgloss
[Round 152/210] Phase=standard | Stage=warmup | Acc=54.830 | RoundTime=25.77s | TotalTime=4084.99s | Method=fedgloss
[Round 153/210] Phase=standard | Stage=warmup | Acc=55.020 | RoundTime=26.17s | TotalTime=4111.16s | Method=fedgloss
[Round 154/210] Phase=standard | Stage=warmup | Acc=54.700 | RoundTime=26.30s | TotalTime=4137.47s | Method=fedgloss
[Round 155/210] Phase=standard | Stage=warmup | Acc=55.190 | RoundTime=25.86s | TotalTime=4163.34s | Method=fedgloss
[Round 156/210] Phase=standard | Stage=warmup | Acc=54.580 | RoundTime=26.83s | TotalTime=4190.18s | Method=fedgloss
[Round 157/210] Phase=standard | Stage=warmup | Acc=54.750 | RoundTime=25.85s | TotalTime=4216.04s | Method=fedgloss
[Round 158/210] Phase=standard | Stage=warmup | Acc=55.000 | RoundTime=25.90s | TotalTime=4241.95s | Method=fedgloss
[Round 159/210] Phase=standard | Stage=warmup | Acc=54.430 | RoundTime=28.23s | TotalTime=4270.19s | Method=fedgloss
[Round 160/210] Phase=standard | Stage=warmup | Acc=54.580 | RoundTime=27.37s | TotalTime=4297.56s | Method=fedgloss
[Round 161/210] Phase=standard | Stage=warmup | Acc=54.530 | RoundTime=27.01s | TotalTime=4324.60s | Method=fedgloss
[Round 162/210] Phase=standard | Stage=warmup | Acc=54.680 | RoundTime=27.40s | TotalTime=4352.01s | Method=fedgloss
[Round 163/210] Phase=standard | Stage=warmup | Acc=54.530 | RoundTime=27.72s | TotalTime=4379.74s | Method=fedgloss
[Round 164/210] Phase=standard | Stage=warmup | Acc=54.720 | RoundTime=28.02s | TotalTime=4407.77s | Method=fedgloss
[Round 165/210] Phase=standard | Stage=warmup | Acc=53.930 | RoundTime=27.67s | TotalTime=4435.45s | Method=fedgloss
[Round 166/210] Phase=standard | Stage=warmup | Acc=54.570 | RoundTime=26.91s | TotalTime=4462.37s | Method=fedgloss
[Round 167/210] Phase=standard | Stage=warmup | Acc=54.050 | RoundTime=26.36s | TotalTime=4488.73s | Method=fedgloss
[Round 168/210] Phase=standard | Stage=warmup | Acc=54.220 | RoundTime=27.15s | TotalTime=4515.89s | Method=fedgloss
[Round 169/210] Phase=standard | Stage=warmup | Acc=54.290 | RoundTime=26.35s | TotalTime=4542.25s | Method=fedgloss
[Round 170/210] Phase=standard | Stage=warmup | Acc=54.470 | RoundTime=26.37s | TotalTime=4568.63s | Method=fedgloss
[Round 171/210] Phase=standard | Stage=warmup | Acc=54.090 | RoundTime=26.20s | TotalTime=4594.84s | Method=fedgloss
[Round 172/210] Phase=standard | Stage=warmup | Acc=53.980 | RoundTime=26.80s | TotalTime=4621.64s | Method=fedgloss
[Round 173/210] Phase=standard | Stage=warmup | Acc=53.930 | RoundTime=26.22s | TotalTime=4647.87s | Method=fedgloss
[Round 174/210] Phase=standard | Stage=warmup | Acc=53.860 | RoundTime=26.10s | TotalTime=4673.98s | Method=fedgloss
[Round 175/210] Phase=standard | Stage=warmup | Acc=54.050 | RoundTime=26.63s | TotalTime=4700.61s | Method=fedgloss
[Round 176/210] Phase=standard | Stage=warmup | Acc=53.870 | RoundTime=27.31s | TotalTime=4727.93s | Method=fedgloss
[Round 177/210] Phase=standard | Stage=warmup | Acc=54.110 | RoundTime=26.75s | TotalTime=4754.69s | Method=fedgloss
[Round 178/210] Phase=standard | Stage=warmup | Acc=53.900 | RoundTime=26.13s | TotalTime=4780.83s | Method=fedgloss
[Round 179/210] Phase=standard | Stage=warmup | Acc=54.460 | RoundTime=26.60s | TotalTime=4807.45s | Method=fedgloss
[Round 180/210] Phase=standard | Stage=warmup | Acc=53.870 | RoundTime=26.38s | TotalTime=4833.84s | Method=fedgloss
[Round 181/210] Phase=standard | Stage=warmup | Acc=53.410 | RoundTime=26.02s | TotalTime=4859.87s | Method=fedgloss
[Round 182/210] Phase=standard | Stage=warmup | Acc=53.570 | RoundTime=27.44s | TotalTime=4887.31s | Method=fedgloss
[Round 183/210] Phase=standard | Stage=warmup | Acc=53.980 | RoundTime=27.29s | TotalTime=4914.61s | Method=fedgloss
[Round 184/210] Phase=standard | Stage=warmup | Acc=53.560 | RoundTime=26.30s | TotalTime=4940.92s | Method=fedgloss
[Round 185/210] Phase=standard | Stage=warmup | Acc=53.430 | RoundTime=26.05s | TotalTime=4966.98s | Method=fedgloss
[Round 186/210] Phase=standard | Stage=warmup | Acc=53.900 | RoundTime=26.59s | TotalTime=4993.57s | Method=fedgloss
[Round 187/210] Phase=standard | Stage=warmup | Acc=53.120 | RoundTime=26.38s | TotalTime=5019.96s | Method=fedgloss
[Round 188/210] Phase=standard | Stage=warmup | Acc=53.080 | RoundTime=26.50s | TotalTime=5046.47s | Method=fedgloss
[Round 189/210] Phase=standard | Stage=warmup | Acc=53.550 | RoundTime=25.59s | TotalTime=5072.06s | Method=fedgloss
[Round 190/210] Phase=standard | Stage=warmup | Acc=52.950 | RoundTime=25.35s | TotalTime=5097.42s | Method=fedgloss
[Round 191/210] Phase=standard | Stage=warmup | Acc=53.450 | RoundTime=26.80s | TotalTime=5124.24s | Method=fedgloss
[Round 192/210] Phase=standard | Stage=warmup | Acc=53.500 | RoundTime=26.03s | TotalTime=5150.27s | Method=fedgloss
[Round 193/210] Phase=standard | Stage=warmup | Acc=53.350 | RoundTime=25.73s | TotalTime=5176.01s | Method=fedgloss
[Round 194/210] Phase=standard | Stage=warmup | Acc=53.550 | RoundTime=26.50s | TotalTime=5202.52s | Method=fedgloss
[Round 195/210] Phase=standard | Stage=warmup | Acc=53.130 | RoundTime=27.23s | TotalTime=5229.76s | Method=fedgloss
[Round 196/210] Phase=standard | Stage=warmup | Acc=52.770 | RoundTime=26.45s | TotalTime=5256.22s | Method=fedgloss
[Round 197/210] Phase=standard | Stage=warmup | Acc=52.760 | RoundTime=26.24s | TotalTime=5282.47s | Method=fedgloss
[Round 198/210] Phase=standard | Stage=warmup | Acc=53.010 | RoundTime=26.66s | TotalTime=5309.14s | Method=fedgloss
[Round 199/210] Phase=standard | Stage=warmup | Acc=52.860 | RoundTime=24.95s | TotalTime=5334.10s | Method=fedgloss
[Round 200/210] Phase=standard | Stage=warmup | Acc=52.520 | RoundTime=26.58s | TotalTime=5360.68s | Method=fedgloss
[Round 201/210] Phase=standard | Stage=warmup | Acc=52.560 | RoundTime=26.08s | TotalTime=5386.77s | Method=fedgloss
[Round 202/210] Phase=standard | Stage=warmup | Acc=52.360 | RoundTime=26.74s | TotalTime=5413.51s | Method=fedgloss
[Round 203/210] Phase=standard | Stage=warmup | Acc=52.570 | RoundTime=27.01s | TotalTime=5440.53s | Method=fedgloss
[Round 204/210] Phase=standard | Stage=warmup | Acc=52.160 | RoundTime=25.99s | TotalTime=5466.53s | Method=fedgloss
[Round 205/210] Phase=standard | Stage=warmup | Acc=52.680 | RoundTime=26.80s | TotalTime=5493.34s | Method=fedgloss
[Round 206/210] Phase=standard | Stage=warmup | Acc=52.180 | RoundTime=26.23s | TotalTime=5519.58s | Method=fedgloss
[Round 207/210] Phase=standard | Stage=warmup | Acc=51.790 | RoundTime=27.15s | TotalTime=5546.73s | Method=fedgloss
[Round 208/210] Phase=standard | Stage=warmup | Acc=52.460 | RoundTime=25.95s | TotalTime=5572.70s | Method=fedgloss
[Round 209/210] Phase=standard | Stage=warmup | Acc=52.030 | RoundTime=26.24s | TotalTime=5598.95s | Method=fedgloss
[Round 210/210] Phase=standard | Stage=warmup | Acc=52.540 | RoundTime=22.85s | TotalTime=5621.81s | Method=fedgloss
========================================================================================================================
Training finished at: 2026-04-09 05:12:12
Total elapsed time: 5621.82s
Final Acc: 52.540
Best Acc : 55.250
========================================================================================================================
