[Launch] model=feddenoise_v3 | dataset=fl_mnist | clients=10 | rounds=96 | local_epoch=1 | batch_size=64 | noise_mode=uniform | noise_value=0.3
mean: 6000.0
std: 0.0
Data statistics: {0: {0: 618, 1: 208, 2: 489, 3: 2618, 4: 263, 5: 662, 6: 208, 7: 333, 8: 422, 9: 179}, 1: {0: 790, 1: 868, 2: 2945, 3: 185, 4: 210, 5: 197, 6: 202, 7: 187, 8: 213, 9: 203}, 2: {0: 714, 1: 795, 2: 463, 3: 269, 4: 1059, 5: 244, 6: 294, 7: 1760, 8: 198, 9: 204}, 3: {0: 301, 1: 248, 2: 208, 3: 1180, 4: 223, 5: 476, 6: 1424, 7: 296, 8: 1017, 9: 627}, 4: {0: 292, 1: 811, 2: 739, 3: 683, 4: 287, 5: 1428, 6: 207, 7: 191, 8: 1153, 9: 209}, 5: {0: 225, 1: 201, 2: 221, 3: 252, 4: 2555, 5: 304, 6: 180, 7: 1580, 8: 263, 9: 219}, 6: {0: 1362, 1: 1408, 2: 264, 3: 257, 4: 277, 5: 269, 6: 232, 7: 949, 8: 795, 9: 187}, 7: {0: 522, 1: 202, 2: 209, 3: 205, 4: 628, 5: 278, 6: 226, 7: 263, 8: 311, 9: 3156}, 8: {0: 278, 1: 626, 2: 209, 3: 201, 4: 208, 5: 402, 6: 2603, 7: 355, 8: 333, 9: 785}, 9: {0: 873, 1: 1095, 2: 213, 3: 182, 4: 214, 5: 1308, 6: 416, 7: 262, 8: 1226, 9: 211}}
========================================================================================================================
Training started at: 2026-04-08 12:10:19
Result directory: results/fl_mnist/feddenoise_v3/pm-dir_a-0.3_nm-uni_nr-0.3_nt-symmetric_wr-8_sr-22_ts-4,3,2,1_tss-least_sim_tsim-full_model_cosine_wm-backbone_only_dr-0.4_drs-None
Result txt file : results/fl_mnist/feddenoise_v3/pm-dir_a-0.3_nm-uni_nr-0.3_nt-symmetric_wr-8_sr-22_ts-4,3,2,1_tss-least_sim_tsim-full_model_cosine_wm-backbone_only_dr-0.4_drs-None/feddenoise_v3_fl_mnist_20260408-121019-618457_pid3668183.txt
Result log file : results/fl_mnist/feddenoise_v3/pm-dir_a-0.3_nm-uni_nr-0.3_nt-symmetric_wr-8_sr-22_ts-4,3,2,1_tss-least_sim_tsim-full_model_cosine_wm-backbone_only_dr-0.4_drs-None/feddenoise_v3_fl_mnist_20260408-121019-618457_pid3668183.log
------------------------------------------------------------------------------------------------------------------------
Model: feddenoise_v3
Dataset: fl_mnist
Structure: homogeneity
Participants: 10
Online ratio: 1.0
Communication epochs: 96
Local epoch: 1
Local batch size: 64
Local lr: 0.01
Partition mode: dirichlet
Dirichlet alpha: 0.3
Noise mode: uniform
Noise rate: 0.3
Noise type: symmetric
Noise max: 0.3
Averaging: weight
Seed: 0
Warmup round: 8
Stage round: 22
Teacher schedule: 4,3,2,1
Teacher select strategy: least_sim
Teacher similarity: full_model_cosine
Teacher score mode: teacher_mean
Warmup mode: backbone_only
Drop rate: 0.4
Drop rate schedule: None
Exclude self teacher: True
========================================================================================================================
Backbone: NoiseFLCNN NoiseFLCNN
[Round 001/096] Phase=warmup | Stage=warmup | Acc=11.350 | RoundTime=54.80s | TotalTime=54.85s | Method=feddenoise_v3
[Round 002/096] Phase=warmup | Stage=warmup | Acc=44.030 | RoundTime=62.43s | TotalTime=117.31s | Method=feddenoise_v3
[Round 003/096] Phase=warmup | Stage=warmup | Acc=83.460 | RoundTime=59.63s | TotalTime=176.98s | Method=feddenoise_v3
[Round 004/096] Phase=warmup | Stage=warmup | Acc=90.220 | RoundTime=59.53s | TotalTime=236.52s | Method=feddenoise_v3
[Round 005/096] Phase=warmup | Stage=warmup | Acc=93.080 | RoundTime=59.15s | TotalTime=295.69s | Method=feddenoise_v3
[Round 006/096] Phase=warmup | Stage=warmup | Acc=94.110 | RoundTime=59.29s | TotalTime=355.03s | Method=feddenoise_v3
[Round 007/096] Phase=warmup | Stage=warmup | Acc=95.360 | RoundTime=56.70s | TotalTime=411.77s | Method=feddenoise_v3

[Teacher Selection] Building clean subsets for stage 1 ...
[Stage 1] Client 0: teachers=[7, 5, 8, 6], avg_teacher_sim=0.9821, selected=3600
[Stage 1] Client 1: teachers=[7, 8, 5, 0], avg_teacher_sim=0.9833, selected=3600
[Stage 1] Client 2: teachers=[8, 7, 0, 3], avg_teacher_sim=0.9844, selected=3600
[Stage 1] Client 3: teachers=[5, 1, 7, 2], avg_teacher_sim=0.9849, selected=3600
[Stage 1] Client 4: teachers=[5, 7, 8, 1], avg_teacher_sim=0.9837, selected=3600
[Stage 1] Client 5: teachers=[0, 8, 9, 4], avg_teacher_sim=0.9820, selected=3600
[Stage 1] Client 6: teachers=[7, 0, 8, 5], avg_teacher_sim=0.9847, selected=3600
[Stage 1] Client 7: teachers=[0, 1, 8, 4], avg_teacher_sim=0.9818, selected=3600
[Stage 1] Client 8: teachers=[5, 0, 7, 2], avg_teacher_sim=0.9821, selected=3600
[Stage 1] Client 9: teachers=[5, 7, 8, 0], avg_teacher_sim=0.9843, selected=3600
[Stage 1] Selection summary | clean_precision=98.78 | clean_recall=84.67 | noisy_precision=73.17 | noisy_recall=97.56 | keep_ratio=60.00 | avg_teacher_similarity=0.9833
[Round 008/096] Phase=warmup | Stage=warmup | Acc=95.650 | RoundTime=124.63s | TotalTime=536.43s | Method=feddenoise_v3
[Round 009/096] Phase=stage_1 | Stage=0 | Acc=85.750 | StagePure=98.781 | CPrec=98.781 | CRec=84.669 | NPrec=73.171 | NRec=97.561 | Keep=60.000 | TSim=0.983 | RoundTime=48.02s | TotalTime=584.47s | Method=feddenoise_v3
[Round 010/096] Phase=stage_1 | Stage=0 | Acc=88.360 | StagePure=98.781 | CPrec=98.781 | CRec=84.669 | NPrec=73.171 | NRec=97.561 | Keep=60.000 | TSim=0.983 | RoundTime=47.45s | TotalTime=631.97s | Method=feddenoise_v3
[Round 011/096] Phase=stage_1 | Stage=0 | Acc=92.500 | StagePure=98.781 | CPrec=98.781 | CRec=84.669 | NPrec=73.171 | NRec=97.561 | Keep=60.000 | TSim=0.983 | RoundTime=47.39s | TotalTime=679.39s | Method=feddenoise_v3
[Round 012/096] Phase=stage_1 | Stage=0 | Acc=95.020 | StagePure=98.781 | CPrec=98.781 | CRec=84.669 | NPrec=73.171 | NRec=97.561 | Keep=60.000 | TSim=0.983 | RoundTime=48.53s | TotalTime=727.94s | Method=feddenoise_v3
[Round 013/096] Phase=stage_1 | Stage=0 | Acc=95.330 | StagePure=98.781 | CPrec=98.781 | CRec=84.669 | NPrec=73.171 | NRec=97.561 | Keep=60.000 | TSim=0.983 | RoundTime=47.32s | TotalTime=775.29s | Method=feddenoise_v3
[Round 014/096] Phase=stage_1 | Stage=0 | Acc=96.050 | StagePure=98.781 | CPrec=98.781 | CRec=84.669 | NPrec=73.171 | NRec=97.561 | Keep=60.000 | TSim=0.983 | RoundTime=47.67s | TotalTime=822.96s | Method=feddenoise_v3
[Round 015/096] Phase=stage_1 | Stage=0 | Acc=96.000 | StagePure=98.781 | CPrec=98.781 | CRec=84.669 | NPrec=73.171 | NRec=97.561 | Keep=60.000 | TSim=0.983 | RoundTime=47.30s | TotalTime=870.28s | Method=feddenoise_v3
[Round 016/096] Phase=stage_1 | Stage=0 | Acc=96.350 | StagePure=98.781 | CPrec=98.781 | CRec=84.669 | NPrec=73.171 | NRec=97.561 | Keep=60.000 | TSim=0.983 | RoundTime=47.17s | TotalTime=917.48s | Method=feddenoise_v3
[Round 017/096] Phase=stage_1 | Stage=0 | Acc=97.000 | StagePure=98.781 | CPrec=98.781 | CRec=84.669 | NPrec=73.171 | NRec=97.561 | Keep=60.000 | TSim=0.983 | RoundTime=43.44s | TotalTime=960.93s | Method=feddenoise_v3
[Round 018/096] Phase=stage_1 | Stage=0 | Acc=96.930 | StagePure=98.781 | CPrec=98.781 | CRec=84.669 | NPrec=73.171 | NRec=97.561 | Keep=60.000 | TSim=0.983 | RoundTime=42.37s | TotalTime=1003.33s | Method=feddenoise_v3
[Round 019/096] Phase=stage_1 | Stage=0 | Acc=97.150 | StagePure=98.781 | CPrec=98.781 | CRec=84.669 | NPrec=73.171 | NRec=97.561 | Keep=60.000 | TSim=0.983 | RoundTime=43.04s | TotalTime=1046.39s | Method=feddenoise_v3
[Round 020/096] Phase=stage_1 | Stage=0 | Acc=96.950 | StagePure=98.781 | CPrec=98.781 | CRec=84.669 | NPrec=73.171 | NRec=97.561 | Keep=60.000 | TSim=0.983 | RoundTime=42.73s | TotalTime=1089.17s | Method=feddenoise_v3
[Round 021/096] Phase=stage_1 | Stage=0 | Acc=97.240 | StagePure=98.781 | CPrec=98.781 | CRec=84.669 | NPrec=73.171 | NRec=97.561 | Keep=60.000 | TSim=0.983 | RoundTime=43.46s | TotalTime=1132.65s | Method=feddenoise_v3
[Round 022/096] Phase=stage_1 | Stage=0 | Acc=97.040 | StagePure=98.781 | CPrec=98.781 | CRec=84.669 | NPrec=73.171 | NRec=97.561 | Keep=60.000 | TSim=0.983 | RoundTime=43.13s | TotalTime=1175.80s | Method=feddenoise_v3
[Round 023/096] Phase=stage_1 | Stage=0 | Acc=97.460 | StagePure=98.781 | CPrec=98.781 | CRec=84.669 | NPrec=73.171 | NRec=97.561 | Keep=60.000 | TSim=0.983 | RoundTime=43.62s | TotalTime=1219.47s | Method=feddenoise_v3
[Round 024/096] Phase=stage_1 | Stage=0 | Acc=97.350 | StagePure=98.781 | CPrec=98.781 | CRec=84.669 | NPrec=73.171 | NRec=97.561 | Keep=60.000 | TSim=0.983 | RoundTime=43.71s | TotalTime=1263.21s | Method=feddenoise_v3
[Round 025/096] Phase=stage_1 | Stage=0 | Acc=97.320 | StagePure=98.781 | CPrec=98.781 | CRec=84.669 | NPrec=73.171 | NRec=97.561 | Keep=60.000 | TSim=0.983 | RoundTime=43.54s | TotalTime=1306.77s | Method=feddenoise_v3
[Round 026/096] Phase=stage_1 | Stage=0 | Acc=97.360 | StagePure=98.781 | CPrec=98.781 | CRec=84.669 | NPrec=73.171 | NRec=97.561 | Keep=60.000 | TSim=0.983 | RoundTime=44.36s | TotalTime=1351.16s | Method=feddenoise_v3
[Round 027/096] Phase=stage_1 | Stage=0 | Acc=97.320 | StagePure=98.781 | CPrec=98.781 | CRec=84.669 | NPrec=73.171 | NRec=97.561 | Keep=60.000 | TSim=0.983 | RoundTime=43.54s | TotalTime=1394.72s | Method=feddenoise_v3
[Round 028/096] Phase=stage_1 | Stage=0 | Acc=97.540 | StagePure=98.781 | CPrec=98.781 | CRec=84.669 | NPrec=73.171 | NRec=97.561 | Keep=60.000 | TSim=0.983 | RoundTime=43.15s | TotalTime=1437.91s | Method=feddenoise_v3
[Round 029/096] Phase=stage_1 | Stage=0 | Acc=97.470 | StagePure=98.781 | CPrec=98.781 | CRec=84.669 | NPrec=73.171 | NRec=97.561 | Keep=60.000 | TSim=0.983 | RoundTime=43.34s | TotalTime=1481.27s | Method=feddenoise_v3

[Teacher Selection] Building clean subsets for stage 2 ...
[Stage 2] Client 0: teachers=[7, 1, 5], avg_teacher_sim=0.9754, selected=3600
[Stage 2] Client 1: teachers=[7, 5, 0], avg_teacher_sim=0.9732, selected=3600
[Stage 2] Client 2: teachers=[1, 7, 8], avg_teacher_sim=0.9781, selected=3600
[Stage 2] Client 3: teachers=[1, 7, 5], avg_teacher_sim=0.9792, selected=3600
[Stage 2] Client 4: teachers=[7, 1, 5], avg_teacher_sim=0.9787, selected=3600
[Stage 2] Client 5: teachers=[1, 7, 0], avg_teacher_sim=0.9754, selected=3600
[Stage 2] Client 6: teachers=[7, 1, 8], avg_teacher_sim=0.9780, selected=3600
[Stage 2] Client 7: teachers=[1, 0, 5], avg_teacher_sim=0.9731, selected=3600
[Stage 2] Client 8: teachers=[7, 1, 0], avg_teacher_sim=0.9765, selected=3600
[Stage 2] Client 9: teachers=[1, 7, 5], avg_teacher_sim=0.9774, selected=3600
[Stage 2] Selection summary | clean_precision=99.65 | clean_recall=85.41 | noisy_precision=74.47 | noisy_recall=99.30 | keep_ratio=60.00 | avg_teacher_similarity=0.9765
[Round 030/096] Phase=stage_1 | Stage=0 | Acc=97.680 | StagePure=98.781 | CPrec=98.781 | CRec=84.669 | NPrec=73.171 | NRec=97.561 | Keep=60.000 | TSim=0.983 | RoundTime=101.68s | TotalTime=1582.99s | Method=feddenoise_v3
[Round 031/096] Phase=stage_2 | Stage=1 | Acc=98.040 | StagePure=99.650 | CPrec=99.650 | CRec=85.414 | NPrec=74.475 | NRec=99.300 | Keep=60.000 | TSim=0.976 | RoundTime=42.42s | TotalTime=1625.45s | Method=feddenoise_v3
[Round 032/096] Phase=stage_2 | Stage=1 | Acc=98.170 | StagePure=99.650 | CPrec=99.650 | CRec=85.414 | NPrec=74.475 | NRec=99.300 | Keep=60.000 | TSim=0.976 | RoundTime=43.41s | TotalTime=1668.89s | Method=feddenoise_v3
[Round 033/096] Phase=stage_2 | Stage=1 | Acc=98.190 | StagePure=99.650 | CPrec=99.650 | CRec=85.414 | NPrec=74.475 | NRec=99.300 | Keep=60.000 | TSim=0.976 | RoundTime=43.30s | TotalTime=1712.25s | Method=feddenoise_v3
[Round 034/096] Phase=stage_2 | Stage=1 | Acc=98.270 | StagePure=99.650 | CPrec=99.650 | CRec=85.414 | NPrec=74.475 | NRec=99.300 | Keep=60.000 | TSim=0.976 | RoundTime=43.84s | TotalTime=1756.12s | Method=feddenoise_v3
[Round 035/096] Phase=stage_2 | Stage=1 | Acc=98.270 | StagePure=99.650 | CPrec=99.650 | CRec=85.414 | NPrec=74.475 | NRec=99.300 | Keep=60.000 | TSim=0.976 | RoundTime=44.21s | TotalTime=1800.40s | Method=feddenoise_v3
[Round 036/096] Phase=stage_2 | Stage=1 | Acc=98.320 | StagePure=99.650 | CPrec=99.650 | CRec=85.414 | NPrec=74.475 | NRec=99.300 | Keep=60.000 | TSim=0.976 | RoundTime=47.46s | TotalTime=1847.88s | Method=feddenoise_v3
[Round 037/096] Phase=stage_2 | Stage=1 | Acc=98.200 | StagePure=99.650 | CPrec=99.650 | CRec=85.414 | NPrec=74.475 | NRec=99.300 | Keep=60.000 | TSim=0.976 | RoundTime=46.93s | TotalTime=1894.85s | Method=feddenoise_v3
[Round 038/096] Phase=stage_2 | Stage=1 | Acc=98.300 | StagePure=99.650 | CPrec=99.650 | CRec=85.414 | NPrec=74.475 | NRec=99.300 | Keep=60.000 | TSim=0.976 | RoundTime=48.10s | TotalTime=1942.97s | Method=feddenoise_v3
[Round 039/096] Phase=stage_2 | Stage=1 | Acc=98.250 | StagePure=99.650 | CPrec=99.650 | CRec=85.414 | NPrec=74.475 | NRec=99.300 | Keep=60.000 | TSim=0.976 | RoundTime=46.98s | TotalTime=1989.99s | Method=feddenoise_v3
[Round 040/096] Phase=stage_2 | Stage=1 | Acc=98.230 | StagePure=99.650 | CPrec=99.650 | CRec=85.414 | NPrec=74.475 | NRec=99.300 | Keep=60.000 | TSim=0.976 | RoundTime=44.44s | TotalTime=2034.48s | Method=feddenoise_v3
[Round 041/096] Phase=stage_2 | Stage=1 | Acc=98.230 | StagePure=99.650 | CPrec=99.650 | CRec=85.414 | NPrec=74.475 | NRec=99.300 | Keep=60.000 | TSim=0.976 | RoundTime=46.01s | TotalTime=2080.52s | Method=feddenoise_v3
[Round 042/096] Phase=stage_2 | Stage=1 | Acc=98.220 | StagePure=99.650 | CPrec=99.650 | CRec=85.414 | NPrec=74.475 | NRec=99.300 | Keep=60.000 | TSim=0.976 | RoundTime=45.92s | TotalTime=2126.46s | Method=feddenoise_v3
[Round 043/096] Phase=stage_2 | Stage=1 | Acc=98.260 | StagePure=99.650 | CPrec=99.650 | CRec=85.414 | NPrec=74.475 | NRec=99.300 | Keep=60.000 | TSim=0.976 | RoundTime=45.24s | TotalTime=2171.71s | Method=feddenoise_v3
[Round 044/096] Phase=stage_2 | Stage=1 | Acc=98.110 | StagePure=99.650 | CPrec=99.650 | CRec=85.414 | NPrec=74.475 | NRec=99.300 | Keep=60.000 | TSim=0.976 | RoundTime=45.37s | TotalTime=2217.11s | Method=feddenoise_v3
[Round 045/096] Phase=stage_2 | Stage=1 | Acc=98.180 | StagePure=99.650 | CPrec=99.650 | CRec=85.414 | NPrec=74.475 | NRec=99.300 | Keep=60.000 | TSim=0.976 | RoundTime=45.24s | TotalTime=2262.39s | Method=feddenoise_v3
[Round 046/096] Phase=stage_2 | Stage=1 | Acc=98.290 | StagePure=99.650 | CPrec=99.650 | CRec=85.414 | NPrec=74.475 | NRec=99.300 | Keep=60.000 | TSim=0.976 | RoundTime=45.26s | TotalTime=2307.67s | Method=feddenoise_v3
[Round 047/096] Phase=stage_2 | Stage=1 | Acc=98.240 | StagePure=99.650 | CPrec=99.650 | CRec=85.414 | NPrec=74.475 | NRec=99.300 | Keep=60.000 | TSim=0.976 | RoundTime=44.93s | TotalTime=2352.64s | Method=feddenoise_v3
[Round 048/096] Phase=stage_2 | Stage=1 | Acc=98.200 | StagePure=99.650 | CPrec=99.650 | CRec=85.414 | NPrec=74.475 | NRec=99.300 | Keep=60.000 | TSim=0.976 | RoundTime=45.09s | TotalTime=2397.77s | Method=feddenoise_v3
[Round 049/096] Phase=stage_2 | Stage=1 | Acc=98.350 | StagePure=99.650 | CPrec=99.650 | CRec=85.414 | NPrec=74.475 | NRec=99.300 | Keep=60.000 | TSim=0.976 | RoundTime=44.72s | TotalTime=2442.51s | Method=feddenoise_v3
[Round 050/096] Phase=stage_2 | Stage=1 | Acc=98.390 | StagePure=99.650 | CPrec=99.650 | CRec=85.414 | NPrec=74.475 | NRec=99.300 | Keep=60.000 | TSim=0.976 | RoundTime=45.00s | TotalTime=2487.51s | Method=feddenoise_v3
[Round 051/096] Phase=stage_2 | Stage=1 | Acc=98.360 | StagePure=99.650 | CPrec=99.650 | CRec=85.414 | NPrec=74.475 | NRec=99.300 | Keep=60.000 | TSim=0.976 | RoundTime=45.18s | TotalTime=2532.71s | Method=feddenoise_v3

[Teacher Selection] Building clean subsets for stage 3 ...
[Stage 3] Client 0: teachers=[7, 5], avg_teacher_sim=0.9807, selected=3600
[Stage 3] Client 1: teachers=[7, 5], avg_teacher_sim=0.9823, selected=3600
[Stage 3] Client 2: teachers=[7, 8], avg_teacher_sim=0.9854, selected=3600
[Stage 3] Client 3: teachers=[7, 5], avg_teacher_sim=0.9834, selected=3600
[Stage 3] Client 4: teachers=[7, 5], avg_teacher_sim=0.9842, selected=3600
[Stage 3] Client 5: teachers=[7, 0], avg_teacher_sim=0.9840, selected=3600
[Stage 3] Client 6: teachers=[7, 5], avg_teacher_sim=0.9831, selected=3600
[Stage 3] Client 7: teachers=[1, 0], avg_teacher_sim=0.9772, selected=3600
[Stage 3] Client 8: teachers=[7, 5], avg_teacher_sim=0.9823, selected=3600
[Stage 3] Client 9: teachers=[7, 5], avg_teacher_sim=0.9835, selected=3600
[Stage 3] Selection summary | clean_precision=99.80 | clean_recall=85.55 | noisy_precision=74.70 | noisy_recall=99.61 | keep_ratio=60.00 | avg_teacher_similarity=0.9826
[Round 052/096] Phase=stage_2 | Stage=1 | Acc=98.380 | StagePure=99.650 | CPrec=99.650 | CRec=85.414 | NPrec=74.475 | NRec=99.300 | Keep=60.000 | TSim=0.976 | RoundTime=90.14s | TotalTime=2622.85s | Method=feddenoise_v3
[Round 053/096] Phase=stage_3 | Stage=2 | Acc=98.070 | StagePure=99.803 | CPrec=99.803 | CRec=85.545 | NPrec=74.704 | NRec=99.606 | Keep=60.000 | TSim=0.983 | RoundTime=44.97s | TotalTime=2667.85s | Method=feddenoise_v3
[Round 054/096] Phase=stage_3 | Stage=2 | Acc=98.290 | StagePure=99.803 | CPrec=99.803 | CRec=85.545 | NPrec=74.704 | NRec=99.606 | Keep=60.000 | TSim=0.983 | RoundTime=45.86s | TotalTime=2713.72s | Method=feddenoise_v3
[Round 055/096] Phase=stage_3 | Stage=2 | Acc=98.140 | StagePure=99.803 | CPrec=99.803 | CRec=85.545 | NPrec=74.704 | NRec=99.606 | Keep=60.000 | TSim=0.983 | RoundTime=45.29s | TotalTime=2759.02s | Method=feddenoise_v3
[Round 056/096] Phase=stage_3 | Stage=2 | Acc=98.320 | StagePure=99.803 | CPrec=99.803 | CRec=85.545 | NPrec=74.704 | NRec=99.606 | Keep=60.000 | TSim=0.983 | RoundTime=45.32s | TotalTime=2804.36s | Method=feddenoise_v3
[Round 057/096] Phase=stage_3 | Stage=2 | Acc=98.380 | StagePure=99.803 | CPrec=99.803 | CRec=85.545 | NPrec=74.704 | NRec=99.606 | Keep=60.000 | TSim=0.983 | RoundTime=45.65s | TotalTime=2850.03s | Method=feddenoise_v3
[Round 058/096] Phase=stage_3 | Stage=2 | Acc=98.440 | StagePure=99.803 | CPrec=99.803 | CRec=85.545 | NPrec=74.704 | NRec=99.606 | Keep=60.000 | TSim=0.983 | RoundTime=45.68s | TotalTime=2895.72s | Method=feddenoise_v3
[Round 059/096] Phase=stage_3 | Stage=2 | Acc=98.390 | StagePure=99.803 | CPrec=99.803 | CRec=85.545 | NPrec=74.704 | NRec=99.606 | Keep=60.000 | TSim=0.983 | RoundTime=45.27s | TotalTime=2941.01s | Method=feddenoise_v3
[Round 060/096] Phase=stage_3 | Stage=2 | Acc=98.420 | StagePure=99.803 | CPrec=99.803 | CRec=85.545 | NPrec=74.704 | NRec=99.606 | Keep=60.000 | TSim=0.983 | RoundTime=45.17s | TotalTime=2986.18s | Method=feddenoise_v3
[Round 061/096] Phase=stage_3 | Stage=2 | Acc=98.520 | StagePure=99.803 | CPrec=99.803 | CRec=85.545 | NPrec=74.704 | NRec=99.606 | Keep=60.000 | TSim=0.983 | RoundTime=43.99s | TotalTime=3030.20s | Method=feddenoise_v3
[Round 062/096] Phase=stage_3 | Stage=2 | Acc=98.440 | StagePure=99.803 | CPrec=99.803 | CRec=85.545 | NPrec=74.704 | NRec=99.606 | Keep=60.000 | TSim=0.983 | RoundTime=42.27s | TotalTime=3072.48s | Method=feddenoise_v3
[Round 063/096] Phase=stage_3 | Stage=2 | Acc=98.440 | StagePure=99.803 | CPrec=99.803 | CRec=85.545 | NPrec=74.704 | NRec=99.606 | Keep=60.000 | TSim=0.983 | RoundTime=45.43s | TotalTime=3117.93s | Method=feddenoise_v3
[Round 064/096] Phase=stage_3 | Stage=2 | Acc=98.390 | StagePure=99.803 | CPrec=99.803 | CRec=85.545 | NPrec=74.704 | NRec=99.606 | Keep=60.000 | TSim=0.983 | RoundTime=47.56s | TotalTime=3165.51s | Method=feddenoise_v3
[Round 065/096] Phase=stage_3 | Stage=2 | Acc=98.460 | StagePure=99.803 | CPrec=99.803 | CRec=85.545 | NPrec=74.704 | NRec=99.606 | Keep=60.000 | TSim=0.983 | RoundTime=48.67s | TotalTime=3214.19s | Method=feddenoise_v3
[Round 066/096] Phase=stage_3 | Stage=2 | Acc=98.330 | StagePure=99.803 | CPrec=99.803 | CRec=85.545 | NPrec=74.704 | NRec=99.606 | Keep=60.000 | TSim=0.983 | RoundTime=45.59s | TotalTime=3259.81s | Method=feddenoise_v3
[Round 067/096] Phase=stage_3 | Stage=2 | Acc=98.370 | StagePure=99.803 | CPrec=99.803 | CRec=85.545 | NPrec=74.704 | NRec=99.606 | Keep=60.000 | TSim=0.983 | RoundTime=46.47s | TotalTime=3306.31s | Method=feddenoise_v3
[Round 068/096] Phase=stage_3 | Stage=2 | Acc=98.340 | StagePure=99.803 | CPrec=99.803 | CRec=85.545 | NPrec=74.704 | NRec=99.606 | Keep=60.000 | TSim=0.983 | RoundTime=46.27s | TotalTime=3352.60s | Method=feddenoise_v3
[Round 069/096] Phase=stage_3 | Stage=2 | Acc=98.120 | StagePure=99.803 | CPrec=99.803 | CRec=85.545 | NPrec=74.704 | NRec=99.606 | Keep=60.000 | TSim=0.983 | RoundTime=47.63s | TotalTime=3400.23s | Method=feddenoise_v3
[Round 070/096] Phase=stage_3 | Stage=2 | Acc=98.350 | StagePure=99.803 | CPrec=99.803 | CRec=85.545 | NPrec=74.704 | NRec=99.606 | Keep=60.000 | TSim=0.983 | RoundTime=47.47s | TotalTime=3447.71s | Method=feddenoise_v3
[Round 071/096] Phase=stage_3 | Stage=2 | Acc=98.330 | StagePure=99.803 | CPrec=99.803 | CRec=85.545 | NPrec=74.704 | NRec=99.606 | Keep=60.000 | TSim=0.983 | RoundTime=45.44s | TotalTime=3493.17s | Method=feddenoise_v3
[Round 072/096] Phase=stage_3 | Stage=2 | Acc=98.350 | StagePure=99.803 | CPrec=99.803 | CRec=85.545 | NPrec=74.704 | NRec=99.606 | Keep=60.000 | TSim=0.983 | RoundTime=44.74s | TotalTime=3537.94s | Method=feddenoise_v3
[Round 073/096] Phase=stage_3 | Stage=2 | Acc=98.430 | StagePure=99.803 | CPrec=99.803 | CRec=85.545 | NPrec=74.704 | NRec=99.606 | Keep=60.000 | TSim=0.983 | RoundTime=46.28s | TotalTime=3584.24s | Method=feddenoise_v3

[Teacher Selection] Building clean subsets for stage 4 ...
[Stage 4] Client 0: teachers=[7], avg_teacher_sim=0.9810, selected=3600
[Stage 4] Client 1: teachers=[7], avg_teacher_sim=0.9780, selected=3600
[Stage 4] Client 2: teachers=[7], avg_teacher_sim=0.9860, selected=3600
[Stage 4] Client 3: teachers=[5], avg_teacher_sim=0.9863, selected=3600
[Stage 4] Client 4: teachers=[5], avg_teacher_sim=0.9851, selected=3600
[Stage 4] Client 5: teachers=[0], avg_teacher_sim=0.9811, selected=3600
[Stage 4] Client 6: teachers=[7], avg_teacher_sim=0.9791, selected=3600
[Stage 4] Client 7: teachers=[1], avg_teacher_sim=0.9780, selected=3600
[Stage 4] Client 8: teachers=[0], avg_teacher_sim=0.9848, selected=3600
[Stage 4] Client 9: teachers=[5], avg_teacher_sim=0.9844, selected=3600
[Stage 4] Selection summary | clean_precision=99.82 | clean_recall=85.56 | noisy_precision=74.73 | noisy_recall=99.64 | keep_ratio=60.00 | avg_teacher_similarity=0.9824
[Round 074/096] Phase=stage_3 | Stage=2 | Acc=98.450 | StagePure=99.803 | CPrec=99.803 | CRec=85.545 | NPrec=74.704 | NRec=99.606 | Keep=60.000 | TSim=0.983 | RoundTime=76.07s | TotalTime=3660.32s | Method=feddenoise_v3
[Round 075/096] Phase=stage_4 | Stage=3 | Acc=98.530 | StagePure=99.819 | CPrec=99.819 | CRec=85.560 | NPrec=74.729 | NRec=99.639 | Keep=60.000 | TSim=0.982 | RoundTime=44.63s | TotalTime=3704.98s | Method=feddenoise_v3
[Round 076/096] Phase=stage_4 | Stage=3 | Acc=98.660 | StagePure=99.819 | CPrec=99.819 | CRec=85.560 | NPrec=74.729 | NRec=99.639 | Keep=60.000 | TSim=0.982 | RoundTime=44.20s | TotalTime=3749.21s | Method=feddenoise_v3
[Round 077/096] Phase=stage_4 | Stage=3 | Acc=98.560 | StagePure=99.819 | CPrec=99.819 | CRec=85.560 | NPrec=74.729 | NRec=99.639 | Keep=60.000 | TSim=0.982 | RoundTime=45.04s | TotalTime=3794.26s | Method=feddenoise_v3
[Round 078/096] Phase=stage_4 | Stage=3 | Acc=98.550 | StagePure=99.819 | CPrec=99.819 | CRec=85.560 | NPrec=74.729 | NRec=99.639 | Keep=60.000 | TSim=0.982 | RoundTime=45.76s | TotalTime=3840.02s | Method=feddenoise_v3
[Round 079/096] Phase=stage_4 | Stage=3 | Acc=98.670 | StagePure=99.819 | CPrec=99.819 | CRec=85.560 | NPrec=74.729 | NRec=99.639 | Keep=60.000 | TSim=0.982 | RoundTime=44.73s | TotalTime=3884.77s | Method=feddenoise_v3
[Round 080/096] Phase=stage_4 | Stage=3 | Acc=98.550 | StagePure=99.819 | CPrec=99.819 | CRec=85.560 | NPrec=74.729 | NRec=99.639 | Keep=60.000 | TSim=0.982 | RoundTime=44.66s | TotalTime=3929.44s | Method=feddenoise_v3
[Round 081/096] Phase=stage_4 | Stage=3 | Acc=98.550 | StagePure=99.819 | CPrec=99.819 | CRec=85.560 | NPrec=74.729 | NRec=99.639 | Keep=60.000 | TSim=0.982 | RoundTime=44.73s | TotalTime=3974.20s | Method=feddenoise_v3
[Round 082/096] Phase=stage_4 | Stage=3 | Acc=98.710 | StagePure=99.819 | CPrec=99.819 | CRec=85.560 | NPrec=74.729 | NRec=99.639 | Keep=60.000 | TSim=0.982 | RoundTime=44.75s | TotalTime=4018.96s | Method=feddenoise_v3
[Round 083/096] Phase=stage_4 | Stage=3 | Acc=98.680 | StagePure=99.819 | CPrec=99.819 | CRec=85.560 | NPrec=74.729 | NRec=99.639 | Keep=60.000 | TSim=0.982 | RoundTime=43.24s | TotalTime=4062.22s | Method=feddenoise_v3
[Round 084/096] Phase=stage_4 | Stage=3 | Acc=98.670 | StagePure=99.819 | CPrec=99.819 | CRec=85.560 | NPrec=74.729 | NRec=99.639 | Keep=60.000 | TSim=0.982 | RoundTime=42.19s | TotalTime=4104.43s | Method=feddenoise_v3
[Round 085/096] Phase=stage_4 | Stage=3 | Acc=98.680 | StagePure=99.819 | CPrec=99.819 | CRec=85.560 | NPrec=74.729 | NRec=99.639 | Keep=60.000 | TSim=0.982 | RoundTime=43.57s | TotalTime=4148.01s | Method=feddenoise_v3
[Round 086/096] Phase=stage_4 | Stage=3 | Acc=98.640 | StagePure=99.819 | CPrec=99.819 | CRec=85.560 | NPrec=74.729 | NRec=99.639 | Keep=60.000 | TSim=0.982 | RoundTime=46.62s | TotalTime=4194.66s | Method=feddenoise_v3
[Round 087/096] Phase=stage_4 | Stage=3 | Acc=98.640 | StagePure=99.819 | CPrec=99.819 | CRec=85.560 | NPrec=74.729 | NRec=99.639 | Keep=60.000 | TSim=0.982 | RoundTime=46.43s | TotalTime=4241.12s | Method=feddenoise_v3
[Round 088/096] Phase=stage_4 | Stage=3 | Acc=98.640 | StagePure=99.819 | CPrec=99.819 | CRec=85.560 | NPrec=74.729 | NRec=99.639 | Keep=60.000 | TSim=0.982 | RoundTime=46.95s | TotalTime=4288.08s | Method=feddenoise_v3
[Round 089/096] Phase=stage_4 | Stage=3 | Acc=98.660 | StagePure=99.819 | CPrec=99.819 | CRec=85.560 | NPrec=74.729 | NRec=99.639 | Keep=60.000 | TSim=0.982 | RoundTime=45.61s | TotalTime=4333.70s | Method=feddenoise_v3
[Round 090/096] Phase=stage_4 | Stage=3 | Acc=98.660 | StagePure=99.819 | CPrec=99.819 | CRec=85.560 | NPrec=74.729 | NRec=99.639 | Keep=60.000 | TSim=0.982 | RoundTime=44.55s | TotalTime=4378.26s | Method=feddenoise_v3
[Round 091/096] Phase=stage_4 | Stage=3 | Acc=98.650 | StagePure=99.819 | CPrec=99.819 | CRec=85.560 | NPrec=74.729 | NRec=99.639 | Keep=60.000 | TSim=0.982 | RoundTime=50.76s | TotalTime=4429.03s | Method=feddenoise_v3
[Round 092/096] Phase=stage_4 | Stage=3 | Acc=98.630 | StagePure=99.819 | CPrec=99.819 | CRec=85.560 | NPrec=74.729 | NRec=99.639 | Keep=60.000 | TSim=0.982 | RoundTime=47.90s | TotalTime=4476.95s | Method=feddenoise_v3
[Round 093/096] Phase=stage_4 | Stage=3 | Acc=98.690 | StagePure=99.819 | CPrec=99.819 | CRec=85.560 | NPrec=74.729 | NRec=99.639 | Keep=60.000 | TSim=0.982 | RoundTime=49.16s | TotalTime=4526.11s | Method=feddenoise_v3
[Round 094/096] Phase=stage_4 | Stage=3 | Acc=98.710 | StagePure=99.819 | CPrec=99.819 | CRec=85.560 | NPrec=74.729 | NRec=99.639 | Keep=60.000 | TSim=0.982 | RoundTime=45.84s | TotalTime=4571.96s | Method=feddenoise_v3
[Round 095/096] Phase=stage_4 | Stage=3 | Acc=98.570 | StagePure=99.819 | CPrec=99.819 | CRec=85.560 | NPrec=74.729 | NRec=99.639 | Keep=60.000 | TSim=0.982 | RoundTime=46.44s | TotalTime=4618.40s | Method=feddenoise_v3
[Round 096/096] Phase=stage_4 | Stage=3 | Acc=98.610 | StagePure=99.819 | CPrec=99.819 | CRec=85.560 | NPrec=74.729 | NRec=99.639 | Keep=60.000 | TSim=0.982 | RoundTime=46.20s | TotalTime=4664.66s | Method=feddenoise_v3
========================================================================================================================
Training finished at: 2026-04-08 13:28:05
Total elapsed time: 4664.67s
Final Acc: 98.610
Best Acc : 98.710
Final StagePure: 99.819
Best StagePure : 99.819
========================================================================================================================
