====================================================================================================
Training started at: 2026-03-31 09:49:20
Result directory: results/fl_cifar10/fedcda/pm-dir_a-0.5_nm-uni_nr-0.1_nt-symmetric_st-least_sim_dr-0.5
Result txt file : results/fl_cifar10/fedcda/pm-dir_a-0.5_nm-uni_nr-0.1_nt-symmetric_st-least_sim_dr-0.5/fedcda_fl_cifar10_20260331-094920-519728_pid442690.txt
Result log file : results/fl_cifar10/fedcda/pm-dir_a-0.5_nm-uni_nr-0.1_nt-symmetric_st-least_sim_dr-0.5/fedcda_fl_cifar10_20260331-094920-519728_pid442690.log
----------------------------------------------------------------------------------------------------
Model: fedcda
Dataset: fl_cifar10
Structure: homogeneity
Participants: 100
Online ratio: 0.1
Communication epochs: 100
Local epoch: 10
Local batch size: 54
Local lr: 0.01
Partition mode: dirichlet
Dirichlet alpha: 0.5
Noise mode: uniform
Noise rate: 0.1
Noise type: symmetric
Noise max: 0.3
Denoise score alpha: 0.5
Drop rate: 0.5
Denoise strategy: least_sim
FedProx mu: 0.01
FedRDN std: 0.01
FedCDA history size: NA
FedGLoSS beta: 0.01
Averaging: weight
Seed: 0
====================================================================================================
[Round 001/100] Acc=10.000 | RoundTime=26.81s | TotalTime=26.81s | Method=fedcda
[Round 002/100] Acc=18.680 | RoundTime=26.03s | TotalTime=52.84s | Method=fedcda
[Round 003/100] Acc=30.170 | RoundTime=26.93s | TotalTime=79.77s | Method=fedcda
[Round 004/100] Acc=39.750 | RoundTime=26.43s | TotalTime=106.21s | Method=fedcda
[Round 005/100] Acc=35.790 | RoundTime=28.20s | TotalTime=134.40s | Method=fedcda
[Round 006/100] Acc=38.240 | RoundTime=27.74s | TotalTime=162.15s | Method=fedcda
[Round 007/100] Acc=44.370 | RoundTime=26.82s | TotalTime=188.97s | Method=fedcda
[Round 008/100] Acc=44.330 | RoundTime=27.53s | TotalTime=216.49s | Method=fedcda
[Round 009/100] Acc=42.720 | RoundTime=26.30s | TotalTime=242.80s | Method=fedcda
[Round 010/100] Acc=41.680 | RoundTime=27.17s | TotalTime=269.96s | Method=fedcda
