====================================================================================================
Training started at: 2026-03-15 07:16:20
Result directory: results/fl_svhn/feddenoise/pm-dir_a-0.1_nm-uni_nr-0.3
Result txt file : results/fl_svhn/feddenoise/pm-dir_a-0.1_nm-uni_nr-0.3/feddenoise_fl_svhn_20260315-071620.txt
Result log file : results/fl_svhn/feddenoise/pm-dir_a-0.1_nm-uni_nr-0.3/feddenoise_fl_svhn_20260315-071620.log
----------------------------------------------------------------------------------------------------
Model: feddenoise
Dataset: fl_svhn
Structure: homogeneity
Participants: 100
Online ratio: 0.1
Communication epochs: 100
Local epoch: 10
Local batch size: 64
Local lr: 0.01
Partition mode: dirichlet
Dirichlet alpha: 0.1
Noise mode: uniform
Noise rate: 0.3
Noise type: asymmetric
Noise max: 0.3
Denoise score alpha: 0.5
Drop rate: 0.15
Denoise strategy: random
FedProx mu: 0.01
FedRDN std: 0.01
FedCDA history size: NA
FedGLoSS beta: 0.01
Averaging: weight
Seed: 0
====================================================================================================
[Round 001/100] Acc=19.690 | Pure=70.046 | RoundTime=52.36s | TotalTime=52.36s | Method=feddenoise
[Round 002/100] Acc=23.160 | Pure=70.151 | RoundTime=51.01s | TotalTime=103.38s | Method=feddenoise
[Round 003/100] Acc=37.150 | Pure=70.073 | RoundTime=53.19s | TotalTime=156.56s | Method=feddenoise
[Round 004/100] Acc=44.410 | Pure=70.141 | RoundTime=50.91s | TotalTime=207.47s | Method=feddenoise
[Round 005/100] Acc=49.930 | Pure=70.087 | RoundTime=51.60s | TotalTime=259.07s | Method=feddenoise
[Round 006/100] Acc=52.540 | Pure=70.141 | RoundTime=50.68s | TotalTime=309.75s | Method=feddenoise
[Round 007/100] Acc=46.180 | Pure=70.100 | RoundTime=51.13s | TotalTime=360.88s | Method=feddenoise
[Round 008/100] Acc=47.040 | Pure=70.134 | RoundTime=50.74s | TotalTime=411.63s | Method=feddenoise
[Round 009/100] Acc=28.530 | Pure=70.069 | RoundTime=52.39s | TotalTime=464.02s | Method=feddenoise
[Round 010/100] Acc=59.340 | Pure=70.109 | RoundTime=55.70s | TotalTime=519.72s | Method=feddenoise
[Round 011/100] Acc=59.470 | Pure=75.037 | RoundTime=74.67s | TotalTime=594.39s | Method=feddenoise
[Round 012/100] Acc=51.890 | Pure=74.709 | RoundTime=76.12s | TotalTime=670.51s | Method=feddenoise
[Round 013/100] Acc=63.560 | Pure=74.761 | RoundTime=73.91s | TotalTime=744.42s | Method=feddenoise
[Round 014/100] Acc=55.370 | Pure=73.545 | RoundTime=73.23s | TotalTime=817.65s | Method=feddenoise
[Round 015/100] Acc=48.470 | Pure=75.252 | RoundTime=74.33s | TotalTime=891.99s | Method=feddenoise
[Round 016/100] Acc=46.870 | Pure=74.460 | RoundTime=76.63s | TotalTime=968.62s | Method=feddenoise
[Round 017/100] Acc=58.050 | Pure=74.198 | RoundTime=72.84s | TotalTime=1041.46s | Method=feddenoise
[Round 018/100] Acc=58.800 | Pure=75.133 | RoundTime=73.09s | TotalTime=1114.54s | Method=feddenoise
[Round 019/100] Acc=49.220 | Pure=74.882 | RoundTime=74.58s | TotalTime=1189.12s | Method=feddenoise
[Round 020/100] Acc=62.250 | Pure=75.206 | RoundTime=74.09s | TotalTime=1263.21s | Method=feddenoise
[Round 021/100] Acc=60.260 | Pure=76.226 | RoundTime=73.96s | TotalTime=1337.16s | Method=feddenoise
[Round 022/100] Acc=64.680 | Pure=74.023 | RoundTime=73.01s | TotalTime=1410.18s | Method=feddenoise
[Round 023/100] Acc=56.510 | Pure=75.461 | RoundTime=74.72s | TotalTime=1484.90s | Method=feddenoise
[Round 024/100] Acc=55.620 | Pure=75.052 | RoundTime=74.53s | TotalTime=1559.43s | Method=feddenoise
[Round 025/100] Acc=49.510 | Pure=72.364 | RoundTime=72.95s | TotalTime=1632.38s | Method=feddenoise
[Round 026/100] Acc=60.440 | Pure=75.345 | RoundTime=74.77s | TotalTime=1707.15s | Method=feddenoise
[Round 027/100] Acc=52.520 | Pure=75.063 | RoundTime=73.57s | TotalTime=1780.71s | Method=feddenoise
[Round 028/100] Acc=54.160 | Pure=76.395 | RoundTime=73.21s | TotalTime=1853.92s | Method=feddenoise
[Round 029/100] Acc=51.610 | Pure=74.483 | RoundTime=74.16s | TotalTime=1928.08s | Method=feddenoise
[Round 030/100] Acc=55.740 | Pure=73.390 | RoundTime=75.52s | TotalTime=2003.60s | Method=feddenoise
[Round 031/100] Acc=55.820 | Pure=75.096 | RoundTime=72.96s | TotalTime=2076.56s | Method=feddenoise
[Round 032/100] Acc=56.560 | Pure=74.028 | RoundTime=74.33s | TotalTime=2150.89s | Method=feddenoise
[Round 033/100] Acc=49.450 | Pure=72.646 | RoundTime=74.13s | TotalTime=2225.02s | Method=feddenoise
[Round 034/100] Acc=60.860 | Pure=72.128 | RoundTime=75.08s | TotalTime=2300.11s | Method=feddenoise
[Round 035/100] Acc=51.490 | Pure=73.056 | RoundTime=74.33s | TotalTime=2374.44s | Method=feddenoise
[Round 036/100] Acc=51.260 | Pure=71.462 | RoundTime=73.56s | TotalTime=2448.00s | Method=feddenoise
[Round 037/100] Acc=60.460 | Pure=72.121 | RoundTime=74.17s | TotalTime=2522.17s | Method=feddenoise
[Round 038/100] Acc=59.080 | Pure=73.366 | RoundTime=73.97s | TotalTime=2596.14s | Method=feddenoise
[Round 039/100] Acc=56.000 | Pure=73.247 | RoundTime=73.94s | TotalTime=2670.08s | Method=feddenoise
[Round 040/100] Acc=53.800 | Pure=73.543 | RoundTime=76.04s | TotalTime=2746.12s | Method=feddenoise
[Round 041/100] Acc=54.280 | Pure=75.654 | RoundTime=75.70s | TotalTime=2821.83s | Method=feddenoise
[Round 042/100] Acc=61.400 | Pure=74.752 | RoundTime=72.92s | TotalTime=2894.74s | Method=feddenoise
[Round 043/100] Acc=52.320 | Pure=75.729 | RoundTime=73.58s | TotalTime=2968.32s | Method=feddenoise
[Round 044/100] Acc=56.510 | Pure=73.022 | RoundTime=73.41s | TotalTime=3041.73s | Method=feddenoise
[Round 045/100] Acc=57.820 | Pure=74.234 | RoundTime=73.58s | TotalTime=3115.30s | Method=feddenoise
[Round 046/100] Acc=59.590 | Pure=74.396 | RoundTime=75.43s | TotalTime=3190.74s | Method=feddenoise
[Round 047/100] Acc=58.840 | Pure=73.388 | RoundTime=75.25s | TotalTime=3265.99s | Method=feddenoise
[Round 048/100] Acc=45.500 | Pure=75.914 | RoundTime=74.17s | TotalTime=3340.16s | Method=feddenoise
[Round 049/100] Acc=51.630 | Pure=76.025 | RoundTime=72.49s | TotalTime=3412.65s | Method=feddenoise
[Round 050/100] Acc=53.320 | Pure=75.586 | RoundTime=74.41s | TotalTime=3487.06s | Method=feddenoise
[Round 051/100] Acc=59.930 | Pure=72.285 | RoundTime=74.92s | TotalTime=3561.98s | Method=feddenoise
[Round 052/100] Acc=58.660 | Pure=72.121 | RoundTime=73.57s | TotalTime=3635.55s | Method=feddenoise
[Round 053/100] Acc=53.530 | Pure=72.588 | RoundTime=74.26s | TotalTime=3709.81s | Method=feddenoise
[Round 054/100] Acc=53.000 | Pure=72.944 | RoundTime=76.69s | TotalTime=3786.51s | Method=feddenoise
[Round 055/100] Acc=37.720 | Pure=70.268 | RoundTime=74.15s | TotalTime=3860.66s | Method=feddenoise
[Round 056/100] Acc=61.760 | Pure=72.939 | RoundTime=73.19s | TotalTime=3933.85s | Method=feddenoise
[Round 057/100] Acc=59.540 | Pure=72.998 | RoundTime=75.39s | TotalTime=4009.24s | Method=feddenoise
[Round 058/100] Acc=55.000 | Pure=72.334 | RoundTime=76.91s | TotalTime=4086.15s | Method=feddenoise
[Round 059/100] Acc=49.470 | Pure=71.308 | RoundTime=74.51s | TotalTime=4160.66s | Method=feddenoise
[Round 060/100] Acc=58.140 | Pure=73.101 | RoundTime=74.90s | TotalTime=4235.56s | Method=feddenoise
[Round 061/100] Acc=58.870 | Pure=73.379 | RoundTime=75.28s | TotalTime=4310.84s | Method=feddenoise
[Round 062/100] Acc=58.480 | Pure=74.127 | RoundTime=75.80s | TotalTime=4386.64s | Method=feddenoise
[Round 063/100] Acc=60.580 | Pure=74.799 | RoundTime=77.63s | TotalTime=4464.26s | Method=feddenoise
[Round 064/100] Acc=54.910 | Pure=74.289 | RoundTime=76.00s | TotalTime=4540.27s | Method=feddenoise
[Round 065/100] Acc=63.150 | Pure=73.999 | RoundTime=75.92s | TotalTime=4616.19s | Method=feddenoise
[Round 066/100] Acc=63.910 | Pure=72.213 | RoundTime=77.75s | TotalTime=4693.94s | Method=feddenoise
[Round 067/100] Acc=58.590 | Pure=74.344 | RoundTime=75.25s | TotalTime=4769.19s | Method=feddenoise
[Round 068/100] Acc=55.550 | Pure=73.091 | RoundTime=75.42s | TotalTime=4844.61s | Method=feddenoise
[Round 069/100] Acc=57.380 | Pure=74.482 | RoundTime=76.90s | TotalTime=4921.51s | Method=feddenoise
[Round 070/100] Acc=55.550 | Pure=73.482 | RoundTime=76.21s | TotalTime=4997.72s | Method=feddenoise
[Round 071/100] Acc=59.840 | Pure=73.638 | RoundTime=77.65s | TotalTime=5075.38s | Method=feddenoise
[Round 072/100] Acc=58.260 | Pure=75.872 | RoundTime=74.84s | TotalTime=5150.21s | Method=feddenoise
[Round 073/100] Acc=55.790 | Pure=74.227 | RoundTime=74.98s | TotalTime=5225.20s | Method=feddenoise
[Round 074/100] Acc=55.160 | Pure=73.911 | RoundTime=78.23s | TotalTime=5303.43s | Method=feddenoise
[Round 075/100] Acc=59.590 | Pure=75.486 | RoundTime=73.88s | TotalTime=5377.30s | Method=feddenoise
[Round 076/100] Acc=59.500 | Pure=73.090 | RoundTime=75.68s | TotalTime=5452.98s | Method=feddenoise
[Round 077/100] Acc=57.150 | Pure=71.889 | RoundTime=74.49s | TotalTime=5527.48s | Method=feddenoise
[Round 078/100] Acc=56.520 | Pure=73.819 | RoundTime=77.79s | TotalTime=5605.27s | Method=feddenoise
[Round 079/100] Acc=52.240 | Pure=74.886 | RoundTime=77.13s | TotalTime=5682.40s | Method=feddenoise
[Round 080/100] Acc=59.790 | Pure=73.400 | RoundTime=76.42s | TotalTime=5758.82s | Method=feddenoise
[Round 081/100] Acc=51.310 | Pure=73.415 | RoundTime=76.14s | TotalTime=5834.96s | Method=feddenoise
[Round 082/100] Acc=55.050 | Pure=73.769 | RoundTime=75.53s | TotalTime=5910.50s | Method=feddenoise
[Round 083/100] Acc=55.040 | Pure=71.997 | RoundTime=74.71s | TotalTime=5985.21s | Method=feddenoise
[Round 084/100] Acc=59.840 | Pure=73.322 | RoundTime=75.77s | TotalTime=6060.98s | Method=feddenoise
[Round 085/100] Acc=58.160 | Pure=73.518 | RoundTime=75.26s | TotalTime=6136.24s | Method=feddenoise
[Round 086/100] Acc=59.740 | Pure=73.863 | RoundTime=75.11s | TotalTime=6211.35s | Method=feddenoise
[Round 087/100] Acc=51.330 | Pure=71.675 | RoundTime=71.92s | TotalTime=6283.27s | Method=feddenoise
[Round 088/100] Acc=53.970 | Pure=73.840 | RoundTime=71.03s | TotalTime=6354.30s | Method=feddenoise
[Round 089/100] Acc=53.840 | Pure=72.287 | RoundTime=58.16s | TotalTime=6412.46s | Method=feddenoise
[Round 090/100] Acc=60.110 | Pure=74.198 | RoundTime=50.47s | TotalTime=6462.93s | Method=feddenoise
[Round 091/100] Acc=57.460 | Pure=73.120 | RoundTime=47.79s | TotalTime=6510.72s | Method=feddenoise
[Round 092/100] Acc=57.150 | Pure=73.030 | RoundTime=49.65s | TotalTime=6560.37s | Method=feddenoise
[Round 093/100] Acc=47.910 | Pure=70.104 | RoundTime=48.56s | TotalTime=6608.93s | Method=feddenoise
[Round 094/100] Acc=56.780 | Pure=73.385 | RoundTime=49.25s | TotalTime=6658.17s | Method=feddenoise
[Round 095/100] Acc=54.890 | Pure=71.800 | RoundTime=48.07s | TotalTime=6706.25s | Method=feddenoise
[Round 096/100] Acc=59.110 | Pure=73.814 | RoundTime=50.18s | TotalTime=6756.43s | Method=feddenoise
[Round 097/100] Acc=59.450 | Pure=73.195 | RoundTime=49.94s | TotalTime=6806.38s | Method=feddenoise
[Round 098/100] Acc=44.940 | Pure=72.456 | RoundTime=48.76s | TotalTime=6855.14s | Method=feddenoise
[Round 099/100] Acc=55.210 | Pure=73.510 | RoundTime=49.50s | TotalTime=6904.64s | Method=feddenoise
[Round 100/100] Acc=57.440 | Pure=72.638 | RoundTime=43.09s | TotalTime=6947.73s | Method=feddenoise
====================================================================================================
Training finished at: 2026-03-15 09:12:08
Total elapsed time: 6947.73s
Final Acc: 57.440
Best Acc : 64.680
Final Pure: 72.638
Best Pure : 76.395
====================================================================================================
