[Launch] model=feddenoise_v3 | dataset=fl_cifar100 | clients=10 | rounds=96 | local_epoch=1 | batch_size=64 | noise_mode=uniform | noise_value=0.3
Files already downloaded and verified
Files already downloaded and verified
mean: 5000.0
std: 0.0
Data statistics: {0: {0: 28, 1: 15, 2: 137, 3: 86, 4: 13, 5: 12, 6: 159, 7: 245, 8: 12, 9: 26, 10: 19, 11: 22, 12: 14, 13: 19, 14: 19, 15: 30, 16: 18, 17: 13, 18: 13, 19: 41, 20: 19, 21: 13, 22: 13, 23: 12, 24: 14, 25: 15, 26: 27, 27: 173, 28: 347, 29: 205, 30: 94, 31: 25, 32: 15, 33: 12, 34: 21, 35: 26, 36: 96, 37: 19, 38: 8, 39: 17, 40: 189, 41: 18, 42: 304, 43: 14, 44: 37, 45: 17, 46: 304, 47: 66, 48: 14, 49: 20, 50: 19, 51: 16, 52: 235, 53: 154, 54: 67, 55: 12, 56: 37, 57: 17, 58: 53, 59: 20, 60: 241, 61: 63, 62: 20, 63: 14, 64: 16, 65: 21, 66: 18, 67: 18, 68: 31, 69: 42, 70: 10, 71: 10, 72: 66, 73: 112, 74: 74, 75: 10, 76: 132, 77: 11, 78: 15, 79: 30, 80: 15, 81: 40, 82: 12, 83: 17, 84: 14, 85: 15, 86: 10, 87: 15, 88: 17, 89: 9, 90: 16, 91: 11, 92: 23, 93: 13, 94: 12, 95: 22, 96: 18, 97: 12, 98: 13, 99: 17}, 1: {0: 41, 1: 15, 2: 15, 3: 17, 4: 16, 5: 14, 6: 22, 7: 37, 8: 27, 9: 39, 10: 19, 11: 21, 12: 112, 13: 12, 14: 16, 15: 22, 16: 15, 17: 26, 18: 24, 19: 329, 20: 134, 21: 17, 22: 11, 23: 24, 24: 14, 25: 250, 26: 12, 27: 144, 28: 15, 29: 9, 30: 28, 31: 13, 32: 36, 33: 267, 34: 74, 35: 142, 36: 18, 37: 155, 38: 19, 39: 69, 40: 15, 41: 12, 42: 46, 43: 12, 44: 25, 45: 6, 46: 16, 47: 207, 48: 103, 49: 14, 50: 40, 51: 19, 52: 15, 53: 13, 54: 13, 55: 16, 56: 78, 57: 11, 58: 14, 59: 77, 60: 12, 61: 15, 62: 22, 63: 17, 64: 17, 65: 41, 66: 31, 67: 20, 68: 12, 69: 165, 70: 237, 71: 175, 72: 300, 73: 23, 74: 11, 75: 221, 76: 10, 77: 253, 78: 16, 79: 22, 80: 16, 81: 11, 82: 14, 83: 17, 84: 17, 85: 25, 86: 13, 87: 18, 88: 15, 89: 18, 90: 24, 91: 18, 92: 18, 93: 16, 94: 18, 95: 11, 96: 15, 97: 20, 98: 17, 99: 17}, 2: {0: 78, 1: 16, 2: 22, 3: 40, 4: 171, 5: 9, 6: 115, 7: 20, 8: 14, 9: 11, 10: 11, 11: 171, 12: 19, 13: 35, 14: 18, 15: 35, 16: 11, 17: 7, 18: 37, 19: 17, 20: 13, 21: 120, 22: 15, 23: 66, 24: 12, 25: 15, 26: 22, 27: 13, 28: 11, 29: 24, 30: 12, 31: 21, 32: 15, 33: 11, 34: 90, 35: 20, 36: 15, 37: 18, 38: 12, 39: 16, 40: 23, 41: 15, 42: 18, 43: 14, 44: 258, 45: 15, 46: 17, 47: 25, 48: 19, 49: 22, 50: 17, 51: 303, 52: 24, 53: 39, 54: 12, 55: 37, 56: 15, 57: 14, 58: 18, 59: 105, 60: 16, 61: 18, 62: 10, 63: 12, 64: 63, 65: 13, 66: 11, 67: 30, 68: 16, 69: 160, 70: 16, 71: 105, 72: 18, 73: 16, 74: 46, 75: 15, 76: 15, 77: 83, 78: 16, 79: 225, 80: 10, 81: 19, 82: 21, 83: 30, 84: 14, 85: 23, 86: 80, 87: 21, 88: 316, 89: 11, 90: 365, 91: 51, 92: 14, 93: 18, 94: 18, 95: 11, 96: 22, 97: 11, 98: 283, 99: 350}, 3: {0: 202, 1: 18, 2: 49, 3: 55, 4: 203, 5: 13, 6: 22, 7: 15, 8: 30, 9: 14, 10: 23, 11: 196, 12: 99, 13: 15, 14: 232, 15: 8, 16: 5, 17: 20, 18: 17, 19: 7, 20: 18, 21: 16, 22: 15, 23: 18, 24: 19, 25: 19, 26: 133, 27: 16, 28: 15, 29: 16, 30: 10, 31: 18, 32: 81, 33: 22, 34: 13, 35: 21, 36: 14, 37: 31, 38: 14, 39: 89, 40: 11, 41: 20, 42: 26, 43: 26, 44: 6, 45: 40, 46: 73, 47: 19, 48: 35, 49: 17, 50: 16, 51: 26, 52: 15, 53: 13, 54: 16, 55: 14, 56: 17, 57: 28, 58: 7, 59: 79, 60: 17, 61: 8, 62: 11, 63: 23, 64: 200, 65: 15, 66: 21, 67: 18, 68: 20, 69: 16, 70: 18, 71: 23, 72: 20, 73: 273, 74: 11, 75: 25, 76: 28, 77: 27, 78: 18, 79: 15, 80: 19, 81: 11, 82: 15, 83: 14, 84: 19, 85: 26, 86: 21, 87: 374, 88: 20, 89: 20, 90: 13, 91: 331, 92: 32, 93: 235, 94: 50, 95: 337, 96: 268, 97: 7, 98: 12, 99: 24}, 4: {0: 20, 1: 20, 2: 20, 3: 18, 4: 14, 5: 250, 6: 10, 7: 75, 8: 20, 9: 286, 10: 37, 11: 15, 12: 17, 13: 12, 14: 13, 15: 14, 16: 18, 17: 11, 18: 15, 19: 15, 20: 41, 21: 13, 22: 17, 23: 17, 24: 219, 25: 16, 26: 10, 27: 17, 28: 14, 29: 15, 30: 29, 31: 33, 32: 13, 33: 14, 34: 201, 35: 16, 36: 41, 37: 11, 38: 19, 39: 14, 40: 13, 41: 19, 42: 15, 43: 206, 44: 16, 45: 267, 46: 19, 47: 22, 48: 9, 49: 18, 50: 32, 51: 16, 52: 126, 53: 18, 54: 23, 55: 21, 56: 160, 57: 13, 58: 20, 59: 12, 60: 25, 61: 19, 62: 99, 63: 15, 64: 19, 65: 94, 66: 323, 67: 13, 68: 32, 69: 17, 70: 139, 71: 75, 72: 19, 73: 18, 74: 11, 75: 122, 76: 17, 77: 15, 78: 318, 79: 12, 80: 299, 81: 13, 82: 34, 83: 259, 84: 10, 85: 61, 86: 15, 87: 18, 88: 14, 89: 15, 90: 17, 91: 18, 92: 15, 93: 10, 94: 17, 95: 17, 96: 13, 97: 16, 98: 8, 99: 14}, 5: {0: 52, 1: 213, 2: 10, 3: 34, 4: 12, 5: 23, 6: 9, 7: 30, 8: 17, 9: 9, 10: 337, 11: 17, 12: 13, 13: 14, 14: 16, 15: 17, 16: 19, 17: 15, 18: 13, 19: 16, 20: 218, 21: 237, 22: 16, 23: 10, 24: 158, 25: 17, 26: 161, 27: 64, 28: 17, 29: 12, 30: 18, 31: 67, 32: 94, 33: 14, 34: 29, 35: 11, 36: 198, 37: 166, 38: 24, 39: 16, 40: 19, 41: 17, 42: 17, 43: 13, 44: 18, 45: 16, 46: 16, 47: 27, 48: 149, 49: 19, 50: 17, 51: 20, 52: 17, 53: 186, 54: 17, 55: 20, 56: 16, 57: 13, 58: 51, 59: 32, 60: 14, 61: 13, 62: 281, 63: 205, 64: 128, 65: 14, 66: 17, 67: 311, 68: 15, 69: 14, 70: 15, 71: 39, 72: 16, 73: 6, 74: 14, 75: 12, 76: 17, 77: 16, 78: 18, 79: 16, 80: 19, 81: 19, 82: 339, 83: 14, 84: 18, 85: 13, 86: 52, 87: 16, 88: 16, 89: 17, 90: 16, 91: 16, 92: 16, 93: 19, 94: 14, 95: 6, 96: 16, 97: 18, 98: 21, 99: 21}, 6: {0: 15, 1: 8, 2: 13, 3: 44, 4: 18, 5: 122, 6: 34, 7: 9, 8: 16, 9: 45, 10: 16, 11: 13, 12: 17, 13: 13, 14: 16, 15: 18, 16: 89, 17: 45, 18: 328, 19: 19, 20: 12, 21: 37, 22: 310, 23: 33, 24: 21, 25: 18, 26: 14, 27: 15, 28: 21, 29: 12, 30: 21, 31: 293, 32: 43, 33: 15, 34: 12, 35: 12, 36: 14, 37: 11, 38: 17, 39: 167, 40: 44, 41: 15, 42: 19, 43: 23, 44: 30, 45: 17, 46: 23, 47: 22, 48: 12, 49: 224, 50: 11, 51: 57, 52: 19, 53: 21, 54: 16, 55: 344, 56: 16, 57: 21, 58: 278, 59: 109, 60: 51, 61: 78, 62: 15, 63: 18, 64: 16, 65: 14, 66: 24, 67: 33, 68: 17, 69: 12, 70: 14, 71: 28, 72: 14, 73: 17, 74: 14, 75: 14, 76: 236, 77: 9, 78: 11, 79: 14, 80: 69, 81: 331, 82: 18, 83: 103, 84: 15, 85: 267, 86: 14, 87: 16, 88: 28, 89: 8, 90: 16, 91: 13, 92: 12, 93: 16, 94: 15, 95: 14, 96: 16, 97: 23, 98: 22, 99: 18}, 7: {0: 12, 1: 31, 2: 206, 3: 16, 4: 12, 5: 14, 6: 118, 7: 22, 8: 23, 9: 19, 10: 8, 11: 18, 12: 185, 13: 334, 14: 14, 15: 310, 16: 289, 17: 323, 18: 16, 19: 19, 20: 20, 21: 11, 22: 17, 23: 16, 24: 13, 25: 124, 26: 16, 27: 16, 28: 20, 29: 153, 30: 10, 31: 14, 32: 12, 33: 15, 34: 14, 35: 18, 36: 20, 37: 13, 38: 19, 39: 14, 40: 17, 41: 287, 42: 9, 43: 17, 44: 20, 45: 90, 46: 13, 47: 12, 48: 111, 49: 154, 50: 12, 51: 14, 52: 15, 53: 21, 54: 17, 55: 16, 56: 18, 57: 345, 58: 13, 59: 15, 60: 30, 61: 247, 62: 18, 63: 16, 64: 19, 65: 17, 66: 14, 67: 6, 68: 244, 69: 12, 70: 13, 71: 11, 72: 15, 73: 13, 74: 19, 75: 22, 76: 20, 77: 9, 78: 61, 79: 91, 80: 18, 81: 22, 82: 9, 83: 20, 84: 16, 85: 19, 86: 21, 87: 15, 88: 21, 89: 17, 90: 18, 91: 11, 92: 16, 93: 25, 94: 20, 95: 17, 96: 18, 97: 11, 98: 17, 99: 12}, 8: {0: 12, 1: 66, 2: 20, 3: 150, 4: 15, 5: 15, 6: 20, 7: 35, 8: 339, 9: 21, 10: 6, 11: 20, 12: 19, 13: 8, 14: 152, 15: 11, 16: 18, 17: 10, 18: 47, 19: 20, 20: 15, 21: 12, 22: 10, 23: 280, 24: 21, 25: 17, 26: 70, 27: 14, 28: 41, 29: 36, 30: 15, 31: 13, 32: 14, 33: 75, 34: 15, 35: 236, 36: 34, 37: 46, 38: 298, 39: 21, 40: 158, 41: 12, 42: 40, 43: 158, 44: 82, 45: 9, 46: 23, 47: 16, 48: 14, 49: 19, 50: 59, 51: 13, 52: 11, 53: 16, 54: 13, 55: 18, 56: 117, 57: 24, 58: 15, 59: 20, 60: 80, 61: 19, 62: 14, 63: 169, 64: 16, 65: 12, 66: 37, 67: 11, 68: 14, 69: 40, 70: 13, 71: 12, 72: 13, 73: 17, 74: 13, 75: 13, 76: 24, 77: 17, 78: 12, 79: 17, 80: 18, 81: 28, 82: 15, 83: 15, 84: 14, 85: 21, 86: 273, 87: 19, 88: 17, 89: 325, 90: 6, 91: 12, 92: 29, 93: 139, 94: 22, 95: 14, 96: 36, 97: 194, 98: 105, 99: 11}, 9: {0: 63, 1: 97, 2: 13, 3: 18, 4: 14, 5: 18, 6: 18, 7: 30, 8: 18, 9: 12, 10: 20, 11: 18, 12: 16, 13: 16, 14: 14, 15: 20, 16: 16, 17: 9, 18: 15, 19: 32, 20: 15, 21: 16, 22: 47, 23: 18, 24: 9, 25: 21, 26: 16, 27: 6, 28: 15, 29: 19, 30: 261, 31: 20, 32: 149, 33: 22, 34: 13, 35: 14, 36: 41, 37: 28, 38: 54, 39: 65, 40: 14, 41: 85, 42: 21, 43: 13, 44: 14, 45: 17, 46: 13, 47: 113, 48: 14, 49: 11, 50: 279, 51: 14, 52: 23, 53: 21, 54: 300, 55: 12, 56: 10, 57: 10, 58: 14, 59: 17, 60: 23, 61: 13, 62: 19, 63: 19, 64: 19, 65: 275, 66: 10, 67: 15, 68: 117, 69: 14, 70: 24, 71: 16, 72: 15, 73: 19, 74: 264, 75: 42, 76: 26, 77: 22, 78: 16, 79: 78, 80: 14, 81: 29, 82: 14, 83: 41, 84: 359, 85: 34, 86: 24, 87: 15, 88: 65, 89: 43, 90: 14, 91: 19, 92: 329, 93: 12, 94: 316, 95: 15, 96: 87, 97: 158, 98: 11, 99: 14}}
========================================================================================================================
Training started at: 2026-04-08 04:44:21
Result directory: results/fl_cifar100/feddenoise_v3/pm-dir_a-0.1_nm-uni_nr-0.3_nt-symmetric_wr-8_sr-22_ts-4,3,2,1_tss-most_sim_tsim-backbone_cosine_wm-backbone_only_dr-0.4_drs-None
Result txt file : results/fl_cifar100/feddenoise_v3/pm-dir_a-0.1_nm-uni_nr-0.3_nt-symmetric_wr-8_sr-22_ts-4,3,2,1_tss-most_sim_tsim-backbone_cosine_wm-backbone_only_dr-0.4_drs-None/feddenoise_v3_fl_cifar100_20260408-044421-959289_pid1353432.txt
Result log file : results/fl_cifar100/feddenoise_v3/pm-dir_a-0.1_nm-uni_nr-0.3_nt-symmetric_wr-8_sr-22_ts-4,3,2,1_tss-most_sim_tsim-backbone_cosine_wm-backbone_only_dr-0.4_drs-None/feddenoise_v3_fl_cifar100_20260408-044421-959289_pid1353432.log
------------------------------------------------------------------------------------------------------------------------
Model: feddenoise_v3
Dataset: fl_cifar100
Structure: homogeneity
Participants: 10
Online ratio: 1.0
Communication epochs: 96
Local epoch: 1
Local batch size: 64
Local lr: 0.1
Partition mode: dirichlet
Dirichlet alpha: 0.1
Noise mode: uniform
Noise rate: 0.3
Noise type: symmetric
Noise max: 0.3
Averaging: weight
Seed: 0
Warmup round: 8
Stage round: 22
Teacher schedule: 4,3,2,1
Teacher select strategy: most_sim
Teacher similarity: backbone_cosine
Teacher score mode: teacher_mean
Warmup mode: backbone_only
Drop rate: 0.4
Drop rate schedule: None
Exclude self teacher: True
========================================================================================================================
Backbone: NoiseFLCNN NoiseFLCNN
[Round 001/096] Phase=warmup | Stage=warmup | Acc=1.000 | RoundTime=40.40s | TotalTime=40.40s | Method=feddenoise_v3
[Round 002/096] Phase=warmup | Stage=warmup | Acc=1.000 | RoundTime=40.06s | TotalTime=80.47s | Method=feddenoise_v3
[Round 003/096] Phase=warmup | Stage=warmup | Acc=2.540 | RoundTime=39.14s | TotalTime=119.61s | Method=feddenoise_v3
[Round 004/096] Phase=warmup | Stage=warmup | Acc=3.080 | RoundTime=39.57s | TotalTime=159.19s | Method=feddenoise_v3
[Round 005/096] Phase=warmup | Stage=warmup | Acc=3.620 | RoundTime=39.89s | TotalTime=199.09s | Method=feddenoise_v3
[Round 006/096] Phase=warmup | Stage=warmup | Acc=3.790 | RoundTime=35.11s | TotalTime=234.21s | Method=feddenoise_v3
[Round 007/096] Phase=warmup | Stage=warmup | Acc=4.010 | RoundTime=38.70s | TotalTime=272.91s | Method=feddenoise_v3

[Teacher Selection] Building clean subsets for stage 1 ...
[Stage 1] Client 0: teachers=[9, 8, 2, 6], avg_teacher_sim=0.9603, selected=3000
[Stage 1] Client 1: teachers=[9, 6, 3, 4], avg_teacher_sim=0.9575, selected=3000
[Stage 1] Client 2: teachers=[8, 9, 6, 0], avg_teacher_sim=0.9627, selected=3000
[Stage 1] Client 3: teachers=[9, 1, 5, 4], avg_teacher_sim=0.9593, selected=3000
[Stage 1] Client 4: teachers=[9, 5, 1, 6], avg_teacher_sim=0.9571, selected=3000
[Stage 1] Client 5: teachers=[9, 4, 3, 8], avg_teacher_sim=0.9591, selected=3000
[Stage 1] Client 6: teachers=[8, 9, 2, 0], avg_teacher_sim=0.9626, selected=3000
[Stage 1] Client 7: teachers=[9, 5, 8, 2], avg_teacher_sim=0.9572, selected=3000
[Stage 1] Client 8: teachers=[6, 9, 2, 0], avg_teacher_sim=0.9659, selected=3000
[Stage 1] Client 9: teachers=[3, 8, 2, 5], avg_teacher_sim=0.9663, selected=3000
[Stage 1] Selection summary | clean_precision=72.64 | clean_recall=62.27 | noisy_precision=33.96 | noisy_recall=45.29 | keep_ratio=60.00 | avg_teacher_similarity=0.9608
[Round 008/096] Phase=warmup | Stage=warmup | Acc=4.250 | RoundTime=99.05s | TotalTime=371.96s | Method=feddenoise_v3
[Round 009/096] Phase=stage_1 | Stage=0 | Acc=6.500 | StagePure=72.643 | CPrec=72.643 | CRec=62.266 | NPrec=33.965 | NRec=45.287 | Keep=60.000 | TSim=0.961 | RoundTime=33.78s | TotalTime=405.75s | Method=feddenoise_v3
[Round 010/096] Phase=stage_1 | Stage=0 | Acc=8.340 | StagePure=72.643 | CPrec=72.643 | CRec=62.266 | NPrec=33.965 | NRec=45.287 | Keep=60.000 | TSim=0.961 | RoundTime=35.43s | TotalTime=441.19s | Method=feddenoise_v3
[Round 011/096] Phase=stage_1 | Stage=0 | Acc=9.030 | StagePure=72.643 | CPrec=72.643 | CRec=62.266 | NPrec=33.965 | NRec=45.287 | Keep=60.000 | TSim=0.961 | RoundTime=34.04s | TotalTime=475.24s | Method=feddenoise_v3
[Round 012/096] Phase=stage_1 | Stage=0 | Acc=9.350 | StagePure=72.643 | CPrec=72.643 | CRec=62.266 | NPrec=33.965 | NRec=45.287 | Keep=60.000 | TSim=0.961 | RoundTime=36.57s | TotalTime=511.82s | Method=feddenoise_v3
[Round 013/096] Phase=stage_1 | Stage=0 | Acc=10.610 | StagePure=72.643 | CPrec=72.643 | CRec=62.266 | NPrec=33.965 | NRec=45.287 | Keep=60.000 | TSim=0.961 | RoundTime=34.51s | TotalTime=546.34s | Method=feddenoise_v3
[Round 014/096] Phase=stage_1 | Stage=0 | Acc=10.930 | StagePure=72.643 | CPrec=72.643 | CRec=62.266 | NPrec=33.965 | NRec=45.287 | Keep=60.000 | TSim=0.961 | RoundTime=32.43s | TotalTime=578.78s | Method=feddenoise_v3
[Round 015/096] Phase=stage_1 | Stage=0 | Acc=11.070 | StagePure=72.643 | CPrec=72.643 | CRec=62.266 | NPrec=33.965 | NRec=45.287 | Keep=60.000 | TSim=0.961 | RoundTime=31.20s | TotalTime=609.99s | Method=feddenoise_v3
[Round 016/096] Phase=stage_1 | Stage=0 | Acc=11.770 | StagePure=72.643 | CPrec=72.643 | CRec=62.266 | NPrec=33.965 | NRec=45.287 | Keep=60.000 | TSim=0.961 | RoundTime=31.93s | TotalTime=641.93s | Method=feddenoise_v3
[Round 017/096] Phase=stage_1 | Stage=0 | Acc=12.260 | StagePure=72.643 | CPrec=72.643 | CRec=62.266 | NPrec=33.965 | NRec=45.287 | Keep=60.000 | TSim=0.961 | RoundTime=32.23s | TotalTime=674.17s | Method=feddenoise_v3
[Round 018/096] Phase=stage_1 | Stage=0 | Acc=13.260 | StagePure=72.643 | CPrec=72.643 | CRec=62.266 | NPrec=33.965 | NRec=45.287 | Keep=60.000 | TSim=0.961 | RoundTime=32.39s | TotalTime=706.57s | Method=feddenoise_v3
[Round 019/096] Phase=stage_1 | Stage=0 | Acc=13.410 | StagePure=72.643 | CPrec=72.643 | CRec=62.266 | NPrec=33.965 | NRec=45.287 | Keep=60.000 | TSim=0.961 | RoundTime=33.69s | TotalTime=740.27s | Method=feddenoise_v3
[Round 020/096] Phase=stage_1 | Stage=0 | Acc=13.530 | StagePure=72.643 | CPrec=72.643 | CRec=62.266 | NPrec=33.965 | NRec=45.287 | Keep=60.000 | TSim=0.961 | RoundTime=33.61s | TotalTime=773.89s | Method=feddenoise_v3
[Round 021/096] Phase=stage_1 | Stage=0 | Acc=14.420 | StagePure=72.643 | CPrec=72.643 | CRec=62.266 | NPrec=33.965 | NRec=45.287 | Keep=60.000 | TSim=0.961 | RoundTime=32.87s | TotalTime=806.77s | Method=feddenoise_v3
[Round 022/096] Phase=stage_1 | Stage=0 | Acc=14.360 | StagePure=72.643 | CPrec=72.643 | CRec=62.266 | NPrec=33.965 | NRec=45.287 | Keep=60.000 | TSim=0.961 | RoundTime=31.62s | TotalTime=838.40s | Method=feddenoise_v3
[Round 023/096] Phase=stage_1 | Stage=0 | Acc=15.000 | StagePure=72.643 | CPrec=72.643 | CRec=62.266 | NPrec=33.965 | NRec=45.287 | Keep=60.000 | TSim=0.961 | RoundTime=31.47s | TotalTime=869.88s | Method=feddenoise_v3
[Round 024/096] Phase=stage_1 | Stage=0 | Acc=15.460 | StagePure=72.643 | CPrec=72.643 | CRec=62.266 | NPrec=33.965 | NRec=45.287 | Keep=60.000 | TSim=0.961 | RoundTime=31.67s | TotalTime=901.55s | Method=feddenoise_v3
[Round 025/096] Phase=stage_1 | Stage=0 | Acc=15.840 | StagePure=72.643 | CPrec=72.643 | CRec=62.266 | NPrec=33.965 | NRec=45.287 | Keep=60.000 | TSim=0.961 | RoundTime=32.42s | TotalTime=933.98s | Method=feddenoise_v3
[Round 026/096] Phase=stage_1 | Stage=0 | Acc=16.250 | StagePure=72.643 | CPrec=72.643 | CRec=62.266 | NPrec=33.965 | NRec=45.287 | Keep=60.000 | TSim=0.961 | RoundTime=32.96s | TotalTime=966.94s | Method=feddenoise_v3
[Round 027/096] Phase=stage_1 | Stage=0 | Acc=16.700 | StagePure=72.643 | CPrec=72.643 | CRec=62.266 | NPrec=33.965 | NRec=45.287 | Keep=60.000 | TSim=0.961 | RoundTime=29.08s | TotalTime=996.03s | Method=feddenoise_v3
[Round 028/096] Phase=stage_1 | Stage=0 | Acc=16.660 | StagePure=72.643 | CPrec=72.643 | CRec=62.266 | NPrec=33.965 | NRec=45.287 | Keep=60.000 | TSim=0.961 | RoundTime=32.76s | TotalTime=1028.80s | Method=feddenoise_v3
[Round 029/096] Phase=stage_1 | Stage=0 | Acc=17.060 | StagePure=72.643 | CPrec=72.643 | CRec=62.266 | NPrec=33.965 | NRec=45.287 | Keep=60.000 | TSim=0.961 | RoundTime=31.93s | TotalTime=1060.74s | Method=feddenoise_v3

[Teacher Selection] Building clean subsets for stage 2 ...
[Stage 2] Client 0: teachers=[3, 4, 2], avg_teacher_sim=0.9802, selected=3000
[Stage 2] Client 1: teachers=[3, 6, 4], avg_teacher_sim=0.9812, selected=3000
[Stage 2] Client 2: teachers=[3, 0, 1], avg_teacher_sim=0.9781, selected=3000
[Stage 2] Client 3: teachers=[1, 0, 2], avg_teacher_sim=0.9820, selected=3000
[Stage 2] Client 4: teachers=[0, 9, 1], avg_teacher_sim=0.9801, selected=3000
[Stage 2] Client 5: teachers=[4, 9, 1], avg_teacher_sim=0.9734, selected=3000
[Stage 2] Client 6: teachers=[1, 3, 7], avg_teacher_sim=0.9786, selected=3000
[Stage 2] Client 7: teachers=[6, 0, 1], avg_teacher_sim=0.9756, selected=3000
[Stage 2] Client 8: teachers=[3, 1, 0], avg_teacher_sim=0.9771, selected=3000
[Stage 2] Client 9: teachers=[4, 1, 3], avg_teacher_sim=0.9787, selected=3000
[Stage 2] Selection summary | clean_precision=82.89 | clean_recall=71.05 | noisy_precision=49.34 | noisy_recall=65.79 | keep_ratio=60.00 | avg_teacher_similarity=0.9785
[Round 030/096] Phase=stage_1 | Stage=0 | Acc=17.950 | StagePure=72.643 | CPrec=72.643 | CRec=62.266 | NPrec=33.965 | NRec=45.287 | Keep=60.000 | TSim=0.961 | RoundTime=75.78s | TotalTime=1136.53s | Method=feddenoise_v3
[Round 031/096] Phase=stage_2 | Stage=1 | Acc=18.530 | StagePure=82.893 | CPrec=82.893 | CRec=71.051 | NPrec=49.340 | NRec=65.787 | Keep=60.000 | TSim=0.979 | RoundTime=32.24s | TotalTime=1168.78s | Method=feddenoise_v3
[Round 032/096] Phase=stage_2 | Stage=1 | Acc=18.710 | StagePure=82.893 | CPrec=82.893 | CRec=71.051 | NPrec=49.340 | NRec=65.787 | Keep=60.000 | TSim=0.979 | RoundTime=31.60s | TotalTime=1200.39s | Method=feddenoise_v3
[Round 033/096] Phase=stage_2 | Stage=1 | Acc=18.830 | StagePure=82.893 | CPrec=82.893 | CRec=71.051 | NPrec=49.340 | NRec=65.787 | Keep=60.000 | TSim=0.979 | RoundTime=31.43s | TotalTime=1231.84s | Method=feddenoise_v3
[Round 034/096] Phase=stage_2 | Stage=1 | Acc=19.460 | StagePure=82.893 | CPrec=82.893 | CRec=71.051 | NPrec=49.340 | NRec=65.787 | Keep=60.000 | TSim=0.979 | RoundTime=31.82s | TotalTime=1263.66s | Method=feddenoise_v3
[Round 035/096] Phase=stage_2 | Stage=1 | Acc=19.990 | StagePure=82.893 | CPrec=82.893 | CRec=71.051 | NPrec=49.340 | NRec=65.787 | Keep=60.000 | TSim=0.979 | RoundTime=31.55s | TotalTime=1295.23s | Method=feddenoise_v3
[Round 036/096] Phase=stage_2 | Stage=1 | Acc=20.930 | StagePure=82.893 | CPrec=82.893 | CRec=71.051 | NPrec=49.340 | NRec=65.787 | Keep=60.000 | TSim=0.979 | RoundTime=31.91s | TotalTime=1327.14s | Method=feddenoise_v3
[Round 037/096] Phase=stage_2 | Stage=1 | Acc=21.180 | StagePure=82.893 | CPrec=82.893 | CRec=71.051 | NPrec=49.340 | NRec=65.787 | Keep=60.000 | TSim=0.979 | RoundTime=31.61s | TotalTime=1358.76s | Method=feddenoise_v3
[Round 038/096] Phase=stage_2 | Stage=1 | Acc=21.320 | StagePure=82.893 | CPrec=82.893 | CRec=71.051 | NPrec=49.340 | NRec=65.787 | Keep=60.000 | TSim=0.979 | RoundTime=31.49s | TotalTime=1390.26s | Method=feddenoise_v3
[Round 039/096] Phase=stage_2 | Stage=1 | Acc=21.710 | StagePure=82.893 | CPrec=82.893 | CRec=71.051 | NPrec=49.340 | NRec=65.787 | Keep=60.000 | TSim=0.979 | RoundTime=31.74s | TotalTime=1422.01s | Method=feddenoise_v3
[Round 040/096] Phase=stage_2 | Stage=1 | Acc=22.060 | StagePure=82.893 | CPrec=82.893 | CRec=71.051 | NPrec=49.340 | NRec=65.787 | Keep=60.000 | TSim=0.979 | RoundTime=30.01s | TotalTime=1452.03s | Method=feddenoise_v3
[Round 041/096] Phase=stage_2 | Stage=1 | Acc=22.740 | StagePure=82.893 | CPrec=82.893 | CRec=71.051 | NPrec=49.340 | NRec=65.787 | Keep=60.000 | TSim=0.979 | RoundTime=30.95s | TotalTime=1482.98s | Method=feddenoise_v3
[Round 042/096] Phase=stage_2 | Stage=1 | Acc=23.200 | StagePure=82.893 | CPrec=82.893 | CRec=71.051 | NPrec=49.340 | NRec=65.787 | Keep=60.000 | TSim=0.979 | RoundTime=33.64s | TotalTime=1516.64s | Method=feddenoise_v3
[Round 043/096] Phase=stage_2 | Stage=1 | Acc=23.030 | StagePure=82.893 | CPrec=82.893 | CRec=71.051 | NPrec=49.340 | NRec=65.787 | Keep=60.000 | TSim=0.979 | RoundTime=31.61s | TotalTime=1548.25s | Method=feddenoise_v3
[Round 044/096] Phase=stage_2 | Stage=1 | Acc=23.630 | StagePure=82.893 | CPrec=82.893 | CRec=71.051 | NPrec=49.340 | NRec=65.787 | Keep=60.000 | TSim=0.979 | RoundTime=32.38s | TotalTime=1580.64s | Method=feddenoise_v3
[Round 045/096] Phase=stage_2 | Stage=1 | Acc=23.910 | StagePure=82.893 | CPrec=82.893 | CRec=71.051 | NPrec=49.340 | NRec=65.787 | Keep=60.000 | TSim=0.979 | RoundTime=33.27s | TotalTime=1613.92s | Method=feddenoise_v3
[Round 046/096] Phase=stage_2 | Stage=1 | Acc=24.160 | StagePure=82.893 | CPrec=82.893 | CRec=71.051 | NPrec=49.340 | NRec=65.787 | Keep=60.000 | TSim=0.979 | RoundTime=32.62s | TotalTime=1646.54s | Method=feddenoise_v3
[Round 047/096] Phase=stage_2 | Stage=1 | Acc=24.680 | StagePure=82.893 | CPrec=82.893 | CRec=71.051 | NPrec=49.340 | NRec=65.787 | Keep=60.000 | TSim=0.979 | RoundTime=32.89s | TotalTime=1679.44s | Method=feddenoise_v3
[Round 048/096] Phase=stage_2 | Stage=1 | Acc=24.500 | StagePure=82.893 | CPrec=82.893 | CRec=71.051 | NPrec=49.340 | NRec=65.787 | Keep=60.000 | TSim=0.979 | RoundTime=33.34s | TotalTime=1712.79s | Method=feddenoise_v3
[Round 049/096] Phase=stage_2 | Stage=1 | Acc=24.870 | StagePure=82.893 | CPrec=82.893 | CRec=71.051 | NPrec=49.340 | NRec=65.787 | Keep=60.000 | TSim=0.979 | RoundTime=32.61s | TotalTime=1745.41s | Method=feddenoise_v3
[Round 050/096] Phase=stage_2 | Stage=1 | Acc=25.240 | StagePure=82.893 | CPrec=82.893 | CRec=71.051 | NPrec=49.340 | NRec=65.787 | Keep=60.000 | TSim=0.979 | RoundTime=32.23s | TotalTime=1777.65s | Method=feddenoise_v3
[Round 051/096] Phase=stage_2 | Stage=1 | Acc=25.230 | StagePure=82.893 | CPrec=82.893 | CRec=71.051 | NPrec=49.340 | NRec=65.787 | Keep=60.000 | TSim=0.979 | RoundTime=32.76s | TotalTime=1810.41s | Method=feddenoise_v3

[Teacher Selection] Building clean subsets for stage 3 ...
[Stage 3] Client 0: teachers=[2, 8], avg_teacher_sim=0.9891, selected=3000
[Stage 3] Client 1: teachers=[4, 8], avg_teacher_sim=0.9874, selected=3000
[Stage 3] Client 2: teachers=[0, 8], avg_teacher_sim=0.9875, selected=3000
[Stage 3] Client 3: teachers=[0, 1], avg_teacher_sim=0.9872, selected=3000
[Stage 3] Client 4: teachers=[1, 0], avg_teacher_sim=0.9877, selected=3000
[Stage 3] Client 5: teachers=[9, 4], avg_teacher_sim=0.9865, selected=3000
[Stage 3] Client 6: teachers=[3, 8], avg_teacher_sim=0.9847, selected=3000
[Stage 3] Client 7: teachers=[4, 3], avg_teacher_sim=0.9857, selected=3000
[Stage 3] Client 8: teachers=[0, 1], avg_teacher_sim=0.9879, selected=3000
[Stage 3] Client 9: teachers=[5, 4], avg_teacher_sim=0.9862, selected=3000
[Stage 3] Selection summary | clean_precision=86.22 | clean_recall=73.91 | noisy_precision=54.33 | noisy_recall=72.45 | keep_ratio=60.00 | avg_teacher_similarity=0.9870
[Round 052/096] Phase=stage_2 | Stage=1 | Acc=26.500 | StagePure=82.893 | CPrec=82.893 | CRec=71.051 | NPrec=49.340 | NRec=65.787 | Keep=60.000 | TSim=0.979 | RoundTime=63.88s | TotalTime=1874.30s | Method=feddenoise_v3
[Round 053/096] Phase=stage_3 | Stage=2 | Acc=27.060 | StagePure=86.223 | CPrec=86.223 | CRec=73.906 | NPrec=54.335 | NRec=72.447 | Keep=60.000 | TSim=0.987 | RoundTime=31.40s | TotalTime=1905.71s | Method=feddenoise_v3
[Round 054/096] Phase=stage_3 | Stage=2 | Acc=27.300 | StagePure=86.223 | CPrec=86.223 | CRec=73.906 | NPrec=54.335 | NRec=72.447 | Keep=60.000 | TSim=0.987 | RoundTime=33.06s | TotalTime=1938.77s | Method=feddenoise_v3
[Round 055/096] Phase=stage_3 | Stage=2 | Acc=27.560 | StagePure=86.223 | CPrec=86.223 | CRec=73.906 | NPrec=54.335 | NRec=72.447 | Keep=60.000 | TSim=0.987 | RoundTime=35.35s | TotalTime=1974.14s | Method=feddenoise_v3
[Round 056/096] Phase=stage_3 | Stage=2 | Acc=27.720 | StagePure=86.223 | CPrec=86.223 | CRec=73.906 | NPrec=54.335 | NRec=72.447 | Keep=60.000 | TSim=0.987 | RoundTime=32.25s | TotalTime=2006.40s | Method=feddenoise_v3
[Round 057/096] Phase=stage_3 | Stage=2 | Acc=27.560 | StagePure=86.223 | CPrec=86.223 | CRec=73.906 | NPrec=54.335 | NRec=72.447 | Keep=60.000 | TSim=0.987 | RoundTime=31.49s | TotalTime=2037.90s | Method=feddenoise_v3
[Round 058/096] Phase=stage_3 | Stage=2 | Acc=28.510 | StagePure=86.223 | CPrec=86.223 | CRec=73.906 | NPrec=54.335 | NRec=72.447 | Keep=60.000 | TSim=0.987 | RoundTime=33.30s | TotalTime=2071.20s | Method=feddenoise_v3
[Round 059/096] Phase=stage_3 | Stage=2 | Acc=28.910 | StagePure=86.223 | CPrec=86.223 | CRec=73.906 | NPrec=54.335 | NRec=72.447 | Keep=60.000 | TSim=0.987 | RoundTime=32.74s | TotalTime=2103.95s | Method=feddenoise_v3
[Round 060/096] Phase=stage_3 | Stage=2 | Acc=28.980 | StagePure=86.223 | CPrec=86.223 | CRec=73.906 | NPrec=54.335 | NRec=72.447 | Keep=60.000 | TSim=0.987 | RoundTime=31.98s | TotalTime=2135.93s | Method=feddenoise_v3
[Round 061/096] Phase=stage_3 | Stage=2 | Acc=29.230 | StagePure=86.223 | CPrec=86.223 | CRec=73.906 | NPrec=54.335 | NRec=72.447 | Keep=60.000 | TSim=0.987 | RoundTime=32.69s | TotalTime=2168.63s | Method=feddenoise_v3
[Round 062/096] Phase=stage_3 | Stage=2 | Acc=29.590 | StagePure=86.223 | CPrec=86.223 | CRec=73.906 | NPrec=54.335 | NRec=72.447 | Keep=60.000 | TSim=0.987 | RoundTime=32.58s | TotalTime=2201.22s | Method=feddenoise_v3
[Round 063/096] Phase=stage_3 | Stage=2 | Acc=29.750 | StagePure=86.223 | CPrec=86.223 | CRec=73.906 | NPrec=54.335 | NRec=72.447 | Keep=60.000 | TSim=0.987 | RoundTime=33.24s | TotalTime=2234.47s | Method=feddenoise_v3
[Round 064/096] Phase=stage_3 | Stage=2 | Acc=30.150 | StagePure=86.223 | CPrec=86.223 | CRec=73.906 | NPrec=54.335 | NRec=72.447 | Keep=60.000 | TSim=0.987 | RoundTime=31.87s | TotalTime=2266.36s | Method=feddenoise_v3
[Round 065/096] Phase=stage_3 | Stage=2 | Acc=30.310 | StagePure=86.223 | CPrec=86.223 | CRec=73.906 | NPrec=54.335 | NRec=72.447 | Keep=60.000 | TSim=0.987 | RoundTime=30.74s | TotalTime=2297.10s | Method=feddenoise_v3
[Round 066/096] Phase=stage_3 | Stage=2 | Acc=30.110 | StagePure=86.223 | CPrec=86.223 | CRec=73.906 | NPrec=54.335 | NRec=72.447 | Keep=60.000 | TSim=0.987 | RoundTime=31.83s | TotalTime=2328.94s | Method=feddenoise_v3
[Round 067/096] Phase=stage_3 | Stage=2 | Acc=30.510 | StagePure=86.223 | CPrec=86.223 | CRec=73.906 | NPrec=54.335 | NRec=72.447 | Keep=60.000 | TSim=0.987 | RoundTime=31.85s | TotalTime=2360.80s | Method=feddenoise_v3
[Round 068/096] Phase=stage_3 | Stage=2 | Acc=30.740 | StagePure=86.223 | CPrec=86.223 | CRec=73.906 | NPrec=54.335 | NRec=72.447 | Keep=60.000 | TSim=0.987 | RoundTime=33.51s | TotalTime=2394.31s | Method=feddenoise_v3
[Round 069/096] Phase=stage_3 | Stage=2 | Acc=31.340 | StagePure=86.223 | CPrec=86.223 | CRec=73.906 | NPrec=54.335 | NRec=72.447 | Keep=60.000 | TSim=0.987 | RoundTime=33.13s | TotalTime=2427.45s | Method=feddenoise_v3
[Round 070/096] Phase=stage_3 | Stage=2 | Acc=31.230 | StagePure=86.223 | CPrec=86.223 | CRec=73.906 | NPrec=54.335 | NRec=72.447 | Keep=60.000 | TSim=0.987 | RoundTime=31.73s | TotalTime=2459.19s | Method=feddenoise_v3
[Round 071/096] Phase=stage_3 | Stage=2 | Acc=31.470 | StagePure=86.223 | CPrec=86.223 | CRec=73.906 | NPrec=54.335 | NRec=72.447 | Keep=60.000 | TSim=0.987 | RoundTime=31.89s | TotalTime=2491.09s | Method=feddenoise_v3
[Round 072/096] Phase=stage_3 | Stage=2 | Acc=31.580 | StagePure=86.223 | CPrec=86.223 | CRec=73.906 | NPrec=54.335 | NRec=72.447 | Keep=60.000 | TSim=0.987 | RoundTime=31.62s | TotalTime=2522.71s | Method=feddenoise_v3
[Round 073/096] Phase=stage_3 | Stage=2 | Acc=31.510 | StagePure=86.223 | CPrec=86.223 | CRec=73.906 | NPrec=54.335 | NRec=72.447 | Keep=60.000 | TSim=0.987 | RoundTime=33.57s | TotalTime=2556.30s | Method=feddenoise_v3

[Teacher Selection] Building clean subsets for stage 4 ...
[Stage 4] Client 0: teachers=[3], avg_teacher_sim=0.9889, selected=3000
[Stage 4] Client 1: teachers=[6], avg_teacher_sim=0.9888, selected=3000
[Stage 4] Client 2: teachers=[8], avg_teacher_sim=0.9886, selected=3000
[Stage 4] Client 3: teachers=[0], avg_teacher_sim=0.9889, selected=3000
[Stage 4] Client 4: teachers=[6], avg_teacher_sim=0.9870, selected=3000
[Stage 4] Client 5: teachers=[9], avg_teacher_sim=0.9880, selected=3000
[Stage 4] Client 6: teachers=[7], avg_teacher_sim=0.9902, selected=3000
[Stage 4] Client 7: teachers=[6], avg_teacher_sim=0.9902, selected=3000
[Stage 4] Client 8: teachers=[2], avg_teacher_sim=0.9886, selected=3000
[Stage 4] Client 9: teachers=[0], avg_teacher_sim=0.9885, selected=3000
[Stage 4] Selection summary | clean_precision=87.45 | clean_recall=74.95 | noisy_precision=56.17 | noisy_recall=74.89 | keep_ratio=60.00 | avg_teacher_similarity=0.9888
[Round 074/096] Phase=stage_3 | Stage=2 | Acc=31.830 | StagePure=86.223 | CPrec=86.223 | CRec=73.906 | NPrec=54.335 | NRec=72.447 | Keep=60.000 | TSim=0.987 | RoundTime=52.57s | TotalTime=2608.87s | Method=feddenoise_v3
[Round 075/096] Phase=stage_4 | Stage=3 | Acc=32.190 | StagePure=87.447 | CPrec=87.447 | CRec=74.954 | NPrec=56.170 | NRec=74.893 | Keep=60.000 | TSim=0.989 | RoundTime=31.20s | TotalTime=2640.08s | Method=feddenoise_v3
[Round 076/096] Phase=stage_4 | Stage=3 | Acc=32.560 | StagePure=87.447 | CPrec=87.447 | CRec=74.954 | NPrec=56.170 | NRec=74.893 | Keep=60.000 | TSim=0.989 | RoundTime=32.15s | TotalTime=2672.24s | Method=feddenoise_v3
[Round 077/096] Phase=stage_4 | Stage=3 | Acc=33.330 | StagePure=87.447 | CPrec=87.447 | CRec=74.954 | NPrec=56.170 | NRec=74.893 | Keep=60.000 | TSim=0.989 | RoundTime=33.88s | TotalTime=2706.13s | Method=feddenoise_v3
[Round 078/096] Phase=stage_4 | Stage=3 | Acc=33.620 | StagePure=87.447 | CPrec=87.447 | CRec=74.954 | NPrec=56.170 | NRec=74.893 | Keep=60.000 | TSim=0.989 | RoundTime=28.38s | TotalTime=2734.51s | Method=feddenoise_v3
[Round 079/096] Phase=stage_4 | Stage=3 | Acc=34.050 | StagePure=87.447 | CPrec=87.447 | CRec=74.954 | NPrec=56.170 | NRec=74.893 | Keep=60.000 | TSim=0.989 | RoundTime=31.51s | TotalTime=2766.03s | Method=feddenoise_v3
[Round 080/096] Phase=stage_4 | Stage=3 | Acc=34.090 | StagePure=87.447 | CPrec=87.447 | CRec=74.954 | NPrec=56.170 | NRec=74.893 | Keep=60.000 | TSim=0.989 | RoundTime=34.07s | TotalTime=2800.11s | Method=feddenoise_v3
[Round 081/096] Phase=stage_4 | Stage=3 | Acc=34.280 | StagePure=87.447 | CPrec=87.447 | CRec=74.954 | NPrec=56.170 | NRec=74.893 | Keep=60.000 | TSim=0.989 | RoundTime=34.05s | TotalTime=2834.17s | Method=feddenoise_v3
[Round 082/096] Phase=stage_4 | Stage=3 | Acc=34.200 | StagePure=87.447 | CPrec=87.447 | CRec=74.954 | NPrec=56.170 | NRec=74.893 | Keep=60.000 | TSim=0.989 | RoundTime=34.14s | TotalTime=2868.31s | Method=feddenoise_v3
[Round 083/096] Phase=stage_4 | Stage=3 | Acc=34.750 | StagePure=87.447 | CPrec=87.447 | CRec=74.954 | NPrec=56.170 | NRec=74.893 | Keep=60.000 | TSim=0.989 | RoundTime=31.88s | TotalTime=2900.21s | Method=feddenoise_v3
[Round 084/096] Phase=stage_4 | Stage=3 | Acc=34.500 | StagePure=87.447 | CPrec=87.447 | CRec=74.954 | NPrec=56.170 | NRec=74.893 | Keep=60.000 | TSim=0.989 | RoundTime=32.49s | TotalTime=2932.70s | Method=feddenoise_v3
[Round 085/096] Phase=stage_4 | Stage=3 | Acc=35.240 | StagePure=87.447 | CPrec=87.447 | CRec=74.954 | NPrec=56.170 | NRec=74.893 | Keep=60.000 | TSim=0.989 | RoundTime=33.73s | TotalTime=2966.45s | Method=feddenoise_v3
[Round 086/096] Phase=stage_4 | Stage=3 | Acc=35.450 | StagePure=87.447 | CPrec=87.447 | CRec=74.954 | NPrec=56.170 | NRec=74.893 | Keep=60.000 | TSim=0.989 | RoundTime=32.79s | TotalTime=2999.24s | Method=feddenoise_v3
[Round 087/096] Phase=stage_4 | Stage=3 | Acc=35.390 | StagePure=87.447 | CPrec=87.447 | CRec=74.954 | NPrec=56.170 | NRec=74.893 | Keep=60.000 | TSim=0.989 | RoundTime=28.55s | TotalTime=3027.80s | Method=feddenoise_v3
[Round 088/096] Phase=stage_4 | Stage=3 | Acc=35.990 | StagePure=87.447 | CPrec=87.447 | CRec=74.954 | NPrec=56.170 | NRec=74.893 | Keep=60.000 | TSim=0.989 | RoundTime=34.28s | TotalTime=3062.08s | Method=feddenoise_v3
[Round 089/096] Phase=stage_4 | Stage=3 | Acc=35.850 | StagePure=87.447 | CPrec=87.447 | CRec=74.954 | NPrec=56.170 | NRec=74.893 | Keep=60.000 | TSim=0.989 | RoundTime=31.84s | TotalTime=3093.93s | Method=feddenoise_v3
[Round 090/096] Phase=stage_4 | Stage=3 | Acc=35.680 | StagePure=87.447 | CPrec=87.447 | CRec=74.954 | NPrec=56.170 | NRec=74.893 | Keep=60.000 | TSim=0.989 | RoundTime=32.00s | TotalTime=3125.94s | Method=feddenoise_v3
[Round 091/096] Phase=stage_4 | Stage=3 | Acc=36.410 | StagePure=87.447 | CPrec=87.447 | CRec=74.954 | NPrec=56.170 | NRec=74.893 | Keep=60.000 | TSim=0.989 | RoundTime=33.05s | TotalTime=3159.01s | Method=feddenoise_v3
[Round 092/096] Phase=stage_4 | Stage=3 | Acc=36.590 | StagePure=87.447 | CPrec=87.447 | CRec=74.954 | NPrec=56.170 | NRec=74.893 | Keep=60.000 | TSim=0.989 | RoundTime=32.35s | TotalTime=3191.37s | Method=feddenoise_v3
[Round 093/096] Phase=stage_4 | Stage=3 | Acc=36.730 | StagePure=87.447 | CPrec=87.447 | CRec=74.954 | NPrec=56.170 | NRec=74.893 | Keep=60.000 | TSim=0.989 | RoundTime=32.22s | TotalTime=3223.60s | Method=feddenoise_v3
[Round 094/096] Phase=stage_4 | Stage=3 | Acc=36.350 | StagePure=87.447 | CPrec=87.447 | CRec=74.954 | NPrec=56.170 | NRec=74.893 | Keep=60.000 | TSim=0.989 | RoundTime=32.86s | TotalTime=3256.48s | Method=feddenoise_v3
[Round 095/096] Phase=stage_4 | Stage=3 | Acc=36.940 | StagePure=87.447 | CPrec=87.447 | CRec=74.954 | NPrec=56.170 | NRec=74.893 | Keep=60.000 | TSim=0.989 | RoundTime=32.89s | TotalTime=3289.38s | Method=feddenoise_v3
[Round 096/096] Phase=stage_4 | Stage=3 | Acc=37.100 | StagePure=87.447 | CPrec=87.447 | CRec=74.954 | NPrec=56.170 | NRec=74.893 | Keep=60.000 | TSim=0.989 | RoundTime=33.03s | TotalTime=3322.41s | Method=feddenoise_v3
========================================================================================================================
Training finished at: 2026-04-08 05:39:44
Total elapsed time: 3322.42s
Final Acc: 37.100
Best Acc : 37.100
Final StagePure: 87.447
Best StagePure : 87.447
========================================================================================================================
