[Launch] model=feddenoise_v3 | dataset=fl_mnist | clients=10 | rounds=96 | local_epoch=1 | batch_size=64 | noise_mode=uniform | noise_value=0.3
mean: 6000.0
std: 0.0
Data statistics: {0: {0: 618, 1: 208, 2: 489, 3: 2618, 4: 263, 5: 662, 6: 208, 7: 333, 8: 422, 9: 179}, 1: {0: 790, 1: 868, 2: 2945, 3: 185, 4: 210, 5: 197, 6: 202, 7: 187, 8: 213, 9: 203}, 2: {0: 714, 1: 795, 2: 463, 3: 269, 4: 1059, 5: 244, 6: 294, 7: 1760, 8: 198, 9: 204}, 3: {0: 301, 1: 248, 2: 208, 3: 1180, 4: 223, 5: 476, 6: 1424, 7: 296, 8: 1017, 9: 627}, 4: {0: 292, 1: 811, 2: 739, 3: 683, 4: 287, 5: 1428, 6: 207, 7: 191, 8: 1153, 9: 209}, 5: {0: 225, 1: 201, 2: 221, 3: 252, 4: 2555, 5: 304, 6: 180, 7: 1580, 8: 263, 9: 219}, 6: {0: 1362, 1: 1408, 2: 264, 3: 257, 4: 277, 5: 269, 6: 232, 7: 949, 8: 795, 9: 187}, 7: {0: 522, 1: 202, 2: 209, 3: 205, 4: 628, 5: 278, 6: 226, 7: 263, 8: 311, 9: 3156}, 8: {0: 278, 1: 626, 2: 209, 3: 201, 4: 208, 5: 402, 6: 2603, 7: 355, 8: 333, 9: 785}, 9: {0: 873, 1: 1095, 2: 213, 3: 182, 4: 214, 5: 1308, 6: 416, 7: 262, 8: 1226, 9: 211}}
========================================================================================================================
Training started at: 2026-04-08 09:33:10
Result directory: results/fl_mnist/feddenoise_v3/pm-dir_a-0.3_nm-uni_nr-0.3_nt-symmetric_wr-8_sr-22_ts-4,3,2,1_tss-most_sim_tsim-backbone_cosine_wm-backbone_only_dr-0.4_drs-None
Result txt file : results/fl_mnist/feddenoise_v3/pm-dir_a-0.3_nm-uni_nr-0.3_nt-symmetric_wr-8_sr-22_ts-4,3,2,1_tss-most_sim_tsim-backbone_cosine_wm-backbone_only_dr-0.4_drs-None/feddenoise_v3_fl_mnist_20260408-093310-509815_pid2929576.txt
Result log file : results/fl_mnist/feddenoise_v3/pm-dir_a-0.3_nm-uni_nr-0.3_nt-symmetric_wr-8_sr-22_ts-4,3,2,1_tss-most_sim_tsim-backbone_cosine_wm-backbone_only_dr-0.4_drs-None/feddenoise_v3_fl_mnist_20260408-093310-509815_pid2929576.log
------------------------------------------------------------------------------------------------------------------------
Model: feddenoise_v3
Dataset: fl_mnist
Structure: homogeneity
Participants: 10
Online ratio: 1.0
Communication epochs: 96
Local epoch: 1
Local batch size: 64
Local lr: 0.01
Partition mode: dirichlet
Dirichlet alpha: 0.3
Noise mode: uniform
Noise rate: 0.3
Noise type: symmetric
Noise max: 0.3
Averaging: weight
Seed: 0
Warmup round: 8
Stage round: 22
Teacher schedule: 4,3,2,1
Teacher select strategy: most_sim
Teacher similarity: backbone_cosine
Teacher score mode: teacher_mean
Warmup mode: backbone_only
Drop rate: 0.4
Drop rate schedule: None
Exclude self teacher: True
========================================================================================================================
Backbone: NoiseFLCNN NoiseFLCNN
[Round 001/096] Phase=warmup | Stage=warmup | Acc=11.350 | RoundTime=45.62s | TotalTime=45.63s | Method=feddenoise_v3
[Round 002/096] Phase=warmup | Stage=warmup | Acc=40.240 | RoundTime=45.23s | TotalTime=90.87s | Method=feddenoise_v3
[Round 003/096] Phase=warmup | Stage=warmup | Acc=81.720 | RoundTime=45.48s | TotalTime=136.35s | Method=feddenoise_v3
[Round 004/096] Phase=warmup | Stage=warmup | Acc=89.360 | RoundTime=46.91s | TotalTime=183.27s | Method=feddenoise_v3
[Round 005/096] Phase=warmup | Stage=warmup | Acc=93.320 | RoundTime=47.46s | TotalTime=230.74s | Method=feddenoise_v3
[Round 006/096] Phase=warmup | Stage=warmup | Acc=94.200 | RoundTime=47.17s | TotalTime=277.91s | Method=feddenoise_v3
[Round 007/096] Phase=warmup | Stage=warmup | Acc=95.220 | RoundTime=44.59s | TotalTime=322.51s | Method=feddenoise_v3

[Teacher Selection] Building clean subsets for stage 1 ...
[Stage 1] Client 0: teachers=[3, 4, 9, 2], avg_teacher_sim=0.9865, selected=3600
[Stage 1] Client 1: teachers=[2, 6, 9, 4], avg_teacher_sim=0.9866, selected=3600
[Stage 1] Client 2: teachers=[6, 5, 9, 1], avg_teacher_sim=0.9885, selected=3600
[Stage 1] Client 3: teachers=[9, 4, 8, 0], avg_teacher_sim=0.9881, selected=3600
[Stage 1] Client 4: teachers=[9, 3, 6, 0], avg_teacher_sim=0.9884, selected=3600
[Stage 1] Client 5: teachers=[2, 7, 6, 1], avg_teacher_sim=0.9863, selected=3600
[Stage 1] Client 6: teachers=[2, 9, 4, 1], avg_teacher_sim=0.9886, selected=3600
[Stage 1] Client 7: teachers=[5, 2, 3, 6], avg_teacher_sim=0.9849, selected=3600
[Stage 1] Client 8: teachers=[3, 9, 6, 4], avg_teacher_sim=0.9858, selected=3600
[Stage 1] Client 9: teachers=[4, 6, 3, 2], avg_teacher_sim=0.9891, selected=3600
[Stage 1] Selection summary | clean_precision=99.24 | clean_recall=85.06 | noisy_precision=73.86 | noisy_recall=98.48 | keep_ratio=60.00 | avg_teacher_similarity=0.9873
[Round 008/096] Phase=warmup | Stage=warmup | Acc=96.050 | RoundTime=107.33s | TotalTime=429.85s | Method=feddenoise_v3
[Round 009/096] Phase=stage_1 | Stage=0 | Acc=86.030 | StagePure=99.239 | CPrec=99.239 | CRec=85.062 | NPrec=73.858 | NRec=98.478 | Keep=60.000 | TSim=0.987 | RoundTime=38.45s | TotalTime=468.31s | Method=feddenoise_v3
[Round 010/096] Phase=stage_1 | Stage=0 | Acc=87.730 | StagePure=99.239 | CPrec=99.239 | CRec=85.062 | NPrec=73.858 | NRec=98.478 | Keep=60.000 | TSim=0.987 | RoundTime=37.25s | TotalTime=505.57s | Method=feddenoise_v3
[Round 011/096] Phase=stage_1 | Stage=0 | Acc=88.130 | StagePure=99.239 | CPrec=99.239 | CRec=85.062 | NPrec=73.858 | NRec=98.478 | Keep=60.000 | TSim=0.987 | RoundTime=37.68s | TotalTime=543.25s | Method=feddenoise_v3
[Round 012/096] Phase=stage_1 | Stage=0 | Acc=88.530 | StagePure=99.239 | CPrec=99.239 | CRec=85.062 | NPrec=73.858 | NRec=98.478 | Keep=60.000 | TSim=0.987 | RoundTime=37.46s | TotalTime=580.72s | Method=feddenoise_v3
[Round 013/096] Phase=stage_1 | Stage=0 | Acc=89.460 | StagePure=99.239 | CPrec=99.239 | CRec=85.062 | NPrec=73.858 | NRec=98.478 | Keep=60.000 | TSim=0.987 | RoundTime=37.52s | TotalTime=618.26s | Method=feddenoise_v3
[Round 014/096] Phase=stage_1 | Stage=0 | Acc=91.240 | StagePure=99.239 | CPrec=99.239 | CRec=85.062 | NPrec=73.858 | NRec=98.478 | Keep=60.000 | TSim=0.987 | RoundTime=36.98s | TotalTime=655.24s | Method=feddenoise_v3
[Round 015/096] Phase=stage_1 | Stage=0 | Acc=92.580 | StagePure=99.239 | CPrec=99.239 | CRec=85.062 | NPrec=73.858 | NRec=98.478 | Keep=60.000 | TSim=0.987 | RoundTime=37.49s | TotalTime=692.75s | Method=feddenoise_v3
[Round 016/096] Phase=stage_1 | Stage=0 | Acc=93.500 | StagePure=99.239 | CPrec=99.239 | CRec=85.062 | NPrec=73.858 | NRec=98.478 | Keep=60.000 | TSim=0.987 | RoundTime=36.09s | TotalTime=728.85s | Method=feddenoise_v3
[Round 017/096] Phase=stage_1 | Stage=0 | Acc=94.290 | StagePure=99.239 | CPrec=99.239 | CRec=85.062 | NPrec=73.858 | NRec=98.478 | Keep=60.000 | TSim=0.987 | RoundTime=36.03s | TotalTime=764.89s | Method=feddenoise_v3
[Round 018/096] Phase=stage_1 | Stage=0 | Acc=95.310 | StagePure=99.239 | CPrec=99.239 | CRec=85.062 | NPrec=73.858 | NRec=98.478 | Keep=60.000 | TSim=0.987 | RoundTime=36.71s | TotalTime=801.61s | Method=feddenoise_v3
[Round 019/096] Phase=stage_1 | Stage=0 | Acc=95.830 | StagePure=99.239 | CPrec=99.239 | CRec=85.062 | NPrec=73.858 | NRec=98.478 | Keep=60.000 | TSim=0.987 | RoundTime=37.44s | TotalTime=839.05s | Method=feddenoise_v3
[Round 020/096] Phase=stage_1 | Stage=0 | Acc=96.000 | StagePure=99.239 | CPrec=99.239 | CRec=85.062 | NPrec=73.858 | NRec=98.478 | Keep=60.000 | TSim=0.987 | RoundTime=37.33s | TotalTime=876.38s | Method=feddenoise_v3
[Round 021/096] Phase=stage_1 | Stage=0 | Acc=96.250 | StagePure=99.239 | CPrec=99.239 | CRec=85.062 | NPrec=73.858 | NRec=98.478 | Keep=60.000 | TSim=0.987 | RoundTime=36.77s | TotalTime=913.16s | Method=feddenoise_v3
[Round 022/096] Phase=stage_1 | Stage=0 | Acc=96.800 | StagePure=99.239 | CPrec=99.239 | CRec=85.062 | NPrec=73.858 | NRec=98.478 | Keep=60.000 | TSim=0.987 | RoundTime=37.26s | TotalTime=950.43s | Method=feddenoise_v3
[Round 023/096] Phase=stage_1 | Stage=0 | Acc=96.600 | StagePure=99.239 | CPrec=99.239 | CRec=85.062 | NPrec=73.858 | NRec=98.478 | Keep=60.000 | TSim=0.987 | RoundTime=36.54s | TotalTime=986.97s | Method=feddenoise_v3
[Round 024/096] Phase=stage_1 | Stage=0 | Acc=96.430 | StagePure=99.239 | CPrec=99.239 | CRec=85.062 | NPrec=73.858 | NRec=98.478 | Keep=60.000 | TSim=0.987 | RoundTime=37.19s | TotalTime=1024.17s | Method=feddenoise_v3
[Round 025/096] Phase=stage_1 | Stage=0 | Acc=96.810 | StagePure=99.239 | CPrec=99.239 | CRec=85.062 | NPrec=73.858 | NRec=98.478 | Keep=60.000 | TSim=0.987 | RoundTime=37.32s | TotalTime=1061.50s | Method=feddenoise_v3
[Round 026/096] Phase=stage_1 | Stage=0 | Acc=96.420 | StagePure=99.239 | CPrec=99.239 | CRec=85.062 | NPrec=73.858 | NRec=98.478 | Keep=60.000 | TSim=0.987 | RoundTime=36.37s | TotalTime=1097.87s | Method=feddenoise_v3
[Round 027/096] Phase=stage_1 | Stage=0 | Acc=96.620 | StagePure=99.239 | CPrec=99.239 | CRec=85.062 | NPrec=73.858 | NRec=98.478 | Keep=60.000 | TSim=0.987 | RoundTime=33.14s | TotalTime=1131.02s | Method=feddenoise_v3
[Round 028/096] Phase=stage_1 | Stage=0 | Acc=96.880 | StagePure=99.239 | CPrec=99.239 | CRec=85.062 | NPrec=73.858 | NRec=98.478 | Keep=60.000 | TSim=0.987 | RoundTime=37.90s | TotalTime=1168.92s | Method=feddenoise_v3
[Round 029/096] Phase=stage_1 | Stage=0 | Acc=96.580 | StagePure=99.239 | CPrec=99.239 | CRec=85.062 | NPrec=73.858 | NRec=98.478 | Keep=60.000 | TSim=0.987 | RoundTime=36.47s | TotalTime=1205.40s | Method=feddenoise_v3

[Teacher Selection] Building clean subsets for stage 2 ...
[Stage 2] Client 0: teachers=[4, 3, 9], avg_teacher_sim=0.9926, selected=3600
[Stage 2] Client 1: teachers=[9, 4, 3], avg_teacher_sim=0.9817, selected=3600
[Stage 2] Client 2: teachers=[9, 6, 4], avg_teacher_sim=0.9916, selected=3600
[Stage 2] Client 3: teachers=[4, 9, 0], avg_teacher_sim=0.9940, selected=3600
[Stage 2] Client 4: teachers=[9, 3, 0], avg_teacher_sim=0.9953, selected=3600
[Stage 2] Client 5: teachers=[2, 9, 4], avg_teacher_sim=0.9864, selected=3600
[Stage 2] Client 6: teachers=[9, 2, 4], avg_teacher_sim=0.9911, selected=3600
[Stage 2] Client 7: teachers=[4, 9, 3], avg_teacher_sim=0.9820, selected=3600
[Stage 2] Client 8: teachers=[9, 3, 4], avg_teacher_sim=0.9821, selected=3600
[Stage 2] Client 9: teachers=[4, 3, 2], avg_teacher_sim=0.9949, selected=3600
[Stage 2] Selection summary | clean_precision=99.72 | clean_recall=85.47 | noisy_precision=74.58 | noisy_recall=99.43 | keep_ratio=60.00 | avg_teacher_similarity=0.9892
[Round 030/096] Phase=stage_1 | Stage=0 | Acc=96.980 | StagePure=99.239 | CPrec=99.239 | CRec=85.062 | NPrec=73.858 | NRec=98.478 | Keep=60.000 | TSim=0.987 | RoundTime=86.81s | TotalTime=1292.22s | Method=feddenoise_v3
[Round 031/096] Phase=stage_2 | Stage=1 | Acc=97.970 | StagePure=99.717 | CPrec=99.717 | CRec=85.471 | NPrec=74.575 | NRec=99.433 | Keep=60.000 | TSim=0.989 | RoundTime=37.16s | TotalTime=1329.39s | Method=feddenoise_v3
[Round 032/096] Phase=stage_2 | Stage=1 | Acc=98.240 | StagePure=99.717 | CPrec=99.717 | CRec=85.471 | NPrec=74.575 | NRec=99.433 | Keep=60.000 | TSim=0.989 | RoundTime=37.13s | TotalTime=1366.53s | Method=feddenoise_v3
[Round 033/096] Phase=stage_2 | Stage=1 | Acc=98.150 | StagePure=99.717 | CPrec=99.717 | CRec=85.471 | NPrec=74.575 | NRec=99.433 | Keep=60.000 | TSim=0.989 | RoundTime=37.08s | TotalTime=1403.62s | Method=feddenoise_v3
[Round 034/096] Phase=stage_2 | Stage=1 | Acc=98.240 | StagePure=99.717 | CPrec=99.717 | CRec=85.471 | NPrec=74.575 | NRec=99.433 | Keep=60.000 | TSim=0.989 | RoundTime=37.29s | TotalTime=1440.91s | Method=feddenoise_v3
[Round 035/096] Phase=stage_2 | Stage=1 | Acc=98.170 | StagePure=99.717 | CPrec=99.717 | CRec=85.471 | NPrec=74.575 | NRec=99.433 | Keep=60.000 | TSim=0.989 | RoundTime=36.97s | TotalTime=1477.89s | Method=feddenoise_v3
[Round 036/096] Phase=stage_2 | Stage=1 | Acc=98.250 | StagePure=99.717 | CPrec=99.717 | CRec=85.471 | NPrec=74.575 | NRec=99.433 | Keep=60.000 | TSim=0.989 | RoundTime=37.57s | TotalTime=1515.47s | Method=feddenoise_v3
[Round 037/096] Phase=stage_2 | Stage=1 | Acc=98.140 | StagePure=99.717 | CPrec=99.717 | CRec=85.471 | NPrec=74.575 | NRec=99.433 | Keep=60.000 | TSim=0.989 | RoundTime=37.19s | TotalTime=1552.66s | Method=feddenoise_v3
[Round 038/096] Phase=stage_2 | Stage=1 | Acc=98.230 | StagePure=99.717 | CPrec=99.717 | CRec=85.471 | NPrec=74.575 | NRec=99.433 | Keep=60.000 | TSim=0.989 | RoundTime=36.77s | TotalTime=1589.44s | Method=feddenoise_v3
[Round 039/096] Phase=stage_2 | Stage=1 | Acc=98.220 | StagePure=99.717 | CPrec=99.717 | CRec=85.471 | NPrec=74.575 | NRec=99.433 | Keep=60.000 | TSim=0.989 | RoundTime=36.55s | TotalTime=1625.99s | Method=feddenoise_v3
[Round 040/096] Phase=stage_2 | Stage=1 | Acc=98.260 | StagePure=99.717 | CPrec=99.717 | CRec=85.471 | NPrec=74.575 | NRec=99.433 | Keep=60.000 | TSim=0.989 | RoundTime=37.86s | TotalTime=1663.86s | Method=feddenoise_v3
[Round 041/096] Phase=stage_2 | Stage=1 | Acc=98.240 | StagePure=99.717 | CPrec=99.717 | CRec=85.471 | NPrec=74.575 | NRec=99.433 | Keep=60.000 | TSim=0.989 | RoundTime=37.19s | TotalTime=1701.05s | Method=feddenoise_v3
[Round 042/096] Phase=stage_2 | Stage=1 | Acc=98.290 | StagePure=99.717 | CPrec=99.717 | CRec=85.471 | NPrec=74.575 | NRec=99.433 | Keep=60.000 | TSim=0.989 | RoundTime=35.61s | TotalTime=1736.67s | Method=feddenoise_v3
[Round 043/096] Phase=stage_2 | Stage=1 | Acc=98.230 | StagePure=99.717 | CPrec=99.717 | CRec=85.471 | NPrec=74.575 | NRec=99.433 | Keep=60.000 | TSim=0.989 | RoundTime=36.64s | TotalTime=1773.31s | Method=feddenoise_v3
[Round 044/096] Phase=stage_2 | Stage=1 | Acc=98.160 | StagePure=99.717 | CPrec=99.717 | CRec=85.471 | NPrec=74.575 | NRec=99.433 | Keep=60.000 | TSim=0.989 | RoundTime=36.96s | TotalTime=1810.28s | Method=feddenoise_v3
[Round 045/096] Phase=stage_2 | Stage=1 | Acc=98.260 | StagePure=99.717 | CPrec=99.717 | CRec=85.471 | NPrec=74.575 | NRec=99.433 | Keep=60.000 | TSim=0.989 | RoundTime=38.39s | TotalTime=1848.68s | Method=feddenoise_v3
[Round 046/096] Phase=stage_2 | Stage=1 | Acc=98.240 | StagePure=99.717 | CPrec=99.717 | CRec=85.471 | NPrec=74.575 | NRec=99.433 | Keep=60.000 | TSim=0.989 | RoundTime=37.45s | TotalTime=1886.14s | Method=feddenoise_v3
[Round 047/096] Phase=stage_2 | Stage=1 | Acc=98.280 | StagePure=99.717 | CPrec=99.717 | CRec=85.471 | NPrec=74.575 | NRec=99.433 | Keep=60.000 | TSim=0.989 | RoundTime=36.80s | TotalTime=1922.94s | Method=feddenoise_v3
[Round 048/096] Phase=stage_2 | Stage=1 | Acc=98.410 | StagePure=99.717 | CPrec=99.717 | CRec=85.471 | NPrec=74.575 | NRec=99.433 | Keep=60.000 | TSim=0.989 | RoundTime=37.15s | TotalTime=1960.09s | Method=feddenoise_v3
[Round 049/096] Phase=stage_2 | Stage=1 | Acc=98.340 | StagePure=99.717 | CPrec=99.717 | CRec=85.471 | NPrec=74.575 | NRec=99.433 | Keep=60.000 | TSim=0.989 | RoundTime=36.70s | TotalTime=1996.81s | Method=feddenoise_v3
[Round 050/096] Phase=stage_2 | Stage=1 | Acc=98.300 | StagePure=99.717 | CPrec=99.717 | CRec=85.471 | NPrec=74.575 | NRec=99.433 | Keep=60.000 | TSim=0.989 | RoundTime=36.75s | TotalTime=2033.57s | Method=feddenoise_v3
[Round 051/096] Phase=stage_2 | Stage=1 | Acc=98.320 | StagePure=99.717 | CPrec=99.717 | CRec=85.471 | NPrec=74.575 | NRec=99.433 | Keep=60.000 | TSim=0.989 | RoundTime=35.08s | TotalTime=2068.66s | Method=feddenoise_v3

[Teacher Selection] Building clean subsets for stage 3 ...
[Stage 3] Client 0: teachers=[3, 4], avg_teacher_sim=0.9956, selected=3600
[Stage 3] Client 1: teachers=[2, 4], avg_teacher_sim=0.9919, selected=3600
[Stage 3] Client 2: teachers=[6, 5], avg_teacher_sim=0.9958, selected=3600
[Stage 3] Client 3: teachers=[4, 9], avg_teacher_sim=0.9968, selected=3600
[Stage 3] Client 4: teachers=[9, 3], avg_teacher_sim=0.9982, selected=3600
[Stage 3] Client 5: teachers=[2, 6], avg_teacher_sim=0.9923, selected=3600
[Stage 3] Client 6: teachers=[9, 2], avg_teacher_sim=0.9971, selected=3600
[Stage 3] Client 7: teachers=[4, 3], avg_teacher_sim=0.9883, selected=3600
[Stage 3] Client 8: teachers=[9, 3], avg_teacher_sim=0.9920, selected=3600
[Stage 3] Client 9: teachers=[4, 6], avg_teacher_sim=0.9982, selected=3600
[Stage 3] Selection summary | clean_precision=99.88 | clean_recall=85.61 | noisy_precision=74.83 | noisy_recall=99.77 | keep_ratio=60.00 | avg_teacher_similarity=0.9946
[Round 052/096] Phase=stage_2 | Stage=1 | Acc=98.380 | StagePure=99.717 | CPrec=99.717 | CRec=85.471 | NPrec=74.575 | NRec=99.433 | Keep=60.000 | TSim=0.989 | RoundTime=73.57s | TotalTime=2142.24s | Method=feddenoise_v3
[Round 053/096] Phase=stage_3 | Stage=2 | Acc=98.420 | StagePure=99.883 | CPrec=99.883 | CRec=85.614 | NPrec=74.825 | NRec=99.767 | Keep=60.000 | TSim=0.995 | RoundTime=36.73s | TotalTime=2178.98s | Method=feddenoise_v3
[Round 054/096] Phase=stage_3 | Stage=2 | Acc=98.500 | StagePure=99.883 | CPrec=99.883 | CRec=85.614 | NPrec=74.825 | NRec=99.767 | Keep=60.000 | TSim=0.995 | RoundTime=38.11s | TotalTime=2217.09s | Method=feddenoise_v3
[Round 055/096] Phase=stage_3 | Stage=2 | Acc=98.490 | StagePure=99.883 | CPrec=99.883 | CRec=85.614 | NPrec=74.825 | NRec=99.767 | Keep=60.000 | TSim=0.995 | RoundTime=37.09s | TotalTime=2254.19s | Method=feddenoise_v3
[Round 056/096] Phase=stage_3 | Stage=2 | Acc=98.450 | StagePure=99.883 | CPrec=99.883 | CRec=85.614 | NPrec=74.825 | NRec=99.767 | Keep=60.000 | TSim=0.995 | RoundTime=37.56s | TotalTime=2291.75s | Method=feddenoise_v3
[Round 057/096] Phase=stage_3 | Stage=2 | Acc=98.430 | StagePure=99.883 | CPrec=99.883 | CRec=85.614 | NPrec=74.825 | NRec=99.767 | Keep=60.000 | TSim=0.995 | RoundTime=38.30s | TotalTime=2330.06s | Method=feddenoise_v3
[Round 058/096] Phase=stage_3 | Stage=2 | Acc=98.540 | StagePure=99.883 | CPrec=99.883 | CRec=85.614 | NPrec=74.825 | NRec=99.767 | Keep=60.000 | TSim=0.995 | RoundTime=36.83s | TotalTime=2366.90s | Method=feddenoise_v3
[Round 059/096] Phase=stage_3 | Stage=2 | Acc=98.510 | StagePure=99.883 | CPrec=99.883 | CRec=85.614 | NPrec=74.825 | NRec=99.767 | Keep=60.000 | TSim=0.995 | RoundTime=37.48s | TotalTime=2404.39s | Method=feddenoise_v3
[Round 060/096] Phase=stage_3 | Stage=2 | Acc=98.520 | StagePure=99.883 | CPrec=99.883 | CRec=85.614 | NPrec=74.825 | NRec=99.767 | Keep=60.000 | TSim=0.995 | RoundTime=37.27s | TotalTime=2441.67s | Method=feddenoise_v3
[Round 061/096] Phase=stage_3 | Stage=2 | Acc=98.580 | StagePure=99.883 | CPrec=99.883 | CRec=85.614 | NPrec=74.825 | NRec=99.767 | Keep=60.000 | TSim=0.995 | RoundTime=35.89s | TotalTime=2477.57s | Method=feddenoise_v3
[Round 062/096] Phase=stage_3 | Stage=2 | Acc=98.500 | StagePure=99.883 | CPrec=99.883 | CRec=85.614 | NPrec=74.825 | NRec=99.767 | Keep=60.000 | TSim=0.995 | RoundTime=36.72s | TotalTime=2514.29s | Method=feddenoise_v3
[Round 063/096] Phase=stage_3 | Stage=2 | Acc=98.460 | StagePure=99.883 | CPrec=99.883 | CRec=85.614 | NPrec=74.825 | NRec=99.767 | Keep=60.000 | TSim=0.995 | RoundTime=36.76s | TotalTime=2551.06s | Method=feddenoise_v3
[Round 064/096] Phase=stage_3 | Stage=2 | Acc=98.450 | StagePure=99.883 | CPrec=99.883 | CRec=85.614 | NPrec=74.825 | NRec=99.767 | Keep=60.000 | TSim=0.995 | RoundTime=36.40s | TotalTime=2587.47s | Method=feddenoise_v3
[Round 065/096] Phase=stage_3 | Stage=2 | Acc=98.590 | StagePure=99.883 | CPrec=99.883 | CRec=85.614 | NPrec=74.825 | NRec=99.767 | Keep=60.000 | TSim=0.995 | RoundTime=37.22s | TotalTime=2624.70s | Method=feddenoise_v3
[Round 066/096] Phase=stage_3 | Stage=2 | Acc=98.520 | StagePure=99.883 | CPrec=99.883 | CRec=85.614 | NPrec=74.825 | NRec=99.767 | Keep=60.000 | TSim=0.995 | RoundTime=37.23s | TotalTime=2661.94s | Method=feddenoise_v3
[Round 067/096] Phase=stage_3 | Stage=2 | Acc=98.610 | StagePure=99.883 | CPrec=99.883 | CRec=85.614 | NPrec=74.825 | NRec=99.767 | Keep=60.000 | TSim=0.995 | RoundTime=36.94s | TotalTime=2698.95s | Method=feddenoise_v3
[Round 068/096] Phase=stage_3 | Stage=2 | Acc=98.530 | StagePure=99.883 | CPrec=99.883 | CRec=85.614 | NPrec=74.825 | NRec=99.767 | Keep=60.000 | TSim=0.995 | RoundTime=37.86s | TotalTime=2736.82s | Method=feddenoise_v3
[Round 069/096] Phase=stage_3 | Stage=2 | Acc=98.630 | StagePure=99.883 | CPrec=99.883 | CRec=85.614 | NPrec=74.825 | NRec=99.767 | Keep=60.000 | TSim=0.995 | RoundTime=36.81s | TotalTime=2773.64s | Method=feddenoise_v3
[Round 070/096] Phase=stage_3 | Stage=2 | Acc=98.590 | StagePure=99.883 | CPrec=99.883 | CRec=85.614 | NPrec=74.825 | NRec=99.767 | Keep=60.000 | TSim=0.995 | RoundTime=36.91s | TotalTime=2810.55s | Method=feddenoise_v3
[Round 071/096] Phase=stage_3 | Stage=2 | Acc=98.540 | StagePure=99.883 | CPrec=99.883 | CRec=85.614 | NPrec=74.825 | NRec=99.767 | Keep=60.000 | TSim=0.995 | RoundTime=37.32s | TotalTime=2847.89s | Method=feddenoise_v3
[Round 072/096] Phase=stage_3 | Stage=2 | Acc=98.540 | StagePure=99.883 | CPrec=99.883 | CRec=85.614 | NPrec=74.825 | NRec=99.767 | Keep=60.000 | TSim=0.995 | RoundTime=37.34s | TotalTime=2885.24s | Method=feddenoise_v3
[Round 073/096] Phase=stage_3 | Stage=2 | Acc=98.570 | StagePure=99.883 | CPrec=99.883 | CRec=85.614 | NPrec=74.825 | NRec=99.767 | Keep=60.000 | TSim=0.995 | RoundTime=37.41s | TotalTime=2922.66s | Method=feddenoise_v3

[Teacher Selection] Building clean subsets for stage 4 ...
[Stage 4] Client 0: teachers=[3], avg_teacher_sim=0.9960, selected=3600
[Stage 4] Client 1: teachers=[6], avg_teacher_sim=0.9941, selected=3600
[Stage 4] Client 2: teachers=[6], avg_teacher_sim=0.9975, selected=3600
[Stage 4] Client 3: teachers=[4], avg_teacher_sim=0.9976, selected=3600
[Stage 4] Client 4: teachers=[9], avg_teacher_sim=0.9987, selected=3600
[Stage 4] Client 5: teachers=[2], avg_teacher_sim=0.9963, selected=3600
[Stage 4] Client 6: teachers=[9], avg_teacher_sim=0.9982, selected=3600
[Stage 4] Client 7: teachers=[3], avg_teacher_sim=0.9877, selected=3600
[Stage 4] Client 8: teachers=[3], avg_teacher_sim=0.9953, selected=3600
[Stage 4] Client 9: teachers=[4], avg_teacher_sim=0.9987, selected=3600
[Stage 4] Selection summary | clean_precision=99.94 | clean_recall=85.66 | noisy_precision=74.91 | noisy_recall=99.88 | keep_ratio=60.00 | avg_teacher_similarity=0.9960
[Round 074/096] Phase=stage_3 | Stage=2 | Acc=98.580 | StagePure=99.883 | CPrec=99.883 | CRec=85.614 | NPrec=74.825 | NRec=99.767 | Keep=60.000 | TSim=0.995 | RoundTime=61.83s | TotalTime=2984.51s | Method=feddenoise_v3
[Round 075/096] Phase=stage_4 | Stage=3 | Acc=98.590 | StagePure=99.942 | CPrec=99.942 | CRec=85.664 | NPrec=74.913 | NRec=99.883 | Keep=60.000 | TSim=0.996 | RoundTime=39.02s | TotalTime=3023.54s | Method=feddenoise_v3
[Round 076/096] Phase=stage_4 | Stage=3 | Acc=98.520 | StagePure=99.942 | CPrec=99.942 | CRec=85.664 | NPrec=74.913 | NRec=99.883 | Keep=60.000 | TSim=0.996 | RoundTime=39.70s | TotalTime=3063.26s | Method=feddenoise_v3
[Round 077/096] Phase=stage_4 | Stage=3 | Acc=98.600 | StagePure=99.942 | CPrec=99.942 | CRec=85.664 | NPrec=74.913 | NRec=99.883 | Keep=60.000 | TSim=0.996 | RoundTime=40.11s | TotalTime=3103.39s | Method=feddenoise_v3
[Round 078/096] Phase=stage_4 | Stage=3 | Acc=98.640 | StagePure=99.942 | CPrec=99.942 | CRec=85.664 | NPrec=74.913 | NRec=99.883 | Keep=60.000 | TSim=0.996 | RoundTime=38.60s | TotalTime=3142.01s | Method=feddenoise_v3
[Round 079/096] Phase=stage_4 | Stage=3 | Acc=98.710 | StagePure=99.942 | CPrec=99.942 | CRec=85.664 | NPrec=74.913 | NRec=99.883 | Keep=60.000 | TSim=0.996 | RoundTime=38.88s | TotalTime=3180.91s | Method=feddenoise_v3
[Round 080/096] Phase=stage_4 | Stage=3 | Acc=98.690 | StagePure=99.942 | CPrec=99.942 | CRec=85.664 | NPrec=74.913 | NRec=99.883 | Keep=60.000 | TSim=0.996 | RoundTime=38.23s | TotalTime=3219.15s | Method=feddenoise_v3
[Round 081/096] Phase=stage_4 | Stage=3 | Acc=98.720 | StagePure=99.942 | CPrec=99.942 | CRec=85.664 | NPrec=74.913 | NRec=99.883 | Keep=60.000 | TSim=0.996 | RoundTime=38.47s | TotalTime=3257.65s | Method=feddenoise_v3
[Round 082/096] Phase=stage_4 | Stage=3 | Acc=98.690 | StagePure=99.942 | CPrec=99.942 | CRec=85.664 | NPrec=74.913 | NRec=99.883 | Keep=60.000 | TSim=0.996 | RoundTime=38.71s | TotalTime=3296.41s | Method=feddenoise_v3
[Round 083/096] Phase=stage_4 | Stage=3 | Acc=98.680 | StagePure=99.942 | CPrec=99.942 | CRec=85.664 | NPrec=74.913 | NRec=99.883 | Keep=60.000 | TSim=0.996 | RoundTime=37.45s | TotalTime=3333.88s | Method=feddenoise_v3
[Round 084/096] Phase=stage_4 | Stage=3 | Acc=98.610 | StagePure=99.942 | CPrec=99.942 | CRec=85.664 | NPrec=74.913 | NRec=99.883 | Keep=60.000 | TSim=0.996 | RoundTime=37.76s | TotalTime=3371.67s | Method=feddenoise_v3
[Round 085/096] Phase=stage_4 | Stage=3 | Acc=98.660 | StagePure=99.942 | CPrec=99.942 | CRec=85.664 | NPrec=74.913 | NRec=99.883 | Keep=60.000 | TSim=0.996 | RoundTime=35.25s | TotalTime=3406.96s | Method=feddenoise_v3
[Round 086/096] Phase=stage_4 | Stage=3 | Acc=98.600 | StagePure=99.942 | CPrec=99.942 | CRec=85.664 | NPrec=74.913 | NRec=99.883 | Keep=60.000 | TSim=0.996 | RoundTime=36.19s | TotalTime=3443.17s | Method=feddenoise_v3
[Round 087/096] Phase=stage_4 | Stage=3 | Acc=98.700 | StagePure=99.942 | CPrec=99.942 | CRec=85.664 | NPrec=74.913 | NRec=99.883 | Keep=60.000 | TSim=0.996 | RoundTime=38.54s | TotalTime=3481.74s | Method=feddenoise_v3
[Round 088/096] Phase=stage_4 | Stage=3 | Acc=98.650 | StagePure=99.942 | CPrec=99.942 | CRec=85.664 | NPrec=74.913 | NRec=99.883 | Keep=60.000 | TSim=0.996 | RoundTime=38.89s | TotalTime=3520.66s | Method=feddenoise_v3
[Round 089/096] Phase=stage_4 | Stage=3 | Acc=98.720 | StagePure=99.942 | CPrec=99.942 | CRec=85.664 | NPrec=74.913 | NRec=99.883 | Keep=60.000 | TSim=0.996 | RoundTime=38.71s | TotalTime=3559.40s | Method=feddenoise_v3
[Round 090/096] Phase=stage_4 | Stage=3 | Acc=98.650 | StagePure=99.942 | CPrec=99.942 | CRec=85.664 | NPrec=74.913 | NRec=99.883 | Keep=60.000 | TSim=0.996 | RoundTime=39.16s | TotalTime=3598.58s | Method=feddenoise_v3
[Round 091/096] Phase=stage_4 | Stage=3 | Acc=98.630 | StagePure=99.942 | CPrec=99.942 | CRec=85.664 | NPrec=74.913 | NRec=99.883 | Keep=60.000 | TSim=0.996 | RoundTime=38.54s | TotalTime=3637.15s | Method=feddenoise_v3
[Round 092/096] Phase=stage_4 | Stage=3 | Acc=98.650 | StagePure=99.942 | CPrec=99.942 | CRec=85.664 | NPrec=74.913 | NRec=99.883 | Keep=60.000 | TSim=0.996 | RoundTime=39.41s | TotalTime=3676.58s | Method=feddenoise_v3
[Round 093/096] Phase=stage_4 | Stage=3 | Acc=98.680 | StagePure=99.942 | CPrec=99.942 | CRec=85.664 | NPrec=74.913 | NRec=99.883 | Keep=60.000 | TSim=0.996 | RoundTime=38.58s | TotalTime=3715.19s | Method=feddenoise_v3
[Round 094/096] Phase=stage_4 | Stage=3 | Acc=98.700 | StagePure=99.942 | CPrec=99.942 | CRec=85.664 | NPrec=74.913 | NRec=99.883 | Keep=60.000 | TSim=0.996 | RoundTime=38.60s | TotalTime=3753.81s | Method=feddenoise_v3
[Round 095/096] Phase=stage_4 | Stage=3 | Acc=98.700 | StagePure=99.942 | CPrec=99.942 | CRec=85.664 | NPrec=74.913 | NRec=99.883 | Keep=60.000 | TSim=0.996 | RoundTime=38.64s | TotalTime=3792.49s | Method=feddenoise_v3
[Round 096/096] Phase=stage_4 | Stage=3 | Acc=98.700 | StagePure=99.942 | CPrec=99.942 | CRec=85.664 | NPrec=74.913 | NRec=99.883 | Keep=60.000 | TSim=0.996 | RoundTime=37.78s | TotalTime=3830.28s | Method=feddenoise_v3
========================================================================================================================
Training finished at: 2026-04-08 10:37:00
Total elapsed time: 3830.30s
Final Acc: 98.700
Best Acc : 98.720
Final StagePure: 99.942
Best StagePure : 99.942
========================================================================================================================
