====================================================================================================
Training started at: 2026-03-30 06:12:44
Result directory: results/fl_cifar10/fedcda/pm-dir_a-0.1_nm-uni_nr-0.3_nt-symmetric_st-least_sim_dr-0.2
Result txt file : results/fl_cifar10/fedcda/pm-dir_a-0.1_nm-uni_nr-0.3_nt-symmetric_st-least_sim_dr-0.2/fedcda_fl_cifar10_20260330-061244-520253_pid3832880.txt
Result log file : results/fl_cifar10/fedcda/pm-dir_a-0.1_nm-uni_nr-0.3_nt-symmetric_st-least_sim_dr-0.2/fedcda_fl_cifar10_20260330-061244-520253_pid3832880.log
----------------------------------------------------------------------------------------------------
Model: fedcda
Dataset: fl_cifar10
Structure: homogeneity
Participants: 100
Online ratio: 0.1
Communication epochs: 100
Local epoch: 10
Local batch size: 32
Local lr: 0.01
Partition mode: dirichlet
Dirichlet alpha: 0.1
Noise mode: uniform
Noise rate: 0.3
Noise type: symmetric
Noise max: 0.3
Denoise score alpha: 0.5
Drop rate: 0.2
Denoise strategy: least_sim
FedProx mu: 0.01
FedRDN std: 0.01
FedCDA history size: NA
FedGLoSS beta: 0.01
Averaging: weight
Seed: 0
====================================================================================================
[Round 001/100] Acc=10.000 | RoundTime=26.03s | TotalTime=26.03s | Method=fedcda
[Round 002/100] Acc=10.000 | RoundTime=26.01s | TotalTime=52.04s | Method=fedcda
[Round 003/100] Acc=14.170 | RoundTime=24.42s | TotalTime=76.46s | Method=fedcda
[Round 004/100] Acc=17.500 | RoundTime=27.63s | TotalTime=104.09s | Method=fedcda
[Round 005/100] Acc=21.660 | RoundTime=26.08s | TotalTime=130.17s | Method=fedcda
[Round 006/100] Acc=25.570 | RoundTime=27.03s | TotalTime=157.21s | Method=fedcda
[Round 007/100] Acc=18.110 | RoundTime=27.67s | TotalTime=184.87s | Method=fedcda
[Round 008/100] Acc=22.770 | RoundTime=27.46s | TotalTime=212.33s | Method=fedcda
[Round 009/100] Acc=17.130 | RoundTime=27.83s | TotalTime=240.16s | Method=fedcda
[Round 010/100] Acc=22.690 | RoundTime=28.22s | TotalTime=268.38s | Method=fedcda
[Round 011/100] Acc=18.850 | RoundTime=27.51s | TotalTime=295.89s | Method=fedcda
