========================================================================================================================
Training started at: 2026-04-07 12:27:49
Result directory: results/fl_cifar100/feddenoise_v3/pm-dir_a-0.8_nm-uni_nr-0.3_nt-symmetric_wr-10_sr-50_ts-4,3,2,1_tss-random_tsim-backbone_cosine_wm-backbone_only_dr-0.3_drs-None
Result txt file : results/fl_cifar100/feddenoise_v3/pm-dir_a-0.8_nm-uni_nr-0.3_nt-symmetric_wr-10_sr-50_ts-4,3,2,1_tss-random_tsim-backbone_cosine_wm-backbone_only_dr-0.3_drs-None/feddenoise_v3_fl_cifar100_20260407-122749-171963_pid729471.txt
Result log file : results/fl_cifar100/feddenoise_v3/pm-dir_a-0.8_nm-uni_nr-0.3_nt-symmetric_wr-10_sr-50_ts-4,3,2,1_tss-random_tsim-backbone_cosine_wm-backbone_only_dr-0.3_drs-None/feddenoise_v3_fl_cifar100_20260407-122749-171963_pid729471.log
------------------------------------------------------------------------------------------------------------------------
Model: feddenoise_v3
Dataset: fl_cifar100
Structure: homogeneity
Participants: 10
Online ratio: 1.0
Communication epochs: 210
Local epoch: 1
Local batch size: 64
Local lr: 0.1
Partition mode: dirichlet
Dirichlet alpha: 0.8
Noise mode: uniform
Noise rate: 0.3
Noise type: symmetric
Noise max: 0.3
Averaging: weight
Seed: 0
Warmup round: 10
Stage round: 50
Teacher schedule: 4,3,2,1
Teacher select strategy: random
Teacher similarity: backbone_cosine
Teacher score mode: teacher_mean
Warmup mode: backbone_only
Drop rate: 0.3
Drop rate schedule: None
Exclude self teacher: True
========================================================================================================================
[Round 001/210] Phase=warmup | Stage=warmup | Acc=1.000 | RoundTime=35.39s | TotalTime=35.40s | Method=feddenoise_v3
[Round 002/210] Phase=warmup | Stage=warmup | Acc=1.510 | RoundTime=34.43s | TotalTime=69.84s | Method=feddenoise_v3
[Round 003/210] Phase=warmup | Stage=warmup | Acc=3.190 | RoundTime=30.28s | TotalTime=100.13s | Method=feddenoise_v3
[Round 004/210] Phase=warmup | Stage=warmup | Acc=4.550 | RoundTime=30.17s | TotalTime=130.31s | Method=feddenoise_v3
[Round 005/210] Phase=warmup | Stage=warmup | Acc=4.800 | RoundTime=34.88s | TotalTime=165.19s | Method=feddenoise_v3
[Round 006/210] Phase=warmup | Stage=warmup | Acc=4.930 | RoundTime=28.81s | TotalTime=194.01s | Method=feddenoise_v3
[Round 007/210] Phase=warmup | Stage=warmup | Acc=5.000 | RoundTime=29.05s | TotalTime=223.07s | Method=feddenoise_v3
[Round 008/210] Phase=warmup | Stage=warmup | Acc=5.540 | RoundTime=31.85s | TotalTime=254.92s | Method=feddenoise_v3
[Round 009/210] Phase=warmup | Stage=warmup | Acc=5.630 | RoundTime=35.07s | TotalTime=289.99s | Method=feddenoise_v3
[Round 010/210] Phase=warmup | Stage=warmup | Acc=5.520 | RoundTime=77.33s | TotalTime=367.33s | Method=feddenoise_v3
[Round 011/210] Phase=stage_1 | Stage=0 | Acc=10.910 | StagePure=81.943 | CPrec=81.943 | CRec=81.943 | NPrec=57.867 | NRec=57.867 | Keep=70.000 | TSim=0.972 | RoundTime=26.33s | TotalTime=393.67s | Method=feddenoise_v3
[Round 012/210] Phase=stage_1 | Stage=0 | Acc=14.630 | StagePure=81.943 | CPrec=81.943 | CRec=81.943 | NPrec=57.867 | NRec=57.867 | Keep=70.000 | TSim=0.972 | RoundTime=20.31s | TotalTime=414.00s | Method=feddenoise_v3
[Round 013/210] Phase=stage_1 | Stage=0 | Acc=15.100 | StagePure=81.943 | CPrec=81.943 | CRec=81.943 | NPrec=57.867 | NRec=57.867 | Keep=70.000 | TSim=0.972 | RoundTime=20.67s | TotalTime=434.67s | Method=feddenoise_v3
[Round 014/210] Phase=stage_1 | Stage=0 | Acc=16.030 | StagePure=81.943 | CPrec=81.943 | CRec=81.943 | NPrec=57.867 | NRec=57.867 | Keep=70.000 | TSim=0.972 | RoundTime=22.04s | TotalTime=456.72s | Method=feddenoise_v3
[Round 015/210] Phase=stage_1 | Stage=0 | Acc=16.850 | StagePure=81.943 | CPrec=81.943 | CRec=81.943 | NPrec=57.867 | NRec=57.867 | Keep=70.000 | TSim=0.972 | RoundTime=20.52s | TotalTime=477.25s | Method=feddenoise_v3
[Round 016/210] Phase=stage_1 | Stage=0 | Acc=17.180 | StagePure=81.943 | CPrec=81.943 | CRec=81.943 | NPrec=57.867 | NRec=57.867 | Keep=70.000 | TSim=0.972 | RoundTime=21.95s | TotalTime=499.21s | Method=feddenoise_v3
[Round 017/210] Phase=stage_1 | Stage=0 | Acc=18.140 | StagePure=81.943 | CPrec=81.943 | CRec=81.943 | NPrec=57.867 | NRec=57.867 | Keep=70.000 | TSim=0.972 | RoundTime=28.16s | TotalTime=527.38s | Method=feddenoise_v3
[Round 018/210] Phase=stage_1 | Stage=0 | Acc=19.110 | StagePure=81.943 | CPrec=81.943 | CRec=81.943 | NPrec=57.867 | NRec=57.867 | Keep=70.000 | TSim=0.972 | RoundTime=27.85s | TotalTime=555.23s | Method=feddenoise_v3
[Round 019/210] Phase=stage_1 | Stage=0 | Acc=19.270 | StagePure=81.943 | CPrec=81.943 | CRec=81.943 | NPrec=57.867 | NRec=57.867 | Keep=70.000 | TSim=0.972 | RoundTime=26.72s | TotalTime=581.96s | Method=feddenoise_v3
[Round 020/210] Phase=stage_1 | Stage=0 | Acc=20.910 | StagePure=81.943 | CPrec=81.943 | CRec=81.943 | NPrec=57.867 | NRec=57.867 | Keep=70.000 | TSim=0.972 | RoundTime=23.33s | TotalTime=605.30s | Method=feddenoise_v3
[Round 021/210] Phase=stage_1 | Stage=0 | Acc=20.880 | StagePure=81.943 | CPrec=81.943 | CRec=81.943 | NPrec=57.867 | NRec=57.867 | Keep=70.000 | TSim=0.972 | RoundTime=23.78s | TotalTime=629.09s | Method=feddenoise_v3
[Round 022/210] Phase=stage_1 | Stage=0 | Acc=22.100 | StagePure=81.943 | CPrec=81.943 | CRec=81.943 | NPrec=57.867 | NRec=57.867 | Keep=70.000 | TSim=0.972 | RoundTime=21.02s | TotalTime=650.12s | Method=feddenoise_v3
[Round 023/210] Phase=stage_1 | Stage=0 | Acc=22.500 | StagePure=81.943 | CPrec=81.943 | CRec=81.943 | NPrec=57.867 | NRec=57.867 | Keep=70.000 | TSim=0.972 | RoundTime=20.65s | TotalTime=670.78s | Method=feddenoise_v3
[Round 024/210] Phase=stage_1 | Stage=0 | Acc=23.600 | StagePure=81.943 | CPrec=81.943 | CRec=81.943 | NPrec=57.867 | NRec=57.867 | Keep=70.000 | TSim=0.972 | RoundTime=23.38s | TotalTime=694.17s | Method=feddenoise_v3
[Round 025/210] Phase=stage_1 | Stage=0 | Acc=23.580 | StagePure=81.943 | CPrec=81.943 | CRec=81.943 | NPrec=57.867 | NRec=57.867 | Keep=70.000 | TSim=0.972 | RoundTime=25.69s | TotalTime=719.86s | Method=feddenoise_v3
[Round 026/210] Phase=stage_1 | Stage=0 | Acc=23.740 | StagePure=81.943 | CPrec=81.943 | CRec=81.943 | NPrec=57.867 | NRec=57.867 | Keep=70.000 | TSim=0.972 | RoundTime=22.14s | TotalTime=742.01s | Method=feddenoise_v3
[Round 027/210] Phase=stage_1 | Stage=0 | Acc=24.540 | StagePure=81.943 | CPrec=81.943 | CRec=81.943 | NPrec=57.867 | NRec=57.867 | Keep=70.000 | TSim=0.972 | RoundTime=23.13s | TotalTime=765.14s | Method=feddenoise_v3
[Round 028/210] Phase=stage_1 | Stage=0 | Acc=25.330 | StagePure=81.943 | CPrec=81.943 | CRec=81.943 | NPrec=57.867 | NRec=57.867 | Keep=70.000 | TSim=0.972 | RoundTime=24.29s | TotalTime=789.44s | Method=feddenoise_v3
[Round 029/210] Phase=stage_1 | Stage=0 | Acc=25.830 | StagePure=81.943 | CPrec=81.943 | CRec=81.943 | NPrec=57.867 | NRec=57.867 | Keep=70.000 | TSim=0.972 | RoundTime=27.67s | TotalTime=817.11s | Method=feddenoise_v3
[Round 030/210] Phase=stage_1 | Stage=0 | Acc=26.280 | StagePure=81.943 | CPrec=81.943 | CRec=81.943 | NPrec=57.867 | NRec=57.867 | Keep=70.000 | TSim=0.972 | RoundTime=27.84s | TotalTime=844.96s | Method=feddenoise_v3
[Round 031/210] Phase=stage_1 | Stage=0 | Acc=26.410 | StagePure=81.943 | CPrec=81.943 | CRec=81.943 | NPrec=57.867 | NRec=57.867 | Keep=70.000 | TSim=0.972 | RoundTime=26.93s | TotalTime=871.90s | Method=feddenoise_v3
[Round 032/210] Phase=stage_1 | Stage=0 | Acc=27.010 | StagePure=81.943 | CPrec=81.943 | CRec=81.943 | NPrec=57.867 | NRec=57.867 | Keep=70.000 | TSim=0.972 | RoundTime=23.33s | TotalTime=895.24s | Method=feddenoise_v3
[Round 033/210] Phase=stage_1 | Stage=0 | Acc=28.110 | StagePure=81.943 | CPrec=81.943 | CRec=81.943 | NPrec=57.867 | NRec=57.867 | Keep=70.000 | TSim=0.972 | RoundTime=21.70s | TotalTime=916.94s | Method=feddenoise_v3
[Round 034/210] Phase=stage_1 | Stage=0 | Acc=28.350 | StagePure=81.943 | CPrec=81.943 | CRec=81.943 | NPrec=57.867 | NRec=57.867 | Keep=70.000 | TSim=0.972 | RoundTime=21.75s | TotalTime=938.70s | Method=feddenoise_v3
[Round 035/210] Phase=stage_1 | Stage=0 | Acc=28.430 | StagePure=81.943 | CPrec=81.943 | CRec=81.943 | NPrec=57.867 | NRec=57.867 | Keep=70.000 | TSim=0.972 | RoundTime=21.16s | TotalTime=959.87s | Method=feddenoise_v3
[Round 036/210] Phase=stage_1 | Stage=0 | Acc=28.850 | StagePure=81.943 | CPrec=81.943 | CRec=81.943 | NPrec=57.867 | NRec=57.867 | Keep=70.000 | TSim=0.972 | RoundTime=22.61s | TotalTime=982.49s | Method=feddenoise_v3
[Round 037/210] Phase=stage_1 | Stage=0 | Acc=29.280 | StagePure=81.943 | CPrec=81.943 | CRec=81.943 | NPrec=57.867 | NRec=57.867 | Keep=70.000 | TSim=0.972 | RoundTime=21.08s | TotalTime=1003.57s | Method=feddenoise_v3
[Round 038/210] Phase=stage_1 | Stage=0 | Acc=30.140 | StagePure=81.943 | CPrec=81.943 | CRec=81.943 | NPrec=57.867 | NRec=57.867 | Keep=70.000 | TSim=0.972 | RoundTime=25.52s | TotalTime=1029.10s | Method=feddenoise_v3
[Round 039/210] Phase=stage_1 | Stage=0 | Acc=30.040 | StagePure=81.943 | CPrec=81.943 | CRec=81.943 | NPrec=57.867 | NRec=57.867 | Keep=70.000 | TSim=0.972 | RoundTime=27.83s | TotalTime=1056.94s | Method=feddenoise_v3
[Round 040/210] Phase=stage_1 | Stage=0 | Acc=30.870 | StagePure=81.943 | CPrec=81.943 | CRec=81.943 | NPrec=57.867 | NRec=57.867 | Keep=70.000 | TSim=0.972 | RoundTime=28.05s | TotalTime=1085.00s | Method=feddenoise_v3
[Round 041/210] Phase=stage_1 | Stage=0 | Acc=30.650 | StagePure=81.943 | CPrec=81.943 | CRec=81.943 | NPrec=57.867 | NRec=57.867 | Keep=70.000 | TSim=0.972 | RoundTime=28.05s | TotalTime=1113.06s | Method=feddenoise_v3
[Round 042/210] Phase=stage_1 | Stage=0 | Acc=31.390 | StagePure=81.943 | CPrec=81.943 | CRec=81.943 | NPrec=57.867 | NRec=57.867 | Keep=70.000 | TSim=0.972 | RoundTime=26.06s | TotalTime=1139.12s | Method=feddenoise_v3
[Round 043/210] Phase=stage_1 | Stage=0 | Acc=31.790 | StagePure=81.943 | CPrec=81.943 | CRec=81.943 | NPrec=57.867 | NRec=57.867 | Keep=70.000 | TSim=0.972 | RoundTime=24.50s | TotalTime=1163.63s | Method=feddenoise_v3
[Round 044/210] Phase=stage_1 | Stage=0 | Acc=31.850 | StagePure=81.943 | CPrec=81.943 | CRec=81.943 | NPrec=57.867 | NRec=57.867 | Keep=70.000 | TSim=0.972 | RoundTime=22.27s | TotalTime=1185.91s | Method=feddenoise_v3
[Round 045/210] Phase=stage_1 | Stage=0 | Acc=32.250 | StagePure=81.943 | CPrec=81.943 | CRec=81.943 | NPrec=57.867 | NRec=57.867 | Keep=70.000 | TSim=0.972 | RoundTime=21.78s | TotalTime=1207.69s | Method=feddenoise_v3
[Round 046/210] Phase=stage_1 | Stage=0 | Acc=32.800 | StagePure=81.943 | CPrec=81.943 | CRec=81.943 | NPrec=57.867 | NRec=57.867 | Keep=70.000 | TSim=0.972 | RoundTime=20.76s | TotalTime=1228.46s | Method=feddenoise_v3
[Round 047/210] Phase=stage_1 | Stage=0 | Acc=33.080 | StagePure=81.943 | CPrec=81.943 | CRec=81.943 | NPrec=57.867 | NRec=57.867 | Keep=70.000 | TSim=0.972 | RoundTime=20.68s | TotalTime=1249.15s | Method=feddenoise_v3
[Round 048/210] Phase=stage_1 | Stage=0 | Acc=33.560 | StagePure=81.943 | CPrec=81.943 | CRec=81.943 | NPrec=57.867 | NRec=57.867 | Keep=70.000 | TSim=0.972 | RoundTime=23.51s | TotalTime=1272.67s | Method=feddenoise_v3
[Round 049/210] Phase=stage_1 | Stage=0 | Acc=33.940 | StagePure=81.943 | CPrec=81.943 | CRec=81.943 | NPrec=57.867 | NRec=57.867 | Keep=70.000 | TSim=0.972 | RoundTime=24.96s | TotalTime=1297.65s | Method=feddenoise_v3
[Round 050/210] Phase=stage_1 | Stage=0 | Acc=34.180 | StagePure=81.943 | CPrec=81.943 | CRec=81.943 | NPrec=57.867 | NRec=57.867 | Keep=70.000 | TSim=0.972 | RoundTime=24.58s | TotalTime=1322.24s | Method=feddenoise_v3
[Round 051/210] Phase=stage_1 | Stage=0 | Acc=34.680 | StagePure=81.943 | CPrec=81.943 | CRec=81.943 | NPrec=57.867 | NRec=57.867 | Keep=70.000 | TSim=0.972 | RoundTime=26.65s | TotalTime=1348.89s | Method=feddenoise_v3
[Round 052/210] Phase=stage_1 | Stage=0 | Acc=34.550 | StagePure=81.943 | CPrec=81.943 | CRec=81.943 | NPrec=57.867 | NRec=57.867 | Keep=70.000 | TSim=0.972 | RoundTime=27.61s | TotalTime=1376.51s | Method=feddenoise_v3
[Round 053/210] Phase=stage_1 | Stage=0 | Acc=34.770 | StagePure=81.943 | CPrec=81.943 | CRec=81.943 | NPrec=57.867 | NRec=57.867 | Keep=70.000 | TSim=0.972 | RoundTime=23.61s | TotalTime=1400.13s | Method=feddenoise_v3
[Round 054/210] Phase=stage_1 | Stage=0 | Acc=35.460 | StagePure=81.943 | CPrec=81.943 | CRec=81.943 | NPrec=57.867 | NRec=57.867 | Keep=70.000 | TSim=0.972 | RoundTime=24.61s | TotalTime=1424.75s | Method=feddenoise_v3
[Round 055/210] Phase=stage_1 | Stage=0 | Acc=35.690 | StagePure=81.943 | CPrec=81.943 | CRec=81.943 | NPrec=57.867 | NRec=57.867 | Keep=70.000 | TSim=0.972 | RoundTime=25.69s | TotalTime=1450.45s | Method=feddenoise_v3
[Round 056/210] Phase=stage_1 | Stage=0 | Acc=36.400 | StagePure=81.943 | CPrec=81.943 | CRec=81.943 | NPrec=57.867 | NRec=57.867 | Keep=70.000 | TSim=0.972 | RoundTime=27.23s | TotalTime=1477.69s | Method=feddenoise_v3
[Round 057/210] Phase=stage_1 | Stage=0 | Acc=35.920 | StagePure=81.943 | CPrec=81.943 | CRec=81.943 | NPrec=57.867 | NRec=57.867 | Keep=70.000 | TSim=0.972 | RoundTime=27.24s | TotalTime=1504.94s | Method=feddenoise_v3
[Round 058/210] Phase=stage_1 | Stage=0 | Acc=36.190 | StagePure=81.943 | CPrec=81.943 | CRec=81.943 | NPrec=57.867 | NRec=57.867 | Keep=70.000 | TSim=0.972 | RoundTime=23.81s | TotalTime=1528.76s | Method=feddenoise_v3
[Round 059/210] Phase=stage_1 | Stage=0 | Acc=36.410 | StagePure=81.943 | CPrec=81.943 | CRec=81.943 | NPrec=57.867 | NRec=57.867 | Keep=70.000 | TSim=0.972 | RoundTime=25.61s | TotalTime=1554.38s | Method=feddenoise_v3
[Round 060/210] Phase=stage_1 | Stage=0 | Acc=37.350 | StagePure=81.943 | CPrec=81.943 | CRec=81.943 | NPrec=57.867 | NRec=57.867 | Keep=70.000 | TSim=0.972 | RoundTime=54.82s | TotalTime=1609.21s | Method=feddenoise_v3
[Round 061/210] Phase=stage_2 | Stage=1 | Acc=37.660 | StagePure=89.049 | CPrec=89.049 | CRec=89.049 | NPrec=74.447 | NRec=74.447 | Keep=70.000 | TSim=0.992 | RoundTime=21.71s | TotalTime=1630.93s | Method=feddenoise_v3
[Round 062/210] Phase=stage_2 | Stage=1 | Acc=38.480 | StagePure=89.049 | CPrec=89.049 | CRec=89.049 | NPrec=74.447 | NRec=74.447 | Keep=70.000 | TSim=0.992 | RoundTime=28.39s | TotalTime=1659.33s | Method=feddenoise_v3
[Round 063/210] Phase=stage_2 | Stage=1 | Acc=38.800 | StagePure=89.049 | CPrec=89.049 | CRec=89.049 | NPrec=74.447 | NRec=74.447 | Keep=70.000 | TSim=0.992 | RoundTime=27.22s | TotalTime=1686.55s | Method=feddenoise_v3
[Round 064/210] Phase=stage_2 | Stage=1 | Acc=39.750 | StagePure=89.049 | CPrec=89.049 | CRec=89.049 | NPrec=74.447 | NRec=74.447 | Keep=70.000 | TSim=0.992 | RoundTime=27.36s | TotalTime=1713.92s | Method=feddenoise_v3
[Round 065/210] Phase=stage_2 | Stage=1 | Acc=40.310 | StagePure=89.049 | CPrec=89.049 | CRec=89.049 | NPrec=74.447 | NRec=74.447 | Keep=70.000 | TSim=0.992 | RoundTime=25.68s | TotalTime=1739.60s | Method=feddenoise_v3
[Round 066/210] Phase=stage_2 | Stage=1 | Acc=40.620 | StagePure=89.049 | CPrec=89.049 | CRec=89.049 | NPrec=74.447 | NRec=74.447 | Keep=70.000 | TSim=0.992 | RoundTime=26.05s | TotalTime=1765.66s | Method=feddenoise_v3
[Round 067/210] Phase=stage_2 | Stage=1 | Acc=40.940 | StagePure=89.049 | CPrec=89.049 | CRec=89.049 | NPrec=74.447 | NRec=74.447 | Keep=70.000 | TSim=0.992 | RoundTime=22.89s | TotalTime=1788.56s | Method=feddenoise_v3
[Round 068/210] Phase=stage_2 | Stage=1 | Acc=41.460 | StagePure=89.049 | CPrec=89.049 | CRec=89.049 | NPrec=74.447 | NRec=74.447 | Keep=70.000 | TSim=0.992 | RoundTime=23.26s | TotalTime=1811.83s | Method=feddenoise_v3
[Round 069/210] Phase=stage_2 | Stage=1 | Acc=41.910 | StagePure=89.049 | CPrec=89.049 | CRec=89.049 | NPrec=74.447 | NRec=74.447 | Keep=70.000 | TSim=0.992 | RoundTime=22.90s | TotalTime=1834.74s | Method=feddenoise_v3
[Round 070/210] Phase=stage_2 | Stage=1 | Acc=42.800 | StagePure=89.049 | CPrec=89.049 | CRec=89.049 | NPrec=74.447 | NRec=74.447 | Keep=70.000 | TSim=0.992 | RoundTime=27.28s | TotalTime=1862.03s | Method=feddenoise_v3
[Round 071/210] Phase=stage_2 | Stage=1 | Acc=42.900 | StagePure=89.049 | CPrec=89.049 | CRec=89.049 | NPrec=74.447 | NRec=74.447 | Keep=70.000 | TSim=0.992 | RoundTime=27.87s | TotalTime=1889.90s | Method=feddenoise_v3
[Round 072/210] Phase=stage_2 | Stage=1 | Acc=42.930 | StagePure=89.049 | CPrec=89.049 | CRec=89.049 | NPrec=74.447 | NRec=74.447 | Keep=70.000 | TSim=0.992 | RoundTime=27.89s | TotalTime=1917.80s | Method=feddenoise_v3
[Round 073/210] Phase=stage_2 | Stage=1 | Acc=43.310 | StagePure=89.049 | CPrec=89.049 | CRec=89.049 | NPrec=74.447 | NRec=74.447 | Keep=70.000 | TSim=0.992 | RoundTime=22.20s | TotalTime=1940.01s | Method=feddenoise_v3
[Round 074/210] Phase=stage_2 | Stage=1 | Acc=43.260 | StagePure=89.049 | CPrec=89.049 | CRec=89.049 | NPrec=74.447 | NRec=74.447 | Keep=70.000 | TSim=0.992 | RoundTime=22.20s | TotalTime=1962.23s | Method=feddenoise_v3
[Round 075/210] Phase=stage_2 | Stage=1 | Acc=44.120 | StagePure=89.049 | CPrec=89.049 | CRec=89.049 | NPrec=74.447 | NRec=74.447 | Keep=70.000 | TSim=0.992 | RoundTime=22.74s | TotalTime=1984.97s | Method=feddenoise_v3
[Round 076/210] Phase=stage_2 | Stage=1 | Acc=44.420 | StagePure=89.049 | CPrec=89.049 | CRec=89.049 | NPrec=74.447 | NRec=74.447 | Keep=70.000 | TSim=0.992 | RoundTime=21.79s | TotalTime=2006.77s | Method=feddenoise_v3
[Round 077/210] Phase=stage_2 | Stage=1 | Acc=44.580 | StagePure=89.049 | CPrec=89.049 | CRec=89.049 | NPrec=74.447 | NRec=74.447 | Keep=70.000 | TSim=0.992 | RoundTime=20.69s | TotalTime=2027.47s | Method=feddenoise_v3
[Round 078/210] Phase=stage_2 | Stage=1 | Acc=44.670 | StagePure=89.049 | CPrec=89.049 | CRec=89.049 | NPrec=74.447 | NRec=74.447 | Keep=70.000 | TSim=0.992 | RoundTime=25.13s | TotalTime=2052.61s | Method=feddenoise_v3
[Round 079/210] Phase=stage_2 | Stage=1 | Acc=45.130 | StagePure=89.049 | CPrec=89.049 | CRec=89.049 | NPrec=74.447 | NRec=74.447 | Keep=70.000 | TSim=0.992 | RoundTime=22.80s | TotalTime=2075.41s | Method=feddenoise_v3
[Round 080/210] Phase=stage_2 | Stage=1 | Acc=45.370 | StagePure=89.049 | CPrec=89.049 | CRec=89.049 | NPrec=74.447 | NRec=74.447 | Keep=70.000 | TSim=0.992 | RoundTime=26.44s | TotalTime=2101.86s | Method=feddenoise_v3
[Round 081/210] Phase=stage_2 | Stage=1 | Acc=45.870 | StagePure=89.049 | CPrec=89.049 | CRec=89.049 | NPrec=74.447 | NRec=74.447 | Keep=70.000 | TSim=0.992 | RoundTime=26.42s | TotalTime=2128.29s | Method=feddenoise_v3
[Round 082/210] Phase=stage_2 | Stage=1 | Acc=45.710 | StagePure=89.049 | CPrec=89.049 | CRec=89.049 | NPrec=74.447 | NRec=74.447 | Keep=70.000 | TSim=0.992 | RoundTime=21.85s | TotalTime=2150.15s | Method=feddenoise_v3
[Round 083/210] Phase=stage_2 | Stage=1 | Acc=46.290 | StagePure=89.049 | CPrec=89.049 | CRec=89.049 | NPrec=74.447 | NRec=74.447 | Keep=70.000 | TSim=0.992 | RoundTime=26.21s | TotalTime=2176.37s | Method=feddenoise_v3
[Round 084/210] Phase=stage_2 | Stage=1 | Acc=46.010 | StagePure=89.049 | CPrec=89.049 | CRec=89.049 | NPrec=74.447 | NRec=74.447 | Keep=70.000 | TSim=0.992 | RoundTime=25.44s | TotalTime=2201.82s | Method=feddenoise_v3
[Round 085/210] Phase=stage_2 | Stage=1 | Acc=45.760 | StagePure=89.049 | CPrec=89.049 | CRec=89.049 | NPrec=74.447 | NRec=74.447 | Keep=70.000 | TSim=0.992 | RoundTime=27.16s | TotalTime=2228.99s | Method=feddenoise_v3
[Round 086/210] Phase=stage_2 | Stage=1 | Acc=46.910 | StagePure=89.049 | CPrec=89.049 | CRec=89.049 | NPrec=74.447 | NRec=74.447 | Keep=70.000 | TSim=0.992 | RoundTime=28.30s | TotalTime=2257.30s | Method=feddenoise_v3
[Round 087/210] Phase=stage_2 | Stage=1 | Acc=46.830 | StagePure=89.049 | CPrec=89.049 | CRec=89.049 | NPrec=74.447 | NRec=74.447 | Keep=70.000 | TSim=0.992 | RoundTime=26.12s | TotalTime=2283.43s | Method=feddenoise_v3
[Round 088/210] Phase=stage_2 | Stage=1 | Acc=47.120 | StagePure=89.049 | CPrec=89.049 | CRec=89.049 | NPrec=74.447 | NRec=74.447 | Keep=70.000 | TSim=0.992 | RoundTime=25.98s | TotalTime=2309.41s | Method=feddenoise_v3
[Round 089/210] Phase=stage_2 | Stage=1 | Acc=47.560 | StagePure=89.049 | CPrec=89.049 | CRec=89.049 | NPrec=74.447 | NRec=74.447 | Keep=70.000 | TSim=0.992 | RoundTime=20.46s | TotalTime=2329.89s | Method=feddenoise_v3
[Round 090/210] Phase=stage_2 | Stage=1 | Acc=47.640 | StagePure=89.049 | CPrec=89.049 | CRec=89.049 | NPrec=74.447 | NRec=74.447 | Keep=70.000 | TSim=0.992 | RoundTime=23.39s | TotalTime=2353.29s | Method=feddenoise_v3
[Round 091/210] Phase=stage_2 | Stage=1 | Acc=48.060 | StagePure=89.049 | CPrec=89.049 | CRec=89.049 | NPrec=74.447 | NRec=74.447 | Keep=70.000 | TSim=0.992 | RoundTime=20.57s | TotalTime=2373.87s | Method=feddenoise_v3
[Round 092/210] Phase=stage_2 | Stage=1 | Acc=48.130 | StagePure=89.049 | CPrec=89.049 | CRec=89.049 | NPrec=74.447 | NRec=74.447 | Keep=70.000 | TSim=0.992 | RoundTime=20.47s | TotalTime=2394.35s | Method=feddenoise_v3
[Round 093/210] Phase=stage_2 | Stage=1 | Acc=48.650 | StagePure=89.049 | CPrec=89.049 | CRec=89.049 | NPrec=74.447 | NRec=74.447 | Keep=70.000 | TSim=0.992 | RoundTime=24.74s | TotalTime=2419.10s | Method=feddenoise_v3
[Round 094/210] Phase=stage_2 | Stage=1 | Acc=47.980 | StagePure=89.049 | CPrec=89.049 | CRec=89.049 | NPrec=74.447 | NRec=74.447 | Keep=70.000 | TSim=0.992 | RoundTime=23.70s | TotalTime=2442.81s | Method=feddenoise_v3
[Round 095/210] Phase=stage_2 | Stage=1 | Acc=48.880 | StagePure=89.049 | CPrec=89.049 | CRec=89.049 | NPrec=74.447 | NRec=74.447 | Keep=70.000 | TSim=0.992 | RoundTime=24.62s | TotalTime=2467.44s | Method=feddenoise_v3
[Round 096/210] Phase=stage_2 | Stage=1 | Acc=48.750 | StagePure=89.049 | CPrec=89.049 | CRec=89.049 | NPrec=74.447 | NRec=74.447 | Keep=70.000 | TSim=0.992 | RoundTime=21.58s | TotalTime=2489.02s | Method=feddenoise_v3
[Round 097/210] Phase=stage_2 | Stage=1 | Acc=48.650 | StagePure=89.049 | CPrec=89.049 | CRec=89.049 | NPrec=74.447 | NRec=74.447 | Keep=70.000 | TSim=0.992 | RoundTime=27.40s | TotalTime=2516.43s | Method=feddenoise_v3
[Round 098/210] Phase=stage_2 | Stage=1 | Acc=49.340 | StagePure=89.049 | CPrec=89.049 | CRec=89.049 | NPrec=74.447 | NRec=74.447 | Keep=70.000 | TSim=0.992 | RoundTime=27.70s | TotalTime=2544.14s | Method=feddenoise_v3
[Round 099/210] Phase=stage_2 | Stage=1 | Acc=49.130 | StagePure=89.049 | CPrec=89.049 | CRec=89.049 | NPrec=74.447 | NRec=74.447 | Keep=70.000 | TSim=0.992 | RoundTime=28.12s | TotalTime=2572.27s | Method=feddenoise_v3
[Round 100/210] Phase=stage_2 | Stage=1 | Acc=49.360 | StagePure=89.049 | CPrec=89.049 | CRec=89.049 | NPrec=74.447 | NRec=74.447 | Keep=70.000 | TSim=0.992 | RoundTime=27.73s | TotalTime=2600.01s | Method=feddenoise_v3
[Round 101/210] Phase=stage_2 | Stage=1 | Acc=49.710 | StagePure=89.049 | CPrec=89.049 | CRec=89.049 | NPrec=74.447 | NRec=74.447 | Keep=70.000 | TSim=0.992 | RoundTime=28.29s | TotalTime=2628.31s | Method=feddenoise_v3
[Round 102/210] Phase=stage_2 | Stage=1 | Acc=50.230 | StagePure=89.049 | CPrec=89.049 | CRec=89.049 | NPrec=74.447 | NRec=74.447 | Keep=70.000 | TSim=0.992 | RoundTime=27.71s | TotalTime=2656.02s | Method=feddenoise_v3
[Round 103/210] Phase=stage_2 | Stage=1 | Acc=50.700 | StagePure=89.049 | CPrec=89.049 | CRec=89.049 | NPrec=74.447 | NRec=74.447 | Keep=70.000 | TSim=0.992 | RoundTime=28.62s | TotalTime=2684.66s | Method=feddenoise_v3
[Round 104/210] Phase=stage_2 | Stage=1 | Acc=50.040 | StagePure=89.049 | CPrec=89.049 | CRec=89.049 | NPrec=74.447 | NRec=74.447 | Keep=70.000 | TSim=0.992 | RoundTime=28.07s | TotalTime=2712.74s | Method=feddenoise_v3
[Round 105/210] Phase=stage_2 | Stage=1 | Acc=50.700 | StagePure=89.049 | CPrec=89.049 | CRec=89.049 | NPrec=74.447 | NRec=74.447 | Keep=70.000 | TSim=0.992 | RoundTime=24.12s | TotalTime=2736.87s | Method=feddenoise_v3
[Round 106/210] Phase=stage_2 | Stage=1 | Acc=50.300 | StagePure=89.049 | CPrec=89.049 | CRec=89.049 | NPrec=74.447 | NRec=74.447 | Keep=70.000 | TSim=0.992 | RoundTime=22.32s | TotalTime=2759.20s | Method=feddenoise_v3
[Round 107/210] Phase=stage_2 | Stage=1 | Acc=50.350 | StagePure=89.049 | CPrec=89.049 | CRec=89.049 | NPrec=74.447 | NRec=74.447 | Keep=70.000 | TSim=0.992 | RoundTime=27.76s | TotalTime=2786.97s | Method=feddenoise_v3
[Round 108/210] Phase=stage_2 | Stage=1 | Acc=50.570 | StagePure=89.049 | CPrec=89.049 | CRec=89.049 | NPrec=74.447 | NRec=74.447 | Keep=70.000 | TSim=0.992 | RoundTime=25.50s | TotalTime=2812.47s | Method=feddenoise_v3
[Round 109/210] Phase=stage_2 | Stage=1 | Acc=50.620 | StagePure=89.049 | CPrec=89.049 | CRec=89.049 | NPrec=74.447 | NRec=74.447 | Keep=70.000 | TSim=0.992 | RoundTime=23.95s | TotalTime=2836.43s | Method=feddenoise_v3
[Round 110/210] Phase=stage_2 | Stage=1 | Acc=50.910 | StagePure=89.049 | CPrec=89.049 | CRec=89.049 | NPrec=74.447 | NRec=74.447 | Keep=70.000 | TSim=0.992 | RoundTime=41.37s | TotalTime=2877.82s | Method=feddenoise_v3
[Round 111/210] Phase=stage_3 | Stage=2 | Acc=51.780 | StagePure=91.566 | CPrec=91.566 | CRec=91.566 | NPrec=80.320 | NRec=80.320 | Keep=70.000 | TSim=0.993 | RoundTime=24.44s | TotalTime=2902.27s | Method=feddenoise_v3
[Round 112/210] Phase=stage_3 | Stage=2 | Acc=51.680 | StagePure=91.566 | CPrec=91.566 | CRec=91.566 | NPrec=80.320 | NRec=80.320 | Keep=70.000 | TSim=0.993 | RoundTime=20.52s | TotalTime=2922.79s | Method=feddenoise_v3
[Round 113/210] Phase=stage_3 | Stage=2 | Acc=52.320 | StagePure=91.566 | CPrec=91.566 | CRec=91.566 | NPrec=80.320 | NRec=80.320 | Keep=70.000 | TSim=0.993 | RoundTime=22.64s | TotalTime=2945.44s | Method=feddenoise_v3
[Round 114/210] Phase=stage_3 | Stage=2 | Acc=52.180 | StagePure=91.566 | CPrec=91.566 | CRec=91.566 | NPrec=80.320 | NRec=80.320 | Keep=70.000 | TSim=0.993 | RoundTime=25.37s | TotalTime=2970.82s | Method=feddenoise_v3
[Round 115/210] Phase=stage_3 | Stage=2 | Acc=52.730 | StagePure=91.566 | CPrec=91.566 | CRec=91.566 | NPrec=80.320 | NRec=80.320 | Keep=70.000 | TSim=0.993 | RoundTime=24.88s | TotalTime=2995.71s | Method=feddenoise_v3
[Round 116/210] Phase=stage_3 | Stage=2 | Acc=52.360 | StagePure=91.566 | CPrec=91.566 | CRec=91.566 | NPrec=80.320 | NRec=80.320 | Keep=70.000 | TSim=0.993 | RoundTime=26.97s | TotalTime=3022.69s | Method=feddenoise_v3
[Round 117/210] Phase=stage_3 | Stage=2 | Acc=52.560 | StagePure=91.566 | CPrec=91.566 | CRec=91.566 | NPrec=80.320 | NRec=80.320 | Keep=70.000 | TSim=0.993 | RoundTime=27.28s | TotalTime=3049.97s | Method=feddenoise_v3
[Round 118/210] Phase=stage_3 | Stage=2 | Acc=53.000 | StagePure=91.566 | CPrec=91.566 | CRec=91.566 | NPrec=80.320 | NRec=80.320 | Keep=70.000 | TSim=0.993 | RoundTime=25.29s | TotalTime=3075.27s | Method=feddenoise_v3
[Round 119/210] Phase=stage_3 | Stage=2 | Acc=52.730 | StagePure=91.566 | CPrec=91.566 | CRec=91.566 | NPrec=80.320 | NRec=80.320 | Keep=70.000 | TSim=0.993 | RoundTime=26.84s | TotalTime=3102.12s | Method=feddenoise_v3
[Round 120/210] Phase=stage_3 | Stage=2 | Acc=52.690 | StagePure=91.566 | CPrec=91.566 | CRec=91.566 | NPrec=80.320 | NRec=80.320 | Keep=70.000 | TSim=0.993 | RoundTime=20.91s | TotalTime=3123.04s | Method=feddenoise_v3
[Round 121/210] Phase=stage_3 | Stage=2 | Acc=53.510 | StagePure=91.566 | CPrec=91.566 | CRec=91.566 | NPrec=80.320 | NRec=80.320 | Keep=70.000 | TSim=0.993 | RoundTime=26.84s | TotalTime=3149.89s | Method=feddenoise_v3
[Round 122/210] Phase=stage_3 | Stage=2 | Acc=53.190 | StagePure=91.566 | CPrec=91.566 | CRec=91.566 | NPrec=80.320 | NRec=80.320 | Keep=70.000 | TSim=0.993 | RoundTime=27.12s | TotalTime=3177.01s | Method=feddenoise_v3
[Round 123/210] Phase=stage_3 | Stage=2 | Acc=53.210 | StagePure=91.566 | CPrec=91.566 | CRec=91.566 | NPrec=80.320 | NRec=80.320 | Keep=70.000 | TSim=0.993 | RoundTime=27.54s | TotalTime=3204.56s | Method=feddenoise_v3
[Round 124/210] Phase=stage_3 | Stage=2 | Acc=53.510 | StagePure=91.566 | CPrec=91.566 | CRec=91.566 | NPrec=80.320 | NRec=80.320 | Keep=70.000 | TSim=0.993 | RoundTime=27.67s | TotalTime=3232.24s | Method=feddenoise_v3
[Round 125/210] Phase=stage_3 | Stage=2 | Acc=53.260 | StagePure=91.566 | CPrec=91.566 | CRec=91.566 | NPrec=80.320 | NRec=80.320 | Keep=70.000 | TSim=0.993 | RoundTime=24.02s | TotalTime=3256.28s | Method=feddenoise_v3
[Round 126/210] Phase=stage_3 | Stage=2 | Acc=53.760 | StagePure=91.566 | CPrec=91.566 | CRec=91.566 | NPrec=80.320 | NRec=80.320 | Keep=70.000 | TSim=0.993 | RoundTime=27.63s | TotalTime=3283.91s | Method=feddenoise_v3
[Round 127/210] Phase=stage_3 | Stage=2 | Acc=53.710 | StagePure=91.566 | CPrec=91.566 | CRec=91.566 | NPrec=80.320 | NRec=80.320 | Keep=70.000 | TSim=0.993 | RoundTime=22.24s | TotalTime=3306.16s | Method=feddenoise_v3
[Round 128/210] Phase=stage_3 | Stage=2 | Acc=53.560 | StagePure=91.566 | CPrec=91.566 | CRec=91.566 | NPrec=80.320 | NRec=80.320 | Keep=70.000 | TSim=0.993 | RoundTime=27.49s | TotalTime=3333.66s | Method=feddenoise_v3
[Round 129/210] Phase=stage_3 | Stage=2 | Acc=54.180 | StagePure=91.566 | CPrec=91.566 | CRec=91.566 | NPrec=80.320 | NRec=80.320 | Keep=70.000 | TSim=0.993 | RoundTime=26.59s | TotalTime=3360.26s | Method=feddenoise_v3
[Round 130/210] Phase=stage_3 | Stage=2 | Acc=54.000 | StagePure=91.566 | CPrec=91.566 | CRec=91.566 | NPrec=80.320 | NRec=80.320 | Keep=70.000 | TSim=0.993 | RoundTime=27.42s | TotalTime=3387.69s | Method=feddenoise_v3
[Round 131/210] Phase=stage_3 | Stage=2 | Acc=53.920 | StagePure=91.566 | CPrec=91.566 | CRec=91.566 | NPrec=80.320 | NRec=80.320 | Keep=70.000 | TSim=0.993 | RoundTime=27.87s | TotalTime=3415.56s | Method=feddenoise_v3
[Round 132/210] Phase=stage_3 | Stage=2 | Acc=54.470 | StagePure=91.566 | CPrec=91.566 | CRec=91.566 | NPrec=80.320 | NRec=80.320 | Keep=70.000 | TSim=0.993 | RoundTime=23.61s | TotalTime=3439.18s | Method=feddenoise_v3
[Round 133/210] Phase=stage_3 | Stage=2 | Acc=54.790 | StagePure=91.566 | CPrec=91.566 | CRec=91.566 | NPrec=80.320 | NRec=80.320 | Keep=70.000 | TSim=0.993 | RoundTime=24.53s | TotalTime=3463.72s | Method=feddenoise_v3
[Round 134/210] Phase=stage_3 | Stage=2 | Acc=54.300 | StagePure=91.566 | CPrec=91.566 | CRec=91.566 | NPrec=80.320 | NRec=80.320 | Keep=70.000 | TSim=0.993 | RoundTime=23.53s | TotalTime=3487.26s | Method=feddenoise_v3
[Round 135/210] Phase=stage_3 | Stage=2 | Acc=54.580 | StagePure=91.566 | CPrec=91.566 | CRec=91.566 | NPrec=80.320 | NRec=80.320 | Keep=70.000 | TSim=0.993 | RoundTime=26.88s | TotalTime=3514.15s | Method=feddenoise_v3
[Round 136/210] Phase=stage_3 | Stage=2 | Acc=54.530 | StagePure=91.566 | CPrec=91.566 | CRec=91.566 | NPrec=80.320 | NRec=80.320 | Keep=70.000 | TSim=0.993 | RoundTime=26.50s | TotalTime=3540.66s | Method=feddenoise_v3
[Round 137/210] Phase=stage_3 | Stage=2 | Acc=54.930 | StagePure=91.566 | CPrec=91.566 | CRec=91.566 | NPrec=80.320 | NRec=80.320 | Keep=70.000 | TSim=0.993 | RoundTime=25.66s | TotalTime=3566.33s | Method=feddenoise_v3
[Round 138/210] Phase=stage_3 | Stage=2 | Acc=54.580 | StagePure=91.566 | CPrec=91.566 | CRec=91.566 | NPrec=80.320 | NRec=80.320 | Keep=70.000 | TSim=0.993 | RoundTime=22.67s | TotalTime=3589.01s | Method=feddenoise_v3
[Round 139/210] Phase=stage_3 | Stage=2 | Acc=54.830 | StagePure=91.566 | CPrec=91.566 | CRec=91.566 | NPrec=80.320 | NRec=80.320 | Keep=70.000 | TSim=0.993 | RoundTime=27.02s | TotalTime=3616.04s | Method=feddenoise_v3
[Round 140/210] Phase=stage_3 | Stage=2 | Acc=55.040 | StagePure=91.566 | CPrec=91.566 | CRec=91.566 | NPrec=80.320 | NRec=80.320 | Keep=70.000 | TSim=0.993 | RoundTime=27.17s | TotalTime=3643.21s | Method=feddenoise_v3
[Round 141/210] Phase=stage_3 | Stage=2 | Acc=54.970 | StagePure=91.566 | CPrec=91.566 | CRec=91.566 | NPrec=80.320 | NRec=80.320 | Keep=70.000 | TSim=0.993 | RoundTime=27.63s | TotalTime=3670.85s | Method=feddenoise_v3
[Round 142/210] Phase=stage_3 | Stage=2 | Acc=55.270 | StagePure=91.566 | CPrec=91.566 | CRec=91.566 | NPrec=80.320 | NRec=80.320 | Keep=70.000 | TSim=0.993 | RoundTime=27.71s | TotalTime=3698.56s | Method=feddenoise_v3
[Round 143/210] Phase=stage_3 | Stage=2 | Acc=55.360 | StagePure=91.566 | CPrec=91.566 | CRec=91.566 | NPrec=80.320 | NRec=80.320 | Keep=70.000 | TSim=0.993 | RoundTime=23.69s | TotalTime=3722.26s | Method=feddenoise_v3
[Round 144/210] Phase=stage_3 | Stage=2 | Acc=55.160 | StagePure=91.566 | CPrec=91.566 | CRec=91.566 | NPrec=80.320 | NRec=80.320 | Keep=70.000 | TSim=0.993 | RoundTime=26.92s | TotalTime=3749.19s | Method=feddenoise_v3
[Round 145/210] Phase=stage_3 | Stage=2 | Acc=55.420 | StagePure=91.566 | CPrec=91.566 | CRec=91.566 | NPrec=80.320 | NRec=80.320 | Keep=70.000 | TSim=0.993 | RoundTime=22.54s | TotalTime=3771.74s | Method=feddenoise_v3
[Round 146/210] Phase=stage_3 | Stage=2 | Acc=55.720 | StagePure=91.566 | CPrec=91.566 | CRec=91.566 | NPrec=80.320 | NRec=80.320 | Keep=70.000 | TSim=0.993 | RoundTime=27.58s | TotalTime=3799.32s | Method=feddenoise_v3
[Round 147/210] Phase=stage_3 | Stage=2 | Acc=55.560 | StagePure=91.566 | CPrec=91.566 | CRec=91.566 | NPrec=80.320 | NRec=80.320 | Keep=70.000 | TSim=0.993 | RoundTime=25.43s | TotalTime=3824.76s | Method=feddenoise_v3
[Round 148/210] Phase=stage_3 | Stage=2 | Acc=55.460 | StagePure=91.566 | CPrec=91.566 | CRec=91.566 | NPrec=80.320 | NRec=80.320 | Keep=70.000 | TSim=0.993 | RoundTime=27.23s | TotalTime=3852.00s | Method=feddenoise_v3
[Round 149/210] Phase=stage_3 | Stage=2 | Acc=55.460 | StagePure=91.566 | CPrec=91.566 | CRec=91.566 | NPrec=80.320 | NRec=80.320 | Keep=70.000 | TSim=0.993 | RoundTime=22.70s | TotalTime=3874.70s | Method=feddenoise_v3
[Round 150/210] Phase=stage_3 | Stage=2 | Acc=55.320 | StagePure=91.566 | CPrec=91.566 | CRec=91.566 | NPrec=80.320 | NRec=80.320 | Keep=70.000 | TSim=0.993 | RoundTime=26.87s | TotalTime=3901.58s | Method=feddenoise_v3
[Round 151/210] Phase=stage_3 | Stage=2 | Acc=55.600 | StagePure=91.566 | CPrec=91.566 | CRec=91.566 | NPrec=80.320 | NRec=80.320 | Keep=70.000 | TSim=0.993 | RoundTime=27.75s | TotalTime=3929.34s | Method=feddenoise_v3
[Round 152/210] Phase=stage_3 | Stage=2 | Acc=55.530 | StagePure=91.566 | CPrec=91.566 | CRec=91.566 | NPrec=80.320 | NRec=80.320 | Keep=70.000 | TSim=0.993 | RoundTime=27.65s | TotalTime=3956.99s | Method=feddenoise_v3
[Round 153/210] Phase=stage_3 | Stage=2 | Acc=55.260 | StagePure=91.566 | CPrec=91.566 | CRec=91.566 | NPrec=80.320 | NRec=80.320 | Keep=70.000 | TSim=0.993 | RoundTime=27.53s | TotalTime=3984.53s | Method=feddenoise_v3
[Round 154/210] Phase=stage_3 | Stage=2 | Acc=55.980 | StagePure=91.566 | CPrec=91.566 | CRec=91.566 | NPrec=80.320 | NRec=80.320 | Keep=70.000 | TSim=0.993 | RoundTime=23.49s | TotalTime=4008.03s | Method=feddenoise_v3
[Round 155/210] Phase=stage_3 | Stage=2 | Acc=55.620 | StagePure=91.566 | CPrec=91.566 | CRec=91.566 | NPrec=80.320 | NRec=80.320 | Keep=70.000 | TSim=0.993 | RoundTime=24.91s | TotalTime=4032.95s | Method=feddenoise_v3
[Round 156/210] Phase=stage_3 | Stage=2 | Acc=56.070 | StagePure=91.566 | CPrec=91.566 | CRec=91.566 | NPrec=80.320 | NRec=80.320 | Keep=70.000 | TSim=0.993 | RoundTime=24.15s | TotalTime=4057.11s | Method=feddenoise_v3
[Round 157/210] Phase=stage_3 | Stage=2 | Acc=55.690 | StagePure=91.566 | CPrec=91.566 | CRec=91.566 | NPrec=80.320 | NRec=80.320 | Keep=70.000 | TSim=0.993 | RoundTime=27.80s | TotalTime=4084.91s | Method=feddenoise_v3
[Round 158/210] Phase=stage_3 | Stage=2 | Acc=55.820 | StagePure=91.566 | CPrec=91.566 | CRec=91.566 | NPrec=80.320 | NRec=80.320 | Keep=70.000 | TSim=0.993 | RoundTime=27.44s | TotalTime=4112.36s | Method=feddenoise_v3
[Round 159/210] Phase=stage_3 | Stage=2 | Acc=55.670 | StagePure=91.566 | CPrec=91.566 | CRec=91.566 | NPrec=80.320 | NRec=80.320 | Keep=70.000 | TSim=0.993 | RoundTime=25.02s | TotalTime=4137.40s | Method=feddenoise_v3
[Round 160/210] Phase=stage_3 | Stage=2 | Acc=55.670 | StagePure=91.566 | CPrec=91.566 | CRec=91.566 | NPrec=80.320 | NRec=80.320 | Keep=70.000 | TSim=0.993 | RoundTime=41.81s | TotalTime=4179.21s | Method=feddenoise_v3
[Round 161/210] Phase=stage_4 | Stage=3 | Acc=56.050 | StagePure=91.271 | CPrec=91.271 | CRec=91.271 | NPrec=79.633 | NRec=79.633 | Keep=70.000 | TSim=0.993 | RoundTime=26.92s | TotalTime=4206.14s | Method=feddenoise_v3
[Round 162/210] Phase=stage_4 | Stage=3 | Acc=56.330 | StagePure=91.271 | CPrec=91.271 | CRec=91.271 | NPrec=79.633 | NRec=79.633 | Keep=70.000 | TSim=0.993 | RoundTime=23.79s | TotalTime=4229.94s | Method=feddenoise_v3
[Round 163/210] Phase=stage_4 | Stage=3 | Acc=56.700 | StagePure=91.271 | CPrec=91.271 | CRec=91.271 | NPrec=79.633 | NRec=79.633 | Keep=70.000 | TSim=0.993 | RoundTime=27.32s | TotalTime=4257.27s | Method=feddenoise_v3
[Round 164/210] Phase=stage_4 | Stage=3 | Acc=56.240 | StagePure=91.271 | CPrec=91.271 | CRec=91.271 | NPrec=79.633 | NRec=79.633 | Keep=70.000 | TSim=0.993 | RoundTime=23.76s | TotalTime=4281.04s | Method=feddenoise_v3
[Round 165/210] Phase=stage_4 | Stage=3 | Acc=56.190 | StagePure=91.271 | CPrec=91.271 | CRec=91.271 | NPrec=79.633 | NRec=79.633 | Keep=70.000 | TSim=0.993 | RoundTime=27.59s | TotalTime=4308.63s | Method=feddenoise_v3
[Round 166/210] Phase=stage_4 | Stage=3 | Acc=56.560 | StagePure=91.271 | CPrec=91.271 | CRec=91.271 | NPrec=79.633 | NRec=79.633 | Keep=70.000 | TSim=0.993 | RoundTime=27.61s | TotalTime=4336.24s | Method=feddenoise_v3
[Round 167/210] Phase=stage_4 | Stage=3 | Acc=56.970 | StagePure=91.271 | CPrec=91.271 | CRec=91.271 | NPrec=79.633 | NRec=79.633 | Keep=70.000 | TSim=0.993 | RoundTime=27.96s | TotalTime=4364.21s | Method=feddenoise_v3
[Round 168/210] Phase=stage_4 | Stage=3 | Acc=56.830 | StagePure=91.271 | CPrec=91.271 | CRec=91.271 | NPrec=79.633 | NRec=79.633 | Keep=70.000 | TSim=0.993 | RoundTime=27.75s | TotalTime=4391.97s | Method=feddenoise_v3
[Round 169/210] Phase=stage_4 | Stage=3 | Acc=56.500 | StagePure=91.271 | CPrec=91.271 | CRec=91.271 | NPrec=79.633 | NRec=79.633 | Keep=70.000 | TSim=0.993 | RoundTime=27.60s | TotalTime=4419.58s | Method=feddenoise_v3
[Round 170/210] Phase=stage_4 | Stage=3 | Acc=56.900 | StagePure=91.271 | CPrec=91.271 | CRec=91.271 | NPrec=79.633 | NRec=79.633 | Keep=70.000 | TSim=0.993 | RoundTime=24.29s | TotalTime=4443.87s | Method=feddenoise_v3
[Round 171/210] Phase=stage_4 | Stage=3 | Acc=56.790 | StagePure=91.271 | CPrec=91.271 | CRec=91.271 | NPrec=79.633 | NRec=79.633 | Keep=70.000 | TSim=0.993 | RoundTime=25.24s | TotalTime=4469.12s | Method=feddenoise_v3
[Round 172/210] Phase=stage_4 | Stage=3 | Acc=56.930 | StagePure=91.271 | CPrec=91.271 | CRec=91.271 | NPrec=79.633 | NRec=79.633 | Keep=70.000 | TSim=0.993 | RoundTime=25.12s | TotalTime=4494.24s | Method=feddenoise_v3
[Round 173/210] Phase=stage_4 | Stage=3 | Acc=56.740 | StagePure=91.271 | CPrec=91.271 | CRec=91.271 | NPrec=79.633 | NRec=79.633 | Keep=70.000 | TSim=0.993 | RoundTime=27.26s | TotalTime=4521.51s | Method=feddenoise_v3
[Round 174/210] Phase=stage_4 | Stage=3 | Acc=57.190 | StagePure=91.271 | CPrec=91.271 | CRec=91.271 | NPrec=79.633 | NRec=79.633 | Keep=70.000 | TSim=0.993 | RoundTime=27.32s | TotalTime=4548.84s | Method=feddenoise_v3
[Round 175/210] Phase=stage_4 | Stage=3 | Acc=56.770 | StagePure=91.271 | CPrec=91.271 | CRec=91.271 | NPrec=79.633 | NRec=79.633 | Keep=70.000 | TSim=0.993 | RoundTime=27.58s | TotalTime=4576.43s | Method=feddenoise_v3
[Round 176/210] Phase=stage_4 | Stage=3 | Acc=56.800 | StagePure=91.271 | CPrec=91.271 | CRec=91.271 | NPrec=79.633 | NRec=79.633 | Keep=70.000 | TSim=0.993 | RoundTime=23.85s | TotalTime=4600.28s | Method=feddenoise_v3
[Round 177/210] Phase=stage_4 | Stage=3 | Acc=57.270 | StagePure=91.271 | CPrec=91.271 | CRec=91.271 | NPrec=79.633 | NRec=79.633 | Keep=70.000 | TSim=0.993 | RoundTime=26.30s | TotalTime=4626.59s | Method=feddenoise_v3
[Round 178/210] Phase=stage_4 | Stage=3 | Acc=57.190 | StagePure=91.271 | CPrec=91.271 | CRec=91.271 | NPrec=79.633 | NRec=79.633 | Keep=70.000 | TSim=0.993 | RoundTime=22.65s | TotalTime=4649.25s | Method=feddenoise_v3
[Round 179/210] Phase=stage_4 | Stage=3 | Acc=56.860 | StagePure=91.271 | CPrec=91.271 | CRec=91.271 | NPrec=79.633 | NRec=79.633 | Keep=70.000 | TSim=0.993 | RoundTime=27.37s | TotalTime=4676.63s | Method=feddenoise_v3
[Round 180/210] Phase=stage_4 | Stage=3 | Acc=56.800 | StagePure=91.271 | CPrec=91.271 | CRec=91.271 | NPrec=79.633 | NRec=79.633 | Keep=70.000 | TSim=0.993 | RoundTime=27.17s | TotalTime=4703.80s | Method=feddenoise_v3
[Round 181/210] Phase=stage_4 | Stage=3 | Acc=56.920 | StagePure=91.271 | CPrec=91.271 | CRec=91.271 | NPrec=79.633 | NRec=79.633 | Keep=70.000 | TSim=0.993 | RoundTime=27.12s | TotalTime=4730.92s | Method=feddenoise_v3
[Round 182/210] Phase=stage_4 | Stage=3 | Acc=56.940 | StagePure=91.271 | CPrec=91.271 | CRec=91.271 | NPrec=79.633 | NRec=79.633 | Keep=70.000 | TSim=0.993 | RoundTime=27.08s | TotalTime=4758.01s | Method=feddenoise_v3
[Round 183/210] Phase=stage_4 | Stage=3 | Acc=56.790 | StagePure=91.271 | CPrec=91.271 | CRec=91.271 | NPrec=79.633 | NRec=79.633 | Keep=70.000 | TSim=0.993 | RoundTime=27.11s | TotalTime=4785.13s | Method=feddenoise_v3
[Round 184/210] Phase=stage_4 | Stage=3 | Acc=56.720 | StagePure=91.271 | CPrec=91.271 | CRec=91.271 | NPrec=79.633 | NRec=79.633 | Keep=70.000 | TSim=0.993 | RoundTime=27.08s | TotalTime=4812.21s | Method=feddenoise_v3
[Round 185/210] Phase=stage_4 | Stage=3 | Acc=56.960 | StagePure=91.271 | CPrec=91.271 | CRec=91.271 | NPrec=79.633 | NRec=79.633 | Keep=70.000 | TSim=0.993 | RoundTime=26.99s | TotalTime=4839.22s | Method=feddenoise_v3
[Round 186/210] Phase=stage_4 | Stage=3 | Acc=57.100 | StagePure=91.271 | CPrec=91.271 | CRec=91.271 | NPrec=79.633 | NRec=79.633 | Keep=70.000 | TSim=0.993 | RoundTime=27.72s | TotalTime=4866.95s | Method=feddenoise_v3
[Round 187/210] Phase=stage_4 | Stage=3 | Acc=57.100 | StagePure=91.271 | CPrec=91.271 | CRec=91.271 | NPrec=79.633 | NRec=79.633 | Keep=70.000 | TSim=0.993 | RoundTime=24.27s | TotalTime=4891.23s | Method=feddenoise_v3
[Round 188/210] Phase=stage_4 | Stage=3 | Acc=56.860 | StagePure=91.271 | CPrec=91.271 | CRec=91.271 | NPrec=79.633 | NRec=79.633 | Keep=70.000 | TSim=0.993 | RoundTime=23.42s | TotalTime=4914.65s | Method=feddenoise_v3
[Round 189/210] Phase=stage_4 | Stage=3 | Acc=57.490 | StagePure=91.271 | CPrec=91.271 | CRec=91.271 | NPrec=79.633 | NRec=79.633 | Keep=70.000 | TSim=0.993 | RoundTime=26.78s | TotalTime=4941.45s | Method=feddenoise_v3
[Round 190/210] Phase=stage_4 | Stage=3 | Acc=56.860 | StagePure=91.271 | CPrec=91.271 | CRec=91.271 | NPrec=79.633 | NRec=79.633 | Keep=70.000 | TSim=0.993 | RoundTime=27.77s | TotalTime=4969.22s | Method=feddenoise_v3
[Round 191/210] Phase=stage_4 | Stage=3 | Acc=57.170 | StagePure=91.271 | CPrec=91.271 | CRec=91.271 | NPrec=79.633 | NRec=79.633 | Keep=70.000 | TSim=0.993 | RoundTime=28.06s | TotalTime=4997.29s | Method=feddenoise_v3
[Round 192/210] Phase=stage_4 | Stage=3 | Acc=56.470 | StagePure=91.271 | CPrec=91.271 | CRec=91.271 | NPrec=79.633 | NRec=79.633 | Keep=70.000 | TSim=0.993 | RoundTime=28.27s | TotalTime=5025.57s | Method=feddenoise_v3
[Round 193/210] Phase=stage_4 | Stage=3 | Acc=56.750 | StagePure=91.271 | CPrec=91.271 | CRec=91.271 | NPrec=79.633 | NRec=79.633 | Keep=70.000 | TSim=0.993 | RoundTime=21.21s | TotalTime=5046.79s | Method=feddenoise_v3
[Round 194/210] Phase=stage_4 | Stage=3 | Acc=57.100 | StagePure=91.271 | CPrec=91.271 | CRec=91.271 | NPrec=79.633 | NRec=79.633 | Keep=70.000 | TSim=0.993 | RoundTime=23.30s | TotalTime=5070.10s | Method=feddenoise_v3
[Round 195/210] Phase=stage_4 | Stage=3 | Acc=56.720 | StagePure=91.271 | CPrec=91.271 | CRec=91.271 | NPrec=79.633 | NRec=79.633 | Keep=70.000 | TSim=0.993 | RoundTime=20.48s | TotalTime=5090.59s | Method=feddenoise_v3
[Round 196/210] Phase=stage_4 | Stage=3 | Acc=56.900 | StagePure=91.271 | CPrec=91.271 | CRec=91.271 | NPrec=79.633 | NRec=79.633 | Keep=70.000 | TSim=0.993 | RoundTime=20.94s | TotalTime=5111.54s | Method=feddenoise_v3
[Round 197/210] Phase=stage_4 | Stage=3 | Acc=56.900 | StagePure=91.271 | CPrec=91.271 | CRec=91.271 | NPrec=79.633 | NRec=79.633 | Keep=70.000 | TSim=0.993 | RoundTime=20.63s | TotalTime=5132.18s | Method=feddenoise_v3
[Round 198/210] Phase=stage_4 | Stage=3 | Acc=56.950 | StagePure=91.271 | CPrec=91.271 | CRec=91.271 | NPrec=79.633 | NRec=79.633 | Keep=70.000 | TSim=0.993 | RoundTime=26.72s | TotalTime=5158.90s | Method=feddenoise_v3
[Round 199/210] Phase=stage_4 | Stage=3 | Acc=56.910 | StagePure=91.271 | CPrec=91.271 | CRec=91.271 | NPrec=79.633 | NRec=79.633 | Keep=70.000 | TSim=0.993 | RoundTime=23.28s | TotalTime=5182.19s | Method=feddenoise_v3
[Round 200/210] Phase=stage_4 | Stage=3 | Acc=56.790 | StagePure=91.271 | CPrec=91.271 | CRec=91.271 | NPrec=79.633 | NRec=79.633 | Keep=70.000 | TSim=0.993 | RoundTime=24.65s | TotalTime=5206.85s | Method=feddenoise_v3
[Round 201/210] Phase=stage_4 | Stage=3 | Acc=57.230 | StagePure=91.271 | CPrec=91.271 | CRec=91.271 | NPrec=79.633 | NRec=79.633 | Keep=70.000 | TSim=0.993 | RoundTime=28.09s | TotalTime=5234.95s | Method=feddenoise_v3
[Round 202/210] Phase=stage_4 | Stage=3 | Acc=57.080 | StagePure=91.271 | CPrec=91.271 | CRec=91.271 | NPrec=79.633 | NRec=79.633 | Keep=70.000 | TSim=0.993 | RoundTime=27.56s | TotalTime=5262.52s | Method=feddenoise_v3
[Round 203/210] Phase=stage_4 | Stage=3 | Acc=57.110 | StagePure=91.271 | CPrec=91.271 | CRec=91.271 | NPrec=79.633 | NRec=79.633 | Keep=70.000 | TSim=0.993 | RoundTime=27.42s | TotalTime=5289.95s | Method=feddenoise_v3
[Round 204/210] Phase=stage_4 | Stage=3 | Acc=56.650 | StagePure=91.271 | CPrec=91.271 | CRec=91.271 | NPrec=79.633 | NRec=79.633 | Keep=70.000 | TSim=0.993 | RoundTime=27.97s | TotalTime=5317.92s | Method=feddenoise_v3
[Round 205/210] Phase=stage_4 | Stage=3 | Acc=57.020 | StagePure=91.271 | CPrec=91.271 | CRec=91.271 | NPrec=79.633 | NRec=79.633 | Keep=70.000 | TSim=0.993 | RoundTime=29.26s | TotalTime=5347.19s | Method=feddenoise_v3
[Round 206/210] Phase=stage_4 | Stage=3 | Acc=56.380 | StagePure=91.271 | CPrec=91.271 | CRec=91.271 | NPrec=79.633 | NRec=79.633 | Keep=70.000 | TSim=0.993 | RoundTime=27.70s | TotalTime=5374.90s | Method=feddenoise_v3
[Round 207/210] Phase=stage_4 | Stage=3 | Acc=56.790 | StagePure=91.271 | CPrec=91.271 | CRec=91.271 | NPrec=79.633 | NRec=79.633 | Keep=70.000 | TSim=0.993 | RoundTime=27.75s | TotalTime=5402.65s | Method=feddenoise_v3
[Round 208/210] Phase=stage_4 | Stage=3 | Acc=56.780 | StagePure=91.271 | CPrec=91.271 | CRec=91.271 | NPrec=79.633 | NRec=79.633 | Keep=70.000 | TSim=0.993 | RoundTime=27.13s | TotalTime=5429.79s | Method=feddenoise_v3
[Round 209/210] Phase=stage_4 | Stage=3 | Acc=56.950 | StagePure=91.271 | CPrec=91.271 | CRec=91.271 | NPrec=79.633 | NRec=79.633 | Keep=70.000 | TSim=0.993 | RoundTime=22.01s | TotalTime=5451.81s | Method=feddenoise_v3
[Round 210/210] Phase=stage_4 | Stage=3 | Acc=57.520 | StagePure=91.271 | CPrec=91.271 | CRec=91.271 | NPrec=79.633 | NRec=79.633 | Keep=70.000 | TSim=0.993 | RoundTime=23.75s | TotalTime=5475.57s | Method=feddenoise_v3
========================================================================================================================
Training finished at: 2026-04-07 13:59:04
Total elapsed time: 5475.58s
Final Acc: 57.520
Best Acc : 57.520
Final StagePure: 91.271
Best StagePure : 91.566
========================================================================================================================
