====================================================================================================
Training started at: 2026-04-01 11:19:13
Result directory: results/fl_mnist/feddenoise_v2/pm-dir_a-0.3_nm-uni_nr-0.3_nt-symmetric_st-least_sim_dr-0.3
Result txt file : results/fl_mnist/feddenoise_v2/pm-dir_a-0.3_nm-uni_nr-0.3_nt-symmetric_st-least_sim_dr-0.3/feddenoise_v2_fl_mnist_20260401-111913-068323_pid1829593.txt
Result log file : results/fl_mnist/feddenoise_v2/pm-dir_a-0.3_nm-uni_nr-0.3_nt-symmetric_st-least_sim_dr-0.3/feddenoise_v2_fl_mnist_20260401-111913-068323_pid1829593.log
----------------------------------------------------------------------------------------------------
Model: feddenoise_v2
Dataset: fl_mnist
Structure: homogeneity
Participants: 100
Online ratio: 0.1
Communication epochs: 100
Local epoch: 10
Local batch size: 32
Local lr: 0.01
Partition mode: dirichlet
Dirichlet alpha: 0.3
Noise mode: uniform
Noise rate: 0.3
Noise type: symmetric
Noise max: 0.3
Denoise score alpha: 0.5
Drop rate: 0.3
Denoise strategy: least_sim
FedProx mu: 0.01
FedRDN std: 0.01
FedCDA history size: NA
FedGLoSS beta: 0.01
Averaging: weight
Seed: 0
====================================================================================================
[Round 001/100] Acc=11.350 | Pure=69.984 | RoundTime=40.91s | TotalTime=40.91s | Method=feddenoise_v2
[Round 002/100] Acc=61.250 | Pure=70.001 | RoundTime=40.84s | TotalTime=81.75s | Method=feddenoise_v2
[Round 003/100] Acc=83.110 | Pure=70.002 | RoundTime=40.30s | TotalTime=122.05s | Method=feddenoise_v2
[Round 004/100] Acc=92.230 | Pure=70.014 | RoundTime=40.17s | TotalTime=162.22s | Method=feddenoise_v2
[Round 005/100] Acc=94.160 | Pure=69.997 | RoundTime=39.74s | TotalTime=201.96s | Method=feddenoise_v2
[Round 006/100] Acc=91.370 | Pure=70.005 | RoundTime=40.12s | TotalTime=242.08s | Method=feddenoise_v2
[Round 007/100] Acc=90.310 | Pure=69.998 | RoundTime=41.71s | TotalTime=283.80s | Method=feddenoise_v2
[Round 008/100] Acc=89.540 | Pure=70.005 | RoundTime=41.01s | TotalTime=324.80s | Method=feddenoise_v2
[Round 009/100] Acc=90.670 | Pure=70.010 | RoundTime=41.17s | TotalTime=365.97s | Method=feddenoise_v2
[Round 010/100] Acc=83.330 | Pure=70.030 | RoundTime=40.92s | TotalTime=406.89s | Method=feddenoise_v2
[Round 011/100] Acc=95.720 | Pure=90.740 | RoundTime=79.14s | TotalTime=486.04s | Method=feddenoise_v2
[Round 012/100] Acc=92.300 | Pure=92.745 | RoundTime=79.39s | TotalTime=565.43s | Method=feddenoise_v2
[Round 013/100] Acc=95.640 | Pure=90.116 | RoundTime=78.43s | TotalTime=643.86s | Method=feddenoise_v2
[Round 014/100] Acc=95.950 | Pure=89.183 | RoundTime=78.45s | TotalTime=722.31s | Method=feddenoise_v2
[Round 015/100] Acc=94.470 | Pure=92.819 | RoundTime=79.36s | TotalTime=801.67s | Method=feddenoise_v2
[Round 016/100] Acc=96.090 | Pure=91.051 | RoundTime=81.23s | TotalTime=882.90s | Method=feddenoise_v2
[Round 017/100] Acc=94.560 | Pure=91.904 | RoundTime=79.96s | TotalTime=962.86s | Method=feddenoise_v2
[Round 018/100] Acc=96.940 | Pure=88.670 | RoundTime=79.60s | TotalTime=1042.46s | Method=feddenoise_v2
[Round 019/100] Acc=96.510 | Pure=88.993 | RoundTime=80.92s | TotalTime=1123.38s | Method=feddenoise_v2
[Round 020/100] Acc=95.050 | Pure=92.115 | RoundTime=81.35s | TotalTime=1204.73s | Method=feddenoise_v2
[Round 021/100] Acc=96.420 | Pure=93.607 | RoundTime=70.59s | TotalTime=1275.32s | Method=feddenoise_v2
[Round 022/100] Acc=96.790 | Pure=93.108 | RoundTime=69.95s | TotalTime=1345.27s | Method=feddenoise_v2
[Round 023/100] Acc=97.220 | Pure=93.353 | RoundTime=70.44s | TotalTime=1415.71s | Method=feddenoise_v2
[Round 024/100] Acc=97.130 | Pure=92.824 | RoundTime=69.97s | TotalTime=1485.68s | Method=feddenoise_v2
[Round 025/100] Acc=96.720 | Pure=93.408 | RoundTime=70.53s | TotalTime=1556.21s | Method=feddenoise_v2
[Round 026/100] Acc=96.510 | Pure=93.673 | RoundTime=69.82s | TotalTime=1626.03s | Method=feddenoise_v2
[Round 027/100] Acc=97.320 | Pure=93.613 | RoundTime=71.20s | TotalTime=1697.22s | Method=feddenoise_v2
[Round 028/100] Acc=96.950 | Pure=94.014 | RoundTime=67.88s | TotalTime=1765.10s | Method=feddenoise_v2
[Round 029/100] Acc=97.400 | Pure=92.725 | RoundTime=69.70s | TotalTime=1834.80s | Method=feddenoise_v2
[Round 030/100] Acc=96.830 | Pure=92.999 | RoundTime=70.03s | TotalTime=1904.83s | Method=feddenoise_v2
[Round 031/100] Acc=95.810 | Pure=93.714 | RoundTime=60.00s | TotalTime=1964.83s | Method=feddenoise_v2
[Round 032/100] Acc=96.960 | Pure=93.184 | RoundTime=58.49s | TotalTime=2023.32s | Method=feddenoise_v2
[Round 033/100] Acc=97.260 | Pure=93.488 | RoundTime=60.37s | TotalTime=2083.69s | Method=feddenoise_v2
[Round 034/100] Acc=97.630 | Pure=93.291 | RoundTime=61.19s | TotalTime=2144.88s | Method=feddenoise_v2
[Round 035/100] Acc=97.710 | Pure=93.243 | RoundTime=59.94s | TotalTime=2204.82s | Method=feddenoise_v2
[Round 036/100] Acc=97.200 | Pure=93.778 | RoundTime=59.97s | TotalTime=2264.79s | Method=feddenoise_v2
[Round 037/100] Acc=97.440 | Pure=93.519 | RoundTime=60.41s | TotalTime=2325.20s | Method=feddenoise_v2
[Round 038/100] Acc=97.240 | Pure=93.396 | RoundTime=59.64s | TotalTime=2384.84s | Method=feddenoise_v2
[Round 039/100] Acc=97.440 | Pure=93.416 | RoundTime=58.69s | TotalTime=2443.53s | Method=feddenoise_v2
[Round 040/100] Acc=97.610 | Pure=93.481 | RoundTime=59.86s | TotalTime=2503.39s | Method=feddenoise_v2
[Round 041/100] Acc=97.580 | Pure=93.991 | RoundTime=50.54s | TotalTime=2553.93s | Method=feddenoise_v2
[Round 042/100] Acc=97.290 | Pure=93.884 | RoundTime=49.73s | TotalTime=2603.65s | Method=feddenoise_v2
[Round 043/100] Acc=97.430 | Pure=93.569 | RoundTime=50.12s | TotalTime=2653.77s | Method=feddenoise_v2
[Round 044/100] Acc=97.430 | Pure=93.279 | RoundTime=50.60s | TotalTime=2704.38s | Method=feddenoise_v2
[Round 045/100] Acc=97.400 | Pure=93.741 | RoundTime=49.22s | TotalTime=2753.60s | Method=feddenoise_v2
[Round 046/100] Acc=97.200 | Pure=93.348 | RoundTime=49.93s | TotalTime=2803.53s | Method=feddenoise_v2
[Round 047/100] Acc=97.360 | Pure=93.629 | RoundTime=49.59s | TotalTime=2853.12s | Method=feddenoise_v2
[Round 048/100] Acc=97.340 | Pure=93.666 | RoundTime=49.66s | TotalTime=2902.78s | Method=feddenoise_v2
[Round 049/100] Acc=97.040 | Pure=93.762 | RoundTime=50.15s | TotalTime=2952.93s | Method=feddenoise_v2
[Round 050/100] Acc=97.070 | Pure=93.624 | RoundTime=51.51s | TotalTime=3004.44s | Method=feddenoise_v2
[Round 051/100] Acc=96.820 | Pure=91.428 | RoundTime=50.31s | TotalTime=3054.75s | Method=feddenoise_v2
[Round 052/100] Acc=97.040 | Pure=92.342 | RoundTime=50.24s | TotalTime=3104.99s | Method=feddenoise_v2
[Round 053/100] Acc=96.960 | Pure=90.988 | RoundTime=50.14s | TotalTime=3155.13s | Method=feddenoise_v2
[Round 054/100] Acc=97.400 | Pure=92.090 | RoundTime=50.27s | TotalTime=3205.40s | Method=feddenoise_v2
[Round 055/100] Acc=97.270 | Pure=90.650 | RoundTime=51.15s | TotalTime=3256.55s | Method=feddenoise_v2
[Round 056/100] Acc=96.700 | Pure=91.545 | RoundTime=50.22s | TotalTime=3306.76s | Method=feddenoise_v2
[Round 057/100] Acc=96.930 | Pure=91.953 | RoundTime=49.85s | TotalTime=3356.61s | Method=feddenoise_v2
[Round 058/100] Acc=97.470 | Pure=91.795 | RoundTime=50.14s | TotalTime=3406.75s | Method=feddenoise_v2
[Round 059/100] Acc=97.260 | Pure=92.746 | RoundTime=48.51s | TotalTime=3455.26s | Method=feddenoise_v2
[Round 060/100] Acc=97.400 | Pure=91.876 | RoundTime=48.77s | TotalTime=3504.03s | Method=feddenoise_v2
[Round 061/100] Acc=96.500 | Pure=93.848 | RoundTime=48.95s | TotalTime=3552.99s | Method=feddenoise_v2
[Round 062/100] Acc=97.020 | Pure=93.726 | RoundTime=49.67s | TotalTime=3602.66s | Method=feddenoise_v2
[Round 063/100] Acc=97.050 | Pure=93.642 | RoundTime=48.62s | TotalTime=3651.28s | Method=feddenoise_v2
[Round 064/100] Acc=97.250 | Pure=93.448 | RoundTime=49.82s | TotalTime=3701.10s | Method=feddenoise_v2
[Round 065/100] Acc=97.360 | Pure=92.733 | RoundTime=48.95s | TotalTime=3750.05s | Method=feddenoise_v2
[Round 066/100] Acc=97.180 | Pure=93.962 | RoundTime=49.31s | TotalTime=3799.36s | Method=feddenoise_v2
[Round 067/100] Acc=97.440 | Pure=93.625 | RoundTime=49.19s | TotalTime=3848.55s | Method=feddenoise_v2
[Round 068/100] Acc=97.200 | Pure=93.721 | RoundTime=51.12s | TotalTime=3899.67s | Method=feddenoise_v2
[Round 069/100] Acc=96.950 | Pure=93.795 | RoundTime=49.77s | TotalTime=3949.44s | Method=feddenoise_v2
[Round 070/100] Acc=97.380 | Pure=93.762 | RoundTime=49.18s | TotalTime=3998.62s | Method=feddenoise_v2
[Round 071/100] Acc=95.540 | Pure=93.802 | RoundTime=49.20s | TotalTime=4047.82s | Method=feddenoise_v2
[Round 072/100] Acc=96.090 | Pure=93.764 | RoundTime=49.59s | TotalTime=4097.40s | Method=feddenoise_v2
[Round 073/100] Acc=97.150 | Pure=93.702 | RoundTime=49.50s | TotalTime=4146.91s | Method=feddenoise_v2
[Round 074/100] Acc=96.940 | Pure=93.628 | RoundTime=48.94s | TotalTime=4195.85s | Method=feddenoise_v2
[Round 075/100] Acc=95.960 | Pure=94.136 | RoundTime=49.44s | TotalTime=4245.29s | Method=feddenoise_v2
[Round 076/100] Acc=97.060 | Pure=93.407 | RoundTime=50.24s | TotalTime=4295.53s | Method=feddenoise_v2
[Round 077/100] Acc=96.960 | Pure=93.679 | RoundTime=49.78s | TotalTime=4345.31s | Method=feddenoise_v2
[Round 078/100] Acc=96.810 | Pure=93.724 | RoundTime=49.87s | TotalTime=4395.18s | Method=feddenoise_v2
[Round 079/100] Acc=97.220 | Pure=93.421 | RoundTime=49.59s | TotalTime=4444.77s | Method=feddenoise_v2
[Round 080/100] Acc=97.530 | Pure=92.991 | RoundTime=50.36s | TotalTime=4495.13s | Method=feddenoise_v2
[Round 081/100] Acc=97.130 | Pure=92.544 | RoundTime=49.37s | TotalTime=4544.51s | Method=feddenoise_v2
[Round 082/100] Acc=97.170 | Pure=92.946 | RoundTime=50.34s | TotalTime=4594.85s | Method=feddenoise_v2
[Round 083/100] Acc=97.150 | Pure=92.880 | RoundTime=49.94s | TotalTime=4644.79s | Method=feddenoise_v2
[Round 084/100] Acc=97.110 | Pure=93.120 | RoundTime=49.74s | TotalTime=4694.52s | Method=feddenoise_v2
[Round 085/100] Acc=96.740 | Pure=93.061 | RoundTime=50.28s | TotalTime=4744.81s | Method=feddenoise_v2
[Round 086/100] Acc=96.750 | Pure=92.632 | RoundTime=49.99s | TotalTime=4794.79s | Method=feddenoise_v2
[Round 087/100] Acc=96.330 | Pure=92.885 | RoundTime=50.67s | TotalTime=4845.46s | Method=feddenoise_v2
[Round 088/100] Acc=97.220 | Pure=92.861 | RoundTime=50.09s | TotalTime=4895.55s | Method=feddenoise_v2
[Round 089/100] Acc=96.990 | Pure=92.524 | RoundTime=51.14s | TotalTime=4946.69s | Method=feddenoise_v2
[Round 090/100] Acc=97.150 | Pure=92.576 | RoundTime=50.55s | TotalTime=4997.24s | Method=feddenoise_v2
[Round 091/100] Acc=97.190 | Pure=93.121 | RoundTime=50.16s | TotalTime=5047.40s | Method=feddenoise_v2
[Round 092/100] Acc=97.050 | Pure=92.208 | RoundTime=49.21s | TotalTime=5096.61s | Method=feddenoise_v2
[Round 093/100] Acc=96.650 | Pure=92.513 | RoundTime=50.61s | TotalTime=5147.22s | Method=feddenoise_v2
[Round 094/100] Acc=96.790 | Pure=92.602 | RoundTime=49.67s | TotalTime=5196.89s | Method=feddenoise_v2
[Round 095/100] Acc=97.260 | Pure=92.964 | RoundTime=49.83s | TotalTime=5246.72s | Method=feddenoise_v2
[Round 096/100] Acc=97.150 | Pure=92.552 | RoundTime=49.86s | TotalTime=5296.58s | Method=feddenoise_v2
[Round 097/100] Acc=96.980 | Pure=92.848 | RoundTime=50.14s | TotalTime=5346.72s | Method=feddenoise_v2
[Round 098/100] Acc=96.910 | Pure=93.198 | RoundTime=50.60s | TotalTime=5397.32s | Method=feddenoise_v2
[Round 099/100] Acc=96.920 | Pure=92.837 | RoundTime=50.88s | TotalTime=5448.20s | Method=feddenoise_v2
[Round 100/100] Acc=96.810 | Pure=91.859 | RoundTime=51.13s | TotalTime=5499.33s | Method=feddenoise_v2
====================================================================================================
Training finished at: 2026-04-01 12:50:52
Total elapsed time: 5499.33s
Final Acc: 96.810
Best Acc : 97.710
Final Pure: 91.859
Best Pure : 94.136
====================================================================================================
