====================================================================================================
Training started at: 2026-04-01 09:57:32
Result directory: results/fl_cifar10/feddenoise_v2/pm-dir_a-0.3_nm-uni_nr-0.15_nt-symmetric_st-least_sim_dr-0.2
Result txt file : results/fl_cifar10/feddenoise_v2/pm-dir_a-0.3_nm-uni_nr-0.15_nt-symmetric_st-least_sim_dr-0.2/feddenoise_v2_fl_cifar10_20260401-095732-342263_pid4024095.txt
Result log file : results/fl_cifar10/feddenoise_v2/pm-dir_a-0.3_nm-uni_nr-0.15_nt-symmetric_st-least_sim_dr-0.2/feddenoise_v2_fl_cifar10_20260401-095732-342263_pid4024095.log
----------------------------------------------------------------------------------------------------
Model: feddenoise_v2
Dataset: fl_cifar10
Structure: homogeneity
Participants: 100
Online ratio: 0.1
Communication epochs: 100
Local epoch: 10
Local batch size: 32
Local lr: 0.01
Partition mode: dirichlet
Dirichlet alpha: 0.3
Noise mode: uniform
Noise rate: 0.15
Noise type: symmetric
Noise max: 0.3
Denoise score alpha: 0.5
Drop rate: 0.2
Denoise strategy: least_sim
FedProx mu: 0.01
FedRDN std: 0.01
FedCDA history size: NA
FedGLoSS beta: 0.01
Averaging: weight
Seed: 0
====================================================================================================
[Round 001/100] Acc=10.000 | Pure=84.947 | RoundTime=26.15s | TotalTime=26.15s | Method=feddenoise_v2
[Round 002/100] Acc=11.210 | Pure=84.992 | RoundTime=25.15s | TotalTime=51.29s | Method=feddenoise_v2
[Round 003/100] Acc=13.540 | Pure=84.977 | RoundTime=25.44s | TotalTime=76.74s | Method=feddenoise_v2
[Round 004/100] Acc=28.240 | Pure=85.029 | RoundTime=25.72s | TotalTime=102.46s | Method=feddenoise_v2
[Round 005/100] Acc=34.390 | Pure=85.013 | RoundTime=25.04s | TotalTime=127.49s | Method=feddenoise_v2
[Round 006/100] Acc=33.150 | Pure=84.994 | RoundTime=28.92s | TotalTime=156.41s | Method=feddenoise_v2
[Round 007/100] Acc=43.260 | Pure=85.008 | RoundTime=26.95s | TotalTime=183.36s | Method=feddenoise_v2
[Round 008/100] Acc=42.380 | Pure=85.027 | RoundTime=26.47s | TotalTime=209.83s | Method=feddenoise_v2
[Round 009/100] Acc=49.610 | Pure=85.041 | RoundTime=25.65s | TotalTime=235.48s | Method=feddenoise_v2
[Round 010/100] Acc=45.100 | Pure=84.993 | RoundTime=26.20s | TotalTime=261.68s | Method=feddenoise_v2
[Round 011/100] Acc=43.000 | Pure=93.506 | RoundTime=64.41s | TotalTime=326.09s | Method=feddenoise_v2
[Round 012/100] Acc=52.060 | Pure=91.894 | RoundTime=64.49s | TotalTime=390.58s | Method=feddenoise_v2
[Round 013/100] Acc=46.080 | Pure=93.103 | RoundTime=65.07s | TotalTime=455.65s | Method=feddenoise_v2
[Round 014/100] Acc=49.320 | Pure=93.116 | RoundTime=63.96s | TotalTime=519.61s | Method=feddenoise_v2
[Round 015/100] Acc=56.250 | Pure=92.847 | RoundTime=65.13s | TotalTime=584.74s | Method=feddenoise_v2
[Round 016/100] Acc=56.530 | Pure=93.294 | RoundTime=64.66s | TotalTime=649.40s | Method=feddenoise_v2
[Round 017/100] Acc=56.980 | Pure=92.868 | RoundTime=65.05s | TotalTime=714.45s | Method=feddenoise_v2
[Round 018/100] Acc=55.590 | Pure=93.306 | RoundTime=66.57s | TotalTime=781.02s | Method=feddenoise_v2
[Round 019/100] Acc=61.600 | Pure=92.346 | RoundTime=64.70s | TotalTime=845.72s | Method=feddenoise_v2
[Round 020/100] Acc=59.180 | Pure=93.299 | RoundTime=65.59s | TotalTime=911.31s | Method=feddenoise_v2
[Round 021/100] Acc=59.390 | Pure=93.003 | RoundTime=56.65s | TotalTime=967.96s | Method=feddenoise_v2
[Round 022/100] Acc=58.480 | Pure=93.879 | RoundTime=56.29s | TotalTime=1024.25s | Method=feddenoise_v2
[Round 023/100] Acc=62.450 | Pure=92.781 | RoundTime=57.61s | TotalTime=1081.86s | Method=feddenoise_v2
[Round 024/100] Acc=50.720 | Pure=94.499 | RoundTime=55.74s | TotalTime=1137.60s | Method=feddenoise_v2
[Round 025/100] Acc=65.000 | Pure=92.745 | RoundTime=58.59s | TotalTime=1196.20s | Method=feddenoise_v2
[Round 026/100] Acc=65.710 | Pure=91.621 | RoundTime=58.47s | TotalTime=1254.67s | Method=feddenoise_v2
[Round 027/100] Acc=62.590 | Pure=93.769 | RoundTime=59.00s | TotalTime=1313.67s | Method=feddenoise_v2
[Round 028/100] Acc=62.860 | Pure=93.506 | RoundTime=58.81s | TotalTime=1372.48s | Method=feddenoise_v2
[Round 029/100] Acc=62.170 | Pure=92.739 | RoundTime=58.00s | TotalTime=1430.48s | Method=feddenoise_v2
[Round 030/100] Acc=60.170 | Pure=93.764 | RoundTime=57.55s | TotalTime=1488.03s | Method=feddenoise_v2
[Round 031/100] Acc=63.550 | Pure=93.698 | RoundTime=48.28s | TotalTime=1536.30s | Method=feddenoise_v2
[Round 032/100] Acc=65.120 | Pure=94.456 | RoundTime=47.60s | TotalTime=1583.90s | Method=feddenoise_v2
[Round 033/100] Acc=61.560 | Pure=94.448 | RoundTime=46.92s | TotalTime=1630.82s | Method=feddenoise_v2
[Round 034/100] Acc=66.550 | Pure=93.378 | RoundTime=46.78s | TotalTime=1677.60s | Method=feddenoise_v2
[Round 035/100] Acc=66.010 | Pure=93.565 | RoundTime=47.53s | TotalTime=1725.14s | Method=feddenoise_v2
[Round 036/100] Acc=66.520 | Pure=93.033 | RoundTime=48.26s | TotalTime=1773.40s | Method=feddenoise_v2
[Round 037/100] Acc=64.770 | Pure=94.523 | RoundTime=47.18s | TotalTime=1820.58s | Method=feddenoise_v2
[Round 038/100] Acc=60.360 | Pure=95.126 | RoundTime=49.19s | TotalTime=1869.77s | Method=feddenoise_v2
[Round 039/100] Acc=70.100 | Pure=93.567 | RoundTime=46.29s | TotalTime=1916.06s | Method=feddenoise_v2
[Round 040/100] Acc=61.310 | Pure=94.599 | RoundTime=47.67s | TotalTime=1963.73s | Method=feddenoise_v2
[Round 041/100] Acc=68.010 | Pure=93.059 | RoundTime=36.67s | TotalTime=2000.40s | Method=feddenoise_v2
[Round 042/100] Acc=68.560 | Pure=93.375 | RoundTime=36.75s | TotalTime=2037.15s | Method=feddenoise_v2
[Round 043/100] Acc=66.630 | Pure=93.577 | RoundTime=35.55s | TotalTime=2072.70s | Method=feddenoise_v2
[Round 044/100] Acc=70.060 | Pure=92.970 | RoundTime=37.67s | TotalTime=2110.37s | Method=feddenoise_v2
[Round 045/100] Acc=66.080 | Pure=93.931 | RoundTime=38.01s | TotalTime=2148.38s | Method=feddenoise_v2
[Round 046/100] Acc=65.110 | Pure=94.243 | RoundTime=37.19s | TotalTime=2185.57s | Method=feddenoise_v2
[Round 047/100] Acc=68.340 | Pure=93.684 | RoundTime=35.95s | TotalTime=2221.52s | Method=feddenoise_v2
[Round 048/100] Acc=69.950 | Pure=93.161 | RoundTime=35.83s | TotalTime=2257.36s | Method=feddenoise_v2
[Round 049/100] Acc=67.880 | Pure=93.247 | RoundTime=37.57s | TotalTime=2294.92s | Method=feddenoise_v2
[Round 050/100] Acc=67.750 | Pure=93.315 | RoundTime=38.64s | TotalTime=2333.56s | Method=feddenoise_v2
[Round 051/100] Acc=65.860 | Pure=93.906 | RoundTime=37.11s | TotalTime=2370.68s | Method=feddenoise_v2
[Round 052/100] Acc=69.140 | Pure=93.810 | RoundTime=36.91s | TotalTime=2407.58s | Method=feddenoise_v2
[Round 053/100] Acc=73.380 | Pure=92.858 | RoundTime=35.31s | TotalTime=2442.89s | Method=feddenoise_v2
[Round 054/100] Acc=72.960 | Pure=93.048 | RoundTime=35.63s | TotalTime=2478.52s | Method=feddenoise_v2
[Round 055/100] Acc=63.180 | Pure=94.627 | RoundTime=36.58s | TotalTime=2515.10s | Method=feddenoise_v2
[Round 056/100] Acc=74.370 | Pure=92.699 | RoundTime=37.98s | TotalTime=2553.08s | Method=feddenoise_v2
[Round 057/100] Acc=70.060 | Pure=92.697 | RoundTime=38.12s | TotalTime=2591.20s | Method=feddenoise_v2
[Round 058/100] Acc=72.730 | Pure=93.316 | RoundTime=36.83s | TotalTime=2628.02s | Method=feddenoise_v2
[Round 059/100] Acc=68.770 | Pure=94.260 | RoundTime=35.39s | TotalTime=2663.41s | Method=feddenoise_v2
[Round 060/100] Acc=67.060 | Pure=94.880 | RoundTime=36.65s | TotalTime=2700.06s | Method=feddenoise_v2
[Round 061/100] Acc=72.090 | Pure=93.575 | RoundTime=36.49s | TotalTime=2736.55s | Method=feddenoise_v2
[Round 062/100] Acc=70.390 | Pure=94.308 | RoundTime=36.50s | TotalTime=2773.05s | Method=feddenoise_v2
[Round 063/100] Acc=71.130 | Pure=93.654 | RoundTime=37.81s | TotalTime=2810.85s | Method=feddenoise_v2
[Round 064/100] Acc=69.280 | Pure=94.652 | RoundTime=35.67s | TotalTime=2846.53s | Method=feddenoise_v2
[Round 065/100] Acc=71.240 | Pure=93.928 | RoundTime=37.46s | TotalTime=2883.99s | Method=feddenoise_v2
[Round 066/100] Acc=74.660 | Pure=93.150 | RoundTime=37.72s | TotalTime=2921.71s | Method=feddenoise_v2
[Round 067/100] Acc=72.170 | Pure=94.863 | RoundTime=38.61s | TotalTime=2960.32s | Method=feddenoise_v2
[Round 068/100] Acc=71.490 | Pure=94.165 | RoundTime=37.99s | TotalTime=2998.30s | Method=feddenoise_v2
[Round 069/100] Acc=72.530 | Pure=95.019 | RoundTime=35.05s | TotalTime=3033.35s | Method=feddenoise_v2
[Round 070/100] Acc=73.370 | Pure=93.890 | RoundTime=36.61s | TotalTime=3069.97s | Method=feddenoise_v2
[Round 071/100] Acc=72.720 | Pure=95.246 | RoundTime=38.05s | TotalTime=3108.02s | Method=feddenoise_v2
[Round 072/100] Acc=72.130 | Pure=94.899 | RoundTime=34.93s | TotalTime=3142.95s | Method=feddenoise_v2
[Round 073/100] Acc=72.200 | Pure=94.834 | RoundTime=36.74s | TotalTime=3179.69s | Method=feddenoise_v2
[Round 074/100] Acc=75.080 | Pure=95.552 | RoundTime=35.96s | TotalTime=3215.65s | Method=feddenoise_v2
[Round 075/100] Acc=75.910 | Pure=94.562 | RoundTime=37.01s | TotalTime=3252.66s | Method=feddenoise_v2
[Round 076/100] Acc=72.650 | Pure=94.499 | RoundTime=36.94s | TotalTime=3289.61s | Method=feddenoise_v2
[Round 077/100] Acc=75.530 | Pure=95.369 | RoundTime=36.95s | TotalTime=3326.55s | Method=feddenoise_v2
[Round 078/100] Acc=73.930 | Pure=95.002 | RoundTime=38.92s | TotalTime=3365.48s | Method=feddenoise_v2
[Round 079/100] Acc=72.970 | Pure=93.578 | RoundTime=35.27s | TotalTime=3400.75s | Method=feddenoise_v2
[Round 080/100] Acc=74.680 | Pure=95.111 | RoundTime=37.63s | TotalTime=3438.37s | Method=feddenoise_v2
[Round 081/100] Acc=76.780 | Pure=92.694 | RoundTime=37.70s | TotalTime=3476.07s | Method=feddenoise_v2
[Round 082/100] Acc=71.980 | Pure=94.079 | RoundTime=36.27s | TotalTime=3512.34s | Method=feddenoise_v2
[Round 083/100] Acc=75.770 | Pure=94.143 | RoundTime=35.95s | TotalTime=3548.30s | Method=feddenoise_v2
[Round 084/100] Acc=73.970 | Pure=93.324 | RoundTime=36.99s | TotalTime=3585.29s | Method=feddenoise_v2
[Round 085/100] Acc=74.300 | Pure=93.996 | RoundTime=37.18s | TotalTime=3622.46s | Method=feddenoise_v2
[Round 086/100] Acc=76.340 | Pure=93.422 | RoundTime=36.89s | TotalTime=3659.35s | Method=feddenoise_v2
[Round 087/100] Acc=75.140 | Pure=94.336 | RoundTime=37.56s | TotalTime=3696.92s | Method=feddenoise_v2
[Round 088/100] Acc=76.930 | Pure=93.154 | RoundTime=36.02s | TotalTime=3732.93s | Method=feddenoise_v2
[Round 089/100] Acc=72.600 | Pure=93.559 | RoundTime=35.09s | TotalTime=3768.02s | Method=feddenoise_v2
[Round 090/100] Acc=74.930 | Pure=94.443 | RoundTime=36.65s | TotalTime=3804.68s | Method=feddenoise_v2
[Round 091/100] Acc=69.960 | Pure=95.362 | RoundTime=36.16s | TotalTime=3840.83s | Method=feddenoise_v2
[Round 092/100] Acc=72.230 | Pure=94.217 | RoundTime=36.49s | TotalTime=3877.33s | Method=feddenoise_v2
[Round 093/100] Acc=75.010 | Pure=94.704 | RoundTime=36.09s | TotalTime=3913.42s | Method=feddenoise_v2
[Round 094/100] Acc=72.610 | Pure=95.250 | RoundTime=36.86s | TotalTime=3950.28s | Method=feddenoise_v2
[Round 095/100] Acc=73.060 | Pure=94.836 | RoundTime=37.22s | TotalTime=3987.50s | Method=feddenoise_v2
[Round 096/100] Acc=74.180 | Pure=94.044 | RoundTime=37.54s | TotalTime=4025.04s | Method=feddenoise_v2
[Round 097/100] Acc=73.440 | Pure=95.091 | RoundTime=36.67s | TotalTime=4061.72s | Method=feddenoise_v2
[Round 098/100] Acc=76.960 | Pure=94.216 | RoundTime=35.68s | TotalTime=4097.40s | Method=feddenoise_v2
[Round 099/100] Acc=75.830 | Pure=94.755 | RoundTime=36.18s | TotalTime=4133.58s | Method=feddenoise_v2
[Round 100/100] Acc=76.410 | Pure=94.479 | RoundTime=31.47s | TotalTime=4165.05s | Method=feddenoise_v2
====================================================================================================
Training finished at: 2026-04-01 11:06:57
Total elapsed time: 4165.05s
Final Acc: 76.410
Best Acc : 76.960
Final Pure: 94.479
Best Pure : 95.552
====================================================================================================
