====================================================================================================
Training started at: 2026-03-30 11:18:21
Result directory: results/fl_cifar10/fedcda/pm-dir_a-0.1_nm-uni_nr-0.4_nt-symmetric_st-least_sim_dr-0.5
Result txt file : results/fl_cifar10/fedcda/pm-dir_a-0.1_nm-uni_nr-0.4_nt-symmetric_st-least_sim_dr-0.5/fedcda_fl_cifar10_20260330-111821-640475_pid2209661.txt
Result log file : results/fl_cifar10/fedcda/pm-dir_a-0.1_nm-uni_nr-0.4_nt-symmetric_st-least_sim_dr-0.5/fedcda_fl_cifar10_20260330-111821-640475_pid2209661.log
----------------------------------------------------------------------------------------------------
Model: fedcda
Dataset: fl_cifar10
Structure: homogeneity
Participants: 100
Online ratio: 0.1
Communication epochs: 100
Local epoch: 10
Local batch size: 40
Local lr: 0.01
Partition mode: dirichlet
Dirichlet alpha: 0.1
Noise mode: uniform
Noise rate: 0.4
Noise type: symmetric
Noise max: 0.3
Denoise score alpha: 0.5
Drop rate: 0.5
Denoise strategy: least_sim
FedProx mu: 0.01
FedRDN std: 0.01
FedCDA history size: NA
FedGLoSS beta: 0.01
Averaging: weight
Seed: 0
====================================================================================================
[Round 001/100] Acc=10.000 | RoundTime=25.21s | TotalTime=25.21s | Method=fedcda
[Round 002/100] Acc=10.000 | RoundTime=24.99s | TotalTime=50.20s | Method=fedcda
[Round 003/100] Acc=18.970 | RoundTime=24.87s | TotalTime=75.07s | Method=fedcda
[Round 004/100] Acc=11.890 | RoundTime=25.25s | TotalTime=100.32s | Method=fedcda
[Round 005/100] Acc=18.400 | RoundTime=25.41s | TotalTime=125.73s | Method=fedcda
[Round 006/100] Acc=22.200 | RoundTime=26.32s | TotalTime=152.05s | Method=fedcda
[Round 007/100] Acc=20.680 | RoundTime=25.17s | TotalTime=177.22s | Method=fedcda
[Round 008/100] Acc=22.600 | RoundTime=24.95s | TotalTime=202.17s | Method=fedcda
[Round 009/100] Acc=19.980 | RoundTime=25.11s | TotalTime=227.28s | Method=fedcda
[Round 010/100] Acc=20.210 | RoundTime=25.55s | TotalTime=252.83s | Method=fedcda
[Round 011/100] Acc=17.330 | RoundTime=27.09s | TotalTime=279.93s | Method=fedcda
[Round 012/100] Acc=14.680 | RoundTime=26.29s | TotalTime=306.21s | Method=fedcda
