========================================================================================================================
Training started at: 2026-04-10 21:04:12
Result directory: results/fl_svhn/fedcda/pm-dir_a-0.3_nm-uni_nr-0.5_nt-symmetric_hs-3_bn-3_wr-30_L-1.0
Result txt file : results/fl_svhn/fedcda/pm-dir_a-0.3_nm-uni_nr-0.5_nt-symmetric_hs-3_bn-3_wr-30_L-1.0/fedcda_fl_svhn_20260410-210412-109108_pid928443.txt
Result log file : results/fl_svhn/fedcda/pm-dir_a-0.3_nm-uni_nr-0.5_nt-symmetric_hs-3_bn-3_wr-30_L-1.0/fedcda_fl_svhn_20260410-210412-109108_pid928443.log
------------------------------------------------------------------------------------------------------------------------
Model: fedcda
Dataset: fl_svhn
Structure: homogeneity
Participants: 10
Online ratio: 1.0
Communication epochs: 100
Local epoch: 5
Local batch size: 64
Local lr: 0.01
Partition mode: dirichlet
Dirichlet alpha: 0.3
Noise mode: uniform
Noise rate: 0.5
Noise type: symmetric
Noise max: 0.3
Averaging: weight
Seed: 0
FedCDA history size: 3
FedCDA batch num: 3
FedCDA warmup round: 30
FedCDA L: 1.0
========================================================================================================================
[Round 001/100] Phase=standard | Stage=warmup | Acc=9.690 | RoundTime=186.22s | TotalTime=186.22s | Method=fedcda
[Round 002/100] Phase=standard | Stage=warmup | Acc=27.720 | RoundTime=185.92s | TotalTime=372.16s | Method=fedcda
[Round 003/100] Phase=standard | Stage=warmup | Acc=34.390 | RoundTime=184.00s | TotalTime=556.17s | Method=fedcda
[Round 004/100] Phase=standard | Stage=warmup | Acc=57.170 | RoundTime=185.32s | TotalTime=741.50s | Method=fedcda
[Round 005/100] Phase=standard | Stage=warmup | Acc=67.180 | RoundTime=184.65s | TotalTime=926.16s | Method=fedcda
[Round 006/100] Phase=standard | Stage=warmup | Acc=54.190 | RoundTime=184.64s | TotalTime=1110.81s | Method=fedcda
[Round 007/100] Phase=standard | Stage=warmup | Acc=40.320 | RoundTime=183.44s | TotalTime=1294.26s | Method=fedcda
[Round 008/100] Phase=standard | Stage=warmup | Acc=42.190 | RoundTime=185.09s | TotalTime=1479.36s | Method=fedcda
[Round 009/100] Phase=standard | Stage=warmup | Acc=38.190 | RoundTime=183.68s | TotalTime=1663.06s | Method=fedcda
[Round 010/100] Phase=standard | Stage=warmup | Acc=34.490 | RoundTime=184.86s | TotalTime=1847.92s | Method=fedcda
[Round 011/100] Phase=standard | Stage=warmup | Acc=37.800 | RoundTime=182.81s | TotalTime=2030.74s | Method=fedcda
[Round 012/100] Phase=standard | Stage=warmup | Acc=35.240 | RoundTime=184.65s | TotalTime=2215.40s | Method=fedcda
[Round 013/100] Phase=standard | Stage=warmup | Acc=41.970 | RoundTime=185.01s | TotalTime=2400.43s | Method=fedcda
[Round 014/100] Phase=standard | Stage=warmup | Acc=41.380 | RoundTime=182.88s | TotalTime=2583.32s | Method=fedcda
[Round 015/100] Phase=standard | Stage=warmup | Acc=42.350 | RoundTime=183.53s | TotalTime=2766.86s | Method=fedcda
[Round 016/100] Phase=standard | Stage=warmup | Acc=33.290 | RoundTime=184.00s | TotalTime=2950.87s | Method=fedcda
[Round 017/100] Phase=standard | Stage=warmup | Acc=38.080 | RoundTime=184.07s | TotalTime=3134.95s | Method=fedcda
[Round 018/100] Phase=standard | Stage=warmup | Acc=35.770 | RoundTime=184.20s | TotalTime=3319.16s | Method=fedcda
[Round 019/100] Phase=standard | Stage=warmup | Acc=33.740 | RoundTime=183.52s | TotalTime=3502.69s | Method=fedcda
[Round 020/100] Phase=standard | Stage=warmup | Acc=41.130 | RoundTime=184.76s | TotalTime=3687.46s | Method=fedcda
