====================================================================================================
Training started at: 2026-03-31 11:21:42
Result directory: results/fl_cifar10/fedcda/pm-dir_a-0.5_nm-uni_nr-0.2_nt-symmetric_st-least_sim_dr-0.45
Result txt file : results/fl_cifar10/fedcda/pm-dir_a-0.5_nm-uni_nr-0.2_nt-symmetric_st-least_sim_dr-0.45/fedcda_fl_cifar10_20260331-112142-667843_pid1222915.txt
Result log file : results/fl_cifar10/fedcda/pm-dir_a-0.5_nm-uni_nr-0.2_nt-symmetric_st-least_sim_dr-0.45/fedcda_fl_cifar10_20260331-112142-667843_pid1222915.log
----------------------------------------------------------------------------------------------------
Model: fedcda
Dataset: fl_cifar10
Structure: homogeneity
Participants: 100
Online ratio: 0.1
Communication epochs: 100
Local epoch: 10
Local batch size: 60
Local lr: 0.01
Partition mode: dirichlet
Dirichlet alpha: 0.5
Noise mode: uniform
Noise rate: 0.2
Noise type: symmetric
Noise max: 0.3
Denoise score alpha: 0.5
Drop rate: 0.45
Denoise strategy: least_sim
FedProx mu: 0.01
FedRDN std: 0.01
FedCDA history size: NA
FedGLoSS beta: 0.01
Averaging: weight
Seed: 0
====================================================================================================
[Round 001/100] Acc=10.000 | RoundTime=24.81s | TotalTime=24.81s | Method=fedcda
[Round 002/100] Acc=23.440 | RoundTime=24.44s | TotalTime=49.25s | Method=fedcda
[Round 003/100] Acc=20.230 | RoundTime=25.67s | TotalTime=74.92s | Method=fedcda
[Round 004/100] Acc=35.370 | RoundTime=24.41s | TotalTime=99.33s | Method=fedcda
[Round 005/100] Acc=35.920 | RoundTime=25.79s | TotalTime=125.12s | Method=fedcda
[Round 006/100] Acc=42.450 | RoundTime=25.28s | TotalTime=150.40s | Method=fedcda
[Round 007/100] Acc=39.750 | RoundTime=25.14s | TotalTime=175.54s | Method=fedcda
[Round 008/100] Acc=36.790 | RoundTime=27.09s | TotalTime=202.63s | Method=fedcda
[Round 009/100] Acc=42.840 | RoundTime=25.70s | TotalTime=228.33s | Method=fedcda
[Round 010/100] Acc=38.310 | RoundTime=26.48s | TotalTime=254.81s | Method=fedcda
[Round 011/100] Acc=45.560 | RoundTime=27.94s | TotalTime=282.76s | Method=fedcda
