====================================================================================================
Training started at: 2026-04-01 08:14:03
Result directory: results/fl_cifar100/feddenoise_v2/pm-dir_a-0.1_nm-uni_nr-0.3_nt-symmetric_st-least_sim_dr-0.35
Result txt file : results/fl_cifar100/feddenoise_v2/pm-dir_a-0.1_nm-uni_nr-0.3_nt-symmetric_st-least_sim_dr-0.35/feddenoise_v2_fl_cifar100_20260401-081403-826583_pid242367.txt
Result log file : results/fl_cifar100/feddenoise_v2/pm-dir_a-0.1_nm-uni_nr-0.3_nt-symmetric_st-least_sim_dr-0.35/feddenoise_v2_fl_cifar100_20260401-081403-826583_pid242367.log
----------------------------------------------------------------------------------------------------
Model: feddenoise_v2
Dataset: fl_cifar100
Structure: homogeneity
Participants: 100
Online ratio: 0.1
Communication epochs: 100
Local epoch: 10
Local batch size: 32
Local lr: 0.1
Partition mode: dirichlet
Dirichlet alpha: 0.1
Noise mode: uniform
Noise rate: 0.3
Noise type: symmetric
Noise max: 0.3
Denoise score alpha: 0.5
Drop rate: 0.35
Denoise strategy: least_sim
FedProx mu: 0.01
FedRDN std: 0.01
FedCDA history size: NA
FedGLoSS beta: 0.01
Averaging: weight
Seed: 0
====================================================================================================
[Round 001/100] Acc=1.000 | Pure=70.007 | RoundTime=34.64s | TotalTime=34.64s | Method=feddenoise_v2
[Round 002/100] Acc=1.000 | Pure=70.005 | RoundTime=36.34s | TotalTime=70.97s | Method=feddenoise_v2
[Round 003/100] Acc=1.110 | Pure=69.972 | RoundTime=34.81s | TotalTime=105.78s | Method=feddenoise_v2
[Round 004/100] Acc=4.310 | Pure=70.043 | RoundTime=34.42s | TotalTime=140.20s | Method=feddenoise_v2
[Round 005/100] Acc=4.550 | Pure=70.028 | RoundTime=34.57s | TotalTime=174.77s | Method=feddenoise_v2
[Round 006/100] Acc=5.500 | Pure=69.992 | RoundTime=34.61s | TotalTime=209.38s | Method=feddenoise_v2
[Round 007/100] Acc=6.630 | Pure=69.988 | RoundTime=35.68s | TotalTime=245.05s | Method=feddenoise_v2
[Round 008/100] Acc=7.940 | Pure=70.018 | RoundTime=34.53s | TotalTime=279.58s | Method=feddenoise_v2
[Round 009/100] Acc=6.440 | Pure=69.968 | RoundTime=35.72s | TotalTime=315.30s | Method=feddenoise_v2
[Round 010/100] Acc=8.300 | Pure=70.026 | RoundTime=36.57s | TotalTime=351.87s | Method=feddenoise_v2
[Round 011/100] Acc=9.520 | Pure=79.012 | RoundTime=54.39s | TotalTime=406.27s | Method=feddenoise_v2
[Round 012/100] Acc=10.080 | Pure=77.763 | RoundTime=54.09s | TotalTime=460.35s | Method=feddenoise_v2
[Round 013/100] Acc=10.360 | Pure=77.659 | RoundTime=54.50s | TotalTime=514.85s | Method=feddenoise_v2
[Round 014/100] Acc=11.040 | Pure=76.899 | RoundTime=53.77s | TotalTime=568.62s | Method=feddenoise_v2
[Round 015/100] Acc=11.300 | Pure=76.513 | RoundTime=54.23s | TotalTime=622.85s | Method=feddenoise_v2
[Round 016/100] Acc=11.830 | Pure=77.898 | RoundTime=55.24s | TotalTime=678.08s | Method=feddenoise_v2
[Round 017/100] Acc=13.770 | Pure=76.748 | RoundTime=54.03s | TotalTime=732.11s | Method=feddenoise_v2
[Round 018/100] Acc=14.320 | Pure=78.083 | RoundTime=54.48s | TotalTime=786.59s | Method=feddenoise_v2
[Round 019/100] Acc=13.190 | Pure=78.088 | RoundTime=54.18s | TotalTime=840.78s | Method=feddenoise_v2
[Round 020/100] Acc=14.200 | Pure=78.176 | RoundTime=56.45s | TotalTime=897.23s | Method=feddenoise_v2
[Round 021/100] Acc=14.940 | Pure=80.707 | RoundTime=48.70s | TotalTime=945.93s | Method=feddenoise_v2
[Round 022/100] Acc=15.270 | Pure=81.310 | RoundTime=49.08s | TotalTime=995.01s | Method=feddenoise_v2
[Round 023/100] Acc=15.900 | Pure=80.256 | RoundTime=49.56s | TotalTime=1044.56s | Method=feddenoise_v2
[Round 024/100] Acc=15.100 | Pure=79.513 | RoundTime=48.98s | TotalTime=1093.55s | Method=feddenoise_v2
[Round 025/100] Acc=15.990 | Pure=81.429 | RoundTime=48.29s | TotalTime=1141.84s | Method=feddenoise_v2
[Round 026/100] Acc=17.310 | Pure=79.008 | RoundTime=48.52s | TotalTime=1190.35s | Method=feddenoise_v2
[Round 027/100] Acc=16.100 | Pure=80.130 | RoundTime=48.18s | TotalTime=1238.53s | Method=feddenoise_v2
[Round 028/100] Acc=17.370 | Pure=80.508 | RoundTime=48.31s | TotalTime=1286.85s | Method=feddenoise_v2
[Round 029/100] Acc=17.840 | Pure=79.765 | RoundTime=47.85s | TotalTime=1334.70s | Method=feddenoise_v2
[Round 030/100] Acc=17.980 | Pure=78.808 | RoundTime=48.29s | TotalTime=1382.99s | Method=feddenoise_v2
[Round 031/100] Acc=17.550 | Pure=79.440 | RoundTime=42.52s | TotalTime=1425.52s | Method=feddenoise_v2
[Round 032/100] Acc=17.580 | Pure=80.992 | RoundTime=42.89s | TotalTime=1468.41s | Method=feddenoise_v2
[Round 033/100] Acc=17.250 | Pure=80.698 | RoundTime=42.05s | TotalTime=1510.46s | Method=feddenoise_v2
[Round 034/100] Acc=18.910 | Pure=80.411 | RoundTime=43.08s | TotalTime=1553.54s | Method=feddenoise_v2
[Round 035/100] Acc=19.550 | Pure=79.691 | RoundTime=43.36s | TotalTime=1596.90s | Method=feddenoise_v2
[Round 036/100] Acc=19.470 | Pure=79.516 | RoundTime=43.65s | TotalTime=1640.56s | Method=feddenoise_v2
[Round 037/100] Acc=20.250 | Pure=81.885 | RoundTime=43.15s | TotalTime=1683.71s | Method=feddenoise_v2
[Round 038/100] Acc=19.940 | Pure=80.834 | RoundTime=43.40s | TotalTime=1727.10s | Method=feddenoise_v2
[Round 039/100] Acc=20.400 | Pure=80.964 | RoundTime=43.34s | TotalTime=1770.44s | Method=feddenoise_v2
[Round 040/100] Acc=20.480 | Pure=79.530 | RoundTime=42.90s | TotalTime=1813.34s | Method=feddenoise_v2
[Round 041/100] Acc=21.700 | Pure=80.580 | RoundTime=38.72s | TotalTime=1852.06s | Method=feddenoise_v2
[Round 042/100] Acc=20.280 | Pure=79.195 | RoundTime=38.83s | TotalTime=1890.89s | Method=feddenoise_v2
[Round 043/100] Acc=20.590 | Pure=80.011 | RoundTime=38.34s | TotalTime=1929.23s | Method=feddenoise_v2
[Round 044/100] Acc=21.940 | Pure=80.000 | RoundTime=38.75s | TotalTime=1967.99s | Method=feddenoise_v2
[Round 045/100] Acc=21.980 | Pure=81.129 | RoundTime=38.34s | TotalTime=2006.33s | Method=feddenoise_v2
[Round 046/100] Acc=20.520 | Pure=79.068 | RoundTime=38.30s | TotalTime=2044.63s | Method=feddenoise_v2
[Round 047/100] Acc=21.100 | Pure=79.057 | RoundTime=38.74s | TotalTime=2083.37s | Method=feddenoise_v2
[Round 048/100] Acc=21.950 | Pure=79.057 | RoundTime=38.39s | TotalTime=2121.75s | Method=feddenoise_v2
[Round 049/100] Acc=21.300 | Pure=79.965 | RoundTime=38.61s | TotalTime=2160.36s | Method=feddenoise_v2
[Round 050/100] Acc=22.410 | Pure=79.569 | RoundTime=40.73s | TotalTime=2201.10s | Method=feddenoise_v2
[Round 051/100] Acc=21.880 | Pure=79.218 | RoundTime=49.16s | TotalTime=2250.25s | Method=feddenoise_v2
[Round 052/100] Acc=21.900 | Pure=77.882 | RoundTime=57.32s | TotalTime=2307.58s | Method=feddenoise_v2
[Round 053/100] Acc=22.030 | Pure=79.249 | RoundTime=42.05s | TotalTime=2349.63s | Method=feddenoise_v2
[Round 054/100] Acc=22.430 | Pure=79.936 | RoundTime=38.95s | TotalTime=2388.58s | Method=feddenoise_v2
[Round 055/100] Acc=23.220 | Pure=80.035 | RoundTime=38.97s | TotalTime=2427.55s | Method=feddenoise_v2
[Round 056/100] Acc=21.890 | Pure=79.110 | RoundTime=39.05s | TotalTime=2466.60s | Method=feddenoise_v2
[Round 057/100] Acc=22.670 | Pure=79.641 | RoundTime=38.66s | TotalTime=2505.27s | Method=feddenoise_v2
[Round 058/100] Acc=22.150 | Pure=78.272 | RoundTime=38.96s | TotalTime=2544.23s | Method=feddenoise_v2
[Round 059/100] Acc=22.390 | Pure=79.782 | RoundTime=39.36s | TotalTime=2583.59s | Method=feddenoise_v2
[Round 060/100] Acc=22.760 | Pure=78.720 | RoundTime=38.87s | TotalTime=2622.45s | Method=feddenoise_v2
[Round 061/100] Acc=21.910 | Pure=78.654 | RoundTime=39.13s | TotalTime=2661.58s | Method=feddenoise_v2
[Round 062/100] Acc=23.480 | Pure=79.196 | RoundTime=39.33s | TotalTime=2700.91s | Method=feddenoise_v2
[Round 063/100] Acc=23.320 | Pure=81.153 | RoundTime=38.64s | TotalTime=2739.55s | Method=feddenoise_v2
[Round 064/100] Acc=22.860 | Pure=79.817 | RoundTime=38.76s | TotalTime=2778.32s | Method=feddenoise_v2
[Round 065/100] Acc=22.940 | Pure=80.019 | RoundTime=39.05s | TotalTime=2817.37s | Method=feddenoise_v2
[Round 066/100] Acc=23.850 | Pure=81.090 | RoundTime=39.35s | TotalTime=2856.72s | Method=feddenoise_v2
[Round 067/100] Acc=23.890 | Pure=80.061 | RoundTime=38.96s | TotalTime=2895.68s | Method=feddenoise_v2
[Round 068/100] Acc=23.890 | Pure=80.033 | RoundTime=38.73s | TotalTime=2934.41s | Method=feddenoise_v2
[Round 069/100] Acc=23.690 | Pure=78.095 | RoundTime=39.71s | TotalTime=2974.12s | Method=feddenoise_v2
[Round 070/100] Acc=23.950 | Pure=80.702 | RoundTime=44.42s | TotalTime=3018.54s | Method=feddenoise_v2
[Round 071/100] Acc=24.050 | Pure=80.228 | RoundTime=56.85s | TotalTime=3075.39s | Method=feddenoise_v2
[Round 072/100] Acc=23.310 | Pure=79.469 | RoundTime=47.21s | TotalTime=3122.60s | Method=feddenoise_v2
[Round 073/100] Acc=23.530 | Pure=80.013 | RoundTime=38.98s | TotalTime=3161.58s | Method=feddenoise_v2
[Round 074/100] Acc=24.650 | Pure=79.783 | RoundTime=39.10s | TotalTime=3200.68s | Method=feddenoise_v2
[Round 075/100] Acc=23.950 | Pure=79.837 | RoundTime=39.12s | TotalTime=3239.80s | Method=feddenoise_v2
[Round 076/100] Acc=23.170 | Pure=80.240 | RoundTime=39.63s | TotalTime=3279.44s | Method=feddenoise_v2
[Round 077/100] Acc=24.610 | Pure=79.560 | RoundTime=39.07s | TotalTime=3318.51s | Method=feddenoise_v2
[Round 078/100] Acc=23.840 | Pure=80.068 | RoundTime=40.48s | TotalTime=3358.99s | Method=feddenoise_v2
[Round 079/100] Acc=24.110 | Pure=79.533 | RoundTime=44.38s | TotalTime=3403.38s | Method=feddenoise_v2
[Round 080/100] Acc=24.940 | Pure=78.884 | RoundTime=51.12s | TotalTime=3454.50s | Method=feddenoise_v2
[Round 081/100] Acc=24.940 | Pure=80.230 | RoundTime=48.16s | TotalTime=3502.67s | Method=feddenoise_v2
[Round 082/100] Acc=25.520 | Pure=80.351 | RoundTime=38.54s | TotalTime=3541.20s | Method=feddenoise_v2
[Round 083/100] Acc=25.170 | Pure=80.468 | RoundTime=39.22s | TotalTime=3580.42s | Method=feddenoise_v2
[Round 084/100] Acc=25.250 | Pure=80.549 | RoundTime=39.25s | TotalTime=3619.67s | Method=feddenoise_v2
[Round 085/100] Acc=24.920 | Pure=80.326 | RoundTime=38.99s | TotalTime=3658.66s | Method=feddenoise_v2
[Round 086/100] Acc=26.100 | Pure=80.156 | RoundTime=38.74s | TotalTime=3697.41s | Method=feddenoise_v2
[Round 087/100] Acc=25.830 | Pure=79.581 | RoundTime=40.94s | TotalTime=3738.35s | Method=feddenoise_v2
[Round 088/100] Acc=25.940 | Pure=80.092 | RoundTime=42.41s | TotalTime=3780.76s | Method=feddenoise_v2
[Round 089/100] Acc=25.350 | Pure=79.092 | RoundTime=42.82s | TotalTime=3823.58s | Method=feddenoise_v2
[Round 090/100] Acc=25.740 | Pure=80.309 | RoundTime=43.80s | TotalTime=3867.39s | Method=feddenoise_v2
[Round 091/100] Acc=25.480 | Pure=79.909 | RoundTime=42.94s | TotalTime=3910.33s | Method=feddenoise_v2
[Round 092/100] Acc=25.190 | Pure=79.866 | RoundTime=39.53s | TotalTime=3949.87s | Method=feddenoise_v2
[Round 093/100] Acc=24.900 | Pure=80.120 | RoundTime=38.82s | TotalTime=3988.69s | Method=feddenoise_v2
[Round 094/100] Acc=24.900 | Pure=80.447 | RoundTime=38.78s | TotalTime=4027.47s | Method=feddenoise_v2
[Round 095/100] Acc=25.530 | Pure=81.340 | RoundTime=39.89s | TotalTime=4067.36s | Method=feddenoise_v2
[Round 096/100] Acc=25.140 | Pure=80.022 | RoundTime=42.62s | TotalTime=4109.99s | Method=feddenoise_v2
[Round 097/100] Acc=25.700 | Pure=81.179 | RoundTime=42.94s | TotalTime=4152.92s | Method=feddenoise_v2
[Round 098/100] Acc=25.740 | Pure=79.551 | RoundTime=43.44s | TotalTime=4196.36s | Method=feddenoise_v2
[Round 099/100] Acc=26.360 | Pure=81.310 | RoundTime=42.24s | TotalTime=4238.61s | Method=feddenoise_v2
[Round 100/100] Acc=25.840 | Pure=80.049 | RoundTime=39.72s | TotalTime=4278.33s | Method=feddenoise_v2
====================================================================================================
Training finished at: 2026-04-01 09:25:22
Total elapsed time: 4278.33s
Final Acc: 25.840
Best Acc : 26.360
Final Pure: 80.049
Best Pure : 81.885
====================================================================================================
