====================================================================================================
Training started at: 2026-03-30 00:43:02
Result directory: results/fl_cifar10/fedcda/pm-dir_a-0.1_nm-uni_nr-0.1_nt-symmetric_st-least_sim_dr-0.15
Result txt file : results/fl_cifar10/fedcda/pm-dir_a-0.1_nm-uni_nr-0.1_nt-symmetric_st-least_sim_dr-0.15/fedcda_fl_cifar10_20260330-004302-921116_pid1050366.txt
Result log file : results/fl_cifar10/fedcda/pm-dir_a-0.1_nm-uni_nr-0.1_nt-symmetric_st-least_sim_dr-0.15/fedcda_fl_cifar10_20260330-004302-921116_pid1050366.log
----------------------------------------------------------------------------------------------------
Model: fedcda
Dataset: fl_cifar10
Structure: homogeneity
Participants: 100
Online ratio: 0.1
Communication epochs: 100
Local epoch: 10
Local batch size: 40
Local lr: 0.01
Partition mode: dirichlet
Dirichlet alpha: 0.1
Noise mode: uniform
Noise rate: 0.1
Noise type: symmetric
Noise max: 0.3
Denoise score alpha: 0.5
Drop rate: 0.15
Denoise strategy: least_sim
FedProx mu: 0.01
FedRDN std: 0.01
FedCDA history size: NA
FedGLoSS beta: 0.01
Averaging: weight
Seed: 0
====================================================================================================
[Round 001/100] Acc=10.000 | RoundTime=26.92s | TotalTime=26.92s | Method=fedcda
[Round 002/100] Acc=15.000 | RoundTime=25.69s | TotalTime=52.62s | Method=fedcda
[Round 003/100] Acc=19.390 | RoundTime=27.06s | TotalTime=79.68s | Method=fedcda
[Round 004/100] Acc=24.370 | RoundTime=27.15s | TotalTime=106.83s | Method=fedcda
[Round 005/100] Acc=16.570 | RoundTime=27.14s | TotalTime=133.97s | Method=fedcda
[Round 006/100] Acc=26.900 | RoundTime=27.29s | TotalTime=161.26s | Method=fedcda
[Round 007/100] Acc=24.530 | RoundTime=27.26s | TotalTime=188.51s | Method=fedcda
[Round 008/100] Acc=28.320 | RoundTime=26.94s | TotalTime=215.46s | Method=fedcda
[Round 009/100] Acc=25.330 | RoundTime=27.86s | TotalTime=243.32s | Method=fedcda
[Round 010/100] Acc=21.150 | RoundTime=27.39s | TotalTime=270.71s | Method=fedcda
[Round 011/100] Acc=29.800 | RoundTime=28.97s | TotalTime=299.68s | Method=fedcda
[Round 012/100] Acc=25.200 | RoundTime=26.55s | TotalTime=326.24s | Method=fedcda
