[Launch] model=feddenoise_v3 | dataset=fl_svhn | clients=10 | rounds=96 | local_epoch=1 | batch_size=64 | noise_mode=uniform | noise_value=0.3
Using downloaded and verified file: /mnt/workspace/shiyl/CodeScout/test/kiwi/DenoiseFL/data/train_32x32.mat
Using downloaded and verified file: /mnt/workspace/shiyl/CodeScout/test/kiwi/DenoiseFL/data/test_32x32.mat
mean: 7325.7
std: 0.45825756949558405
Data statistics: {0: {0: 448, 1: 2004, 2: 1469, 3: 617, 4: 1559, 5: 222, 6: 271, 7: 248, 8: 227, 9: 261}, 1: {0: 319, 1: 295, 2: 669, 3: 1522, 4: 277, 5: 446, 6: 577, 7: 726, 8: 1100, 9: 1395}, 2: {0: 310, 1: 321, 2: 400, 3: 313, 4: 255, 5: 825, 6: 482, 7: 943, 8: 1335, 9: 2142}, 3: {0: 352, 1: 937, 2: 259, 3: 326, 4: 469, 5: 1543, 6: 308, 7: 1118, 8: 1659, 9: 355}, 4: {0: 2308, 1: 325, 2: 1182, 3: 2080, 4: 241, 5: 230, 6: 250, 7: 212, 8: 242, 9: 256}, 5: {0: 241, 1: 1087, 2: 589, 3: 304, 4: 783, 5: 684, 6: 2087, 7: 1042, 8: 252, 9: 257}, 6: {0: 256, 1: 801, 2: 446, 3: 672, 4: 1959, 5: 1575, 6: 914, 7: 233, 8: 250, 9: 220}, 7: {0: 329, 1: 2409, 2: 1259, 3: 1231, 4: 739, 5: 255, 6: 342, 7: 259, 8: 267, 9: 235}, 8: {0: 931, 1: 3165, 2: 718, 3: 260, 4: 390, 5: 864, 6: 258, 7: 232, 8: 237, 9: 270}, 9: {0: 240, 1: 354, 2: 2506, 3: 622, 4: 787, 5: 365, 6: 862, 7: 1082, 8: 267, 9: 240}}
========================================================================================================================
Training started at: 2026-04-08 11:28:37
Result directory: results/fl_svhn/feddenoise_v3/pm-dir_a-0.8_nm-uni_nr-0.3_nt-symmetric_wr-8_sr-22_ts-4,3,2,1_tss-least_sim_tsim-full_model_cosine_wm-full_model_dr-0.4_drs-None
Result txt file : results/fl_svhn/feddenoise_v3/pm-dir_a-0.8_nm-uni_nr-0.3_nt-symmetric_wr-8_sr-22_ts-4,3,2,1_tss-least_sim_tsim-full_model_cosine_wm-full_model_dr-0.4_drs-None/feddenoise_v3_fl_svhn_20260408-112837-432034_pid3475463.txt
Result log file : results/fl_svhn/feddenoise_v3/pm-dir_a-0.8_nm-uni_nr-0.3_nt-symmetric_wr-8_sr-22_ts-4,3,2,1_tss-least_sim_tsim-full_model_cosine_wm-full_model_dr-0.4_drs-None/feddenoise_v3_fl_svhn_20260408-112837-432034_pid3475463.log
------------------------------------------------------------------------------------------------------------------------
Model: feddenoise_v3
Dataset: fl_svhn
Structure: homogeneity
Participants: 10
Online ratio: 1.0
Communication epochs: 96
Local epoch: 1
Local batch size: 64
Local lr: 0.01
Partition mode: dirichlet
Dirichlet alpha: 0.8
Noise mode: uniform
Noise rate: 0.3
Noise type: symmetric
Noise max: 0.3
Averaging: weight
Seed: 0
Warmup round: 8
Stage round: 22
Teacher schedule: 4,3,2,1
Teacher select strategy: least_sim
Teacher similarity: full_model_cosine
Teacher score mode: teacher_mean
Warmup mode: full_model
Drop rate: 0.4
Drop rate schedule: None
Exclude self teacher: True
========================================================================================================================
Backbone: NoiseFLCNN NoiseFLCNN
[Round 001/096] Phase=warmup | Stage=warmup | Acc=16.010 | RoundTime=100.50s | TotalTime=100.53s | Method=feddenoise_v3
[Round 002/096] Phase=warmup | Stage=warmup | Acc=60.630 | RoundTime=98.46s | TotalTime=199.01s | Method=feddenoise_v3
[Round 003/096] Phase=warmup | Stage=warmup | Acc=73.040 | RoundTime=98.70s | TotalTime=297.72s | Method=feddenoise_v3
[Round 004/096] Phase=warmup | Stage=warmup | Acc=78.820 | RoundTime=97.57s | TotalTime=395.30s | Method=feddenoise_v3
[Round 005/096] Phase=warmup | Stage=warmup | Acc=80.470 | RoundTime=98.03s | TotalTime=493.37s | Method=feddenoise_v3
[Round 006/096] Phase=warmup | Stage=warmup | Acc=82.370 | RoundTime=93.56s | TotalTime=586.95s | Method=feddenoise_v3
[Round 007/096] Phase=warmup | Stage=warmup | Acc=83.000 | RoundTime=91.02s | TotalTime=678.00s | Method=feddenoise_v3

[Teacher Selection] Building clean subsets for stage 1 ...
[Stage 1] Client 0: teachers=[1, 4, 2, 3], avg_teacher_sim=0.9877, selected=4395
[Stage 1] Client 1: teachers=[4, 8, 0, 6], avg_teacher_sim=0.9865, selected=4395
[Stage 1] Client 2: teachers=[4, 6, 8, 0], avg_teacher_sim=0.9868, selected=4395
[Stage 1] Client 3: teachers=[4, 8, 9, 6], avg_teacher_sim=0.9864, selected=4395
[Stage 1] Client 4: teachers=[3, 5, 2, 6], avg_teacher_sim=0.9849, selected=4395
[Stage 1] Client 5: teachers=[4, 1, 3, 8], avg_teacher_sim=0.9878, selected=4395
[Stage 1] Client 6: teachers=[4, 2, 8, 1], avg_teacher_sim=0.9869, selected=4395
[Stage 1] Client 7: teachers=[4, 2, 1, 3], avg_teacher_sim=0.9877, selected=4395
[Stage 1] Client 8: teachers=[1, 4, 3, 9], avg_teacher_sim=0.9860, selected=4395
[Stage 1] Client 9: teachers=[4, 8, 3, 6], avg_teacher_sim=0.9870, selected=4395
[Stage 1] Selection summary | clean_precision=93.43 | clean_recall=80.07 | noisy_precision=65.11 | noisy_recall=86.86 | keep_ratio=59.99 | avg_teacher_similarity=0.9868
[Round 008/096] Phase=warmup | Stage=warmup | Acc=83.960 | RoundTime=164.50s | TotalTime=842.54s | Method=feddenoise_v3
[Round 009/096] Phase=stage_1 | Stage=0 | Acc=76.640 | StagePure=93.431 | CPrec=93.431 | CRec=80.065 | NPrec=65.115 | NRec=86.859 | Keep=59.994 | TSim=0.987 | RoundTime=60.03s | TotalTime=902.61s | Method=feddenoise_v3
[Round 010/096] Phase=stage_1 | Stage=0 | Acc=80.060 | StagePure=93.431 | CPrec=93.431 | CRec=80.065 | NPrec=65.115 | NRec=86.859 | Keep=59.994 | TSim=0.987 | RoundTime=58.94s | TotalTime=961.57s | Method=feddenoise_v3
[Round 011/096] Phase=stage_1 | Stage=0 | Acc=81.580 | StagePure=93.431 | CPrec=93.431 | CRec=80.065 | NPrec=65.115 | NRec=86.859 | Keep=59.994 | TSim=0.987 | RoundTime=63.10s | TotalTime=1024.72s | Method=feddenoise_v3
[Round 012/096] Phase=stage_1 | Stage=0 | Acc=83.360 | StagePure=93.431 | CPrec=93.431 | CRec=80.065 | NPrec=65.115 | NRec=86.859 | Keep=59.994 | TSim=0.987 | RoundTime=72.68s | TotalTime=1097.43s | Method=feddenoise_v3
[Round 013/096] Phase=stage_1 | Stage=0 | Acc=84.370 | StagePure=93.431 | CPrec=93.431 | CRec=80.065 | NPrec=65.115 | NRec=86.859 | Keep=59.994 | TSim=0.987 | RoundTime=70.94s | TotalTime=1168.38s | Method=feddenoise_v3
[Round 014/096] Phase=stage_1 | Stage=0 | Acc=84.690 | StagePure=93.431 | CPrec=93.431 | CRec=80.065 | NPrec=65.115 | NRec=86.859 | Keep=59.994 | TSim=0.987 | RoundTime=72.01s | TotalTime=1240.42s | Method=feddenoise_v3
[Round 015/096] Phase=stage_1 | Stage=0 | Acc=84.960 | StagePure=93.431 | CPrec=93.431 | CRec=80.065 | NPrec=65.115 | NRec=86.859 | Keep=59.994 | TSim=0.987 | RoundTime=71.22s | TotalTime=1311.66s | Method=feddenoise_v3
[Round 016/096] Phase=stage_1 | Stage=0 | Acc=85.320 | StagePure=93.431 | CPrec=93.431 | CRec=80.065 | NPrec=65.115 | NRec=86.859 | Keep=59.994 | TSim=0.987 | RoundTime=70.17s | TotalTime=1381.90s | Method=feddenoise_v3
[Round 017/096] Phase=stage_1 | Stage=0 | Acc=85.730 | StagePure=93.431 | CPrec=93.431 | CRec=80.065 | NPrec=65.115 | NRec=86.859 | Keep=59.994 | TSim=0.987 | RoundTime=73.14s | TotalTime=1455.10s | Method=feddenoise_v3
[Round 018/096] Phase=stage_1 | Stage=0 | Acc=85.540 | StagePure=93.431 | CPrec=93.431 | CRec=80.065 | NPrec=65.115 | NRec=86.859 | Keep=59.994 | TSim=0.987 | RoundTime=70.91s | TotalTime=1526.09s | Method=feddenoise_v3
[Round 019/096] Phase=stage_1 | Stage=0 | Acc=86.010 | StagePure=93.431 | CPrec=93.431 | CRec=80.065 | NPrec=65.115 | NRec=86.859 | Keep=59.994 | TSim=0.987 | RoundTime=70.51s | TotalTime=1596.63s | Method=feddenoise_v3
[Round 020/096] Phase=stage_1 | Stage=0 | Acc=86.350 | StagePure=93.431 | CPrec=93.431 | CRec=80.065 | NPrec=65.115 | NRec=86.859 | Keep=59.994 | TSim=0.987 | RoundTime=59.86s | TotalTime=1656.51s | Method=feddenoise_v3
[Round 021/096] Phase=stage_1 | Stage=0 | Acc=86.600 | StagePure=93.431 | CPrec=93.431 | CRec=80.065 | NPrec=65.115 | NRec=86.859 | Keep=59.994 | TSim=0.987 | RoundTime=59.35s | TotalTime=1715.86s | Method=feddenoise_v3
[Round 022/096] Phase=stage_1 | Stage=0 | Acc=86.410 | StagePure=93.431 | CPrec=93.431 | CRec=80.065 | NPrec=65.115 | NRec=86.859 | Keep=59.994 | TSim=0.987 | RoundTime=55.47s | TotalTime=1771.36s | Method=feddenoise_v3
[Round 023/096] Phase=stage_1 | Stage=0 | Acc=86.070 | StagePure=93.431 | CPrec=93.431 | CRec=80.065 | NPrec=65.115 | NRec=86.859 | Keep=59.994 | TSim=0.987 | RoundTime=59.45s | TotalTime=1830.83s | Method=feddenoise_v3
[Round 024/096] Phase=stage_1 | Stage=0 | Acc=86.840 | StagePure=93.431 | CPrec=93.431 | CRec=80.065 | NPrec=65.115 | NRec=86.859 | Keep=59.994 | TSim=0.987 | RoundTime=59.52s | TotalTime=1890.41s | Method=feddenoise_v3
[Round 025/096] Phase=stage_1 | Stage=0 | Acc=87.050 | StagePure=93.431 | CPrec=93.431 | CRec=80.065 | NPrec=65.115 | NRec=86.859 | Keep=59.994 | TSim=0.987 | RoundTime=59.44s | TotalTime=1949.87s | Method=feddenoise_v3
[Round 026/096] Phase=stage_1 | Stage=0 | Acc=87.090 | StagePure=93.431 | CPrec=93.431 | CRec=80.065 | NPrec=65.115 | NRec=86.859 | Keep=59.994 | TSim=0.987 | RoundTime=59.37s | TotalTime=2009.30s | Method=feddenoise_v3
[Round 027/096] Phase=stage_1 | Stage=0 | Acc=86.770 | StagePure=93.431 | CPrec=93.431 | CRec=80.065 | NPrec=65.115 | NRec=86.859 | Keep=59.994 | TSim=0.987 | RoundTime=58.64s | TotalTime=2068.03s | Method=feddenoise_v3
[Round 028/096] Phase=stage_1 | Stage=0 | Acc=86.950 | StagePure=93.431 | CPrec=93.431 | CRec=80.065 | NPrec=65.115 | NRec=86.859 | Keep=59.994 | TSim=0.987 | RoundTime=58.38s | TotalTime=2126.43s | Method=feddenoise_v3
[Round 029/096] Phase=stage_1 | Stage=0 | Acc=87.370 | StagePure=93.431 | CPrec=93.431 | CRec=80.065 | NPrec=65.115 | NRec=86.859 | Keep=59.994 | TSim=0.987 | RoundTime=59.55s | TotalTime=2185.99s | Method=feddenoise_v3

[Teacher Selection] Building clean subsets for stage 2 ...
[Stage 2] Client 0: teachers=[4, 2, 1], avg_teacher_sim=0.9880, selected=4395
[Stage 2] Client 1: teachers=[8, 4, 3], avg_teacher_sim=0.9867, selected=4395
[Stage 2] Client 2: teachers=[9, 8, 4], avg_teacher_sim=0.9853, selected=4395
[Stage 2] Client 3: teachers=[4, 2, 1], avg_teacher_sim=0.9861, selected=4395
[Stage 2] Client 4: teachers=[3, 8, 2], avg_teacher_sim=0.9858, selected=4395
[Stage 2] Client 5: teachers=[2, 4, 1], avg_teacher_sim=0.9882, selected=4395
[Stage 2] Client 6: teachers=[2, 4, 1], avg_teacher_sim=0.9875, selected=4395
[Stage 2] Client 7: teachers=[2, 4, 1], avg_teacher_sim=0.9880, selected=4395
[Stage 2] Client 8: teachers=[2, 4, 1], avg_teacher_sim=0.9859, selected=4395
[Stage 2] Client 9: teachers=[2, 4, 1], avg_teacher_sim=0.9862, selected=4395
[Stage 2] Selection summary | clean_precision=97.81 | clean_recall=83.82 | noisy_precision=71.68 | noisy_recall=95.62 | keep_ratio=59.99 | avg_teacher_similarity=0.9868
[Round 030/096] Phase=stage_1 | Stage=0 | Acc=87.470 | StagePure=93.431 | CPrec=93.431 | CRec=80.065 | NPrec=65.115 | NRec=86.859 | Keep=59.994 | TSim=0.987 | RoundTime=126.31s | TotalTime=2312.35s | Method=feddenoise_v3
[Round 031/096] Phase=stage_2 | Stage=1 | Acc=87.320 | StagePure=97.811 | CPrec=97.811 | CRec=83.819 | NPrec=71.683 | NRec=95.621 | Keep=59.994 | TSim=0.987 | RoundTime=58.65s | TotalTime=2371.02s | Method=feddenoise_v3
[Round 032/096] Phase=stage_2 | Stage=1 | Acc=87.490 | StagePure=97.811 | CPrec=97.811 | CRec=83.819 | NPrec=71.683 | NRec=95.621 | Keep=59.994 | TSim=0.987 | RoundTime=59.02s | TotalTime=2430.07s | Method=feddenoise_v3
[Round 033/096] Phase=stage_2 | Stage=1 | Acc=88.150 | StagePure=97.811 | CPrec=97.811 | CRec=83.819 | NPrec=71.683 | NRec=95.621 | Keep=59.994 | TSim=0.987 | RoundTime=59.62s | TotalTime=2489.70s | Method=feddenoise_v3
[Round 034/096] Phase=stage_2 | Stage=1 | Acc=88.550 | StagePure=97.811 | CPrec=97.811 | CRec=83.819 | NPrec=71.683 | NRec=95.621 | Keep=59.994 | TSim=0.987 | RoundTime=58.18s | TotalTime=2547.91s | Method=feddenoise_v3
[Round 035/096] Phase=stage_2 | Stage=1 | Acc=88.590 | StagePure=97.811 | CPrec=97.811 | CRec=83.819 | NPrec=71.683 | NRec=95.621 | Keep=59.994 | TSim=0.987 | RoundTime=58.88s | TotalTime=2606.83s | Method=feddenoise_v3
[Round 036/096] Phase=stage_2 | Stage=1 | Acc=88.690 | StagePure=97.811 | CPrec=97.811 | CRec=83.819 | NPrec=71.683 | NRec=95.621 | Keep=59.994 | TSim=0.987 | RoundTime=59.55s | TotalTime=2666.40s | Method=feddenoise_v3
[Round 037/096] Phase=stage_2 | Stage=1 | Acc=88.560 | StagePure=97.811 | CPrec=97.811 | CRec=83.819 | NPrec=71.683 | NRec=95.621 | Keep=59.994 | TSim=0.987 | RoundTime=57.21s | TotalTime=2723.63s | Method=feddenoise_v3
[Round 038/096] Phase=stage_2 | Stage=1 | Acc=88.680 | StagePure=97.811 | CPrec=97.811 | CRec=83.819 | NPrec=71.683 | NRec=95.621 | Keep=59.994 | TSim=0.987 | RoundTime=65.72s | TotalTime=2789.38s | Method=feddenoise_v3
[Round 039/096] Phase=stage_2 | Stage=1 | Acc=88.810 | StagePure=97.811 | CPrec=97.811 | CRec=83.819 | NPrec=71.683 | NRec=95.621 | Keep=59.994 | TSim=0.987 | RoundTime=71.86s | TotalTime=2861.29s | Method=feddenoise_v3
[Round 040/096] Phase=stage_2 | Stage=1 | Acc=88.970 | StagePure=97.811 | CPrec=97.811 | CRec=83.819 | NPrec=71.683 | NRec=95.621 | Keep=59.994 | TSim=0.987 | RoundTime=70.74s | TotalTime=2932.07s | Method=feddenoise_v3
[Round 041/096] Phase=stage_2 | Stage=1 | Acc=88.540 | StagePure=97.811 | CPrec=97.811 | CRec=83.819 | NPrec=71.683 | NRec=95.621 | Keep=59.994 | TSim=0.987 | RoundTime=71.66s | TotalTime=3003.74s | Method=feddenoise_v3
[Round 042/096] Phase=stage_2 | Stage=1 | Acc=88.870 | StagePure=97.811 | CPrec=97.811 | CRec=83.819 | NPrec=71.683 | NRec=95.621 | Keep=59.994 | TSim=0.987 | RoundTime=71.60s | TotalTime=3075.36s | Method=feddenoise_v3
[Round 043/096] Phase=stage_2 | Stage=1 | Acc=89.040 | StagePure=97.811 | CPrec=97.811 | CRec=83.819 | NPrec=71.683 | NRec=95.621 | Keep=59.994 | TSim=0.987 | RoundTime=69.33s | TotalTime=3144.71s | Method=feddenoise_v3
[Round 044/096] Phase=stage_2 | Stage=1 | Acc=89.380 | StagePure=97.811 | CPrec=97.811 | CRec=83.819 | NPrec=71.683 | NRec=95.621 | Keep=59.994 | TSim=0.987 | RoundTime=72.13s | TotalTime=3216.88s | Method=feddenoise_v3
[Round 045/096] Phase=stage_2 | Stage=1 | Acc=89.410 | StagePure=97.811 | CPrec=97.811 | CRec=83.819 | NPrec=71.683 | NRec=95.621 | Keep=59.994 | TSim=0.987 | RoundTime=71.52s | TotalTime=3288.44s | Method=feddenoise_v3
[Round 046/096] Phase=stage_2 | Stage=1 | Acc=89.220 | StagePure=97.811 | CPrec=97.811 | CRec=83.819 | NPrec=71.683 | NRec=95.621 | Keep=59.994 | TSim=0.987 | RoundTime=71.53s | TotalTime=3359.98s | Method=feddenoise_v3
[Round 047/096] Phase=stage_2 | Stage=1 | Acc=88.780 | StagePure=97.811 | CPrec=97.811 | CRec=83.819 | NPrec=71.683 | NRec=95.621 | Keep=59.994 | TSim=0.987 | RoundTime=71.57s | TotalTime=3431.58s | Method=feddenoise_v3
[Round 048/096] Phase=stage_2 | Stage=1 | Acc=89.100 | StagePure=97.811 | CPrec=97.811 | CRec=83.819 | NPrec=71.683 | NRec=95.621 | Keep=59.994 | TSim=0.987 | RoundTime=61.56s | TotalTime=3493.17s | Method=feddenoise_v3
[Round 049/096] Phase=stage_2 | Stage=1 | Acc=89.290 | StagePure=97.811 | CPrec=97.811 | CRec=83.819 | NPrec=71.683 | NRec=95.621 | Keep=59.994 | TSim=0.987 | RoundTime=59.73s | TotalTime=3552.92s | Method=feddenoise_v3
[Round 050/096] Phase=stage_2 | Stage=1 | Acc=89.140 | StagePure=97.811 | CPrec=97.811 | CRec=83.819 | NPrec=71.683 | NRec=95.621 | Keep=59.994 | TSim=0.987 | RoundTime=58.55s | TotalTime=3611.49s | Method=feddenoise_v3
[Round 051/096] Phase=stage_2 | Stage=1 | Acc=89.170 | StagePure=97.811 | CPrec=97.811 | CRec=83.819 | NPrec=71.683 | NRec=95.621 | Keep=59.994 | TSim=0.987 | RoundTime=62.05s | TotalTime=3673.57s | Method=feddenoise_v3

[Teacher Selection] Building clean subsets for stage 3 ...
[Stage 3] Client 0: teachers=[4, 2], avg_teacher_sim=0.9895, selected=4395
[Stage 3] Client 1: teachers=[4, 8], avg_teacher_sim=0.9868, selected=4395
[Stage 3] Client 2: teachers=[4, 8], avg_teacher_sim=0.9863, selected=4395
[Stage 3] Client 3: teachers=[4, 2], avg_teacher_sim=0.9901, selected=4395
[Stage 3] Client 4: teachers=[2, 8], avg_teacher_sim=0.9862, selected=4395
[Stage 3] Client 5: teachers=[2, 4], avg_teacher_sim=0.9893, selected=4395
[Stage 3] Client 6: teachers=[2, 4], avg_teacher_sim=0.9895, selected=4395
[Stage 3] Client 7: teachers=[4, 2], avg_teacher_sim=0.9894, selected=4395
[Stage 3] Client 8: teachers=[4, 2], avg_teacher_sim=0.9863, selected=4395
[Stage 3] Client 9: teachers=[2, 4], avg_teacher_sim=0.9882, selected=4395
[Stage 3] Selection summary | clean_precision=97.97 | clean_recall=83.96 | noisy_precision=71.92 | noisy_recall=95.94 | keep_ratio=59.99 | avg_teacher_similarity=0.9882
[Round 052/096] Phase=stage_2 | Stage=1 | Acc=89.230 | StagePure=97.811 | CPrec=97.811 | CRec=83.819 | NPrec=71.683 | NRec=95.621 | Keep=59.994 | TSim=0.987 | RoundTime=130.69s | TotalTime=3804.30s | Method=feddenoise_v3
[Round 053/096] Phase=stage_3 | Stage=2 | Acc=89.040 | StagePure=97.970 | CPrec=97.970 | CRec=83.955 | NPrec=71.922 | NRec=95.940 | Keep=59.994 | TSim=0.988 | RoundTime=70.07s | TotalTime=3874.41s | Method=feddenoise_v3
[Round 054/096] Phase=stage_3 | Stage=2 | Acc=89.360 | StagePure=97.970 | CPrec=97.970 | CRec=83.955 | NPrec=71.922 | NRec=95.940 | Keep=59.994 | TSim=0.988 | RoundTime=66.31s | TotalTime=3940.77s | Method=feddenoise_v3
[Round 055/096] Phase=stage_3 | Stage=2 | Acc=88.910 | StagePure=97.970 | CPrec=97.970 | CRec=83.955 | NPrec=71.922 | NRec=95.940 | Keep=59.994 | TSim=0.988 | RoundTime=70.84s | TotalTime=4011.65s | Method=feddenoise_v3
[Round 056/096] Phase=stage_3 | Stage=2 | Acc=89.310 | StagePure=97.970 | CPrec=97.970 | CRec=83.955 | NPrec=71.922 | NRec=95.940 | Keep=59.994 | TSim=0.988 | RoundTime=69.87s | TotalTime=4081.56s | Method=feddenoise_v3
[Round 057/096] Phase=stage_3 | Stage=2 | Acc=89.400 | StagePure=97.970 | CPrec=97.970 | CRec=83.955 | NPrec=71.922 | NRec=95.940 | Keep=59.994 | TSim=0.988 | RoundTime=61.35s | TotalTime=4142.95s | Method=feddenoise_v3
[Round 058/096] Phase=stage_3 | Stage=2 | Acc=89.160 | StagePure=97.970 | CPrec=97.970 | CRec=83.955 | NPrec=71.922 | NRec=95.940 | Keep=59.994 | TSim=0.988 | RoundTime=58.63s | TotalTime=4201.59s | Method=feddenoise_v3
[Round 059/096] Phase=stage_3 | Stage=2 | Acc=89.370 | StagePure=97.970 | CPrec=97.970 | CRec=83.955 | NPrec=71.922 | NRec=95.940 | Keep=59.994 | TSim=0.988 | RoundTime=67.54s | TotalTime=4269.16s | Method=feddenoise_v3
[Round 060/096] Phase=stage_3 | Stage=2 | Acc=89.140 | StagePure=97.970 | CPrec=97.970 | CRec=83.955 | NPrec=71.922 | NRec=95.940 | Keep=59.994 | TSim=0.988 | RoundTime=71.56s | TotalTime=4340.75s | Method=feddenoise_v3
[Round 061/096] Phase=stage_3 | Stage=2 | Acc=89.290 | StagePure=97.970 | CPrec=97.970 | CRec=83.955 | NPrec=71.922 | NRec=95.940 | Keep=59.994 | TSim=0.988 | RoundTime=68.29s | TotalTime=4409.06s | Method=feddenoise_v3
[Round 062/096] Phase=stage_3 | Stage=2 | Acc=89.300 | StagePure=97.970 | CPrec=97.970 | CRec=83.955 | NPrec=71.922 | NRec=95.940 | Keep=59.994 | TSim=0.988 | RoundTime=59.60s | TotalTime=4468.70s | Method=feddenoise_v3
[Round 063/096] Phase=stage_3 | Stage=2 | Acc=89.120 | StagePure=97.970 | CPrec=97.970 | CRec=83.955 | NPrec=71.922 | NRec=95.940 | Keep=59.994 | TSim=0.988 | RoundTime=59.05s | TotalTime=4527.79s | Method=feddenoise_v3
[Round 064/096] Phase=stage_3 | Stage=2 | Acc=89.030 | StagePure=97.970 | CPrec=97.970 | CRec=83.955 | NPrec=71.922 | NRec=95.940 | Keep=59.994 | TSim=0.988 | RoundTime=64.38s | TotalTime=4592.19s | Method=feddenoise_v3
[Round 065/096] Phase=stage_3 | Stage=2 | Acc=89.120 | StagePure=97.970 | CPrec=97.970 | CRec=83.955 | NPrec=71.922 | NRec=95.940 | Keep=59.994 | TSim=0.988 | RoundTime=71.87s | TotalTime=4664.10s | Method=feddenoise_v3
[Round 066/096] Phase=stage_3 | Stage=2 | Acc=89.560 | StagePure=97.970 | CPrec=97.970 | CRec=83.955 | NPrec=71.922 | NRec=95.940 | Keep=59.994 | TSim=0.988 | RoundTime=70.79s | TotalTime=4734.93s | Method=feddenoise_v3
[Round 067/096] Phase=stage_3 | Stage=2 | Acc=89.060 | StagePure=97.970 | CPrec=97.970 | CRec=83.955 | NPrec=71.922 | NRec=95.940 | Keep=59.994 | TSim=0.988 | RoundTime=71.94s | TotalTime=4806.89s | Method=feddenoise_v3
[Round 068/096] Phase=stage_3 | Stage=2 | Acc=89.220 | StagePure=97.970 | CPrec=97.970 | CRec=83.955 | NPrec=71.922 | NRec=95.940 | Keep=59.994 | TSim=0.988 | RoundTime=71.27s | TotalTime=4878.20s | Method=feddenoise_v3
[Round 069/096] Phase=stage_3 | Stage=2 | Acc=89.290 | StagePure=97.970 | CPrec=97.970 | CRec=83.955 | NPrec=71.922 | NRec=95.940 | Keep=59.994 | TSim=0.988 | RoundTime=67.17s | TotalTime=4945.40s | Method=feddenoise_v3
[Round 070/096] Phase=stage_3 | Stage=2 | Acc=89.220 | StagePure=97.970 | CPrec=97.970 | CRec=83.955 | NPrec=71.922 | NRec=95.940 | Keep=59.994 | TSim=0.988 | RoundTime=47.51s | TotalTime=4992.93s | Method=feddenoise_v3
[Round 071/096] Phase=stage_3 | Stage=2 | Acc=89.440 | StagePure=97.970 | CPrec=97.970 | CRec=83.955 | NPrec=71.922 | NRec=95.940 | Keep=59.994 | TSim=0.988 | RoundTime=31.26s | TotalTime=5024.20s | Method=feddenoise_v3
[Round 072/096] Phase=stage_3 | Stage=2 | Acc=89.200 | StagePure=97.970 | CPrec=97.970 | CRec=83.955 | NPrec=71.922 | NRec=95.940 | Keep=59.994 | TSim=0.988 | RoundTime=31.29s | TotalTime=5055.51s | Method=feddenoise_v3
[Round 073/096] Phase=stage_3 | Stage=2 | Acc=89.090 | StagePure=97.970 | CPrec=97.970 | CRec=83.955 | NPrec=71.922 | NRec=95.940 | Keep=59.994 | TSim=0.988 | RoundTime=32.42s | TotalTime=5087.94s | Method=feddenoise_v3

[Teacher Selection] Building clean subsets for stage 4 ...
[Stage 4] Client 0: teachers=[2], avg_teacher_sim=0.9912, selected=4395
[Stage 4] Client 1: teachers=[6], avg_teacher_sim=0.9902, selected=4395
[Stage 4] Client 2: teachers=[9], avg_teacher_sim=0.9877, selected=4395
[Stage 4] Client 3: teachers=[2], avg_teacher_sim=0.9924, selected=4395
[Stage 4] Client 4: teachers=[2], avg_teacher_sim=0.9890, selected=4395
[Stage 4] Client 5: teachers=[2], avg_teacher_sim=0.9902, selected=4395
[Stage 4] Client 6: teachers=[2], avg_teacher_sim=0.9880, selected=4395
[Stage 4] Client 7: teachers=[2], avg_teacher_sim=0.9907, selected=4395
[Stage 4] Client 8: teachers=[2], avg_teacher_sim=0.9903, selected=4395
[Stage 4] Client 9: teachers=[2], avg_teacher_sim=0.9877, selected=4395
[Stage 4] Selection summary | clean_precision=98.03 | clean_recall=84.01 | noisy_precision=72.02 | noisy_recall=96.07 | keep_ratio=59.99 | avg_teacher_similarity=0.9897
[Round 074/096] Phase=stage_3 | Stage=2 | Acc=89.390 | StagePure=97.970 | CPrec=97.970 | CRec=83.955 | NPrec=71.922 | NRec=95.940 | Keep=59.994 | TSim=0.988 | RoundTime=53.05s | TotalTime=5141.01s | Method=feddenoise_v3
[Round 075/096] Phase=stage_4 | Stage=3 | Acc=89.570 | StagePure=98.034 | CPrec=98.034 | CRec=84.010 | NPrec=72.017 | NRec=96.067 | Keep=59.994 | TSim=0.990 | RoundTime=36.56s | TotalTime=5177.59s | Method=feddenoise_v3
[Round 076/096] Phase=stage_4 | Stage=3 | Acc=90.010 | StagePure=98.034 | CPrec=98.034 | CRec=84.010 | NPrec=72.017 | NRec=96.067 | Keep=59.994 | TSim=0.990 | RoundTime=43.45s | TotalTime=5221.06s | Method=feddenoise_v3
[Round 077/096] Phase=stage_4 | Stage=3 | Acc=89.560 | StagePure=98.034 | CPrec=98.034 | CRec=84.010 | NPrec=72.017 | NRec=96.067 | Keep=59.994 | TSim=0.990 | RoundTime=43.21s | TotalTime=5264.28s | Method=feddenoise_v3
[Round 078/096] Phase=stage_4 | Stage=3 | Acc=89.730 | StagePure=98.034 | CPrec=98.034 | CRec=84.010 | NPrec=72.017 | NRec=96.067 | Keep=59.994 | TSim=0.990 | RoundTime=42.81s | TotalTime=5307.11s | Method=feddenoise_v3
[Round 079/096] Phase=stage_4 | Stage=3 | Acc=89.690 | StagePure=98.034 | CPrec=98.034 | CRec=84.010 | NPrec=72.017 | NRec=96.067 | Keep=59.994 | TSim=0.990 | RoundTime=32.75s | TotalTime=5339.88s | Method=feddenoise_v3
[Round 080/096] Phase=stage_4 | Stage=3 | Acc=89.680 | StagePure=98.034 | CPrec=98.034 | CRec=84.010 | NPrec=72.017 | NRec=96.067 | Keep=59.994 | TSim=0.990 | RoundTime=31.55s | TotalTime=5371.44s | Method=feddenoise_v3
[Round 081/096] Phase=stage_4 | Stage=3 | Acc=90.000 | StagePure=98.034 | CPrec=98.034 | CRec=84.010 | NPrec=72.017 | NRec=96.067 | Keep=59.994 | TSim=0.990 | RoundTime=31.53s | TotalTime=5402.98s | Method=feddenoise_v3
[Round 082/096] Phase=stage_4 | Stage=3 | Acc=89.780 | StagePure=98.034 | CPrec=98.034 | CRec=84.010 | NPrec=72.017 | NRec=96.067 | Keep=59.994 | TSim=0.990 | RoundTime=32.31s | TotalTime=5435.30s | Method=feddenoise_v3
[Round 083/096] Phase=stage_4 | Stage=3 | Acc=89.890 | StagePure=98.034 | CPrec=98.034 | CRec=84.010 | NPrec=72.017 | NRec=96.067 | Keep=59.994 | TSim=0.990 | RoundTime=37.25s | TotalTime=5472.58s | Method=feddenoise_v3
[Round 084/096] Phase=stage_4 | Stage=3 | Acc=90.030 | StagePure=98.034 | CPrec=98.034 | CRec=84.010 | NPrec=72.017 | NRec=96.067 | Keep=59.994 | TSim=0.990 | RoundTime=42.41s | TotalTime=5515.02s | Method=feddenoise_v3
[Round 085/096] Phase=stage_4 | Stage=3 | Acc=89.980 | StagePure=98.034 | CPrec=98.034 | CRec=84.010 | NPrec=72.017 | NRec=96.067 | Keep=59.994 | TSim=0.990 | RoundTime=42.44s | TotalTime=5557.48s | Method=feddenoise_v3
[Round 086/096] Phase=stage_4 | Stage=3 | Acc=89.970 | StagePure=98.034 | CPrec=98.034 | CRec=84.010 | NPrec=72.017 | NRec=96.067 | Keep=59.994 | TSim=0.990 | RoundTime=42.53s | TotalTime=5600.02s | Method=feddenoise_v3
[Round 087/096] Phase=stage_4 | Stage=3 | Acc=89.880 | StagePure=98.034 | CPrec=98.034 | CRec=84.010 | NPrec=72.017 | NRec=96.067 | Keep=59.994 | TSim=0.990 | RoundTime=43.33s | TotalTime=5643.36s | Method=feddenoise_v3
[Round 088/096] Phase=stage_4 | Stage=3 | Acc=90.300 | StagePure=98.034 | CPrec=98.034 | CRec=84.010 | NPrec=72.017 | NRec=96.067 | Keep=59.994 | TSim=0.990 | RoundTime=42.83s | TotalTime=5686.26s | Method=feddenoise_v3
[Round 089/096] Phase=stage_4 | Stage=3 | Acc=89.950 | StagePure=98.034 | CPrec=98.034 | CRec=84.010 | NPrec=72.017 | NRec=96.067 | Keep=59.994 | TSim=0.990 | RoundTime=42.84s | TotalTime=5729.11s | Method=feddenoise_v3
[Round 090/096] Phase=stage_4 | Stage=3 | Acc=90.080 | StagePure=98.034 | CPrec=98.034 | CRec=84.010 | NPrec=72.017 | NRec=96.067 | Keep=59.994 | TSim=0.990 | RoundTime=42.41s | TotalTime=5771.56s | Method=feddenoise_v3
[Round 091/096] Phase=stage_4 | Stage=3 | Acc=89.860 | StagePure=98.034 | CPrec=98.034 | CRec=84.010 | NPrec=72.017 | NRec=96.067 | Keep=59.994 | TSim=0.990 | RoundTime=42.14s | TotalTime=5813.73s | Method=feddenoise_v3
[Round 092/096] Phase=stage_4 | Stage=3 | Acc=89.900 | StagePure=98.034 | CPrec=98.034 | CRec=84.010 | NPrec=72.017 | NRec=96.067 | Keep=59.994 | TSim=0.990 | RoundTime=42.21s | TotalTime=5855.96s | Method=feddenoise_v3
[Round 093/096] Phase=stage_4 | Stage=3 | Acc=89.890 | StagePure=98.034 | CPrec=98.034 | CRec=84.010 | NPrec=72.017 | NRec=96.067 | Keep=59.994 | TSim=0.990 | RoundTime=42.76s | TotalTime=5898.72s | Method=feddenoise_v3
[Round 094/096] Phase=stage_4 | Stage=3 | Acc=90.110 | StagePure=98.034 | CPrec=98.034 | CRec=84.010 | NPrec=72.017 | NRec=96.067 | Keep=59.994 | TSim=0.990 | RoundTime=42.43s | TotalTime=5941.16s | Method=feddenoise_v3
[Round 095/096] Phase=stage_4 | Stage=3 | Acc=89.900 | StagePure=98.034 | CPrec=98.034 | CRec=84.010 | NPrec=72.017 | NRec=96.067 | Keep=59.994 | TSim=0.990 | RoundTime=42.67s | TotalTime=5983.91s | Method=feddenoise_v3
[Round 096/096] Phase=stage_4 | Stage=3 | Acc=90.090 | StagePure=98.034 | CPrec=98.034 | CRec=84.010 | NPrec=72.017 | NRec=96.067 | Keep=59.994 | TSim=0.990 | RoundTime=36.73s | TotalTime=6020.65s | Method=feddenoise_v3
========================================================================================================================
Training finished at: 2026-04-08 13:08:58
Total elapsed time: 6020.68s
Final Acc: 90.090
Best Acc : 90.300
Final StagePure: 98.034
Best StagePure : 98.034
========================================================================================================================
