====================================================================================================
Training started at: 2026-04-01 13:57:21
Result directory: results/fl_cifar10/feddenoise_v2/pm-dir_a-0.3_nm-uni_nr-0.4_nt-symmetric_st-least_sim_dr-0.45
Result txt file : results/fl_cifar10/feddenoise_v2/pm-dir_a-0.3_nm-uni_nr-0.4_nt-symmetric_st-least_sim_dr-0.45/feddenoise_v2_fl_cifar10_20260401-135721-400186_pid3405343.txt
Result log file : results/fl_cifar10/feddenoise_v2/pm-dir_a-0.3_nm-uni_nr-0.4_nt-symmetric_st-least_sim_dr-0.45/feddenoise_v2_fl_cifar10_20260401-135721-400186_pid3405343.log
----------------------------------------------------------------------------------------------------
Model: feddenoise_v2
Dataset: fl_cifar10
Structure: homogeneity
Participants: 100
Online ratio: 0.1
Communication epochs: 100
Local epoch: 10
Local batch size: 32
Local lr: 0.01
Partition mode: dirichlet
Dirichlet alpha: 0.3
Noise mode: uniform
Noise rate: 0.4
Noise type: symmetric
Noise max: 0.3
Denoise score alpha: 0.5
Drop rate: 0.45
Denoise strategy: least_sim
FedProx mu: 0.01
FedRDN std: 0.01
FedCDA history size: NA
FedGLoSS beta: 0.01
Averaging: weight
Seed: 0
====================================================================================================
[Round 001/100] Acc=10.000 | Pure=60.026 | RoundTime=55.72s | TotalTime=55.72s | Method=feddenoise_v2
[Round 002/100] Acc=15.590 | Pure=60.007 | RoundTime=58.81s | TotalTime=114.53s | Method=feddenoise_v2
[Round 003/100] Acc=16.210 | Pure=60.025 | RoundTime=57.23s | TotalTime=171.77s | Method=feddenoise_v2
[Round 004/100] Acc=27.990 | Pure=60.048 | RoundTime=57.11s | TotalTime=228.88s | Method=feddenoise_v2
[Round 005/100] Acc=35.460 | Pure=59.999 | RoundTime=56.74s | TotalTime=285.62s | Method=feddenoise_v2
[Round 006/100] Acc=35.090 | Pure=59.982 | RoundTime=55.04s | TotalTime=340.65s | Method=feddenoise_v2
[Round 007/100] Acc=40.170 | Pure=59.930 | RoundTime=56.42s | TotalTime=397.08s | Method=feddenoise_v2
[Round 008/100] Acc=38.660 | Pure=60.012 | RoundTime=53.58s | TotalTime=450.66s | Method=feddenoise_v2
[Round 009/100] Acc=39.190 | Pure=60.025 | RoundTime=54.04s | TotalTime=504.70s | Method=feddenoise_v2
[Round 010/100] Acc=38.710 | Pure=60.040 | RoundTime=55.52s | TotalTime=560.22s | Method=feddenoise_v2
[Round 011/100] Acc=38.480 | Pure=75.744 | RoundTime=122.93s | TotalTime=683.15s | Method=feddenoise_v2
[Round 012/100] Acc=40.280 | Pure=80.124 | RoundTime=123.32s | TotalTime=806.46s | Method=feddenoise_v2
[Round 013/100] Acc=42.270 | Pure=77.473 | RoundTime=122.69s | TotalTime=929.16s | Method=feddenoise_v2
[Round 014/100] Acc=40.200 | Pure=77.262 | RoundTime=122.67s | TotalTime=1051.83s | Method=feddenoise_v2
[Round 015/100] Acc=44.470 | Pure=77.627 | RoundTime=123.15s | TotalTime=1174.98s | Method=feddenoise_v2
[Round 016/100] Acc=46.270 | Pure=75.895 | RoundTime=122.72s | TotalTime=1297.71s | Method=feddenoise_v2
[Round 017/100] Acc=46.220 | Pure=78.097 | RoundTime=121.17s | TotalTime=1418.88s | Method=feddenoise_v2
[Round 018/100] Acc=44.310 | Pure=75.348 | RoundTime=120.03s | TotalTime=1538.91s | Method=feddenoise_v2
[Round 019/100] Acc=47.850 | Pure=75.422 | RoundTime=119.24s | TotalTime=1658.15s | Method=feddenoise_v2
[Round 020/100] Acc=43.340 | Pure=78.535 | RoundTime=119.93s | TotalTime=1778.08s | Method=feddenoise_v2
[Round 021/100] Acc=46.200 | Pure=79.829 | RoundTime=100.78s | TotalTime=1878.87s | Method=feddenoise_v2
[Round 022/100] Acc=47.280 | Pure=82.969 | RoundTime=100.05s | TotalTime=1978.92s | Method=feddenoise_v2
[Round 023/100] Acc=49.560 | Pure=80.886 | RoundTime=100.82s | TotalTime=2079.73s | Method=feddenoise_v2
[Round 024/100] Acc=49.710 | Pure=80.265 | RoundTime=101.42s | TotalTime=2181.15s | Method=feddenoise_v2
[Round 025/100] Acc=51.470 | Pure=81.984 | RoundTime=100.86s | TotalTime=2282.01s | Method=feddenoise_v2
[Round 026/100] Acc=45.130 | Pure=82.359 | RoundTime=99.60s | TotalTime=2381.61s | Method=feddenoise_v2
[Round 027/100] Acc=47.300 | Pure=81.835 | RoundTime=96.45s | TotalTime=2478.06s | Method=feddenoise_v2
[Round 028/100] Acc=50.440 | Pure=83.700 | RoundTime=96.49s | TotalTime=2574.55s | Method=feddenoise_v2
[Round 029/100] Acc=46.830 | Pure=82.792 | RoundTime=95.81s | TotalTime=2670.36s | Method=feddenoise_v2
[Round 030/100] Acc=49.620 | Pure=84.147 | RoundTime=95.84s | TotalTime=2766.20s | Method=feddenoise_v2
[Round 031/100] Acc=54.350 | Pure=80.532 | RoundTime=81.77s | TotalTime=2847.96s | Method=feddenoise_v2
[Round 032/100] Acc=50.010 | Pure=84.811 | RoundTime=81.50s | TotalTime=2929.46s | Method=feddenoise_v2
[Round 033/100] Acc=51.810 | Pure=84.019 | RoundTime=81.08s | TotalTime=3010.55s | Method=feddenoise_v2
[Round 034/100] Acc=51.000 | Pure=83.674 | RoundTime=80.17s | TotalTime=3090.72s | Method=feddenoise_v2
[Round 035/100] Acc=54.020 | Pure=80.883 | RoundTime=81.68s | TotalTime=3172.39s | Method=feddenoise_v2
[Round 036/100] Acc=53.590 | Pure=81.168 | RoundTime=82.22s | TotalTime=3254.61s | Method=feddenoise_v2
[Round 037/100] Acc=53.590 | Pure=80.242 | RoundTime=79.78s | TotalTime=3334.39s | Method=feddenoise_v2
[Round 038/100] Acc=52.890 | Pure=84.157 | RoundTime=80.86s | TotalTime=3415.26s | Method=feddenoise_v2
[Round 039/100] Acc=53.940 | Pure=82.327 | RoundTime=81.71s | TotalTime=3496.96s | Method=feddenoise_v2
[Round 040/100] Acc=54.950 | Pure=83.296 | RoundTime=82.01s | TotalTime=3578.97s | Method=feddenoise_v2
[Round 041/100] Acc=57.620 | Pure=83.937 | RoundTime=68.80s | TotalTime=3647.77s | Method=feddenoise_v2
[Round 042/100] Acc=58.020 | Pure=83.242 | RoundTime=68.30s | TotalTime=3716.07s | Method=feddenoise_v2
[Round 043/100] Acc=56.160 | Pure=82.669 | RoundTime=67.35s | TotalTime=3783.42s | Method=feddenoise_v2
[Round 044/100] Acc=54.020 | Pure=82.362 | RoundTime=66.51s | TotalTime=3849.94s | Method=feddenoise_v2
[Round 045/100] Acc=58.430 | Pure=84.783 | RoundTime=70.47s | TotalTime=3920.40s | Method=feddenoise_v2
[Round 046/100] Acc=55.660 | Pure=84.113 | RoundTime=67.24s | TotalTime=3987.65s | Method=feddenoise_v2
[Round 047/100] Acc=57.530 | Pure=84.501 | RoundTime=67.31s | TotalTime=4054.96s | Method=feddenoise_v2
[Round 048/100] Acc=56.500 | Pure=82.908 | RoundTime=67.14s | TotalTime=4122.09s | Method=feddenoise_v2
[Round 049/100] Acc=58.200 | Pure=82.007 | RoundTime=70.82s | TotalTime=4192.91s | Method=feddenoise_v2
[Round 050/100] Acc=58.500 | Pure=84.492 | RoundTime=67.40s | TotalTime=4260.31s | Method=feddenoise_v2
[Round 051/100] Acc=55.490 | Pure=81.573 | RoundTime=67.73s | TotalTime=4328.05s | Method=feddenoise_v2
[Round 052/100] Acc=59.250 | Pure=81.596 | RoundTime=67.21s | TotalTime=4395.26s | Method=feddenoise_v2
[Round 053/100] Acc=57.540 | Pure=79.463 | RoundTime=67.02s | TotalTime=4462.29s | Method=feddenoise_v2
[Round 054/100] Acc=55.110 | Pure=82.686 | RoundTime=66.83s | TotalTime=4529.11s | Method=feddenoise_v2
[Round 055/100] Acc=56.660 | Pure=81.712 | RoundTime=67.37s | TotalTime=4596.48s | Method=feddenoise_v2
[Round 056/100] Acc=59.170 | Pure=78.996 | RoundTime=66.96s | TotalTime=4663.44s | Method=feddenoise_v2
[Round 057/100] Acc=55.510 | Pure=82.452 | RoundTime=68.38s | TotalTime=4731.82s | Method=feddenoise_v2
[Round 058/100] Acc=57.030 | Pure=83.695 | RoundTime=67.35s | TotalTime=4799.17s | Method=feddenoise_v2
[Round 059/100] Acc=56.280 | Pure=81.165 | RoundTime=67.67s | TotalTime=4866.84s | Method=feddenoise_v2
[Round 060/100] Acc=57.390 | Pure=84.161 | RoundTime=67.63s | TotalTime=4934.48s | Method=feddenoise_v2
[Round 061/100] Acc=59.540 | Pure=81.955 | RoundTime=67.45s | TotalTime=5001.92s | Method=feddenoise_v2
[Round 062/100] Acc=60.260 | Pure=81.016 | RoundTime=68.68s | TotalTime=5070.60s | Method=feddenoise_v2
[Round 063/100] Acc=57.120 | Pure=85.385 | RoundTime=68.24s | TotalTime=5138.84s | Method=feddenoise_v2
[Round 064/100] Acc=58.930 | Pure=82.936 | RoundTime=65.96s | TotalTime=5204.80s | Method=feddenoise_v2
[Round 065/100] Acc=60.510 | Pure=80.485 | RoundTime=67.70s | TotalTime=5272.50s | Method=feddenoise_v2
[Round 066/100] Acc=60.790 | Pure=81.181 | RoundTime=68.40s | TotalTime=5340.90s | Method=feddenoise_v2
[Round 067/100] Acc=59.860 | Pure=80.351 | RoundTime=70.75s | TotalTime=5411.66s | Method=feddenoise_v2
[Round 068/100] Acc=59.480 | Pure=83.947 | RoundTime=69.64s | TotalTime=5481.29s | Method=feddenoise_v2
[Round 069/100] Acc=58.930 | Pure=80.277 | RoundTime=69.02s | TotalTime=5550.31s | Method=feddenoise_v2
[Round 070/100] Acc=58.190 | Pure=81.110 | RoundTime=67.43s | TotalTime=5617.75s | Method=feddenoise_v2
[Round 071/100] Acc=58.490 | Pure=78.305 | RoundTime=69.15s | TotalTime=5686.90s | Method=feddenoise_v2
[Round 072/100] Acc=57.290 | Pure=78.698 | RoundTime=69.64s | TotalTime=5756.54s | Method=feddenoise_v2
[Round 073/100] Acc=55.720 | Pure=79.933 | RoundTime=66.55s | TotalTime=5823.10s | Method=feddenoise_v2
[Round 074/100] Acc=53.330 | Pure=81.057 | RoundTime=68.91s | TotalTime=5892.00s | Method=feddenoise_v2
[Round 075/100] Acc=55.860 | Pure=79.141 | RoundTime=68.04s | TotalTime=5960.05s | Method=feddenoise_v2
[Round 076/100] Acc=56.030 | Pure=78.894 | RoundTime=66.78s | TotalTime=6026.83s | Method=feddenoise_v2
[Round 077/100] Acc=59.000 | Pure=78.247 | RoundTime=68.74s | TotalTime=6095.57s | Method=feddenoise_v2
[Round 078/100] Acc=53.700 | Pure=80.897 | RoundTime=69.78s | TotalTime=6165.36s | Method=feddenoise_v2
[Round 079/100] Acc=57.680 | Pure=77.940 | RoundTime=69.34s | TotalTime=6234.70s | Method=feddenoise_v2
[Round 080/100] Acc=55.940 | Pure=80.148 | RoundTime=67.99s | TotalTime=6302.69s | Method=feddenoise_v2
[Round 081/100] Acc=60.350 | Pure=81.909 | RoundTime=69.13s | TotalTime=6371.82s | Method=feddenoise_v2
[Round 082/100] Acc=60.120 | Pure=82.146 | RoundTime=60.00s | TotalTime=6431.82s | Method=feddenoise_v2
[Round 083/100] Acc=59.690 | Pure=81.918 | RoundTime=57.57s | TotalTime=6489.39s | Method=feddenoise_v2
[Round 084/100] Acc=61.870 | Pure=82.644 | RoundTime=65.02s | TotalTime=6554.41s | Method=feddenoise_v2
[Round 085/100] Acc=60.990 | Pure=80.098 | RoundTime=64.17s | TotalTime=6618.58s | Method=feddenoise_v2
[Round 086/100] Acc=59.490 | Pure=81.192 | RoundTime=64.22s | TotalTime=6682.80s | Method=feddenoise_v2
[Round 087/100] Acc=60.010 | Pure=83.110 | RoundTime=64.47s | TotalTime=6747.27s | Method=feddenoise_v2
[Round 088/100] Acc=58.470 | Pure=82.465 | RoundTime=64.50s | TotalTime=6811.77s | Method=feddenoise_v2
[Round 089/100] Acc=59.560 | Pure=82.997 | RoundTime=64.80s | TotalTime=6876.57s | Method=feddenoise_v2
[Round 090/100] Acc=56.610 | Pure=81.699 | RoundTime=65.36s | TotalTime=6941.93s | Method=feddenoise_v2
[Round 091/100] Acc=57.270 | Pure=80.215 | RoundTime=70.72s | TotalTime=7012.65s | Method=feddenoise_v2
[Round 092/100] Acc=59.960 | Pure=79.386 | RoundTime=73.36s | TotalTime=7086.01s | Method=feddenoise_v2
[Round 093/100] Acc=61.010 | Pure=78.922 | RoundTime=74.38s | TotalTime=7160.39s | Method=feddenoise_v2
[Round 094/100] Acc=56.480 | Pure=81.005 | RoundTime=72.35s | TotalTime=7232.74s | Method=feddenoise_v2
[Round 095/100] Acc=58.750 | Pure=79.742 | RoundTime=74.66s | TotalTime=7307.41s | Method=feddenoise_v2
[Round 096/100] Acc=59.390 | Pure=81.833 | RoundTime=75.39s | TotalTime=7382.79s | Method=feddenoise_v2
[Round 097/100] Acc=58.960 | Pure=80.394 | RoundTime=73.70s | TotalTime=7456.50s | Method=feddenoise_v2
[Round 098/100] Acc=57.710 | Pure=80.768 | RoundTime=73.64s | TotalTime=7530.13s | Method=feddenoise_v2
[Round 099/100] Acc=61.140 | Pure=80.389 | RoundTime=74.87s | TotalTime=7605.01s | Method=feddenoise_v2
[Round 100/100] Acc=60.040 | Pure=80.799 | RoundTime=64.35s | TotalTime=7669.36s | Method=feddenoise_v2
====================================================================================================
Training finished at: 2026-04-01 16:05:10
Total elapsed time: 7669.36s
Final Acc: 60.040
Best Acc : 61.870
Final Pure: 80.799
Best Pure : 85.385
====================================================================================================
