========================================================================================================================
Training started at: 2026-04-11 20:51:04
Result directory: results/fl_mnist/feddenoise_v3/pm-dir_a-0.3_nm-uni_nr-0.5_nt-asymmetric_wr-20_sr-19_ts-4,3,2,1_tss-most_sim_tsim-full_model_cosine_wm-full_model_dr-0.15_drs-0.1,0.3,0.4,0.5
Result txt file : results/fl_mnist/feddenoise_v3/pm-dir_a-0.3_nm-uni_nr-0.5_nt-asymmetric_wr-20_sr-19_ts-4,3,2,1_tss-most_sim_tsim-full_model_cosine_wm-full_model_dr-0.15_drs-0.1,0.3,0.4,0.5/feddenoise_v3_fl_mnist_20260411-205104-157112_pid3803977.txt
Result log file : results/fl_mnist/feddenoise_v3/pm-dir_a-0.3_nm-uni_nr-0.5_nt-asymmetric_wr-20_sr-19_ts-4,3,2,1_tss-most_sim_tsim-full_model_cosine_wm-full_model_dr-0.15_drs-0.1,0.3,0.4,0.5/feddenoise_v3_fl_mnist_20260411-205104-157112_pid3803977.log
------------------------------------------------------------------------------------------------------------------------
Model: feddenoise_v3
Dataset: fl_mnist
Structure: homogeneity
Participants: 10
Online ratio: 1.0
Communication epochs: 96
Local epoch: 5
Local batch size: 64
Local lr: 0.01
Partition mode: dirichlet
Dirichlet alpha: 0.3
Noise mode: uniform
Noise rate: 0.5
Noise type: asymmetric
Noise max: 0.3
Averaging: weight
Seed: 0
Warmup round: 20
Stage round: 19
Teacher schedule: 4,3,2,1
Teacher select strategy: most_sim
Teacher similarity: full_model_cosine
Teacher score mode: teacher_mean
Warmup mode: full_model
Drop rate: 0.15
Drop rate schedule: 0.1,0.3,0.4,0.5
Exclude self teacher: True
========================================================================================================================
[Round 001/096] Phase=warmup | Stage=warmup | Acc=10.320 | RoundTime=132.54s | TotalTime=132.55s | Method=feddenoise_v3
[Round 002/096] Phase=warmup | Stage=warmup | Acc=58.030 | RoundTime=149.70s | TotalTime=282.26s | Method=feddenoise_v3
[Round 003/096] Phase=warmup | Stage=warmup | Acc=71.580 | RoundTime=149.00s | TotalTime=431.26s | Method=feddenoise_v3
[Round 004/096] Phase=warmup | Stage=warmup | Acc=77.290 | RoundTime=148.87s | TotalTime=580.14s | Method=feddenoise_v3
[Round 005/096] Phase=warmup | Stage=warmup | Acc=73.070 | RoundTime=150.72s | TotalTime=730.87s | Method=feddenoise_v3
[Round 006/096] Phase=warmup | Stage=warmup | Acc=73.910 | RoundTime=150.37s | TotalTime=881.25s | Method=feddenoise_v3
[Round 007/096] Phase=warmup | Stage=warmup | Acc=69.140 | RoundTime=149.76s | TotalTime=1031.01s | Method=feddenoise_v3
[Round 008/096] Phase=warmup | Stage=warmup | Acc=58.800 | RoundTime=150.34s | TotalTime=1181.36s | Method=feddenoise_v3
[Round 009/096] Phase=warmup | Stage=warmup | Acc=63.330 | RoundTime=148.79s | TotalTime=1330.16s | Method=feddenoise_v3
[Round 010/096] Phase=warmup | Stage=warmup | Acc=57.240 | RoundTime=149.35s | TotalTime=1479.51s | Method=feddenoise_v3
