====================================================================================================
Training started at: 2026-03-31 09:16:32
Result directory: results/fl_cifar10/fedcda/pm-dir_a-0.5_nm-uni_nr-0.1_nt-symmetric_st-least_sim_dr-0.55
Result txt file : results/fl_cifar10/fedcda/pm-dir_a-0.5_nm-uni_nr-0.1_nt-symmetric_st-least_sim_dr-0.55/fedcda_fl_cifar10_20260331-091632-828847_pid166354.txt
Result log file : results/fl_cifar10/fedcda/pm-dir_a-0.5_nm-uni_nr-0.1_nt-symmetric_st-least_sim_dr-0.55/fedcda_fl_cifar10_20260331-091632-828847_pid166354.log
----------------------------------------------------------------------------------------------------
Model: fedcda
Dataset: fl_cifar10
Structure: homogeneity
Participants: 100
Online ratio: 0.1
Communication epochs: 100
Local epoch: 10
Local batch size: 48
Local lr: 0.01
Partition mode: dirichlet
Dirichlet alpha: 0.5
Noise mode: uniform
Noise rate: 0.1
Noise type: symmetric
Noise max: 0.3
Denoise score alpha: 0.5
Drop rate: 0.55
Denoise strategy: least_sim
FedProx mu: 0.01
FedRDN std: 0.01
FedCDA history size: NA
FedGLoSS beta: 0.01
Averaging: weight
Seed: 0
====================================================================================================
[Round 001/100] Acc=10.000 | RoundTime=24.67s | TotalTime=24.67s | Method=fedcda
[Round 002/100] Acc=10.730 | RoundTime=24.54s | TotalTime=49.22s | Method=fedcda
[Round 003/100] Acc=11.970 | RoundTime=24.87s | TotalTime=74.09s | Method=fedcda
[Round 004/100] Acc=19.820 | RoundTime=24.90s | TotalTime=98.99s | Method=fedcda
[Round 005/100] Acc=22.240 | RoundTime=24.35s | TotalTime=123.34s | Method=fedcda
[Round 006/100] Acc=47.790 | RoundTime=24.30s | TotalTime=147.64s | Method=fedcda
[Round 007/100] Acc=44.370 | RoundTime=24.76s | TotalTime=172.40s | Method=fedcda
[Round 008/100] Acc=45.770 | RoundTime=24.83s | TotalTime=197.23s | Method=fedcda
[Round 009/100] Acc=51.350 | RoundTime=24.88s | TotalTime=222.11s | Method=fedcda
[Round 010/100] Acc=34.380 | RoundTime=25.04s | TotalTime=247.15s | Method=fedcda
[Round 011/100] Acc=41.560 | RoundTime=25.82s | TotalTime=272.97s | Method=fedcda
[Round 012/100] Acc=51.920 | RoundTime=24.99s | TotalTime=297.96s | Method=fedcda
