====================================================================================================
Training started at: 2026-03-30 04:41:29
Result directory: results/fl_cifar10/fedcda/pm-dir_a-0.1_nm-uni_nr-0.2_nt-symmetric_st-least_sim_dr-0.4
Result txt file : results/fl_cifar10/fedcda/pm-dir_a-0.1_nm-uni_nr-0.2_nt-symmetric_st-least_sim_dr-0.4/fedcda_fl_cifar10_20260330-044129-207981_pid3066572.txt
Result log file : results/fl_cifar10/fedcda/pm-dir_a-0.1_nm-uni_nr-0.2_nt-symmetric_st-least_sim_dr-0.4/fedcda_fl_cifar10_20260330-044129-207981_pid3066572.log
----------------------------------------------------------------------------------------------------
Model: fedcda
Dataset: fl_cifar10
Structure: homogeneity
Participants: 100
Online ratio: 0.1
Communication epochs: 100
Local epoch: 10
Local batch size: 40
Local lr: 0.01
Partition mode: dirichlet
Dirichlet alpha: 0.1
Noise mode: uniform
Noise rate: 0.2
Noise type: symmetric
Noise max: 0.3
Denoise score alpha: 0.5
Drop rate: 0.4
Denoise strategy: least_sim
FedProx mu: 0.01
FedRDN std: 0.01
FedCDA history size: NA
FedGLoSS beta: 0.01
Averaging: weight
Seed: 0
====================================================================================================
[Round 001/100] Acc=10.000 | RoundTime=26.64s | TotalTime=26.64s | Method=fedcda
[Round 002/100] Acc=10.000 | RoundTime=25.19s | TotalTime=51.83s | Method=fedcda
[Round 003/100] Acc=10.010 | RoundTime=25.66s | TotalTime=77.49s | Method=fedcda
[Round 004/100] Acc=12.880 | RoundTime=25.77s | TotalTime=103.27s | Method=fedcda
[Round 005/100] Acc=28.900 | RoundTime=25.89s | TotalTime=129.16s | Method=fedcda
[Round 006/100] Acc=30.490 | RoundTime=25.64s | TotalTime=154.80s | Method=fedcda
[Round 007/100] Acc=13.360 | RoundTime=26.20s | TotalTime=181.00s | Method=fedcda
[Round 008/100] Acc=32.020 | RoundTime=25.85s | TotalTime=206.85s | Method=fedcda
[Round 009/100] Acc=28.480 | RoundTime=26.54s | TotalTime=233.39s | Method=fedcda
[Round 010/100] Acc=23.660 | RoundTime=26.06s | TotalTime=259.44s | Method=fedcda
[Round 011/100] Acc=22.970 | RoundTime=27.93s | TotalTime=287.37s | Method=fedcda
