====================================================================================================
Training started at: 2026-03-22 10:14:23
Result directory: results/fl_mnist/feddenoise/pm-dir_a-0.3_nm-uni_nr-0.3_nt-symmetric_st-random_dr-0.15
Result txt file : results/fl_mnist/feddenoise/pm-dir_a-0.3_nm-uni_nr-0.3_nt-symmetric_st-random_dr-0.15/feddenoise_fl_mnist_20260322-101423-737546_pid3833620.txt
Result log file : results/fl_mnist/feddenoise/pm-dir_a-0.3_nm-uni_nr-0.3_nt-symmetric_st-random_dr-0.15/feddenoise_fl_mnist_20260322-101423-737546_pid3833620.log
----------------------------------------------------------------------------------------------------
Model: feddenoise
Dataset: fl_mnist
Structure: homogeneity
Participants: 100
Online ratio: 0.1
Communication epochs: 100
Local epoch: 10
Local batch size: 64
Local lr: 0.01
Partition mode: dirichlet
Dirichlet alpha: 0.3
Noise mode: uniform
Noise rate: 0.3
Noise type: symmetric
Noise max: 0.3
Denoise score alpha: 0.5
Drop rate: 0.15
Denoise strategy: random
FedProx mu: 0.01
FedRDN std: 0.01
FedCDA history size: NA
FedGLoSS beta: 0.01
Averaging: weight
Seed: 0
====================================================================================================
[Round 001/100] Acc=10.280 | Pure=70.062 | RoundTime=20.31s | TotalTime=20.31s | Method=feddenoise
[Round 002/100] Acc=30.870 | Pure=69.966 | RoundTime=19.55s | TotalTime=39.87s | Method=feddenoise
[Round 003/100] Acc=86.490 | Pure=70.068 | RoundTime=19.82s | TotalTime=59.69s | Method=feddenoise
[Round 004/100] Acc=94.090 | Pure=69.992 | RoundTime=20.07s | TotalTime=79.76s | Method=feddenoise
[Round 005/100] Acc=94.140 | Pure=70.003 | RoundTime=23.82s | TotalTime=103.58s | Method=feddenoise
[Round 006/100] Acc=94.060 | Pure=69.958 | RoundTime=29.38s | TotalTime=132.96s | Method=feddenoise
[Round 007/100] Acc=94.680 | Pure=70.109 | RoundTime=20.52s | TotalTime=153.49s | Method=feddenoise
[Round 008/100] Acc=87.870 | Pure=70.128 | RoundTime=21.01s | TotalTime=174.50s | Method=feddenoise
[Round 009/100] Acc=90.490 | Pure=69.992 | RoundTime=20.76s | TotalTime=195.26s | Method=feddenoise
[Round 010/100] Acc=86.180 | Pure=70.000 | RoundTime=20.38s | TotalTime=215.64s | Method=feddenoise
[Round 011/100] Acc=94.330 | Pure=78.657 | RoundTime=27.28s | TotalTime=242.92s | Method=feddenoise
[Round 012/100] Acc=95.080 | Pure=77.995 | RoundTime=28.44s | TotalTime=271.36s | Method=feddenoise
[Round 013/100] Acc=92.250 | Pure=79.136 | RoundTime=27.90s | TotalTime=299.26s | Method=feddenoise
[Round 014/100] Acc=95.970 | Pure=78.474 | RoundTime=27.22s | TotalTime=326.48s | Method=feddenoise
[Round 015/100] Acc=90.360 | Pure=78.689 | RoundTime=28.59s | TotalTime=355.07s | Method=feddenoise
[Round 016/100] Acc=95.060 | Pure=78.796 | RoundTime=28.04s | TotalTime=383.11s | Method=feddenoise
[Round 017/100] Acc=94.350 | Pure=79.110 | RoundTime=29.08s | TotalTime=412.19s | Method=feddenoise
[Round 018/100] Acc=94.040 | Pure=79.490 | RoundTime=28.49s | TotalTime=440.68s | Method=feddenoise
[Round 019/100] Acc=95.240 | Pure=78.604 | RoundTime=30.64s | TotalTime=471.32s | Method=feddenoise
[Round 020/100] Acc=94.660 | Pure=77.445 | RoundTime=28.35s | TotalTime=499.67s | Method=feddenoise
[Round 021/100] Acc=92.920 | Pure=79.553 | RoundTime=28.99s | TotalTime=528.66s | Method=feddenoise
[Round 022/100] Acc=95.460 | Pure=79.813 | RoundTime=27.87s | TotalTime=556.53s | Method=feddenoise
[Round 023/100] Acc=95.670 | Pure=80.291 | RoundTime=28.91s | TotalTime=585.43s | Method=feddenoise
[Round 024/100] Acc=94.510 | Pure=80.061 | RoundTime=28.82s | TotalTime=614.26s | Method=feddenoise
[Round 025/100] Acc=95.220 | Pure=80.131 | RoundTime=30.24s | TotalTime=644.49s | Method=feddenoise
[Round 026/100] Acc=92.400 | Pure=80.082 | RoundTime=28.93s | TotalTime=673.42s | Method=feddenoise
[Round 027/100] Acc=95.000 | Pure=80.012 | RoundTime=28.64s | TotalTime=702.06s | Method=feddenoise
[Round 028/100] Acc=94.300 | Pure=79.707 | RoundTime=28.26s | TotalTime=730.33s | Method=feddenoise
[Round 029/100] Acc=92.890 | Pure=79.555 | RoundTime=28.43s | TotalTime=758.75s | Method=feddenoise
[Round 030/100] Acc=95.710 | Pure=80.017 | RoundTime=29.25s | TotalTime=788.00s | Method=feddenoise
[Round 031/100] Acc=94.020 | Pure=81.255 | RoundTime=29.15s | TotalTime=817.15s | Method=feddenoise
[Round 032/100] Acc=96.240 | Pure=80.631 | RoundTime=30.41s | TotalTime=847.56s | Method=feddenoise
[Round 033/100] Acc=94.450 | Pure=80.860 | RoundTime=30.42s | TotalTime=877.97s | Method=feddenoise
[Round 034/100] Acc=93.710 | Pure=80.967 | RoundTime=28.43s | TotalTime=906.40s | Method=feddenoise
[Round 035/100] Acc=94.900 | Pure=80.991 | RoundTime=29.61s | TotalTime=936.01s | Method=feddenoise
[Round 036/100] Acc=95.460 | Pure=81.105 | RoundTime=29.53s | TotalTime=965.54s | Method=feddenoise
[Round 037/100] Acc=94.310 | Pure=80.960 | RoundTime=28.59s | TotalTime=994.13s | Method=feddenoise
[Round 038/100] Acc=94.990 | Pure=80.677 | RoundTime=28.68s | TotalTime=1022.81s | Method=feddenoise
[Round 039/100] Acc=95.210 | Pure=81.043 | RoundTime=28.43s | TotalTime=1051.24s | Method=feddenoise
[Round 040/100] Acc=94.470 | Pure=80.891 | RoundTime=30.01s | TotalTime=1081.25s | Method=feddenoise
[Round 041/100] Acc=95.580 | Pure=80.615 | RoundTime=29.05s | TotalTime=1110.30s | Method=feddenoise
[Round 042/100] Acc=95.320 | Pure=81.058 | RoundTime=27.18s | TotalTime=1137.48s | Method=feddenoise
[Round 043/100] Acc=95.610 | Pure=80.622 | RoundTime=28.96s | TotalTime=1166.44s | Method=feddenoise
[Round 044/100] Acc=94.950 | Pure=80.802 | RoundTime=28.45s | TotalTime=1194.88s | Method=feddenoise
[Round 045/100] Acc=94.600 | Pure=80.742 | RoundTime=29.39s | TotalTime=1224.27s | Method=feddenoise
[Round 046/100] Acc=92.430 | Pure=80.613 | RoundTime=29.80s | TotalTime=1254.07s | Method=feddenoise
[Round 047/100] Acc=94.750 | Pure=80.740 | RoundTime=28.43s | TotalTime=1282.50s | Method=feddenoise
[Round 048/100] Acc=95.010 | Pure=80.603 | RoundTime=29.05s | TotalTime=1311.55s | Method=feddenoise
[Round 049/100] Acc=93.950 | Pure=80.982 | RoundTime=29.32s | TotalTime=1340.87s | Method=feddenoise
[Round 050/100] Acc=93.600 | Pure=80.924 | RoundTime=28.67s | TotalTime=1369.54s | Method=feddenoise
[Round 051/100] Acc=95.490 | Pure=80.239 | RoundTime=28.06s | TotalTime=1397.60s | Method=feddenoise
[Round 052/100] Acc=94.740 | Pure=80.656 | RoundTime=28.45s | TotalTime=1426.05s | Method=feddenoise
[Round 053/100] Acc=94.920 | Pure=80.412 | RoundTime=29.40s | TotalTime=1455.45s | Method=feddenoise
[Round 054/100] Acc=93.730 | Pure=80.512 | RoundTime=29.46s | TotalTime=1484.90s | Method=feddenoise
[Round 055/100] Acc=94.290 | Pure=80.968 | RoundTime=28.93s | TotalTime=1513.83s | Method=feddenoise
[Round 056/100] Acc=94.890 | Pure=80.961 | RoundTime=30.56s | TotalTime=1544.40s | Method=feddenoise
[Round 057/100] Acc=94.160 | Pure=80.802 | RoundTime=30.19s | TotalTime=1574.58s | Method=feddenoise
[Round 058/100] Acc=93.880 | Pure=81.265 | RoundTime=29.65s | TotalTime=1604.23s | Method=feddenoise
[Round 059/100] Acc=94.560 | Pure=80.929 | RoundTime=27.88s | TotalTime=1632.11s | Method=feddenoise
[Round 060/100] Acc=95.670 | Pure=80.517 | RoundTime=28.73s | TotalTime=1660.84s | Method=feddenoise
[Round 061/100] Acc=94.980 | Pure=80.237 | RoundTime=28.75s | TotalTime=1689.59s | Method=feddenoise
[Round 062/100] Acc=94.710 | Pure=80.520 | RoundTime=30.01s | TotalTime=1719.60s | Method=feddenoise
[Round 063/100] Acc=95.220 | Pure=80.687 | RoundTime=29.83s | TotalTime=1749.44s | Method=feddenoise
[Round 064/100] Acc=95.100 | Pure=80.763 | RoundTime=28.24s | TotalTime=1777.68s | Method=feddenoise
[Round 065/100] Acc=95.080 | Pure=80.466 | RoundTime=28.06s | TotalTime=1805.74s | Method=feddenoise
[Round 066/100] Acc=95.530 | Pure=80.388 | RoundTime=29.90s | TotalTime=1835.64s | Method=feddenoise
[Round 067/100] Acc=94.120 | Pure=80.708 | RoundTime=27.06s | TotalTime=1862.69s | Method=feddenoise
[Round 068/100] Acc=94.610 | Pure=80.747 | RoundTime=29.84s | TotalTime=1892.53s | Method=feddenoise
[Round 069/100] Acc=95.330 | Pure=80.586 | RoundTime=29.16s | TotalTime=1921.69s | Method=feddenoise
[Round 070/100] Acc=96.060 | Pure=80.232 | RoundTime=28.90s | TotalTime=1950.59s | Method=feddenoise
[Round 071/100] Acc=95.530 | Pure=81.085 | RoundTime=28.43s | TotalTime=1979.02s | Method=feddenoise
[Round 072/100] Acc=95.480 | Pure=81.123 | RoundTime=28.34s | TotalTime=2007.36s | Method=feddenoise
[Round 073/100] Acc=95.620 | Pure=80.923 | RoundTime=29.76s | TotalTime=2037.12s | Method=feddenoise
[Round 074/100] Acc=95.900 | Pure=81.031 | RoundTime=27.99s | TotalTime=2065.11s | Method=feddenoise
[Round 075/100] Acc=95.400 | Pure=81.018 | RoundTime=29.93s | TotalTime=2095.05s | Method=feddenoise
[Round 076/100] Acc=95.030 | Pure=81.174 | RoundTime=29.91s | TotalTime=2124.95s | Method=feddenoise
[Round 077/100] Acc=95.440 | Pure=81.054 | RoundTime=29.23s | TotalTime=2154.19s | Method=feddenoise
[Round 078/100] Acc=94.540 | Pure=81.077 | RoundTime=29.67s | TotalTime=2183.86s | Method=feddenoise
[Round 079/100] Acc=95.390 | Pure=81.041 | RoundTime=27.67s | TotalTime=2211.53s | Method=feddenoise
[Round 080/100] Acc=95.020 | Pure=80.968 | RoundTime=28.11s | TotalTime=2239.64s | Method=feddenoise
[Round 081/100] Acc=93.780 | Pure=80.457 | RoundTime=29.71s | TotalTime=2269.34s | Method=feddenoise
[Round 082/100] Acc=95.020 | Pure=80.443 | RoundTime=29.09s | TotalTime=2298.43s | Method=feddenoise
[Round 083/100] Acc=95.050 | Pure=80.745 | RoundTime=28.42s | TotalTime=2326.85s | Method=feddenoise
[Round 084/100] Acc=94.770 | Pure=80.571 | RoundTime=29.32s | TotalTime=2356.17s | Method=feddenoise
[Round 085/100] Acc=95.280 | Pure=80.298 | RoundTime=28.96s | TotalTime=2385.13s | Method=feddenoise
[Round 086/100] Acc=95.390 | Pure=80.680 | RoundTime=28.72s | TotalTime=2413.86s | Method=feddenoise
[Round 087/100] Acc=95.660 | Pure=80.785 | RoundTime=29.63s | TotalTime=2443.49s | Method=feddenoise
[Round 088/100] Acc=95.080 | Pure=80.756 | RoundTime=29.15s | TotalTime=2472.64s | Method=feddenoise
[Round 089/100] Acc=93.800 | Pure=80.714 | RoundTime=29.51s | TotalTime=2502.15s | Method=feddenoise
[Round 090/100] Acc=94.850 | Pure=80.795 | RoundTime=29.67s | TotalTime=2531.83s | Method=feddenoise
[Round 091/100] Acc=94.370 | Pure=80.761 | RoundTime=28.71s | TotalTime=2560.54s | Method=feddenoise
[Round 092/100] Acc=95.090 | Pure=80.456 | RoundTime=28.87s | TotalTime=2589.41s | Method=feddenoise
[Round 093/100] Acc=94.750 | Pure=80.785 | RoundTime=29.88s | TotalTime=2619.29s | Method=feddenoise
[Round 094/100] Acc=95.020 | Pure=80.407 | RoundTime=29.16s | TotalTime=2648.45s | Method=feddenoise
[Round 095/100] Acc=94.830 | Pure=80.801 | RoundTime=28.80s | TotalTime=2677.25s | Method=feddenoise
[Round 096/100] Acc=95.020 | Pure=80.756 | RoundTime=28.78s | TotalTime=2706.03s | Method=feddenoise
[Round 097/100] Acc=94.830 | Pure=80.441 | RoundTime=29.27s | TotalTime=2735.30s | Method=feddenoise
[Round 098/100] Acc=94.490 | Pure=80.626 | RoundTime=29.07s | TotalTime=2764.37s | Method=feddenoise
[Round 099/100] Acc=95.470 | Pure=80.869 | RoundTime=29.15s | TotalTime=2793.52s | Method=feddenoise
[Round 100/100] Acc=95.300 | Pure=80.557 | RoundTime=26.22s | TotalTime=2819.75s | Method=feddenoise
====================================================================================================
Training finished at: 2026-03-22 11:01:23
Total elapsed time: 2819.75s
Final Acc: 95.300
Best Acc : 96.240
Final Pure: 80.557
Best Pure : 81.265
====================================================================================================
