====================================================================================================
Training started at: 2026-03-31 17:03:44
Result directory: results/fl_cifar10/fedcda/pm-dir_a-0.5_nm-uni_nr-0.4_nt-symmetric_st-least_sim_dr-0.45
Result txt file : results/fl_cifar10/fedcda/pm-dir_a-0.5_nm-uni_nr-0.4_nt-symmetric_st-least_sim_dr-0.45/fedcda_fl_cifar10_20260331-170344-196768_pid3911201.txt
Result log file : results/fl_cifar10/fedcda/pm-dir_a-0.5_nm-uni_nr-0.4_nt-symmetric_st-least_sim_dr-0.45/fedcda_fl_cifar10_20260331-170344-196768_pid3911201.log
----------------------------------------------------------------------------------------------------
Model: fedcda
Dataset: fl_cifar10
Structure: homogeneity
Participants: 100
Online ratio: 0.1
Communication epochs: 100
Local epoch: 10
Local batch size: 60
Local lr: 0.01
Partition mode: dirichlet
Dirichlet alpha: 0.5
Noise mode: uniform
Noise rate: 0.4
Noise type: symmetric
Noise max: 0.3
Denoise score alpha: 0.5
Drop rate: 0.45
Denoise strategy: least_sim
FedProx mu: 0.01
FedRDN std: 0.01
FedCDA history size: NA
FedGLoSS beta: 0.01
Averaging: weight
Seed: 0
====================================================================================================
[Round 001/100] Acc=10.000 | RoundTime=25.01s | TotalTime=25.01s | Method=fedcda
[Round 002/100] Acc=15.440 | RoundTime=24.31s | TotalTime=49.32s | Method=fedcda
[Round 003/100] Acc=25.690 | RoundTime=25.57s | TotalTime=74.89s | Method=fedcda
[Round 004/100] Acc=19.660 | RoundTime=24.17s | TotalTime=99.06s | Method=fedcda
[Round 005/100] Acc=22.290 | RoundTime=25.02s | TotalTime=124.08s | Method=fedcda
[Round 006/100] Acc=40.830 | RoundTime=24.83s | TotalTime=148.91s | Method=fedcda
[Round 007/100] Acc=33.060 | RoundTime=25.11s | TotalTime=174.02s | Method=fedcda
[Round 008/100] Acc=37.850 | RoundTime=25.01s | TotalTime=199.03s | Method=fedcda
[Round 009/100] Acc=34.710 | RoundTime=24.59s | TotalTime=223.62s | Method=fedcda
[Round 010/100] Acc=42.290 | RoundTime=24.96s | TotalTime=248.58s | Method=fedcda
[Round 011/100] Acc=36.870 | RoundTime=26.91s | TotalTime=275.49s | Method=fedcda
