====================================================================================================
Training started at: 2026-03-31 16:04:09
Result directory: results/fl_cifar10/fedcda/pm-dir_a-0.5_nm-uni_nr-0.4_nt-symmetric_st-least_sim_dr-0.5
Result txt file : results/fl_cifar10/fedcda/pm-dir_a-0.5_nm-uni_nr-0.4_nt-symmetric_st-least_sim_dr-0.5/fedcda_fl_cifar10_20260331-160409-798550_pid3424041.txt
Result log file : results/fl_cifar10/fedcda/pm-dir_a-0.5_nm-uni_nr-0.4_nt-symmetric_st-least_sim_dr-0.5/fedcda_fl_cifar10_20260331-160409-798550_pid3424041.log
----------------------------------------------------------------------------------------------------
Model: fedcda
Dataset: fl_cifar10
Structure: homogeneity
Participants: 100
Online ratio: 0.1
Communication epochs: 100
Local epoch: 10
Local batch size: 40
Local lr: 0.01
Partition mode: dirichlet
Dirichlet alpha: 0.5
Noise mode: uniform
Noise rate: 0.4
Noise type: symmetric
Noise max: 0.3
Denoise score alpha: 0.5
Drop rate: 0.5
Denoise strategy: least_sim
FedProx mu: 0.01
FedRDN std: 0.01
FedCDA history size: NA
FedGLoSS beta: 0.01
Averaging: weight
Seed: 0
====================================================================================================
[Round 001/100] Acc=10.000 | RoundTime=26.23s | TotalTime=26.23s | Method=fedcda
[Round 002/100] Acc=10.550 | RoundTime=25.72s | TotalTime=51.95s | Method=fedcda
[Round 003/100] Acc=23.110 | RoundTime=25.67s | TotalTime=77.63s | Method=fedcda
[Round 004/100] Acc=14.470 | RoundTime=25.77s | TotalTime=103.40s | Method=fedcda
[Round 005/100] Acc=31.900 | RoundTime=26.27s | TotalTime=129.67s | Method=fedcda
[Round 006/100] Acc=25.860 | RoundTime=25.61s | TotalTime=155.28s | Method=fedcda
[Round 007/100] Acc=26.680 | RoundTime=25.81s | TotalTime=181.09s | Method=fedcda
[Round 008/100] Acc=20.780 | RoundTime=26.42s | TotalTime=207.51s | Method=fedcda
[Round 009/100] Acc=24.670 | RoundTime=26.33s | TotalTime=233.85s | Method=fedcda
[Round 010/100] Acc=35.450 | RoundTime=25.10s | TotalTime=258.94s | Method=fedcda
[Round 011/100] Acc=37.270 | RoundTime=27.17s | TotalTime=286.12s | Method=fedcda
[Round 012/100] Acc=28.260 | RoundTime=26.01s | TotalTime=312.13s | Method=fedcda
