====================================================================================================
Training started at: 2026-03-15 07:16:16
Result directory: results/fl_mnist/feddenoise/pm-dir_a-0.5_nm-uni_nr-0.3
Result txt file : results/fl_mnist/feddenoise/pm-dir_a-0.5_nm-uni_nr-0.3/feddenoise_fl_mnist_20260315-071616.txt
Result log file : results/fl_mnist/feddenoise/pm-dir_a-0.5_nm-uni_nr-0.3/feddenoise_fl_mnist_20260315-071616.log
----------------------------------------------------------------------------------------------------
Model: feddenoise
Dataset: fl_mnist
Structure: homogeneity
Participants: 100
Online ratio: 0.1
Communication epochs: 100
Local epoch: 10
Local batch size: 64
Local lr: 0.01
Partition mode: dirichlet
Dirichlet alpha: 0.5
Noise mode: uniform
Noise rate: 0.3
Noise type: asymmetric
Noise max: 0.3
Denoise score alpha: 0.5
Drop rate: 0.15
Denoise strategy: random
FedProx mu: 0.01
FedRDN std: 0.01
FedCDA history size: NA
FedGLoSS beta: 0.01
Averaging: weight
Seed: 0
====================================================================================================
[Round 001/100] Acc=11.350 | Pure=70.029 | RoundTime=47.48s | TotalTime=47.48s | Method=feddenoise
[Round 002/100] Acc=51.410 | Pure=69.979 | RoundTime=48.99s | TotalTime=96.47s | Method=feddenoise
[Round 003/100] Acc=68.650 | Pure=69.951 | RoundTime=47.99s | TotalTime=144.46s | Method=feddenoise
[Round 004/100] Acc=78.850 | Pure=69.948 | RoundTime=47.92s | TotalTime=192.38s | Method=feddenoise
[Round 005/100] Acc=90.290 | Pure=70.128 | RoundTime=47.60s | TotalTime=239.98s | Method=feddenoise
[Round 006/100] Acc=84.630 | Pure=69.935 | RoundTime=46.90s | TotalTime=286.88s | Method=feddenoise
[Round 007/100] Acc=85.000 | Pure=69.919 | RoundTime=47.91s | TotalTime=334.79s | Method=feddenoise
[Round 008/100] Acc=91.800 | Pure=69.930 | RoundTime=46.61s | TotalTime=381.40s | Method=feddenoise
[Round 009/100] Acc=92.510 | Pure=69.930 | RoundTime=46.91s | TotalTime=428.31s | Method=feddenoise
[Round 010/100] Acc=92.600 | Pure=69.979 | RoundTime=48.51s | TotalTime=476.82s | Method=feddenoise
[Round 011/100] Acc=94.250 | Pure=77.696 | RoundTime=63.27s | TotalTime=540.09s | Method=feddenoise
[Round 012/100] Acc=94.370 | Pure=78.097 | RoundTime=64.08s | TotalTime=604.17s | Method=feddenoise
[Round 013/100] Acc=88.690 | Pure=78.330 | RoundTime=64.55s | TotalTime=668.72s | Method=feddenoise
[Round 014/100] Acc=92.440 | Pure=77.752 | RoundTime=63.33s | TotalTime=732.06s | Method=feddenoise
[Round 015/100] Acc=93.630 | Pure=77.513 | RoundTime=63.00s | TotalTime=795.05s | Method=feddenoise
[Round 016/100] Acc=91.350 | Pure=77.823 | RoundTime=62.91s | TotalTime=857.96s | Method=feddenoise
[Round 017/100] Acc=92.870 | Pure=78.006 | RoundTime=63.15s | TotalTime=921.11s | Method=feddenoise
[Round 018/100] Acc=94.350 | Pure=77.360 | RoundTime=64.63s | TotalTime=985.74s | Method=feddenoise
[Round 019/100] Acc=94.350 | Pure=77.915 | RoundTime=63.37s | TotalTime=1049.12s | Method=feddenoise
[Round 020/100] Acc=93.230 | Pure=77.548 | RoundTime=64.26s | TotalTime=1113.38s | Method=feddenoise
[Round 021/100] Acc=93.780 | Pure=79.952 | RoundTime=64.58s | TotalTime=1177.97s | Method=feddenoise
[Round 022/100] Acc=91.870 | Pure=80.319 | RoundTime=62.50s | TotalTime=1240.47s | Method=feddenoise
[Round 023/100] Acc=93.940 | Pure=80.092 | RoundTime=62.67s | TotalTime=1303.14s | Method=feddenoise
[Round 024/100] Acc=93.490 | Pure=80.283 | RoundTime=64.25s | TotalTime=1367.40s | Method=feddenoise
[Round 025/100] Acc=92.560 | Pure=79.801 | RoundTime=64.91s | TotalTime=1432.31s | Method=feddenoise
[Round 026/100] Acc=94.510 | Pure=79.601 | RoundTime=63.52s | TotalTime=1495.82s | Method=feddenoise
[Round 027/100] Acc=94.930 | Pure=80.043 | RoundTime=65.09s | TotalTime=1560.91s | Method=feddenoise
[Round 028/100] Acc=93.510 | Pure=79.875 | RoundTime=66.18s | TotalTime=1627.09s | Method=feddenoise
[Round 029/100] Acc=93.210 | Pure=79.357 | RoundTime=63.16s | TotalTime=1690.25s | Method=feddenoise
[Round 030/100] Acc=94.190 | Pure=80.006 | RoundTime=63.61s | TotalTime=1753.86s | Method=feddenoise
[Round 031/100] Acc=93.890 | Pure=79.996 | RoundTime=65.09s | TotalTime=1818.96s | Method=feddenoise
[Round 032/100] Acc=93.700 | Pure=79.639 | RoundTime=64.01s | TotalTime=1882.97s | Method=feddenoise
[Round 033/100] Acc=93.750 | Pure=79.678 | RoundTime=63.80s | TotalTime=1946.77s | Method=feddenoise
[Round 034/100] Acc=93.480 | Pure=79.583 | RoundTime=63.37s | TotalTime=2010.14s | Method=feddenoise
[Round 035/100] Acc=93.440 | Pure=79.257 | RoundTime=64.78s | TotalTime=2074.92s | Method=feddenoise
[Round 036/100] Acc=92.010 | Pure=79.579 | RoundTime=63.19s | TotalTime=2138.11s | Method=feddenoise
[Round 037/100] Acc=92.350 | Pure=79.717 | RoundTime=63.21s | TotalTime=2201.32s | Method=feddenoise
[Round 038/100] Acc=93.580 | Pure=80.190 | RoundTime=62.51s | TotalTime=2263.83s | Method=feddenoise
[Round 039/100] Acc=92.240 | Pure=79.705 | RoundTime=62.78s | TotalTime=2326.61s | Method=feddenoise
[Round 040/100] Acc=92.900 | Pure=79.642 | RoundTime=62.88s | TotalTime=2389.49s | Method=feddenoise
[Round 041/100] Acc=93.590 | Pure=80.162 | RoundTime=63.05s | TotalTime=2452.55s | Method=feddenoise
[Round 042/100] Acc=93.090 | Pure=80.265 | RoundTime=64.23s | TotalTime=2516.77s | Method=feddenoise
[Round 043/100] Acc=92.980 | Pure=80.501 | RoundTime=63.75s | TotalTime=2580.53s | Method=feddenoise
[Round 044/100] Acc=94.000 | Pure=79.452 | RoundTime=63.91s | TotalTime=2644.43s | Method=feddenoise
[Round 045/100] Acc=92.310 | Pure=80.472 | RoundTime=64.12s | TotalTime=2708.56s | Method=feddenoise
[Round 046/100] Acc=92.810 | Pure=80.268 | RoundTime=63.67s | TotalTime=2772.23s | Method=feddenoise
[Round 047/100] Acc=93.520 | Pure=79.532 | RoundTime=63.28s | TotalTime=2835.51s | Method=feddenoise
[Round 048/100] Acc=92.250 | Pure=80.421 | RoundTime=65.28s | TotalTime=2900.79s | Method=feddenoise
[Round 049/100] Acc=92.910 | Pure=79.470 | RoundTime=64.10s | TotalTime=2964.89s | Method=feddenoise
[Round 050/100] Acc=92.970 | Pure=80.235 | RoundTime=63.74s | TotalTime=3028.63s | Method=feddenoise
[Round 051/100] Acc=92.480 | Pure=79.361 | RoundTime=63.27s | TotalTime=3091.90s | Method=feddenoise
[Round 052/100] Acc=92.480 | Pure=78.996 | RoundTime=63.32s | TotalTime=3155.22s | Method=feddenoise
[Round 053/100] Acc=91.950 | Pure=79.472 | RoundTime=63.86s | TotalTime=3219.08s | Method=feddenoise
[Round 054/100] Acc=93.060 | Pure=79.724 | RoundTime=64.71s | TotalTime=3283.79s | Method=feddenoise
[Round 055/100] Acc=92.800 | Pure=79.554 | RoundTime=64.53s | TotalTime=3348.32s | Method=feddenoise
[Round 056/100] Acc=92.770 | Pure=79.376 | RoundTime=64.95s | TotalTime=3413.27s | Method=feddenoise
[Round 057/100] Acc=92.870 | Pure=79.531 | RoundTime=63.38s | TotalTime=3476.65s | Method=feddenoise
[Round 058/100] Acc=92.820 | Pure=79.232 | RoundTime=65.67s | TotalTime=3542.32s | Method=feddenoise
[Round 059/100] Acc=91.210 | Pure=79.766 | RoundTime=63.60s | TotalTime=3605.92s | Method=feddenoise
[Round 060/100] Acc=91.640 | Pure=79.382 | RoundTime=63.70s | TotalTime=3669.62s | Method=feddenoise
[Round 061/100] Acc=91.580 | Pure=80.331 | RoundTime=64.84s | TotalTime=3734.46s | Method=feddenoise
[Round 062/100] Acc=91.740 | Pure=79.876 | RoundTime=64.15s | TotalTime=3798.61s | Method=feddenoise
[Round 063/100] Acc=91.630 | Pure=79.938 | RoundTime=64.06s | TotalTime=3862.67s | Method=feddenoise
[Round 064/100] Acc=90.710 | Pure=79.790 | RoundTime=65.57s | TotalTime=3928.24s | Method=feddenoise
[Round 065/100] Acc=91.830 | Pure=80.373 | RoundTime=64.98s | TotalTime=3993.22s | Method=feddenoise
[Round 066/100] Acc=93.100 | Pure=79.812 | RoundTime=65.52s | TotalTime=4058.75s | Method=feddenoise
[Round 067/100] Acc=92.360 | Pure=80.066 | RoundTime=65.97s | TotalTime=4124.72s | Method=feddenoise
[Round 068/100] Acc=90.680 | Pure=80.511 | RoundTime=67.77s | TotalTime=4192.50s | Method=feddenoise
[Round 069/100] Acc=92.600 | Pure=80.158 | RoundTime=65.26s | TotalTime=4257.75s | Method=feddenoise
[Round 070/100] Acc=91.460 | Pure=80.226 | RoundTime=67.46s | TotalTime=4325.22s | Method=feddenoise
[Round 071/100] Acc=91.710 | Pure=79.869 | RoundTime=67.26s | TotalTime=4392.48s | Method=feddenoise
[Round 072/100] Acc=89.730 | Pure=79.581 | RoundTime=67.00s | TotalTime=4459.48s | Method=feddenoise
[Round 073/100] Acc=91.400 | Pure=80.112 | RoundTime=67.56s | TotalTime=4527.04s | Method=feddenoise
[Round 074/100] Acc=91.210 | Pure=79.758 | RoundTime=67.61s | TotalTime=4594.65s | Method=feddenoise
[Round 075/100] Acc=91.160 | Pure=80.113 | RoundTime=65.95s | TotalTime=4660.61s | Method=feddenoise
[Round 076/100] Acc=90.830 | Pure=80.476 | RoundTime=66.31s | TotalTime=4726.92s | Method=feddenoise
[Round 077/100] Acc=91.370 | Pure=80.019 | RoundTime=65.63s | TotalTime=4792.55s | Method=feddenoise
[Round 078/100] Acc=92.310 | Pure=80.393 | RoundTime=67.68s | TotalTime=4860.23s | Method=feddenoise
[Round 079/100] Acc=91.820 | Pure=79.631 | RoundTime=67.50s | TotalTime=4927.73s | Method=feddenoise
[Round 080/100] Acc=91.500 | Pure=80.082 | RoundTime=67.98s | TotalTime=4995.71s | Method=feddenoise
[Round 081/100] Acc=91.320 | Pure=79.368 | RoundTime=67.03s | TotalTime=5062.73s | Method=feddenoise
[Round 082/100] Acc=91.700 | Pure=80.108 | RoundTime=65.97s | TotalTime=5128.70s | Method=feddenoise
[Round 083/100] Acc=92.000 | Pure=79.947 | RoundTime=66.61s | TotalTime=5195.31s | Method=feddenoise
[Round 084/100] Acc=91.680 | Pure=79.825 | RoundTime=67.61s | TotalTime=5262.92s | Method=feddenoise
[Round 085/100] Acc=91.820 | Pure=79.719 | RoundTime=67.36s | TotalTime=5330.28s | Method=feddenoise
[Round 086/100] Acc=91.590 | Pure=79.751 | RoundTime=66.50s | TotalTime=5396.78s | Method=feddenoise
[Round 087/100] Acc=92.790 | Pure=79.796 | RoundTime=67.50s | TotalTime=5464.28s | Method=feddenoise
[Round 088/100] Acc=90.600 | Pure=80.187 | RoundTime=66.89s | TotalTime=5531.16s | Method=feddenoise
[Round 089/100] Acc=91.270 | Pure=79.753 | RoundTime=68.02s | TotalTime=5599.18s | Method=feddenoise
[Round 090/100] Acc=91.160 | Pure=79.914 | RoundTime=67.61s | TotalTime=5666.80s | Method=feddenoise
[Round 091/100] Acc=91.070 | Pure=80.128 | RoundTime=66.57s | TotalTime=5733.36s | Method=feddenoise
[Round 092/100] Acc=90.640 | Pure=79.876 | RoundTime=67.71s | TotalTime=5801.08s | Method=feddenoise
[Round 093/100] Acc=92.600 | Pure=80.066 | RoundTime=67.28s | TotalTime=5868.35s | Method=feddenoise
[Round 094/100] Acc=91.270 | Pure=80.177 | RoundTime=68.22s | TotalTime=5936.57s | Method=feddenoise
[Round 095/100] Acc=91.090 | Pure=79.934 | RoundTime=66.04s | TotalTime=6002.61s | Method=feddenoise
[Round 096/100] Acc=90.970 | Pure=80.131 | RoundTime=67.39s | TotalTime=6069.99s | Method=feddenoise
[Round 097/100] Acc=90.620 | Pure=79.746 | RoundTime=67.60s | TotalTime=6137.59s | Method=feddenoise
[Round 098/100] Acc=90.800 | Pure=80.148 | RoundTime=66.97s | TotalTime=6204.56s | Method=feddenoise
[Round 099/100] Acc=90.520 | Pure=79.997 | RoundTime=67.09s | TotalTime=6271.65s | Method=feddenoise
[Round 100/100] Acc=91.080 | Pure=80.065 | RoundTime=66.57s | TotalTime=6338.22s | Method=feddenoise
====================================================================================================
Training finished at: 2026-03-15 09:01:54
Total elapsed time: 6338.22s
Final Acc: 91.080
Best Acc : 94.930
Final Pure: 80.065
Best Pure : 80.511
====================================================================================================
