====================================================================================================
Training started at: 2026-03-10 03:57:26
Result directory: results/fl_tinyimagenet/feddenoise
Result txt file : results/fl_tinyimagenet/feddenoise/model=feddenoise_dataset=fl_tinyimagenet_structure=homogeneity_parti=100_onlineRatio=0.1_commE=100_localE=10_bs=64_lr=0.01_alpha=0.5_drop=0.15_denoise=random_noiseType=symmetric_noiseMax=0.3_avg=weight_seed=0_20260310-035726.txt
Result log file : results/fl_tinyimagenet/feddenoise/model=feddenoise_dataset=fl_tinyimagenet_structure=homogeneity_parti=100_onlineRatio=0.1_commE=100_localE=10_bs=64_lr=0.01_alpha=0.5_drop=0.15_denoise=random_noiseType=symmetric_noiseMax=0.3_avg=weight_seed=0_20260310-035726.log
----------------------------------------------------------------------------------------------------
Model: feddenoise
Dataset: fl_tinyimagenet
Structure: homogeneity
Participants: 100
Online ratio: 0.1
Communication epochs: 100
Local epoch: 10
Local batch size: 64
Local lr: 0.01
Alpha: 0.5
Drop rate: 0.15
Denoise strategy: random
Noise type: symmetric
Noise max: 0.3
Averaging: weight
Seed: 0
====================================================================================================
[Round 001/100] Acc=0.810 | Pure=78.511 | RoundTime=87.15s | TotalTime=87.15s | Method=feddenoise
[Round 002/100] Acc=2.070 | Pure=84.039 | RoundTime=85.77s | TotalTime=172.92s | Method=feddenoise
[Round 003/100] Acc=4.000 | Pure=84.498 | RoundTime=85.14s | TotalTime=258.06s | Method=feddenoise
[Round 004/100] Acc=3.880 | Pure=81.013 | RoundTime=86.23s | TotalTime=344.30s | Method=feddenoise
[Round 005/100] Acc=4.810 | Pure=84.865 | RoundTime=84.64s | TotalTime=428.94s | Method=feddenoise
[Round 006/100] Acc=5.110 | Pure=82.650 | RoundTime=86.46s | TotalTime=515.39s | Method=feddenoise
[Round 007/100] Acc=5.780 | Pure=81.846 | RoundTime=85.12s | TotalTime=600.51s | Method=feddenoise
[Round 008/100] Acc=6.130 | Pure=83.856 | RoundTime=85.01s | TotalTime=685.52s | Method=feddenoise
[Round 009/100] Acc=6.450 | Pure=86.284 | RoundTime=85.43s | TotalTime=770.96s | Method=feddenoise
[Round 010/100] Acc=6.480 | Pure=82.182 | RoundTime=84.90s | TotalTime=855.86s | Method=feddenoise
[Round 011/100] Acc=6.990 | Pure=89.328 | RoundTime=115.41s | TotalTime=971.27s | Method=feddenoise
[Round 012/100] Acc=7.170 | Pure=87.030 | RoundTime=114.99s | TotalTime=1086.26s | Method=feddenoise
[Round 013/100] Acc=7.900 | Pure=89.963 | RoundTime=113.72s | TotalTime=1199.98s | Method=feddenoise
[Round 014/100] Acc=8.130 | Pure=86.470 | RoundTime=118.02s | TotalTime=1318.00s | Method=feddenoise
[Round 015/100] Acc=7.640 | Pure=82.989 | RoundTime=114.65s | TotalTime=1432.65s | Method=feddenoise
[Round 016/100] Acc=8.180 | Pure=87.480 | RoundTime=116.44s | TotalTime=1549.09s | Method=feddenoise
[Round 017/100] Acc=8.500 | Pure=86.254 | RoundTime=114.10s | TotalTime=1663.19s | Method=feddenoise
[Round 018/100] Acc=8.470 | Pure=84.661 | RoundTime=112.90s | TotalTime=1776.09s | Method=feddenoise
[Round 019/100] Acc=8.880 | Pure=90.182 | RoundTime=115.49s | TotalTime=1891.58s | Method=feddenoise
[Round 020/100] Acc=9.200 | Pure=91.903 | RoundTime=114.87s | TotalTime=2006.45s | Method=feddenoise
[Round 021/100] Acc=8.780 | Pure=88.577 | RoundTime=117.67s | TotalTime=2124.12s | Method=feddenoise
[Round 022/100] Acc=9.180 | Pure=89.733 | RoundTime=114.91s | TotalTime=2239.03s | Method=feddenoise
[Round 023/100] Acc=9.100 | Pure=89.232 | RoundTime=116.71s | TotalTime=2355.74s | Method=feddenoise
[Round 024/100] Acc=9.160 | Pure=85.524 | RoundTime=116.93s | TotalTime=2472.67s | Method=feddenoise
[Round 025/100] Acc=9.750 | Pure=89.394 | RoundTime=118.25s | TotalTime=2590.92s | Method=feddenoise
[Round 026/100] Acc=9.860 | Pure=87.104 | RoundTime=114.78s | TotalTime=2705.70s | Method=feddenoise
[Round 027/100] Acc=9.360 | Pure=89.189 | RoundTime=115.92s | TotalTime=2821.63s | Method=feddenoise
[Round 028/100] Acc=10.150 | Pure=89.506 | RoundTime=116.25s | TotalTime=2937.87s | Method=feddenoise
[Round 029/100] Acc=9.830 | Pure=87.737 | RoundTime=115.76s | TotalTime=3053.64s | Method=feddenoise
[Round 030/100] Acc=9.880 | Pure=89.640 | RoundTime=115.62s | TotalTime=3169.26s | Method=feddenoise
[Round 031/100] Acc=9.410 | Pure=89.951 | RoundTime=116.45s | TotalTime=3285.71s | Method=feddenoise
[Round 032/100] Acc=9.680 | Pure=88.148 | RoundTime=115.89s | TotalTime=3401.60s | Method=feddenoise
[Round 033/100] Acc=9.690 | Pure=87.539 | RoundTime=116.59s | TotalTime=3518.20s | Method=feddenoise
[Round 034/100] Acc=10.090 | Pure=88.283 | RoundTime=117.30s | TotalTime=3635.49s | Method=feddenoise
[Round 035/100] Acc=10.060 | Pure=86.584 | RoundTime=118.49s | TotalTime=3753.98s | Method=feddenoise
[Round 036/100] Acc=9.900 | Pure=88.123 | RoundTime=117.24s | TotalTime=3871.22s | Method=feddenoise
[Round 037/100] Acc=10.040 | Pure=90.281 | RoundTime=115.19s | TotalTime=3986.40s | Method=feddenoise
[Round 038/100] Acc=9.760 | Pure=87.855 | RoundTime=115.59s | TotalTime=4101.99s | Method=feddenoise
[Round 039/100] Acc=9.930 | Pure=92.104 | RoundTime=112.89s | TotalTime=4214.88s | Method=feddenoise
[Round 040/100] Acc=10.160 | Pure=90.703 | RoundTime=114.62s | TotalTime=4329.50s | Method=feddenoise
[Round 041/100] Acc=9.830 | Pure=87.435 | RoundTime=114.69s | TotalTime=4444.19s | Method=feddenoise
[Round 042/100] Acc=9.490 | Pure=87.015 | RoundTime=118.28s | TotalTime=4562.47s | Method=feddenoise
[Round 043/100] Acc=10.040 | Pure=87.694 | RoundTime=115.40s | TotalTime=4677.88s | Method=feddenoise
[Round 044/100] Acc=9.770 | Pure=86.875 | RoundTime=119.51s | TotalTime=4797.39s | Method=feddenoise
[Round 045/100] Acc=10.410 | Pure=89.528 | RoundTime=116.05s | TotalTime=4913.44s | Method=feddenoise
[Round 046/100] Acc=10.270 | Pure=88.355 | RoundTime=117.49s | TotalTime=5030.93s | Method=feddenoise
[Round 047/100] Acc=9.790 | Pure=88.616 | RoundTime=114.50s | TotalTime=5145.43s | Method=feddenoise
[Round 048/100] Acc=9.640 | Pure=87.116 | RoundTime=121.23s | TotalTime=5266.66s | Method=feddenoise
[Round 049/100] Acc=10.230 | Pure=89.682 | RoundTime=117.52s | TotalTime=5384.18s | Method=feddenoise
[Round 050/100] Acc=10.070 | Pure=88.332 | RoundTime=116.28s | TotalTime=5500.46s | Method=feddenoise
[Round 051/100] Acc=10.280 | Pure=90.276 | RoundTime=118.13s | TotalTime=5618.59s | Method=feddenoise
[Round 052/100] Acc=10.310 | Pure=86.888 | RoundTime=120.56s | TotalTime=5739.15s | Method=feddenoise
[Round 053/100] Acc=10.840 | Pure=91.374 | RoundTime=115.00s | TotalTime=5854.16s | Method=feddenoise
[Round 054/100] Acc=10.420 | Pure=91.556 | RoundTime=117.51s | TotalTime=5971.67s | Method=feddenoise
[Round 055/100] Acc=10.000 | Pure=88.252 | RoundTime=119.46s | TotalTime=6091.13s | Method=feddenoise
[Round 056/100] Acc=9.810 | Pure=86.540 | RoundTime=117.92s | TotalTime=6209.06s | Method=feddenoise
[Round 057/100] Acc=10.490 | Pure=86.638 | RoundTime=118.47s | TotalTime=6327.52s | Method=feddenoise
[Round 058/100] Acc=9.560 | Pure=86.313 | RoundTime=118.02s | TotalTime=6445.54s | Method=feddenoise
[Round 059/100] Acc=9.800 | Pure=85.638 | RoundTime=117.78s | TotalTime=6563.32s | Method=feddenoise
[Round 060/100] Acc=10.460 | Pure=90.391 | RoundTime=115.76s | TotalTime=6679.08s | Method=feddenoise
[Round 061/100] Acc=9.800 | Pure=89.236 | RoundTime=113.69s | TotalTime=6792.78s | Method=feddenoise
[Round 062/100] Acc=10.640 | Pure=89.878 | RoundTime=115.58s | TotalTime=6908.36s | Method=feddenoise
[Round 063/100] Acc=9.470 | Pure=87.538 | RoundTime=120.88s | TotalTime=7029.24s | Method=feddenoise
[Round 064/100] Acc=9.940 | Pure=89.548 | RoundTime=118.28s | TotalTime=7147.52s | Method=feddenoise
[Round 065/100] Acc=9.990 | Pure=87.293 | RoundTime=114.93s | TotalTime=7262.45s | Method=feddenoise
[Round 066/100] Acc=10.480 | Pure=88.678 | RoundTime=117.88s | TotalTime=7380.34s | Method=feddenoise
[Round 067/100] Acc=10.410 | Pure=88.881 | RoundTime=119.48s | TotalTime=7499.82s | Method=feddenoise
[Round 068/100] Acc=10.180 | Pure=91.406 | RoundTime=116.90s | TotalTime=7616.72s | Method=feddenoise
[Round 069/100] Acc=10.890 | Pure=89.194 | RoundTime=114.74s | TotalTime=7731.46s | Method=feddenoise
[Round 070/100] Acc=9.810 | Pure=87.239 | RoundTime=115.92s | TotalTime=7847.39s | Method=feddenoise
[Round 071/100] Acc=10.770 | Pure=90.192 | RoundTime=114.71s | TotalTime=7962.10s | Method=feddenoise
[Round 072/100] Acc=9.810 | Pure=88.992 | RoundTime=115.56s | TotalTime=8077.67s | Method=feddenoise
[Round 073/100] Acc=10.670 | Pure=91.987 | RoundTime=119.62s | TotalTime=8197.29s | Method=feddenoise
[Round 074/100] Acc=10.190 | Pure=88.232 | RoundTime=115.86s | TotalTime=8313.15s | Method=feddenoise
[Round 075/100] Acc=10.220 | Pure=89.728 | RoundTime=113.87s | TotalTime=8427.02s | Method=feddenoise
[Round 076/100] Acc=9.980 | Pure=86.630 | RoundTime=117.33s | TotalTime=8544.35s | Method=feddenoise
[Round 077/100] Acc=10.290 | Pure=90.765 | RoundTime=116.32s | TotalTime=8660.67s | Method=feddenoise
[Round 078/100] Acc=9.950 | Pure=91.309 | RoundTime=113.85s | TotalTime=8774.52s | Method=feddenoise
[Round 079/100] Acc=10.070 | Pure=89.254 | RoundTime=116.14s | TotalTime=8890.66s | Method=feddenoise
[Round 080/100] Acc=10.390 | Pure=90.863 | RoundTime=114.43s | TotalTime=9005.09s | Method=feddenoise
[Round 081/100] Acc=10.030 | Pure=86.374 | RoundTime=115.33s | TotalTime=9120.42s | Method=feddenoise
[Round 082/100] Acc=10.420 | Pure=89.398 | RoundTime=115.12s | TotalTime=9235.54s | Method=feddenoise
[Round 083/100] Acc=9.930 | Pure=85.393 | RoundTime=117.51s | TotalTime=9353.05s | Method=feddenoise
[Round 084/100] Acc=10.000 | Pure=90.807 | RoundTime=114.42s | TotalTime=9467.46s | Method=feddenoise
[Round 085/100] Acc=9.970 | Pure=86.325 | RoundTime=118.53s | TotalTime=9586.00s | Method=feddenoise
[Round 086/100] Acc=9.850 | Pure=87.133 | RoundTime=118.81s | TotalTime=9704.81s | Method=feddenoise
[Round 087/100] Acc=10.330 | Pure=90.773 | RoundTime=114.48s | TotalTime=9819.29s | Method=feddenoise
[Round 088/100] Acc=9.950 | Pure=86.965 | RoundTime=114.78s | TotalTime=9934.06s | Method=feddenoise
[Round 089/100] Acc=10.100 | Pure=86.307 | RoundTime=119.78s | TotalTime=10053.85s | Method=feddenoise
[Round 090/100] Acc=9.730 | Pure=88.701 | RoundTime=116.37s | TotalTime=10170.21s | Method=feddenoise
[Round 091/100] Acc=9.540 | Pure=90.739 | RoundTime=114.04s | TotalTime=10284.26s | Method=feddenoise
[Round 092/100] Acc=9.490 | Pure=87.764 | RoundTime=114.61s | TotalTime=10398.87s | Method=feddenoise
[Round 093/100] Acc=8.890 | Pure=85.610 | RoundTime=114.31s | TotalTime=10513.18s | Method=feddenoise
[Round 094/100] Acc=8.800 | Pure=84.557 | RoundTime=115.39s | TotalTime=10628.57s | Method=feddenoise
[Round 095/100] Acc=9.590 | Pure=87.621 | RoundTime=113.75s | TotalTime=10742.32s | Method=feddenoise
[Round 096/100] Acc=9.180 | Pure=89.548 | RoundTime=115.13s | TotalTime=10857.45s | Method=feddenoise
[Round 097/100] Acc=9.070 | Pure=88.274 | RoundTime=116.13s | TotalTime=10973.58s | Method=feddenoise
[Round 098/100] Acc=9.260 | Pure=89.850 | RoundTime=117.98s | TotalTime=11091.56s | Method=feddenoise
[Round 099/100] Acc=9.260 | Pure=86.476 | RoundTime=101.89s | TotalTime=11193.45s | Method=feddenoise
[Round 100/100] Acc=8.710 | Pure=85.589 | RoundTime=90.23s | TotalTime=11283.67s | Method=feddenoise
====================================================================================================
Training finished at: 2026-03-10 07:05:30
Total elapsed time: 11283.67s
Final Acc: 8.710
Best Acc : 10.890
Final Pure: 85.589
Best Pure : 92.104
====================================================================================================
