====================================================================================================
Training started at: 2026-04-01 11:08:06
Result directory: results/fl_svhn/feddenoise_v2/pm-dir_a-0.1_nm-uni_nr-0.3_nt-symmetric_st-least_sim_dr-0.45
Result txt file : results/fl_svhn/feddenoise_v2/pm-dir_a-0.1_nm-uni_nr-0.3_nt-symmetric_st-least_sim_dr-0.45/feddenoise_v2_fl_svhn_20260401-110806-891144_pid566674.txt
Result log file : results/fl_svhn/feddenoise_v2/pm-dir_a-0.1_nm-uni_nr-0.3_nt-symmetric_st-least_sim_dr-0.45/feddenoise_v2_fl_svhn_20260401-110806-891144_pid566674.log
----------------------------------------------------------------------------------------------------
Model: feddenoise_v2
Dataset: fl_svhn
Structure: homogeneity
Participants: 100
Online ratio: 0.1
Communication epochs: 100
Local epoch: 10
Local batch size: 32
Local lr: 0.01
Partition mode: dirichlet
Dirichlet alpha: 0.1
Noise mode: uniform
Noise rate: 0.3
Noise type: symmetric
Noise max: 0.3
Denoise score alpha: 0.5
Drop rate: 0.45
Denoise strategy: least_sim
FedProx mu: 0.01
FedRDN std: 0.01
FedCDA history size: NA
FedGLoSS beta: 0.01
Averaging: weight
Seed: 0
====================================================================================================
[Round 001/100] Acc=19.590 | Pure=70.107 | RoundTime=31.76s | TotalTime=31.76s | Method=feddenoise_v2
[Round 002/100] Acc=19.590 | Pure=70.115 | RoundTime=30.29s | TotalTime=62.05s | Method=feddenoise_v2
[Round 003/100] Acc=25.650 | Pure=70.099 | RoundTime=32.16s | TotalTime=94.21s | Method=feddenoise_v2
[Round 004/100] Acc=52.210 | Pure=70.104 | RoundTime=32.09s | TotalTime=126.30s | Method=feddenoise_v2
[Round 005/100] Acc=40.710 | Pure=70.101 | RoundTime=31.76s | TotalTime=158.06s | Method=feddenoise_v2
[Round 006/100] Acc=53.380 | Pure=70.109 | RoundTime=32.06s | TotalTime=190.13s | Method=feddenoise_v2
[Round 007/100] Acc=47.780 | Pure=70.102 | RoundTime=30.86s | TotalTime=220.98s | Method=feddenoise_v2
[Round 008/100] Acc=53.720 | Pure=70.107 | RoundTime=31.51s | TotalTime=252.50s | Method=feddenoise_v2
[Round 009/100] Acc=39.370 | Pure=70.100 | RoundTime=32.63s | TotalTime=285.13s | Method=feddenoise_v2
[Round 010/100] Acc=49.670 | Pure=70.103 | RoundTime=33.05s | TotalTime=318.18s | Method=feddenoise_v2
[Round 011/100] Acc=51.130 | Pure=88.273 | RoundTime=71.37s | TotalTime=389.55s | Method=feddenoise_v2
[Round 012/100] Acc=47.820 | Pure=93.584 | RoundTime=68.51s | TotalTime=458.06s | Method=feddenoise_v2
[Round 013/100] Acc=62.140 | Pure=86.133 | RoundTime=69.37s | TotalTime=527.43s | Method=feddenoise_v2
[Round 014/100] Acc=62.740 | Pure=88.120 | RoundTime=67.07s | TotalTime=594.50s | Method=feddenoise_v2
[Round 015/100] Acc=66.110 | Pure=85.555 | RoundTime=70.55s | TotalTime=665.05s | Method=feddenoise_v2
[Round 016/100] Acc=67.080 | Pure=86.828 | RoundTime=67.70s | TotalTime=732.75s | Method=feddenoise_v2
[Round 017/100] Acc=67.710 | Pure=87.873 | RoundTime=69.48s | TotalTime=802.23s | Method=feddenoise_v2
[Round 018/100] Acc=61.150 | Pure=88.237 | RoundTime=69.11s | TotalTime=871.34s | Method=feddenoise_v2
[Round 019/100] Acc=70.970 | Pure=84.409 | RoundTime=68.36s | TotalTime=939.70s | Method=feddenoise_v2
[Round 020/100] Acc=63.020 | Pure=89.650 | RoundTime=68.69s | TotalTime=1008.39s | Method=feddenoise_v2
[Round 021/100] Acc=65.170 | Pure=91.607 | RoundTime=60.67s | TotalTime=1069.07s | Method=feddenoise_v2
[Round 022/100] Acc=69.780 | Pure=89.978 | RoundTime=60.07s | TotalTime=1129.13s | Method=feddenoise_v2
[Round 023/100] Acc=67.250 | Pure=91.061 | RoundTime=60.58s | TotalTime=1189.72s | Method=feddenoise_v2
[Round 024/100] Acc=67.320 | Pure=91.912 | RoundTime=59.66s | TotalTime=1249.38s | Method=feddenoise_v2
[Round 025/100] Acc=69.730 | Pure=90.330 | RoundTime=59.66s | TotalTime=1309.04s | Method=feddenoise_v2
[Round 026/100] Acc=70.140 | Pure=93.492 | RoundTime=59.20s | TotalTime=1368.24s | Method=feddenoise_v2
[Round 027/100] Acc=73.610 | Pure=88.967 | RoundTime=59.27s | TotalTime=1427.51s | Method=feddenoise_v2
[Round 028/100] Acc=73.310 | Pure=91.928 | RoundTime=60.30s | TotalTime=1487.82s | Method=feddenoise_v2
[Round 029/100] Acc=71.930 | Pure=90.435 | RoundTime=60.06s | TotalTime=1547.88s | Method=feddenoise_v2
[Round 030/100] Acc=71.550 | Pure=91.049 | RoundTime=59.58s | TotalTime=1607.46s | Method=feddenoise_v2
[Round 031/100] Acc=72.870 | Pure=92.830 | RoundTime=52.08s | TotalTime=1659.54s | Method=feddenoise_v2
[Round 032/100] Acc=68.830 | Pure=91.541 | RoundTime=51.80s | TotalTime=1711.34s | Method=feddenoise_v2
[Round 033/100] Acc=73.130 | Pure=93.454 | RoundTime=51.54s | TotalTime=1762.88s | Method=feddenoise_v2
[Round 034/100] Acc=77.420 | Pure=93.251 | RoundTime=52.65s | TotalTime=1815.52s | Method=feddenoise_v2
[Round 035/100] Acc=76.180 | Pure=94.481 | RoundTime=52.72s | TotalTime=1868.24s | Method=feddenoise_v2
[Round 036/100] Acc=76.130 | Pure=93.532 | RoundTime=52.18s | TotalTime=1920.42s | Method=feddenoise_v2
[Round 037/100] Acc=75.040 | Pure=95.040 | RoundTime=50.69s | TotalTime=1971.11s | Method=feddenoise_v2
[Round 038/100] Acc=77.220 | Pure=92.509 | RoundTime=51.77s | TotalTime=2022.88s | Method=feddenoise_v2
[Round 039/100] Acc=76.790 | Pure=93.492 | RoundTime=49.77s | TotalTime=2072.65s | Method=feddenoise_v2
[Round 040/100] Acc=72.250 | Pure=93.601 | RoundTime=48.51s | TotalTime=2121.16s | Method=feddenoise_v2
[Round 041/100] Acc=76.140 | Pure=91.642 | RoundTime=41.69s | TotalTime=2162.85s | Method=feddenoise_v2
[Round 042/100] Acc=72.480 | Pure=94.053 | RoundTime=42.44s | TotalTime=2205.29s | Method=feddenoise_v2
[Round 043/100] Acc=76.740 | Pure=92.465 | RoundTime=42.00s | TotalTime=2247.30s | Method=feddenoise_v2
[Round 044/100] Acc=74.540 | Pure=92.073 | RoundTime=42.34s | TotalTime=2289.64s | Method=feddenoise_v2
[Round 045/100] Acc=77.830 | Pure=91.597 | RoundTime=42.70s | TotalTime=2332.34s | Method=feddenoise_v2
[Round 046/100] Acc=75.940 | Pure=92.595 | RoundTime=42.04s | TotalTime=2374.38s | Method=feddenoise_v2
[Round 047/100] Acc=76.770 | Pure=94.253 | RoundTime=42.70s | TotalTime=2417.09s | Method=feddenoise_v2
[Round 048/100] Acc=79.650 | Pure=92.600 | RoundTime=42.61s | TotalTime=2459.69s | Method=feddenoise_v2
[Round 049/100] Acc=77.550 | Pure=93.394 | RoundTime=42.06s | TotalTime=2501.75s | Method=feddenoise_v2
[Round 050/100] Acc=77.800 | Pure=95.820 | RoundTime=43.02s | TotalTime=2544.77s | Method=feddenoise_v2
[Round 051/100] Acc=76.000 | Pure=94.512 | RoundTime=42.61s | TotalTime=2587.39s | Method=feddenoise_v2
[Round 052/100] Acc=75.380 | Pure=94.614 | RoundTime=41.44s | TotalTime=2628.82s | Method=feddenoise_v2
[Round 053/100] Acc=77.440 | Pure=93.049 | RoundTime=42.74s | TotalTime=2671.56s | Method=feddenoise_v2
[Round 054/100] Acc=76.420 | Pure=94.706 | RoundTime=43.37s | TotalTime=2714.93s | Method=feddenoise_v2
[Round 055/100] Acc=76.420 | Pure=94.983 | RoundTime=42.77s | TotalTime=2757.70s | Method=feddenoise_v2
[Round 056/100] Acc=78.010 | Pure=93.690 | RoundTime=42.01s | TotalTime=2799.71s | Method=feddenoise_v2
[Round 057/100] Acc=71.670 | Pure=94.470 | RoundTime=41.70s | TotalTime=2841.41s | Method=feddenoise_v2
[Round 058/100] Acc=78.980 | Pure=92.150 | RoundTime=42.03s | TotalTime=2883.44s | Method=feddenoise_v2
[Round 059/100] Acc=76.160 | Pure=92.997 | RoundTime=42.37s | TotalTime=2925.81s | Method=feddenoise_v2
[Round 060/100] Acc=78.400 | Pure=92.643 | RoundTime=42.74s | TotalTime=2968.56s | Method=feddenoise_v2
[Round 061/100] Acc=77.280 | Pure=95.292 | RoundTime=41.61s | TotalTime=3010.17s | Method=feddenoise_v2
[Round 062/100] Acc=80.150 | Pure=92.455 | RoundTime=41.72s | TotalTime=3051.89s | Method=feddenoise_v2
[Round 063/100] Acc=79.610 | Pure=95.201 | RoundTime=41.20s | TotalTime=3093.09s | Method=feddenoise_v2
[Round 064/100] Acc=79.810 | Pure=92.603 | RoundTime=42.60s | TotalTime=3135.69s | Method=feddenoise_v2
[Round 065/100] Acc=75.430 | Pure=95.671 | RoundTime=42.21s | TotalTime=3177.90s | Method=feddenoise_v2
[Round 066/100] Acc=79.240 | Pure=93.925 | RoundTime=41.14s | TotalTime=3219.04s | Method=feddenoise_v2
[Round 067/100] Acc=76.540 | Pure=95.898 | RoundTime=42.35s | TotalTime=3261.39s | Method=feddenoise_v2
[Round 068/100] Acc=79.710 | Pure=95.125 | RoundTime=41.91s | TotalTime=3303.29s | Method=feddenoise_v2
[Round 069/100] Acc=80.670 | Pure=93.938 | RoundTime=41.91s | TotalTime=3345.20s | Method=feddenoise_v2
[Round 070/100] Acc=79.440 | Pure=94.980 | RoundTime=42.09s | TotalTime=3387.29s | Method=feddenoise_v2
[Round 071/100] Acc=79.370 | Pure=94.867 | RoundTime=42.26s | TotalTime=3429.54s | Method=feddenoise_v2
[Round 072/100] Acc=79.960 | Pure=95.476 | RoundTime=40.92s | TotalTime=3470.46s | Method=feddenoise_v2
[Round 073/100] Acc=78.560 | Pure=93.812 | RoundTime=42.26s | TotalTime=3512.72s | Method=feddenoise_v2
[Round 074/100] Acc=78.600 | Pure=94.619 | RoundTime=42.10s | TotalTime=3554.82s | Method=feddenoise_v2
[Round 075/100] Acc=79.890 | Pure=95.299 | RoundTime=40.89s | TotalTime=3595.70s | Method=feddenoise_v2
[Round 076/100] Acc=80.000 | Pure=93.303 | RoundTime=42.71s | TotalTime=3638.42s | Method=feddenoise_v2
[Round 077/100] Acc=79.720 | Pure=93.530 | RoundTime=41.01s | TotalTime=3679.42s | Method=feddenoise_v2
[Round 078/100] Acc=78.840 | Pure=96.168 | RoundTime=40.77s | TotalTime=3720.19s | Method=feddenoise_v2
[Round 079/100] Acc=81.060 | Pure=94.922 | RoundTime=40.90s | TotalTime=3761.09s | Method=feddenoise_v2
[Round 080/100] Acc=81.720 | Pure=94.449 | RoundTime=41.54s | TotalTime=3802.64s | Method=feddenoise_v2
[Round 081/100] Acc=76.660 | Pure=95.853 | RoundTime=40.90s | TotalTime=3843.54s | Method=feddenoise_v2
[Round 082/100] Acc=78.330 | Pure=95.764 | RoundTime=40.67s | TotalTime=3884.21s | Method=feddenoise_v2
[Round 083/100] Acc=80.470 | Pure=94.076 | RoundTime=40.70s | TotalTime=3924.91s | Method=feddenoise_v2
[Round 084/100] Acc=79.080 | Pure=93.128 | RoundTime=40.96s | TotalTime=3965.86s | Method=feddenoise_v2
[Round 085/100] Acc=77.020 | Pure=95.235 | RoundTime=41.77s | TotalTime=4007.63s | Method=feddenoise_v2
[Round 086/100] Acc=75.720 | Pure=96.129 | RoundTime=42.28s | TotalTime=4049.91s | Method=feddenoise_v2
[Round 087/100] Acc=80.690 | Pure=95.429 | RoundTime=41.65s | TotalTime=4091.56s | Method=feddenoise_v2
[Round 088/100] Acc=81.320 | Pure=93.960 | RoundTime=42.54s | TotalTime=4134.10s | Method=feddenoise_v2
[Round 089/100] Acc=80.030 | Pure=91.572 | RoundTime=42.27s | TotalTime=4176.37s | Method=feddenoise_v2
[Round 090/100] Acc=77.510 | Pure=94.876 | RoundTime=42.79s | TotalTime=4219.15s | Method=feddenoise_v2
[Round 091/100] Acc=78.550 | Pure=90.420 | RoundTime=41.86s | TotalTime=4261.01s | Method=feddenoise_v2
[Round 092/100] Acc=75.880 | Pure=89.978 | RoundTime=42.50s | TotalTime=4303.51s | Method=feddenoise_v2
[Round 093/100] Acc=74.020 | Pure=92.065 | RoundTime=41.55s | TotalTime=4345.05s | Method=feddenoise_v2
[Round 094/100] Acc=76.250 | Pure=90.566 | RoundTime=40.99s | TotalTime=4386.05s | Method=feddenoise_v2
[Round 095/100] Acc=77.650 | Pure=89.962 | RoundTime=41.42s | TotalTime=4427.47s | Method=feddenoise_v2
[Round 096/100] Acc=77.510 | Pure=89.589 | RoundTime=40.75s | TotalTime=4468.22s | Method=feddenoise_v2
[Round 097/100] Acc=76.240 | Pure=91.507 | RoundTime=42.13s | TotalTime=4510.34s | Method=feddenoise_v2
[Round 098/100] Acc=79.100 | Pure=90.524 | RoundTime=43.54s | TotalTime=4553.88s | Method=feddenoise_v2
[Round 099/100] Acc=79.700 | Pure=88.540 | RoundTime=38.27s | TotalTime=4592.15s | Method=feddenoise_v2
[Round 100/100] Acc=75.770 | Pure=90.681 | RoundTime=34.25s | TotalTime=4626.40s | Method=feddenoise_v2
====================================================================================================
Training finished at: 2026-04-01 12:25:13
Total elapsed time: 4626.40s
Final Acc: 75.770
Best Acc : 81.720
Final Pure: 90.681
Best Pure : 96.168
====================================================================================================
