====================================================================================================
Training started at: 2026-03-30 02:12:30
Result directory: results/fl_cifar10/fedcda/pm-dir_a-0.1_nm-uni_nr-0.1_nt-symmetric_st-least_sim_dr-0.45
Result txt file : results/fl_cifar10/fedcda/pm-dir_a-0.1_nm-uni_nr-0.1_nt-symmetric_st-least_sim_dr-0.45/fedcda_fl_cifar10_20260330-021230-690558_pid1763285.txt
Result log file : results/fl_cifar10/fedcda/pm-dir_a-0.1_nm-uni_nr-0.1_nt-symmetric_st-least_sim_dr-0.45/fedcda_fl_cifar10_20260330-021230-690558_pid1763285.log
----------------------------------------------------------------------------------------------------
Model: fedcda
Dataset: fl_cifar10
Structure: homogeneity
Participants: 100
Online ratio: 0.1
Communication epochs: 100
Local epoch: 10
Local batch size: 60
Local lr: 0.01
Partition mode: dirichlet
Dirichlet alpha: 0.1
Noise mode: uniform
Noise rate: 0.1
Noise type: symmetric
Noise max: 0.3
Denoise score alpha: 0.5
Drop rate: 0.45
Denoise strategy: least_sim
FedProx mu: 0.01
FedRDN std: 0.01
FedCDA history size: NA
FedGLoSS beta: 0.01
Averaging: weight
Seed: 0
====================================================================================================
[Round 001/100] Acc=10.000 | RoundTime=24.29s | TotalTime=24.29s | Method=fedcda
[Round 002/100] Acc=16.120 | RoundTime=24.38s | TotalTime=48.67s | Method=fedcda
[Round 003/100] Acc=20.430 | RoundTime=25.53s | TotalTime=74.20s | Method=fedcda
[Round 004/100] Acc=16.260 | RoundTime=24.91s | TotalTime=99.12s | Method=fedcda
[Round 005/100] Acc=24.220 | RoundTime=24.93s | TotalTime=124.05s | Method=fedcda
[Round 006/100] Acc=18.270 | RoundTime=25.60s | TotalTime=149.65s | Method=fedcda
[Round 007/100] Acc=36.060 | RoundTime=24.73s | TotalTime=174.38s | Method=fedcda
[Round 008/100] Acc=17.990 | RoundTime=25.26s | TotalTime=199.64s | Method=fedcda
[Round 009/100] Acc=30.020 | RoundTime=25.56s | TotalTime=225.20s | Method=fedcda
[Round 010/100] Acc=34.120 | RoundTime=24.69s | TotalTime=249.89s | Method=fedcda
[Round 011/100] Acc=28.960 | RoundTime=27.60s | TotalTime=277.50s | Method=fedcda
