====================================================================================================
Training started at: 2026-03-30 10:51:32
Result directory: results/fl_cifar10/fedcda/pm-dir_a-0.1_nm-uni_nr-0.4_nt-symmetric_st-least_sim_dr-0.25
Result txt file : results/fl_cifar10/fedcda/pm-dir_a-0.1_nm-uni_nr-0.4_nt-symmetric_st-least_sim_dr-0.25/fedcda_fl_cifar10_20260330-105132-828134_pid1969136.txt
Result log file : results/fl_cifar10/fedcda/pm-dir_a-0.1_nm-uni_nr-0.4_nt-symmetric_st-least_sim_dr-0.25/fedcda_fl_cifar10_20260330-105132-828134_pid1969136.log
----------------------------------------------------------------------------------------------------
Model: fedcda
Dataset: fl_cifar10
Structure: homogeneity
Participants: 100
Online ratio: 0.1
Communication epochs: 100
Local epoch: 10
Local batch size: 48
Local lr: 0.01
Partition mode: dirichlet
Dirichlet alpha: 0.1
Noise mode: uniform
Noise rate: 0.4
Noise type: symmetric
Noise max: 0.3
Denoise score alpha: 0.5
Drop rate: 0.25
Denoise strategy: least_sim
FedProx mu: 0.01
FedRDN std: 0.01
FedCDA history size: NA
FedGLoSS beta: 0.01
Averaging: weight
Seed: 0
====================================================================================================
[Round 001/100] Acc=10.000 | RoundTime=24.52s | TotalTime=24.52s | Method=fedcda
[Round 002/100] Acc=10.000 | RoundTime=24.58s | TotalTime=49.10s | Method=fedcda
[Round 003/100] Acc=16.530 | RoundTime=24.13s | TotalTime=73.23s | Method=fedcda
[Round 004/100] Acc=11.060 | RoundTime=23.97s | TotalTime=97.20s | Method=fedcda
[Round 005/100] Acc=17.490 | RoundTime=24.70s | TotalTime=121.90s | Method=fedcda
[Round 006/100] Acc=14.750 | RoundTime=25.11s | TotalTime=147.00s | Method=fedcda
[Round 007/100] Acc=19.960 | RoundTime=25.02s | TotalTime=172.03s | Method=fedcda
[Round 008/100] Acc=15.810 | RoundTime=24.34s | TotalTime=196.37s | Method=fedcda
[Round 009/100] Acc=17.230 | RoundTime=24.67s | TotalTime=221.04s | Method=fedcda
[Round 010/100] Acc=20.510 | RoundTime=24.76s | TotalTime=245.80s | Method=fedcda
[Round 011/100] Acc=13.020 | RoundTime=26.73s | TotalTime=272.53s | Method=fedcda
[Round 012/100] Acc=20.460 | RoundTime=24.52s | TotalTime=297.05s | Method=fedcda
