====================================================================================================
Training started at: 2026-03-30 03:15:05
Result directory: results/fl_cifar10/fedcda/pm-dir_a-0.1_nm-uni_nr-0.2_nt-symmetric_st-least_sim_dr-0.15
Result txt file : results/fl_cifar10/fedcda/pm-dir_a-0.1_nm-uni_nr-0.2_nt-symmetric_st-least_sim_dr-0.15/fedcda_fl_cifar10_20260330-031505-865443_pid2300708.txt
Result log file : results/fl_cifar10/fedcda/pm-dir_a-0.1_nm-uni_nr-0.2_nt-symmetric_st-least_sim_dr-0.15/fedcda_fl_cifar10_20260330-031505-865443_pid2300708.log
----------------------------------------------------------------------------------------------------
Model: fedcda
Dataset: fl_cifar10
Structure: homogeneity
Participants: 100
Online ratio: 0.1
Communication epochs: 100
Local epoch: 10
Local batch size: 64
Local lr: 0.01
Partition mode: dirichlet
Dirichlet alpha: 0.1
Noise mode: uniform
Noise rate: 0.2
Noise type: symmetric
Noise max: 0.3
Denoise score alpha: 0.5
Drop rate: 0.15
Denoise strategy: least_sim
FedProx mu: 0.01
FedRDN std: 0.01
FedCDA history size: NA
FedGLoSS beta: 0.01
Averaging: weight
Seed: 0
====================================================================================================
[Round 001/100] Acc=10.000 | RoundTime=24.99s | TotalTime=24.99s | Method=fedcda
[Round 002/100] Acc=11.990 | RoundTime=24.66s | TotalTime=49.65s | Method=fedcda
[Round 003/100] Acc=18.940 | RoundTime=24.75s | TotalTime=74.40s | Method=fedcda
[Round 004/100] Acc=19.560 | RoundTime=24.62s | TotalTime=99.02s | Method=fedcda
[Round 005/100] Acc=19.820 | RoundTime=25.79s | TotalTime=124.81s | Method=fedcda
[Round 006/100] Acc=25.830 | RoundTime=24.81s | TotalTime=149.63s | Method=fedcda
[Round 007/100] Acc=22.850 | RoundTime=25.20s | TotalTime=174.82s | Method=fedcda
[Round 008/100] Acc=25.080 | RoundTime=24.31s | TotalTime=199.13s | Method=fedcda
[Round 009/100] Acc=16.320 | RoundTime=25.53s | TotalTime=224.66s | Method=fedcda
[Round 010/100] Acc=29.040 | RoundTime=25.86s | TotalTime=250.53s | Method=fedcda
[Round 011/100] Acc=26.690 | RoundTime=27.31s | TotalTime=277.84s | Method=fedcda
