====================================================================================================
Training started at: 2026-03-30 15:33:28
Result directory: results/fl_cifar10/fedcda/pm-dir_a-0.3_nm-uni_nr-0.1_nt-symmetric_st-least_sim_dr-0.4
Result txt file : results/fl_cifar10/fedcda/pm-dir_a-0.3_nm-uni_nr-0.1_nt-symmetric_st-least_sim_dr-0.4/fedcda_fl_cifar10_20260330-153328-899727_pid151970.txt
Result log file : results/fl_cifar10/fedcda/pm-dir_a-0.3_nm-uni_nr-0.1_nt-symmetric_st-least_sim_dr-0.4/fedcda_fl_cifar10_20260330-153328-899727_pid151970.log
----------------------------------------------------------------------------------------------------
Model: fedcda
Dataset: fl_cifar10
Structure: homogeneity
Participants: 100
Online ratio: 0.1
Communication epochs: 100
Local epoch: 10
Local batch size: 40
Local lr: 0.01
Partition mode: dirichlet
Dirichlet alpha: 0.3
Noise mode: uniform
Noise rate: 0.1
Noise type: symmetric
Noise max: 0.3
Denoise score alpha: 0.5
Drop rate: 0.4
Denoise strategy: least_sim
FedProx mu: 0.01
FedRDN std: 0.01
FedCDA history size: NA
FedGLoSS beta: 0.01
Averaging: weight
Seed: 0
====================================================================================================
[Round 001/100] Acc=10.000 | RoundTime=25.30s | TotalTime=25.30s | Method=fedcda
[Round 002/100] Acc=10.140 | RoundTime=25.16s | TotalTime=50.46s | Method=fedcda
[Round 003/100] Acc=12.030 | RoundTime=25.28s | TotalTime=75.74s | Method=fedcda
[Round 004/100] Acc=31.710 | RoundTime=25.86s | TotalTime=101.61s | Method=fedcda
[Round 005/100] Acc=27.720 | RoundTime=24.80s | TotalTime=126.41s | Method=fedcda
[Round 006/100] Acc=43.740 | RoundTime=25.74s | TotalTime=152.15s | Method=fedcda
[Round 007/100] Acc=30.540 | RoundTime=25.95s | TotalTime=178.10s | Method=fedcda
[Round 008/100] Acc=42.300 | RoundTime=26.51s | TotalTime=204.60s | Method=fedcda
[Round 009/100] Acc=47.380 | RoundTime=26.10s | TotalTime=230.71s | Method=fedcda
[Round 010/100] Acc=40.970 | RoundTime=26.35s | TotalTime=257.06s | Method=fedcda
[Round 011/100] Acc=34.770 | RoundTime=28.71s | TotalTime=285.77s | Method=fedcda
[Round 012/100] Acc=43.220 | RoundTime=26.83s | TotalTime=312.59s | Method=fedcda
