====================================================================================================
Training started at: 2026-03-31 15:11:35
Result directory: results/fl_cifar10/fedcda/pm-dir_a-0.5_nm-uni_nr-0.4_nt-symmetric_st-least_sim_dr-0.4
Result txt file : results/fl_cifar10/fedcda/pm-dir_a-0.5_nm-uni_nr-0.4_nt-symmetric_st-least_sim_dr-0.4/fedcda_fl_cifar10_20260331-151135-014695_pid3005279.txt
Result log file : results/fl_cifar10/fedcda/pm-dir_a-0.5_nm-uni_nr-0.4_nt-symmetric_st-least_sim_dr-0.4/fedcda_fl_cifar10_20260331-151135-014695_pid3005279.log
----------------------------------------------------------------------------------------------------
Model: fedcda
Dataset: fl_cifar10
Structure: homogeneity
Participants: 100
Online ratio: 0.1
Communication epochs: 100
Local epoch: 10
Local batch size: 40
Local lr: 0.01
Partition mode: dirichlet
Dirichlet alpha: 0.5
Noise mode: uniform
Noise rate: 0.4
Noise type: symmetric
Noise max: 0.3
Denoise score alpha: 0.5
Drop rate: 0.4
Denoise strategy: least_sim
FedProx mu: 0.01
FedRDN std: 0.01
FedCDA history size: NA
FedGLoSS beta: 0.01
Averaging: weight
Seed: 0
====================================================================================================
[Round 001/100] Acc=10.000 | RoundTime=25.16s | TotalTime=25.16s | Method=fedcda
[Round 002/100] Acc=15.540 | RoundTime=24.76s | TotalTime=49.92s | Method=fedcda
[Round 003/100] Acc=22.470 | RoundTime=24.60s | TotalTime=74.52s | Method=fedcda
[Round 004/100] Acc=28.290 | RoundTime=24.76s | TotalTime=99.28s | Method=fedcda
[Round 005/100] Acc=35.240 | RoundTime=24.98s | TotalTime=124.26s | Method=fedcda
[Round 006/100] Acc=38.900 | RoundTime=25.11s | TotalTime=149.37s | Method=fedcda
[Round 007/100] Acc=29.940 | RoundTime=25.66s | TotalTime=175.02s | Method=fedcda
[Round 008/100] Acc=28.180 | RoundTime=25.70s | TotalTime=200.72s | Method=fedcda
[Round 009/100] Acc=36.200 | RoundTime=25.54s | TotalTime=226.26s | Method=fedcda
[Round 010/100] Acc=29.600 | RoundTime=24.85s | TotalTime=251.11s | Method=fedcda
[Round 011/100] Acc=30.200 | RoundTime=26.80s | TotalTime=277.91s | Method=fedcda
[Round 012/100] Acc=30.340 | RoundTime=25.94s | TotalTime=303.85s | Method=fedcda
