====================================================================================================
Training started at: 2026-04-01 10:48:19
Result directory: results/fl_cifar100/feddenoise_v2/pm-dir_a-0.1_nm-uni_nr-0.3_nt-symmetric_st-least_sim_dr-0.45
Result txt file : results/fl_cifar100/feddenoise_v2/pm-dir_a-0.1_nm-uni_nr-0.3_nt-symmetric_st-least_sim_dr-0.45/feddenoise_v2_fl_cifar100_20260401-104819-674190_pid356503.txt
Result log file : results/fl_cifar100/feddenoise_v2/pm-dir_a-0.1_nm-uni_nr-0.3_nt-symmetric_st-least_sim_dr-0.45/feddenoise_v2_fl_cifar100_20260401-104819-674190_pid356503.log
----------------------------------------------------------------------------------------------------
Model: feddenoise_v2
Dataset: fl_cifar100
Structure: homogeneity
Participants: 100
Online ratio: 0.1
Communication epochs: 100
Local epoch: 10
Local batch size: 32
Local lr: 0.1
Partition mode: dirichlet
Dirichlet alpha: 0.1
Noise mode: uniform
Noise rate: 0.3
Noise type: symmetric
Noise max: 0.3
Denoise score alpha: 0.5
Drop rate: 0.45
Denoise strategy: least_sim
FedProx mu: 0.01
FedRDN std: 0.01
FedCDA history size: NA
FedGLoSS beta: 0.01
Averaging: weight
Seed: 0
====================================================================================================
[Round 001/100] Acc=1.000 | Pure=69.984 | RoundTime=23.68s | TotalTime=23.68s | Method=feddenoise_v2
[Round 002/100] Acc=1.000 | Pure=70.007 | RoundTime=22.63s | TotalTime=46.32s | Method=feddenoise_v2
[Round 003/100] Acc=2.130 | Pure=69.993 | RoundTime=22.66s | TotalTime=68.98s | Method=feddenoise_v2
[Round 004/100] Acc=3.490 | Pure=70.016 | RoundTime=22.92s | TotalTime=91.90s | Method=feddenoise_v2
[Round 005/100] Acc=5.740 | Pure=70.023 | RoundTime=23.47s | TotalTime=115.36s | Method=feddenoise_v2
[Round 006/100] Acc=6.960 | Pure=70.019 | RoundTime=24.38s | TotalTime=139.75s | Method=feddenoise_v2
[Round 007/100] Acc=7.630 | Pure=69.996 | RoundTime=26.63s | TotalTime=166.37s | Method=feddenoise_v2
[Round 008/100] Acc=9.090 | Pure=70.013 | RoundTime=24.17s | TotalTime=190.54s | Method=feddenoise_v2
[Round 009/100] Acc=8.950 | Pure=70.026 | RoundTime=24.30s | TotalTime=214.85s | Method=feddenoise_v2
[Round 010/100] Acc=8.910 | Pure=70.004 | RoundTime=23.89s | TotalTime=238.73s | Method=feddenoise_v2
[Round 011/100] Acc=8.470 | Pure=79.273 | RoundTime=50.03s | TotalTime=288.76s | Method=feddenoise_v2
[Round 012/100] Acc=11.830 | Pure=78.725 | RoundTime=49.25s | TotalTime=338.01s | Method=feddenoise_v2
[Round 013/100] Acc=10.900 | Pure=80.193 | RoundTime=49.90s | TotalTime=387.90s | Method=feddenoise_v2
[Round 014/100] Acc=11.020 | Pure=80.620 | RoundTime=50.17s | TotalTime=438.07s | Method=feddenoise_v2
[Round 015/100] Acc=12.170 | Pure=80.297 | RoundTime=51.20s | TotalTime=489.28s | Method=feddenoise_v2
[Round 016/100] Acc=13.580 | Pure=79.020 | RoundTime=50.58s | TotalTime=539.86s | Method=feddenoise_v2
[Round 017/100] Acc=13.610 | Pure=78.935 | RoundTime=51.93s | TotalTime=591.79s | Method=feddenoise_v2
[Round 018/100] Acc=14.480 | Pure=80.260 | RoundTime=50.30s | TotalTime=642.08s | Method=feddenoise_v2
[Round 019/100] Acc=13.780 | Pure=79.342 | RoundTime=50.10s | TotalTime=692.19s | Method=feddenoise_v2
[Round 020/100] Acc=14.650 | Pure=79.699 | RoundTime=49.46s | TotalTime=741.64s | Method=feddenoise_v2
[Round 021/100] Acc=15.600 | Pure=85.526 | RoundTime=43.26s | TotalTime=784.90s | Method=feddenoise_v2
[Round 022/100] Acc=15.350 | Pure=83.421 | RoundTime=43.83s | TotalTime=828.74s | Method=feddenoise_v2
[Round 023/100] Acc=15.410 | Pure=82.910 | RoundTime=44.50s | TotalTime=873.24s | Method=feddenoise_v2
[Round 024/100] Acc=17.050 | Pure=83.047 | RoundTime=42.01s | TotalTime=915.25s | Method=feddenoise_v2
[Round 025/100] Acc=16.820 | Pure=84.372 | RoundTime=41.91s | TotalTime=957.16s | Method=feddenoise_v2
[Round 026/100] Acc=18.970 | Pure=81.712 | RoundTime=44.41s | TotalTime=1001.56s | Method=feddenoise_v2
[Round 027/100] Acc=18.600 | Pure=84.753 | RoundTime=43.76s | TotalTime=1045.32s | Method=feddenoise_v2
[Round 028/100] Acc=18.610 | Pure=83.031 | RoundTime=44.11s | TotalTime=1089.43s | Method=feddenoise_v2
[Round 029/100] Acc=18.340 | Pure=84.271 | RoundTime=44.48s | TotalTime=1133.91s | Method=feddenoise_v2
[Round 030/100] Acc=18.650 | Pure=85.185 | RoundTime=43.76s | TotalTime=1177.67s | Method=feddenoise_v2
[Round 031/100] Acc=20.170 | Pure=86.520 | RoundTime=36.90s | TotalTime=1214.57s | Method=feddenoise_v2
[Round 032/100] Acc=19.640 | Pure=84.547 | RoundTime=36.23s | TotalTime=1250.80s | Method=feddenoise_v2
[Round 033/100] Acc=20.610 | Pure=85.010 | RoundTime=37.79s | TotalTime=1288.58s | Method=feddenoise_v2
[Round 034/100] Acc=20.080 | Pure=84.641 | RoundTime=37.63s | TotalTime=1326.21s | Method=feddenoise_v2
[Round 035/100] Acc=21.080 | Pure=84.367 | RoundTime=38.13s | TotalTime=1364.34s | Method=feddenoise_v2
[Round 036/100] Acc=21.110 | Pure=85.253 | RoundTime=37.51s | TotalTime=1401.85s | Method=feddenoise_v2
[Round 037/100] Acc=20.620 | Pure=85.503 | RoundTime=36.87s | TotalTime=1438.72s | Method=feddenoise_v2
[Round 038/100] Acc=21.310 | Pure=83.696 | RoundTime=38.90s | TotalTime=1477.62s | Method=feddenoise_v2
[Round 039/100] Acc=20.800 | Pure=86.981 | RoundTime=38.45s | TotalTime=1516.08s | Method=feddenoise_v2
[Round 040/100] Acc=21.210 | Pure=85.436 | RoundTime=36.29s | TotalTime=1552.36s | Method=feddenoise_v2
[Round 041/100] Acc=21.410 | Pure=82.570 | RoundTime=30.34s | TotalTime=1582.70s | Method=feddenoise_v2
[Round 042/100] Acc=22.370 | Pure=83.024 | RoundTime=31.46s | TotalTime=1614.17s | Method=feddenoise_v2
[Round 043/100] Acc=21.290 | Pure=83.360 | RoundTime=31.20s | TotalTime=1645.37s | Method=feddenoise_v2
[Round 044/100] Acc=21.270 | Pure=83.454 | RoundTime=29.80s | TotalTime=1675.17s | Method=feddenoise_v2
[Round 045/100] Acc=21.720 | Pure=83.200 | RoundTime=30.87s | TotalTime=1706.05s | Method=feddenoise_v2
[Round 046/100] Acc=21.260 | Pure=83.616 | RoundTime=30.09s | TotalTime=1736.14s | Method=feddenoise_v2
[Round 047/100] Acc=21.760 | Pure=84.226 | RoundTime=30.50s | TotalTime=1766.64s | Method=feddenoise_v2
[Round 048/100] Acc=22.380 | Pure=82.467 | RoundTime=29.77s | TotalTime=1796.40s | Method=feddenoise_v2
[Round 049/100] Acc=22.420 | Pure=82.682 | RoundTime=30.72s | TotalTime=1827.12s | Method=feddenoise_v2
[Round 050/100] Acc=22.200 | Pure=83.429 | RoundTime=31.51s | TotalTime=1858.64s | Method=feddenoise_v2
[Round 051/100] Acc=22.750 | Pure=83.698 | RoundTime=30.67s | TotalTime=1889.31s | Method=feddenoise_v2
[Round 052/100] Acc=22.160 | Pure=83.040 | RoundTime=30.67s | TotalTime=1919.99s | Method=feddenoise_v2
[Round 053/100] Acc=22.910 | Pure=83.252 | RoundTime=31.05s | TotalTime=1951.03s | Method=feddenoise_v2
[Round 054/100] Acc=22.250 | Pure=83.205 | RoundTime=31.34s | TotalTime=1982.38s | Method=feddenoise_v2
[Round 055/100] Acc=22.970 | Pure=82.701 | RoundTime=31.19s | TotalTime=2013.57s | Method=feddenoise_v2
[Round 056/100] Acc=22.610 | Pure=83.511 | RoundTime=30.73s | TotalTime=2044.30s | Method=feddenoise_v2
[Round 057/100] Acc=22.060 | Pure=83.995 | RoundTime=29.98s | TotalTime=2074.28s | Method=feddenoise_v2
[Round 058/100] Acc=22.220 | Pure=82.307 | RoundTime=30.46s | TotalTime=2104.74s | Method=feddenoise_v2
[Round 059/100] Acc=22.510 | Pure=84.739 | RoundTime=30.14s | TotalTime=2134.88s | Method=feddenoise_v2
[Round 060/100] Acc=23.690 | Pure=85.032 | RoundTime=31.61s | TotalTime=2166.49s | Method=feddenoise_v2
[Round 061/100] Acc=24.290 | Pure=85.155 | RoundTime=30.98s | TotalTime=2197.47s | Method=feddenoise_v2
[Round 062/100] Acc=24.220 | Pure=85.294 | RoundTime=30.65s | TotalTime=2228.12s | Method=feddenoise_v2
[Round 063/100] Acc=24.010 | Pure=84.387 | RoundTime=32.38s | TotalTime=2260.50s | Method=feddenoise_v2
[Round 064/100] Acc=23.250 | Pure=84.286 | RoundTime=30.79s | TotalTime=2291.29s | Method=feddenoise_v2
[Round 065/100] Acc=23.190 | Pure=86.038 | RoundTime=31.35s | TotalTime=2322.63s | Method=feddenoise_v2
[Round 066/100] Acc=24.590 | Pure=85.316 | RoundTime=30.19s | TotalTime=2352.82s | Method=feddenoise_v2
[Round 067/100] Acc=24.040 | Pure=84.514 | RoundTime=31.06s | TotalTime=2383.87s | Method=feddenoise_v2
[Round 068/100] Acc=25.070 | Pure=84.147 | RoundTime=30.18s | TotalTime=2414.05s | Method=feddenoise_v2
[Round 069/100] Acc=24.650 | Pure=85.484 | RoundTime=30.67s | TotalTime=2444.72s | Method=feddenoise_v2
[Round 070/100] Acc=24.420 | Pure=83.634 | RoundTime=31.14s | TotalTime=2475.86s | Method=feddenoise_v2
[Round 071/100] Acc=24.280 | Pure=84.289 | RoundTime=30.06s | TotalTime=2505.91s | Method=feddenoise_v2
[Round 072/100] Acc=24.310 | Pure=83.553 | RoundTime=30.87s | TotalTime=2536.78s | Method=feddenoise_v2
[Round 073/100] Acc=26.380 | Pure=84.484 | RoundTime=30.82s | TotalTime=2567.60s | Method=feddenoise_v2
[Round 074/100] Acc=25.260 | Pure=83.135 | RoundTime=32.15s | TotalTime=2599.75s | Method=feddenoise_v2
[Round 075/100] Acc=25.200 | Pure=85.149 | RoundTime=30.30s | TotalTime=2630.05s | Method=feddenoise_v2
[Round 076/100] Acc=24.130 | Pure=83.161 | RoundTime=30.64s | TotalTime=2660.69s | Method=feddenoise_v2
[Round 077/100] Acc=25.140 | Pure=85.132 | RoundTime=30.05s | TotalTime=2690.73s | Method=feddenoise_v2
[Round 078/100] Acc=25.700 | Pure=82.688 | RoundTime=29.68s | TotalTime=2720.41s | Method=feddenoise_v2
[Round 079/100] Acc=26.100 | Pure=83.601 | RoundTime=29.49s | TotalTime=2749.90s | Method=feddenoise_v2
[Round 080/100] Acc=26.040 | Pure=83.535 | RoundTime=30.34s | TotalTime=2780.25s | Method=feddenoise_v2
[Round 081/100] Acc=25.560 | Pure=85.856 | RoundTime=31.04s | TotalTime=2811.29s | Method=feddenoise_v2
[Round 082/100] Acc=25.510 | Pure=83.616 | RoundTime=30.83s | TotalTime=2842.12s | Method=feddenoise_v2
[Round 083/100] Acc=24.620 | Pure=83.714 | RoundTime=32.42s | TotalTime=2874.55s | Method=feddenoise_v2
[Round 084/100] Acc=25.460 | Pure=85.602 | RoundTime=31.47s | TotalTime=2906.01s | Method=feddenoise_v2
[Round 085/100] Acc=25.770 | Pure=85.757 | RoundTime=31.94s | TotalTime=2937.95s | Method=feddenoise_v2
[Round 086/100] Acc=25.960 | Pure=86.031 | RoundTime=31.48s | TotalTime=2969.43s | Method=feddenoise_v2
[Round 087/100] Acc=25.690 | Pure=84.015 | RoundTime=30.01s | TotalTime=2999.44s | Method=feddenoise_v2
[Round 088/100] Acc=25.770 | Pure=85.112 | RoundTime=30.21s | TotalTime=3029.65s | Method=feddenoise_v2
[Round 089/100] Acc=25.980 | Pure=84.300 | RoundTime=31.36s | TotalTime=3061.01s | Method=feddenoise_v2
[Round 090/100] Acc=25.850 | Pure=85.171 | RoundTime=31.07s | TotalTime=3092.08s | Method=feddenoise_v2
[Round 091/100] Acc=27.120 | Pure=83.541 | RoundTime=32.36s | TotalTime=3124.43s | Method=feddenoise_v2
[Round 092/100] Acc=26.900 | Pure=83.772 | RoundTime=31.73s | TotalTime=3156.16s | Method=feddenoise_v2
[Round 093/100] Acc=26.570 | Pure=84.291 | RoundTime=30.62s | TotalTime=3186.78s | Method=feddenoise_v2
[Round 094/100] Acc=27.130 | Pure=83.380 | RoundTime=30.86s | TotalTime=3217.64s | Method=feddenoise_v2
[Round 095/100] Acc=26.660 | Pure=85.393 | RoundTime=31.54s | TotalTime=3249.18s | Method=feddenoise_v2
[Round 096/100] Acc=25.950 | Pure=84.290 | RoundTime=31.05s | TotalTime=3280.23s | Method=feddenoise_v2
[Round 097/100] Acc=27.140 | Pure=85.946 | RoundTime=31.03s | TotalTime=3311.26s | Method=feddenoise_v2
[Round 098/100] Acc=27.190 | Pure=85.207 | RoundTime=29.32s | TotalTime=3340.58s | Method=feddenoise_v2
[Round 099/100] Acc=26.700 | Pure=84.082 | RoundTime=31.09s | TotalTime=3371.67s | Method=feddenoise_v2
[Round 100/100] Acc=26.730 | Pure=83.882 | RoundTime=26.44s | TotalTime=3398.11s | Method=feddenoise_v2
====================================================================================================
Training finished at: 2026-04-01 11:44:57
Total elapsed time: 3398.11s
Final Acc: 26.730
Best Acc : 27.190
Final Pure: 83.882
Best Pure : 86.981
====================================================================================================
