====================================================================================================
Training started at: 2026-03-31 01:17:20
Result directory: results/fl_cifar10/fedcda/pm-dir_a-0.3_nm-uni_nr-0.4_nt-symmetric_st-least_sim_dr-0.1
Result txt file : results/fl_cifar10/fedcda/pm-dir_a-0.3_nm-uni_nr-0.4_nt-symmetric_st-least_sim_dr-0.1/fedcda_fl_cifar10_20260331-011720-595672_pid571036.txt
Result log file : results/fl_cifar10/fedcda/pm-dir_a-0.3_nm-uni_nr-0.4_nt-symmetric_st-least_sim_dr-0.1/fedcda_fl_cifar10_20260331-011720-595672_pid571036.log
----------------------------------------------------------------------------------------------------
Model: fedcda
Dataset: fl_cifar10
Structure: homogeneity
Participants: 100
Online ratio: 0.1
Communication epochs: 100
Local epoch: 10
Local batch size: 32
Local lr: 0.01
Partition mode: dirichlet
Dirichlet alpha: 0.3
Noise mode: uniform
Noise rate: 0.4
Noise type: symmetric
Noise max: 0.3
Denoise score alpha: 0.5
Drop rate: 0.1
Denoise strategy: least_sim
FedProx mu: 0.01
FedRDN std: 0.01
FedCDA history size: NA
FedGLoSS beta: 0.01
Averaging: weight
Seed: 0
====================================================================================================
[Round 001/100] Acc=10.000 | RoundTime=27.10s | TotalTime=27.10s | Method=fedcda
[Round 002/100] Acc=16.210 | RoundTime=25.79s | TotalTime=52.89s | Method=fedcda
[Round 003/100] Acc=15.000 | RoundTime=26.92s | TotalTime=79.80s | Method=fedcda
[Round 004/100] Acc=24.990 | RoundTime=27.81s | TotalTime=107.61s | Method=fedcda
[Round 005/100] Acc=33.360 | RoundTime=25.80s | TotalTime=133.41s | Method=fedcda
[Round 006/100] Acc=28.700 | RoundTime=27.01s | TotalTime=160.41s | Method=fedcda
[Round 007/100] Acc=31.290 | RoundTime=26.85s | TotalTime=187.27s | Method=fedcda
[Round 008/100] Acc=32.920 | RoundTime=27.39s | TotalTime=214.65s | Method=fedcda
[Round 009/100] Acc=36.020 | RoundTime=27.54s | TotalTime=242.19s | Method=fedcda
[Round 010/100] Acc=32.320 | RoundTime=27.21s | TotalTime=269.40s | Method=fedcda
[Round 011/100] Acc=25.650 | RoundTime=28.97s | TotalTime=298.38s | Method=fedcda
