========================================================================================================================
Training started at: 2026-04-08 01:00:27
Result directory: results/fl_svhn/fedavg/pm-dir_a-0.8_nm-uni_nr-0.3_nt-symmetric
Result txt file : results/fl_svhn/fedavg/pm-dir_a-0.8_nm-uni_nr-0.3_nt-symmetric/fedavg_fl_svhn_20260408-010027-613495_pid460166.txt
Result log file : results/fl_svhn/fedavg/pm-dir_a-0.8_nm-uni_nr-0.3_nt-symmetric/fedavg_fl_svhn_20260408-010027-613495_pid460166.log
------------------------------------------------------------------------------------------------------------------------
Model: fedavg
Dataset: fl_svhn
Structure: homogeneity
Participants: 10
Online ratio: 1.0
Communication epochs: 110
Local epoch: 1
Local batch size: 64
Local lr: 0.01
Partition mode: dirichlet
Dirichlet alpha: 0.8
Noise mode: uniform
Noise rate: 0.3
Noise type: symmetric
Noise max: 0.3
Averaging: weight
Seed: 0
========================================================================================================================
