====================================================================================================
Training started at: 2026-03-30 10:24:06
Result directory: results/fl_cifar10/fedcda/pm-dir_a-0.1_nm-uni_nr-0.4_nt-symmetric_st-least_sim_dr-0.4
Result txt file : results/fl_cifar10/fedcda/pm-dir_a-0.1_nm-uni_nr-0.4_nt-symmetric_st-least_sim_dr-0.4/fedcda_fl_cifar10_20260330-102406-946516_pid1750339.txt
Result log file : results/fl_cifar10/fedcda/pm-dir_a-0.1_nm-uni_nr-0.4_nt-symmetric_st-least_sim_dr-0.4/fedcda_fl_cifar10_20260330-102406-946516_pid1750339.log
----------------------------------------------------------------------------------------------------
Model: fedcda
Dataset: fl_cifar10
Structure: homogeneity
Participants: 100
Online ratio: 0.1
Communication epochs: 100
Local epoch: 10
Local batch size: 54
Local lr: 0.01
Partition mode: dirichlet
Dirichlet alpha: 0.1
Noise mode: uniform
Noise rate: 0.4
Noise type: symmetric
Noise max: 0.3
Denoise score alpha: 0.5
Drop rate: 0.4
Denoise strategy: least_sim
FedProx mu: 0.01
FedRDN std: 0.01
FedCDA history size: NA
FedGLoSS beta: 0.01
Averaging: weight
Seed: 0
====================================================================================================
[Round 001/100] Acc=10.000 | RoundTime=25.49s | TotalTime=25.49s | Method=fedcda
[Round 002/100] Acc=10.000 | RoundTime=25.72s | TotalTime=51.20s | Method=fedcda
[Round 003/100] Acc=10.010 | RoundTime=25.95s | TotalTime=77.15s | Method=fedcda
[Round 004/100] Acc=15.080 | RoundTime=26.12s | TotalTime=103.28s | Method=fedcda
[Round 005/100] Acc=14.230 | RoundTime=25.81s | TotalTime=129.08s | Method=fedcda
[Round 006/100] Acc=20.750 | RoundTime=26.85s | TotalTime=155.94s | Method=fedcda
[Round 007/100] Acc=26.460 | RoundTime=26.81s | TotalTime=182.75s | Method=fedcda
[Round 008/100] Acc=16.660 | RoundTime=27.30s | TotalTime=210.05s | Method=fedcda
[Round 009/100] Acc=11.990 | RoundTime=25.92s | TotalTime=235.97s | Method=fedcda
[Round 010/100] Acc=17.590 | RoundTime=28.12s | TotalTime=264.08s | Method=fedcda
[Round 011/100] Acc=12.230 | RoundTime=26.86s | TotalTime=290.95s | Method=fedcda
