====================================================================================================
Training started at: 2026-03-31 16:12:10
Result directory: results/fl_cifar10/fedcda/pm-dir_a-0.5_nm-uni_nr-0.4_nt-symmetric_st-least_sim_dr-0.35
Result txt file : results/fl_cifar10/fedcda/pm-dir_a-0.5_nm-uni_nr-0.4_nt-symmetric_st-least_sim_dr-0.35/fedcda_fl_cifar10_20260331-161210-936749_pid3496879.txt
Result log file : results/fl_cifar10/fedcda/pm-dir_a-0.5_nm-uni_nr-0.4_nt-symmetric_st-least_sim_dr-0.35/fedcda_fl_cifar10_20260331-161210-936749_pid3496879.log
----------------------------------------------------------------------------------------------------
Model: fedcda
Dataset: fl_cifar10
Structure: homogeneity
Participants: 100
Online ratio: 0.1
Communication epochs: 100
Local epoch: 10
Local batch size: 54
Local lr: 0.01
Partition mode: dirichlet
Dirichlet alpha: 0.5
Noise mode: uniform
Noise rate: 0.4
Noise type: symmetric
Noise max: 0.3
Denoise score alpha: 0.5
Drop rate: 0.35
Denoise strategy: least_sim
FedProx mu: 0.01
FedRDN std: 0.01
FedCDA history size: NA
FedGLoSS beta: 0.01
Averaging: weight
Seed: 0
====================================================================================================
[Round 001/100] Acc=10.260 | RoundTime=27.97s | TotalTime=27.98s | Method=fedcda
[Round 002/100] Acc=10.000 | RoundTime=27.48s | TotalTime=55.45s | Method=fedcda
[Round 003/100] Acc=15.550 | RoundTime=27.53s | TotalTime=82.99s | Method=fedcda
[Round 004/100] Acc=21.710 | RoundTime=26.85s | TotalTime=109.84s | Method=fedcda
[Round 005/100] Acc=24.410 | RoundTime=26.17s | TotalTime=136.01s | Method=fedcda
[Round 006/100] Acc=22.960 | RoundTime=26.69s | TotalTime=162.70s | Method=fedcda
[Round 007/100] Acc=39.370 | RoundTime=27.47s | TotalTime=190.17s | Method=fedcda
[Round 008/100] Acc=41.180 | RoundTime=26.90s | TotalTime=217.07s | Method=fedcda
[Round 009/100] Acc=29.820 | RoundTime=26.73s | TotalTime=243.79s | Method=fedcda
[Round 010/100] Acc=40.570 | RoundTime=27.31s | TotalTime=271.10s | Method=fedcda
