====================================================================================================
Training started at: 2026-04-01 09:29:10
Result directory: results/fl_cifar10/feddenoise_v2/pm-dir_a-0.1_nm-uni_nr-0.3_nt-symmetric_st-least_sim_dr-0.45
Result txt file : results/fl_cifar10/feddenoise_v2/pm-dir_a-0.1_nm-uni_nr-0.3_nt-symmetric_st-least_sim_dr-0.45/feddenoise_v2_fl_cifar10_20260401-092910-993617_pid799907.txt
Result log file : results/fl_cifar10/feddenoise_v2/pm-dir_a-0.1_nm-uni_nr-0.3_nt-symmetric_st-least_sim_dr-0.45/feddenoise_v2_fl_cifar10_20260401-092910-993617_pid799907.log
----------------------------------------------------------------------------------------------------
Model: feddenoise_v2
Dataset: fl_cifar10
Structure: homogeneity
Participants: 100
Online ratio: 0.1
Communication epochs: 100
Local epoch: 10
Local batch size: 32
Local lr: 0.01
Partition mode: dirichlet
Dirichlet alpha: 0.1
Noise mode: uniform
Noise rate: 0.3
Noise type: symmetric
Noise max: 0.3
Denoise score alpha: 0.5
Drop rate: 0.45
Denoise strategy: least_sim
FedProx mu: 0.01
FedRDN std: 0.01
FedCDA history size: NA
FedGLoSS beta: 0.01
Averaging: weight
Seed: 0
====================================================================================================
[Round 001/100] Acc=10.000 | Pure=70.020 | RoundTime=42.64s | TotalTime=42.64s | Method=feddenoise_v2
[Round 002/100] Acc=10.000 | Pure=69.967 | RoundTime=46.61s | TotalTime=89.25s | Method=feddenoise_v2
[Round 003/100] Acc=16.640 | Pure=70.037 | RoundTime=41.00s | TotalTime=130.25s | Method=feddenoise_v2
[Round 004/100] Acc=24.500 | Pure=69.982 | RoundTime=40.50s | TotalTime=170.75s | Method=feddenoise_v2
[Round 005/100] Acc=30.860 | Pure=70.004 | RoundTime=39.82s | TotalTime=210.58s | Method=feddenoise_v2
[Round 006/100] Acc=29.490 | Pure=69.985 | RoundTime=37.47s | TotalTime=248.04s | Method=feddenoise_v2
[Round 007/100] Acc=31.970 | Pure=69.967 | RoundTime=40.73s | TotalTime=288.78s | Method=feddenoise_v2
[Round 008/100] Acc=33.320 | Pure=69.995 | RoundTime=40.16s | TotalTime=328.94s | Method=feddenoise_v2
[Round 009/100] Acc=24.420 | Pure=69.975 | RoundTime=40.22s | TotalTime=369.16s | Method=feddenoise_v2
[Round 010/100] Acc=32.100 | Pure=69.980 | RoundTime=40.90s | TotalTime=410.06s | Method=feddenoise_v2
[Round 011/100] Acc=31.890 | Pure=78.253 | RoundTime=66.16s | TotalTime=476.22s | Method=feddenoise_v2
[Round 012/100] Acc=35.240 | Pure=79.937 | RoundTime=66.47s | TotalTime=542.69s | Method=feddenoise_v2
[Round 013/100] Acc=33.000 | Pure=78.302 | RoundTime=67.31s | TotalTime=610.00s | Method=feddenoise_v2
[Round 014/100] Acc=33.740 | Pure=83.752 | RoundTime=66.89s | TotalTime=676.89s | Method=feddenoise_v2
[Round 015/100] Acc=36.990 | Pure=81.567 | RoundTime=67.25s | TotalTime=744.14s | Method=feddenoise_v2
[Round 016/100] Acc=35.570 | Pure=79.470 | RoundTime=93.17s | TotalTime=837.31s | Method=feddenoise_v2
[Round 017/100] Acc=39.050 | Pure=80.570 | RoundTime=103.15s | TotalTime=940.46s | Method=feddenoise_v2
[Round 018/100] Acc=35.050 | Pure=81.870 | RoundTime=101.61s | TotalTime=1042.07s | Method=feddenoise_v2
[Round 019/100] Acc=39.300 | Pure=82.713 | RoundTime=101.21s | TotalTime=1143.28s | Method=feddenoise_v2
[Round 020/100] Acc=38.290 | Pure=82.385 | RoundTime=102.91s | TotalTime=1246.19s | Method=feddenoise_v2
[Round 021/100] Acc=39.290 | Pure=83.577 | RoundTime=93.39s | TotalTime=1339.58s | Method=feddenoise_v2
[Round 022/100] Acc=42.110 | Pure=82.329 | RoundTime=108.90s | TotalTime=1448.48s | Method=feddenoise_v2
[Round 023/100] Acc=40.310 | Pure=82.871 | RoundTime=109.29s | TotalTime=1557.78s | Method=feddenoise_v2
[Round 024/100] Acc=42.360 | Pure=84.424 | RoundTime=111.16s | TotalTime=1668.94s | Method=feddenoise_v2
[Round 025/100] Acc=40.070 | Pure=84.200 | RoundTime=109.04s | TotalTime=1777.98s | Method=feddenoise_v2
[Round 026/100] Acc=39.970 | Pure=81.644 | RoundTime=109.43s | TotalTime=1887.41s | Method=feddenoise_v2
[Round 027/100] Acc=41.500 | Pure=83.063 | RoundTime=108.85s | TotalTime=1996.26s | Method=feddenoise_v2
[Round 028/100] Acc=39.260 | Pure=83.914 | RoundTime=108.60s | TotalTime=2104.86s | Method=feddenoise_v2
[Round 029/100] Acc=40.920 | Pure=84.484 | RoundTime=108.72s | TotalTime=2213.58s | Method=feddenoise_v2
[Round 030/100] Acc=40.810 | Pure=82.933 | RoundTime=109.42s | TotalTime=2323.00s | Method=feddenoise_v2
[Round 031/100] Acc=36.680 | Pure=86.021 | RoundTime=90.08s | TotalTime=2413.08s | Method=feddenoise_v2
[Round 032/100] Acc=40.730 | Pure=85.541 | RoundTime=89.69s | TotalTime=2502.77s | Method=feddenoise_v2
[Round 033/100] Acc=39.870 | Pure=87.772 | RoundTime=88.35s | TotalTime=2591.13s | Method=feddenoise_v2
[Round 034/100] Acc=38.620 | Pure=86.333 | RoundTime=87.64s | TotalTime=2678.77s | Method=feddenoise_v2
[Round 035/100] Acc=42.630 | Pure=85.323 | RoundTime=88.42s | TotalTime=2767.18s | Method=feddenoise_v2
[Round 036/100] Acc=42.160 | Pure=84.894 | RoundTime=87.63s | TotalTime=2854.81s | Method=feddenoise_v2
[Round 037/100] Acc=41.800 | Pure=84.060 | RoundTime=88.49s | TotalTime=2943.31s | Method=feddenoise_v2
[Round 038/100] Acc=40.000 | Pure=86.321 | RoundTime=89.63s | TotalTime=3032.93s | Method=feddenoise_v2
[Round 039/100] Acc=38.700 | Pure=84.509 | RoundTime=89.49s | TotalTime=3122.42s | Method=feddenoise_v2
[Round 040/100] Acc=43.560 | Pure=86.098 | RoundTime=88.47s | TotalTime=3210.89s | Method=feddenoise_v2
[Round 041/100] Acc=40.680 | Pure=86.175 | RoundTime=72.87s | TotalTime=3283.76s | Method=feddenoise_v2
[Round 042/100] Acc=44.020 | Pure=83.134 | RoundTime=73.19s | TotalTime=3356.95s | Method=feddenoise_v2
[Round 043/100] Acc=44.550 | Pure=78.905 | RoundTime=73.96s | TotalTime=3430.91s | Method=feddenoise_v2
[Round 044/100] Acc=43.750 | Pure=82.352 | RoundTime=73.94s | TotalTime=3504.84s | Method=feddenoise_v2
[Round 045/100] Acc=41.930 | Pure=86.502 | RoundTime=69.89s | TotalTime=3574.74s | Method=feddenoise_v2
[Round 046/100] Acc=44.930 | Pure=83.579 | RoundTime=70.21s | TotalTime=3644.95s | Method=feddenoise_v2
[Round 047/100] Acc=42.050 | Pure=86.140 | RoundTime=69.40s | TotalTime=3714.35s | Method=feddenoise_v2
[Round 048/100] Acc=42.080 | Pure=86.860 | RoundTime=69.07s | TotalTime=3783.42s | Method=feddenoise_v2
[Round 049/100] Acc=46.190 | Pure=82.638 | RoundTime=70.90s | TotalTime=3854.32s | Method=feddenoise_v2
[Round 050/100] Acc=43.830 | Pure=85.335 | RoundTime=70.79s | TotalTime=3925.11s | Method=feddenoise_v2
[Round 051/100] Acc=46.620 | Pure=79.562 | RoundTime=71.10s | TotalTime=3996.21s | Method=feddenoise_v2
[Round 052/100] Acc=44.300 | Pure=83.299 | RoundTime=70.37s | TotalTime=4066.58s | Method=feddenoise_v2
[Round 053/100] Acc=46.830 | Pure=82.725 | RoundTime=71.64s | TotalTime=4138.22s | Method=feddenoise_v2
[Round 054/100] Acc=42.580 | Pure=82.956 | RoundTime=72.09s | TotalTime=4210.31s | Method=feddenoise_v2
[Round 055/100] Acc=40.990 | Pure=81.129 | RoundTime=71.68s | TotalTime=4281.99s | Method=feddenoise_v2
[Round 056/100] Acc=39.610 | Pure=84.594 | RoundTime=70.02s | TotalTime=4352.01s | Method=feddenoise_v2
[Round 057/100] Acc=44.920 | Pure=81.934 | RoundTime=67.31s | TotalTime=4419.32s | Method=feddenoise_v2
[Round 058/100] Acc=41.920 | Pure=84.725 | RoundTime=68.40s | TotalTime=4487.73s | Method=feddenoise_v2
[Round 059/100] Acc=44.380 | Pure=84.430 | RoundTime=68.41s | TotalTime=4556.14s | Method=feddenoise_v2
[Round 060/100] Acc=42.270 | Pure=80.842 | RoundTime=68.43s | TotalTime=4624.57s | Method=feddenoise_v2
[Round 061/100] Acc=44.990 | Pure=80.679 | RoundTime=67.72s | TotalTime=4692.29s | Method=feddenoise_v2
[Round 062/100] Acc=44.160 | Pure=78.018 | RoundTime=67.08s | TotalTime=4759.38s | Method=feddenoise_v2
[Round 063/100] Acc=42.470 | Pure=81.345 | RoundTime=67.49s | TotalTime=4826.87s | Method=feddenoise_v2
[Round 064/100] Acc=43.220 | Pure=78.941 | RoundTime=66.85s | TotalTime=4893.72s | Method=feddenoise_v2
[Round 065/100] Acc=43.930 | Pure=80.473 | RoundTime=67.28s | TotalTime=4961.00s | Method=feddenoise_v2
[Round 066/100] Acc=45.290 | Pure=82.731 | RoundTime=64.93s | TotalTime=5025.93s | Method=feddenoise_v2
[Round 067/100] Acc=47.940 | Pure=80.288 | RoundTime=66.17s | TotalTime=5092.10s | Method=feddenoise_v2
[Round 068/100] Acc=44.810 | Pure=81.069 | RoundTime=66.49s | TotalTime=5158.59s | Method=feddenoise_v2
[Round 069/100] Acc=43.040 | Pure=80.115 | RoundTime=65.79s | TotalTime=5224.38s | Method=feddenoise_v2
[Round 070/100] Acc=42.450 | Pure=76.532 | RoundTime=65.97s | TotalTime=5290.35s | Method=feddenoise_v2
[Round 071/100] Acc=42.400 | Pure=82.280 | RoundTime=66.68s | TotalTime=5357.03s | Method=feddenoise_v2
[Round 072/100] Acc=44.230 | Pure=80.867 | RoundTime=65.74s | TotalTime=5422.77s | Method=feddenoise_v2
[Round 073/100] Acc=45.190 | Pure=77.270 | RoundTime=65.30s | TotalTime=5488.07s | Method=feddenoise_v2
[Round 074/100] Acc=37.910 | Pure=84.953 | RoundTime=67.18s | TotalTime=5555.25s | Method=feddenoise_v2
[Round 075/100] Acc=43.280 | Pure=82.470 | RoundTime=65.64s | TotalTime=5620.89s | Method=feddenoise_v2
[Round 076/100] Acc=45.210 | Pure=79.888 | RoundTime=65.91s | TotalTime=5686.80s | Method=feddenoise_v2
[Round 077/100] Acc=42.750 | Pure=81.116 | RoundTime=65.65s | TotalTime=5752.45s | Method=feddenoise_v2
[Round 078/100] Acc=42.610 | Pure=80.948 | RoundTime=65.02s | TotalTime=5817.47s | Method=feddenoise_v2
[Round 079/100] Acc=42.700 | Pure=84.938 | RoundTime=65.90s | TotalTime=5883.38s | Method=feddenoise_v2
[Round 080/100] Acc=44.280 | Pure=79.781 | RoundTime=66.21s | TotalTime=5949.59s | Method=feddenoise_v2
[Round 081/100] Acc=45.950 | Pure=76.953 | RoundTime=66.47s | TotalTime=6016.06s | Method=feddenoise_v2
[Round 082/100] Acc=48.430 | Pure=79.139 | RoundTime=65.52s | TotalTime=6081.58s | Method=feddenoise_v2
[Round 083/100] Acc=43.360 | Pure=80.423 | RoundTime=65.03s | TotalTime=6146.61s | Method=feddenoise_v2
[Round 084/100] Acc=40.110 | Pure=78.298 | RoundTime=66.53s | TotalTime=6213.13s | Method=feddenoise_v2
[Round 085/100] Acc=44.400 | Pure=78.277 | RoundTime=66.00s | TotalTime=6279.13s | Method=feddenoise_v2
[Round 086/100] Acc=41.410 | Pure=77.987 | RoundTime=66.81s | TotalTime=6345.94s | Method=feddenoise_v2
[Round 087/100] Acc=43.270 | Pure=79.547 | RoundTime=66.85s | TotalTime=6412.79s | Method=feddenoise_v2
[Round 088/100] Acc=42.260 | Pure=77.681 | RoundTime=66.04s | TotalTime=6478.84s | Method=feddenoise_v2
[Round 089/100] Acc=43.620 | Pure=79.107 | RoundTime=65.09s | TotalTime=6543.93s | Method=feddenoise_v2
[Round 090/100] Acc=42.350 | Pure=79.152 | RoundTime=66.14s | TotalTime=6610.08s | Method=feddenoise_v2
[Round 091/100] Acc=43.650 | Pure=81.836 | RoundTime=66.86s | TotalTime=6676.94s | Method=feddenoise_v2
[Round 092/100] Acc=45.240 | Pure=84.022 | RoundTime=65.23s | TotalTime=6742.16s | Method=feddenoise_v2
[Round 093/100] Acc=45.280 | Pure=84.143 | RoundTime=64.90s | TotalTime=6807.06s | Method=feddenoise_v2
[Round 094/100] Acc=46.330 | Pure=82.306 | RoundTime=65.78s | TotalTime=6872.83s | Method=feddenoise_v2
[Round 095/100] Acc=45.860 | Pure=82.273 | RoundTime=64.59s | TotalTime=6937.42s | Method=feddenoise_v2
[Round 096/100] Acc=43.560 | Pure=87.049 | RoundTime=65.08s | TotalTime=7002.50s | Method=feddenoise_v2
[Round 097/100] Acc=46.200 | Pure=83.390 | RoundTime=65.81s | TotalTime=7068.31s | Method=feddenoise_v2
[Round 098/100] Acc=47.040 | Pure=84.476 | RoundTime=65.99s | TotalTime=7134.31s | Method=feddenoise_v2
[Round 099/100] Acc=45.580 | Pure=82.164 | RoundTime=65.93s | TotalTime=7200.24s | Method=feddenoise_v2
[Round 100/100] Acc=43.620 | Pure=85.778 | RoundTime=65.57s | TotalTime=7265.81s | Method=feddenoise_v2
====================================================================================================
Training finished at: 2026-04-01 11:30:17
Total elapsed time: 7265.81s
Final Acc: 43.620
Best Acc : 48.430
Final Pure: 85.778
Best Pure : 87.772
====================================================================================================
