====================================================================================================
Training started at: 2026-03-30 06:15:32
Result directory: results/fl_cifar10/fedcda/pm-dir_a-0.1_nm-uni_nr-0.2_nt-symmetric_st-least_sim_dr-0.5
Result txt file : results/fl_cifar10/fedcda/pm-dir_a-0.1_nm-uni_nr-0.2_nt-symmetric_st-least_sim_dr-0.5/fedcda_fl_cifar10_20260330-061532-282795_pid3856340.txt
Result log file : results/fl_cifar10/fedcda/pm-dir_a-0.1_nm-uni_nr-0.2_nt-symmetric_st-least_sim_dr-0.5/fedcda_fl_cifar10_20260330-061532-282795_pid3856340.log
----------------------------------------------------------------------------------------------------
Model: fedcda
Dataset: fl_cifar10
Structure: homogeneity
Participants: 100
Online ratio: 0.1
Communication epochs: 100
Local epoch: 10
Local batch size: 32
Local lr: 0.01
Partition mode: dirichlet
Dirichlet alpha: 0.1
Noise mode: uniform
Noise rate: 0.2
Noise type: symmetric
Noise max: 0.3
Denoise score alpha: 0.5
Drop rate: 0.5
Denoise strategy: least_sim
FedProx mu: 0.01
FedRDN std: 0.01
FedCDA history size: NA
FedGLoSS beta: 0.01
Averaging: weight
Seed: 0
====================================================================================================
[Round 001/100] Acc=10.000 | RoundTime=26.40s | TotalTime=26.40s | Method=fedcda
[Round 002/100] Acc=10.000 | RoundTime=26.27s | TotalTime=52.67s | Method=fedcda
[Round 003/100] Acc=17.760 | RoundTime=25.67s | TotalTime=78.34s | Method=fedcda
[Round 004/100] Acc=14.700 | RoundTime=26.45s | TotalTime=104.79s | Method=fedcda
[Round 005/100] Acc=20.760 | RoundTime=26.16s | TotalTime=130.96s | Method=fedcda
[Round 006/100] Acc=23.270 | RoundTime=26.83s | TotalTime=157.79s | Method=fedcda
[Round 007/100] Acc=32.200 | RoundTime=24.68s | TotalTime=182.47s | Method=fedcda
[Round 008/100] Acc=25.260 | RoundTime=26.72s | TotalTime=209.19s | Method=fedcda
[Round 009/100] Acc=18.310 | RoundTime=27.37s | TotalTime=236.57s | Method=fedcda
[Round 010/100] Acc=13.970 | RoundTime=27.70s | TotalTime=264.27s | Method=fedcda
[Round 011/100] Acc=31.690 | RoundTime=28.95s | TotalTime=293.22s | Method=fedcda
