====================================================================================================
Training started at: 2026-03-15 06:20:45
Result directory: results/fl_mnist/feddenoise/pm-dir_a-0.3_nm-uni_nr-0.3
Result txt file : results/fl_mnist/feddenoise/pm-dir_a-0.3_nm-uni_nr-0.3/feddenoise_fl_mnist_20260315-062045.txt
Result log file : results/fl_mnist/feddenoise/pm-dir_a-0.3_nm-uni_nr-0.3/feddenoise_fl_mnist_20260315-062045.log
----------------------------------------------------------------------------------------------------
Model: feddenoise
Dataset: fl_mnist
Structure: homogeneity
Participants: 100
Online ratio: 0.1
Communication epochs: 100
Local epoch: 10
Local batch size: 64
Local lr: 0.01
Partition mode: dirichlet
Dirichlet alpha: 0.3
Noise mode: uniform
Noise rate: 0.3
Noise type: asymmetric
Noise max: 0.3
Denoise score alpha: 0.5
Drop rate: 0.15
Denoise strategy: global
FedProx mu: 0.01
FedRDN std: 0.01
FedCDA history size: NA
FedGLoSS beta: 0.01
Averaging: weight
Seed: 0
====================================================================================================
[Round 001/100] Acc=11.350 | Pure=69.930 | RoundTime=48.59s | TotalTime=48.59s | Method=feddenoise
[Round 002/100] Acc=39.140 | Pure=70.091 | RoundTime=48.45s | TotalTime=97.04s | Method=feddenoise
[Round 003/100] Acc=72.100 | Pure=70.029 | RoundTime=48.23s | TotalTime=145.27s | Method=feddenoise
[Round 004/100] Acc=80.820 | Pure=70.081 | RoundTime=49.11s | TotalTime=194.39s | Method=feddenoise
[Round 005/100] Acc=84.700 | Pure=70.018 | RoundTime=48.30s | TotalTime=242.69s | Method=feddenoise
[Round 006/100] Acc=89.060 | Pure=69.990 | RoundTime=48.52s | TotalTime=291.20s | Method=feddenoise
[Round 007/100] Acc=88.700 | Pure=70.073 | RoundTime=46.97s | TotalTime=338.17s | Method=feddenoise
[Round 008/100] Acc=92.640 | Pure=69.932 | RoundTime=48.68s | TotalTime=386.85s | Method=feddenoise
[Round 009/100] Acc=86.890 | Pure=70.031 | RoundTime=47.51s | TotalTime=434.35s | Method=feddenoise
[Round 010/100] Acc=85.890 | Pure=70.000 | RoundTime=48.59s | TotalTime=482.95s | Method=feddenoise
[Round 011/100] Acc=94.020 | Pure=78.185 | RoundTime=54.25s | TotalTime=537.20s | Method=feddenoise
[Round 012/100] Acc=92.540 | Pure=78.201 | RoundTime=55.39s | TotalTime=592.59s | Method=feddenoise
[Round 013/100] Acc=84.870 | Pure=78.532 | RoundTime=56.93s | TotalTime=649.52s | Method=feddenoise
[Round 014/100] Acc=86.520 | Pure=79.084 | RoundTime=55.04s | TotalTime=704.57s | Method=feddenoise
[Round 015/100] Acc=81.910 | Pure=80.197 | RoundTime=55.66s | TotalTime=760.22s | Method=feddenoise
[Round 016/100] Acc=87.460 | Pure=78.666 | RoundTime=56.03s | TotalTime=816.25s | Method=feddenoise
[Round 017/100] Acc=87.660 | Pure=79.394 | RoundTime=56.52s | TotalTime=872.77s | Method=feddenoise
[Round 018/100] Acc=87.670 | Pure=79.024 | RoundTime=56.28s | TotalTime=929.05s | Method=feddenoise
[Round 019/100] Acc=91.430 | Pure=78.259 | RoundTime=55.73s | TotalTime=984.78s | Method=feddenoise
[Round 020/100] Acc=92.590 | Pure=78.175 | RoundTime=56.07s | TotalTime=1040.85s | Method=feddenoise
[Round 021/100] Acc=93.660 | Pure=80.580 | RoundTime=55.31s | TotalTime=1096.16s | Method=feddenoise
[Round 022/100] Acc=90.810 | Pure=80.793 | RoundTime=56.22s | TotalTime=1152.38s | Method=feddenoise
[Round 023/100] Acc=93.380 | Pure=80.441 | RoundTime=56.57s | TotalTime=1208.95s | Method=feddenoise
[Round 024/100] Acc=91.610 | Pure=80.842 | RoundTime=55.14s | TotalTime=1264.09s | Method=feddenoise
[Round 025/100] Acc=92.810 | Pure=80.565 | RoundTime=55.26s | TotalTime=1319.36s | Method=feddenoise
[Round 026/100] Acc=90.070 | Pure=80.262 | RoundTime=54.69s | TotalTime=1374.05s | Method=feddenoise
[Round 027/100] Acc=92.400 | Pure=80.852 | RoundTime=56.32s | TotalTime=1430.37s | Method=feddenoise
[Round 028/100] Acc=92.280 | Pure=80.897 | RoundTime=57.00s | TotalTime=1487.37s | Method=feddenoise
[Round 029/100] Acc=90.560 | Pure=80.645 | RoundTime=56.48s | TotalTime=1543.85s | Method=feddenoise
[Round 030/100] Acc=93.520 | Pure=80.402 | RoundTime=55.94s | TotalTime=1599.78s | Method=feddenoise
[Round 031/100] Acc=91.400 | Pure=80.875 | RoundTime=55.38s | TotalTime=1655.17s | Method=feddenoise
[Round 032/100] Acc=90.780 | Pure=80.845 | RoundTime=57.74s | TotalTime=1712.91s | Method=feddenoise
[Round 033/100] Acc=91.690 | Pure=80.982 | RoundTime=55.70s | TotalTime=1768.61s | Method=feddenoise
[Round 034/100] Acc=91.190 | Pure=81.088 | RoundTime=55.92s | TotalTime=1824.53s | Method=feddenoise
[Round 035/100] Acc=90.360 | Pure=80.833 | RoundTime=55.22s | TotalTime=1879.75s | Method=feddenoise
[Round 036/100] Acc=92.710 | Pure=80.959 | RoundTime=55.13s | TotalTime=1934.88s | Method=feddenoise
[Round 037/100] Acc=91.280 | Pure=80.841 | RoundTime=55.39s | TotalTime=1990.27s | Method=feddenoise
[Round 038/100] Acc=92.110 | Pure=80.839 | RoundTime=56.20s | TotalTime=2046.47s | Method=feddenoise
[Round 039/100] Acc=92.040 | Pure=80.998 | RoundTime=55.94s | TotalTime=2102.42s | Method=feddenoise
[Round 040/100] Acc=91.200 | Pure=80.930 | RoundTime=56.77s | TotalTime=2159.18s | Method=feddenoise
[Round 041/100] Acc=93.660 | Pure=80.543 | RoundTime=55.90s | TotalTime=2215.09s | Method=feddenoise
[Round 042/100] Acc=92.990 | Pure=80.560 | RoundTime=55.57s | TotalTime=2270.66s | Method=feddenoise
[Round 043/100] Acc=89.900 | Pure=80.913 | RoundTime=55.36s | TotalTime=2326.02s | Method=feddenoise
[Round 044/100] Acc=90.690 | Pure=80.881 | RoundTime=55.65s | TotalTime=2381.67s | Method=feddenoise
[Round 045/100] Acc=89.590 | Pure=80.813 | RoundTime=55.51s | TotalTime=2437.18s | Method=feddenoise
[Round 046/100] Acc=91.750 | Pure=80.356 | RoundTime=56.81s | TotalTime=2493.99s | Method=feddenoise
[Round 047/100] Acc=91.310 | Pure=80.437 | RoundTime=56.23s | TotalTime=2550.23s | Method=feddenoise
[Round 048/100] Acc=92.470 | Pure=80.938 | RoundTime=55.02s | TotalTime=2605.25s | Method=feddenoise
[Round 049/100] Acc=91.710 | Pure=80.717 | RoundTime=55.03s | TotalTime=2660.28s | Method=feddenoise
[Round 050/100] Acc=89.590 | Pure=80.559 | RoundTime=55.33s | TotalTime=2715.61s | Method=feddenoise
[Round 051/100] Acc=92.530 | Pure=80.077 | RoundTime=53.17s | TotalTime=2768.78s | Method=feddenoise
[Round 052/100] Acc=92.010 | Pure=80.009 | RoundTime=53.40s | TotalTime=2822.18s | Method=feddenoise
[Round 053/100] Acc=93.630 | Pure=80.199 | RoundTime=53.95s | TotalTime=2876.12s | Method=feddenoise
[Round 054/100] Acc=90.700 | Pure=80.321 | RoundTime=55.30s | TotalTime=2931.42s | Method=feddenoise
[Round 055/100] Acc=92.300 | Pure=80.049 | RoundTime=53.99s | TotalTime=2985.41s | Method=feddenoise
[Round 056/100] Acc=89.970 | Pure=80.105 | RoundTime=53.79s | TotalTime=3039.21s | Method=feddenoise
[Round 057/100] Acc=90.990 | Pure=80.115 | RoundTime=55.88s | TotalTime=3095.09s | Method=feddenoise
[Round 058/100] Acc=90.500 | Pure=80.579 | RoundTime=55.39s | TotalTime=3150.48s | Method=feddenoise
[Round 059/100] Acc=91.270 | Pure=80.362 | RoundTime=54.45s | TotalTime=3204.93s | Method=feddenoise
[Round 060/100] Acc=91.990 | Pure=80.490 | RoundTime=54.80s | TotalTime=3259.73s | Method=feddenoise
[Round 061/100] Acc=91.690 | Pure=80.761 | RoundTime=54.59s | TotalTime=3314.32s | Method=feddenoise
[Round 062/100] Acc=90.710 | Pure=80.365 | RoundTime=55.61s | TotalTime=3369.93s | Method=feddenoise
[Round 063/100] Acc=90.850 | Pure=80.278 | RoundTime=56.62s | TotalTime=3426.55s | Method=feddenoise
[Round 064/100] Acc=91.430 | Pure=80.650 | RoundTime=55.65s | TotalTime=3482.21s | Method=feddenoise
[Round 065/100] Acc=91.110 | Pure=80.620 | RoundTime=56.72s | TotalTime=3538.92s | Method=feddenoise
[Round 066/100] Acc=90.520 | Pure=80.568 | RoundTime=56.65s | TotalTime=3595.57s | Method=feddenoise
[Round 067/100] Acc=89.840 | Pure=80.916 | RoundTime=55.79s | TotalTime=3651.36s | Method=feddenoise
[Round 068/100] Acc=92.510 | Pure=80.503 | RoundTime=56.21s | TotalTime=3707.57s | Method=feddenoise
[Round 069/100] Acc=90.460 | Pure=80.845 | RoundTime=55.49s | TotalTime=3763.05s | Method=feddenoise
[Round 070/100] Acc=91.040 | Pure=79.742 | RoundTime=54.96s | TotalTime=3818.01s | Method=feddenoise
[Round 071/100] Acc=89.440 | Pure=80.936 | RoundTime=55.84s | TotalTime=3873.85s | Method=feddenoise
[Round 072/100] Acc=91.030 | Pure=80.059 | RoundTime=55.12s | TotalTime=3928.97s | Method=feddenoise
[Round 073/100] Acc=92.490 | Pure=80.404 | RoundTime=56.30s | TotalTime=3985.28s | Method=feddenoise
[Round 074/100] Acc=88.200 | Pure=80.931 | RoundTime=56.69s | TotalTime=4041.96s | Method=feddenoise
[Round 075/100] Acc=89.610 | Pure=80.853 | RoundTime=55.22s | TotalTime=4097.19s | Method=feddenoise
[Round 076/100] Acc=92.320 | Pure=80.376 | RoundTime=55.12s | TotalTime=4152.30s | Method=feddenoise
[Round 077/100] Acc=91.980 | Pure=80.429 | RoundTime=56.01s | TotalTime=4208.31s | Method=feddenoise
[Round 078/100] Acc=89.640 | Pure=80.665 | RoundTime=56.63s | TotalTime=4264.94s | Method=feddenoise
[Round 079/100] Acc=90.960 | Pure=80.276 | RoundTime=56.98s | TotalTime=4321.92s | Method=feddenoise
[Round 080/100] Acc=91.650 | Pure=80.797 | RoundTime=55.64s | TotalTime=4377.56s | Method=feddenoise
[Round 081/100] Acc=91.010 | Pure=80.798 | RoundTime=54.69s | TotalTime=4432.25s | Method=feddenoise
[Round 082/100] Acc=92.300 | Pure=80.034 | RoundTime=55.17s | TotalTime=4487.42s | Method=feddenoise
[Round 083/100] Acc=91.870 | Pure=80.559 | RoundTime=55.46s | TotalTime=4542.88s | Method=feddenoise
[Round 084/100] Acc=90.840 | Pure=80.932 | RoundTime=56.93s | TotalTime=4599.81s | Method=feddenoise
[Round 085/100] Acc=92.810 | Pure=80.287 | RoundTime=55.18s | TotalTime=4655.00s | Method=feddenoise
[Round 086/100] Acc=91.370 | Pure=80.981 | RoundTime=55.59s | TotalTime=4710.59s | Method=feddenoise
[Round 087/100] Acc=90.240 | Pure=80.865 | RoundTime=55.58s | TotalTime=4766.16s | Method=feddenoise
[Round 088/100] Acc=89.980 | Pure=80.659 | RoundTime=55.14s | TotalTime=4821.30s | Method=feddenoise
[Round 089/100] Acc=90.270 | Pure=80.560 | RoundTime=55.17s | TotalTime=4876.47s | Method=feddenoise
[Round 090/100] Acc=92.320 | Pure=80.425 | RoundTime=55.80s | TotalTime=4932.27s | Method=feddenoise
[Round 091/100] Acc=91.420 | Pure=80.397 | RoundTime=54.43s | TotalTime=4986.70s | Method=feddenoise
[Round 092/100] Acc=90.850 | Pure=80.769 | RoundTime=56.11s | TotalTime=5042.81s | Method=feddenoise
[Round 093/100] Acc=90.590 | Pure=80.738 | RoundTime=55.09s | TotalTime=5097.90s | Method=feddenoise
[Round 094/100] Acc=90.220 | Pure=80.934 | RoundTime=56.85s | TotalTime=5154.75s | Method=feddenoise
[Round 095/100] Acc=90.630 | Pure=80.848 | RoundTime=55.48s | TotalTime=5210.23s | Method=feddenoise
[Round 096/100] Acc=88.620 | Pure=80.813 | RoundTime=56.18s | TotalTime=5266.42s | Method=feddenoise
[Round 097/100] Acc=87.260 | Pure=81.067 | RoundTime=55.06s | TotalTime=5321.48s | Method=feddenoise
[Round 098/100] Acc=89.380 | Pure=80.718 | RoundTime=56.76s | TotalTime=5378.24s | Method=feddenoise
[Round 099/100] Acc=91.200 | Pure=80.527 | RoundTime=55.08s | TotalTime=5433.32s | Method=feddenoise
[Round 100/100] Acc=88.670 | Pure=80.527 | RoundTime=50.02s | TotalTime=5483.34s | Method=feddenoise
====================================================================================================
Training finished at: 2026-03-15 07:52:08
Total elapsed time: 5483.34s
Final Acc: 88.670
Best Acc : 94.020
Final Pure: 80.527
Best Pure : 81.088
====================================================================================================
