====================================================================================================
Training started at: 2026-03-16 06:08:56
Result directory: results/fl_cifar10/feddenoise/pm-dir_a-0.1_nm-uni_nr-0.3
Result txt file : results/fl_cifar10/feddenoise/pm-dir_a-0.1_nm-uni_nr-0.3/feddenoise_fl_cifar10_20260316-060856.txt
Result log file : results/fl_cifar10/feddenoise/pm-dir_a-0.1_nm-uni_nr-0.3/feddenoise_fl_cifar10_20260316-060856.log
----------------------------------------------------------------------------------------------------
Model: feddenoise
Dataset: fl_cifar10
Structure: homogeneity
Participants: 100
Online ratio: 0.1
Communication epochs: 100
Local epoch: 10
Local batch size: 64
Local lr: 0.01
Partition mode: dirichlet
Dirichlet alpha: 0.1
Noise mode: uniform
Noise rate: 0.3
Noise type: symmetric
Noise max: 0.3
Denoise score alpha: 0.5
Drop rate: 0.1
Denoise strategy: least_sim
FedProx mu: 0.01
FedRDN std: 0.01
FedCDA history size: NA
FedGLoSS beta: 0.01
Averaging: weight
Seed: 0
====================================================================================================
====================================================================================================
Training started at: 2026-03-16 06:08:56
Result directory: results/fl_cifar10/feddenoise/pm-dir_a-0.1_nm-uni_nr-0.3
Result txt file : results/fl_cifar10/feddenoise/pm-dir_a-0.1_nm-uni_nr-0.3/feddenoise_fl_cifar10_20260316-060856.txt
Result log file : results/fl_cifar10/feddenoise/pm-dir_a-0.1_nm-uni_nr-0.3/feddenoise_fl_cifar10_20260316-060856.log
----------------------------------------------------------------------------------------------------
Model: feddenoise
Dataset: fl_cifar10
Structure: homogeneity
Participants: 100
Online ratio: 0.1
Communication epochs: 100
Local epoch: 10
Local batch size: 64
Local lr: 0.01
Partition mode: dirichlet
Dirichlet alpha: 0.1
Noise mode: uniform
Noise rate: 0.3
Noise type: symmetric
Noise max: 0.3
Denoise score alpha: 0.5
Drop rate: 0.0
Denoise strategy: least_sim
FedProx mu: 0.01
FedRDN std: 0.01
FedCDA history size: NA
FedGLoSS beta: 0.01
Averaging: weight
Seed: 0
====================================================================================================
====================================================================================================
Training started at: 2026-03-16 06:08:56
Result directory: results/fl_cifar10/feddenoise/pm-dir_a-0.1_nm-uni_nr-0.3
Result txt file : results/fl_cifar10/feddenoise/pm-dir_a-0.1_nm-uni_nr-0.3/feddenoise_fl_cifar10_20260316-060856.txt
Result log file : results/fl_cifar10/feddenoise/pm-dir_a-0.1_nm-uni_nr-0.3/feddenoise_fl_cifar10_20260316-060856.log
----------------------------------------------------------------------------------------------------
Model: feddenoise
Dataset: fl_cifar10
Structure: homogeneity
Participants: 100
Online ratio: 0.1
Communication epochs: 100
Local epoch: 10
Local batch size: 64
Local lr: 0.01
Partition mode: dirichlet
Dirichlet alpha: 0.1
Noise mode: uniform
Noise rate: 0.3
Noise type: symmetric
Noise max: 0.3
Denoise score alpha: 0.5
Drop rate: 0.15
Denoise strategy: least_sim
FedProx mu: 0.01
FedRDN std: 0.01
FedCDA history size: NA
FedGLoSS beta: 0.01
Averaging: weight
Seed: 0
====================================================================================================
[Round 001/100] Acc=10.000 | Pure=70.001 | RoundTime=36.16s | TotalTime=36.16s | Method=feddenoise
[Round 001/100] Acc=10.000 | Pure=70.025 | RoundTime=35.74s | TotalTime=35.74s | Method=feddenoise
[Round 001/100] Acc=10.000 | Pure=70.000 | RoundTime=36.78s | TotalTime=36.78s | Method=feddenoise
[Round 002/100] Acc=10.040 | Pure=69.980 | RoundTime=34.55s | TotalTime=70.71s | Method=feddenoise
[Round 002/100] Acc=11.910 | Pure=69.975 | RoundTime=35.72s | TotalTime=71.46s | Method=feddenoise
[Round 002/100] Acc=10.670 | Pure=70.009 | RoundTime=35.40s | TotalTime=72.18s | Method=feddenoise
[Round 003/100] Acc=22.560 | Pure=70.024 | RoundTime=34.24s | TotalTime=104.95s | Method=feddenoise
[Round 003/100] Acc=21.120 | Pure=69.994 | RoundTime=34.75s | TotalTime=106.21s | Method=feddenoise
[Round 003/100] Acc=23.440 | Pure=69.997 | RoundTime=34.13s | TotalTime=106.30s | Method=feddenoise
[Round 004/100] Acc=29.450 | Pure=69.993 | RoundTime=35.19s | TotalTime=140.14s | Method=feddenoise
[Round 004/100] Acc=25.250 | Pure=70.004 | RoundTime=35.38s | TotalTime=141.69s | Method=feddenoise
[Round 004/100] Acc=25.770 | Pure=70.006 | RoundTime=35.48s | TotalTime=141.69s | Method=feddenoise
[Round 005/100] Acc=25.510 | Pure=70.003 | RoundTime=36.52s | TotalTime=176.66s | Method=feddenoise
[Round 005/100] Acc=22.250 | Pure=70.002 | RoundTime=36.68s | TotalTime=178.37s | Method=feddenoise
[Round 005/100] Acc=25.800 | Pure=69.979 | RoundTime=37.39s | TotalTime=179.08s | Method=feddenoise
[Round 006/100] Acc=30.550 | Pure=69.993 | RoundTime=34.98s | TotalTime=211.64s | Method=feddenoise
[Round 006/100] Acc=26.690 | Pure=69.982 | RoundTime=34.86s | TotalTime=213.22s | Method=feddenoise
[Round 006/100] Acc=23.770 | Pure=70.015 | RoundTime=35.52s | TotalTime=214.60s | Method=feddenoise
[Round 007/100] Acc=30.100 | Pure=70.005 | RoundTime=35.56s | TotalTime=247.20s | Method=feddenoise
[Round 007/100] Acc=24.780 | Pure=69.973 | RoundTime=37.19s | TotalTime=250.41s | Method=feddenoise
[Round 007/100] Acc=33.070 | Pure=70.006 | RoundTime=36.25s | TotalTime=250.85s | Method=feddenoise
[Round 008/100] Acc=31.700 | Pure=70.008 | RoundTime=34.86s | TotalTime=282.06s | Method=feddenoise
[Round 008/100] Acc=26.190 | Pure=69.990 | RoundTime=35.07s | TotalTime=285.92s | Method=feddenoise
[Round 008/100] Acc=26.490 | Pure=70.007 | RoundTime=35.96s | TotalTime=286.38s | Method=feddenoise
[Round 009/100] Acc=31.320 | Pure=69.973 | RoundTime=36.49s | TotalTime=318.55s | Method=feddenoise
[Round 009/100] Acc=28.970 | Pure=69.987 | RoundTime=35.54s | TotalTime=321.46s | Method=feddenoise
[Round 009/100] Acc=27.720 | Pure=70.005 | RoundTime=36.57s | TotalTime=322.95s | Method=feddenoise
[Round 010/100] Acc=29.510 | Pure=70.020 | RoundTime=34.54s | TotalTime=353.09s | Method=feddenoise
[Round 010/100] Acc=28.730 | Pure=69.975 | RoundTime=35.93s | TotalTime=357.38s | Method=feddenoise
[Round 010/100] Acc=26.180 | Pure=70.002 | RoundTime=35.56s | TotalTime=358.50s | Method=feddenoise
[Round 011/100] Acc=28.260 | Pure=73.037 | RoundTime=51.45s | TotalTime=404.54s | Method=feddenoise
[Round 011/100] Acc=28.150 | Pure=69.988 | RoundTime=52.13s | TotalTime=409.52s | Method=feddenoise
[Round 011/100] Acc=28.750 | Pure=73.808 | RoundTime=53.29s | TotalTime=411.79s | Method=feddenoise
[Round 012/100] Acc=30.960 | Pure=73.841 | RoundTime=51.73s | TotalTime=456.28s | Method=feddenoise
[Round 012/100] Acc=33.310 | Pure=69.995 | RoundTime=51.50s | TotalTime=461.02s | Method=feddenoise
[Round 012/100] Acc=28.160 | Pure=73.856 | RoundTime=53.02s | TotalTime=464.81s | Method=feddenoise
[Round 013/100] Acc=28.880 | Pure=73.140 | RoundTime=51.49s | TotalTime=507.77s | Method=feddenoise
[Round 013/100] Acc=27.370 | Pure=69.995 | RoundTime=50.61s | TotalTime=511.63s | Method=feddenoise
[Round 013/100] Acc=29.140 | Pure=72.203 | RoundTime=51.23s | TotalTime=516.05s | Method=feddenoise
[Round 014/100] Acc=32.840 | Pure=73.036 | RoundTime=50.84s | TotalTime=558.61s | Method=feddenoise
[Round 014/100] Acc=26.530 | Pure=70.006 | RoundTime=51.50s | TotalTime=563.13s | Method=feddenoise
[Round 014/100] Acc=27.190 | Pure=73.379 | RoundTime=52.29s | TotalTime=568.34s | Method=feddenoise
[Round 015/100] Acc=32.510 | Pure=74.708 | RoundTime=60.12s | TotalTime=618.73s | Method=feddenoise
[Round 015/100] Acc=28.350 | Pure=70.018 | RoundTime=60.78s | TotalTime=623.91s | Method=feddenoise
[Round 015/100] Acc=30.290 | Pure=72.995 | RoundTime=61.52s | TotalTime=629.86s | Method=feddenoise
[Round 016/100] Acc=35.670 | Pure=72.442 | RoundTime=53.76s | TotalTime=672.48s | Method=feddenoise
[Round 016/100] Acc=33.310 | Pure=70.005 | RoundTime=53.93s | TotalTime=677.85s | Method=feddenoise
[Round 016/100] Acc=30.660 | Pure=71.901 | RoundTime=53.55s | TotalTime=683.41s | Method=feddenoise
[Round 017/100] Acc=31.780 | Pure=72.608 | RoundTime=50.98s | TotalTime=723.47s | Method=feddenoise
[Round 017/100] Acc=28.560 | Pure=70.026 | RoundTime=51.16s | TotalTime=729.01s | Method=feddenoise
[Round 017/100] Acc=32.370 | Pure=72.766 | RoundTime=52.08s | TotalTime=735.49s | Method=feddenoise
[Round 018/100] Acc=30.810 | Pure=74.622 | RoundTime=54.67s | TotalTime=778.14s | Method=feddenoise
[Round 018/100] Acc=26.320 | Pure=69.998 | RoundTime=54.03s | TotalTime=783.04s | Method=feddenoise
[Round 018/100] Acc=32.420 | Pure=72.450 | RoundTime=57.08s | TotalTime=792.57s | Method=feddenoise
[Round 019/100] Acc=30.890 | Pure=72.653 | RoundTime=51.60s | TotalTime=829.74s | Method=feddenoise
[Round 019/100] Acc=30.580 | Pure=70.014 | RoundTime=51.71s | TotalTime=834.75s | Method=feddenoise
[Round 019/100] Acc=32.820 | Pure=71.565 | RoundTime=55.51s | TotalTime=848.08s | Method=feddenoise
[Round 020/100] Acc=33.240 | Pure=73.360 | RoundTime=52.31s | TotalTime=882.05s | Method=feddenoise
[Round 020/100] Acc=25.320 | Pure=70.026 | RoundTime=51.35s | TotalTime=886.10s | Method=feddenoise
[Round 020/100] Acc=33.610 | Pure=71.632 | RoundTime=51.77s | TotalTime=899.85s | Method=feddenoise
[Round 021/100] Acc=35.760 | Pure=73.538 | RoundTime=53.67s | TotalTime=935.72s | Method=feddenoise
[Round 021/100] Acc=26.620 | Pure=69.992 | RoundTime=54.77s | TotalTime=940.87s | Method=feddenoise
[Round 021/100] Acc=33.520 | Pure=71.816 | RoundTime=65.49s | TotalTime=965.34s | Method=feddenoise
[Round 022/100] Acc=31.580 | Pure=75.063 | RoundTime=81.84s | TotalTime=1017.56s | Method=feddenoise
[Round 022/100] Acc=31.590 | Pure=69.990 | RoundTime=84.88s | TotalTime=1025.75s | Method=feddenoise
[Round 022/100] Acc=28.000 | Pure=72.417 | RoundTime=84.75s | TotalTime=1050.09s | Method=feddenoise
[Round 023/100] Acc=29.500 | Pure=74.181 | RoundTime=83.26s | TotalTime=1100.82s | Method=feddenoise
[Round 023/100] Acc=28.490 | Pure=69.995 | RoundTime=84.54s | TotalTime=1110.29s | Method=feddenoise
[Round 023/100] Acc=31.470 | Pure=72.099 | RoundTime=84.54s | TotalTime=1134.63s | Method=feddenoise
[Round 024/100] Acc=34.820 | Pure=72.917 | RoundTime=84.60s | TotalTime=1185.42s | Method=feddenoise
[Round 024/100] Acc=28.640 | Pure=69.985 | RoundTime=86.66s | TotalTime=1196.96s | Method=feddenoise
[Round 024/100] Acc=30.900 | Pure=72.692 | RoundTime=85.63s | TotalTime=1220.26s | Method=feddenoise
[Round 025/100] Acc=29.980 | Pure=73.742 | RoundTime=83.76s | TotalTime=1269.18s | Method=feddenoise
[Round 025/100] Acc=33.750 | Pure=69.997 | RoundTime=84.70s | TotalTime=1281.66s | Method=feddenoise
[Round 025/100] Acc=31.450 | Pure=72.721 | RoundTime=85.18s | TotalTime=1305.43s | Method=feddenoise
[Round 026/100] Acc=33.780 | Pure=73.208 | RoundTime=85.04s | TotalTime=1354.22s | Method=feddenoise
[Round 026/100] Acc=29.560 | Pure=69.978 | RoundTime=86.14s | TotalTime=1367.79s | Method=feddenoise
[Round 026/100] Acc=34.280 | Pure=72.279 | RoundTime=85.47s | TotalTime=1390.91s | Method=feddenoise
[Round 027/100] Acc=32.530 | Pure=73.708 | RoundTime=84.26s | TotalTime=1438.48s | Method=feddenoise
[Round 027/100] Acc=29.640 | Pure=69.980 | RoundTime=84.65s | TotalTime=1452.44s | Method=feddenoise
[Round 027/100] Acc=29.390 | Pure=71.884 | RoundTime=84.67s | TotalTime=1475.58s | Method=feddenoise
[Round 028/100] Acc=32.040 | Pure=72.245 | RoundTime=85.16s | TotalTime=1523.64s | Method=feddenoise
[Round 028/100] Acc=28.260 | Pure=70.005 | RoundTime=83.84s | TotalTime=1536.29s | Method=feddenoise
[Round 028/100] Acc=32.340 | Pure=72.590 | RoundTime=85.13s | TotalTime=1560.70s | Method=feddenoise
[Round 029/100] Acc=29.790 | Pure=71.417 | RoundTime=84.71s | TotalTime=1608.35s | Method=feddenoise
[Round 029/100] Acc=26.210 | Pure=70.008 | RoundTime=86.67s | TotalTime=1622.95s | Method=feddenoise
[Round 029/100] Acc=31.850 | Pure=73.403 | RoundTime=88.09s | TotalTime=1648.79s | Method=feddenoise
[Round 030/100] Acc=33.810 | Pure=74.030 | RoundTime=90.16s | TotalTime=1698.51s | Method=feddenoise
[Round 030/100] Acc=26.220 | Pure=69.994 | RoundTime=90.69s | TotalTime=1713.64s | Method=feddenoise
[Round 030/100] Acc=33.910 | Pure=72.497 | RoundTime=91.28s | TotalTime=1740.08s | Method=feddenoise
[Round 031/100] Acc=27.800 | Pure=71.153 | RoundTime=90.77s | TotalTime=1789.28s | Method=feddenoise
[Round 031/100] Acc=32.480 | Pure=69.994 | RoundTime=91.00s | TotalTime=1804.64s | Method=feddenoise
[Round 031/100] Acc=33.420 | Pure=71.962 | RoundTime=91.01s | TotalTime=1831.08s | Method=feddenoise
[Round 032/100] Acc=33.850 | Pure=73.339 | RoundTime=90.38s | TotalTime=1879.66s | Method=feddenoise
[Round 032/100] Acc=31.620 | Pure=70.013 | RoundTime=90.31s | TotalTime=1894.95s | Method=feddenoise
[Round 032/100] Acc=34.510 | Pure=73.056 | RoundTime=90.13s | TotalTime=1921.22s | Method=feddenoise
[Round 033/100] Acc=33.310 | Pure=74.517 | RoundTime=90.26s | TotalTime=1969.92s | Method=feddenoise
[Round 033/100] Acc=28.160 | Pure=69.990 | RoundTime=90.85s | TotalTime=1985.80s | Method=feddenoise
[Round 033/100] Acc=25.880 | Pure=72.809 | RoundTime=90.22s | TotalTime=2011.44s | Method=feddenoise
[Round 034/100] Acc=36.810 | Pure=73.686 | RoundTime=90.30s | TotalTime=2060.22s | Method=feddenoise
[Round 034/100] Acc=28.740 | Pure=69.987 | RoundTime=90.69s | TotalTime=2076.49s | Method=feddenoise
[Round 034/100] Acc=34.460 | Pure=72.626 | RoundTime=90.84s | TotalTime=2102.28s | Method=feddenoise
[Round 035/100] Acc=29.640 | Pure=73.157 | RoundTime=90.35s | TotalTime=2150.57s | Method=feddenoise
[Round 035/100] Acc=30.140 | Pure=69.985 | RoundTime=90.24s | TotalTime=2166.73s | Method=feddenoise
[Round 035/100] Acc=29.840 | Pure=72.601 | RoundTime=91.21s | TotalTime=2193.49s | Method=feddenoise
[Round 036/100] Acc=35.000 | Pure=73.896 | RoundTime=89.86s | TotalTime=2240.42s | Method=feddenoise
[Round 036/100] Acc=31.570 | Pure=70.012 | RoundTime=90.65s | TotalTime=2257.38s | Method=feddenoise
[Round 036/100] Acc=30.830 | Pure=72.312 | RoundTime=90.78s | TotalTime=2284.27s | Method=feddenoise
[Round 037/100] Acc=32.850 | Pure=74.386 | RoundTime=90.21s | TotalTime=2330.64s | Method=feddenoise
[Round 037/100] Acc=34.170 | Pure=70.009 | RoundTime=90.44s | TotalTime=2347.82s | Method=feddenoise
[Round 037/100] Acc=33.310 | Pure=73.204 | RoundTime=91.64s | TotalTime=2375.91s | Method=feddenoise
[Round 038/100] Acc=33.660 | Pure=74.387 | RoundTime=90.02s | TotalTime=2420.66s | Method=feddenoise
[Round 038/100] Acc=33.240 | Pure=69.995 | RoundTime=90.82s | TotalTime=2438.64s | Method=feddenoise
[Round 038/100] Acc=36.090 | Pure=72.612 | RoundTime=90.79s | TotalTime=2466.70s | Method=feddenoise
[Round 039/100] Acc=34.030 | Pure=73.680 | RoundTime=89.81s | TotalTime=2510.48s | Method=feddenoise
[Round 039/100] Acc=33.630 | Pure=69.996 | RoundTime=90.93s | TotalTime=2529.58s | Method=feddenoise
[Round 039/100] Acc=28.500 | Pure=73.463 | RoundTime=90.98s | TotalTime=2557.68s | Method=feddenoise
[Round 040/100] Acc=33.720 | Pure=72.757 | RoundTime=90.26s | TotalTime=2600.74s | Method=feddenoise
[Round 040/100] Acc=33.670 | Pure=69.982 | RoundTime=91.20s | TotalTime=2620.77s | Method=feddenoise
[Round 040/100] Acc=37.920 | Pure=72.575 | RoundTime=90.59s | TotalTime=2648.26s | Method=feddenoise
[Round 041/100] Acc=37.220 | Pure=72.269 | RoundTime=90.19s | TotalTime=2690.93s | Method=feddenoise
[Round 041/100] Acc=24.500 | Pure=70.021 | RoundTime=90.31s | TotalTime=2711.09s | Method=feddenoise
[Round 041/100] Acc=34.980 | Pure=73.068 | RoundTime=91.30s | TotalTime=2739.57s | Method=feddenoise
[Round 042/100] Acc=33.360 | Pure=72.241 | RoundTime=90.12s | TotalTime=2781.05s | Method=feddenoise
[Round 042/100] Acc=29.680 | Pure=69.991 | RoundTime=91.04s | TotalTime=2802.12s | Method=feddenoise
[Round 042/100] Acc=30.740 | Pure=73.042 | RoundTime=91.38s | TotalTime=2830.95s | Method=feddenoise
[Round 043/100] Acc=34.010 | Pure=73.891 | RoundTime=89.77s | TotalTime=2870.82s | Method=feddenoise
[Round 043/100] Acc=27.980 | Pure=69.991 | RoundTime=90.37s | TotalTime=2892.49s | Method=feddenoise
[Round 043/100] Acc=29.470 | Pure=71.746 | RoundTime=90.66s | TotalTime=2921.61s | Method=feddenoise
[Round 044/100] Acc=33.700 | Pure=71.637 | RoundTime=89.89s | TotalTime=2960.71s | Method=feddenoise
[Round 044/100] Acc=29.630 | Pure=70.016 | RoundTime=90.76s | TotalTime=2983.26s | Method=feddenoise
[Round 044/100] Acc=36.460 | Pure=72.458 | RoundTime=90.61s | TotalTime=3012.22s | Method=feddenoise
[Round 045/100] Acc=33.730 | Pure=72.084 | RoundTime=90.09s | TotalTime=3050.79s | Method=feddenoise
[Round 045/100] Acc=33.030 | Pure=69.993 | RoundTime=90.93s | TotalTime=3074.18s | Method=feddenoise
[Round 045/100] Acc=35.570 | Pure=73.008 | RoundTime=90.89s | TotalTime=3103.11s | Method=feddenoise
[Round 046/100] Acc=35.180 | Pure=71.657 | RoundTime=89.99s | TotalTime=3140.78s | Method=feddenoise
[Round 046/100] Acc=29.570 | Pure=70.001 | RoundTime=90.70s | TotalTime=3164.89s | Method=feddenoise
[Round 046/100] Acc=33.070 | Pure=72.368 | RoundTime=90.60s | TotalTime=3193.71s | Method=feddenoise
[Round 047/100] Acc=30.610 | Pure=72.698 | RoundTime=90.15s | TotalTime=3230.93s | Method=feddenoise
[Round 047/100] Acc=33.370 | Pure=69.986 | RoundTime=90.25s | TotalTime=3255.14s | Method=feddenoise
[Round 047/100] Acc=33.680 | Pure=72.191 | RoundTime=91.02s | TotalTime=3284.73s | Method=feddenoise
[Round 048/100] Acc=34.080 | Pure=71.415 | RoundTime=89.94s | TotalTime=3320.87s | Method=feddenoise
[Round 048/100] Acc=32.460 | Pure=70.014 | RoundTime=90.31s | TotalTime=3345.45s | Method=feddenoise
[Round 048/100] Acc=37.020 | Pure=72.949 | RoundTime=90.91s | TotalTime=3375.63s | Method=feddenoise
[Round 049/100] Acc=33.970 | Pure=73.482 | RoundTime=90.07s | TotalTime=3410.94s | Method=feddenoise
[Round 049/100] Acc=29.000 | Pure=69.991 | RoundTime=90.65s | TotalTime=3436.10s | Method=feddenoise
[Round 049/100] Acc=30.710 | Pure=72.680 | RoundTime=90.30s | TotalTime=3465.94s | Method=feddenoise
[Round 050/100] Acc=32.020 | Pure=70.876 | RoundTime=90.59s | TotalTime=3501.53s | Method=feddenoise
[Round 050/100] Acc=30.360 | Pure=69.999 | RoundTime=90.72s | TotalTime=3526.82s | Method=feddenoise
[Round 050/100] Acc=34.610 | Pure=71.266 | RoundTime=91.75s | TotalTime=3557.69s | Method=feddenoise
[Round 051/100] Acc=29.660 | Pure=71.696 | RoundTime=90.02s | TotalTime=3591.55s | Method=feddenoise
[Round 051/100] Acc=32.500 | Pure=70.015 | RoundTime=90.07s | TotalTime=3616.89s | Method=feddenoise
[Round 051/100] Acc=26.080 | Pure=71.709 | RoundTime=91.07s | TotalTime=3648.77s | Method=feddenoise
[Round 052/100] Acc=34.890 | Pure=71.736 | RoundTime=90.06s | TotalTime=3681.61s | Method=feddenoise
[Round 052/100] Acc=30.450 | Pure=69.993 | RoundTime=90.63s | TotalTime=3707.53s | Method=feddenoise
[Round 052/100] Acc=32.890 | Pure=71.252 | RoundTime=90.55s | TotalTime=3739.31s | Method=feddenoise
[Round 053/100] Acc=28.840 | Pure=70.621 | RoundTime=89.88s | TotalTime=3771.49s | Method=feddenoise
[Round 053/100] Acc=31.050 | Pure=70.010 | RoundTime=90.74s | TotalTime=3798.27s | Method=feddenoise
[Round 053/100] Acc=32.470 | Pure=72.777 | RoundTime=91.33s | TotalTime=3830.64s | Method=feddenoise
[Round 054/100] Acc=34.470 | Pure=70.543 | RoundTime=90.04s | TotalTime=3861.53s | Method=feddenoise
[Round 054/100] Acc=34.350 | Pure=69.994 | RoundTime=90.34s | TotalTime=3888.61s | Method=feddenoise
[Round 054/100] Acc=33.230 | Pure=70.208 | RoundTime=90.62s | TotalTime=3921.26s | Method=feddenoise
[Round 055/100] Acc=30.620 | Pure=70.885 | RoundTime=90.64s | TotalTime=3952.17s | Method=feddenoise
[Round 055/100] Acc=28.950 | Pure=69.989 | RoundTime=90.66s | TotalTime=3979.27s | Method=feddenoise
[Round 055/100] Acc=32.110 | Pure=71.450 | RoundTime=90.33s | TotalTime=4011.59s | Method=feddenoise
[Round 056/100] Acc=33.180 | Pure=71.606 | RoundTime=89.53s | TotalTime=4041.70s | Method=feddenoise
[Round 056/100] Acc=31.280 | Pure=70.011 | RoundTime=91.02s | TotalTime=4070.29s | Method=feddenoise
[Round 056/100] Acc=31.750 | Pure=70.318 | RoundTime=91.09s | TotalTime=4102.69s | Method=feddenoise
[Round 057/100] Acc=35.960 | Pure=72.115 | RoundTime=90.05s | TotalTime=4131.75s | Method=feddenoise
[Round 057/100] Acc=29.530 | Pure=70.005 | RoundTime=90.46s | TotalTime=4160.75s | Method=feddenoise
[Round 057/100] Acc=31.670 | Pure=71.782 | RoundTime=91.28s | TotalTime=4193.97s | Method=feddenoise
[Round 058/100] Acc=31.460 | Pure=71.219 | RoundTime=89.85s | TotalTime=4221.60s | Method=feddenoise
[Round 058/100] Acc=33.740 | Pure=69.990 | RoundTime=91.06s | TotalTime=4251.81s | Method=feddenoise
[Round 058/100] Acc=31.560 | Pure=71.711 | RoundTime=90.65s | TotalTime=4284.62s | Method=feddenoise
[Round 059/100] Acc=31.360 | Pure=70.417 | RoundTime=90.16s | TotalTime=4311.76s | Method=feddenoise
[Round 059/100] Acc=30.970 | Pure=70.006 | RoundTime=90.36s | TotalTime=4342.17s | Method=feddenoise
[Round 059/100] Acc=32.090 | Pure=71.145 | RoundTime=90.51s | TotalTime=4375.13s | Method=feddenoise
[Round 060/100] Acc=35.480 | Pure=71.213 | RoundTime=90.43s | TotalTime=4402.19s | Method=feddenoise
[Round 060/100] Acc=34.570 | Pure=70.004 | RoundTime=90.46s | TotalTime=4432.63s | Method=feddenoise
[Round 060/100] Acc=31.580 | Pure=71.874 | RoundTime=90.45s | TotalTime=4465.57s | Method=feddenoise
[Round 061/100] Acc=33.740 | Pure=72.315 | RoundTime=90.73s | TotalTime=4492.93s | Method=feddenoise
[Round 061/100] Acc=32.720 | Pure=69.978 | RoundTime=90.38s | TotalTime=4523.01s | Method=feddenoise
[Round 061/100] Acc=35.720 | Pure=71.521 | RoundTime=90.79s | TotalTime=4556.37s | Method=feddenoise
[Round 062/100] Acc=36.150 | Pure=71.680 | RoundTime=90.48s | TotalTime=4583.41s | Method=feddenoise
[Round 062/100] Acc=29.350 | Pure=70.003 | RoundTime=90.78s | TotalTime=4613.79s | Method=feddenoise
[Round 062/100] Acc=33.700 | Pure=71.544 | RoundTime=91.13s | TotalTime=4647.50s | Method=feddenoise
[Round 063/100] Acc=34.060 | Pure=72.978 | RoundTime=90.16s | TotalTime=4673.57s | Method=feddenoise
[Round 063/100] Acc=36.230 | Pure=69.995 | RoundTime=89.99s | TotalTime=4703.79s | Method=feddenoise
[Round 063/100] Acc=36.730 | Pure=71.635 | RoundTime=90.73s | TotalTime=4738.23s | Method=feddenoise
[Round 064/100] Acc=32.320 | Pure=72.197 | RoundTime=90.11s | TotalTime=4763.69s | Method=feddenoise
[Round 064/100] Acc=32.770 | Pure=70.016 | RoundTime=89.76s | TotalTime=4793.54s | Method=feddenoise
[Round 064/100] Acc=33.160 | Pure=71.325 | RoundTime=90.90s | TotalTime=4829.13s | Method=feddenoise
[Round 065/100] Acc=33.350 | Pure=73.483 | RoundTime=89.93s | TotalTime=4853.62s | Method=feddenoise
[Round 065/100] Acc=31.320 | Pure=69.996 | RoundTime=90.82s | TotalTime=4884.37s | Method=feddenoise
[Round 065/100] Acc=31.940 | Pure=70.923 | RoundTime=91.04s | TotalTime=4920.17s | Method=feddenoise
[Round 066/100] Acc=37.850 | Pure=72.797 | RoundTime=89.64s | TotalTime=4943.26s | Method=feddenoise
[Round 066/100] Acc=32.700 | Pure=69.995 | RoundTime=90.71s | TotalTime=4975.08s | Method=feddenoise
[Round 066/100] Acc=37.350 | Pure=71.899 | RoundTime=90.22s | TotalTime=5010.39s | Method=feddenoise
[Round 067/100] Acc=34.130 | Pure=71.202 | RoundTime=89.86s | TotalTime=5033.13s | Method=feddenoise
[Round 067/100] Acc=33.900 | Pure=70.008 | RoundTime=90.28s | TotalTime=5065.36s | Method=feddenoise
[Round 067/100] Acc=32.530 | Pure=71.344 | RoundTime=90.77s | TotalTime=5101.16s | Method=feddenoise
[Round 068/100] Acc=36.020 | Pure=71.262 | RoundTime=90.18s | TotalTime=5123.30s | Method=feddenoise
[Round 068/100] Acc=35.450 | Pure=70.024 | RoundTime=89.64s | TotalTime=5155.00s | Method=feddenoise
[Round 068/100] Acc=33.800 | Pure=71.071 | RoundTime=90.48s | TotalTime=5191.64s | Method=feddenoise
[Round 069/100] Acc=34.470 | Pure=72.341 | RoundTime=90.28s | TotalTime=5213.58s | Method=feddenoise
[Round 069/100] Acc=32.510 | Pure=69.981 | RoundTime=89.99s | TotalTime=5244.99s | Method=feddenoise
[Round 069/100] Acc=31.270 | Pure=71.990 | RoundTime=90.21s | TotalTime=5281.85s | Method=feddenoise
[Round 070/100] Acc=29.090 | Pure=71.628 | RoundTime=90.73s | TotalTime=5304.32s | Method=feddenoise
[Round 070/100] Acc=34.020 | Pure=69.986 | RoundTime=89.80s | TotalTime=5334.79s | Method=feddenoise
[Round 070/100] Acc=30.870 | Pure=72.101 | RoundTime=90.33s | TotalTime=5372.18s | Method=feddenoise
[Round 071/100] Acc=33.790 | Pure=71.265 | RoundTime=90.08s | TotalTime=5394.40s | Method=feddenoise
[Round 071/100] Acc=36.420 | Pure=70.012 | RoundTime=90.39s | TotalTime=5425.18s | Method=feddenoise
[Round 071/100] Acc=32.520 | Pure=71.515 | RoundTime=90.29s | TotalTime=5462.47s | Method=feddenoise
[Round 072/100] Acc=33.920 | Pure=70.521 | RoundTime=90.69s | TotalTime=5485.10s | Method=feddenoise
[Round 072/100] Acc=34.410 | Pure=69.991 | RoundTime=90.67s | TotalTime=5515.85s | Method=feddenoise
[Round 072/100] Acc=32.420 | Pure=72.680 | RoundTime=90.13s | TotalTime=5552.60s | Method=feddenoise
[Round 073/100] Acc=32.570 | Pure=70.903 | RoundTime=90.42s | TotalTime=5575.52s | Method=feddenoise
[Round 073/100] Acc=31.100 | Pure=70.018 | RoundTime=90.99s | TotalTime=5606.84s | Method=feddenoise
[Round 073/100] Acc=36.170 | Pure=69.858 | RoundTime=90.46s | TotalTime=5643.06s | Method=feddenoise
[Round 074/100] Acc=30.840 | Pure=71.259 | RoundTime=90.10s | TotalTime=5665.62s | Method=feddenoise
[Round 074/100] Acc=29.210 | Pure=70.011 | RoundTime=90.76s | TotalTime=5697.61s | Method=feddenoise
[Round 074/100] Acc=31.330 | Pure=70.477 | RoundTime=90.51s | TotalTime=5733.57s | Method=feddenoise
[Round 075/100] Acc=35.170 | Pure=71.364 | RoundTime=90.21s | TotalTime=5755.82s | Method=feddenoise
[Round 075/100] Acc=31.010 | Pure=69.981 | RoundTime=90.39s | TotalTime=5788.00s | Method=feddenoise
[Round 075/100] Acc=33.590 | Pure=72.293 | RoundTime=90.73s | TotalTime=5824.30s | Method=feddenoise
[Round 076/100] Acc=36.180 | Pure=71.589 | RoundTime=90.07s | TotalTime=5845.89s | Method=feddenoise
[Round 076/100] Acc=32.130 | Pure=70.013 | RoundTime=90.35s | TotalTime=5878.35s | Method=feddenoise
[Round 076/100] Acc=31.650 | Pure=70.390 | RoundTime=90.88s | TotalTime=5915.18s | Method=feddenoise
[Round 077/100] Acc=36.460 | Pure=70.706 | RoundTime=90.34s | TotalTime=5936.23s | Method=feddenoise
[Round 077/100] Acc=37.820 | Pure=70.001 | RoundTime=90.59s | TotalTime=5968.94s | Method=feddenoise
[Round 077/100] Acc=34.570 | Pure=71.156 | RoundTime=90.63s | TotalTime=6005.81s | Method=feddenoise
[Round 078/100] Acc=34.510 | Pure=71.359 | RoundTime=90.26s | TotalTime=6026.49s | Method=feddenoise
[Round 078/100] Acc=34.950 | Pure=70.006 | RoundTime=89.92s | TotalTime=6058.87s | Method=feddenoise
[Round 078/100] Acc=34.980 | Pure=70.729 | RoundTime=90.62s | TotalTime=6096.42s | Method=feddenoise
[Round 079/100] Acc=34.810 | Pure=70.561 | RoundTime=89.87s | TotalTime=6116.36s | Method=feddenoise
[Round 079/100] Acc=32.930 | Pure=70.009 | RoundTime=90.02s | TotalTime=6148.88s | Method=feddenoise
[Round 079/100] Acc=31.740 | Pure=70.922 | RoundTime=90.98s | TotalTime=6187.40s | Method=feddenoise
[Round 080/100] Acc=36.550 | Pure=70.438 | RoundTime=90.12s | TotalTime=6206.48s | Method=feddenoise
[Round 080/100] Acc=31.050 | Pure=69.973 | RoundTime=90.61s | TotalTime=6239.50s | Method=feddenoise
[Round 080/100] Acc=33.940 | Pure=71.525 | RoundTime=90.85s | TotalTime=6278.25s | Method=feddenoise
[Round 081/100] Acc=37.920 | Pure=71.124 | RoundTime=90.03s | TotalTime=6296.51s | Method=feddenoise
[Round 081/100] Acc=32.460 | Pure=70.017 | RoundTime=90.36s | TotalTime=6329.86s | Method=feddenoise
[Round 081/100] Acc=28.880 | Pure=70.408 | RoundTime=90.62s | TotalTime=6368.87s | Method=feddenoise
[Round 082/100] Acc=34.750 | Pure=72.826 | RoundTime=90.13s | TotalTime=6386.64s | Method=feddenoise
[Round 082/100] Acc=28.930 | Pure=70.008 | RoundTime=90.49s | TotalTime=6420.35s | Method=feddenoise
[Round 082/100] Acc=34.030 | Pure=71.348 | RoundTime=90.00s | TotalTime=6458.86s | Method=feddenoise
[Round 083/100] Acc=31.360 | Pure=72.645 | RoundTime=90.14s | TotalTime=6476.79s | Method=feddenoise
[Round 083/100] Acc=32.850 | Pure=70.000 | RoundTime=89.60s | TotalTime=6509.95s | Method=feddenoise
[Round 083/100] Acc=34.490 | Pure=70.589 | RoundTime=90.88s | TotalTime=6549.75s | Method=feddenoise
[Round 084/100] Acc=35.390 | Pure=71.983 | RoundTime=90.39s | TotalTime=6567.18s | Method=feddenoise
[Round 084/100] Acc=34.370 | Pure=69.982 | RoundTime=90.57s | TotalTime=6600.52s | Method=feddenoise
[Round 084/100] Acc=32.470 | Pure=70.896 | RoundTime=90.60s | TotalTime=6640.35s | Method=feddenoise
[Round 085/100] Acc=31.020 | Pure=73.093 | RoundTime=89.92s | TotalTime=6657.10s | Method=feddenoise
[Round 085/100] Acc=33.420 | Pure=70.014 | RoundTime=90.93s | TotalTime=6691.45s | Method=feddenoise
[Round 085/100] Acc=34.560 | Pure=70.861 | RoundTime=90.41s | TotalTime=6730.76s | Method=feddenoise
[Round 086/100] Acc=35.480 | Pure=72.284 | RoundTime=90.18s | TotalTime=6747.28s | Method=feddenoise
[Round 086/100] Acc=33.000 | Pure=70.013 | RoundTime=90.35s | TotalTime=6781.80s | Method=feddenoise
[Round 086/100] Acc=30.880 | Pure=71.376 | RoundTime=90.32s | TotalTime=6821.08s | Method=feddenoise
[Round 087/100] Acc=37.720 | Pure=72.158 | RoundTime=90.00s | TotalTime=6837.28s | Method=feddenoise
[Round 087/100] Acc=33.800 | Pure=70.022 | RoundTime=90.90s | TotalTime=6872.69s | Method=feddenoise
[Round 087/100] Acc=34.430 | Pure=71.177 | RoundTime=90.41s | TotalTime=6911.50s | Method=feddenoise
[Round 088/100] Acc=31.880 | Pure=73.795 | RoundTime=89.86s | TotalTime=6927.14s | Method=feddenoise
[Round 088/100] Acc=32.980 | Pure=70.003 | RoundTime=90.68s | TotalTime=6963.38s | Method=feddenoise
[Round 088/100] Acc=35.100 | Pure=70.430 | RoundTime=90.88s | TotalTime=7002.38s | Method=feddenoise
[Round 089/100] Acc=34.270 | Pure=72.886 | RoundTime=89.91s | TotalTime=7017.06s | Method=feddenoise
[Round 089/100] Acc=30.670 | Pure=69.966 | RoundTime=90.35s | TotalTime=7053.72s | Method=feddenoise
[Round 089/100] Acc=32.570 | Pure=71.431 | RoundTime=90.51s | TotalTime=7092.90s | Method=feddenoise
[Round 090/100] Acc=36.710 | Pure=72.096 | RoundTime=90.03s | TotalTime=7107.09s | Method=feddenoise
[Round 090/100] Acc=33.210 | Pure=70.006 | RoundTime=90.30s | TotalTime=7144.02s | Method=feddenoise
[Round 090/100] Acc=36.020 | Pure=70.701 | RoundTime=91.09s | TotalTime=7183.98s | Method=feddenoise
[Round 091/100] Acc=30.990 | Pure=71.740 | RoundTime=89.90s | TotalTime=7196.99s | Method=feddenoise
[Round 091/100] Acc=31.400 | Pure=69.988 | RoundTime=90.49s | TotalTime=7234.51s | Method=feddenoise
[Round 091/100] Acc=34.800 | Pure=70.023 | RoundTime=90.47s | TotalTime=7274.45s | Method=feddenoise
[Round 092/100] Acc=32.120 | Pure=70.797 | RoundTime=90.06s | TotalTime=7287.05s | Method=feddenoise
[Round 092/100] Acc=31.160 | Pure=69.978 | RoundTime=90.06s | TotalTime=7324.57s | Method=feddenoise
[Round 092/100] Acc=33.510 | Pure=72.830 | RoundTime=90.98s | TotalTime=7365.43s | Method=feddenoise
[Round 093/100] Acc=34.000 | Pure=72.925 | RoundTime=89.55s | TotalTime=7376.60s | Method=feddenoise
[Round 093/100] Acc=33.060 | Pure=69.986 | RoundTime=90.51s | TotalTime=7415.08s | Method=feddenoise
[Round 093/100] Acc=34.000 | Pure=70.788 | RoundTime=90.68s | TotalTime=7456.11s | Method=feddenoise
[Round 094/100] Acc=33.590 | Pure=71.180 | RoundTime=89.77s | TotalTime=7466.37s | Method=feddenoise
[Round 094/100] Acc=36.760 | Pure=69.990 | RoundTime=90.86s | TotalTime=7505.94s | Method=feddenoise
[Round 094/100] Acc=35.570 | Pure=70.471 | RoundTime=90.68s | TotalTime=7546.79s | Method=feddenoise
[Round 095/100] Acc=34.590 | Pure=70.856 | RoundTime=90.16s | TotalTime=7556.53s | Method=feddenoise
[Round 095/100] Acc=33.530 | Pure=69.994 | RoundTime=90.38s | TotalTime=7596.32s | Method=feddenoise
[Round 095/100] Acc=35.480 | Pure=70.820 | RoundTime=90.53s | TotalTime=7637.32s | Method=feddenoise
[Round 096/100] Acc=28.430 | Pure=72.083 | RoundTime=90.03s | TotalTime=7646.56s | Method=feddenoise
[Round 096/100] Acc=32.720 | Pure=70.003 | RoundTime=89.70s | TotalTime=7686.02s | Method=feddenoise
[Round 096/100] Acc=37.220 | Pure=71.359 | RoundTime=91.04s | TotalTime=7728.36s | Method=feddenoise
[Round 097/100] Acc=30.480 | Pure=72.780 | RoundTime=90.26s | TotalTime=7736.82s | Method=feddenoise
[Round 097/100] Acc=34.820 | Pure=70.016 | RoundTime=90.45s | TotalTime=7776.46s | Method=feddenoise
[Round 097/100] Acc=36.490 | Pure=71.346 | RoundTime=90.44s | TotalTime=7818.80s | Method=feddenoise
[Round 098/100] Acc=28.720 | Pure=71.358 | RoundTime=90.29s | TotalTime=7827.11s | Method=feddenoise
[Round 098/100] Acc=29.870 | Pure=69.992 | RoundTime=90.55s | TotalTime=7867.01s | Method=feddenoise
[Round 098/100] Acc=35.950 | Pure=72.136 | RoundTime=90.43s | TotalTime=7909.24s | Method=feddenoise
[Round 099/100] Acc=37.150 | Pure=71.078 | RoundTime=89.73s | TotalTime=7916.83s | Method=feddenoise
[Round 099/100] Acc=33.730 | Pure=69.993 | RoundTime=90.06s | TotalTime=7957.07s | Method=feddenoise
[Round 099/100] Acc=36.610 | Pure=71.423 | RoundTime=90.33s | TotalTime=7999.57s | Method=feddenoise
[Round 100/100] Acc=34.850 | Pure=72.968 | RoundTime=89.83s | TotalTime=8006.67s | Method=feddenoise
====================================================================================================
Training finished at: 2026-03-16 08:22:23
Total elapsed time: 8006.67s
Final Acc: 34.850
Best Acc : 37.920
Final Pure: 72.968
Best Pure : 75.063
====================================================================================================
[Round 100/100] Acc=29.420 | Pure=70.011 | RoundTime=78.70s | TotalTime=8035.77s | Method=feddenoise
====================================================================================================
Training finished at: 2026-03-16 08:22:53
Total elapsed time: 8035.77s
Final Acc: 29.420
Best Acc : 37.820
Final Pure: 70.011
Best Pure : 70.026
====================================================================================================
[Round 100/100] Acc=35.770 | Pure=71.041 | RoundTime=61.92s | TotalTime=8061.49s | Method=feddenoise
====================================================================================================
Training finished at: 2026-03-16 08:23:19
Total elapsed time: 8061.49s
Final Acc: 35.770
Best Acc : 37.920
Final Pure: 71.041
Best Pure : 73.856
====================================================================================================
