====================================================================================================
Training started at: 2026-03-30 01:24:31
Result directory: results/fl_cifar10/fedcda/pm-dir_a-0.1_nm-uni_nr-0.1_nt-symmetric_st-least_sim_dr-0.4
Result txt file : results/fl_cifar10/fedcda/pm-dir_a-0.1_nm-uni_nr-0.1_nt-symmetric_st-least_sim_dr-0.4/fedcda_fl_cifar10_20260330-012431-416561_pid1370112.txt
Result log file : results/fl_cifar10/fedcda/pm-dir_a-0.1_nm-uni_nr-0.1_nt-symmetric_st-least_sim_dr-0.4/fedcda_fl_cifar10_20260330-012431-416561_pid1370112.log
----------------------------------------------------------------------------------------------------
Model: fedcda
Dataset: fl_cifar10
Structure: homogeneity
Participants: 100
Online ratio: 0.1
Communication epochs: 100
Local epoch: 10
Local batch size: 64
Local lr: 0.01
Partition mode: dirichlet
Dirichlet alpha: 0.1
Noise mode: uniform
Noise rate: 0.1
Noise type: symmetric
Noise max: 0.3
Denoise score alpha: 0.5
Drop rate: 0.4
Denoise strategy: least_sim
FedProx mu: 0.01
FedRDN std: 0.01
FedCDA history size: NA
FedGLoSS beta: 0.01
Averaging: weight
Seed: 0
====================================================================================================
[Round 001/100] Acc=11.440 | RoundTime=22.92s | TotalTime=22.92s | Method=fedcda
[Round 002/100] Acc=12.510 | RoundTime=23.72s | TotalTime=46.64s | Method=fedcda
[Round 003/100] Acc=13.890 | RoundTime=23.95s | TotalTime=70.59s | Method=fedcda
[Round 004/100] Acc=17.750 | RoundTime=23.74s | TotalTime=94.33s | Method=fedcda
[Round 005/100] Acc=27.330 | RoundTime=24.36s | TotalTime=118.69s | Method=fedcda
[Round 006/100] Acc=30.800 | RoundTime=24.31s | TotalTime=143.00s | Method=fedcda
[Round 007/100] Acc=22.790 | RoundTime=24.58s | TotalTime=167.58s | Method=fedcda
[Round 008/100] Acc=25.020 | RoundTime=24.34s | TotalTime=191.93s | Method=fedcda
[Round 009/100] Acc=25.020 | RoundTime=24.34s | TotalTime=216.27s | Method=fedcda
[Round 010/100] Acc=27.890 | RoundTime=24.51s | TotalTime=240.78s | Method=fedcda
[Round 011/100] Acc=15.660 | RoundTime=26.13s | TotalTime=266.91s | Method=fedcda
[Round 012/100] Acc=25.380 | RoundTime=24.28s | TotalTime=291.18s | Method=fedcda
