====================================================================================================
Training started at: 2026-03-31 00:32:21
Result directory: results/fl_cifar10/fedcda/pm-dir_a-0.3_nm-uni_nr-0.3_nt-symmetric_st-least_sim_dr-0.3
Result txt file : results/fl_cifar10/fedcda/pm-dir_a-0.3_nm-uni_nr-0.3_nt-symmetric_st-least_sim_dr-0.3/fedcda_fl_cifar10_20260331-003221-416606_pid262805.txt
Result log file : results/fl_cifar10/fedcda/pm-dir_a-0.3_nm-uni_nr-0.3_nt-symmetric_st-least_sim_dr-0.3/fedcda_fl_cifar10_20260331-003221-416606_pid262805.log
----------------------------------------------------------------------------------------------------
Model: fedcda
Dataset: fl_cifar10
Structure: homogeneity
Participants: 100
Online ratio: 0.1
Communication epochs: 100
Local epoch: 10
Local batch size: 48
Local lr: 0.01
Partition mode: dirichlet
Dirichlet alpha: 0.3
Noise mode: uniform
Noise rate: 0.3
Noise type: symmetric
Noise max: 0.3
Denoise score alpha: 0.5
Drop rate: 0.3
Denoise strategy: least_sim
FedProx mu: 0.01
FedRDN std: 0.01
FedCDA history size: NA
FedGLoSS beta: 0.01
Averaging: weight
Seed: 0
====================================================================================================
[Round 001/100] Acc=10.000 | RoundTime=24.68s | TotalTime=24.68s | Method=fedcda
[Round 002/100] Acc=10.000 | RoundTime=23.87s | TotalTime=48.56s | Method=fedcda
[Round 003/100] Acc=18.750 | RoundTime=24.03s | TotalTime=72.59s | Method=fedcda
[Round 004/100] Acc=26.040 | RoundTime=24.07s | TotalTime=96.65s | Method=fedcda
[Round 005/100] Acc=23.970 | RoundTime=24.42s | TotalTime=121.07s | Method=fedcda
[Round 006/100] Acc=29.920 | RoundTime=24.09s | TotalTime=145.16s | Method=fedcda
[Round 007/100] Acc=30.130 | RoundTime=24.05s | TotalTime=169.21s | Method=fedcda
[Round 008/100] Acc=23.970 | RoundTime=24.56s | TotalTime=193.77s | Method=fedcda
[Round 009/100] Acc=36.670 | RoundTime=24.87s | TotalTime=218.63s | Method=fedcda
[Round 010/100] Acc=29.900 | RoundTime=24.71s | TotalTime=243.34s | Method=fedcda
[Round 011/100] Acc=31.550 | RoundTime=26.35s | TotalTime=269.69s | Method=fedcda
[Round 012/100] Acc=32.870 | RoundTime=24.75s | TotalTime=294.45s | Method=fedcda
